


ARM Macro Assembler    Page 1 


    1 00000000         ;/******************************************************
                       ********************/
    2 00000000         ;/*                                                     
                                          */
    3 00000000         ;/*       Copyright (c) Microsoft Corporation. All right
                       s reserved.        */
    4 00000000         ;/*                                                     
                                          */
    5 00000000         ;/*       This software is licensed under the Microsoft 
                       Software License   */
    6 00000000         ;/*       Terms for Microsoft Azure RTOS. Full text of t
                       he license can be  */
    7 00000000         ;/*       found in the LICENSE file at https://aka.ms/Az
                       ureRTOS_EULA       */
    8 00000000         ;/*       and in the root directory of this software.   
                                          */
    9 00000000         ;/*                                                     
                                          */
   10 00000000         ;/******************************************************
                       ********************/
   11 00000000         ;
   12 00000000         ;
   13 00000000         ;/******************************************************
                       ********************/
   14 00000000         ;/******************************************************
                       ********************/
   15 00000000         ;/**                                                    
                                          */
   16 00000000         ;/** ThreadX Component                                  
                                          */
   17 00000000         ;/**                                                    
                                          */
   18 00000000         ;/**   Thread                                           
                                          */
   19 00000000         ;/**                                                    
                                          */
   20 00000000         ;/******************************************************
                       ********************/
   21 00000000         ;/******************************************************
                       ********************/
   22 00000000         ;
   23 00000000         ;
   24 00000000                 IF               :DEF:TX_ENABLE_EXECUTION_CHANGE
_NOTIFY
   26                          ENDIF
   27 00000000         ;
   28 00000000         ;
   29 00000000                 AREA             ||.text||, CODE, READONLY
   30 00000000                 PRESERVE8
   31 00000000         ;/******************************************************
                       ********************/
   32 00000000         ;/*                                                     
                                          */
   33 00000000         ;/*  FUNCTION                                           
                           RELEASE        */
   34 00000000         ;/*                                                     
                                          */
   35 00000000         ;/*    _tx_thread_context_restore                       
                        Cortex-M4/AC5     */



ARM Macro Assembler    Page 2 


   36 00000000         ;/*                                                     
                             6.1          */
   37 00000000         ;/*  AUTHOR                                             
                                          */
   38 00000000         ;/*                                                     
                                          */
   39 00000000         ;/*    William E. Lamie, Microsoft Corporation          
                                          */
   40 00000000         ;/*                                                     
                                          */
   41 00000000         ;/*  DESCRIPTION                                        
                                          */
   42 00000000         ;/*                                                     
                                          */
   43 00000000         ;/*    This function is only needed for legacy applicati
                       ons and it should  */
   44 00000000         ;/*    not be called in any new development on a Cortex-
                       M.                 */
   45 00000000         ;/*    This function restores the interrupt context if i
                       t is processing a  */
   46 00000000         ;/*    nested interrupt.  If not, it returns to the inte
                       rrupt thread if no */
   47 00000000         ;/*    preemption is necessary.  Otherwise, if preemptio
                       n is necessary or  */
   48 00000000         ;/*    if no thread was running, the function returns to
                        the scheduler.    */
   49 00000000         ;/*                                                     
                                          */
   50 00000000         ;/*  INPUT                                              
                                          */
   51 00000000         ;/*                                                     
                                          */
   52 00000000         ;/*    None                                             
                                          */
   53 00000000         ;/*                                                     
                                          */
   54 00000000         ;/*  OUTPUT                                             
                                          */
   55 00000000         ;/*                                                     
                                          */
   56 00000000         ;/*    None                                             
                                          */
   57 00000000         ;/*                                                     
                                          */
   58 00000000         ;/*  CALLS                                              
                                          */
   59 00000000         ;/*                                                     
                                          */
   60 00000000         ;/*    _tx_thread_schedule                   Thread sche
                       duling routine     */
   61 00000000         ;/*                                                     
                                          */
   62 00000000         ;/*  CALLED BY                                          
                                          */
   63 00000000         ;/*                                                     
                                          */
   64 00000000         ;/*    ISRs                                  Interrupt S
                       ervice Routines    */
   65 00000000         ;/*                                                     



ARM Macro Assembler    Page 3 


                                          */
   66 00000000         ;/*  RELEASE HISTORY                                    
                                          */
   67 00000000         ;/*                                                     
                                          */
   68 00000000         ;/*    DATE              NAME                      DESCR
                       IPTION             */
   69 00000000         ;/*                                                     
                                          */
   70 00000000         ;/*  09-30-2020     William E. Lamie         Initial Ver
                       sion 6.1           */
   71 00000000         ;/*                                                     
                                          */
   72 00000000         ;/******************************************************
                       ********************/
   73 00000000         ;VOID   _tx_thread_context_restore(VOID)
   74 00000000         ;{
   75 00000000                 EXPORT           _tx_thread_context_restore
   76 00000000         _tx_thread_context_restore
   77 00000000                 IF               :DEF:TX_ENABLE_EXECUTION_CHANGE
_NOTIFY
   84                          ENDIF
   85 00000000         ;
   86 00000000 F85D EB04       POP              {lr}
   87 00000004 4770            BX               lr
   88 00000006         ;}
   89 00000006 00 00           ALIGN
   90 00000008                 LTORG
   91 00000008                 END
Command Line: --debug --xref --diag_suppress=9931 --cpu=Cortex-M4.fp --apcs=int
erwork --depend=universal_board_f407vet6\tx_thread_context_restore.d -ouniversa
l_board_f407vet6\tx_thread_context_restore.o -ID:\Laboratory_Data\Competition_m
aterials\robotac_2024\SDK\Tracked_vehicle\ThreadX_F4\MDK-ARM\RTE -I"C:\Program 
Files\software\MDK\ARM\CMSIS\5.0.1\CMSIS\Include" --predefine="__MICROLIB SETA 
1" --predefine="__UVISION_VERSION SETA 514" --predefine="_RTE_ SETA 1" --list=t
x_thread_context_restore.lst ..\port\src\tx_thread_context_restore.s



ARM Macro Assembler    Page 1 Alphabetic symbol ordering
Relocatable symbols

_tx_thread_context_restore 00000000

Symbol: _tx_thread_context_restore
   Definitions
      At line 76 in file ..\port\src\tx_thread_context_restore.s
   Uses
      At line 75 in file ..\port\src\tx_thread_context_restore.s
Comment: _tx_thread_context_restore used once
|.text| 00000000

Symbol: |.text|
   Definitions
      At line 29 in file ..\port\src\tx_thread_context_restore.s
   Uses
      None
Comment: |.text| unused
2 symbols
340 symbols in table
