ARM GAS  /tmp/cciUropT.s 			page 1


   1              		.cpu cortex-m4
   2              		.arch armv7e-m
   3              		.fpu fpv4-sp-d16
   4              		.eabi_attribute 27, 1
   5              		.eabi_attribute 28, 1
   6              		.eabi_attribute 20, 1
   7              		.eabi_attribute 21, 1
   8              		.eabi_attribute 23, 3
   9              		.eabi_attribute 24, 1
  10              		.eabi_attribute 25, 1
  11              		.eabi_attribute 26, 1
  12              		.eabi_attribute 30, 1
  13              		.eabi_attribute 34, 1
  14              		.eabi_attribute 18, 4
  15              		.file	"stm32f4xx_hal_timebase_tim.c"
  16              		.text
  17              	.Ltext0:
  18              		.cfi_sections	.debug_frame
  19              		.file 1 "./Core/Src/stm32f4xx_hal_timebase_tim.c"
  20              		.section	.text.HAL_InitTick,"ax",%progbits
  21              		.align	1
  22              		.global	HAL_InitTick
  23              		.syntax unified
  24              		.thumb
  25              		.thumb_func
  27              	HAL_InitTick:
  28              	.LVL0:
  29              	.LFB239:
   1:./Core/Src/stm32f4xx_hal_timebase_tim.c **** /* USER CODE BEGIN Header */
   2:./Core/Src/stm32f4xx_hal_timebase_tim.c **** /**
   3:./Core/Src/stm32f4xx_hal_timebase_tim.c ****   ******************************************************************************
   4:./Core/Src/stm32f4xx_hal_timebase_tim.c ****   * @file    stm32f4xx_hal_timebase_tim.c
   5:./Core/Src/stm32f4xx_hal_timebase_tim.c ****   * @brief   HAL time base based on the hardware TIM.
   6:./Core/Src/stm32f4xx_hal_timebase_tim.c ****   ******************************************************************************
   7:./Core/Src/stm32f4xx_hal_timebase_tim.c ****   * @attention
   8:./Core/Src/stm32f4xx_hal_timebase_tim.c ****   *
   9:./Core/Src/stm32f4xx_hal_timebase_tim.c ****   * Copyright (c) 2025 STMicroelectronics.
  10:./Core/Src/stm32f4xx_hal_timebase_tim.c ****   * All rights reserved.
  11:./Core/Src/stm32f4xx_hal_timebase_tim.c ****   *
  12:./Core/Src/stm32f4xx_hal_timebase_tim.c ****   * This software is licensed under terms that can be found in the LICENSE file
  13:./Core/Src/stm32f4xx_hal_timebase_tim.c ****   * in the root directory of this software component.
  14:./Core/Src/stm32f4xx_hal_timebase_tim.c ****   * If no LICENSE file comes with this software, it is provided AS-IS.
  15:./Core/Src/stm32f4xx_hal_timebase_tim.c ****   *
  16:./Core/Src/stm32f4xx_hal_timebase_tim.c ****   ******************************************************************************
  17:./Core/Src/stm32f4xx_hal_timebase_tim.c ****   */
  18:./Core/Src/stm32f4xx_hal_timebase_tim.c **** /* USER CODE END Header */
  19:./Core/Src/stm32f4xx_hal_timebase_tim.c **** 
  20:./Core/Src/stm32f4xx_hal_timebase_tim.c **** /* Includes ------------------------------------------------------------------*/
  21:./Core/Src/stm32f4xx_hal_timebase_tim.c **** #include "stm32f4xx_hal.h"
  22:./Core/Src/stm32f4xx_hal_timebase_tim.c **** #include "stm32f4xx_hal_tim.h"
  23:./Core/Src/stm32f4xx_hal_timebase_tim.c **** 
  24:./Core/Src/stm32f4xx_hal_timebase_tim.c **** /* Private typedef -----------------------------------------------------------*/
  25:./Core/Src/stm32f4xx_hal_timebase_tim.c **** /* Private define ------------------------------------------------------------*/
  26:./Core/Src/stm32f4xx_hal_timebase_tim.c **** /* Private macro -------------------------------------------------------------*/
  27:./Core/Src/stm32f4xx_hal_timebase_tim.c **** /* Private variables ---------------------------------------------------------*/
  28:./Core/Src/stm32f4xx_hal_timebase_tim.c **** TIM_HandleTypeDef        htim13;
  29:./Core/Src/stm32f4xx_hal_timebase_tim.c **** /* Private function prototypes -----------------------------------------------*/
ARM GAS  /tmp/cciUropT.s 			page 2


  30:./Core/Src/stm32f4xx_hal_timebase_tim.c **** /* Private functions ---------------------------------------------------------*/
  31:./Core/Src/stm32f4xx_hal_timebase_tim.c **** 
  32:./Core/Src/stm32f4xx_hal_timebase_tim.c **** /**
  33:./Core/Src/stm32f4xx_hal_timebase_tim.c ****   * @brief  This function configures the TIM13 as a time base source.
  34:./Core/Src/stm32f4xx_hal_timebase_tim.c ****   *         The time source is configured  to have 1ms time base with a dedicated
  35:./Core/Src/stm32f4xx_hal_timebase_tim.c ****   *         Tick interrupt priority.
  36:./Core/Src/stm32f4xx_hal_timebase_tim.c ****   * @note   This function is called  automatically at the beginning of program after
  37:./Core/Src/stm32f4xx_hal_timebase_tim.c ****   *         reset by HAL_Init() or at any time when clock is configured, by HAL_RCC_ClockConfig().
  38:./Core/Src/stm32f4xx_hal_timebase_tim.c ****   * @param  TickPriority: Tick interrupt priority.
  39:./Core/Src/stm32f4xx_hal_timebase_tim.c ****   * @retval HAL status
  40:./Core/Src/stm32f4xx_hal_timebase_tim.c ****   */
  41:./Core/Src/stm32f4xx_hal_timebase_tim.c **** HAL_StatusTypeDef HAL_InitTick(uint32_t TickPriority)
  42:./Core/Src/stm32f4xx_hal_timebase_tim.c **** {
  30              		.loc 1 42 1 view -0
  31              		.cfi_startproc
  32              		@ args = 0, pretend = 0, frame = 32
  33              		@ frame_needed = 0, uses_anonymous_args = 0
  34              		.loc 1 42 1 is_stmt 0 view .LVU1
  35 0000 30B5     		push	{r4, r5, lr}
  36              	.LCFI0:
  37              		.cfi_def_cfa_offset 12
  38              		.cfi_offset 4, -12
  39              		.cfi_offset 5, -8
  40              		.cfi_offset 14, -4
  41 0002 89B0     		sub	sp, sp, #36
  42              	.LCFI1:
  43              		.cfi_def_cfa_offset 48
  44 0004 0446     		mov	r4, r0
  43:./Core/Src/stm32f4xx_hal_timebase_tim.c ****   RCC_ClkInitTypeDef    clkconfig;
  45              		.loc 1 43 3 is_stmt 1 view .LVU2
  44:./Core/Src/stm32f4xx_hal_timebase_tim.c ****   uint32_t              uwTimclock, uwAPB1Prescaler = 0U;
  46              		.loc 1 44 3 view .LVU3
  47              	.LVL1:
  45:./Core/Src/stm32f4xx_hal_timebase_tim.c **** 
  46:./Core/Src/stm32f4xx_hal_timebase_tim.c ****   uint32_t              uwPrescalerValue = 0U;
  48              		.loc 1 46 3 view .LVU4
  47:./Core/Src/stm32f4xx_hal_timebase_tim.c ****   uint32_t              pFLatency;
  49              		.loc 1 47 3 view .LVU5
  48:./Core/Src/stm32f4xx_hal_timebase_tim.c **** 
  49:./Core/Src/stm32f4xx_hal_timebase_tim.c ****   HAL_StatusTypeDef     status;
  50              		.loc 1 49 3 view .LVU6
  50:./Core/Src/stm32f4xx_hal_timebase_tim.c **** 
  51:./Core/Src/stm32f4xx_hal_timebase_tim.c ****   /* Enable TIM13 clock */
  52:./Core/Src/stm32f4xx_hal_timebase_tim.c ****   __HAL_RCC_TIM13_CLK_ENABLE();
  51              		.loc 1 52 3 view .LVU7
  52              	.LBB2:
  53              		.loc 1 52 3 view .LVU8
  54 0006 0023     		movs	r3, #0
  55 0008 0193     		str	r3, [sp, #4]
  56              		.loc 1 52 3 view .LVU9
  57 000a 214B     		ldr	r3, .L9
  58 000c 1A6C     		ldr	r2, [r3, #64]
  59 000e 42F08002 		orr	r2, r2, #128
  60 0012 1A64     		str	r2, [r3, #64]
  61              		.loc 1 52 3 view .LVU10
  62 0014 1B6C     		ldr	r3, [r3, #64]
  63 0016 03F08003 		and	r3, r3, #128
ARM GAS  /tmp/cciUropT.s 			page 3


  64 001a 0193     		str	r3, [sp, #4]
  65              		.loc 1 52 3 view .LVU11
  66 001c 019B     		ldr	r3, [sp, #4]
  67              	.LBE2:
  68              		.loc 1 52 3 view .LVU12
  53:./Core/Src/stm32f4xx_hal_timebase_tim.c **** 
  54:./Core/Src/stm32f4xx_hal_timebase_tim.c ****   /* Get clock configuration */
  55:./Core/Src/stm32f4xx_hal_timebase_tim.c ****   HAL_RCC_GetClockConfig(&clkconfig, &pFLatency);
  69              		.loc 1 55 3 view .LVU13
  70 001e 02A9     		add	r1, sp, #8
  71 0020 03A8     		add	r0, sp, #12
  72              	.LVL2:
  73              		.loc 1 55 3 is_stmt 0 view .LVU14
  74 0022 FFF7FEFF 		bl	HAL_RCC_GetClockConfig
  75              	.LVL3:
  56:./Core/Src/stm32f4xx_hal_timebase_tim.c **** 
  57:./Core/Src/stm32f4xx_hal_timebase_tim.c ****   /* Get APB1 prescaler */
  58:./Core/Src/stm32f4xx_hal_timebase_tim.c ****   uwAPB1Prescaler = clkconfig.APB1CLKDivider;
  76              		.loc 1 58 3 is_stmt 1 view .LVU15
  77              		.loc 1 58 19 is_stmt 0 view .LVU16
  78 0026 069B     		ldr	r3, [sp, #24]
  79              	.LVL4:
  59:./Core/Src/stm32f4xx_hal_timebase_tim.c ****   /* Compute TIM13 clock */
  60:./Core/Src/stm32f4xx_hal_timebase_tim.c ****   if (uwAPB1Prescaler == RCC_HCLK_DIV1)
  80              		.loc 1 60 3 is_stmt 1 view .LVU17
  81              		.loc 1 60 6 is_stmt 0 view .LVU18
  82 0028 CBB9     		cbnz	r3, .L2
  61:./Core/Src/stm32f4xx_hal_timebase_tim.c ****   {
  62:./Core/Src/stm32f4xx_hal_timebase_tim.c ****     uwTimclock = HAL_RCC_GetPCLK1Freq();
  83              		.loc 1 62 5 is_stmt 1 view .LVU19
  84              		.loc 1 62 18 is_stmt 0 view .LVU20
  85 002a FFF7FEFF 		bl	HAL_RCC_GetPCLK1Freq
  86              	.LVL5:
  87              		.loc 1 62 18 view .LVU21
  88 002e 0346     		mov	r3, r0
  89              	.LVL6:
  90              	.L3:
  63:./Core/Src/stm32f4xx_hal_timebase_tim.c ****   }
  64:./Core/Src/stm32f4xx_hal_timebase_tim.c ****   else
  65:./Core/Src/stm32f4xx_hal_timebase_tim.c ****   {
  66:./Core/Src/stm32f4xx_hal_timebase_tim.c ****     uwTimclock = 2UL * HAL_RCC_GetPCLK1Freq();
  67:./Core/Src/stm32f4xx_hal_timebase_tim.c ****   }
  68:./Core/Src/stm32f4xx_hal_timebase_tim.c **** 
  69:./Core/Src/stm32f4xx_hal_timebase_tim.c ****   /* Compute the prescaler value to have TIM13 counter clock equal to 1MHz */
  70:./Core/Src/stm32f4xx_hal_timebase_tim.c ****   uwPrescalerValue = (uint32_t) ((uwTimclock / 1000000U) - 1U);
  91              		.loc 1 70 3 is_stmt 1 view .LVU22
  92              		.loc 1 70 46 is_stmt 0 view .LVU23
  93 0030 184A     		ldr	r2, .L9+4
  94 0032 A2FB0323 		umull	r2, r3, r2, r3
  95              	.LVL7:
  96              		.loc 1 70 46 view .LVU24
  97 0036 9B0C     		lsrs	r3, r3, #18
  98              		.loc 1 70 20 view .LVU25
  99 0038 013B     		subs	r3, r3, #1
 100              	.LVL8:
  71:./Core/Src/stm32f4xx_hal_timebase_tim.c **** 
  72:./Core/Src/stm32f4xx_hal_timebase_tim.c ****   /* Initialize TIM13 */
ARM GAS  /tmp/cciUropT.s 			page 4


  73:./Core/Src/stm32f4xx_hal_timebase_tim.c ****   htim13.Instance = TIM13;
 101              		.loc 1 73 3 is_stmt 1 view .LVU26
 102              		.loc 1 73 19 is_stmt 0 view .LVU27
 103 003a 1748     		ldr	r0, .L9+8
 104 003c 174A     		ldr	r2, .L9+12
 105 003e 0260     		str	r2, [r0]
  74:./Core/Src/stm32f4xx_hal_timebase_tim.c **** 
  75:./Core/Src/stm32f4xx_hal_timebase_tim.c ****   /* Initialize TIMx peripheral as follow:
  76:./Core/Src/stm32f4xx_hal_timebase_tim.c ****    * Period = [(TIM13CLK/1000) - 1]. to have a (1/1000) s time base.
  77:./Core/Src/stm32f4xx_hal_timebase_tim.c ****    * Prescaler = (uwTimclock/1000000 - 1) to have a 1MHz counter clock.
  78:./Core/Src/stm32f4xx_hal_timebase_tim.c ****    * ClockDivision = 0
  79:./Core/Src/stm32f4xx_hal_timebase_tim.c ****    * Counter direction = Up
  80:./Core/Src/stm32f4xx_hal_timebase_tim.c ****    */
  81:./Core/Src/stm32f4xx_hal_timebase_tim.c ****   htim13.Init.Period = (1000000U / 1000U) - 1U;
 106              		.loc 1 81 3 is_stmt 1 view .LVU28
 107              		.loc 1 81 22 is_stmt 0 view .LVU29
 108 0040 40F2E732 		movw	r2, #999
 109 0044 C260     		str	r2, [r0, #12]
  82:./Core/Src/stm32f4xx_hal_timebase_tim.c ****   htim13.Init.Prescaler = uwPrescalerValue;
 110              		.loc 1 82 3 is_stmt 1 view .LVU30
 111              		.loc 1 82 25 is_stmt 0 view .LVU31
 112 0046 4360     		str	r3, [r0, #4]
  83:./Core/Src/stm32f4xx_hal_timebase_tim.c ****   htim13.Init.ClockDivision = 0;
 113              		.loc 1 83 3 is_stmt 1 view .LVU32
 114              		.loc 1 83 29 is_stmt 0 view .LVU33
 115 0048 0023     		movs	r3, #0
 116              	.LVL9:
 117              		.loc 1 83 29 view .LVU34
 118 004a 0361     		str	r3, [r0, #16]
  84:./Core/Src/stm32f4xx_hal_timebase_tim.c ****   htim13.Init.CounterMode = TIM_COUNTERMODE_UP;
 119              		.loc 1 84 3 is_stmt 1 view .LVU35
 120              		.loc 1 84 27 is_stmt 0 view .LVU36
 121 004c 8360     		str	r3, [r0, #8]
  85:./Core/Src/stm32f4xx_hal_timebase_tim.c ****   htim13.Init.AutoReloadPreload = TIM_AUTORELOAD_PRELOAD_DISABLE;
 122              		.loc 1 85 3 is_stmt 1 view .LVU37
 123              		.loc 1 85 33 is_stmt 0 view .LVU38
 124 004e 8361     		str	r3, [r0, #24]
  86:./Core/Src/stm32f4xx_hal_timebase_tim.c **** 
  87:./Core/Src/stm32f4xx_hal_timebase_tim.c ****   status = HAL_TIM_Base_Init(&htim13);
 125              		.loc 1 87 3 is_stmt 1 view .LVU39
 126              		.loc 1 87 12 is_stmt 0 view .LVU40
 127 0050 FFF7FEFF 		bl	HAL_TIM_Base_Init
 128              	.LVL10:
  88:./Core/Src/stm32f4xx_hal_timebase_tim.c ****   if (status == HAL_OK)
 129              		.loc 1 88 3 is_stmt 1 view .LVU41
 130              		.loc 1 88 6 is_stmt 0 view .LVU42
 131 0054 0546     		mov	r5, r0
 132 0056 30B1     		cbz	r0, .L7
 133              	.LVL11:
 134              	.L4:
  89:./Core/Src/stm32f4xx_hal_timebase_tim.c ****   {
  90:./Core/Src/stm32f4xx_hal_timebase_tim.c ****     /* Start the TIM time Base generation in interrupt mode */
  91:./Core/Src/stm32f4xx_hal_timebase_tim.c ****     status = HAL_TIM_Base_Start_IT(&htim13);
  92:./Core/Src/stm32f4xx_hal_timebase_tim.c ****     if (status == HAL_OK)
  93:./Core/Src/stm32f4xx_hal_timebase_tim.c ****     {
  94:./Core/Src/stm32f4xx_hal_timebase_tim.c ****     /* Enable the TIM13 global Interrupt */
  95:./Core/Src/stm32f4xx_hal_timebase_tim.c ****         HAL_NVIC_EnableIRQ(TIM8_UP_TIM13_IRQn);
ARM GAS  /tmp/cciUropT.s 			page 5


  96:./Core/Src/stm32f4xx_hal_timebase_tim.c ****       /* Configure the SysTick IRQ priority */
  97:./Core/Src/stm32f4xx_hal_timebase_tim.c ****       if (TickPriority < (1UL << __NVIC_PRIO_BITS))
  98:./Core/Src/stm32f4xx_hal_timebase_tim.c ****       {
  99:./Core/Src/stm32f4xx_hal_timebase_tim.c ****         /* Configure the TIM IRQ priority */
 100:./Core/Src/stm32f4xx_hal_timebase_tim.c ****         HAL_NVIC_SetPriority(TIM8_UP_TIM13_IRQn, TickPriority, 0U);
 101:./Core/Src/stm32f4xx_hal_timebase_tim.c ****         uwTickPrio = TickPriority;
 102:./Core/Src/stm32f4xx_hal_timebase_tim.c ****       }
 103:./Core/Src/stm32f4xx_hal_timebase_tim.c ****       else
 104:./Core/Src/stm32f4xx_hal_timebase_tim.c ****       {
 105:./Core/Src/stm32f4xx_hal_timebase_tim.c ****         status = HAL_ERROR;
 106:./Core/Src/stm32f4xx_hal_timebase_tim.c ****       }
 107:./Core/Src/stm32f4xx_hal_timebase_tim.c ****     }
 108:./Core/Src/stm32f4xx_hal_timebase_tim.c ****   }
 109:./Core/Src/stm32f4xx_hal_timebase_tim.c **** 
 110:./Core/Src/stm32f4xx_hal_timebase_tim.c ****  /* Return function status */
 111:./Core/Src/stm32f4xx_hal_timebase_tim.c ****   return status;
 135              		.loc 1 111 3 is_stmt 1 view .LVU43
 112:./Core/Src/stm32f4xx_hal_timebase_tim.c **** }
 136              		.loc 1 112 1 is_stmt 0 view .LVU44
 137 0058 2846     		mov	r0, r5
 138 005a 09B0     		add	sp, sp, #36
 139              	.LCFI2:
 140              		.cfi_remember_state
 141              		.cfi_def_cfa_offset 12
 142              		@ sp needed
 143 005c 30BD     		pop	{r4, r5, pc}
 144              	.LVL12:
 145              	.L2:
 146              	.LCFI3:
 147              		.cfi_restore_state
  66:./Core/Src/stm32f4xx_hal_timebase_tim.c ****   }
 148              		.loc 1 66 5 is_stmt 1 view .LVU45
  66:./Core/Src/stm32f4xx_hal_timebase_tim.c ****   }
 149              		.loc 1 66 24 is_stmt 0 view .LVU46
 150 005e FFF7FEFF 		bl	HAL_RCC_GetPCLK1Freq
 151              	.LVL13:
  66:./Core/Src/stm32f4xx_hal_timebase_tim.c ****   }
 152              		.loc 1 66 16 discriminator 1 view .LVU47
 153 0062 4300     		lsls	r3, r0, #1
 154              	.LVL14:
  66:./Core/Src/stm32f4xx_hal_timebase_tim.c ****   }
 155              		.loc 1 66 16 discriminator 1 view .LVU48
 156 0064 E4E7     		b	.L3
 157              	.LVL15:
 158              	.L7:
  91:./Core/Src/stm32f4xx_hal_timebase_tim.c ****     if (status == HAL_OK)
 159              		.loc 1 91 5 is_stmt 1 view .LVU49
  91:./Core/Src/stm32f4xx_hal_timebase_tim.c ****     if (status == HAL_OK)
 160              		.loc 1 91 14 is_stmt 0 view .LVU50
 161 0066 0C48     		ldr	r0, .L9+8
 162              	.LVL16:
  91:./Core/Src/stm32f4xx_hal_timebase_tim.c ****     if (status == HAL_OK)
 163              		.loc 1 91 14 view .LVU51
 164 0068 FFF7FEFF 		bl	HAL_TIM_Base_Start_IT
 165              	.LVL17:
  92:./Core/Src/stm32f4xx_hal_timebase_tim.c ****     {
 166              		.loc 1 92 5 is_stmt 1 view .LVU52
ARM GAS  /tmp/cciUropT.s 			page 6


  92:./Core/Src/stm32f4xx_hal_timebase_tim.c ****     {
 167              		.loc 1 92 8 is_stmt 0 view .LVU53
 168 006c 0546     		mov	r5, r0
 169 006e 0028     		cmp	r0, #0
 170 0070 F2D1     		bne	.L4
  95:./Core/Src/stm32f4xx_hal_timebase_tim.c ****       /* Configure the SysTick IRQ priority */
 171              		.loc 1 95 9 is_stmt 1 view .LVU54
 172 0072 2C20     		movs	r0, #44
 173              	.LVL18:
  95:./Core/Src/stm32f4xx_hal_timebase_tim.c ****       /* Configure the SysTick IRQ priority */
 174              		.loc 1 95 9 is_stmt 0 view .LVU55
 175 0074 FFF7FEFF 		bl	HAL_NVIC_EnableIRQ
 176              	.LVL19:
  97:./Core/Src/stm32f4xx_hal_timebase_tim.c ****       {
 177              		.loc 1 97 7 is_stmt 1 view .LVU56
  97:./Core/Src/stm32f4xx_hal_timebase_tim.c ****       {
 178              		.loc 1 97 10 is_stmt 0 view .LVU57
 179 0078 0F2C     		cmp	r4, #15
 180 007a 01D9     		bls	.L8
 105:./Core/Src/stm32f4xx_hal_timebase_tim.c ****       }
 181              		.loc 1 105 16 view .LVU58
 182 007c 0125     		movs	r5, #1
 183              	.LVL20:
 105:./Core/Src/stm32f4xx_hal_timebase_tim.c ****       }
 184              		.loc 1 105 16 view .LVU59
 185 007e EBE7     		b	.L4
 186              	.LVL21:
 187              	.L8:
 100:./Core/Src/stm32f4xx_hal_timebase_tim.c ****         uwTickPrio = TickPriority;
 188              		.loc 1 100 9 is_stmt 1 view .LVU60
 189 0080 0022     		movs	r2, #0
 190 0082 2146     		mov	r1, r4
 191 0084 2C20     		movs	r0, #44
 192 0086 FFF7FEFF 		bl	HAL_NVIC_SetPriority
 193              	.LVL22:
 101:./Core/Src/stm32f4xx_hal_timebase_tim.c ****       }
 194              		.loc 1 101 9 view .LVU61
 101:./Core/Src/stm32f4xx_hal_timebase_tim.c ****       }
 195              		.loc 1 101 20 is_stmt 0 view .LVU62
 196 008a 054B     		ldr	r3, .L9+16
 197 008c 1C60     		str	r4, [r3]
 198 008e E3E7     		b	.L4
 199              	.L10:
 200              		.align	2
 201              	.L9:
 202 0090 00380240 		.word	1073887232
 203 0094 83DE1B43 		.word	1125899907
 204 0098 00000000 		.word	htim13
 205 009c 001C0040 		.word	1073748992
 206 00a0 00000000 		.word	uwTickPrio
 207              		.cfi_endproc
 208              	.LFE239:
 210              		.section	.text.HAL_SuspendTick,"ax",%progbits
 211              		.align	1
 212              		.global	HAL_SuspendTick
 213              		.syntax unified
 214              		.thumb
ARM GAS  /tmp/cciUropT.s 			page 7


 215              		.thumb_func
 217              	HAL_SuspendTick:
 218              	.LFB240:
 113:./Core/Src/stm32f4xx_hal_timebase_tim.c **** 
 114:./Core/Src/stm32f4xx_hal_timebase_tim.c **** /**
 115:./Core/Src/stm32f4xx_hal_timebase_tim.c ****   * @brief  Suspend Tick increment.
 116:./Core/Src/stm32f4xx_hal_timebase_tim.c ****   * @note   Disable the tick increment by disabling TIM13 update interrupt.
 117:./Core/Src/stm32f4xx_hal_timebase_tim.c ****   * @param  None
 118:./Core/Src/stm32f4xx_hal_timebase_tim.c ****   * @retval None
 119:./Core/Src/stm32f4xx_hal_timebase_tim.c ****   */
 120:./Core/Src/stm32f4xx_hal_timebase_tim.c **** void HAL_SuspendTick(void)
 121:./Core/Src/stm32f4xx_hal_timebase_tim.c **** {
 219              		.loc 1 121 1 is_stmt 1 view -0
 220              		.cfi_startproc
 221              		@ args = 0, pretend = 0, frame = 0
 222              		@ frame_needed = 0, uses_anonymous_args = 0
 223              		@ link register save eliminated.
 122:./Core/Src/stm32f4xx_hal_timebase_tim.c ****   /* Disable TIM13 update Interrupt */
 123:./Core/Src/stm32f4xx_hal_timebase_tim.c ****   __HAL_TIM_DISABLE_IT(&htim13, TIM_IT_UPDATE);
 224              		.loc 1 123 3 view .LVU64
 225 0000 034B     		ldr	r3, .L12
 226 0002 1A68     		ldr	r2, [r3]
 227 0004 D368     		ldr	r3, [r2, #12]
 228 0006 23F00103 		bic	r3, r3, #1
 229 000a D360     		str	r3, [r2, #12]
 124:./Core/Src/stm32f4xx_hal_timebase_tim.c **** }
 230              		.loc 1 124 1 is_stmt 0 view .LVU65
 231 000c 7047     		bx	lr
 232              	.L13:
 233 000e 00BF     		.align	2
 234              	.L12:
 235 0010 00000000 		.word	htim13
 236              		.cfi_endproc
 237              	.LFE240:
 239              		.section	.text.HAL_ResumeTick,"ax",%progbits
 240              		.align	1
 241              		.global	HAL_ResumeTick
 242              		.syntax unified
 243              		.thumb
 244              		.thumb_func
 246              	HAL_ResumeTick:
 247              	.LFB241:
 125:./Core/Src/stm32f4xx_hal_timebase_tim.c **** 
 126:./Core/Src/stm32f4xx_hal_timebase_tim.c **** /**
 127:./Core/Src/stm32f4xx_hal_timebase_tim.c ****   * @brief  Resume Tick increment.
 128:./Core/Src/stm32f4xx_hal_timebase_tim.c ****   * @note   Enable the tick increment by Enabling TIM13 update interrupt.
 129:./Core/Src/stm32f4xx_hal_timebase_tim.c ****   * @param  None
 130:./Core/Src/stm32f4xx_hal_timebase_tim.c ****   * @retval None
 131:./Core/Src/stm32f4xx_hal_timebase_tim.c ****   */
 132:./Core/Src/stm32f4xx_hal_timebase_tim.c **** void HAL_ResumeTick(void)
 133:./Core/Src/stm32f4xx_hal_timebase_tim.c **** {
 248              		.loc 1 133 1 is_stmt 1 view -0
 249              		.cfi_startproc
 250              		@ args = 0, pretend = 0, frame = 0
 251              		@ frame_needed = 0, uses_anonymous_args = 0
 252              		@ link register save eliminated.
 134:./Core/Src/stm32f4xx_hal_timebase_tim.c ****   /* Enable TIM13 Update interrupt */
ARM GAS  /tmp/cciUropT.s 			page 8


 135:./Core/Src/stm32f4xx_hal_timebase_tim.c ****   __HAL_TIM_ENABLE_IT(&htim13, TIM_IT_UPDATE);
 253              		.loc 1 135 3 view .LVU67
 254 0000 034B     		ldr	r3, .L15
 255 0002 1A68     		ldr	r2, [r3]
 256 0004 D368     		ldr	r3, [r2, #12]
 257 0006 43F00103 		orr	r3, r3, #1
 258 000a D360     		str	r3, [r2, #12]
 136:./Core/Src/stm32f4xx_hal_timebase_tim.c **** }
 259              		.loc 1 136 1 is_stmt 0 view .LVU68
 260 000c 7047     		bx	lr
 261              	.L16:
 262 000e 00BF     		.align	2
 263              	.L15:
 264 0010 00000000 		.word	htim13
 265              		.cfi_endproc
 266              	.LFE241:
 268              		.global	htim13
 269              		.section	.bss.htim13,"aw",%nobits
 270              		.align	2
 273              	htim13:
 274 0000 00000000 		.space	72
 274      00000000 
 274      00000000 
 274      00000000 
 274      00000000 
 275              		.text
 276              	.Letext0:
 277              		.file 2 "./Drivers/CMSIS/Device/ST/STM32F4xx/Include/stm32f407xx.h"
 278              		.file 3 "/usr/lib/gcc/arm-none-eabi/13.2.1/include/stdint.h"
 279              		.file 4 "./Drivers/STM32F4xx_HAL_Driver/Inc/stm32f4xx_hal_def.h"
 280              		.file 5 "./Drivers/STM32F4xx_HAL_Driver/Inc/stm32f4xx_hal_rcc.h"
 281              		.file 6 "./Drivers/STM32F4xx_HAL_Driver/Inc/stm32f4xx_hal_dma.h"
 282              		.file 7 "./Drivers/STM32F4xx_HAL_Driver/Inc/stm32f4xx_hal_tim.h"
 283              		.file 8 "./Drivers/STM32F4xx_HAL_Driver/Inc/stm32f4xx_hal.h"
 284              		.file 9 "./Drivers/STM32F4xx_HAL_Driver/Inc/stm32f4xx_hal_cortex.h"
ARM GAS  /tmp/cciUropT.s 			page 9


DEFINED SYMBOLS
                            *ABS*:00000000 stm32f4xx_hal_timebase_tim.c
     /tmp/cciUropT.s:21     .text.HAL_InitTick:00000000 $t
     /tmp/cciUropT.s:27     .text.HAL_InitTick:00000000 HAL_InitTick
     /tmp/cciUropT.s:202    .text.HAL_InitTick:00000090 $d
     /tmp/cciUropT.s:273    .bss.htim13:00000000 htim13
     /tmp/cciUropT.s:211    .text.HAL_SuspendTick:00000000 $t
     /tmp/cciUropT.s:217    .text.HAL_SuspendTick:00000000 HAL_SuspendTick
     /tmp/cciUropT.s:235    .text.HAL_SuspendTick:00000010 $d
     /tmp/cciUropT.s:240    .text.HAL_ResumeTick:00000000 $t
     /tmp/cciUropT.s:246    .text.HAL_ResumeTick:00000000 HAL_ResumeTick
     /tmp/cciUropT.s:264    .text.HAL_ResumeTick:00000010 $d
     /tmp/cciUropT.s:270    .bss.htim13:00000000 $d

UNDEFINED SYMBOLS
HAL_RCC_GetClockConfig
HAL_RCC_GetPCLK1Freq
HAL_TIM_Base_Init
HAL_TIM_Base_Start_IT
HAL_NVIC_EnableIRQ
HAL_NVIC_SetPriority
uwTickPrio
