ARM GAS  /tmp/ccHPzwh1.s 			page 1


   1              		.cpu cortex-m4
   2              		.arch armv7e-m
   3              		.fpu fpv4-sp-d16
   4              		.eabi_attribute 27, 1
   5              		.eabi_attribute 28, 1
   6              		.eabi_attribute 20, 1
   7              		.eabi_attribute 21, 1
   8              		.eabi_attribute 23, 3
   9              		.eabi_attribute 24, 1
  10              		.eabi_attribute 25, 1
  11              		.eabi_attribute 26, 1
  12              		.eabi_attribute 30, 1
  13              		.eabi_attribute 34, 1
  14              		.eabi_attribute 18, 4
  15              		.file	"user_main.c"
  16              		.text
  17              	.Ltext0:
  18              		.cfi_sections	.debug_frame
  19              		.file 1 "./app/src/user_main.c"
  20              		.section	.text.FOC_Process,"ax",%progbits
  21              		.align	1
  22              		.global	FOC_Process
  23              		.syntax unified
  24              		.thumb
  25              		.thumb_func
  27              	FOC_Process:
  28              	.LVL0:
  29              	.LFB243:
   1:./app/src/user_main.c **** #include "user_main.h"
   2:./app/src/user_main.c **** 
   3:./app/src/user_main.c **** #include "stdio.h"
   4:./app/src/user_main.c **** 
   5:./app/src/user_main.c **** #include "user_api.h"
   6:./app/src/user_main.c **** #include "led.h"
   7:./app/src/user_main.c **** #include "ts_foc.h"
   8:./app/src/user_main.c **** #include "as5600.h"
   9:./app/src/user_main.c **** #include "inlinecurrent.h"
  10:./app/src/user_main.c **** #include "pid.h"
  11:./app/src/user_main.c **** #include "lowpass_filter.h"
  12:./app/src/user_main.c **** 
  13:./app/src/user_main.c **** void user_main(void)
  14:./app/src/user_main.c **** {
  15:./app/src/user_main.c ****     LED_TOGGLE();
  16:./app/src/user_main.c **** 
  17:./app/src/user_main.c ****     FOC_Process(motor1); 
  18:./app/src/user_main.c **** 
  19:./app/src/user_main.c **** 
  20:./app/src/user_main.c ****     // Get_Cmd_Process();
  21:./app/src/user_main.c **** 
  22:./app/src/user_main.c ****     // setTorque_Curr(motor1, 0.05f); // 电流力矩环 单环PID 5,200,0.000,10000,10000
  23:./app/src/user_main.c ****     set_Force_Angle_Curr(motor1, 0); // 力位环 anglePID:0.5,0,0.003,10000,0.1 CURRPID:1.25,50,0.
  24:./app/src/user_main.c ****     // set_Velocity_Curr(motor1, 30); // 电流速度环 单环PID 5,200,0.000,10000,10000
  25:./app/src/user_main.c ****     Print_Process();
  26:./app/src/user_main.c **** 
  27:./app/src/user_main.c **** 
  28:./app/src/user_main.c **** 
  29:./app/src/user_main.c ****     return;
ARM GAS  /tmp/ccHPzwh1.s 			page 2


  30:./app/src/user_main.c **** }
  31:./app/src/user_main.c **** 
  32:./app/src/user_main.c **** /// @brief FOC处理函数
  33:./app/src/user_main.c **** /// @param motor 电机句柄
  34:./app/src/user_main.c **** void FOC_Process(Motor* motor)
  35:./app/src/user_main.c **** {
  30              		.loc 1 35 1 view -0
  31              		.cfi_startproc
  32              		@ args = 0, pretend = 0, frame = 0
  33              		@ frame_needed = 0, uses_anonymous_args = 0
  34              		.loc 1 35 1 is_stmt 0 view .LVU1
  35 0000 10B5     		push	{r4, lr}
  36              	.LCFI0:
  37              		.cfi_def_cfa_offset 8
  38              		.cfi_offset 4, -8
  39              		.cfi_offset 14, -4
  40 0002 0446     		mov	r4, r0
  36:./app/src/user_main.c ****     AS5600_Read_Angle(motor->As5600_Sensor);
  41              		.loc 1 36 5 is_stmt 1 view .LVU2
  42 0004 806A     		ldr	r0, [r0, #40]
  43              	.LVL1:
  44              		.loc 1 36 5 is_stmt 0 view .LVU3
  45 0006 FFF7FEFF 		bl	AS5600_Read_Angle
  46              	.LVL2:
  37:./app/src/user_main.c ****     Current_Update(motor->Inlinecurrent);
  47              		.loc 1 37 5 is_stmt 1 view .LVU4
  48 000a 206C     		ldr	r0, [r4, #64]
  49 000c FFF7FEFF 		bl	Current_Update
  50              	.LVL3:
  38:./app/src/user_main.c **** }
  51              		.loc 1 38 1 is_stmt 0 view .LVU5
  52 0010 10BD     		pop	{r4, pc}
  53              		.loc 1 38 1 view .LVU6
  54              		.cfi_endproc
  55              	.LFE243:
  57              		.global	__aeabi_f2d
  58              		.section	.rodata.Print_Process.str1.4,"aMS",%progbits,1
  59              		.align	2
  60              	.LC0:
  61 0000 25662C25 		.ascii	"%f,%f\015\012\000"
  61      660D0A00 
  62              		.section	.text.Print_Process,"ax",%progbits
  63              		.align	1
  64              		.global	Print_Process
  65              		.syntax unified
  66              		.thumb
  67              		.thumb_func
  69              	Print_Process:
  70              	.LFB244:
  39:./app/src/user_main.c **** 
  40:./app/src/user_main.c **** 
  41:./app/src/user_main.c **** 
  42:./app/src/user_main.c **** void Print_Process(void)
  43:./app/src/user_main.c **** {
  71              		.loc 1 43 1 is_stmt 1 view -0
  72              		.cfi_startproc
  73              		@ args = 0, pretend = 0, frame = 0
ARM GAS  /tmp/ccHPzwh1.s 			page 3


  74              		@ frame_needed = 0, uses_anonymous_args = 0
  75 0000 F0B5     		push	{r4, r5, r6, r7, lr}
  76              	.LCFI1:
  77              		.cfi_def_cfa_offset 20
  78              		.cfi_offset 4, -20
  79              		.cfi_offset 5, -16
  80              		.cfi_offset 6, -12
  81              		.cfi_offset 7, -8
  82              		.cfi_offset 14, -4
  83 0002 83B0     		sub	sp, sp, #12
  84              	.LCFI2:
  85              		.cfi_def_cfa_offset 32
  44:./app/src/user_main.c ****     printf("%f,%f\r\n",AS5600_Get_Angle(motor1->As5600_Sensor)*motor1->DIR,AS5600_Get_Velocity(moto
  86              		.loc 1 44 5 view .LVU8
  87              		.loc 1 44 47 is_stmt 0 view .LVU9
  88 0004 144E     		ldr	r6, .L5
  89 0006 3368     		ldr	r3, [r6]
  90              		.loc 1 44 24 view .LVU10
  91 0008 986A     		ldr	r0, [r3, #40]
  92 000a FFF7FEFF 		bl	AS5600_Get_Angle
  93              	.LVL4:
  94              		.loc 1 44 70 discriminator 1 view .LVU11
  95 000e 3768     		ldr	r7, [r6]
  96              		.loc 1 44 63 discriminator 1 view .LVU12
  97 0010 D7ED027A 		vldr.32	s15, [r7, #8]	@ int
  98 0014 F8EEE77A 		vcvt.f32.s32	s15, s15
  99              		.loc 1 44 5 discriminator 1 view .LVU13
 100 0018 67EE807A 		vmul.f32	s15, s15, s0
 101 001c 17EE900A 		vmov	r0, s15
 102 0020 FFF7FEFF 		bl	__aeabi_f2d
 103              	.LVL5:
 104 0024 0446     		mov	r4, r0
 105 0026 0D46     		mov	r5, r1
 106              		.loc 1 44 76 discriminator 1 view .LVU14
 107 0028 B86A     		ldr	r0, [r7, #40]
 108 002a FFF7FEFF 		bl	AS5600_Get_Velocity
 109              	.LVL6:
 110              		.loc 1 44 125 discriminator 2 view .LVU15
 111 002e 3368     		ldr	r3, [r6]
 112 0030 D3ED027A 		vldr.32	s15, [r3, #8]	@ int
 113              		.loc 1 44 118 discriminator 2 view .LVU16
 114 0034 F8EEE77A 		vcvt.f32.s32	s15, s15
 115              		.loc 1 44 5 discriminator 2 view .LVU17
 116 0038 67EE807A 		vmul.f32	s15, s15, s0
 117 003c 17EE900A 		vmov	r0, s15
 118 0040 FFF7FEFF 		bl	__aeabi_f2d
 119              	.LVL7:
 120 0044 CDE90001 		strd	r0, [sp]
 121 0048 2246     		mov	r2, r4
 122 004a 2B46     		mov	r3, r5
 123 004c 0348     		ldr	r0, .L5+4
 124 004e FFF7FEFF 		bl	printf
 125              	.LVL8:
  45:./app/src/user_main.c ****     // printf("voltage_power_supply:%f\r\n",motor1->voltage_power_supply);
  46:./app/src/user_main.c ****     // printf("%f,%f,%f\r\n",motor1->Inlinecurrent->I_a,motor1->Inlinecurrent->I_b,motor1->Inlinecu
  47:./app/src/user_main.c ****     // printf("%f\r\n",Get_Current(motor1));
  48:./app/src/user_main.c **** }
ARM GAS  /tmp/ccHPzwh1.s 			page 4


 126              		.loc 1 48 1 view .LVU18
 127 0052 03B0     		add	sp, sp, #12
 128              	.LCFI3:
 129              		.cfi_def_cfa_offset 20
 130              		@ sp needed
 131 0054 F0BD     		pop	{r4, r5, r6, r7, pc}
 132              	.L6:
 133 0056 00BF     		.align	2
 134              	.L5:
 135 0058 00000000 		.word	motor1
 136 005c 00000000 		.word	.LC0
 137              		.cfi_endproc
 138              	.LFE244:
 140              		.section	.text.user_main,"ax",%progbits
 141              		.align	1
 142              		.global	user_main
 143              		.syntax unified
 144              		.thumb
 145              		.thumb_func
 147              	user_main:
 148              	.LFB242:
  14:./app/src/user_main.c ****     LED_TOGGLE();
 149              		.loc 1 14 1 is_stmt 1 view -0
 150              		.cfi_startproc
 151              		@ args = 0, pretend = 0, frame = 0
 152              		@ frame_needed = 0, uses_anonymous_args = 0
 153 0000 10B5     		push	{r4, lr}
 154              	.LCFI4:
 155              		.cfi_def_cfa_offset 8
 156              		.cfi_offset 4, -8
 157              		.cfi_offset 14, -4
  15:./app/src/user_main.c **** 
 158              		.loc 1 15 5 view .LVU20
 159 0002 4FF40051 		mov	r1, #8192
 160 0006 0748     		ldr	r0, .L9
 161 0008 FFF7FEFF 		bl	HAL_GPIO_TogglePin
 162              	.LVL9:
  17:./app/src/user_main.c **** 
 163              		.loc 1 17 5 view .LVU21
 164 000c 064C     		ldr	r4, .L9+4
 165 000e 2068     		ldr	r0, [r4]
 166 0010 FFF7FEFF 		bl	FOC_Process
 167              	.LVL10:
  23:./app/src/user_main.c ****     // set_Velocity_Curr(motor1, 30); // 电流速度环 单环PID 5,200,0.000,10000,10000
 168              		.loc 1 23 5 view .LVU22
 169 0014 9FED050A 		vldr.32	s0, .L9+8
 170 0018 2068     		ldr	r0, [r4]
 171 001a FFF7FEFF 		bl	set_Force_Angle_Curr
 172              	.LVL11:
  25:./app/src/user_main.c **** 
 173              		.loc 1 25 5 view .LVU23
 174 001e FFF7FEFF 		bl	Print_Process
 175              	.LVL12:
  29:./app/src/user_main.c **** }
 176              		.loc 1 29 5 view .LVU24
  30:./app/src/user_main.c **** 
 177              		.loc 1 30 1 is_stmt 0 view .LVU25
ARM GAS  /tmp/ccHPzwh1.s 			page 5


 178 0022 10BD     		pop	{r4, pc}
 179              	.L10:
 180              		.align	2
 181              	.L9:
 182 0024 00080240 		.word	1073874944
 183 0028 00000000 		.word	motor1
 184 002c 00000000 		.word	0
 185              		.cfi_endproc
 186              	.LFE242:
 188              		.text
 189              	.Letext0:
 190              		.file 2 "./underlying/inc/ts_foc.h"
 191              		.file 3 "./app/inc/user_main.h"
 192              		.file 4 "/usr/lib/gcc/arm-none-eabi/13.2.1/include/stdint.h"
 193              		.file 5 "./Drivers/CMSIS/Device/ST/STM32F4xx/Include/stm32f407xx.h"
 194              		.file 6 "./Drivers/STM32F4xx_HAL_Driver/Inc/stm32f4xx_hal_def.h"
 195              		.file 7 "./Drivers/STM32F4xx_HAL_Driver/Inc/stm32f4xx_hal_dma.h"
 196              		.file 8 "./Drivers/STM32F4xx_HAL_Driver/Inc/stm32f4xx_hal_i2c.h"
 197              		.file 9 "./underlying/inc/as5600.h"
 198              		.file 10 "./underlying/inc/inlinecurrent.h"
 199              		.file 11 "./underlying/inc/pid.h"
 200              		.file 12 "./underlying/inc/lowpass_filter.h"
 201              		.file 13 "/usr/include/newlib/stdio.h"
 202              		.file 14 "./Drivers/STM32F4xx_HAL_Driver/Inc/stm32f4xx_hal_gpio.h"
ARM GAS  /tmp/ccHPzwh1.s 			page 6


DEFINED SYMBOLS
                            *ABS*:00000000 user_main.c
     /tmp/ccHPzwh1.s:21     .text.FOC_Process:00000000 $t
     /tmp/ccHPzwh1.s:27     .text.FOC_Process:00000000 FOC_Process
     /tmp/ccHPzwh1.s:59     .rodata.Print_Process.str1.4:00000000 $d
     /tmp/ccHPzwh1.s:63     .text.Print_Process:00000000 $t
     /tmp/ccHPzwh1.s:69     .text.Print_Process:00000000 Print_Process
     /tmp/ccHPzwh1.s:135    .text.Print_Process:00000058 $d
     /tmp/ccHPzwh1.s:141    .text.user_main:00000000 $t
     /tmp/ccHPzwh1.s:147    .text.user_main:00000000 user_main
     /tmp/ccHPzwh1.s:182    .text.user_main:00000024 $d

UNDEFINED SYMBOLS
AS5600_Read_Angle
Current_Update
__aeabi_f2d
AS5600_Get_Angle
AS5600_Get_Velocity
printf
motor1
HAL_GPIO_TogglePin
set_Force_Angle_Curr
