


ARM Macro Assembler    Page 1 


    1 00000000         ;/******************************************************
                       ********************/
    2 00000000         ;/*                                                     
                                          */
    3 00000000         ;/*       Copyright (c) Microsoft Corporation. All right
                       s reserved.        */
    4 00000000         ;/*                                                     
                                          */
    5 00000000         ;/*       This software is licensed under the Microsoft 
                       Software License   */
    6 00000000         ;/*       Terms for Microsoft Azure RTOS. Full text of t
                       he license can be  */
    7 00000000         ;/*       found in the LICENSE file at https://aka.ms/Az
                       ureRTOS_EULA       */
    8 00000000         ;/*       and in the root directory of this software.   
                                          */
    9 00000000         ;/*                                                     
                                          */
   10 00000000         ;/******************************************************
                       ********************/
   11 00000000         ;
   12 00000000         ;
   13 00000000         ;/******************************************************
                       ********************/
   14 00000000         ;/******************************************************
                       ********************/
   15 00000000         ;/**                                                    
                                          */
   16 00000000         ;/** ThreadX Component                                  
                                          */
   17 00000000         ;/**                                                    
                                          */
   18 00000000         ;/**   Thread                                           
                                          */
   19 00000000         ;/**                                                    
                                          */
   20 00000000         ;/******************************************************
                       ********************/
   21 00000000         ;/******************************************************
                       ********************/
   22 00000000         ;
   23 00000000         ;
   24 00000000                 AREA             ||.text||, CODE, READONLY
   25 00000000         ;/******************************************************
                       ********************/
   26 00000000         ;/*                                                     
                                          */
   27 00000000         ;/*  FUNCTION                                           
                           RELEASE        */
   28 00000000         ;/*                                                     
                                          */
   29 00000000         ;/*    _tx_thread_interrupt_control                     
                        Cortex-M4/AC5     */
   30 00000000         ;/*                                                     
                             6.1          */
   31 00000000         ;/*  AUTHOR                                             
                                          */
   32 00000000         ;/*                                                     
                                          */



ARM Macro Assembler    Page 2 


   33 00000000         ;/*    William E. Lamie, Microsoft Corporation          
                                          */
   34 00000000         ;/*                                                     
                                          */
   35 00000000         ;/*  DESCRIPTION                                        
                                          */
   36 00000000         ;/*                                                     
                                          */
   37 00000000         ;/*    This function is responsible for changing the int
                       errupt lockout     */
   38 00000000         ;/*    posture of the system.                           
                                          */
   39 00000000         ;/*                                                     
                                          */
   40 00000000         ;/*  INPUT                                              
                                          */
   41 00000000         ;/*                                                     
                                          */
   42 00000000         ;/*    new_posture                           New interru
                       pt lockout posture */
   43 00000000         ;/*                                                     
                                          */
   44 00000000         ;/*  OUTPUT                                             
                                          */
   45 00000000         ;/*                                                     
                                          */
   46 00000000         ;/*    old_posture                           Old interru
                       pt lockout posture */
   47 00000000         ;/*                                                     
                                          */
   48 00000000         ;/*  CALLS                                              
                                          */
   49 00000000         ;/*                                                     
                                          */
   50 00000000         ;/*    None                                             
                                          */
   51 00000000         ;/*                                                     
                                          */
   52 00000000         ;/*  CALLED BY                                          
                                          */
   53 00000000         ;/*                                                     
                                          */
   54 00000000         ;/*    Application Code                                 
                                          */
   55 00000000         ;/*                                                     
                                          */
   56 00000000         ;/*  RELEASE HISTORY                                    
                                          */
   57 00000000         ;/*                                                     
                                          */
   58 00000000         ;/*    DATE              NAME                      DESCR
                       IPTION             */
   59 00000000         ;/*                                                     
                                          */
   60 00000000         ;/*  09-30-2020     William E. Lamie         Initial Ver
                       sion 6.1           */
   61 00000000         ;/*                                                     
                                          */
   62 00000000         ;/******************************************************



ARM Macro Assembler    Page 3 


                       ********************/
   63 00000000         ;UINT   _tx_thread_interrupt_control(UINT new_posture)
   64 00000000         ;{
   65 00000000                 EXPORT           _tx_thread_interrupt_control
   66 00000000         _tx_thread_interrupt_control
   67 00000000         ;
   68 00000000         ;    /* Pickup current interrupt lockout posture.  */
   69 00000000         ;
   70 00000000 F3EF 8110       MRS              r1, PRIMASK
   71 00000004 F380 8810       MSR              PRIMASK, r0
   72 00000008 4608            MOV              r0, r1
   73 0000000A 4770            BX               lr
   74 0000000C         ;
   75 0000000C         ;}
   76 0000000C                 END
Command Line: --debug --xref --diag_suppress=9931 --cpu=Cortex-M4.fp --apcs=int
erwork --depend=universal_board_f407vet6\tx_thread_interrupt_control.d -ouniver
sal_board_f407vet6\tx_thread_interrupt_control.o -ID:\Laboratory_Data\Competiti
on_materials\robotac_2024\SDK\Tracked_vehicle\ThreadX_F4\MDK-ARM\RTE -I"C:\Prog
ram Files\software\MDK\ARM\CMSIS\5.0.1\CMSIS\Include" --predefine="__MICROLIB S
ETA 1" --predefine="__UVISION_VERSION SETA 514" --predefine="_RTE_ SETA 1" --li
st=tx_thread_interrupt_control.lst ..\port\src\tx_thread_interrupt_control.s



ARM Macro Assembler    Page 1 Alphabetic symbol ordering
Relocatable symbols

_tx_thread_interrupt_control 00000000

Symbol: _tx_thread_interrupt_control
   Definitions
      At line 66 in file ..\port\src\tx_thread_interrupt_control.s
   Uses
      At line 65 in file ..\port\src\tx_thread_interrupt_control.s
Comment: _tx_thread_interrupt_control used once
|.text| 00000000

Symbol: |.text|
   Definitions
      At line 24 in file ..\port\src\tx_thread_interrupt_control.s
   Uses
      None
Comment: |.text| unused
2 symbols
336 symbols in table
