ARM GAS  /tmp/ccQioqKT.s 			page 1


   1              		.cpu cortex-m4
   2              		.eabi_attribute 27, 1
   3              		.eabi_attribute 28, 1
   4              		.eabi_attribute 20, 1
   5              		.eabi_attribute 21, 1
   6              		.eabi_attribute 23, 3
   7              		.eabi_attribute 24, 1
   8              		.eabi_attribute 25, 1
   9              		.eabi_attribute 26, 1
  10              		.eabi_attribute 30, 1
  11              		.eabi_attribute 34, 1
  12              		.eabi_attribute 18, 4
  13              		.file	"main_usr.c"
  14              		.text
  15              	.Ltext0:
  16              		.cfi_sections	.debug_frame
  17              		.global	__aeabi_i2d
  18              		.global	__aeabi_dmul
  19              		.global	__aeabi_d2f
  20              		.section	.text.Read_AS5600_Angle,"ax",%progbits
  21              		.align	1
  22              		.global	Read_AS5600_Angle
  23              		.arch armv7e-m
  24              		.syntax unified
  25              		.thumb
  26              		.thumb_func
  27              		.fpu fpv4-sp-d16
  29              	Read_AS5600_Angle:
  30              	.LFB134:
  31              		.file 1 "usr/main_usr.c"
   1:usr/main_usr.c **** #include "main_usr.h"
   2:usr/main_usr.c **** 
   3:usr/main_usr.c **** 
   4:usr/main_usr.c **** 
   5:usr/main_usr.c **** #define AS5600_ADDRESS 0x36 << 1
   6:usr/main_usr.c **** #define ANGLE_REGISTER 0x0C
   7:usr/main_usr.c **** 
   8:usr/main_usr.c **** float Read_AS5600_Angle(void) {
  32              		.loc 1 8 31 view -0
  33              		.cfi_startproc
  34              		@ args = 0, pretend = 0, frame = 8
  35              		@ frame_needed = 0, uses_anonymous_args = 0
  36 0000 00B5     		push	{lr}
  37              	.LCFI0:
  38              		.cfi_def_cfa_offset 4
  39              		.cfi_offset 14, -4
  40 0002 87B0     		sub	sp, sp, #28
  41              	.LCFI1:
  42              		.cfi_def_cfa_offset 32
   9:usr/main_usr.c ****     uint8_t data[2] = {0, 0};
  43              		.loc 1 9 5 view .LVU1
  44              		.loc 1 9 13 is_stmt 0 view .LVU2
  45 0004 0023     		movs	r3, #0
  46 0006 ADF81430 		strh	r3, [sp, #20]	@ movhi
  10:usr/main_usr.c ****     HAL_I2C_Mem_Read(&hi2c1, AS5600_ADDRESS, ANGLE_REGISTER, I2C_MEMADD_SIZE_8BIT, data, 2, HAL_MAX
  47              		.loc 1 10 5 is_stmt 1 view .LVU3
  48 000a 4FF0FF33 		mov	r3, #-1
ARM GAS  /tmp/ccQioqKT.s 			page 2


  49 000e 0293     		str	r3, [sp, #8]
  50 0010 0223     		movs	r3, #2
  51 0012 0193     		str	r3, [sp, #4]
  52 0014 05AB     		add	r3, sp, #20
  53 0016 0093     		str	r3, [sp]
  54 0018 0123     		movs	r3, #1
  55 001a 0C22     		movs	r2, #12
  56 001c 6C21     		movs	r1, #108
  57 001e 0D48     		ldr	r0, .L3
  58 0020 FFF7FEFF 		bl	HAL_I2C_Mem_Read
  59              	.LVL0:
  11:usr/main_usr.c ****     uint16_t angle = (data[0] << 8) | data[1];
  60              		.loc 1 11 5 view .LVU4
  61              		.loc 1 11 27 is_stmt 0 view .LVU5
  62 0024 9DF81400 		ldrb	r0, [sp, #20]	@ zero_extendqisi2
  63              		.loc 1 11 43 view .LVU6
  64 0028 9DF81530 		ldrb	r3, [sp, #21]	@ zero_extendqisi2
  65              	.LVL1:
  12:usr/main_usr.c **** 
  13:usr/main_usr.c ****     return (angle * 360.0) / 4096.0;
  66              		.loc 1 13 5 is_stmt 1 view .LVU7
  67              		.loc 1 13 19 is_stmt 0 view .LVU8
  68 002c 43EA0020 		orr	r0, r3, r0, lsl #8
  69              	.LVL2:
  70              		.loc 1 13 19 view .LVU9
  71 0030 FFF7FEFF 		bl	__aeabi_i2d
  72              	.LVL3:
  73              		.loc 1 13 19 view .LVU10
  74 0034 0022     		movs	r2, #0
  75 0036 084B     		ldr	r3, .L3+4
  76 0038 FFF7FEFF 		bl	__aeabi_dmul
  77              	.LVL4:
  78              		.loc 1 13 28 view .LVU11
  79 003c 0022     		movs	r2, #0
  80 003e 074B     		ldr	r3, .L3+8
  81 0040 FFF7FEFF 		bl	__aeabi_dmul
  82              	.LVL5:
  83 0044 FFF7FEFF 		bl	__aeabi_d2f
  84              	.LVL6:
  14:usr/main_usr.c **** }
  85              		.loc 1 14 1 view .LVU12
  86 0048 00EE100A 		vmov	s0, r0
  87 004c 07B0     		add	sp, sp, #28
  88              	.LCFI2:
  89              		.cfi_def_cfa_offset 4
  90              		@ sp needed
  91 004e 5DF804FB 		ldr	pc, [sp], #4
  92              	.L4:
  93 0052 00BF     		.align	2
  94              	.L3:
  95 0054 00000000 		.word	hi2c1
  96 0058 00807640 		.word	1081507840
  97 005c 0000303F 		.word	1060110336
  98              		.cfi_endproc
  99              	.LFE134:
 101              		.text
 102              	.Letext0:
ARM GAS  /tmp/ccQioqKT.s 			page 3


 103              		.file 2 "/usr/lib/gcc/arm-none-eabi/10.3.1/include/stdint.h"
 104              		.file 3 "Drivers/CMSIS/Device/ST/STM32F4xx/Include/stm32f411xe.h"
 105              		.file 4 "Drivers/STM32F4xx_HAL_Driver/Inc/stm32f4xx_hal_def.h"
 106              		.file 5 "Drivers/STM32F4xx_HAL_Driver/Inc/stm32f4xx_hal_dma.h"
 107              		.file 6 "Drivers/STM32F4xx_HAL_Driver/Inc/stm32f4xx_hal_i2c.h"
 108              		.file 7 "Core/Inc/i2c.h"
ARM GAS  /tmp/ccQioqKT.s 			page 4


DEFINED SYMBOLS
                            *ABS*:0000000000000000 main_usr.c
     /tmp/ccQioqKT.s:21     .text.Read_AS5600_Angle:0000000000000000 $t
     /tmp/ccQioqKT.s:29     .text.Read_AS5600_Angle:0000000000000000 Read_AS5600_Angle
     /tmp/ccQioqKT.s:95     .text.Read_AS5600_Angle:0000000000000054 $d

UNDEFINED SYMBOLS
__aeabi_i2d
__aeabi_dmul
__aeabi_d2f
HAL_I2C_Mem_Read
hi2c1
