ARM GAS  /tmp/ccCjlHH1.s 			page 1


   1              		.cpu cortex-m4
   2              		.eabi_attribute 27, 1
   3              		.eabi_attribute 28, 1
   4              		.eabi_attribute 20, 1
   5              		.eabi_attribute 21, 1
   6              		.eabi_attribute 23, 3
   7              		.eabi_attribute 24, 1
   8              		.eabi_attribute 25, 1
   9              		.eabi_attribute 26, 1
  10              		.eabi_attribute 30, 1
  11              		.eabi_attribute 34, 1
  12              		.eabi_attribute 18, 4
  13              		.file	"usart.c"
  14              		.text
  15              	.Ltext0:
  16              		.cfi_sections	.debug_frame
  17              		.section	.text.MX_USART1_UART_Init,"ax",%progbits
  18              		.align	1
  19              		.global	MX_USART1_UART_Init
  20              		.arch armv7e-m
  21              		.syntax unified
  22              		.thumb
  23              		.thumb_func
  24              		.fpu fpv4-sp-d16
  26              	MX_USART1_UART_Init:
  27              	.LFB134:
  28              		.file 1 "Core/Src/usart.c"
   1:Core/Src/usart.c **** /* USER CODE BEGIN Header */
   2:Core/Src/usart.c **** /**
   3:Core/Src/usart.c ****   ******************************************************************************
   4:Core/Src/usart.c ****   * @file    usart.c
   5:Core/Src/usart.c ****   * @brief   This file provides code for the configuration
   6:Core/Src/usart.c ****   *          of the USART instances.
   7:Core/Src/usart.c ****   ******************************************************************************
   8:Core/Src/usart.c ****   * @attention
   9:Core/Src/usart.c ****   *
  10:Core/Src/usart.c ****   * Copyright (c) 2024 STMicroelectronics.
  11:Core/Src/usart.c ****   * All rights reserved.
  12:Core/Src/usart.c ****   *
  13:Core/Src/usart.c ****   * This software is licensed under terms that can be found in the LICENSE file
  14:Core/Src/usart.c ****   * in the root directory of this software component.
  15:Core/Src/usart.c ****   * If no LICENSE file comes with this software, it is provided AS-IS.
  16:Core/Src/usart.c ****   *
  17:Core/Src/usart.c ****   ******************************************************************************
  18:Core/Src/usart.c ****   */
  19:Core/Src/usart.c **** /* USER CODE END Header */
  20:Core/Src/usart.c **** /* Includes ------------------------------------------------------------------*/
  21:Core/Src/usart.c **** #include "usart.h"
  22:Core/Src/usart.c **** 
  23:Core/Src/usart.c **** /* USER CODE BEGIN 0 */
  24:Core/Src/usart.c **** 
  25:Core/Src/usart.c **** /* USER CODE END 0 */
  26:Core/Src/usart.c **** 
  27:Core/Src/usart.c **** UART_HandleTypeDef huart1;
  28:Core/Src/usart.c **** DMA_HandleTypeDef hdma_usart1_rx;
  29:Core/Src/usart.c **** 
  30:Core/Src/usart.c **** /* USART1 init function */
ARM GAS  /tmp/ccCjlHH1.s 			page 2


  31:Core/Src/usart.c **** 
  32:Core/Src/usart.c **** void MX_USART1_UART_Init(void)
  33:Core/Src/usart.c **** {
  29              		.loc 1 33 1 view -0
  30              		.cfi_startproc
  31              		@ args = 0, pretend = 0, frame = 0
  32              		@ frame_needed = 0, uses_anonymous_args = 0
  33 0000 08B5     		push	{r3, lr}
  34              	.LCFI0:
  35              		.cfi_def_cfa_offset 8
  36              		.cfi_offset 3, -8
  37              		.cfi_offset 14, -4
  34:Core/Src/usart.c **** 
  35:Core/Src/usart.c ****   /* USER CODE BEGIN USART1_Init 0 */
  36:Core/Src/usart.c **** 
  37:Core/Src/usart.c ****   /* USER CODE END USART1_Init 0 */
  38:Core/Src/usart.c **** 
  39:Core/Src/usart.c ****   /* USER CODE BEGIN USART1_Init 1 */
  40:Core/Src/usart.c **** 
  41:Core/Src/usart.c ****   /* USER CODE END USART1_Init 1 */
  42:Core/Src/usart.c ****   huart1.Instance = USART1;
  38              		.loc 1 42 3 view .LVU1
  39              		.loc 1 42 19 is_stmt 0 view .LVU2
  40 0002 0A48     		ldr	r0, .L5
  41 0004 0A4B     		ldr	r3, .L5+4
  42 0006 0360     		str	r3, [r0]
  43:Core/Src/usart.c ****   huart1.Init.BaudRate = 115200;
  43              		.loc 1 43 3 is_stmt 1 view .LVU3
  44              		.loc 1 43 24 is_stmt 0 view .LVU4
  45 0008 4FF4E133 		mov	r3, #115200
  46 000c 4360     		str	r3, [r0, #4]
  44:Core/Src/usart.c ****   huart1.Init.WordLength = UART_WORDLENGTH_8B;
  47              		.loc 1 44 3 is_stmt 1 view .LVU5
  48              		.loc 1 44 26 is_stmt 0 view .LVU6
  49 000e 0023     		movs	r3, #0
  50 0010 8360     		str	r3, [r0, #8]
  45:Core/Src/usart.c ****   huart1.Init.StopBits = UART_STOPBITS_1;
  51              		.loc 1 45 3 is_stmt 1 view .LVU7
  52              		.loc 1 45 24 is_stmt 0 view .LVU8
  53 0012 C360     		str	r3, [r0, #12]
  46:Core/Src/usart.c ****   huart1.Init.Parity = UART_PARITY_NONE;
  54              		.loc 1 46 3 is_stmt 1 view .LVU9
  55              		.loc 1 46 22 is_stmt 0 view .LVU10
  56 0014 0361     		str	r3, [r0, #16]
  47:Core/Src/usart.c ****   huart1.Init.Mode = UART_MODE_TX_RX;
  57              		.loc 1 47 3 is_stmt 1 view .LVU11
  58              		.loc 1 47 20 is_stmt 0 view .LVU12
  59 0016 0C22     		movs	r2, #12
  60 0018 4261     		str	r2, [r0, #20]
  48:Core/Src/usart.c ****   huart1.Init.HwFlowCtl = UART_HWCONTROL_NONE;
  61              		.loc 1 48 3 is_stmt 1 view .LVU13
  62              		.loc 1 48 25 is_stmt 0 view .LVU14
  63 001a 8361     		str	r3, [r0, #24]
  49:Core/Src/usart.c ****   huart1.Init.OverSampling = UART_OVERSAMPLING_16;
  64              		.loc 1 49 3 is_stmt 1 view .LVU15
  65              		.loc 1 49 28 is_stmt 0 view .LVU16
  66 001c C361     		str	r3, [r0, #28]
ARM GAS  /tmp/ccCjlHH1.s 			page 3


  50:Core/Src/usart.c ****   if (HAL_UART_Init(&huart1) != HAL_OK)
  67              		.loc 1 50 3 is_stmt 1 view .LVU17
  68              		.loc 1 50 7 is_stmt 0 view .LVU18
  69 001e FFF7FEFF 		bl	HAL_UART_Init
  70              	.LVL0:
  71              		.loc 1 50 6 view .LVU19
  72 0022 00B9     		cbnz	r0, .L4
  73              	.L1:
  51:Core/Src/usart.c ****   {
  52:Core/Src/usart.c ****     Error_Handler();
  53:Core/Src/usart.c ****   }
  54:Core/Src/usart.c ****   /* USER CODE BEGIN USART1_Init 2 */
  55:Core/Src/usart.c **** 
  56:Core/Src/usart.c ****   /* USER CODE END USART1_Init 2 */
  57:Core/Src/usart.c **** 
  58:Core/Src/usart.c **** }
  74              		.loc 1 58 1 view .LVU20
  75 0024 08BD     		pop	{r3, pc}
  76              	.L4:
  52:Core/Src/usart.c ****   }
  77              		.loc 1 52 5 is_stmt 1 view .LVU21
  78 0026 FFF7FEFF 		bl	Error_Handler
  79              	.LVL1:
  80              		.loc 1 58 1 is_stmt 0 view .LVU22
  81 002a FBE7     		b	.L1
  82              	.L6:
  83              		.align	2
  84              	.L5:
  85 002c 00000000 		.word	.LANCHOR0
  86 0030 00100140 		.word	1073811456
  87              		.cfi_endproc
  88              	.LFE134:
  90              		.section	.text.HAL_UART_MspInit,"ax",%progbits
  91              		.align	1
  92              		.global	HAL_UART_MspInit
  93              		.syntax unified
  94              		.thumb
  95              		.thumb_func
  96              		.fpu fpv4-sp-d16
  98              	HAL_UART_MspInit:
  99              	.LVL2:
 100              	.LFB135:
  59:Core/Src/usart.c **** 
  60:Core/Src/usart.c **** void HAL_UART_MspInit(UART_HandleTypeDef* uartHandle)
  61:Core/Src/usart.c **** {
 101              		.loc 1 61 1 is_stmt 1 view -0
 102              		.cfi_startproc
 103              		@ args = 0, pretend = 0, frame = 32
 104              		@ frame_needed = 0, uses_anonymous_args = 0
 105              		.loc 1 61 1 is_stmt 0 view .LVU24
 106 0000 30B5     		push	{r4, r5, lr}
 107              	.LCFI1:
 108              		.cfi_def_cfa_offset 12
 109              		.cfi_offset 4, -12
 110              		.cfi_offset 5, -8
 111              		.cfi_offset 14, -4
 112 0002 89B0     		sub	sp, sp, #36
ARM GAS  /tmp/ccCjlHH1.s 			page 4


 113              	.LCFI2:
 114              		.cfi_def_cfa_offset 48
  62:Core/Src/usart.c **** 
  63:Core/Src/usart.c ****   GPIO_InitTypeDef GPIO_InitStruct = {0};
 115              		.loc 1 63 3 is_stmt 1 view .LVU25
 116              		.loc 1 63 20 is_stmt 0 view .LVU26
 117 0004 0023     		movs	r3, #0
 118 0006 0393     		str	r3, [sp, #12]
 119 0008 0493     		str	r3, [sp, #16]
 120 000a 0593     		str	r3, [sp, #20]
 121 000c 0693     		str	r3, [sp, #24]
 122 000e 0793     		str	r3, [sp, #28]
  64:Core/Src/usart.c ****   if(uartHandle->Instance==USART1)
 123              		.loc 1 64 3 is_stmt 1 view .LVU27
 124              		.loc 1 64 16 is_stmt 0 view .LVU28
 125 0010 0268     		ldr	r2, [r0]
 126              		.loc 1 64 5 view .LVU29
 127 0012 03F18043 		add	r3, r3, #1073741824
 128 0016 03F58833 		add	r3, r3, #69632
 129 001a 9A42     		cmp	r2, r3
 130 001c 01D0     		beq	.L11
 131              	.LVL3:
 132              	.L7:
  65:Core/Src/usart.c ****   {
  66:Core/Src/usart.c ****   /* USER CODE BEGIN USART1_MspInit 0 */
  67:Core/Src/usart.c **** 
  68:Core/Src/usart.c ****   /* USER CODE END USART1_MspInit 0 */
  69:Core/Src/usart.c ****     /* USART1 clock enable */
  70:Core/Src/usart.c ****     __HAL_RCC_USART1_CLK_ENABLE();
  71:Core/Src/usart.c **** 
  72:Core/Src/usart.c ****     __HAL_RCC_GPIOA_CLK_ENABLE();
  73:Core/Src/usart.c ****     /**USART1 GPIO Configuration
  74:Core/Src/usart.c ****     PA9     ------> USART1_TX
  75:Core/Src/usart.c ****     PA10     ------> USART1_RX
  76:Core/Src/usart.c ****     */
  77:Core/Src/usart.c ****     GPIO_InitStruct.Pin = GPIO_PIN_9|GPIO_PIN_10;
  78:Core/Src/usart.c ****     GPIO_InitStruct.Mode = GPIO_MODE_AF_PP;
  79:Core/Src/usart.c ****     GPIO_InitStruct.Pull = GPIO_NOPULL;
  80:Core/Src/usart.c ****     GPIO_InitStruct.Speed = GPIO_SPEED_FREQ_VERY_HIGH;
  81:Core/Src/usart.c ****     GPIO_InitStruct.Alternate = GPIO_AF7_USART1;
  82:Core/Src/usart.c ****     HAL_GPIO_Init(GPIOA, &GPIO_InitStruct);
  83:Core/Src/usart.c **** 
  84:Core/Src/usart.c ****     /* USART1 DMA Init */
  85:Core/Src/usart.c ****     /* USART1_RX Init */
  86:Core/Src/usart.c ****     hdma_usart1_rx.Instance = DMA2_Stream2;
  87:Core/Src/usart.c ****     hdma_usart1_rx.Init.Channel = DMA_CHANNEL_4;
  88:Core/Src/usart.c ****     hdma_usart1_rx.Init.Direction = DMA_PERIPH_TO_MEMORY;
  89:Core/Src/usart.c ****     hdma_usart1_rx.Init.PeriphInc = DMA_PINC_DISABLE;
  90:Core/Src/usart.c ****     hdma_usart1_rx.Init.MemInc = DMA_MINC_ENABLE;
  91:Core/Src/usart.c ****     hdma_usart1_rx.Init.PeriphDataAlignment = DMA_PDATAALIGN_BYTE;
  92:Core/Src/usart.c ****     hdma_usart1_rx.Init.MemDataAlignment = DMA_MDATAALIGN_BYTE;
  93:Core/Src/usart.c ****     hdma_usart1_rx.Init.Mode = DMA_NORMAL;
  94:Core/Src/usart.c ****     hdma_usart1_rx.Init.Priority = DMA_PRIORITY_LOW;
  95:Core/Src/usart.c ****     hdma_usart1_rx.Init.FIFOMode = DMA_FIFOMODE_DISABLE;
  96:Core/Src/usart.c ****     if (HAL_DMA_Init(&hdma_usart1_rx) != HAL_OK)
  97:Core/Src/usart.c ****     {
  98:Core/Src/usart.c ****       Error_Handler();
ARM GAS  /tmp/ccCjlHH1.s 			page 5


  99:Core/Src/usart.c ****     }
 100:Core/Src/usart.c **** 
 101:Core/Src/usart.c ****     __HAL_LINKDMA(uartHandle,hdmarx,hdma_usart1_rx);
 102:Core/Src/usart.c **** 
 103:Core/Src/usart.c ****     /* USART1 interrupt Init */
 104:Core/Src/usart.c ****     HAL_NVIC_SetPriority(USART1_IRQn, 0, 0);
 105:Core/Src/usart.c ****     HAL_NVIC_EnableIRQ(USART1_IRQn);
 106:Core/Src/usart.c ****   /* USER CODE BEGIN USART1_MspInit 1 */
 107:Core/Src/usart.c **** 
 108:Core/Src/usart.c ****   /* USER CODE END USART1_MspInit 1 */
 109:Core/Src/usart.c ****   }
 110:Core/Src/usart.c **** }
 133              		.loc 1 110 1 view .LVU30
 134 001e 09B0     		add	sp, sp, #36
 135              	.LCFI3:
 136              		.cfi_remember_state
 137              		.cfi_def_cfa_offset 12
 138              		@ sp needed
 139 0020 30BD     		pop	{r4, r5, pc}
 140              	.LVL4:
 141              	.L11:
 142              	.LCFI4:
 143              		.cfi_restore_state
 144              		.loc 1 110 1 view .LVU31
 145 0022 0446     		mov	r4, r0
  70:Core/Src/usart.c **** 
 146              		.loc 1 70 5 is_stmt 1 view .LVU32
 147              	.LBB2:
  70:Core/Src/usart.c **** 
 148              		.loc 1 70 5 view .LVU33
 149 0024 0025     		movs	r5, #0
 150 0026 0195     		str	r5, [sp, #4]
  70:Core/Src/usart.c **** 
 151              		.loc 1 70 5 view .LVU34
 152 0028 03F59433 		add	r3, r3, #75776
 153 002c 5A6C     		ldr	r2, [r3, #68]
 154 002e 42F01002 		orr	r2, r2, #16
 155 0032 5A64     		str	r2, [r3, #68]
  70:Core/Src/usart.c **** 
 156              		.loc 1 70 5 view .LVU35
 157 0034 5A6C     		ldr	r2, [r3, #68]
 158 0036 02F01002 		and	r2, r2, #16
 159 003a 0192     		str	r2, [sp, #4]
  70:Core/Src/usart.c **** 
 160              		.loc 1 70 5 view .LVU36
 161 003c 019A     		ldr	r2, [sp, #4]
 162              	.LBE2:
  70:Core/Src/usart.c **** 
 163              		.loc 1 70 5 view .LVU37
  72:Core/Src/usart.c ****     /**USART1 GPIO Configuration
 164              		.loc 1 72 5 view .LVU38
 165              	.LBB3:
  72:Core/Src/usart.c ****     /**USART1 GPIO Configuration
 166              		.loc 1 72 5 view .LVU39
 167 003e 0295     		str	r5, [sp, #8]
  72:Core/Src/usart.c ****     /**USART1 GPIO Configuration
 168              		.loc 1 72 5 view .LVU40
ARM GAS  /tmp/ccCjlHH1.s 			page 6


 169 0040 1A6B     		ldr	r2, [r3, #48]
 170 0042 42F00102 		orr	r2, r2, #1
 171 0046 1A63     		str	r2, [r3, #48]
  72:Core/Src/usart.c ****     /**USART1 GPIO Configuration
 172              		.loc 1 72 5 view .LVU41
 173 0048 1B6B     		ldr	r3, [r3, #48]
 174 004a 03F00103 		and	r3, r3, #1
 175 004e 0293     		str	r3, [sp, #8]
  72:Core/Src/usart.c ****     /**USART1 GPIO Configuration
 176              		.loc 1 72 5 view .LVU42
 177 0050 029B     		ldr	r3, [sp, #8]
 178              	.LBE3:
  72:Core/Src/usart.c ****     /**USART1 GPIO Configuration
 179              		.loc 1 72 5 view .LVU43
  77:Core/Src/usart.c ****     GPIO_InitStruct.Mode = GPIO_MODE_AF_PP;
 180              		.loc 1 77 5 view .LVU44
  77:Core/Src/usart.c ****     GPIO_InitStruct.Mode = GPIO_MODE_AF_PP;
 181              		.loc 1 77 25 is_stmt 0 view .LVU45
 182 0052 4FF4C063 		mov	r3, #1536
 183 0056 0393     		str	r3, [sp, #12]
  78:Core/Src/usart.c ****     GPIO_InitStruct.Pull = GPIO_NOPULL;
 184              		.loc 1 78 5 is_stmt 1 view .LVU46
  78:Core/Src/usart.c ****     GPIO_InitStruct.Pull = GPIO_NOPULL;
 185              		.loc 1 78 26 is_stmt 0 view .LVU47
 186 0058 0223     		movs	r3, #2
 187 005a 0493     		str	r3, [sp, #16]
  79:Core/Src/usart.c ****     GPIO_InitStruct.Speed = GPIO_SPEED_FREQ_VERY_HIGH;
 188              		.loc 1 79 5 is_stmt 1 view .LVU48
  80:Core/Src/usart.c ****     GPIO_InitStruct.Alternate = GPIO_AF7_USART1;
 189              		.loc 1 80 5 view .LVU49
  80:Core/Src/usart.c ****     GPIO_InitStruct.Alternate = GPIO_AF7_USART1;
 190              		.loc 1 80 27 is_stmt 0 view .LVU50
 191 005c 0323     		movs	r3, #3
 192 005e 0693     		str	r3, [sp, #24]
  81:Core/Src/usart.c ****     HAL_GPIO_Init(GPIOA, &GPIO_InitStruct);
 193              		.loc 1 81 5 is_stmt 1 view .LVU51
  81:Core/Src/usart.c ****     HAL_GPIO_Init(GPIOA, &GPIO_InitStruct);
 194              		.loc 1 81 31 is_stmt 0 view .LVU52
 195 0060 0723     		movs	r3, #7
 196 0062 0793     		str	r3, [sp, #28]
  82:Core/Src/usart.c **** 
 197              		.loc 1 82 5 is_stmt 1 view .LVU53
 198 0064 03A9     		add	r1, sp, #12
 199 0066 1248     		ldr	r0, .L13
 200              	.LVL5:
  82:Core/Src/usart.c **** 
 201              		.loc 1 82 5 is_stmt 0 view .LVU54
 202 0068 FFF7FEFF 		bl	HAL_GPIO_Init
 203              	.LVL6:
  86:Core/Src/usart.c ****     hdma_usart1_rx.Init.Channel = DMA_CHANNEL_4;
 204              		.loc 1 86 5 is_stmt 1 view .LVU55
  86:Core/Src/usart.c ****     hdma_usart1_rx.Init.Channel = DMA_CHANNEL_4;
 205              		.loc 1 86 29 is_stmt 0 view .LVU56
 206 006c 1148     		ldr	r0, .L13+4
 207 006e 124B     		ldr	r3, .L13+8
 208 0070 0360     		str	r3, [r0]
  87:Core/Src/usart.c ****     hdma_usart1_rx.Init.Direction = DMA_PERIPH_TO_MEMORY;
ARM GAS  /tmp/ccCjlHH1.s 			page 7


 209              		.loc 1 87 5 is_stmt 1 view .LVU57
  87:Core/Src/usart.c ****     hdma_usart1_rx.Init.Direction = DMA_PERIPH_TO_MEMORY;
 210              		.loc 1 87 33 is_stmt 0 view .LVU58
 211 0072 4FF00063 		mov	r3, #134217728
 212 0076 4360     		str	r3, [r0, #4]
  88:Core/Src/usart.c ****     hdma_usart1_rx.Init.PeriphInc = DMA_PINC_DISABLE;
 213              		.loc 1 88 5 is_stmt 1 view .LVU59
  88:Core/Src/usart.c ****     hdma_usart1_rx.Init.PeriphInc = DMA_PINC_DISABLE;
 214              		.loc 1 88 35 is_stmt 0 view .LVU60
 215 0078 8560     		str	r5, [r0, #8]
  89:Core/Src/usart.c ****     hdma_usart1_rx.Init.MemInc = DMA_MINC_ENABLE;
 216              		.loc 1 89 5 is_stmt 1 view .LVU61
  89:Core/Src/usart.c ****     hdma_usart1_rx.Init.MemInc = DMA_MINC_ENABLE;
 217              		.loc 1 89 35 is_stmt 0 view .LVU62
 218 007a C560     		str	r5, [r0, #12]
  90:Core/Src/usart.c ****     hdma_usart1_rx.Init.PeriphDataAlignment = DMA_PDATAALIGN_BYTE;
 219              		.loc 1 90 5 is_stmt 1 view .LVU63
  90:Core/Src/usart.c ****     hdma_usart1_rx.Init.PeriphDataAlignment = DMA_PDATAALIGN_BYTE;
 220              		.loc 1 90 32 is_stmt 0 view .LVU64
 221 007c 4FF48063 		mov	r3, #1024
 222 0080 0361     		str	r3, [r0, #16]
  91:Core/Src/usart.c ****     hdma_usart1_rx.Init.MemDataAlignment = DMA_MDATAALIGN_BYTE;
 223              		.loc 1 91 5 is_stmt 1 view .LVU65
  91:Core/Src/usart.c ****     hdma_usart1_rx.Init.MemDataAlignment = DMA_MDATAALIGN_BYTE;
 224              		.loc 1 91 45 is_stmt 0 view .LVU66
 225 0082 4561     		str	r5, [r0, #20]
  92:Core/Src/usart.c ****     hdma_usart1_rx.Init.Mode = DMA_NORMAL;
 226              		.loc 1 92 5 is_stmt 1 view .LVU67
  92:Core/Src/usart.c ****     hdma_usart1_rx.Init.Mode = DMA_NORMAL;
 227              		.loc 1 92 42 is_stmt 0 view .LVU68
 228 0084 8561     		str	r5, [r0, #24]
  93:Core/Src/usart.c ****     hdma_usart1_rx.Init.Priority = DMA_PRIORITY_LOW;
 229              		.loc 1 93 5 is_stmt 1 view .LVU69
  93:Core/Src/usart.c ****     hdma_usart1_rx.Init.Priority = DMA_PRIORITY_LOW;
 230              		.loc 1 93 30 is_stmt 0 view .LVU70
 231 0086 C561     		str	r5, [r0, #28]
  94:Core/Src/usart.c ****     hdma_usart1_rx.Init.FIFOMode = DMA_FIFOMODE_DISABLE;
 232              		.loc 1 94 5 is_stmt 1 view .LVU71
  94:Core/Src/usart.c ****     hdma_usart1_rx.Init.FIFOMode = DMA_FIFOMODE_DISABLE;
 233              		.loc 1 94 34 is_stmt 0 view .LVU72
 234 0088 0562     		str	r5, [r0, #32]
  95:Core/Src/usart.c ****     if (HAL_DMA_Init(&hdma_usart1_rx) != HAL_OK)
 235              		.loc 1 95 5 is_stmt 1 view .LVU73
  95:Core/Src/usart.c ****     if (HAL_DMA_Init(&hdma_usart1_rx) != HAL_OK)
 236              		.loc 1 95 34 is_stmt 0 view .LVU74
 237 008a 4562     		str	r5, [r0, #36]
  96:Core/Src/usart.c ****     {
 238              		.loc 1 96 5 is_stmt 1 view .LVU75
  96:Core/Src/usart.c ****     {
 239              		.loc 1 96 9 is_stmt 0 view .LVU76
 240 008c FFF7FEFF 		bl	HAL_DMA_Init
 241              	.LVL7:
  96:Core/Src/usart.c ****     {
 242              		.loc 1 96 8 view .LVU77
 243 0090 58B9     		cbnz	r0, .L12
 244              	.L9:
 101:Core/Src/usart.c **** 
ARM GAS  /tmp/ccCjlHH1.s 			page 8


 245              		.loc 1 101 5 is_stmt 1 view .LVU78
 101:Core/Src/usart.c **** 
 246              		.loc 1 101 5 view .LVU79
 247 0092 084B     		ldr	r3, .L13+4
 248 0094 E363     		str	r3, [r4, #60]
 101:Core/Src/usart.c **** 
 249              		.loc 1 101 5 view .LVU80
 250 0096 9C63     		str	r4, [r3, #56]
 101:Core/Src/usart.c **** 
 251              		.loc 1 101 5 view .LVU81
 104:Core/Src/usart.c ****     HAL_NVIC_EnableIRQ(USART1_IRQn);
 252              		.loc 1 104 5 view .LVU82
 253 0098 0022     		movs	r2, #0
 254 009a 1146     		mov	r1, r2
 255 009c 2520     		movs	r0, #37
 256 009e FFF7FEFF 		bl	HAL_NVIC_SetPriority
 257              	.LVL8:
 105:Core/Src/usart.c ****   /* USER CODE BEGIN USART1_MspInit 1 */
 258              		.loc 1 105 5 view .LVU83
 259 00a2 2520     		movs	r0, #37
 260 00a4 FFF7FEFF 		bl	HAL_NVIC_EnableIRQ
 261              	.LVL9:
 262              		.loc 1 110 1 is_stmt 0 view .LVU84
 263 00a8 B9E7     		b	.L7
 264              	.L12:
  98:Core/Src/usart.c ****     }
 265              		.loc 1 98 7 is_stmt 1 view .LVU85
 266 00aa FFF7FEFF 		bl	Error_Handler
 267              	.LVL10:
 268 00ae F0E7     		b	.L9
 269              	.L14:
 270              		.align	2
 271              	.L13:
 272 00b0 00000240 		.word	1073872896
 273 00b4 00000000 		.word	.LANCHOR1
 274 00b8 40640240 		.word	1073898560
 275              		.cfi_endproc
 276              	.LFE135:
 278              		.section	.text.HAL_UART_MspDeInit,"ax",%progbits
 279              		.align	1
 280              		.global	HAL_UART_MspDeInit
 281              		.syntax unified
 282              		.thumb
 283              		.thumb_func
 284              		.fpu fpv4-sp-d16
 286              	HAL_UART_MspDeInit:
 287              	.LVL11:
 288              	.LFB136:
 111:Core/Src/usart.c **** 
 112:Core/Src/usart.c **** void HAL_UART_MspDeInit(UART_HandleTypeDef* uartHandle)
 113:Core/Src/usart.c **** {
 289              		.loc 1 113 1 view -0
 290              		.cfi_startproc
 291              		@ args = 0, pretend = 0, frame = 0
 292              		@ frame_needed = 0, uses_anonymous_args = 0
 114:Core/Src/usart.c **** 
 115:Core/Src/usart.c ****   if(uartHandle->Instance==USART1)
ARM GAS  /tmp/ccCjlHH1.s 			page 9


 293              		.loc 1 115 3 view .LVU87
 294              		.loc 1 115 16 is_stmt 0 view .LVU88
 295 0000 0268     		ldr	r2, [r0]
 296              		.loc 1 115 5 view .LVU89
 297 0002 0B4B     		ldr	r3, .L22
 298 0004 9A42     		cmp	r2, r3
 299 0006 00D0     		beq	.L21
 300 0008 7047     		bx	lr
 301              	.L21:
 113:Core/Src/usart.c **** 
 302              		.loc 1 113 1 view .LVU90
 303 000a 10B5     		push	{r4, lr}
 304              	.LCFI5:
 305              		.cfi_def_cfa_offset 8
 306              		.cfi_offset 4, -8
 307              		.cfi_offset 14, -4
 308 000c 0446     		mov	r4, r0
 116:Core/Src/usart.c ****   {
 117:Core/Src/usart.c ****   /* USER CODE BEGIN USART1_MspDeInit 0 */
 118:Core/Src/usart.c **** 
 119:Core/Src/usart.c ****   /* USER CODE END USART1_MspDeInit 0 */
 120:Core/Src/usart.c ****     /* Peripheral clock disable */
 121:Core/Src/usart.c ****     __HAL_RCC_USART1_CLK_DISABLE();
 309              		.loc 1 121 5 is_stmt 1 view .LVU91
 310 000e 094A     		ldr	r2, .L22+4
 311 0010 536C     		ldr	r3, [r2, #68]
 312 0012 23F01003 		bic	r3, r3, #16
 313 0016 5364     		str	r3, [r2, #68]
 122:Core/Src/usart.c **** 
 123:Core/Src/usart.c ****     /**USART1 GPIO Configuration
 124:Core/Src/usart.c ****     PA9     ------> USART1_TX
 125:Core/Src/usart.c ****     PA10     ------> USART1_RX
 126:Core/Src/usart.c ****     */
 127:Core/Src/usart.c ****     HAL_GPIO_DeInit(GPIOA, GPIO_PIN_9|GPIO_PIN_10);
 314              		.loc 1 127 5 view .LVU92
 315 0018 4FF4C061 		mov	r1, #1536
 316 001c 0648     		ldr	r0, .L22+8
 317              	.LVL12:
 318              		.loc 1 127 5 is_stmt 0 view .LVU93
 319 001e FFF7FEFF 		bl	HAL_GPIO_DeInit
 320              	.LVL13:
 128:Core/Src/usart.c **** 
 129:Core/Src/usart.c ****     /* USART1 DMA DeInit */
 130:Core/Src/usart.c ****     HAL_DMA_DeInit(uartHandle->hdmarx);
 321              		.loc 1 130 5 is_stmt 1 view .LVU94
 322 0022 E06B     		ldr	r0, [r4, #60]
 323 0024 FFF7FEFF 		bl	HAL_DMA_DeInit
 324              	.LVL14:
 131:Core/Src/usart.c **** 
 132:Core/Src/usart.c ****     /* USART1 interrupt Deinit */
 133:Core/Src/usart.c ****     HAL_NVIC_DisableIRQ(USART1_IRQn);
 325              		.loc 1 133 5 view .LVU95
 326 0028 2520     		movs	r0, #37
 327 002a FFF7FEFF 		bl	HAL_NVIC_DisableIRQ
 328              	.LVL15:
 134:Core/Src/usart.c ****   /* USER CODE BEGIN USART1_MspDeInit 1 */
 135:Core/Src/usart.c **** 
ARM GAS  /tmp/ccCjlHH1.s 			page 10


 136:Core/Src/usart.c ****   /* USER CODE END USART1_MspDeInit 1 */
 137:Core/Src/usart.c ****   }
 138:Core/Src/usart.c **** }
 329              		.loc 1 138 1 is_stmt 0 view .LVU96
 330 002e 10BD     		pop	{r4, pc}
 331              	.LVL16:
 332              	.L23:
 333              		.loc 1 138 1 view .LVU97
 334              		.align	2
 335              	.L22:
 336 0030 00100140 		.word	1073811456
 337 0034 00380240 		.word	1073887232
 338 0038 00000240 		.word	1073872896
 339              		.cfi_endproc
 340              	.LFE136:
 342              		.global	hdma_usart1_rx
 343              		.global	huart1
 344              		.section	.bss.hdma_usart1_rx,"aw",%nobits
 345              		.align	2
 346              		.set	.LANCHOR1,. + 0
 349              	hdma_usart1_rx:
 350 0000 00000000 		.space	96
 350      00000000 
 350      00000000 
 350      00000000 
 350      00000000 
 351              		.section	.bss.huart1,"aw",%nobits
 352              		.align	2
 353              		.set	.LANCHOR0,. + 0
 356              	huart1:
 357 0000 00000000 		.space	72
 357      00000000 
 357      00000000 
 357      00000000 
 357      00000000 
 358              		.text
 359              	.Letext0:
 360              		.file 2 "/usr/lib/gcc/arm-none-eabi/10.3.1/include/stdint.h"
 361              		.file 3 "Drivers/CMSIS/Device/ST/STM32F4xx/Include/stm32f411xe.h"
 362              		.file 4 "Drivers/STM32F4xx_HAL_Driver/Inc/stm32f4xx_hal_def.h"
 363              		.file 5 "Drivers/STM32F4xx_HAL_Driver/Inc/stm32f4xx_hal_gpio.h"
 364              		.file 6 "Drivers/STM32F4xx_HAL_Driver/Inc/stm32f4xx_hal_dma.h"
 365              		.file 7 "Drivers/STM32F4xx_HAL_Driver/Inc/stm32f4xx_hal_uart.h"
 366              		.file 8 "Core/Inc/usart.h"
 367              		.file 9 "Drivers/STM32F4xx_HAL_Driver/Inc/stm32f4xx_hal_cortex.h"
 368              		.file 10 "Core/Inc/main.h"
ARM GAS  /tmp/ccCjlHH1.s 			page 11


DEFINED SYMBOLS
                            *ABS*:0000000000000000 usart.c
     /tmp/ccCjlHH1.s:18     .text.MX_USART1_UART_Init:0000000000000000 $t
     /tmp/ccCjlHH1.s:26     .text.MX_USART1_UART_Init:0000000000000000 MX_USART1_UART_Init
     /tmp/ccCjlHH1.s:85     .text.MX_USART1_UART_Init:000000000000002c $d
     /tmp/ccCjlHH1.s:91     .text.HAL_UART_MspInit:0000000000000000 $t
     /tmp/ccCjlHH1.s:98     .text.HAL_UART_MspInit:0000000000000000 HAL_UART_MspInit
     /tmp/ccCjlHH1.s:272    .text.HAL_UART_MspInit:00000000000000b0 $d
     /tmp/ccCjlHH1.s:279    .text.HAL_UART_MspDeInit:0000000000000000 $t
     /tmp/ccCjlHH1.s:286    .text.HAL_UART_MspDeInit:0000000000000000 HAL_UART_MspDeInit
     /tmp/ccCjlHH1.s:336    .text.HAL_UART_MspDeInit:0000000000000030 $d
     /tmp/ccCjlHH1.s:349    .bss.hdma_usart1_rx:0000000000000000 hdma_usart1_rx
     /tmp/ccCjlHH1.s:356    .bss.huart1:0000000000000000 huart1
     /tmp/ccCjlHH1.s:345    .bss.hdma_usart1_rx:0000000000000000 $d
     /tmp/ccCjlHH1.s:352    .bss.huart1:0000000000000000 $d

UNDEFINED SYMBOLS
HAL_UART_Init
Error_Handler
HAL_GPIO_Init
HAL_DMA_Init
HAL_NVIC_SetPriority
HAL_NVIC_EnableIRQ
HAL_GPIO_DeInit
HAL_DMA_DeInit
HAL_NVIC_DisableIRQ
