ARM GAS  C:\Users\Dennis\AppData\Local\Temp\ccKSMiIj.s 			page 1


   1              		.cpu cortex-m4
   2              		.arch armv7e-m
   3              		.fpu fpv4-sp-d16
   4              		.eabi_attribute 27, 1
   5              		.eabi_attribute 28, 1
   6              		.eabi_attribute 20, 1
   7              		.eabi_attribute 21, 1
   8              		.eabi_attribute 23, 3
   9              		.eabi_attribute 24, 1
  10              		.eabi_attribute 25, 1
  11              		.eabi_attribute 26, 1
  12              		.eabi_attribute 30, 1
  13              		.eabi_attribute 34, 1
  14              		.eabi_attribute 18, 4
  15              		.file	"adc.c"
  16              		.text
  17              	.Ltext0:
  18              		.cfi_sections	.debug_frame
  19              		.section	.text.MX_ADC1_Init,"ax",%progbits
  20              		.align	1
  21              		.global	MX_ADC1_Init
  22              		.syntax unified
  23              		.thumb
  24              		.thumb_func
  26              	MX_ADC1_Init:
  27              	.LFB220:
  28              		.file 1 "Core/Src/adc.c"
   1:Core/Src/adc.c **** /* USER CODE BEGIN Header */
   2:Core/Src/adc.c **** /**
   3:Core/Src/adc.c ****   ******************************************************************************
   4:Core/Src/adc.c ****   * @file    adc.c
   5:Core/Src/adc.c ****   * @brief   This file provides code for the configuration
   6:Core/Src/adc.c ****   *          of the ADC instances.
   7:Core/Src/adc.c ****   ******************************************************************************
   8:Core/Src/adc.c ****   * @attention
   9:Core/Src/adc.c ****   *
  10:Core/Src/adc.c ****   * Copyright (c) 2024 STMicroelectronics.
  11:Core/Src/adc.c ****   * All rights reserved.
  12:Core/Src/adc.c ****   *
  13:Core/Src/adc.c ****   * This software is licensed under terms that can be found in the LICENSE file
  14:Core/Src/adc.c ****   * in the root directory of this software component.
  15:Core/Src/adc.c ****   * If no LICENSE file comes with this software, it is provided AS-IS.
  16:Core/Src/adc.c ****   *
  17:Core/Src/adc.c ****   ******************************************************************************
  18:Core/Src/adc.c ****   */
  19:Core/Src/adc.c **** /* USER CODE END Header */
  20:Core/Src/adc.c **** /* Includes ------------------------------------------------------------------*/
  21:Core/Src/adc.c **** #include "adc.h"
  22:Core/Src/adc.c **** 
  23:Core/Src/adc.c **** /* USER CODE BEGIN 0 */
  24:Core/Src/adc.c **** 
  25:Core/Src/adc.c **** /* USER CODE END 0 */
  26:Core/Src/adc.c **** 
  27:Core/Src/adc.c **** ADC_HandleTypeDef hadc1;
  28:Core/Src/adc.c **** DMA_HandleTypeDef hdma_adc1;
  29:Core/Src/adc.c **** 
  30:Core/Src/adc.c **** /* ADC1 init function */
ARM GAS  C:\Users\Dennis\AppData\Local\Temp\ccKSMiIj.s 			page 2


  31:Core/Src/adc.c **** void MX_ADC1_Init(void)
  32:Core/Src/adc.c **** {
  29              		.loc 1 32 1 view -0
  30              		.cfi_startproc
  31              		@ args = 0, pretend = 0, frame = 48
  32              		@ frame_needed = 0, uses_anonymous_args = 0
  33 0000 10B5     		push	{r4, lr}
  34              	.LCFI0:
  35              		.cfi_def_cfa_offset 8
  36              		.cfi_offset 4, -8
  37              		.cfi_offset 14, -4
  38 0002 8CB0     		sub	sp, sp, #48
  39              	.LCFI1:
  40              		.cfi_def_cfa_offset 56
  33:Core/Src/adc.c **** 
  34:Core/Src/adc.c ****   /* USER CODE BEGIN ADC1_Init 0 */
  35:Core/Src/adc.c **** 
  36:Core/Src/adc.c ****   /* USER CODE END ADC1_Init 0 */
  37:Core/Src/adc.c **** 
  38:Core/Src/adc.c ****   ADC_ChannelConfTypeDef sConfig = {0};
  41              		.loc 1 38 3 view .LVU1
  42              		.loc 1 38 26 is_stmt 0 view .LVU2
  43 0004 0024     		movs	r4, #0
  44 0006 0894     		str	r4, [sp, #32]
  45 0008 0994     		str	r4, [sp, #36]
  46 000a 0A94     		str	r4, [sp, #40]
  47 000c 0B94     		str	r4, [sp, #44]
  39:Core/Src/adc.c ****   ADC_InjectionConfTypeDef sConfigInjected = {0};
  48              		.loc 1 39 3 is_stmt 1 view .LVU3
  49              		.loc 1 39 28 is_stmt 0 view .LVU4
  50 000e 2022     		movs	r2, #32
  51 0010 2146     		mov	r1, r4
  52 0012 6846     		mov	r0, sp
  53 0014 FFF7FEFF 		bl	memset
  54              	.LVL0:
  40:Core/Src/adc.c **** 
  41:Core/Src/adc.c ****   /* USER CODE BEGIN ADC1_Init 1 */
  42:Core/Src/adc.c **** 
  43:Core/Src/adc.c ****   /* USER CODE END ADC1_Init 1 */
  44:Core/Src/adc.c **** 
  45:Core/Src/adc.c ****   /** Configure the global features of the ADC (Clock, Resolution, Data Alignment and number of con
  46:Core/Src/adc.c ****   */
  47:Core/Src/adc.c ****   hadc1.Instance = ADC1;
  55              		.loc 1 47 3 is_stmt 1 view .LVU5
  56              		.loc 1 47 18 is_stmt 0 view .LVU6
  57 0018 1F48     		ldr	r0, .L9
  58 001a 204B     		ldr	r3, .L9+4
  59 001c 0360     		str	r3, [r0]
  48:Core/Src/adc.c ****   hadc1.Init.ClockPrescaler = ADC_CLOCK_SYNC_PCLK_DIV4;
  60              		.loc 1 48 3 is_stmt 1 view .LVU7
  61              		.loc 1 48 29 is_stmt 0 view .LVU8
  62 001e 4FF48033 		mov	r3, #65536
  63 0022 4360     		str	r3, [r0, #4]
  49:Core/Src/adc.c ****   hadc1.Init.Resolution = ADC_RESOLUTION_12B;
  64              		.loc 1 49 3 is_stmt 1 view .LVU9
  65              		.loc 1 49 25 is_stmt 0 view .LVU10
  66 0024 8460     		str	r4, [r0, #8]
ARM GAS  C:\Users\Dennis\AppData\Local\Temp\ccKSMiIj.s 			page 3


  50:Core/Src/adc.c ****   hadc1.Init.ScanConvMode = DISABLE;
  67              		.loc 1 50 3 is_stmt 1 view .LVU11
  68              		.loc 1 50 27 is_stmt 0 view .LVU12
  69 0026 0461     		str	r4, [r0, #16]
  51:Core/Src/adc.c ****   hadc1.Init.ContinuousConvMode = ENABLE;
  70              		.loc 1 51 3 is_stmt 1 view .LVU13
  71              		.loc 1 51 33 is_stmt 0 view .LVU14
  72 0028 0123     		movs	r3, #1
  73 002a 0376     		strb	r3, [r0, #24]
  52:Core/Src/adc.c ****   hadc1.Init.DiscontinuousConvMode = DISABLE;
  74              		.loc 1 52 3 is_stmt 1 view .LVU15
  75              		.loc 1 52 36 is_stmt 0 view .LVU16
  76 002c 80F82040 		strb	r4, [r0, #32]
  53:Core/Src/adc.c ****   hadc1.Init.ExternalTrigConvEdge = ADC_EXTERNALTRIGCONVEDGE_NONE;
  77              		.loc 1 53 3 is_stmt 1 view .LVU17
  78              		.loc 1 53 35 is_stmt 0 view .LVU18
  79 0030 C462     		str	r4, [r0, #44]
  54:Core/Src/adc.c ****   hadc1.Init.ExternalTrigConv = ADC_SOFTWARE_START;
  80              		.loc 1 54 3 is_stmt 1 view .LVU19
  81              		.loc 1 54 31 is_stmt 0 view .LVU20
  82 0032 1B4A     		ldr	r2, .L9+8
  83 0034 8262     		str	r2, [r0, #40]
  55:Core/Src/adc.c ****   hadc1.Init.DataAlign = ADC_DATAALIGN_RIGHT;
  84              		.loc 1 55 3 is_stmt 1 view .LVU21
  85              		.loc 1 55 24 is_stmt 0 view .LVU22
  86 0036 C460     		str	r4, [r0, #12]
  56:Core/Src/adc.c ****   hadc1.Init.NbrOfConversion = 1;
  87              		.loc 1 56 3 is_stmt 1 view .LVU23
  88              		.loc 1 56 30 is_stmt 0 view .LVU24
  89 0038 C361     		str	r3, [r0, #28]
  57:Core/Src/adc.c ****   hadc1.Init.DMAContinuousRequests = ENABLE;
  90              		.loc 1 57 3 is_stmt 1 view .LVU25
  91              		.loc 1 57 36 is_stmt 0 view .LVU26
  92 003a 80F83030 		strb	r3, [r0, #48]
  58:Core/Src/adc.c ****   hadc1.Init.EOCSelection = ADC_EOC_SINGLE_CONV;
  93              		.loc 1 58 3 is_stmt 1 view .LVU27
  94              		.loc 1 58 27 is_stmt 0 view .LVU28
  95 003e 4361     		str	r3, [r0, #20]
  59:Core/Src/adc.c ****   if (HAL_ADC_Init(&hadc1) != HAL_OK)
  96              		.loc 1 59 3 is_stmt 1 view .LVU29
  97              		.loc 1 59 7 is_stmt 0 view .LVU30
  98 0040 FFF7FEFF 		bl	HAL_ADC_Init
  99              	.LVL1:
 100              		.loc 1 59 6 view .LVU31
 101 0044 F8B9     		cbnz	r0, .L6
 102              	.L2:
  60:Core/Src/adc.c ****   {
  61:Core/Src/adc.c ****     Error_Handler();
  62:Core/Src/adc.c ****   }
  63:Core/Src/adc.c **** 
  64:Core/Src/adc.c ****   /** Configure for the selected ADC regular channel its corresponding rank in the sequencer and it
  65:Core/Src/adc.c ****   */
  66:Core/Src/adc.c ****   sConfig.Channel = ADC_CHANNEL_TEMPSENSOR;
 103              		.loc 1 66 3 is_stmt 1 view .LVU32
 104              		.loc 1 66 19 is_stmt 0 view .LVU33
 105 0046 174B     		ldr	r3, .L9+12
 106 0048 0893     		str	r3, [sp, #32]
ARM GAS  C:\Users\Dennis\AppData\Local\Temp\ccKSMiIj.s 			page 4


  67:Core/Src/adc.c ****   sConfig.Rank = 1;
 107              		.loc 1 67 3 is_stmt 1 view .LVU34
 108              		.loc 1 67 16 is_stmt 0 view .LVU35
 109 004a 0123     		movs	r3, #1
 110 004c 0993     		str	r3, [sp, #36]
  68:Core/Src/adc.c ****   sConfig.SamplingTime = ADC_SAMPLETIME_15CYCLES;
 111              		.loc 1 68 3 is_stmt 1 view .LVU36
 112              		.loc 1 68 24 is_stmt 0 view .LVU37
 113 004e 0A93     		str	r3, [sp, #40]
  69:Core/Src/adc.c ****   if (HAL_ADC_ConfigChannel(&hadc1, &sConfig) != HAL_OK)
 114              		.loc 1 69 3 is_stmt 1 view .LVU38
 115              		.loc 1 69 7 is_stmt 0 view .LVU39
 116 0050 08A9     		add	r1, sp, #32
 117 0052 1148     		ldr	r0, .L9
 118 0054 FFF7FEFF 		bl	HAL_ADC_ConfigChannel
 119              	.LVL2:
 120              		.loc 1 69 6 view .LVU40
 121 0058 C0B9     		cbnz	r0, .L7
 122              	.L3:
  70:Core/Src/adc.c ****   {
  71:Core/Src/adc.c ****     Error_Handler();
  72:Core/Src/adc.c ****   }
  73:Core/Src/adc.c **** 
  74:Core/Src/adc.c ****   /** Configures for the selected ADC injected channel its corresponding rank in the sequencer and 
  75:Core/Src/adc.c ****   */
  76:Core/Src/adc.c ****   sConfigInjected.InjectedChannel = ADC_CHANNEL_TEMPSENSOR;
 123              		.loc 1 76 3 is_stmt 1 view .LVU41
 124              		.loc 1 76 35 is_stmt 0 view .LVU42
 125 005a 124B     		ldr	r3, .L9+12
 126 005c 0093     		str	r3, [sp]
  77:Core/Src/adc.c ****   sConfigInjected.InjectedRank = 1;
 127              		.loc 1 77 3 is_stmt 1 view .LVU43
 128              		.loc 1 77 32 is_stmt 0 view .LVU44
 129 005e 0123     		movs	r3, #1
 130 0060 0193     		str	r3, [sp, #4]
  78:Core/Src/adc.c ****   sConfigInjected.InjectedNbrOfConversion = 1;
 131              		.loc 1 78 3 is_stmt 1 view .LVU45
 132              		.loc 1 78 43 is_stmt 0 view .LVU46
 133 0062 0493     		str	r3, [sp, #16]
  79:Core/Src/adc.c ****   sConfigInjected.InjectedSamplingTime = ADC_SAMPLETIME_15CYCLES;
 134              		.loc 1 79 3 is_stmt 1 view .LVU47
 135              		.loc 1 79 40 is_stmt 0 view .LVU48
 136 0064 0293     		str	r3, [sp, #8]
  80:Core/Src/adc.c ****   sConfigInjected.ExternalTrigInjecConvEdge = ADC_EXTERNALTRIGINJECCONVEDGE_NONE;
 137              		.loc 1 80 3 is_stmt 1 view .LVU49
 138              		.loc 1 80 45 is_stmt 0 view .LVU50
 139 0066 0022     		movs	r2, #0
 140 0068 0792     		str	r2, [sp, #28]
  81:Core/Src/adc.c ****   sConfigInjected.ExternalTrigInjecConv = ADC_INJECTED_SOFTWARE_START;
 141              		.loc 1 81 3 is_stmt 1 view .LVU51
 142              		.loc 1 81 41 is_stmt 0 view .LVU52
 143 006a 0F49     		ldr	r1, .L9+16
 144 006c 0691     		str	r1, [sp, #24]
  82:Core/Src/adc.c ****   sConfigInjected.AutoInjectedConv = ENABLE;
 145              		.loc 1 82 3 is_stmt 1 view .LVU53
 146              		.loc 1 82 36 is_stmt 0 view .LVU54
 147 006e 8DF81530 		strb	r3, [sp, #21]
ARM GAS  C:\Users\Dennis\AppData\Local\Temp\ccKSMiIj.s 			page 5


  83:Core/Src/adc.c ****   sConfigInjected.InjectedDiscontinuousConvMode = DISABLE;
 148              		.loc 1 83 3 is_stmt 1 view .LVU55
 149              		.loc 1 83 49 is_stmt 0 view .LVU56
 150 0072 8DF81420 		strb	r2, [sp, #20]
  84:Core/Src/adc.c ****   sConfigInjected.InjectedOffset = 0;
 151              		.loc 1 84 3 is_stmt 1 view .LVU57
 152              		.loc 1 84 34 is_stmt 0 view .LVU58
 153 0076 0392     		str	r2, [sp, #12]
  85:Core/Src/adc.c ****   if (HAL_ADCEx_InjectedConfigChannel(&hadc1, &sConfigInjected) != HAL_OK)
 154              		.loc 1 85 3 is_stmt 1 view .LVU59
 155              		.loc 1 85 7 is_stmt 0 view .LVU60
 156 0078 6946     		mov	r1, sp
 157 007a 0748     		ldr	r0, .L9
 158 007c FFF7FEFF 		bl	HAL_ADCEx_InjectedConfigChannel
 159              	.LVL3:
 160              		.loc 1 85 6 view .LVU61
 161 0080 38B9     		cbnz	r0, .L8
 162              	.L1:
  86:Core/Src/adc.c ****   {
  87:Core/Src/adc.c ****     Error_Handler();
  88:Core/Src/adc.c ****   }
  89:Core/Src/adc.c ****   /* USER CODE BEGIN ADC1_Init 2 */
  90:Core/Src/adc.c **** 
  91:Core/Src/adc.c ****   /* USER CODE END ADC1_Init 2 */
  92:Core/Src/adc.c **** 
  93:Core/Src/adc.c **** }
 163              		.loc 1 93 1 view .LVU62
 164 0082 0CB0     		add	sp, sp, #48
 165              	.LCFI2:
 166              		.cfi_remember_state
 167              		.cfi_def_cfa_offset 8
 168              		@ sp needed
 169 0084 10BD     		pop	{r4, pc}
 170              	.L6:
 171              	.LCFI3:
 172              		.cfi_restore_state
  61:Core/Src/adc.c ****   }
 173              		.loc 1 61 5 is_stmt 1 view .LVU63
 174 0086 FFF7FEFF 		bl	Error_Handler
 175              	.LVL4:
 176 008a DCE7     		b	.L2
 177              	.L7:
  71:Core/Src/adc.c ****   }
 178              		.loc 1 71 5 view .LVU64
 179 008c FFF7FEFF 		bl	Error_Handler
 180              	.LVL5:
 181 0090 E3E7     		b	.L3
 182              	.L8:
  87:Core/Src/adc.c ****   }
 183              		.loc 1 87 5 view .LVU65
 184 0092 FFF7FEFF 		bl	Error_Handler
 185              	.LVL6:
 186              		.loc 1 93 1 is_stmt 0 view .LVU66
 187 0096 F4E7     		b	.L1
 188              	.L10:
 189              		.align	2
 190              	.L9:
ARM GAS  C:\Users\Dennis\AppData\Local\Temp\ccKSMiIj.s 			page 6


 191 0098 00000000 		.word	.LANCHOR0
 192 009c 00200140 		.word	1073815552
 193 00a0 0100000F 		.word	251658241
 194 00a4 12000010 		.word	268435474
 195 00a8 01000F00 		.word	983041
 196              		.cfi_endproc
 197              	.LFE220:
 199              		.section	.text.HAL_ADC_MspInit,"ax",%progbits
 200              		.align	1
 201              		.global	HAL_ADC_MspInit
 202              		.syntax unified
 203              		.thumb
 204              		.thumb_func
 206              	HAL_ADC_MspInit:
 207              	.LVL7:
 208              	.LFB221:
  94:Core/Src/adc.c **** 
  95:Core/Src/adc.c **** void HAL_ADC_MspInit(ADC_HandleTypeDef* adcHandle)
  96:Core/Src/adc.c **** {
 209              		.loc 1 96 1 is_stmt 1 view -0
 210              		.cfi_startproc
 211              		@ args = 0, pretend = 0, frame = 8
 212              		@ frame_needed = 0, uses_anonymous_args = 0
  97:Core/Src/adc.c **** 
  98:Core/Src/adc.c ****   if(adcHandle->Instance==ADC1)
 213              		.loc 1 98 3 view .LVU68
 214              		.loc 1 98 15 is_stmt 0 view .LVU69
 215 0000 0268     		ldr	r2, [r0]
 216              		.loc 1 98 5 view .LVU70
 217 0002 1D4B     		ldr	r3, .L20
 218 0004 9A42     		cmp	r2, r3
 219 0006 00D0     		beq	.L18
 220 0008 7047     		bx	lr
 221              	.L18:
  96:Core/Src/adc.c **** 
 222              		.loc 1 96 1 view .LVU71
 223 000a 10B5     		push	{r4, lr}
 224              	.LCFI4:
 225              		.cfi_def_cfa_offset 8
 226              		.cfi_offset 4, -8
 227              		.cfi_offset 14, -4
 228 000c 82B0     		sub	sp, sp, #8
 229              	.LCFI5:
 230              		.cfi_def_cfa_offset 16
 231 000e 0446     		mov	r4, r0
  99:Core/Src/adc.c ****   {
 100:Core/Src/adc.c ****   /* USER CODE BEGIN ADC1_MspInit 0 */
 101:Core/Src/adc.c **** 
 102:Core/Src/adc.c ****   /* USER CODE END ADC1_MspInit 0 */
 103:Core/Src/adc.c ****     /* ADC1 clock enable */
 104:Core/Src/adc.c ****     __HAL_RCC_ADC1_CLK_ENABLE();
 232              		.loc 1 104 5 is_stmt 1 view .LVU72
 233              	.LBB2:
 234              		.loc 1 104 5 view .LVU73
 235 0010 0023     		movs	r3, #0
 236 0012 0193     		str	r3, [sp, #4]
 237              		.loc 1 104 5 view .LVU74
ARM GAS  C:\Users\Dennis\AppData\Local\Temp\ccKSMiIj.s 			page 7


 238 0014 194A     		ldr	r2, .L20+4
 239 0016 516C     		ldr	r1, [r2, #68]
 240 0018 41F48071 		orr	r1, r1, #256
 241 001c 5164     		str	r1, [r2, #68]
 242              		.loc 1 104 5 view .LVU75
 243 001e 526C     		ldr	r2, [r2, #68]
 244 0020 02F48072 		and	r2, r2, #256
 245 0024 0192     		str	r2, [sp, #4]
 246              		.loc 1 104 5 view .LVU76
 247 0026 019A     		ldr	r2, [sp, #4]
 248              	.LBE2:
 249              		.loc 1 104 5 view .LVU77
 105:Core/Src/adc.c **** 
 106:Core/Src/adc.c ****     /* ADC1 DMA Init */
 107:Core/Src/adc.c ****     /* ADC1 Init */
 108:Core/Src/adc.c ****     hdma_adc1.Instance = DMA2_Stream4;
 250              		.loc 1 108 5 view .LVU78
 251              		.loc 1 108 24 is_stmt 0 view .LVU79
 252 0028 1548     		ldr	r0, .L20+8
 253              	.LVL8:
 254              		.loc 1 108 24 view .LVU80
 255 002a 164A     		ldr	r2, .L20+12
 256 002c 0260     		str	r2, [r0]
 109:Core/Src/adc.c ****     hdma_adc1.Init.Channel = DMA_CHANNEL_0;
 257              		.loc 1 109 5 is_stmt 1 view .LVU81
 258              		.loc 1 109 28 is_stmt 0 view .LVU82
 259 002e 4360     		str	r3, [r0, #4]
 110:Core/Src/adc.c ****     hdma_adc1.Init.Direction = DMA_PERIPH_TO_MEMORY;
 260              		.loc 1 110 5 is_stmt 1 view .LVU83
 261              		.loc 1 110 30 is_stmt 0 view .LVU84
 262 0030 8360     		str	r3, [r0, #8]
 111:Core/Src/adc.c ****     hdma_adc1.Init.PeriphInc = DMA_PINC_DISABLE;
 263              		.loc 1 111 5 is_stmt 1 view .LVU85
 264              		.loc 1 111 30 is_stmt 0 view .LVU86
 265 0032 C360     		str	r3, [r0, #12]
 112:Core/Src/adc.c ****     hdma_adc1.Init.MemInc = DMA_MINC_ENABLE;
 266              		.loc 1 112 5 is_stmt 1 view .LVU87
 267              		.loc 1 112 27 is_stmt 0 view .LVU88
 268 0034 4FF48062 		mov	r2, #1024
 269 0038 0261     		str	r2, [r0, #16]
 113:Core/Src/adc.c ****     hdma_adc1.Init.PeriphDataAlignment = DMA_PDATAALIGN_HALFWORD;
 270              		.loc 1 113 5 is_stmt 1 view .LVU89
 271              		.loc 1 113 40 is_stmt 0 view .LVU90
 272 003a 4FF40062 		mov	r2, #2048
 273 003e 4261     		str	r2, [r0, #20]
 114:Core/Src/adc.c ****     hdma_adc1.Init.MemDataAlignment = DMA_MDATAALIGN_HALFWORD;
 274              		.loc 1 114 5 is_stmt 1 view .LVU91
 275              		.loc 1 114 37 is_stmt 0 view .LVU92
 276 0040 4FF40052 		mov	r2, #8192
 277 0044 8261     		str	r2, [r0, #24]
 115:Core/Src/adc.c ****     hdma_adc1.Init.Mode = DMA_CIRCULAR;
 278              		.loc 1 115 5 is_stmt 1 view .LVU93
 279              		.loc 1 115 25 is_stmt 0 view .LVU94
 280 0046 4FF48072 		mov	r2, #256
 281 004a C261     		str	r2, [r0, #28]
 116:Core/Src/adc.c ****     hdma_adc1.Init.Priority = DMA_PRIORITY_LOW;
 282              		.loc 1 116 5 is_stmt 1 view .LVU95
ARM GAS  C:\Users\Dennis\AppData\Local\Temp\ccKSMiIj.s 			page 8


 283              		.loc 1 116 29 is_stmt 0 view .LVU96
 284 004c 0362     		str	r3, [r0, #32]
 117:Core/Src/adc.c ****     hdma_adc1.Init.FIFOMode = DMA_FIFOMODE_DISABLE;
 285              		.loc 1 117 5 is_stmt 1 view .LVU97
 286              		.loc 1 117 29 is_stmt 0 view .LVU98
 287 004e 4362     		str	r3, [r0, #36]
 118:Core/Src/adc.c ****     if (HAL_DMA_Init(&hdma_adc1) != HAL_OK)
 288              		.loc 1 118 5 is_stmt 1 view .LVU99
 289              		.loc 1 118 9 is_stmt 0 view .LVU100
 290 0050 FFF7FEFF 		bl	HAL_DMA_Init
 291              	.LVL9:
 292              		.loc 1 118 8 view .LVU101
 293 0054 60B9     		cbnz	r0, .L19
 294              	.L13:
 119:Core/Src/adc.c ****     {
 120:Core/Src/adc.c ****       Error_Handler();
 121:Core/Src/adc.c ****     }
 122:Core/Src/adc.c **** 
 123:Core/Src/adc.c ****     __HAL_LINKDMA(adcHandle,DMA_Handle,hdma_adc1);
 295              		.loc 1 123 5 is_stmt 1 view .LVU102
 296              		.loc 1 123 5 view .LVU103
 297 0056 0A4B     		ldr	r3, .L20+8
 298 0058 A363     		str	r3, [r4, #56]
 299              		.loc 1 123 5 view .LVU104
 300 005a 9C63     		str	r4, [r3, #56]
 301              		.loc 1 123 5 view .LVU105
 124:Core/Src/adc.c **** 
 125:Core/Src/adc.c ****     /* ADC1 interrupt Init */
 126:Core/Src/adc.c ****     HAL_NVIC_SetPriority(ADC_IRQn, 0, 0);
 302              		.loc 1 126 5 view .LVU106
 303 005c 0022     		movs	r2, #0
 304 005e 1146     		mov	r1, r2
 305 0060 1220     		movs	r0, #18
 306 0062 FFF7FEFF 		bl	HAL_NVIC_SetPriority
 307              	.LVL10:
 127:Core/Src/adc.c ****     HAL_NVIC_EnableIRQ(ADC_IRQn);
 308              		.loc 1 127 5 view .LVU107
 309 0066 1220     		movs	r0, #18
 310 0068 FFF7FEFF 		bl	HAL_NVIC_EnableIRQ
 311              	.LVL11:
 128:Core/Src/adc.c ****   /* USER CODE BEGIN ADC1_MspInit 1 */
 129:Core/Src/adc.c **** 
 130:Core/Src/adc.c ****   /* USER CODE END ADC1_MspInit 1 */
 131:Core/Src/adc.c ****   }
 132:Core/Src/adc.c **** }
 312              		.loc 1 132 1 is_stmt 0 view .LVU108
 313 006c 02B0     		add	sp, sp, #8
 314              	.LCFI6:
 315              		.cfi_remember_state
 316              		.cfi_def_cfa_offset 8
 317              		@ sp needed
 318 006e 10BD     		pop	{r4, pc}
 319              	.LVL12:
 320              	.L19:
 321              	.LCFI7:
 322              		.cfi_restore_state
 120:Core/Src/adc.c ****     }
ARM GAS  C:\Users\Dennis\AppData\Local\Temp\ccKSMiIj.s 			page 9


 323              		.loc 1 120 7 is_stmt 1 view .LVU109
 324 0070 FFF7FEFF 		bl	Error_Handler
 325              	.LVL13:
 326 0074 EFE7     		b	.L13
 327              	.L21:
 328 0076 00BF     		.align	2
 329              	.L20:
 330 0078 00200140 		.word	1073815552
 331 007c 00380240 		.word	1073887232
 332 0080 00000000 		.word	.LANCHOR1
 333 0084 70640240 		.word	1073898608
 334              		.cfi_endproc
 335              	.LFE221:
 337              		.section	.text.HAL_ADC_MspDeInit,"ax",%progbits
 338              		.align	1
 339              		.global	HAL_ADC_MspDeInit
 340              		.syntax unified
 341              		.thumb
 342              		.thumb_func
 344              	HAL_ADC_MspDeInit:
 345              	.LVL14:
 346              	.LFB222:
 133:Core/Src/adc.c **** 
 134:Core/Src/adc.c **** void HAL_ADC_MspDeInit(ADC_HandleTypeDef* adcHandle)
 135:Core/Src/adc.c **** {
 347              		.loc 1 135 1 view -0
 348              		.cfi_startproc
 349              		@ args = 0, pretend = 0, frame = 0
 350              		@ frame_needed = 0, uses_anonymous_args = 0
 351              		.loc 1 135 1 is_stmt 0 view .LVU111
 352 0000 08B5     		push	{r3, lr}
 353              	.LCFI8:
 354              		.cfi_def_cfa_offset 8
 355              		.cfi_offset 3, -8
 356              		.cfi_offset 14, -4
 136:Core/Src/adc.c **** 
 137:Core/Src/adc.c ****   if(adcHandle->Instance==ADC1)
 357              		.loc 1 137 3 is_stmt 1 view .LVU112
 358              		.loc 1 137 15 is_stmt 0 view .LVU113
 359 0002 0268     		ldr	r2, [r0]
 360              		.loc 1 137 5 view .LVU114
 361 0004 074B     		ldr	r3, .L26
 362 0006 9A42     		cmp	r2, r3
 363 0008 00D0     		beq	.L25
 364              	.LVL15:
 365              	.L22:
 138:Core/Src/adc.c ****   {
 139:Core/Src/adc.c ****   /* USER CODE BEGIN ADC1_MspDeInit 0 */
 140:Core/Src/adc.c **** 
 141:Core/Src/adc.c ****   /* USER CODE END ADC1_MspDeInit 0 */
 142:Core/Src/adc.c ****     /* Peripheral clock disable */
 143:Core/Src/adc.c ****     __HAL_RCC_ADC1_CLK_DISABLE();
 144:Core/Src/adc.c **** 
 145:Core/Src/adc.c ****     /* ADC1 DMA DeInit */
 146:Core/Src/adc.c ****     HAL_DMA_DeInit(adcHandle->DMA_Handle);
 147:Core/Src/adc.c **** 
 148:Core/Src/adc.c ****     /* ADC1 interrupt Deinit */
ARM GAS  C:\Users\Dennis\AppData\Local\Temp\ccKSMiIj.s 			page 10


 149:Core/Src/adc.c ****     HAL_NVIC_DisableIRQ(ADC_IRQn);
 150:Core/Src/adc.c ****   /* USER CODE BEGIN ADC1_MspDeInit 1 */
 151:Core/Src/adc.c **** 
 152:Core/Src/adc.c ****   /* USER CODE END ADC1_MspDeInit 1 */
 153:Core/Src/adc.c ****   }
 154:Core/Src/adc.c **** }
 366              		.loc 1 154 1 view .LVU115
 367 000a 08BD     		pop	{r3, pc}
 368              	.LVL16:
 369              	.L25:
 143:Core/Src/adc.c **** 
 370              		.loc 1 143 5 is_stmt 1 view .LVU116
 371 000c 064A     		ldr	r2, .L26+4
 372 000e 536C     		ldr	r3, [r2, #68]
 373 0010 23F48073 		bic	r3, r3, #256
 374 0014 5364     		str	r3, [r2, #68]
 146:Core/Src/adc.c **** 
 375              		.loc 1 146 5 view .LVU117
 376 0016 806B     		ldr	r0, [r0, #56]
 377              	.LVL17:
 146:Core/Src/adc.c **** 
 378              		.loc 1 146 5 is_stmt 0 view .LVU118
 379 0018 FFF7FEFF 		bl	HAL_DMA_DeInit
 380              	.LVL18:
 149:Core/Src/adc.c ****   /* USER CODE BEGIN ADC1_MspDeInit 1 */
 381              		.loc 1 149 5 is_stmt 1 view .LVU119
 382 001c 1220     		movs	r0, #18
 383 001e FFF7FEFF 		bl	HAL_NVIC_DisableIRQ
 384              	.LVL19:
 385              		.loc 1 154 1 is_stmt 0 view .LVU120
 386 0022 F2E7     		b	.L22
 387              	.L27:
 388              		.align	2
 389              	.L26:
 390 0024 00200140 		.word	1073815552
 391 0028 00380240 		.word	1073887232
 392              		.cfi_endproc
 393              	.LFE222:
 395              		.global	hdma_adc1
 396              		.global	hadc1
 397              		.section	.bss.hadc1,"aw",%nobits
 398              		.align	2
 399              		.set	.LANCHOR0,. + 0
 402              	hadc1:
 403 0000 00000000 		.space	72
 403      00000000 
 403      00000000 
 403      00000000 
 403      00000000 
 404              		.section	.bss.hdma_adc1,"aw",%nobits
 405              		.align	2
 406              		.set	.LANCHOR1,. + 0
 409              	hdma_adc1:
 410 0000 00000000 		.space	96
 410      00000000 
 410      00000000 
 410      00000000 
ARM GAS  C:\Users\Dennis\AppData\Local\Temp\ccKSMiIj.s 			page 11


 410      00000000 
 411              		.text
 412              	.Letext0:
 413              		.file 2 "c:\\software_user\\armgcc\\arm-none-eabi\\include\\machine\\_default_types.h"
 414              		.file 3 "c:\\software_user\\armgcc\\arm-none-eabi\\include\\sys\\_stdint.h"
 415              		.file 4 "Drivers/CMSIS/Device/ST/STM32F4xx/Include/stm32f411xe.h"
 416              		.file 5 "Drivers/CMSIS/Device/ST/STM32F4xx/Include/stm32f4xx.h"
 417              		.file 6 "Drivers/STM32F4xx_HAL_Driver/Inc/stm32f4xx_hal_def.h"
 418              		.file 7 "Drivers/STM32F4xx_HAL_Driver/Inc/stm32f4xx_hal_dma.h"
 419              		.file 8 "Drivers/STM32F4xx_HAL_Driver/Inc/stm32f4xx_hal_adc.h"
 420              		.file 9 "Drivers/STM32F4xx_HAL_Driver/Inc/stm32f4xx_hal_adc_ex.h"
 421              		.file 10 "Core/Inc/adc.h"
 422              		.file 11 "Drivers/STM32F4xx_HAL_Driver/Inc/stm32f4xx_hal_cortex.h"
 423              		.file 12 "Core/Inc/main.h"
 424              		.file 13 "<built-in>"
ARM GAS  C:\Users\Dennis\AppData\Local\Temp\ccKSMiIj.s 			page 12


DEFINED SYMBOLS
                            *ABS*:00000000 adc.c
C:\Users\Dennis\AppData\Local\Temp\ccKSMiIj.s:20     .text.MX_ADC1_Init:00000000 $t
C:\Users\Dennis\AppData\Local\Temp\ccKSMiIj.s:26     .text.MX_ADC1_Init:00000000 MX_ADC1_Init
C:\Users\Dennis\AppData\Local\Temp\ccKSMiIj.s:191    .text.MX_ADC1_Init:00000098 $d
C:\Users\Dennis\AppData\Local\Temp\ccKSMiIj.s:200    .text.HAL_ADC_MspInit:00000000 $t
C:\Users\Dennis\AppData\Local\Temp\ccKSMiIj.s:206    .text.HAL_ADC_MspInit:00000000 HAL_ADC_MspInit
C:\Users\Dennis\AppData\Local\Temp\ccKSMiIj.s:330    .text.HAL_ADC_MspInit:00000078 $d
C:\Users\Dennis\AppData\Local\Temp\ccKSMiIj.s:338    .text.HAL_ADC_MspDeInit:00000000 $t
C:\Users\Dennis\AppData\Local\Temp\ccKSMiIj.s:344    .text.HAL_ADC_MspDeInit:00000000 HAL_ADC_MspDeInit
C:\Users\Dennis\AppData\Local\Temp\ccKSMiIj.s:390    .text.HAL_ADC_MspDeInit:00000024 $d
C:\Users\Dennis\AppData\Local\Temp\ccKSMiIj.s:409    .bss.hdma_adc1:00000000 hdma_adc1
C:\Users\Dennis\AppData\Local\Temp\ccKSMiIj.s:402    .bss.hadc1:00000000 hadc1
C:\Users\Dennis\AppData\Local\Temp\ccKSMiIj.s:398    .bss.hadc1:00000000 $d
C:\Users\Dennis\AppData\Local\Temp\ccKSMiIj.s:405    .bss.hdma_adc1:00000000 $d

UNDEFINED SYMBOLS
memset
HAL_ADC_Init
HAL_ADC_ConfigChannel
HAL_ADCEx_InjectedConfigChannel
Error_Handler
HAL_DMA_Init
HAL_NVIC_SetPriority
HAL_NVIC_EnableIRQ
HAL_DMA_DeInit
HAL_NVIC_DisableIRQ
