ARM GAS  C:\Users\Dennis\AppData\Local\Temp\ccSRX5tk.s 			page 1


   1              		.cpu cortex-m4
   2              		.arch armv7e-m
   3              		.fpu fpv4-sp-d16
   4              		.eabi_attribute 27, 1
   5              		.eabi_attribute 28, 1
   6              		.eabi_attribute 20, 1
   7              		.eabi_attribute 21, 1
   8              		.eabi_attribute 23, 3
   9              		.eabi_attribute 24, 1
  10              		.eabi_attribute 25, 1
  11              		.eabi_attribute 26, 1
  12              		.eabi_attribute 30, 1
  13              		.eabi_attribute 34, 1
  14              		.eabi_attribute 18, 4
  15              		.file	"spi.c"
  16              		.text
  17              	.Ltext0:
  18              		.cfi_sections	.debug_frame
  19              		.section	.text.MX_SPI1_Init,"ax",%progbits
  20              		.align	1
  21              		.global	MX_SPI1_Init
  22              		.syntax unified
  23              		.thumb
  24              		.thumb_func
  26              	MX_SPI1_Init:
  27              	.LFB220:
  28              		.file 1 "Core/Src/spi.c"
   1:Core/Src/spi.c **** /* USER CODE BEGIN Header */
   2:Core/Src/spi.c **** /**
   3:Core/Src/spi.c ****   ******************************************************************************
   4:Core/Src/spi.c ****   * @file    spi.c
   5:Core/Src/spi.c ****   * @brief   This file provides code for the configuration
   6:Core/Src/spi.c ****   *          of the SPI instances.
   7:Core/Src/spi.c ****   ******************************************************************************
   8:Core/Src/spi.c ****   * @attention
   9:Core/Src/spi.c ****   *
  10:Core/Src/spi.c ****   * Copyright (c) 2024 STMicroelectronics.
  11:Core/Src/spi.c ****   * All rights reserved.
  12:Core/Src/spi.c ****   *
  13:Core/Src/spi.c ****   * This software is licensed under terms that can be found in the LICENSE file
  14:Core/Src/spi.c ****   * in the root directory of this software component.
  15:Core/Src/spi.c ****   * If no LICENSE file comes with this software, it is provided AS-IS.
  16:Core/Src/spi.c ****   *
  17:Core/Src/spi.c ****   ******************************************************************************
  18:Core/Src/spi.c ****   */
  19:Core/Src/spi.c **** /* USER CODE END Header */
  20:Core/Src/spi.c **** /* Includes ------------------------------------------------------------------*/
  21:Core/Src/spi.c **** #include "spi.h"
  22:Core/Src/spi.c **** 
  23:Core/Src/spi.c **** /* USER CODE BEGIN 0 */
  24:Core/Src/spi.c **** 
  25:Core/Src/spi.c **** /* USER CODE END 0 */
  26:Core/Src/spi.c **** 
  27:Core/Src/spi.c **** SPI_HandleTypeDef hspi1;
  28:Core/Src/spi.c **** DMA_HandleTypeDef hdma_spi1_rx;
  29:Core/Src/spi.c **** 
  30:Core/Src/spi.c **** /* SPI1 init function */
ARM GAS  C:\Users\Dennis\AppData\Local\Temp\ccSRX5tk.s 			page 2


  31:Core/Src/spi.c **** void MX_SPI1_Init(void)
  32:Core/Src/spi.c **** {
  29              		.loc 1 32 1 view -0
  30              		.cfi_startproc
  31              		@ args = 0, pretend = 0, frame = 0
  32              		@ frame_needed = 0, uses_anonymous_args = 0
  33 0000 08B5     		push	{r3, lr}
  34              	.LCFI0:
  35              		.cfi_def_cfa_offset 8
  36              		.cfi_offset 3, -8
  37              		.cfi_offset 14, -4
  33:Core/Src/spi.c **** 
  34:Core/Src/spi.c ****   /* USER CODE BEGIN SPI1_Init 0 */
  35:Core/Src/spi.c **** 
  36:Core/Src/spi.c ****   /* USER CODE END SPI1_Init 0 */
  37:Core/Src/spi.c **** 
  38:Core/Src/spi.c ****   /* USER CODE BEGIN SPI1_Init 1 */
  39:Core/Src/spi.c **** 
  40:Core/Src/spi.c ****   /* USER CODE END SPI1_Init 1 */
  41:Core/Src/spi.c ****   hspi1.Instance = SPI1;
  38              		.loc 1 41 3 view .LVU1
  39              		.loc 1 41 18 is_stmt 0 view .LVU2
  40 0002 0D48     		ldr	r0, .L5
  41 0004 0D4B     		ldr	r3, .L5+4
  42 0006 0360     		str	r3, [r0]
  42:Core/Src/spi.c ****   hspi1.Init.Mode = SPI_MODE_MASTER;
  43              		.loc 1 42 3 is_stmt 1 view .LVU3
  44              		.loc 1 42 19 is_stmt 0 view .LVU4
  45 0008 4FF48273 		mov	r3, #260
  46 000c 4360     		str	r3, [r0, #4]
  43:Core/Src/spi.c ****   hspi1.Init.Direction = SPI_DIRECTION_2LINES;
  47              		.loc 1 43 3 is_stmt 1 view .LVU5
  48              		.loc 1 43 24 is_stmt 0 view .LVU6
  49 000e 0023     		movs	r3, #0
  50 0010 8360     		str	r3, [r0, #8]
  44:Core/Src/spi.c ****   hspi1.Init.DataSize = SPI_DATASIZE_8BIT;
  51              		.loc 1 44 3 is_stmt 1 view .LVU7
  52              		.loc 1 44 23 is_stmt 0 view .LVU8
  53 0012 C360     		str	r3, [r0, #12]
  45:Core/Src/spi.c ****   hspi1.Init.CLKPolarity = SPI_POLARITY_LOW;
  54              		.loc 1 45 3 is_stmt 1 view .LVU9
  55              		.loc 1 45 26 is_stmt 0 view .LVU10
  56 0014 0361     		str	r3, [r0, #16]
  46:Core/Src/spi.c ****   hspi1.Init.CLKPhase = SPI_PHASE_1EDGE;
  57              		.loc 1 46 3 is_stmt 1 view .LVU11
  58              		.loc 1 46 23 is_stmt 0 view .LVU12
  59 0016 4361     		str	r3, [r0, #20]
  47:Core/Src/spi.c ****   hspi1.Init.NSS = SPI_NSS_SOFT;
  60              		.loc 1 47 3 is_stmt 1 view .LVU13
  61              		.loc 1 47 18 is_stmt 0 view .LVU14
  62 0018 4FF40072 		mov	r2, #512
  63 001c 8261     		str	r2, [r0, #24]
  48:Core/Src/spi.c ****   hspi1.Init.BaudRatePrescaler = SPI_BAUDRATEPRESCALER_2;
  64              		.loc 1 48 3 is_stmt 1 view .LVU15
  65              		.loc 1 48 32 is_stmt 0 view .LVU16
  66 001e C361     		str	r3, [r0, #28]
  49:Core/Src/spi.c ****   hspi1.Init.FirstBit = SPI_FIRSTBIT_MSB;
ARM GAS  C:\Users\Dennis\AppData\Local\Temp\ccSRX5tk.s 			page 3


  67              		.loc 1 49 3 is_stmt 1 view .LVU17
  68              		.loc 1 49 23 is_stmt 0 view .LVU18
  69 0020 0362     		str	r3, [r0, #32]
  50:Core/Src/spi.c ****   hspi1.Init.TIMode = SPI_TIMODE_DISABLE;
  70              		.loc 1 50 3 is_stmt 1 view .LVU19
  71              		.loc 1 50 21 is_stmt 0 view .LVU20
  72 0022 4362     		str	r3, [r0, #36]
  51:Core/Src/spi.c ****   hspi1.Init.CRCCalculation = SPI_CRCCALCULATION_DISABLE;
  73              		.loc 1 51 3 is_stmt 1 view .LVU21
  74              		.loc 1 51 29 is_stmt 0 view .LVU22
  75 0024 8362     		str	r3, [r0, #40]
  52:Core/Src/spi.c ****   hspi1.Init.CRCPolynomial = 10;
  76              		.loc 1 52 3 is_stmt 1 view .LVU23
  77              		.loc 1 52 28 is_stmt 0 view .LVU24
  78 0026 0A23     		movs	r3, #10
  79 0028 C362     		str	r3, [r0, #44]
  53:Core/Src/spi.c ****   if (HAL_SPI_Init(&hspi1) != HAL_OK)
  80              		.loc 1 53 3 is_stmt 1 view .LVU25
  81              		.loc 1 53 7 is_stmt 0 view .LVU26
  82 002a FFF7FEFF 		bl	HAL_SPI_Init
  83              	.LVL0:
  84              		.loc 1 53 6 view .LVU27
  85 002e 00B9     		cbnz	r0, .L4
  86              	.L1:
  54:Core/Src/spi.c ****   {
  55:Core/Src/spi.c ****     Error_Handler();
  56:Core/Src/spi.c ****   }
  57:Core/Src/spi.c ****   /* USER CODE BEGIN SPI1_Init 2 */
  58:Core/Src/spi.c **** 
  59:Core/Src/spi.c ****   /* USER CODE END SPI1_Init 2 */
  60:Core/Src/spi.c **** 
  61:Core/Src/spi.c **** }
  87              		.loc 1 61 1 view .LVU28
  88 0030 08BD     		pop	{r3, pc}
  89              	.L4:
  55:Core/Src/spi.c ****   }
  90              		.loc 1 55 5 is_stmt 1 view .LVU29
  91 0032 FFF7FEFF 		bl	Error_Handler
  92              	.LVL1:
  93              		.loc 1 61 1 is_stmt 0 view .LVU30
  94 0036 FBE7     		b	.L1
  95              	.L6:
  96              		.align	2
  97              	.L5:
  98 0038 00000000 		.word	.LANCHOR0
  99 003c 00300140 		.word	1073819648
 100              		.cfi_endproc
 101              	.LFE220:
 103              		.section	.text.HAL_SPI_MspInit,"ax",%progbits
 104              		.align	1
 105              		.global	HAL_SPI_MspInit
 106              		.syntax unified
 107              		.thumb
 108              		.thumb_func
 110              	HAL_SPI_MspInit:
 111              	.LVL2:
 112              	.LFB221:
ARM GAS  C:\Users\Dennis\AppData\Local\Temp\ccSRX5tk.s 			page 4


  62:Core/Src/spi.c **** 
  63:Core/Src/spi.c **** void HAL_SPI_MspInit(SPI_HandleTypeDef* spiHandle)
  64:Core/Src/spi.c **** {
 113              		.loc 1 64 1 is_stmt 1 view -0
 114              		.cfi_startproc
 115              		@ args = 0, pretend = 0, frame = 32
 116              		@ frame_needed = 0, uses_anonymous_args = 0
 117              		.loc 1 64 1 is_stmt 0 view .LVU32
 118 0000 30B5     		push	{r4, r5, lr}
 119              	.LCFI1:
 120              		.cfi_def_cfa_offset 12
 121              		.cfi_offset 4, -12
 122              		.cfi_offset 5, -8
 123              		.cfi_offset 14, -4
 124 0002 89B0     		sub	sp, sp, #36
 125              	.LCFI2:
 126              		.cfi_def_cfa_offset 48
  65:Core/Src/spi.c **** 
  66:Core/Src/spi.c ****   GPIO_InitTypeDef GPIO_InitStruct = {0};
 127              		.loc 1 66 3 is_stmt 1 view .LVU33
 128              		.loc 1 66 20 is_stmt 0 view .LVU34
 129 0004 0023     		movs	r3, #0
 130 0006 0393     		str	r3, [sp, #12]
 131 0008 0493     		str	r3, [sp, #16]
 132 000a 0593     		str	r3, [sp, #20]
 133 000c 0693     		str	r3, [sp, #24]
 134 000e 0793     		str	r3, [sp, #28]
  67:Core/Src/spi.c ****   if(spiHandle->Instance==SPI1)
 135              		.loc 1 67 3 is_stmt 1 view .LVU35
 136              		.loc 1 67 15 is_stmt 0 view .LVU36
 137 0010 0268     		ldr	r2, [r0]
 138              		.loc 1 67 5 view .LVU37
 139 0012 214B     		ldr	r3, .L13
 140 0014 9A42     		cmp	r2, r3
 141 0016 01D0     		beq	.L11
 142              	.LVL3:
 143              	.L7:
  68:Core/Src/spi.c ****   {
  69:Core/Src/spi.c ****   /* USER CODE BEGIN SPI1_MspInit 0 */
  70:Core/Src/spi.c **** 
  71:Core/Src/spi.c ****   /* USER CODE END SPI1_MspInit 0 */
  72:Core/Src/spi.c ****     /* SPI1 clock enable */
  73:Core/Src/spi.c ****     __HAL_RCC_SPI1_CLK_ENABLE();
  74:Core/Src/spi.c **** 
  75:Core/Src/spi.c ****     __HAL_RCC_GPIOB_CLK_ENABLE();
  76:Core/Src/spi.c ****     /**SPI1 GPIO Configuration
  77:Core/Src/spi.c ****     PB3     ------> SPI1_SCK
  78:Core/Src/spi.c ****     PB4     ------> SPI1_MISO
  79:Core/Src/spi.c ****     PB5     ------> SPI1_MOSI
  80:Core/Src/spi.c ****     */
  81:Core/Src/spi.c ****     GPIO_InitStruct.Pin = GPIO_PIN_3|GPIO_PIN_4|GPIO_PIN_5;
  82:Core/Src/spi.c ****     GPIO_InitStruct.Mode = GPIO_MODE_AF_PP;
  83:Core/Src/spi.c ****     GPIO_InitStruct.Pull = GPIO_NOPULL;
  84:Core/Src/spi.c ****     GPIO_InitStruct.Speed = GPIO_SPEED_FREQ_VERY_HIGH;
  85:Core/Src/spi.c ****     GPIO_InitStruct.Alternate = GPIO_AF5_SPI1;
  86:Core/Src/spi.c ****     HAL_GPIO_Init(GPIOB, &GPIO_InitStruct);
  87:Core/Src/spi.c **** 
ARM GAS  C:\Users\Dennis\AppData\Local\Temp\ccSRX5tk.s 			page 5


  88:Core/Src/spi.c ****     /* SPI1 DMA Init */
  89:Core/Src/spi.c ****     /* SPI1_RX Init */
  90:Core/Src/spi.c ****     hdma_spi1_rx.Instance = DMA2_Stream0;
  91:Core/Src/spi.c ****     hdma_spi1_rx.Init.Channel = DMA_CHANNEL_3;
  92:Core/Src/spi.c ****     hdma_spi1_rx.Init.Direction = DMA_PERIPH_TO_MEMORY;
  93:Core/Src/spi.c ****     hdma_spi1_rx.Init.PeriphInc = DMA_PINC_DISABLE;
  94:Core/Src/spi.c ****     hdma_spi1_rx.Init.MemInc = DMA_MINC_ENABLE;
  95:Core/Src/spi.c ****     hdma_spi1_rx.Init.PeriphDataAlignment = DMA_PDATAALIGN_BYTE;
  96:Core/Src/spi.c ****     hdma_spi1_rx.Init.MemDataAlignment = DMA_MDATAALIGN_BYTE;
  97:Core/Src/spi.c ****     hdma_spi1_rx.Init.Mode = DMA_NORMAL;
  98:Core/Src/spi.c ****     hdma_spi1_rx.Init.Priority = DMA_PRIORITY_LOW;
  99:Core/Src/spi.c ****     hdma_spi1_rx.Init.FIFOMode = DMA_FIFOMODE_DISABLE;
 100:Core/Src/spi.c ****     if (HAL_DMA_Init(&hdma_spi1_rx) != HAL_OK)
 101:Core/Src/spi.c ****     {
 102:Core/Src/spi.c ****       Error_Handler();
 103:Core/Src/spi.c ****     }
 104:Core/Src/spi.c **** 
 105:Core/Src/spi.c ****     __HAL_LINKDMA(spiHandle,hdmarx,hdma_spi1_rx);
 106:Core/Src/spi.c **** 
 107:Core/Src/spi.c ****   /* USER CODE BEGIN SPI1_MspInit 1 */
 108:Core/Src/spi.c **** 
 109:Core/Src/spi.c ****   /* USER CODE END SPI1_MspInit 1 */
 110:Core/Src/spi.c ****   }
 111:Core/Src/spi.c **** }
 144              		.loc 1 111 1 view .LVU38
 145 0018 09B0     		add	sp, sp, #36
 146              	.LCFI3:
 147              		.cfi_remember_state
 148              		.cfi_def_cfa_offset 12
 149              		@ sp needed
 150 001a 30BD     		pop	{r4, r5, pc}
 151              	.LVL4:
 152              	.L11:
 153              	.LCFI4:
 154              		.cfi_restore_state
 155              		.loc 1 111 1 view .LVU39
 156 001c 0446     		mov	r4, r0
  73:Core/Src/spi.c **** 
 157              		.loc 1 73 5 is_stmt 1 view .LVU40
 158              	.LBB2:
  73:Core/Src/spi.c **** 
 159              		.loc 1 73 5 view .LVU41
 160 001e 0025     		movs	r5, #0
 161 0020 0195     		str	r5, [sp, #4]
  73:Core/Src/spi.c **** 
 162              		.loc 1 73 5 view .LVU42
 163 0022 03F58433 		add	r3, r3, #67584
 164 0026 5A6C     		ldr	r2, [r3, #68]
 165 0028 42F48052 		orr	r2, r2, #4096
 166 002c 5A64     		str	r2, [r3, #68]
  73:Core/Src/spi.c **** 
 167              		.loc 1 73 5 view .LVU43
 168 002e 5A6C     		ldr	r2, [r3, #68]
 169 0030 02F48052 		and	r2, r2, #4096
 170 0034 0192     		str	r2, [sp, #4]
  73:Core/Src/spi.c **** 
 171              		.loc 1 73 5 view .LVU44
ARM GAS  C:\Users\Dennis\AppData\Local\Temp\ccSRX5tk.s 			page 6


 172 0036 019A     		ldr	r2, [sp, #4]
 173              	.LBE2:
  73:Core/Src/spi.c **** 
 174              		.loc 1 73 5 view .LVU45
  75:Core/Src/spi.c ****     /**SPI1 GPIO Configuration
 175              		.loc 1 75 5 view .LVU46
 176              	.LBB3:
  75:Core/Src/spi.c ****     /**SPI1 GPIO Configuration
 177              		.loc 1 75 5 view .LVU47
 178 0038 0295     		str	r5, [sp, #8]
  75:Core/Src/spi.c ****     /**SPI1 GPIO Configuration
 179              		.loc 1 75 5 view .LVU48
 180 003a 1A6B     		ldr	r2, [r3, #48]
 181 003c 42F00202 		orr	r2, r2, #2
 182 0040 1A63     		str	r2, [r3, #48]
  75:Core/Src/spi.c ****     /**SPI1 GPIO Configuration
 183              		.loc 1 75 5 view .LVU49
 184 0042 1B6B     		ldr	r3, [r3, #48]
 185 0044 03F00203 		and	r3, r3, #2
 186 0048 0293     		str	r3, [sp, #8]
  75:Core/Src/spi.c ****     /**SPI1 GPIO Configuration
 187              		.loc 1 75 5 view .LVU50
 188 004a 029B     		ldr	r3, [sp, #8]
 189              	.LBE3:
  75:Core/Src/spi.c ****     /**SPI1 GPIO Configuration
 190              		.loc 1 75 5 view .LVU51
  81:Core/Src/spi.c ****     GPIO_InitStruct.Mode = GPIO_MODE_AF_PP;
 191              		.loc 1 81 5 view .LVU52
  81:Core/Src/spi.c ****     GPIO_InitStruct.Mode = GPIO_MODE_AF_PP;
 192              		.loc 1 81 25 is_stmt 0 view .LVU53
 193 004c 3823     		movs	r3, #56
 194 004e 0393     		str	r3, [sp, #12]
  82:Core/Src/spi.c ****     GPIO_InitStruct.Pull = GPIO_NOPULL;
 195              		.loc 1 82 5 is_stmt 1 view .LVU54
  82:Core/Src/spi.c ****     GPIO_InitStruct.Pull = GPIO_NOPULL;
 196              		.loc 1 82 26 is_stmt 0 view .LVU55
 197 0050 0223     		movs	r3, #2
 198 0052 0493     		str	r3, [sp, #16]
  83:Core/Src/spi.c ****     GPIO_InitStruct.Speed = GPIO_SPEED_FREQ_VERY_HIGH;
 199              		.loc 1 83 5 is_stmt 1 view .LVU56
  84:Core/Src/spi.c ****     GPIO_InitStruct.Alternate = GPIO_AF5_SPI1;
 200              		.loc 1 84 5 view .LVU57
  84:Core/Src/spi.c ****     GPIO_InitStruct.Alternate = GPIO_AF5_SPI1;
 201              		.loc 1 84 27 is_stmt 0 view .LVU58
 202 0054 0323     		movs	r3, #3
 203 0056 0693     		str	r3, [sp, #24]
  85:Core/Src/spi.c ****     HAL_GPIO_Init(GPIOB, &GPIO_InitStruct);
 204              		.loc 1 85 5 is_stmt 1 view .LVU59
  85:Core/Src/spi.c ****     HAL_GPIO_Init(GPIOB, &GPIO_InitStruct);
 205              		.loc 1 85 31 is_stmt 0 view .LVU60
 206 0058 0523     		movs	r3, #5
 207 005a 0793     		str	r3, [sp, #28]
  86:Core/Src/spi.c **** 
 208              		.loc 1 86 5 is_stmt 1 view .LVU61
 209 005c 03A9     		add	r1, sp, #12
 210 005e 0F48     		ldr	r0, .L13+4
 211              	.LVL5:
ARM GAS  C:\Users\Dennis\AppData\Local\Temp\ccSRX5tk.s 			page 7


  86:Core/Src/spi.c **** 
 212              		.loc 1 86 5 is_stmt 0 view .LVU62
 213 0060 FFF7FEFF 		bl	HAL_GPIO_Init
 214              	.LVL6:
  90:Core/Src/spi.c ****     hdma_spi1_rx.Init.Channel = DMA_CHANNEL_3;
 215              		.loc 1 90 5 is_stmt 1 view .LVU63
  90:Core/Src/spi.c ****     hdma_spi1_rx.Init.Channel = DMA_CHANNEL_3;
 216              		.loc 1 90 27 is_stmt 0 view .LVU64
 217 0064 0E48     		ldr	r0, .L13+8
 218 0066 0F4B     		ldr	r3, .L13+12
 219 0068 0360     		str	r3, [r0]
  91:Core/Src/spi.c ****     hdma_spi1_rx.Init.Direction = DMA_PERIPH_TO_MEMORY;
 220              		.loc 1 91 5 is_stmt 1 view .LVU65
  91:Core/Src/spi.c ****     hdma_spi1_rx.Init.Direction = DMA_PERIPH_TO_MEMORY;
 221              		.loc 1 91 31 is_stmt 0 view .LVU66
 222 006a 4FF0C063 		mov	r3, #100663296
 223 006e 4360     		str	r3, [r0, #4]
  92:Core/Src/spi.c ****     hdma_spi1_rx.Init.PeriphInc = DMA_PINC_DISABLE;
 224              		.loc 1 92 5 is_stmt 1 view .LVU67
  92:Core/Src/spi.c ****     hdma_spi1_rx.Init.PeriphInc = DMA_PINC_DISABLE;
 225              		.loc 1 92 33 is_stmt 0 view .LVU68
 226 0070 8560     		str	r5, [r0, #8]
  93:Core/Src/spi.c ****     hdma_spi1_rx.Init.MemInc = DMA_MINC_ENABLE;
 227              		.loc 1 93 5 is_stmt 1 view .LVU69
  93:Core/Src/spi.c ****     hdma_spi1_rx.Init.MemInc = DMA_MINC_ENABLE;
 228              		.loc 1 93 33 is_stmt 0 view .LVU70
 229 0072 C560     		str	r5, [r0, #12]
  94:Core/Src/spi.c ****     hdma_spi1_rx.Init.PeriphDataAlignment = DMA_PDATAALIGN_BYTE;
 230              		.loc 1 94 5 is_stmt 1 view .LVU71
  94:Core/Src/spi.c ****     hdma_spi1_rx.Init.PeriphDataAlignment = DMA_PDATAALIGN_BYTE;
 231              		.loc 1 94 30 is_stmt 0 view .LVU72
 232 0074 4FF48063 		mov	r3, #1024
 233 0078 0361     		str	r3, [r0, #16]
  95:Core/Src/spi.c ****     hdma_spi1_rx.Init.MemDataAlignment = DMA_MDATAALIGN_BYTE;
 234              		.loc 1 95 5 is_stmt 1 view .LVU73
  95:Core/Src/spi.c ****     hdma_spi1_rx.Init.MemDataAlignment = DMA_MDATAALIGN_BYTE;
 235              		.loc 1 95 43 is_stmt 0 view .LVU74
 236 007a 4561     		str	r5, [r0, #20]
  96:Core/Src/spi.c ****     hdma_spi1_rx.Init.Mode = DMA_NORMAL;
 237              		.loc 1 96 5 is_stmt 1 view .LVU75
  96:Core/Src/spi.c ****     hdma_spi1_rx.Init.Mode = DMA_NORMAL;
 238              		.loc 1 96 40 is_stmt 0 view .LVU76
 239 007c 8561     		str	r5, [r0, #24]
  97:Core/Src/spi.c ****     hdma_spi1_rx.Init.Priority = DMA_PRIORITY_LOW;
 240              		.loc 1 97 5 is_stmt 1 view .LVU77
  97:Core/Src/spi.c ****     hdma_spi1_rx.Init.Priority = DMA_PRIORITY_LOW;
 241              		.loc 1 97 28 is_stmt 0 view .LVU78
 242 007e C561     		str	r5, [r0, #28]
  98:Core/Src/spi.c ****     hdma_spi1_rx.Init.FIFOMode = DMA_FIFOMODE_DISABLE;
 243              		.loc 1 98 5 is_stmt 1 view .LVU79
  98:Core/Src/spi.c ****     hdma_spi1_rx.Init.FIFOMode = DMA_FIFOMODE_DISABLE;
 244              		.loc 1 98 32 is_stmt 0 view .LVU80
 245 0080 0562     		str	r5, [r0, #32]
  99:Core/Src/spi.c ****     if (HAL_DMA_Init(&hdma_spi1_rx) != HAL_OK)
 246              		.loc 1 99 5 is_stmt 1 view .LVU81
  99:Core/Src/spi.c ****     if (HAL_DMA_Init(&hdma_spi1_rx) != HAL_OK)
 247              		.loc 1 99 32 is_stmt 0 view .LVU82
ARM GAS  C:\Users\Dennis\AppData\Local\Temp\ccSRX5tk.s 			page 8


 248 0082 4562     		str	r5, [r0, #36]
 100:Core/Src/spi.c ****     {
 249              		.loc 1 100 5 is_stmt 1 view .LVU83
 100:Core/Src/spi.c ****     {
 250              		.loc 1 100 9 is_stmt 0 view .LVU84
 251 0084 FFF7FEFF 		bl	HAL_DMA_Init
 252              	.LVL7:
 100:Core/Src/spi.c ****     {
 253              		.loc 1 100 8 view .LVU85
 254 0088 18B9     		cbnz	r0, .L12
 255              	.L9:
 105:Core/Src/spi.c **** 
 256              		.loc 1 105 5 is_stmt 1 view .LVU86
 105:Core/Src/spi.c **** 
 257              		.loc 1 105 5 view .LVU87
 258 008a 054B     		ldr	r3, .L13+8
 259 008c E364     		str	r3, [r4, #76]
 105:Core/Src/spi.c **** 
 260              		.loc 1 105 5 view .LVU88
 261 008e 9C63     		str	r4, [r3, #56]
 105:Core/Src/spi.c **** 
 262              		.loc 1 105 5 view .LVU89
 263              		.loc 1 111 1 is_stmt 0 view .LVU90
 264 0090 C2E7     		b	.L7
 265              	.L12:
 102:Core/Src/spi.c ****     }
 266              		.loc 1 102 7 is_stmt 1 view .LVU91
 267 0092 FFF7FEFF 		bl	Error_Handler
 268              	.LVL8:
 269 0096 F8E7     		b	.L9
 270              	.L14:
 271              		.align	2
 272              	.L13:
 273 0098 00300140 		.word	1073819648
 274 009c 00040240 		.word	1073873920
 275 00a0 00000000 		.word	.LANCHOR1
 276 00a4 10640240 		.word	1073898512
 277              		.cfi_endproc
 278              	.LFE221:
 280              		.section	.text.HAL_SPI_MspDeInit,"ax",%progbits
 281              		.align	1
 282              		.global	HAL_SPI_MspDeInit
 283              		.syntax unified
 284              		.thumb
 285              		.thumb_func
 287              	HAL_SPI_MspDeInit:
 288              	.LVL9:
 289              	.LFB222:
 112:Core/Src/spi.c **** 
 113:Core/Src/spi.c **** void HAL_SPI_MspDeInit(SPI_HandleTypeDef* spiHandle)
 114:Core/Src/spi.c **** {
 290              		.loc 1 114 1 view -0
 291              		.cfi_startproc
 292              		@ args = 0, pretend = 0, frame = 0
 293              		@ frame_needed = 0, uses_anonymous_args = 0
 115:Core/Src/spi.c **** 
 116:Core/Src/spi.c ****   if(spiHandle->Instance==SPI1)
ARM GAS  C:\Users\Dennis\AppData\Local\Temp\ccSRX5tk.s 			page 9


 294              		.loc 1 116 3 view .LVU93
 295              		.loc 1 116 15 is_stmt 0 view .LVU94
 296 0000 0268     		ldr	r2, [r0]
 297              		.loc 1 116 5 view .LVU95
 298 0002 094B     		ldr	r3, .L22
 299 0004 9A42     		cmp	r2, r3
 300 0006 00D0     		beq	.L21
 301 0008 7047     		bx	lr
 302              	.L21:
 114:Core/Src/spi.c **** 
 303              		.loc 1 114 1 view .LVU96
 304 000a 10B5     		push	{r4, lr}
 305              	.LCFI5:
 306              		.cfi_def_cfa_offset 8
 307              		.cfi_offset 4, -8
 308              		.cfi_offset 14, -4
 309 000c 0446     		mov	r4, r0
 117:Core/Src/spi.c ****   {
 118:Core/Src/spi.c ****   /* USER CODE BEGIN SPI1_MspDeInit 0 */
 119:Core/Src/spi.c **** 
 120:Core/Src/spi.c ****   /* USER CODE END SPI1_MspDeInit 0 */
 121:Core/Src/spi.c ****     /* Peripheral clock disable */
 122:Core/Src/spi.c ****     __HAL_RCC_SPI1_CLK_DISABLE();
 310              		.loc 1 122 5 is_stmt 1 view .LVU97
 311 000e 074A     		ldr	r2, .L22+4
 312 0010 536C     		ldr	r3, [r2, #68]
 313 0012 23F48053 		bic	r3, r3, #4096
 314 0016 5364     		str	r3, [r2, #68]
 123:Core/Src/spi.c **** 
 124:Core/Src/spi.c ****     /**SPI1 GPIO Configuration
 125:Core/Src/spi.c ****     PB3     ------> SPI1_SCK
 126:Core/Src/spi.c ****     PB4     ------> SPI1_MISO
 127:Core/Src/spi.c ****     PB5     ------> SPI1_MOSI
 128:Core/Src/spi.c ****     */
 129:Core/Src/spi.c ****     HAL_GPIO_DeInit(GPIOB, GPIO_PIN_3|GPIO_PIN_4|GPIO_PIN_5);
 315              		.loc 1 129 5 view .LVU98
 316 0018 3821     		movs	r1, #56
 317 001a 0548     		ldr	r0, .L22+8
 318              	.LVL10:
 319              		.loc 1 129 5 is_stmt 0 view .LVU99
 320 001c FFF7FEFF 		bl	HAL_GPIO_DeInit
 321              	.LVL11:
 130:Core/Src/spi.c **** 
 131:Core/Src/spi.c ****     /* SPI1 DMA DeInit */
 132:Core/Src/spi.c ****     HAL_DMA_DeInit(spiHandle->hdmarx);
 322              		.loc 1 132 5 is_stmt 1 view .LVU100
 323 0020 E06C     		ldr	r0, [r4, #76]
 324 0022 FFF7FEFF 		bl	HAL_DMA_DeInit
 325              	.LVL12:
 133:Core/Src/spi.c ****   /* USER CODE BEGIN SPI1_MspDeInit 1 */
 134:Core/Src/spi.c **** 
 135:Core/Src/spi.c ****   /* USER CODE END SPI1_MspDeInit 1 */
 136:Core/Src/spi.c ****   }
 137:Core/Src/spi.c **** }
 326              		.loc 1 137 1 is_stmt 0 view .LVU101
 327 0026 10BD     		pop	{r4, pc}
 328              	.LVL13:
ARM GAS  C:\Users\Dennis\AppData\Local\Temp\ccSRX5tk.s 			page 10


 329              	.L23:
 330              		.loc 1 137 1 view .LVU102
 331              		.align	2
 332              	.L22:
 333 0028 00300140 		.word	1073819648
 334 002c 00380240 		.word	1073887232
 335 0030 00040240 		.word	1073873920
 336              		.cfi_endproc
 337              	.LFE222:
 339              		.global	hdma_spi1_rx
 340              		.global	hspi1
 341              		.section	.bss.hdma_spi1_rx,"aw",%nobits
 342              		.align	2
 343              		.set	.LANCHOR1,. + 0
 346              	hdma_spi1_rx:
 347 0000 00000000 		.space	96
 347      00000000 
 347      00000000 
 347      00000000 
 347      00000000 
 348              		.section	.bss.hspi1,"aw",%nobits
 349              		.align	2
 350              		.set	.LANCHOR0,. + 0
 353              	hspi1:
 354 0000 00000000 		.space	88
 354      00000000 
 354      00000000 
 354      00000000 
 354      00000000 
 355              		.text
 356              	.Letext0:
 357              		.file 2 "c:\\software_user\\armgcc\\arm-none-eabi\\include\\machine\\_default_types.h"
 358              		.file 3 "c:\\software_user\\armgcc\\arm-none-eabi\\include\\sys\\_stdint.h"
 359              		.file 4 "Drivers/CMSIS/Device/ST/STM32F4xx/Include/stm32f411xe.h"
 360              		.file 5 "Drivers/STM32F4xx_HAL_Driver/Inc/stm32f4xx_hal_def.h"
 361              		.file 6 "Drivers/STM32F4xx_HAL_Driver/Inc/stm32f4xx_hal_gpio.h"
 362              		.file 7 "Drivers/STM32F4xx_HAL_Driver/Inc/stm32f4xx_hal_dma.h"
 363              		.file 8 "Drivers/STM32F4xx_HAL_Driver/Inc/stm32f4xx_hal_spi.h"
 364              		.file 9 "Core/Inc/spi.h"
 365              		.file 10 "Core/Inc/main.h"
ARM GAS  C:\Users\Dennis\AppData\Local\Temp\ccSRX5tk.s 			page 11


DEFINED SYMBOLS
                            *ABS*:00000000 spi.c
C:\Users\Dennis\AppData\Local\Temp\ccSRX5tk.s:20     .text.MX_SPI1_Init:00000000 $t
C:\Users\Dennis\AppData\Local\Temp\ccSRX5tk.s:26     .text.MX_SPI1_Init:00000000 MX_SPI1_Init
C:\Users\Dennis\AppData\Local\Temp\ccSRX5tk.s:98     .text.MX_SPI1_Init:00000038 $d
C:\Users\Dennis\AppData\Local\Temp\ccSRX5tk.s:104    .text.HAL_SPI_MspInit:00000000 $t
C:\Users\Dennis\AppData\Local\Temp\ccSRX5tk.s:110    .text.HAL_SPI_MspInit:00000000 HAL_SPI_MspInit
C:\Users\Dennis\AppData\Local\Temp\ccSRX5tk.s:273    .text.HAL_SPI_MspInit:00000098 $d
C:\Users\Dennis\AppData\Local\Temp\ccSRX5tk.s:281    .text.HAL_SPI_MspDeInit:00000000 $t
C:\Users\Dennis\AppData\Local\Temp\ccSRX5tk.s:287    .text.HAL_SPI_MspDeInit:00000000 HAL_SPI_MspDeInit
C:\Users\Dennis\AppData\Local\Temp\ccSRX5tk.s:333    .text.HAL_SPI_MspDeInit:00000028 $d
C:\Users\Dennis\AppData\Local\Temp\ccSRX5tk.s:346    .bss.hdma_spi1_rx:00000000 hdma_spi1_rx
C:\Users\Dennis\AppData\Local\Temp\ccSRX5tk.s:353    .bss.hspi1:00000000 hspi1
C:\Users\Dennis\AppData\Local\Temp\ccSRX5tk.s:342    .bss.hdma_spi1_rx:00000000 $d
C:\Users\Dennis\AppData\Local\Temp\ccSRX5tk.s:349    .bss.hspi1:00000000 $d

UNDEFINED SYMBOLS
HAL_SPI_Init
Error_Handler
HAL_GPIO_Init
HAL_DMA_Init
HAL_GPIO_DeInit
HAL_DMA_DeInit
