ARM GAS  C:\Users\Dennis\AppData\Local\Temp\cc5g3zPe.s 			page 1


   1              		.cpu cortex-m4
   2              		.arch armv7e-m
   3              		.fpu fpv4-sp-d16
   4              		.eabi_attribute 27, 1
   5              		.eabi_attribute 28, 1
   6              		.eabi_attribute 20, 1
   7              		.eabi_attribute 21, 1
   8              		.eabi_attribute 23, 3
   9              		.eabi_attribute 24, 1
  10              		.eabi_attribute 25, 1
  11              		.eabi_attribute 26, 1
  12              		.eabi_attribute 30, 1
  13              		.eabi_attribute 34, 1
  14              		.eabi_attribute 18, 4
  15              		.file	"tim.c"
  16              		.text
  17              	.Ltext0:
  18              		.cfi_sections	.debug_frame
  19              		.section	.text.HAL_TIM_PWM_MspInit,"ax",%progbits
  20              		.align	1
  21              		.global	HAL_TIM_PWM_MspInit
  22              		.syntax unified
  23              		.thumb
  24              		.thumb_func
  26              	HAL_TIM_PWM_MspInit:
  27              	.LVL0:
  28              	.LFB222:
  29              		.file 1 "Core/Src/tim.c"
   1:Core/Src/tim.c **** /* USER CODE BEGIN Header */
   2:Core/Src/tim.c **** /**
   3:Core/Src/tim.c ****   ******************************************************************************
   4:Core/Src/tim.c ****   * @file    tim.c
   5:Core/Src/tim.c ****   * @brief   This file provides code for the configuration
   6:Core/Src/tim.c ****   *          of the TIM instances.
   7:Core/Src/tim.c ****   ******************************************************************************
   8:Core/Src/tim.c ****   * @attention
   9:Core/Src/tim.c ****   *
  10:Core/Src/tim.c ****   * Copyright (c) 2024 STMicroelectronics.
  11:Core/Src/tim.c ****   * All rights reserved.
  12:Core/Src/tim.c ****   *
  13:Core/Src/tim.c ****   * This software is licensed under terms that can be found in the LICENSE file
  14:Core/Src/tim.c ****   * in the root directory of this software component.
  15:Core/Src/tim.c ****   * If no LICENSE file comes with this software, it is provided AS-IS.
  16:Core/Src/tim.c ****   *
  17:Core/Src/tim.c ****   ******************************************************************************
  18:Core/Src/tim.c ****   */
  19:Core/Src/tim.c **** /* USER CODE END Header */
  20:Core/Src/tim.c **** /* Includes ------------------------------------------------------------------*/
  21:Core/Src/tim.c **** #include "tim.h"
  22:Core/Src/tim.c **** 
  23:Core/Src/tim.c **** /* USER CODE BEGIN 0 */
  24:Core/Src/tim.c **** 
  25:Core/Src/tim.c **** /* USER CODE END 0 */
  26:Core/Src/tim.c **** 
  27:Core/Src/tim.c **** TIM_HandleTypeDef htim2;
  28:Core/Src/tim.c **** TIM_HandleTypeDef htim3;
  29:Core/Src/tim.c **** 
ARM GAS  C:\Users\Dennis\AppData\Local\Temp\cc5g3zPe.s 			page 2


  30:Core/Src/tim.c **** /* TIM2 init function */
  31:Core/Src/tim.c **** void MX_TIM2_Init(void)
  32:Core/Src/tim.c **** {
  33:Core/Src/tim.c **** 
  34:Core/Src/tim.c ****   /* USER CODE BEGIN TIM2_Init 0 */
  35:Core/Src/tim.c **** 
  36:Core/Src/tim.c ****   /* USER CODE END TIM2_Init 0 */
  37:Core/Src/tim.c **** 
  38:Core/Src/tim.c ****   TIM_MasterConfigTypeDef sMasterConfig = {0};
  39:Core/Src/tim.c ****   TIM_OC_InitTypeDef sConfigOC = {0};
  40:Core/Src/tim.c **** 
  41:Core/Src/tim.c ****   /* USER CODE BEGIN TIM2_Init 1 */
  42:Core/Src/tim.c **** 
  43:Core/Src/tim.c ****   /* USER CODE END TIM2_Init 1 */
  44:Core/Src/tim.c ****   htim2.Instance = TIM2;
  45:Core/Src/tim.c ****   htim2.Init.Prescaler = 1-1;
  46:Core/Src/tim.c ****   htim2.Init.CounterMode = TIM_COUNTERMODE_UP;
  47:Core/Src/tim.c ****   htim2.Init.Period = 3300-1;
  48:Core/Src/tim.c ****   htim2.Init.ClockDivision = TIM_CLOCKDIVISION_DIV1;
  49:Core/Src/tim.c ****   htim2.Init.AutoReloadPreload = TIM_AUTORELOAD_PRELOAD_ENABLE;
  50:Core/Src/tim.c ****   if (HAL_TIM_PWM_Init(&htim2) != HAL_OK)
  51:Core/Src/tim.c ****   {
  52:Core/Src/tim.c ****     Error_Handler();
  53:Core/Src/tim.c ****   }
  54:Core/Src/tim.c ****   sMasterConfig.MasterOutputTrigger = TIM_TRGO_RESET;
  55:Core/Src/tim.c ****   sMasterConfig.MasterSlaveMode = TIM_MASTERSLAVEMODE_DISABLE;
  56:Core/Src/tim.c ****   if (HAL_TIMEx_MasterConfigSynchronization(&htim2, &sMasterConfig) != HAL_OK)
  57:Core/Src/tim.c ****   {
  58:Core/Src/tim.c ****     Error_Handler();
  59:Core/Src/tim.c ****   }
  60:Core/Src/tim.c ****   sConfigOC.OCMode = TIM_OCMODE_PWM1;
  61:Core/Src/tim.c ****   sConfigOC.Pulse = 0;
  62:Core/Src/tim.c ****   sConfigOC.OCPolarity = TIM_OCPOLARITY_HIGH;
  63:Core/Src/tim.c ****   sConfigOC.OCFastMode = TIM_OCFAST_DISABLE;
  64:Core/Src/tim.c ****   if (HAL_TIM_PWM_ConfigChannel(&htim2, &sConfigOC, TIM_CHANNEL_1) != HAL_OK)
  65:Core/Src/tim.c ****   {
  66:Core/Src/tim.c ****     Error_Handler();
  67:Core/Src/tim.c ****   }
  68:Core/Src/tim.c ****   if (HAL_TIM_PWM_ConfigChannel(&htim2, &sConfigOC, TIM_CHANNEL_3) != HAL_OK)
  69:Core/Src/tim.c ****   {
  70:Core/Src/tim.c ****     Error_Handler();
  71:Core/Src/tim.c ****   }
  72:Core/Src/tim.c ****   /* USER CODE BEGIN TIM2_Init 2 */
  73:Core/Src/tim.c **** 
  74:Core/Src/tim.c ****   /* USER CODE END TIM2_Init 2 */
  75:Core/Src/tim.c ****   HAL_TIM_MspPostInit(&htim2);
  76:Core/Src/tim.c **** 
  77:Core/Src/tim.c **** }
  78:Core/Src/tim.c **** /* TIM3 init function */
  79:Core/Src/tim.c **** void MX_TIM3_Init(void)
  80:Core/Src/tim.c **** {
  81:Core/Src/tim.c **** 
  82:Core/Src/tim.c ****   /* USER CODE BEGIN TIM3_Init 0 */
  83:Core/Src/tim.c **** 
  84:Core/Src/tim.c ****   /* USER CODE END TIM3_Init 0 */
  85:Core/Src/tim.c **** 
  86:Core/Src/tim.c ****   TIM_MasterConfigTypeDef sMasterConfig = {0};
ARM GAS  C:\Users\Dennis\AppData\Local\Temp\cc5g3zPe.s 			page 3


  87:Core/Src/tim.c ****   TIM_OC_InitTypeDef sConfigOC = {0};
  88:Core/Src/tim.c **** 
  89:Core/Src/tim.c ****   /* USER CODE BEGIN TIM3_Init 1 */
  90:Core/Src/tim.c **** 
  91:Core/Src/tim.c ****   /* USER CODE END TIM3_Init 1 */
  92:Core/Src/tim.c ****   htim3.Instance = TIM3;
  93:Core/Src/tim.c ****   htim3.Init.Prescaler = 1-1;
  94:Core/Src/tim.c ****   htim3.Init.CounterMode = TIM_COUNTERMODE_UP;
  95:Core/Src/tim.c ****   htim3.Init.Period = 3300-1;
  96:Core/Src/tim.c ****   htim3.Init.ClockDivision = TIM_CLOCKDIVISION_DIV1;
  97:Core/Src/tim.c ****   htim3.Init.AutoReloadPreload = TIM_AUTORELOAD_PRELOAD_ENABLE;
  98:Core/Src/tim.c ****   if (HAL_TIM_PWM_Init(&htim3) != HAL_OK)
  99:Core/Src/tim.c ****   {
 100:Core/Src/tim.c ****     Error_Handler();
 101:Core/Src/tim.c ****   }
 102:Core/Src/tim.c ****   sMasterConfig.MasterOutputTrigger = TIM_TRGO_RESET;
 103:Core/Src/tim.c ****   sMasterConfig.MasterSlaveMode = TIM_MASTERSLAVEMODE_DISABLE;
 104:Core/Src/tim.c ****   if (HAL_TIMEx_MasterConfigSynchronization(&htim3, &sMasterConfig) != HAL_OK)
 105:Core/Src/tim.c ****   {
 106:Core/Src/tim.c ****     Error_Handler();
 107:Core/Src/tim.c ****   }
 108:Core/Src/tim.c ****   sConfigOC.OCMode = TIM_OCMODE_PWM1;
 109:Core/Src/tim.c ****   sConfigOC.Pulse = 0;
 110:Core/Src/tim.c ****   sConfigOC.OCPolarity = TIM_OCPOLARITY_HIGH;
 111:Core/Src/tim.c ****   sConfigOC.OCFastMode = TIM_OCFAST_DISABLE;
 112:Core/Src/tim.c ****   if (HAL_TIM_PWM_ConfigChannel(&htim3, &sConfigOC, TIM_CHANNEL_1) != HAL_OK)
 113:Core/Src/tim.c ****   {
 114:Core/Src/tim.c ****     Error_Handler();
 115:Core/Src/tim.c ****   }
 116:Core/Src/tim.c ****   if (HAL_TIM_PWM_ConfigChannel(&htim3, &sConfigOC, TIM_CHANNEL_2) != HAL_OK)
 117:Core/Src/tim.c ****   {
 118:Core/Src/tim.c ****     Error_Handler();
 119:Core/Src/tim.c ****   }
 120:Core/Src/tim.c ****   if (HAL_TIM_PWM_ConfigChannel(&htim3, &sConfigOC, TIM_CHANNEL_3) != HAL_OK)
 121:Core/Src/tim.c ****   {
 122:Core/Src/tim.c ****     Error_Handler();
 123:Core/Src/tim.c ****   }
 124:Core/Src/tim.c ****   if (HAL_TIM_PWM_ConfigChannel(&htim3, &sConfigOC, TIM_CHANNEL_4) != HAL_OK)
 125:Core/Src/tim.c ****   {
 126:Core/Src/tim.c ****     Error_Handler();
 127:Core/Src/tim.c ****   }
 128:Core/Src/tim.c ****   /* USER CODE BEGIN TIM3_Init 2 */
 129:Core/Src/tim.c **** 
 130:Core/Src/tim.c ****   /* USER CODE END TIM3_Init 2 */
 131:Core/Src/tim.c ****   HAL_TIM_MspPostInit(&htim3);
 132:Core/Src/tim.c **** 
 133:Core/Src/tim.c **** }
 134:Core/Src/tim.c **** 
 135:Core/Src/tim.c **** void HAL_TIM_PWM_MspInit(TIM_HandleTypeDef* tim_pwmHandle)
 136:Core/Src/tim.c **** {
  30              		.loc 1 136 1 view -0
  31              		.cfi_startproc
  32              		@ args = 0, pretend = 0, frame = 8
  33              		@ frame_needed = 0, uses_anonymous_args = 0
  34              		@ link register save eliminated.
  35              		.loc 1 136 1 is_stmt 0 view .LVU1
  36 0000 82B0     		sub	sp, sp, #8
ARM GAS  C:\Users\Dennis\AppData\Local\Temp\cc5g3zPe.s 			page 4


  37              	.LCFI0:
  38              		.cfi_def_cfa_offset 8
 137:Core/Src/tim.c **** 
 138:Core/Src/tim.c ****   if(tim_pwmHandle->Instance==TIM2)
  39              		.loc 1 138 3 is_stmt 1 view .LVU2
  40              		.loc 1 138 19 is_stmt 0 view .LVU3
  41 0002 0368     		ldr	r3, [r0]
  42              		.loc 1 138 5 view .LVU4
  43 0004 B3F1804F 		cmp	r3, #1073741824
  44 0008 04D0     		beq	.L5
 139:Core/Src/tim.c ****   {
 140:Core/Src/tim.c ****   /* USER CODE BEGIN TIM2_MspInit 0 */
 141:Core/Src/tim.c **** 
 142:Core/Src/tim.c ****   /* USER CODE END TIM2_MspInit 0 */
 143:Core/Src/tim.c ****     /* TIM2 clock enable */
 144:Core/Src/tim.c ****     __HAL_RCC_TIM2_CLK_ENABLE();
 145:Core/Src/tim.c ****   /* USER CODE BEGIN TIM2_MspInit 1 */
 146:Core/Src/tim.c **** 
 147:Core/Src/tim.c ****   /* USER CODE END TIM2_MspInit 1 */
 148:Core/Src/tim.c ****   }
 149:Core/Src/tim.c ****   else if(tim_pwmHandle->Instance==TIM3)
  45              		.loc 1 149 8 is_stmt 1 view .LVU5
  46              		.loc 1 149 10 is_stmt 0 view .LVU6
  47 000a 0F4A     		ldr	r2, .L7
  48 000c 9342     		cmp	r3, r2
  49 000e 0ED0     		beq	.L6
  50              	.L1:
 150:Core/Src/tim.c ****   {
 151:Core/Src/tim.c ****   /* USER CODE BEGIN TIM3_MspInit 0 */
 152:Core/Src/tim.c **** 
 153:Core/Src/tim.c ****   /* USER CODE END TIM3_MspInit 0 */
 154:Core/Src/tim.c ****     /* TIM3 clock enable */
 155:Core/Src/tim.c ****     __HAL_RCC_TIM3_CLK_ENABLE();
 156:Core/Src/tim.c ****   /* USER CODE BEGIN TIM3_MspInit 1 */
 157:Core/Src/tim.c **** 
 158:Core/Src/tim.c ****   /* USER CODE END TIM3_MspInit 1 */
 159:Core/Src/tim.c ****   }
 160:Core/Src/tim.c **** }
  51              		.loc 1 160 1 view .LVU7
  52 0010 02B0     		add	sp, sp, #8
  53              	.LCFI1:
  54              		.cfi_remember_state
  55              		.cfi_def_cfa_offset 0
  56              		@ sp needed
  57 0012 7047     		bx	lr
  58              	.L5:
  59              	.LCFI2:
  60              		.cfi_restore_state
 144:Core/Src/tim.c ****   /* USER CODE BEGIN TIM2_MspInit 1 */
  61              		.loc 1 144 5 is_stmt 1 view .LVU8
  62              	.LBB2:
 144:Core/Src/tim.c ****   /* USER CODE BEGIN TIM2_MspInit 1 */
  63              		.loc 1 144 5 view .LVU9
  64 0014 0023     		movs	r3, #0
  65 0016 0093     		str	r3, [sp]
 144:Core/Src/tim.c ****   /* USER CODE BEGIN TIM2_MspInit 1 */
  66              		.loc 1 144 5 view .LVU10
ARM GAS  C:\Users\Dennis\AppData\Local\Temp\cc5g3zPe.s 			page 5


  67 0018 0C4B     		ldr	r3, .L7+4
  68 001a 1A6C     		ldr	r2, [r3, #64]
  69 001c 42F00102 		orr	r2, r2, #1
  70 0020 1A64     		str	r2, [r3, #64]
 144:Core/Src/tim.c ****   /* USER CODE BEGIN TIM2_MspInit 1 */
  71              		.loc 1 144 5 view .LVU11
  72 0022 1B6C     		ldr	r3, [r3, #64]
  73 0024 03F00103 		and	r3, r3, #1
  74 0028 0093     		str	r3, [sp]
 144:Core/Src/tim.c ****   /* USER CODE BEGIN TIM2_MspInit 1 */
  75              		.loc 1 144 5 view .LVU12
  76 002a 009B     		ldr	r3, [sp]
  77              	.LBE2:
 144:Core/Src/tim.c ****   /* USER CODE BEGIN TIM2_MspInit 1 */
  78              		.loc 1 144 5 view .LVU13
  79 002c F0E7     		b	.L1
  80              	.L6:
 155:Core/Src/tim.c ****   /* USER CODE BEGIN TIM3_MspInit 1 */
  81              		.loc 1 155 5 view .LVU14
  82              	.LBB3:
 155:Core/Src/tim.c ****   /* USER CODE BEGIN TIM3_MspInit 1 */
  83              		.loc 1 155 5 view .LVU15
  84 002e 0023     		movs	r3, #0
  85 0030 0193     		str	r3, [sp, #4]
 155:Core/Src/tim.c ****   /* USER CODE BEGIN TIM3_MspInit 1 */
  86              		.loc 1 155 5 view .LVU16
  87 0032 064B     		ldr	r3, .L7+4
  88 0034 1A6C     		ldr	r2, [r3, #64]
  89 0036 42F00202 		orr	r2, r2, #2
  90 003a 1A64     		str	r2, [r3, #64]
 155:Core/Src/tim.c ****   /* USER CODE BEGIN TIM3_MspInit 1 */
  91              		.loc 1 155 5 view .LVU17
  92 003c 1B6C     		ldr	r3, [r3, #64]
  93 003e 03F00203 		and	r3, r3, #2
  94 0042 0193     		str	r3, [sp, #4]
 155:Core/Src/tim.c ****   /* USER CODE BEGIN TIM3_MspInit 1 */
  95              		.loc 1 155 5 view .LVU18
  96 0044 019B     		ldr	r3, [sp, #4]
  97              	.LBE3:
 155:Core/Src/tim.c ****   /* USER CODE BEGIN TIM3_MspInit 1 */
  98              		.loc 1 155 5 view .LVU19
  99              		.loc 1 160 1 is_stmt 0 view .LVU20
 100 0046 E3E7     		b	.L1
 101              	.L8:
 102              		.align	2
 103              	.L7:
 104 0048 00040040 		.word	1073742848
 105 004c 00380240 		.word	1073887232
 106              		.cfi_endproc
 107              	.LFE222:
 109              		.section	.text.HAL_TIM_MspPostInit,"ax",%progbits
 110              		.align	1
 111              		.global	HAL_TIM_MspPostInit
 112              		.syntax unified
 113              		.thumb
 114              		.thumb_func
 116              	HAL_TIM_MspPostInit:
ARM GAS  C:\Users\Dennis\AppData\Local\Temp\cc5g3zPe.s 			page 6


 117              	.LVL1:
 118              	.LFB223:
 161:Core/Src/tim.c **** void HAL_TIM_MspPostInit(TIM_HandleTypeDef* timHandle)
 162:Core/Src/tim.c **** {
 119              		.loc 1 162 1 is_stmt 1 view -0
 120              		.cfi_startproc
 121              		@ args = 0, pretend = 0, frame = 40
 122              		@ frame_needed = 0, uses_anonymous_args = 0
 123              		.loc 1 162 1 is_stmt 0 view .LVU22
 124 0000 70B5     		push	{r4, r5, r6, lr}
 125              	.LCFI3:
 126              		.cfi_def_cfa_offset 16
 127              		.cfi_offset 4, -16
 128              		.cfi_offset 5, -12
 129              		.cfi_offset 6, -8
 130              		.cfi_offset 14, -4
 131 0002 8AB0     		sub	sp, sp, #40
 132              	.LCFI4:
 133              		.cfi_def_cfa_offset 56
 163:Core/Src/tim.c **** 
 164:Core/Src/tim.c ****   GPIO_InitTypeDef GPIO_InitStruct = {0};
 134              		.loc 1 164 3 is_stmt 1 view .LVU23
 135              		.loc 1 164 20 is_stmt 0 view .LVU24
 136 0004 0023     		movs	r3, #0
 137 0006 0593     		str	r3, [sp, #20]
 138 0008 0693     		str	r3, [sp, #24]
 139 000a 0793     		str	r3, [sp, #28]
 140 000c 0893     		str	r3, [sp, #32]
 141 000e 0993     		str	r3, [sp, #36]
 165:Core/Src/tim.c ****   if(timHandle->Instance==TIM2)
 142              		.loc 1 165 3 is_stmt 1 view .LVU25
 143              		.loc 1 165 15 is_stmt 0 view .LVU26
 144 0010 0368     		ldr	r3, [r0]
 145              		.loc 1 165 5 view .LVU27
 146 0012 B3F1804F 		cmp	r3, #1073741824
 147 0016 04D0     		beq	.L13
 166:Core/Src/tim.c ****   {
 167:Core/Src/tim.c ****   /* USER CODE BEGIN TIM2_MspPostInit 0 */
 168:Core/Src/tim.c **** 
 169:Core/Src/tim.c ****   /* USER CODE END TIM2_MspPostInit 0 */
 170:Core/Src/tim.c ****     __HAL_RCC_GPIOA_CLK_ENABLE();
 171:Core/Src/tim.c ****     __HAL_RCC_GPIOB_CLK_ENABLE();
 172:Core/Src/tim.c ****     /**TIM2 GPIO Configuration
 173:Core/Src/tim.c ****     PA5     ------> TIM2_CH1
 174:Core/Src/tim.c ****     PB10     ------> TIM2_CH3
 175:Core/Src/tim.c ****     */
 176:Core/Src/tim.c ****     GPIO_InitStruct.Pin = GPIO_PIN_5;
 177:Core/Src/tim.c ****     GPIO_InitStruct.Mode = GPIO_MODE_AF_PP;
 178:Core/Src/tim.c ****     GPIO_InitStruct.Pull = GPIO_NOPULL;
 179:Core/Src/tim.c ****     GPIO_InitStruct.Speed = GPIO_SPEED_FREQ_LOW;
 180:Core/Src/tim.c ****     GPIO_InitStruct.Alternate = GPIO_AF1_TIM2;
 181:Core/Src/tim.c ****     HAL_GPIO_Init(GPIOA, &GPIO_InitStruct);
 182:Core/Src/tim.c **** 
 183:Core/Src/tim.c ****     GPIO_InitStruct.Pin = GPIO_PIN_10;
 184:Core/Src/tim.c ****     GPIO_InitStruct.Mode = GPIO_MODE_AF_PP;
 185:Core/Src/tim.c ****     GPIO_InitStruct.Pull = GPIO_NOPULL;
 186:Core/Src/tim.c ****     GPIO_InitStruct.Speed = GPIO_SPEED_FREQ_LOW;
ARM GAS  C:\Users\Dennis\AppData\Local\Temp\cc5g3zPe.s 			page 7


 187:Core/Src/tim.c ****     GPIO_InitStruct.Alternate = GPIO_AF1_TIM2;
 188:Core/Src/tim.c ****     HAL_GPIO_Init(GPIOB, &GPIO_InitStruct);
 189:Core/Src/tim.c **** 
 190:Core/Src/tim.c ****   /* USER CODE BEGIN TIM2_MspPostInit 1 */
 191:Core/Src/tim.c **** 
 192:Core/Src/tim.c ****   /* USER CODE END TIM2_MspPostInit 1 */
 193:Core/Src/tim.c ****   }
 194:Core/Src/tim.c ****   else if(timHandle->Instance==TIM3)
 148              		.loc 1 194 8 is_stmt 1 view .LVU28
 149              		.loc 1 194 10 is_stmt 0 view .LVU29
 150 0018 2D4A     		ldr	r2, .L15
 151 001a 9342     		cmp	r3, r2
 152 001c 2ED0     		beq	.L14
 153              	.LVL2:
 154              	.L9:
 195:Core/Src/tim.c ****   {
 196:Core/Src/tim.c ****   /* USER CODE BEGIN TIM3_MspPostInit 0 */
 197:Core/Src/tim.c **** 
 198:Core/Src/tim.c ****   /* USER CODE END TIM3_MspPostInit 0 */
 199:Core/Src/tim.c **** 
 200:Core/Src/tim.c ****     __HAL_RCC_GPIOA_CLK_ENABLE();
 201:Core/Src/tim.c ****     __HAL_RCC_GPIOB_CLK_ENABLE();
 202:Core/Src/tim.c ****     /**TIM3 GPIO Configuration
 203:Core/Src/tim.c ****     PA6     ------> TIM3_CH1
 204:Core/Src/tim.c ****     PA7     ------> TIM3_CH2
 205:Core/Src/tim.c ****     PB0     ------> TIM3_CH3
 206:Core/Src/tim.c ****     PB1     ------> TIM3_CH4
 207:Core/Src/tim.c ****     */
 208:Core/Src/tim.c ****     GPIO_InitStruct.Pin = GPIO_PIN_6|GPIO_PIN_7;
 209:Core/Src/tim.c ****     GPIO_InitStruct.Mode = GPIO_MODE_AF_PP;
 210:Core/Src/tim.c ****     GPIO_InitStruct.Pull = GPIO_NOPULL;
 211:Core/Src/tim.c ****     GPIO_InitStruct.Speed = GPIO_SPEED_FREQ_LOW;
 212:Core/Src/tim.c ****     GPIO_InitStruct.Alternate = GPIO_AF2_TIM3;
 213:Core/Src/tim.c ****     HAL_GPIO_Init(GPIOA, &GPIO_InitStruct);
 214:Core/Src/tim.c **** 
 215:Core/Src/tim.c ****     GPIO_InitStruct.Pin = GPIO_PIN_0|GPIO_PIN_1;
 216:Core/Src/tim.c ****     GPIO_InitStruct.Mode = GPIO_MODE_AF_PP;
 217:Core/Src/tim.c ****     GPIO_InitStruct.Pull = GPIO_NOPULL;
 218:Core/Src/tim.c ****     GPIO_InitStruct.Speed = GPIO_SPEED_FREQ_LOW;
 219:Core/Src/tim.c ****     GPIO_InitStruct.Alternate = GPIO_AF2_TIM3;
 220:Core/Src/tim.c ****     HAL_GPIO_Init(GPIOB, &GPIO_InitStruct);
 221:Core/Src/tim.c **** 
 222:Core/Src/tim.c ****   /* USER CODE BEGIN TIM3_MspPostInit 1 */
 223:Core/Src/tim.c **** 
 224:Core/Src/tim.c ****   /* USER CODE END TIM3_MspPostInit 1 */
 225:Core/Src/tim.c ****   }
 226:Core/Src/tim.c **** 
 227:Core/Src/tim.c **** }
 155              		.loc 1 227 1 view .LVU30
 156 001e 0AB0     		add	sp, sp, #40
 157              	.LCFI5:
 158              		.cfi_remember_state
 159              		.cfi_def_cfa_offset 16
 160              		@ sp needed
 161 0020 70BD     		pop	{r4, r5, r6, pc}
 162              	.LVL3:
 163              	.L13:
ARM GAS  C:\Users\Dennis\AppData\Local\Temp\cc5g3zPe.s 			page 8


 164              	.LCFI6:
 165              		.cfi_restore_state
 170:Core/Src/tim.c ****     __HAL_RCC_GPIOB_CLK_ENABLE();
 166              		.loc 1 170 5 is_stmt 1 view .LVU31
 167              	.LBB4:
 170:Core/Src/tim.c ****     __HAL_RCC_GPIOB_CLK_ENABLE();
 168              		.loc 1 170 5 view .LVU32
 169 0022 0024     		movs	r4, #0
 170 0024 0194     		str	r4, [sp, #4]
 170:Core/Src/tim.c ****     __HAL_RCC_GPIOB_CLK_ENABLE();
 171              		.loc 1 170 5 view .LVU33
 172 0026 03F50E33 		add	r3, r3, #145408
 173 002a 1A6B     		ldr	r2, [r3, #48]
 174 002c 42F00102 		orr	r2, r2, #1
 175 0030 1A63     		str	r2, [r3, #48]
 170:Core/Src/tim.c ****     __HAL_RCC_GPIOB_CLK_ENABLE();
 176              		.loc 1 170 5 view .LVU34
 177 0032 1A6B     		ldr	r2, [r3, #48]
 178 0034 02F00102 		and	r2, r2, #1
 179 0038 0192     		str	r2, [sp, #4]
 170:Core/Src/tim.c ****     __HAL_RCC_GPIOB_CLK_ENABLE();
 180              		.loc 1 170 5 view .LVU35
 181 003a 019A     		ldr	r2, [sp, #4]
 182              	.LBE4:
 170:Core/Src/tim.c ****     __HAL_RCC_GPIOB_CLK_ENABLE();
 183              		.loc 1 170 5 view .LVU36
 171:Core/Src/tim.c ****     /**TIM2 GPIO Configuration
 184              		.loc 1 171 5 view .LVU37
 185              	.LBB5:
 171:Core/Src/tim.c ****     /**TIM2 GPIO Configuration
 186              		.loc 1 171 5 view .LVU38
 187 003c 0294     		str	r4, [sp, #8]
 171:Core/Src/tim.c ****     /**TIM2 GPIO Configuration
 188              		.loc 1 171 5 view .LVU39
 189 003e 1A6B     		ldr	r2, [r3, #48]
 190 0040 42F00202 		orr	r2, r2, #2
 191 0044 1A63     		str	r2, [r3, #48]
 171:Core/Src/tim.c ****     /**TIM2 GPIO Configuration
 192              		.loc 1 171 5 view .LVU40
 193 0046 1B6B     		ldr	r3, [r3, #48]
 194 0048 03F00203 		and	r3, r3, #2
 195 004c 0293     		str	r3, [sp, #8]
 171:Core/Src/tim.c ****     /**TIM2 GPIO Configuration
 196              		.loc 1 171 5 view .LVU41
 197 004e 029B     		ldr	r3, [sp, #8]
 198              	.LBE5:
 171:Core/Src/tim.c ****     /**TIM2 GPIO Configuration
 199              		.loc 1 171 5 view .LVU42
 176:Core/Src/tim.c ****     GPIO_InitStruct.Mode = GPIO_MODE_AF_PP;
 200              		.loc 1 176 5 view .LVU43
 176:Core/Src/tim.c ****     GPIO_InitStruct.Mode = GPIO_MODE_AF_PP;
 201              		.loc 1 176 25 is_stmt 0 view .LVU44
 202 0050 2023     		movs	r3, #32
 203 0052 0593     		str	r3, [sp, #20]
 177:Core/Src/tim.c ****     GPIO_InitStruct.Pull = GPIO_NOPULL;
 204              		.loc 1 177 5 is_stmt 1 view .LVU45
 177:Core/Src/tim.c ****     GPIO_InitStruct.Pull = GPIO_NOPULL;
ARM GAS  C:\Users\Dennis\AppData\Local\Temp\cc5g3zPe.s 			page 9


 205              		.loc 1 177 26 is_stmt 0 view .LVU46
 206 0054 0226     		movs	r6, #2
 207 0056 0696     		str	r6, [sp, #24]
 178:Core/Src/tim.c ****     GPIO_InitStruct.Speed = GPIO_SPEED_FREQ_LOW;
 208              		.loc 1 178 5 is_stmt 1 view .LVU47
 179:Core/Src/tim.c ****     GPIO_InitStruct.Alternate = GPIO_AF1_TIM2;
 209              		.loc 1 179 5 view .LVU48
 180:Core/Src/tim.c ****     HAL_GPIO_Init(GPIOA, &GPIO_InitStruct);
 210              		.loc 1 180 5 view .LVU49
 180:Core/Src/tim.c ****     HAL_GPIO_Init(GPIOA, &GPIO_InitStruct);
 211              		.loc 1 180 31 is_stmt 0 view .LVU50
 212 0058 0125     		movs	r5, #1
 213 005a 0995     		str	r5, [sp, #36]
 181:Core/Src/tim.c **** 
 214              		.loc 1 181 5 is_stmt 1 view .LVU51
 215 005c 05A9     		add	r1, sp, #20
 216 005e 1D48     		ldr	r0, .L15+4
 217              	.LVL4:
 181:Core/Src/tim.c **** 
 218              		.loc 1 181 5 is_stmt 0 view .LVU52
 219 0060 FFF7FEFF 		bl	HAL_GPIO_Init
 220              	.LVL5:
 183:Core/Src/tim.c ****     GPIO_InitStruct.Mode = GPIO_MODE_AF_PP;
 221              		.loc 1 183 5 is_stmt 1 view .LVU53
 183:Core/Src/tim.c ****     GPIO_InitStruct.Mode = GPIO_MODE_AF_PP;
 222              		.loc 1 183 25 is_stmt 0 view .LVU54
 223 0064 4FF48063 		mov	r3, #1024
 224 0068 0593     		str	r3, [sp, #20]
 184:Core/Src/tim.c ****     GPIO_InitStruct.Pull = GPIO_NOPULL;
 225              		.loc 1 184 5 is_stmt 1 view .LVU55
 184:Core/Src/tim.c ****     GPIO_InitStruct.Pull = GPIO_NOPULL;
 226              		.loc 1 184 26 is_stmt 0 view .LVU56
 227 006a 0696     		str	r6, [sp, #24]
 185:Core/Src/tim.c ****     GPIO_InitStruct.Speed = GPIO_SPEED_FREQ_LOW;
 228              		.loc 1 185 5 is_stmt 1 view .LVU57
 185:Core/Src/tim.c ****     GPIO_InitStruct.Speed = GPIO_SPEED_FREQ_LOW;
 229              		.loc 1 185 26 is_stmt 0 view .LVU58
 230 006c 0794     		str	r4, [sp, #28]
 186:Core/Src/tim.c ****     GPIO_InitStruct.Alternate = GPIO_AF1_TIM2;
 231              		.loc 1 186 5 is_stmt 1 view .LVU59
 186:Core/Src/tim.c ****     GPIO_InitStruct.Alternate = GPIO_AF1_TIM2;
 232              		.loc 1 186 27 is_stmt 0 view .LVU60
 233 006e 0894     		str	r4, [sp, #32]
 187:Core/Src/tim.c ****     HAL_GPIO_Init(GPIOB, &GPIO_InitStruct);
 234              		.loc 1 187 5 is_stmt 1 view .LVU61
 187:Core/Src/tim.c ****     HAL_GPIO_Init(GPIOB, &GPIO_InitStruct);
 235              		.loc 1 187 31 is_stmt 0 view .LVU62
 236 0070 0995     		str	r5, [sp, #36]
 188:Core/Src/tim.c **** 
 237              		.loc 1 188 5 is_stmt 1 view .LVU63
 238 0072 05A9     		add	r1, sp, #20
 239 0074 1848     		ldr	r0, .L15+8
 240 0076 FFF7FEFF 		bl	HAL_GPIO_Init
 241              	.LVL6:
 242 007a D0E7     		b	.L9
 243              	.LVL7:
 244              	.L14:
ARM GAS  C:\Users\Dennis\AppData\Local\Temp\cc5g3zPe.s 			page 10


 200:Core/Src/tim.c ****     __HAL_RCC_GPIOB_CLK_ENABLE();
 245              		.loc 1 200 5 view .LVU64
 246              	.LBB6:
 200:Core/Src/tim.c ****     __HAL_RCC_GPIOB_CLK_ENABLE();
 247              		.loc 1 200 5 view .LVU65
 248 007c 0025     		movs	r5, #0
 249 007e 0395     		str	r5, [sp, #12]
 200:Core/Src/tim.c ****     __HAL_RCC_GPIOB_CLK_ENABLE();
 250              		.loc 1 200 5 view .LVU66
 251 0080 164B     		ldr	r3, .L15+12
 252 0082 1A6B     		ldr	r2, [r3, #48]
 253 0084 42F00102 		orr	r2, r2, #1
 254 0088 1A63     		str	r2, [r3, #48]
 200:Core/Src/tim.c ****     __HAL_RCC_GPIOB_CLK_ENABLE();
 255              		.loc 1 200 5 view .LVU67
 256 008a 1A6B     		ldr	r2, [r3, #48]
 257 008c 02F00102 		and	r2, r2, #1
 258 0090 0392     		str	r2, [sp, #12]
 200:Core/Src/tim.c ****     __HAL_RCC_GPIOB_CLK_ENABLE();
 259              		.loc 1 200 5 view .LVU68
 260 0092 039A     		ldr	r2, [sp, #12]
 261              	.LBE6:
 200:Core/Src/tim.c ****     __HAL_RCC_GPIOB_CLK_ENABLE();
 262              		.loc 1 200 5 view .LVU69
 201:Core/Src/tim.c ****     /**TIM3 GPIO Configuration
 263              		.loc 1 201 5 view .LVU70
 264              	.LBB7:
 201:Core/Src/tim.c ****     /**TIM3 GPIO Configuration
 265              		.loc 1 201 5 view .LVU71
 266 0094 0495     		str	r5, [sp, #16]
 201:Core/Src/tim.c ****     /**TIM3 GPIO Configuration
 267              		.loc 1 201 5 view .LVU72
 268 0096 1A6B     		ldr	r2, [r3, #48]
 269 0098 42F00202 		orr	r2, r2, #2
 270 009c 1A63     		str	r2, [r3, #48]
 201:Core/Src/tim.c ****     /**TIM3 GPIO Configuration
 271              		.loc 1 201 5 view .LVU73
 272 009e 1B6B     		ldr	r3, [r3, #48]
 273 00a0 03F00203 		and	r3, r3, #2
 274 00a4 0493     		str	r3, [sp, #16]
 201:Core/Src/tim.c ****     /**TIM3 GPIO Configuration
 275              		.loc 1 201 5 view .LVU74
 276 00a6 049B     		ldr	r3, [sp, #16]
 277              	.LBE7:
 201:Core/Src/tim.c ****     /**TIM3 GPIO Configuration
 278              		.loc 1 201 5 view .LVU75
 208:Core/Src/tim.c ****     GPIO_InitStruct.Mode = GPIO_MODE_AF_PP;
 279              		.loc 1 208 5 view .LVU76
 208:Core/Src/tim.c ****     GPIO_InitStruct.Mode = GPIO_MODE_AF_PP;
 280              		.loc 1 208 25 is_stmt 0 view .LVU77
 281 00a8 C023     		movs	r3, #192
 282 00aa 0593     		str	r3, [sp, #20]
 209:Core/Src/tim.c ****     GPIO_InitStruct.Pull = GPIO_NOPULL;
 283              		.loc 1 209 5 is_stmt 1 view .LVU78
 209:Core/Src/tim.c ****     GPIO_InitStruct.Pull = GPIO_NOPULL;
 284              		.loc 1 209 26 is_stmt 0 view .LVU79
 285 00ac 0224     		movs	r4, #2
ARM GAS  C:\Users\Dennis\AppData\Local\Temp\cc5g3zPe.s 			page 11


 286 00ae 0694     		str	r4, [sp, #24]
 210:Core/Src/tim.c ****     GPIO_InitStruct.Speed = GPIO_SPEED_FREQ_LOW;
 287              		.loc 1 210 5 is_stmt 1 view .LVU80
 211:Core/Src/tim.c ****     GPIO_InitStruct.Alternate = GPIO_AF2_TIM3;
 288              		.loc 1 211 5 view .LVU81
 212:Core/Src/tim.c ****     HAL_GPIO_Init(GPIOA, &GPIO_InitStruct);
 289              		.loc 1 212 5 view .LVU82
 212:Core/Src/tim.c ****     HAL_GPIO_Init(GPIOA, &GPIO_InitStruct);
 290              		.loc 1 212 31 is_stmt 0 view .LVU83
 291 00b0 0994     		str	r4, [sp, #36]
 213:Core/Src/tim.c **** 
 292              		.loc 1 213 5 is_stmt 1 view .LVU84
 293 00b2 05A9     		add	r1, sp, #20
 294 00b4 0748     		ldr	r0, .L15+4
 295              	.LVL8:
 213:Core/Src/tim.c **** 
 296              		.loc 1 213 5 is_stmt 0 view .LVU85
 297 00b6 FFF7FEFF 		bl	HAL_GPIO_Init
 298              	.LVL9:
 215:Core/Src/tim.c ****     GPIO_InitStruct.Mode = GPIO_MODE_AF_PP;
 299              		.loc 1 215 5 is_stmt 1 view .LVU86
 215:Core/Src/tim.c ****     GPIO_InitStruct.Mode = GPIO_MODE_AF_PP;
 300              		.loc 1 215 25 is_stmt 0 view .LVU87
 301 00ba 0323     		movs	r3, #3
 302 00bc 0593     		str	r3, [sp, #20]
 216:Core/Src/tim.c ****     GPIO_InitStruct.Pull = GPIO_NOPULL;
 303              		.loc 1 216 5 is_stmt 1 view .LVU88
 216:Core/Src/tim.c ****     GPIO_InitStruct.Pull = GPIO_NOPULL;
 304              		.loc 1 216 26 is_stmt 0 view .LVU89
 305 00be 0694     		str	r4, [sp, #24]
 217:Core/Src/tim.c ****     GPIO_InitStruct.Speed = GPIO_SPEED_FREQ_LOW;
 306              		.loc 1 217 5 is_stmt 1 view .LVU90
 217:Core/Src/tim.c ****     GPIO_InitStruct.Speed = GPIO_SPEED_FREQ_LOW;
 307              		.loc 1 217 26 is_stmt 0 view .LVU91
 308 00c0 0795     		str	r5, [sp, #28]
 218:Core/Src/tim.c ****     GPIO_InitStruct.Alternate = GPIO_AF2_TIM3;
 309              		.loc 1 218 5 is_stmt 1 view .LVU92
 218:Core/Src/tim.c ****     GPIO_InitStruct.Alternate = GPIO_AF2_TIM3;
 310              		.loc 1 218 27 is_stmt 0 view .LVU93
 311 00c2 0895     		str	r5, [sp, #32]
 219:Core/Src/tim.c ****     HAL_GPIO_Init(GPIOB, &GPIO_InitStruct);
 312              		.loc 1 219 5 is_stmt 1 view .LVU94
 219:Core/Src/tim.c ****     HAL_GPIO_Init(GPIOB, &GPIO_InitStruct);
 313              		.loc 1 219 31 is_stmt 0 view .LVU95
 314 00c4 0994     		str	r4, [sp, #36]
 220:Core/Src/tim.c **** 
 315              		.loc 1 220 5 is_stmt 1 view .LVU96
 316 00c6 05A9     		add	r1, sp, #20
 317 00c8 0348     		ldr	r0, .L15+8
 318 00ca FFF7FEFF 		bl	HAL_GPIO_Init
 319              	.LVL10:
 320              		.loc 1 227 1 is_stmt 0 view .LVU97
 321 00ce A6E7     		b	.L9
 322              	.L16:
 323              		.align	2
 324              	.L15:
 325 00d0 00040040 		.word	1073742848
ARM GAS  C:\Users\Dennis\AppData\Local\Temp\cc5g3zPe.s 			page 12


 326 00d4 00000240 		.word	1073872896
 327 00d8 00040240 		.word	1073873920
 328 00dc 00380240 		.word	1073887232
 329              		.cfi_endproc
 330              	.LFE223:
 332              		.section	.text.MX_TIM2_Init,"ax",%progbits
 333              		.align	1
 334              		.global	MX_TIM2_Init
 335              		.syntax unified
 336              		.thumb
 337              		.thumb_func
 339              	MX_TIM2_Init:
 340              	.LFB220:
  32:Core/Src/tim.c **** 
 341              		.loc 1 32 1 is_stmt 1 view -0
 342              		.cfi_startproc
 343              		@ args = 0, pretend = 0, frame = 40
 344              		@ frame_needed = 0, uses_anonymous_args = 0
 345 0000 00B5     		push	{lr}
 346              	.LCFI7:
 347              		.cfi_def_cfa_offset 4
 348              		.cfi_offset 14, -4
 349 0002 8BB0     		sub	sp, sp, #44
 350              	.LCFI8:
 351              		.cfi_def_cfa_offset 48
  38:Core/Src/tim.c ****   TIM_OC_InitTypeDef sConfigOC = {0};
 352              		.loc 1 38 3 view .LVU99
  38:Core/Src/tim.c ****   TIM_OC_InitTypeDef sConfigOC = {0};
 353              		.loc 1 38 27 is_stmt 0 view .LVU100
 354 0004 0023     		movs	r3, #0
 355 0006 0893     		str	r3, [sp, #32]
 356 0008 0993     		str	r3, [sp, #36]
  39:Core/Src/tim.c **** 
 357              		.loc 1 39 3 is_stmt 1 view .LVU101
  39:Core/Src/tim.c **** 
 358              		.loc 1 39 22 is_stmt 0 view .LVU102
 359 000a 0193     		str	r3, [sp, #4]
 360 000c 0293     		str	r3, [sp, #8]
 361 000e 0393     		str	r3, [sp, #12]
 362 0010 0493     		str	r3, [sp, #16]
 363 0012 0593     		str	r3, [sp, #20]
 364 0014 0693     		str	r3, [sp, #24]
 365 0016 0793     		str	r3, [sp, #28]
  44:Core/Src/tim.c ****   htim2.Init.Prescaler = 1-1;
 366              		.loc 1 44 3 is_stmt 1 view .LVU103
  44:Core/Src/tim.c ****   htim2.Init.Prescaler = 1-1;
 367              		.loc 1 44 18 is_stmt 0 view .LVU104
 368 0018 1C48     		ldr	r0, .L27
 369 001a 4FF08042 		mov	r2, #1073741824
 370 001e 0260     		str	r2, [r0]
  45:Core/Src/tim.c ****   htim2.Init.CounterMode = TIM_COUNTERMODE_UP;
 371              		.loc 1 45 3 is_stmt 1 view .LVU105
  45:Core/Src/tim.c ****   htim2.Init.CounterMode = TIM_COUNTERMODE_UP;
 372              		.loc 1 45 24 is_stmt 0 view .LVU106
 373 0020 4360     		str	r3, [r0, #4]
  46:Core/Src/tim.c ****   htim2.Init.Period = 3300-1;
 374              		.loc 1 46 3 is_stmt 1 view .LVU107
ARM GAS  C:\Users\Dennis\AppData\Local\Temp\cc5g3zPe.s 			page 13


  46:Core/Src/tim.c ****   htim2.Init.Period = 3300-1;
 375              		.loc 1 46 26 is_stmt 0 view .LVU108
 376 0022 8360     		str	r3, [r0, #8]
  47:Core/Src/tim.c ****   htim2.Init.ClockDivision = TIM_CLOCKDIVISION_DIV1;
 377              		.loc 1 47 3 is_stmt 1 view .LVU109
  47:Core/Src/tim.c ****   htim2.Init.ClockDivision = TIM_CLOCKDIVISION_DIV1;
 378              		.loc 1 47 21 is_stmt 0 view .LVU110
 379 0024 40F6E342 		movw	r2, #3299
 380 0028 C260     		str	r2, [r0, #12]
  48:Core/Src/tim.c ****   htim2.Init.AutoReloadPreload = TIM_AUTORELOAD_PRELOAD_ENABLE;
 381              		.loc 1 48 3 is_stmt 1 view .LVU111
  48:Core/Src/tim.c ****   htim2.Init.AutoReloadPreload = TIM_AUTORELOAD_PRELOAD_ENABLE;
 382              		.loc 1 48 28 is_stmt 0 view .LVU112
 383 002a 0361     		str	r3, [r0, #16]
  49:Core/Src/tim.c ****   if (HAL_TIM_PWM_Init(&htim2) != HAL_OK)
 384              		.loc 1 49 3 is_stmt 1 view .LVU113
  49:Core/Src/tim.c ****   if (HAL_TIM_PWM_Init(&htim2) != HAL_OK)
 385              		.loc 1 49 32 is_stmt 0 view .LVU114
 386 002c 8023     		movs	r3, #128
 387 002e 8361     		str	r3, [r0, #24]
  50:Core/Src/tim.c ****   {
 388              		.loc 1 50 3 is_stmt 1 view .LVU115
  50:Core/Src/tim.c ****   {
 389              		.loc 1 50 7 is_stmt 0 view .LVU116
 390 0030 FFF7FEFF 		bl	HAL_TIM_PWM_Init
 391              	.LVL11:
  50:Core/Src/tim.c ****   {
 392              		.loc 1 50 6 view .LVU117
 393 0034 F0B9     		cbnz	r0, .L23
 394              	.L18:
  54:Core/Src/tim.c ****   sMasterConfig.MasterSlaveMode = TIM_MASTERSLAVEMODE_DISABLE;
 395              		.loc 1 54 3 is_stmt 1 view .LVU118
  54:Core/Src/tim.c ****   sMasterConfig.MasterSlaveMode = TIM_MASTERSLAVEMODE_DISABLE;
 396              		.loc 1 54 37 is_stmt 0 view .LVU119
 397 0036 0023     		movs	r3, #0
 398 0038 0893     		str	r3, [sp, #32]
  55:Core/Src/tim.c ****   if (HAL_TIMEx_MasterConfigSynchronization(&htim2, &sMasterConfig) != HAL_OK)
 399              		.loc 1 55 3 is_stmt 1 view .LVU120
  55:Core/Src/tim.c ****   if (HAL_TIMEx_MasterConfigSynchronization(&htim2, &sMasterConfig) != HAL_OK)
 400              		.loc 1 55 33 is_stmt 0 view .LVU121
 401 003a 0993     		str	r3, [sp, #36]
  56:Core/Src/tim.c ****   {
 402              		.loc 1 56 3 is_stmt 1 view .LVU122
  56:Core/Src/tim.c ****   {
 403              		.loc 1 56 7 is_stmt 0 view .LVU123
 404 003c 08A9     		add	r1, sp, #32
 405 003e 1348     		ldr	r0, .L27
 406 0040 FFF7FEFF 		bl	HAL_TIMEx_MasterConfigSynchronization
 407              	.LVL12:
  56:Core/Src/tim.c ****   {
 408              		.loc 1 56 6 view .LVU124
 409 0044 C8B9     		cbnz	r0, .L24
 410              	.L19:
  60:Core/Src/tim.c ****   sConfigOC.Pulse = 0;
 411              		.loc 1 60 3 is_stmt 1 view .LVU125
  60:Core/Src/tim.c ****   sConfigOC.Pulse = 0;
 412              		.loc 1 60 20 is_stmt 0 view .LVU126
ARM GAS  C:\Users\Dennis\AppData\Local\Temp\cc5g3zPe.s 			page 14


 413 0046 6023     		movs	r3, #96
 414 0048 0193     		str	r3, [sp, #4]
  61:Core/Src/tim.c ****   sConfigOC.OCPolarity = TIM_OCPOLARITY_HIGH;
 415              		.loc 1 61 3 is_stmt 1 view .LVU127
  61:Core/Src/tim.c ****   sConfigOC.OCPolarity = TIM_OCPOLARITY_HIGH;
 416              		.loc 1 61 19 is_stmt 0 view .LVU128
 417 004a 0022     		movs	r2, #0
 418 004c 0292     		str	r2, [sp, #8]
  62:Core/Src/tim.c ****   sConfigOC.OCFastMode = TIM_OCFAST_DISABLE;
 419              		.loc 1 62 3 is_stmt 1 view .LVU129
  62:Core/Src/tim.c ****   sConfigOC.OCFastMode = TIM_OCFAST_DISABLE;
 420              		.loc 1 62 24 is_stmt 0 view .LVU130
 421 004e 0392     		str	r2, [sp, #12]
  63:Core/Src/tim.c ****   if (HAL_TIM_PWM_ConfigChannel(&htim2, &sConfigOC, TIM_CHANNEL_1) != HAL_OK)
 422              		.loc 1 63 3 is_stmt 1 view .LVU131
  63:Core/Src/tim.c ****   if (HAL_TIM_PWM_ConfigChannel(&htim2, &sConfigOC, TIM_CHANNEL_1) != HAL_OK)
 423              		.loc 1 63 24 is_stmt 0 view .LVU132
 424 0050 0592     		str	r2, [sp, #20]
  64:Core/Src/tim.c ****   {
 425              		.loc 1 64 3 is_stmt 1 view .LVU133
  64:Core/Src/tim.c ****   {
 426              		.loc 1 64 7 is_stmt 0 view .LVU134
 427 0052 01A9     		add	r1, sp, #4
 428 0054 0D48     		ldr	r0, .L27
 429 0056 FFF7FEFF 		bl	HAL_TIM_PWM_ConfigChannel
 430              	.LVL13:
  64:Core/Src/tim.c ****   {
 431              		.loc 1 64 6 view .LVU135
 432 005a 88B9     		cbnz	r0, .L25
 433              	.L20:
  68:Core/Src/tim.c ****   {
 434              		.loc 1 68 3 is_stmt 1 view .LVU136
  68:Core/Src/tim.c ****   {
 435              		.loc 1 68 7 is_stmt 0 view .LVU137
 436 005c 0822     		movs	r2, #8
 437 005e 01A9     		add	r1, sp, #4
 438 0060 0A48     		ldr	r0, .L27
 439 0062 FFF7FEFF 		bl	HAL_TIM_PWM_ConfigChannel
 440              	.LVL14:
  68:Core/Src/tim.c ****   {
 441              		.loc 1 68 6 view .LVU138
 442 0066 70B9     		cbnz	r0, .L26
 443              	.L21:
  75:Core/Src/tim.c **** 
 444              		.loc 1 75 3 is_stmt 1 view .LVU139
 445 0068 0848     		ldr	r0, .L27
 446 006a FFF7FEFF 		bl	HAL_TIM_MspPostInit
 447              	.LVL15:
  77:Core/Src/tim.c **** /* TIM3 init function */
 448              		.loc 1 77 1 is_stmt 0 view .LVU140
 449 006e 0BB0     		add	sp, sp, #44
 450              	.LCFI9:
 451              		.cfi_remember_state
 452              		.cfi_def_cfa_offset 4
 453              		@ sp needed
 454 0070 5DF804FB 		ldr	pc, [sp], #4
 455              	.L23:
ARM GAS  C:\Users\Dennis\AppData\Local\Temp\cc5g3zPe.s 			page 15


 456              	.LCFI10:
 457              		.cfi_restore_state
  52:Core/Src/tim.c ****   }
 458              		.loc 1 52 5 is_stmt 1 view .LVU141
 459 0074 FFF7FEFF 		bl	Error_Handler
 460              	.LVL16:
 461 0078 DDE7     		b	.L18
 462              	.L24:
  58:Core/Src/tim.c ****   }
 463              		.loc 1 58 5 view .LVU142
 464 007a FFF7FEFF 		bl	Error_Handler
 465              	.LVL17:
 466 007e E2E7     		b	.L19
 467              	.L25:
  66:Core/Src/tim.c ****   }
 468              		.loc 1 66 5 view .LVU143
 469 0080 FFF7FEFF 		bl	Error_Handler
 470              	.LVL18:
 471 0084 EAE7     		b	.L20
 472              	.L26:
  70:Core/Src/tim.c ****   }
 473              		.loc 1 70 5 view .LVU144
 474 0086 FFF7FEFF 		bl	Error_Handler
 475              	.LVL19:
 476 008a EDE7     		b	.L21
 477              	.L28:
 478              		.align	2
 479              	.L27:
 480 008c 00000000 		.word	.LANCHOR0
 481              		.cfi_endproc
 482              	.LFE220:
 484              		.section	.text.MX_TIM3_Init,"ax",%progbits
 485              		.align	1
 486              		.global	MX_TIM3_Init
 487              		.syntax unified
 488              		.thumb
 489              		.thumb_func
 491              	MX_TIM3_Init:
 492              	.LFB221:
  80:Core/Src/tim.c **** 
 493              		.loc 1 80 1 view -0
 494              		.cfi_startproc
 495              		@ args = 0, pretend = 0, frame = 40
 496              		@ frame_needed = 0, uses_anonymous_args = 0
 497 0000 00B5     		push	{lr}
 498              	.LCFI11:
 499              		.cfi_def_cfa_offset 4
 500              		.cfi_offset 14, -4
 501 0002 8BB0     		sub	sp, sp, #44
 502              	.LCFI12:
 503              		.cfi_def_cfa_offset 48
  86:Core/Src/tim.c ****   TIM_OC_InitTypeDef sConfigOC = {0};
 504              		.loc 1 86 3 view .LVU146
  86:Core/Src/tim.c ****   TIM_OC_InitTypeDef sConfigOC = {0};
 505              		.loc 1 86 27 is_stmt 0 view .LVU147
 506 0004 0023     		movs	r3, #0
 507 0006 0893     		str	r3, [sp, #32]
ARM GAS  C:\Users\Dennis\AppData\Local\Temp\cc5g3zPe.s 			page 16


 508 0008 0993     		str	r3, [sp, #36]
  87:Core/Src/tim.c **** 
 509              		.loc 1 87 3 is_stmt 1 view .LVU148
  87:Core/Src/tim.c **** 
 510              		.loc 1 87 22 is_stmt 0 view .LVU149
 511 000a 0193     		str	r3, [sp, #4]
 512 000c 0293     		str	r3, [sp, #8]
 513 000e 0393     		str	r3, [sp, #12]
 514 0010 0493     		str	r3, [sp, #16]
 515 0012 0593     		str	r3, [sp, #20]
 516 0014 0693     		str	r3, [sp, #24]
 517 0016 0793     		str	r3, [sp, #28]
  92:Core/Src/tim.c ****   htim3.Init.Prescaler = 1-1;
 518              		.loc 1 92 3 is_stmt 1 view .LVU150
  92:Core/Src/tim.c ****   htim3.Init.Prescaler = 1-1;
 519              		.loc 1 92 18 is_stmt 0 view .LVU151
 520 0018 2548     		ldr	r0, .L43
 521 001a 264A     		ldr	r2, .L43+4
 522 001c 0260     		str	r2, [r0]
  93:Core/Src/tim.c ****   htim3.Init.CounterMode = TIM_COUNTERMODE_UP;
 523              		.loc 1 93 3 is_stmt 1 view .LVU152
  93:Core/Src/tim.c ****   htim3.Init.CounterMode = TIM_COUNTERMODE_UP;
 524              		.loc 1 93 24 is_stmt 0 view .LVU153
 525 001e 4360     		str	r3, [r0, #4]
  94:Core/Src/tim.c ****   htim3.Init.Period = 3300-1;
 526              		.loc 1 94 3 is_stmt 1 view .LVU154
  94:Core/Src/tim.c ****   htim3.Init.Period = 3300-1;
 527              		.loc 1 94 26 is_stmt 0 view .LVU155
 528 0020 8360     		str	r3, [r0, #8]
  95:Core/Src/tim.c ****   htim3.Init.ClockDivision = TIM_CLOCKDIVISION_DIV1;
 529              		.loc 1 95 3 is_stmt 1 view .LVU156
  95:Core/Src/tim.c ****   htim3.Init.ClockDivision = TIM_CLOCKDIVISION_DIV1;
 530              		.loc 1 95 21 is_stmt 0 view .LVU157
 531 0022 40F6E342 		movw	r2, #3299
 532 0026 C260     		str	r2, [r0, #12]
  96:Core/Src/tim.c ****   htim3.Init.AutoReloadPreload = TIM_AUTORELOAD_PRELOAD_ENABLE;
 533              		.loc 1 96 3 is_stmt 1 view .LVU158
  96:Core/Src/tim.c ****   htim3.Init.AutoReloadPreload = TIM_AUTORELOAD_PRELOAD_ENABLE;
 534              		.loc 1 96 28 is_stmt 0 view .LVU159
 535 0028 0361     		str	r3, [r0, #16]
  97:Core/Src/tim.c ****   if (HAL_TIM_PWM_Init(&htim3) != HAL_OK)
 536              		.loc 1 97 3 is_stmt 1 view .LVU160
  97:Core/Src/tim.c ****   if (HAL_TIM_PWM_Init(&htim3) != HAL_OK)
 537              		.loc 1 97 32 is_stmt 0 view .LVU161
 538 002a 8023     		movs	r3, #128
 539 002c 8361     		str	r3, [r0, #24]
  98:Core/Src/tim.c ****   {
 540              		.loc 1 98 3 is_stmt 1 view .LVU162
  98:Core/Src/tim.c ****   {
 541              		.loc 1 98 7 is_stmt 0 view .LVU163
 542 002e FFF7FEFF 		bl	HAL_TIM_PWM_Init
 543              	.LVL20:
  98:Core/Src/tim.c ****   {
 544              		.loc 1 98 6 view .LVU164
 545 0032 58BB     		cbnz	r0, .L37
 546              	.L30:
 102:Core/Src/tim.c ****   sMasterConfig.MasterSlaveMode = TIM_MASTERSLAVEMODE_DISABLE;
ARM GAS  C:\Users\Dennis\AppData\Local\Temp\cc5g3zPe.s 			page 17


 547              		.loc 1 102 3 is_stmt 1 view .LVU165
 102:Core/Src/tim.c ****   sMasterConfig.MasterSlaveMode = TIM_MASTERSLAVEMODE_DISABLE;
 548              		.loc 1 102 37 is_stmt 0 view .LVU166
 549 0034 0023     		movs	r3, #0
 550 0036 0893     		str	r3, [sp, #32]
 103:Core/Src/tim.c ****   if (HAL_TIMEx_MasterConfigSynchronization(&htim3, &sMasterConfig) != HAL_OK)
 551              		.loc 1 103 3 is_stmt 1 view .LVU167
 103:Core/Src/tim.c ****   if (HAL_TIMEx_MasterConfigSynchronization(&htim3, &sMasterConfig) != HAL_OK)
 552              		.loc 1 103 33 is_stmt 0 view .LVU168
 553 0038 0993     		str	r3, [sp, #36]
 104:Core/Src/tim.c ****   {
 554              		.loc 1 104 3 is_stmt 1 view .LVU169
 104:Core/Src/tim.c ****   {
 555              		.loc 1 104 7 is_stmt 0 view .LVU170
 556 003a 08A9     		add	r1, sp, #32
 557 003c 1C48     		ldr	r0, .L43
 558 003e FFF7FEFF 		bl	HAL_TIMEx_MasterConfigSynchronization
 559              	.LVL21:
 104:Core/Src/tim.c ****   {
 560              		.loc 1 104 6 view .LVU171
 561 0042 30BB     		cbnz	r0, .L38
 562              	.L31:
 108:Core/Src/tim.c ****   sConfigOC.Pulse = 0;
 563              		.loc 1 108 3 is_stmt 1 view .LVU172
 108:Core/Src/tim.c ****   sConfigOC.Pulse = 0;
 564              		.loc 1 108 20 is_stmt 0 view .LVU173
 565 0044 6023     		movs	r3, #96
 566 0046 0193     		str	r3, [sp, #4]
 109:Core/Src/tim.c ****   sConfigOC.OCPolarity = TIM_OCPOLARITY_HIGH;
 567              		.loc 1 109 3 is_stmt 1 view .LVU174
 109:Core/Src/tim.c ****   sConfigOC.OCPolarity = TIM_OCPOLARITY_HIGH;
 568              		.loc 1 109 19 is_stmt 0 view .LVU175
 569 0048 0022     		movs	r2, #0
 570 004a 0292     		str	r2, [sp, #8]
 110:Core/Src/tim.c ****   sConfigOC.OCFastMode = TIM_OCFAST_DISABLE;
 571              		.loc 1 110 3 is_stmt 1 view .LVU176
 110:Core/Src/tim.c ****   sConfigOC.OCFastMode = TIM_OCFAST_DISABLE;
 572              		.loc 1 110 24 is_stmt 0 view .LVU177
 573 004c 0392     		str	r2, [sp, #12]
 111:Core/Src/tim.c ****   if (HAL_TIM_PWM_ConfigChannel(&htim3, &sConfigOC, TIM_CHANNEL_1) != HAL_OK)
 574              		.loc 1 111 3 is_stmt 1 view .LVU178
 111:Core/Src/tim.c ****   if (HAL_TIM_PWM_ConfigChannel(&htim3, &sConfigOC, TIM_CHANNEL_1) != HAL_OK)
 575              		.loc 1 111 24 is_stmt 0 view .LVU179
 576 004e 0592     		str	r2, [sp, #20]
 112:Core/Src/tim.c ****   {
 577              		.loc 1 112 3 is_stmt 1 view .LVU180
 112:Core/Src/tim.c ****   {
 578              		.loc 1 112 7 is_stmt 0 view .LVU181
 579 0050 01A9     		add	r1, sp, #4
 580 0052 1748     		ldr	r0, .L43
 581 0054 FFF7FEFF 		bl	HAL_TIM_PWM_ConfigChannel
 582              	.LVL22:
 112:Core/Src/tim.c ****   {
 583              		.loc 1 112 6 view .LVU182
 584 0058 F0B9     		cbnz	r0, .L39
 585              	.L32:
 116:Core/Src/tim.c ****   {
ARM GAS  C:\Users\Dennis\AppData\Local\Temp\cc5g3zPe.s 			page 18


 586              		.loc 1 116 3 is_stmt 1 view .LVU183
 116:Core/Src/tim.c ****   {
 587              		.loc 1 116 7 is_stmt 0 view .LVU184
 588 005a 0422     		movs	r2, #4
 589 005c 0DEB0201 		add	r1, sp, r2
 590 0060 1348     		ldr	r0, .L43
 591 0062 FFF7FEFF 		bl	HAL_TIM_PWM_ConfigChannel
 592              	.LVL23:
 116:Core/Src/tim.c ****   {
 593              		.loc 1 116 6 view .LVU185
 594 0066 D0B9     		cbnz	r0, .L40
 595              	.L33:
 120:Core/Src/tim.c ****   {
 596              		.loc 1 120 3 is_stmt 1 view .LVU186
 120:Core/Src/tim.c ****   {
 597              		.loc 1 120 7 is_stmt 0 view .LVU187
 598 0068 0822     		movs	r2, #8
 599 006a 01A9     		add	r1, sp, #4
 600 006c 1048     		ldr	r0, .L43
 601 006e FFF7FEFF 		bl	HAL_TIM_PWM_ConfigChannel
 602              	.LVL24:
 120:Core/Src/tim.c ****   {
 603              		.loc 1 120 6 view .LVU188
 604 0072 B8B9     		cbnz	r0, .L41
 605              	.L34:
 124:Core/Src/tim.c ****   {
 606              		.loc 1 124 3 is_stmt 1 view .LVU189
 124:Core/Src/tim.c ****   {
 607              		.loc 1 124 7 is_stmt 0 view .LVU190
 608 0074 0C22     		movs	r2, #12
 609 0076 01A9     		add	r1, sp, #4
 610 0078 0D48     		ldr	r0, .L43
 611 007a FFF7FEFF 		bl	HAL_TIM_PWM_ConfigChannel
 612              	.LVL25:
 124:Core/Src/tim.c ****   {
 613              		.loc 1 124 6 view .LVU191
 614 007e A0B9     		cbnz	r0, .L42
 615              	.L35:
 131:Core/Src/tim.c **** 
 616              		.loc 1 131 3 is_stmt 1 view .LVU192
 617 0080 0B48     		ldr	r0, .L43
 618 0082 FFF7FEFF 		bl	HAL_TIM_MspPostInit
 619              	.LVL26:
 133:Core/Src/tim.c **** 
 620              		.loc 1 133 1 is_stmt 0 view .LVU193
 621 0086 0BB0     		add	sp, sp, #44
 622              	.LCFI13:
 623              		.cfi_remember_state
 624              		.cfi_def_cfa_offset 4
 625              		@ sp needed
 626 0088 5DF804FB 		ldr	pc, [sp], #4
 627              	.L37:
 628              	.LCFI14:
 629              		.cfi_restore_state
 100:Core/Src/tim.c ****   }
 630              		.loc 1 100 5 is_stmt 1 view .LVU194
 631 008c FFF7FEFF 		bl	Error_Handler
ARM GAS  C:\Users\Dennis\AppData\Local\Temp\cc5g3zPe.s 			page 19


 632              	.LVL27:
 633 0090 D0E7     		b	.L30
 634              	.L38:
 106:Core/Src/tim.c ****   }
 635              		.loc 1 106 5 view .LVU195
 636 0092 FFF7FEFF 		bl	Error_Handler
 637              	.LVL28:
 638 0096 D5E7     		b	.L31
 639              	.L39:
 114:Core/Src/tim.c ****   }
 640              		.loc 1 114 5 view .LVU196
 641 0098 FFF7FEFF 		bl	Error_Handler
 642              	.LVL29:
 643 009c DDE7     		b	.L32
 644              	.L40:
 118:Core/Src/tim.c ****   }
 645              		.loc 1 118 5 view .LVU197
 646 009e FFF7FEFF 		bl	Error_Handler
 647              	.LVL30:
 648 00a2 E1E7     		b	.L33
 649              	.L41:
 122:Core/Src/tim.c ****   }
 650              		.loc 1 122 5 view .LVU198
 651 00a4 FFF7FEFF 		bl	Error_Handler
 652              	.LVL31:
 653 00a8 E4E7     		b	.L34
 654              	.L42:
 126:Core/Src/tim.c ****   }
 655              		.loc 1 126 5 view .LVU199
 656 00aa FFF7FEFF 		bl	Error_Handler
 657              	.LVL32:
 658 00ae E7E7     		b	.L35
 659              	.L44:
 660              		.align	2
 661              	.L43:
 662 00b0 00000000 		.word	.LANCHOR1
 663 00b4 00040040 		.word	1073742848
 664              		.cfi_endproc
 665              	.LFE221:
 667              		.section	.text.HAL_TIM_PWM_MspDeInit,"ax",%progbits
 668              		.align	1
 669              		.global	HAL_TIM_PWM_MspDeInit
 670              		.syntax unified
 671              		.thumb
 672              		.thumb_func
 674              	HAL_TIM_PWM_MspDeInit:
 675              	.LVL33:
 676              	.LFB224:
 228:Core/Src/tim.c **** 
 229:Core/Src/tim.c **** void HAL_TIM_PWM_MspDeInit(TIM_HandleTypeDef* tim_pwmHandle)
 230:Core/Src/tim.c **** {
 677              		.loc 1 230 1 view -0
 678              		.cfi_startproc
 679              		@ args = 0, pretend = 0, frame = 0
 680              		@ frame_needed = 0, uses_anonymous_args = 0
 681              		@ link register save eliminated.
 231:Core/Src/tim.c **** 
ARM GAS  C:\Users\Dennis\AppData\Local\Temp\cc5g3zPe.s 			page 20


 232:Core/Src/tim.c ****   if(tim_pwmHandle->Instance==TIM2)
 682              		.loc 1 232 3 view .LVU201
 683              		.loc 1 232 19 is_stmt 0 view .LVU202
 684 0000 0368     		ldr	r3, [r0]
 685              		.loc 1 232 5 view .LVU203
 686 0002 B3F1804F 		cmp	r3, #1073741824
 687 0006 03D0     		beq	.L48
 233:Core/Src/tim.c ****   {
 234:Core/Src/tim.c ****   /* USER CODE BEGIN TIM2_MspDeInit 0 */
 235:Core/Src/tim.c **** 
 236:Core/Src/tim.c ****   /* USER CODE END TIM2_MspDeInit 0 */
 237:Core/Src/tim.c ****     /* Peripheral clock disable */
 238:Core/Src/tim.c ****     __HAL_RCC_TIM2_CLK_DISABLE();
 239:Core/Src/tim.c ****   /* USER CODE BEGIN TIM2_MspDeInit 1 */
 240:Core/Src/tim.c **** 
 241:Core/Src/tim.c ****   /* USER CODE END TIM2_MspDeInit 1 */
 242:Core/Src/tim.c ****   }
 243:Core/Src/tim.c ****   else if(tim_pwmHandle->Instance==TIM3)
 688              		.loc 1 243 8 is_stmt 1 view .LVU204
 689              		.loc 1 243 10 is_stmt 0 view .LVU205
 690 0008 084A     		ldr	r2, .L50
 691 000a 9342     		cmp	r3, r2
 692 000c 06D0     		beq	.L49
 693              	.L45:
 244:Core/Src/tim.c ****   {
 245:Core/Src/tim.c ****   /* USER CODE BEGIN TIM3_MspDeInit 0 */
 246:Core/Src/tim.c **** 
 247:Core/Src/tim.c ****   /* USER CODE END TIM3_MspDeInit 0 */
 248:Core/Src/tim.c ****     /* Peripheral clock disable */
 249:Core/Src/tim.c ****     __HAL_RCC_TIM3_CLK_DISABLE();
 250:Core/Src/tim.c ****   /* USER CODE BEGIN TIM3_MspDeInit 1 */
 251:Core/Src/tim.c **** 
 252:Core/Src/tim.c ****   /* USER CODE END TIM3_MspDeInit 1 */
 253:Core/Src/tim.c ****   }
 254:Core/Src/tim.c **** }
 694              		.loc 1 254 1 view .LVU206
 695 000e 7047     		bx	lr
 696              	.L48:
 238:Core/Src/tim.c ****   /* USER CODE BEGIN TIM2_MspDeInit 1 */
 697              		.loc 1 238 5 is_stmt 1 view .LVU207
 698 0010 074A     		ldr	r2, .L50+4
 699 0012 136C     		ldr	r3, [r2, #64]
 700 0014 23F00103 		bic	r3, r3, #1
 701 0018 1364     		str	r3, [r2, #64]
 702 001a 7047     		bx	lr
 703              	.L49:
 249:Core/Src/tim.c ****   /* USER CODE BEGIN TIM3_MspDeInit 1 */
 704              		.loc 1 249 5 view .LVU208
 705 001c 02F50D32 		add	r2, r2, #144384
 706 0020 136C     		ldr	r3, [r2, #64]
 707 0022 23F00203 		bic	r3, r3, #2
 708 0026 1364     		str	r3, [r2, #64]
 709              		.loc 1 254 1 is_stmt 0 view .LVU209
 710 0028 F1E7     		b	.L45
 711              	.L51:
 712 002a 00BF     		.align	2
 713              	.L50:
ARM GAS  C:\Users\Dennis\AppData\Local\Temp\cc5g3zPe.s 			page 21


 714 002c 00040040 		.word	1073742848
 715 0030 00380240 		.word	1073887232
 716              		.cfi_endproc
 717              	.LFE224:
 719              		.global	htim3
 720              		.global	htim2
 721              		.section	.bss.htim2,"aw",%nobits
 722              		.align	2
 723              		.set	.LANCHOR0,. + 0
 726              	htim2:
 727 0000 00000000 		.space	72
 727      00000000 
 727      00000000 
 727      00000000 
 727      00000000 
 728              		.section	.bss.htim3,"aw",%nobits
 729              		.align	2
 730              		.set	.LANCHOR1,. + 0
 733              	htim3:
 734 0000 00000000 		.space	72
 734      00000000 
 734      00000000 
 734      00000000 
 734      00000000 
 735              		.text
 736              	.Letext0:
 737              		.file 2 "c:\\software_user\\armgcc\\arm-none-eabi\\include\\machine\\_default_types.h"
 738              		.file 3 "c:\\software_user\\armgcc\\arm-none-eabi\\include\\sys\\_stdint.h"
 739              		.file 4 "Drivers/CMSIS/Device/ST/STM32F4xx/Include/stm32f411xe.h"
 740              		.file 5 "Drivers/STM32F4xx_HAL_Driver/Inc/stm32f4xx_hal_def.h"
 741              		.file 6 "Drivers/STM32F4xx_HAL_Driver/Inc/stm32f4xx_hal_gpio.h"
 742              		.file 7 "Drivers/STM32F4xx_HAL_Driver/Inc/stm32f4xx_hal_dma.h"
 743              		.file 8 "Drivers/STM32F4xx_HAL_Driver/Inc/stm32f4xx_hal_tim.h"
 744              		.file 9 "Core/Inc/tim.h"
 745              		.file 10 "Drivers/STM32F4xx_HAL_Driver/Inc/stm32f4xx_hal_tim_ex.h"
 746              		.file 11 "Core/Inc/main.h"
ARM GAS  C:\Users\Dennis\AppData\Local\Temp\cc5g3zPe.s 			page 22


DEFINED SYMBOLS
                            *ABS*:00000000 tim.c
C:\Users\Dennis\AppData\Local\Temp\cc5g3zPe.s:20     .text.HAL_TIM_PWM_MspInit:00000000 $t
C:\Users\Dennis\AppData\Local\Temp\cc5g3zPe.s:26     .text.HAL_TIM_PWM_MspInit:00000000 HAL_TIM_PWM_MspInit
C:\Users\Dennis\AppData\Local\Temp\cc5g3zPe.s:104    .text.HAL_TIM_PWM_MspInit:00000048 $d
C:\Users\Dennis\AppData\Local\Temp\cc5g3zPe.s:110    .text.HAL_TIM_MspPostInit:00000000 $t
C:\Users\Dennis\AppData\Local\Temp\cc5g3zPe.s:116    .text.HAL_TIM_MspPostInit:00000000 HAL_TIM_MspPostInit
C:\Users\Dennis\AppData\Local\Temp\cc5g3zPe.s:325    .text.HAL_TIM_MspPostInit:000000d0 $d
C:\Users\Dennis\AppData\Local\Temp\cc5g3zPe.s:333    .text.MX_TIM2_Init:00000000 $t
C:\Users\Dennis\AppData\Local\Temp\cc5g3zPe.s:339    .text.MX_TIM2_Init:00000000 MX_TIM2_Init
C:\Users\Dennis\AppData\Local\Temp\cc5g3zPe.s:480    .text.MX_TIM2_Init:0000008c $d
C:\Users\Dennis\AppData\Local\Temp\cc5g3zPe.s:485    .text.MX_TIM3_Init:00000000 $t
C:\Users\Dennis\AppData\Local\Temp\cc5g3zPe.s:491    .text.MX_TIM3_Init:00000000 MX_TIM3_Init
C:\Users\Dennis\AppData\Local\Temp\cc5g3zPe.s:662    .text.MX_TIM3_Init:000000b0 $d
C:\Users\Dennis\AppData\Local\Temp\cc5g3zPe.s:668    .text.HAL_TIM_PWM_MspDeInit:00000000 $t
C:\Users\Dennis\AppData\Local\Temp\cc5g3zPe.s:674    .text.HAL_TIM_PWM_MspDeInit:00000000 HAL_TIM_PWM_MspDeInit
C:\Users\Dennis\AppData\Local\Temp\cc5g3zPe.s:714    .text.HAL_TIM_PWM_MspDeInit:0000002c $d
C:\Users\Dennis\AppData\Local\Temp\cc5g3zPe.s:733    .bss.htim3:00000000 htim3
C:\Users\Dennis\AppData\Local\Temp\cc5g3zPe.s:726    .bss.htim2:00000000 htim2
C:\Users\Dennis\AppData\Local\Temp\cc5g3zPe.s:722    .bss.htim2:00000000 $d
C:\Users\Dennis\AppData\Local\Temp\cc5g3zPe.s:729    .bss.htim3:00000000 $d

UNDEFINED SYMBOLS
HAL_GPIO_Init
HAL_TIM_PWM_Init
HAL_TIMEx_MasterConfigSynchronization
HAL_TIM_PWM_ConfigChannel
Error_Handler
