ARM GAS  C:\Users\Dennis\AppData\Local\Temp\ccFVR2gc.s 			page 1


   1              		.cpu cortex-m4
   2              		.arch armv7e-m
   3              		.fpu fpv4-sp-d16
   4              		.eabi_attribute 27, 1
   5              		.eabi_attribute 28, 1
   6              		.eabi_attribute 20, 1
   7              		.eabi_attribute 21, 1
   8              		.eabi_attribute 23, 3
   9              		.eabi_attribute 24, 1
  10              		.eabi_attribute 25, 1
  11              		.eabi_attribute 26, 1
  12              		.eabi_attribute 30, 1
  13              		.eabi_attribute 34, 1
  14              		.eabi_attribute 18, 4
  15              		.file	"adc.c"
  16              		.text
  17              	.Ltext0:
  18              		.cfi_sections	.debug_frame
  19              		.section	.text.MX_ADC1_Init,"ax",%progbits
  20              		.align	1
  21              		.global	MX_ADC1_Init
  22              		.syntax unified
  23              		.thumb
  24              		.thumb_func
  26              	MX_ADC1_Init:
  27              	.LFB239:
  28              		.file 1 "./Core/Src/adc.c"
   1:./Core/Src/adc.c **** /* USER CODE BEGIN Header */
   2:./Core/Src/adc.c **** /**
   3:./Core/Src/adc.c ****   ******************************************************************************
   4:./Core/Src/adc.c ****   * @file    adc.c
   5:./Core/Src/adc.c ****   * @brief   This file provides code for the configuration
   6:./Core/Src/adc.c ****   *          of the ADC instances.
   7:./Core/Src/adc.c ****   ******************************************************************************
   8:./Core/Src/adc.c ****   * @attention
   9:./Core/Src/adc.c ****   *
  10:./Core/Src/adc.c ****   * Copyright (c) 2025 STMicroelectronics.
  11:./Core/Src/adc.c ****   * All rights reserved.
  12:./Core/Src/adc.c ****   *
  13:./Core/Src/adc.c ****   * This software is licensed under terms that can be found in the LICENSE file
  14:./Core/Src/adc.c ****   * in the root directory of this software component.
  15:./Core/Src/adc.c ****   * If no LICENSE file comes with this software, it is provided AS-IS.
  16:./Core/Src/adc.c ****   *
  17:./Core/Src/adc.c ****   ******************************************************************************
  18:./Core/Src/adc.c ****   */
  19:./Core/Src/adc.c **** /* USER CODE END Header */
  20:./Core/Src/adc.c **** /* Includes ------------------------------------------------------------------*/
  21:./Core/Src/adc.c **** #include "adc.h"
  22:./Core/Src/adc.c **** 
  23:./Core/Src/adc.c **** /* USER CODE BEGIN 0 */
  24:./Core/Src/adc.c **** 
  25:./Core/Src/adc.c **** /* USER CODE END 0 */
  26:./Core/Src/adc.c **** 
  27:./Core/Src/adc.c **** ADC_HandleTypeDef hadc1;
  28:./Core/Src/adc.c **** DMA_HandleTypeDef hdma_adc1;
  29:./Core/Src/adc.c **** 
  30:./Core/Src/adc.c **** /* ADC1 init function */
ARM GAS  C:\Users\Dennis\AppData\Local\Temp\ccFVR2gc.s 			page 2


  31:./Core/Src/adc.c **** void MX_ADC1_Init(void)
  32:./Core/Src/adc.c **** {
  29              		.loc 1 32 1 view -0
  30              		.cfi_startproc
  31              		@ args = 0, pretend = 0, frame = 16
  32              		@ frame_needed = 0, uses_anonymous_args = 0
  33 0000 00B5     		push	{lr}
  34              	.LCFI0:
  35              		.cfi_def_cfa_offset 4
  36              		.cfi_offset 14, -4
  37 0002 85B0     		sub	sp, sp, #20
  38              	.LCFI1:
  39              		.cfi_def_cfa_offset 24
  33:./Core/Src/adc.c **** 
  34:./Core/Src/adc.c ****   /* USER CODE BEGIN ADC1_Init 0 */
  35:./Core/Src/adc.c **** 
  36:./Core/Src/adc.c ****   /* USER CODE END ADC1_Init 0 */
  37:./Core/Src/adc.c **** 
  38:./Core/Src/adc.c ****   ADC_ChannelConfTypeDef sConfig = {0};
  40              		.loc 1 38 3 view .LVU1
  41              		.loc 1 38 26 is_stmt 0 view .LVU2
  42 0004 0023     		movs	r3, #0
  43 0006 0093     		str	r3, [sp]
  44 0008 0193     		str	r3, [sp, #4]
  45 000a 0293     		str	r3, [sp, #8]
  46 000c 0393     		str	r3, [sp, #12]
  39:./Core/Src/adc.c **** 
  40:./Core/Src/adc.c ****   /* USER CODE BEGIN ADC1_Init 1 */
  41:./Core/Src/adc.c **** 
  42:./Core/Src/adc.c ****   /* USER CODE END ADC1_Init 1 */
  43:./Core/Src/adc.c **** 
  44:./Core/Src/adc.c ****   /** Configure the global features of the ADC (Clock, Resolution, Data Alignment and number of con
  45:./Core/Src/adc.c ****   */
  46:./Core/Src/adc.c ****   hadc1.Instance = ADC1;
  47              		.loc 1 46 3 is_stmt 1 view .LVU3
  48              		.loc 1 46 18 is_stmt 0 view .LVU4
  49 000e 2748     		ldr	r0, .L13
  50 0010 274A     		ldr	r2, .L13+4
  51 0012 0260     		str	r2, [r0]
  47:./Core/Src/adc.c ****   hadc1.Init.ClockPrescaler = ADC_CLOCK_SYNC_PCLK_DIV4;
  52              		.loc 1 47 3 is_stmt 1 view .LVU5
  53              		.loc 1 47 29 is_stmt 0 view .LVU6
  54 0014 4FF48032 		mov	r2, #65536
  55 0018 4260     		str	r2, [r0, #4]
  48:./Core/Src/adc.c ****   hadc1.Init.Resolution = ADC_RESOLUTION_12B;
  56              		.loc 1 48 3 is_stmt 1 view .LVU7
  57              		.loc 1 48 25 is_stmt 0 view .LVU8
  58 001a 8360     		str	r3, [r0, #8]
  49:./Core/Src/adc.c ****   hadc1.Init.ScanConvMode = ENABLE;
  59              		.loc 1 49 3 is_stmt 1 view .LVU9
  60              		.loc 1 49 27 is_stmt 0 view .LVU10
  61 001c 0122     		movs	r2, #1
  62 001e 0261     		str	r2, [r0, #16]
  50:./Core/Src/adc.c ****   hadc1.Init.ContinuousConvMode = ENABLE;
  63              		.loc 1 50 3 is_stmt 1 view .LVU11
  64              		.loc 1 50 33 is_stmt 0 view .LVU12
  65 0020 0276     		strb	r2, [r0, #24]
ARM GAS  C:\Users\Dennis\AppData\Local\Temp\ccFVR2gc.s 			page 3


  51:./Core/Src/adc.c ****   hadc1.Init.DiscontinuousConvMode = DISABLE;
  66              		.loc 1 51 3 is_stmt 1 view .LVU13
  67              		.loc 1 51 36 is_stmt 0 view .LVU14
  68 0022 80F82030 		strb	r3, [r0, #32]
  52:./Core/Src/adc.c ****   hadc1.Init.ExternalTrigConvEdge = ADC_EXTERNALTRIGCONVEDGE_NONE;
  69              		.loc 1 52 3 is_stmt 1 view .LVU15
  70              		.loc 1 52 35 is_stmt 0 view .LVU16
  71 0026 C362     		str	r3, [r0, #44]
  53:./Core/Src/adc.c ****   hadc1.Init.ExternalTrigConv = ADC_SOFTWARE_START;
  72              		.loc 1 53 3 is_stmt 1 view .LVU17
  73              		.loc 1 53 31 is_stmt 0 view .LVU18
  74 0028 2249     		ldr	r1, .L13+8
  75 002a 8162     		str	r1, [r0, #40]
  54:./Core/Src/adc.c ****   hadc1.Init.DataAlign = ADC_DATAALIGN_RIGHT;
  76              		.loc 1 54 3 is_stmt 1 view .LVU19
  77              		.loc 1 54 24 is_stmt 0 view .LVU20
  78 002c C360     		str	r3, [r0, #12]
  55:./Core/Src/adc.c ****   hadc1.Init.NbrOfConversion = 4;
  79              		.loc 1 55 3 is_stmt 1 view .LVU21
  80              		.loc 1 55 30 is_stmt 0 view .LVU22
  81 002e 0423     		movs	r3, #4
  82 0030 C361     		str	r3, [r0, #28]
  56:./Core/Src/adc.c ****   hadc1.Init.DMAContinuousRequests = ENABLE;
  83              		.loc 1 56 3 is_stmt 1 view .LVU23
  84              		.loc 1 56 36 is_stmt 0 view .LVU24
  85 0032 80F83020 		strb	r2, [r0, #48]
  57:./Core/Src/adc.c ****   hadc1.Init.EOCSelection = ADC_EOC_SINGLE_CONV;
  86              		.loc 1 57 3 is_stmt 1 view .LVU25
  87              		.loc 1 57 27 is_stmt 0 view .LVU26
  88 0036 4261     		str	r2, [r0, #20]
  58:./Core/Src/adc.c ****   if (HAL_ADC_Init(&hadc1) != HAL_OK)
  89              		.loc 1 58 3 is_stmt 1 view .LVU27
  90              		.loc 1 58 7 is_stmt 0 view .LVU28
  91 0038 FFF7FEFF 		bl	HAL_ADC_Init
  92              	.LVL0:
  93              		.loc 1 58 6 view .LVU29
  94 003c 38BB     		cbnz	r0, .L8
  95              	.L2:
  59:./Core/Src/adc.c ****   {
  60:./Core/Src/adc.c ****     Error_Handler();
  61:./Core/Src/adc.c ****   }
  62:./Core/Src/adc.c **** 
  63:./Core/Src/adc.c ****   /** Configure for the selected ADC regular channel its corresponding rank in the sequencer and it
  64:./Core/Src/adc.c ****   */
  65:./Core/Src/adc.c ****   sConfig.Channel = ADC_CHANNEL_0;
  96              		.loc 1 65 3 is_stmt 1 view .LVU30
  97              		.loc 1 65 19 is_stmt 0 view .LVU31
  98 003e 0023     		movs	r3, #0
  99 0040 0093     		str	r3, [sp]
  66:./Core/Src/adc.c ****   sConfig.Rank = 1;
 100              		.loc 1 66 3 is_stmt 1 view .LVU32
 101              		.loc 1 66 16 is_stmt 0 view .LVU33
 102 0042 0122     		movs	r2, #1
 103 0044 0192     		str	r2, [sp, #4]
  67:./Core/Src/adc.c ****   sConfig.SamplingTime = ADC_SAMPLETIME_3CYCLES;
 104              		.loc 1 67 3 is_stmt 1 view .LVU34
 105              		.loc 1 67 24 is_stmt 0 view .LVU35
ARM GAS  C:\Users\Dennis\AppData\Local\Temp\ccFVR2gc.s 			page 4


 106 0046 0293     		str	r3, [sp, #8]
  68:./Core/Src/adc.c ****   if (HAL_ADC_ConfigChannel(&hadc1, &sConfig) != HAL_OK)
 107              		.loc 1 68 3 is_stmt 1 view .LVU36
 108              		.loc 1 68 7 is_stmt 0 view .LVU37
 109 0048 6946     		mov	r1, sp
 110 004a 1848     		ldr	r0, .L13
 111 004c FFF7FEFF 		bl	HAL_ADC_ConfigChannel
 112              	.LVL1:
 113              		.loc 1 68 6 view .LVU38
 114 0050 00BB     		cbnz	r0, .L9
 115              	.L3:
  69:./Core/Src/adc.c ****   {
  70:./Core/Src/adc.c ****     Error_Handler();
  71:./Core/Src/adc.c ****   }
  72:./Core/Src/adc.c **** 
  73:./Core/Src/adc.c ****   /** Configure for the selected ADC regular channel its corresponding rank in the sequencer and it
  74:./Core/Src/adc.c ****   */
  75:./Core/Src/adc.c ****   sConfig.Channel = ADC_CHANNEL_1;
 116              		.loc 1 75 3 is_stmt 1 view .LVU39
 117              		.loc 1 75 19 is_stmt 0 view .LVU40
 118 0052 0123     		movs	r3, #1
 119 0054 0093     		str	r3, [sp]
  76:./Core/Src/adc.c ****   sConfig.Rank = 2;
 120              		.loc 1 76 3 is_stmt 1 view .LVU41
 121              		.loc 1 76 16 is_stmt 0 view .LVU42
 122 0056 0223     		movs	r3, #2
 123 0058 0193     		str	r3, [sp, #4]
  77:./Core/Src/adc.c ****   if (HAL_ADC_ConfigChannel(&hadc1, &sConfig) != HAL_OK)
 124              		.loc 1 77 3 is_stmt 1 view .LVU43
 125              		.loc 1 77 7 is_stmt 0 view .LVU44
 126 005a 6946     		mov	r1, sp
 127 005c 1348     		ldr	r0, .L13
 128 005e FFF7FEFF 		bl	HAL_ADC_ConfigChannel
 129              	.LVL2:
 130              		.loc 1 77 6 view .LVU45
 131 0062 D0B9     		cbnz	r0, .L10
 132              	.L4:
  78:./Core/Src/adc.c ****   {
  79:./Core/Src/adc.c ****     Error_Handler();
  80:./Core/Src/adc.c ****   }
  81:./Core/Src/adc.c **** 
  82:./Core/Src/adc.c ****   /** Configure for the selected ADC regular channel its corresponding rank in the sequencer and it
  83:./Core/Src/adc.c ****   */
  84:./Core/Src/adc.c ****   sConfig.Channel = ADC_CHANNEL_2;
 133              		.loc 1 84 3 is_stmt 1 view .LVU46
 134              		.loc 1 84 19 is_stmt 0 view .LVU47
 135 0064 0223     		movs	r3, #2
 136 0066 0093     		str	r3, [sp]
  85:./Core/Src/adc.c ****   sConfig.Rank = 3;
 137              		.loc 1 85 3 is_stmt 1 view .LVU48
 138              		.loc 1 85 16 is_stmt 0 view .LVU49
 139 0068 0323     		movs	r3, #3
 140 006a 0193     		str	r3, [sp, #4]
  86:./Core/Src/adc.c ****   if (HAL_ADC_ConfigChannel(&hadc1, &sConfig) != HAL_OK)
 141              		.loc 1 86 3 is_stmt 1 view .LVU50
 142              		.loc 1 86 7 is_stmt 0 view .LVU51
 143 006c 6946     		mov	r1, sp
ARM GAS  C:\Users\Dennis\AppData\Local\Temp\ccFVR2gc.s 			page 5


 144 006e 0F48     		ldr	r0, .L13
 145 0070 FFF7FEFF 		bl	HAL_ADC_ConfigChannel
 146              	.LVL3:
 147              		.loc 1 86 6 view .LVU52
 148 0074 A0B9     		cbnz	r0, .L11
 149              	.L5:
  87:./Core/Src/adc.c ****   {
  88:./Core/Src/adc.c ****     Error_Handler();
  89:./Core/Src/adc.c ****   }
  90:./Core/Src/adc.c **** 
  91:./Core/Src/adc.c ****   /** Configure for the selected ADC regular channel its corresponding rank in the sequencer and it
  92:./Core/Src/adc.c ****   */
  93:./Core/Src/adc.c ****   sConfig.Channel = ADC_CHANNEL_3;
 150              		.loc 1 93 3 is_stmt 1 view .LVU53
 151              		.loc 1 93 19 is_stmt 0 view .LVU54
 152 0076 0323     		movs	r3, #3
 153 0078 0093     		str	r3, [sp]
  94:./Core/Src/adc.c ****   sConfig.Rank = 4;
 154              		.loc 1 94 3 is_stmt 1 view .LVU55
 155              		.loc 1 94 16 is_stmt 0 view .LVU56
 156 007a 0423     		movs	r3, #4
 157 007c 0193     		str	r3, [sp, #4]
  95:./Core/Src/adc.c ****   if (HAL_ADC_ConfigChannel(&hadc1, &sConfig) != HAL_OK)
 158              		.loc 1 95 3 is_stmt 1 view .LVU57
 159              		.loc 1 95 7 is_stmt 0 view .LVU58
 160 007e 6946     		mov	r1, sp
 161 0080 0A48     		ldr	r0, .L13
 162 0082 FFF7FEFF 		bl	HAL_ADC_ConfigChannel
 163              	.LVL4:
 164              		.loc 1 95 6 view .LVU59
 165 0086 70B9     		cbnz	r0, .L12
 166              	.L1:
  96:./Core/Src/adc.c ****   {
  97:./Core/Src/adc.c ****     Error_Handler();
  98:./Core/Src/adc.c ****   }
  99:./Core/Src/adc.c ****   /* USER CODE BEGIN ADC1_Init 2 */
 100:./Core/Src/adc.c **** 
 101:./Core/Src/adc.c ****   /* USER CODE END ADC1_Init 2 */
 102:./Core/Src/adc.c **** 
 103:./Core/Src/adc.c **** }
 167              		.loc 1 103 1 view .LVU60
 168 0088 05B0     		add	sp, sp, #20
 169              	.LCFI2:
 170              		.cfi_remember_state
 171              		.cfi_def_cfa_offset 4
 172              		@ sp needed
 173 008a 5DF804FB 		ldr	pc, [sp], #4
 174              	.L8:
 175              	.LCFI3:
 176              		.cfi_restore_state
  60:./Core/Src/adc.c ****   }
 177              		.loc 1 60 5 is_stmt 1 view .LVU61
 178 008e FFF7FEFF 		bl	Error_Handler
 179              	.LVL5:
 180 0092 D4E7     		b	.L2
 181              	.L9:
  70:./Core/Src/adc.c ****   }
ARM GAS  C:\Users\Dennis\AppData\Local\Temp\ccFVR2gc.s 			page 6


 182              		.loc 1 70 5 view .LVU62
 183 0094 FFF7FEFF 		bl	Error_Handler
 184              	.LVL6:
 185 0098 DBE7     		b	.L3
 186              	.L10:
  79:./Core/Src/adc.c ****   }
 187              		.loc 1 79 5 view .LVU63
 188 009a FFF7FEFF 		bl	Error_Handler
 189              	.LVL7:
 190 009e E1E7     		b	.L4
 191              	.L11:
  88:./Core/Src/adc.c ****   }
 192              		.loc 1 88 5 view .LVU64
 193 00a0 FFF7FEFF 		bl	Error_Handler
 194              	.LVL8:
 195 00a4 E7E7     		b	.L5
 196              	.L12:
  97:./Core/Src/adc.c ****   }
 197              		.loc 1 97 5 view .LVU65
 198 00a6 FFF7FEFF 		bl	Error_Handler
 199              	.LVL9:
 200              		.loc 1 103 1 is_stmt 0 view .LVU66
 201 00aa EDE7     		b	.L1
 202              	.L14:
 203              		.align	2
 204              	.L13:
 205 00ac 00000000 		.word	.LANCHOR0
 206 00b0 00200140 		.word	1073815552
 207 00b4 0100000F 		.word	251658241
 208              		.cfi_endproc
 209              	.LFE239:
 211              		.section	.text.HAL_ADC_MspInit,"ax",%progbits
 212              		.align	1
 213              		.global	HAL_ADC_MspInit
 214              		.syntax unified
 215              		.thumb
 216              		.thumb_func
 218              	HAL_ADC_MspInit:
 219              	.LVL10:
 220              	.LFB240:
 104:./Core/Src/adc.c **** 
 105:./Core/Src/adc.c **** void HAL_ADC_MspInit(ADC_HandleTypeDef* adcHandle)
 106:./Core/Src/adc.c **** {
 221              		.loc 1 106 1 is_stmt 1 view -0
 222              		.cfi_startproc
 223              		@ args = 0, pretend = 0, frame = 32
 224              		@ frame_needed = 0, uses_anonymous_args = 0
 225              		.loc 1 106 1 is_stmt 0 view .LVU68
 226 0000 30B5     		push	{r4, r5, lr}
 227              	.LCFI4:
 228              		.cfi_def_cfa_offset 12
 229              		.cfi_offset 4, -12
 230              		.cfi_offset 5, -8
 231              		.cfi_offset 14, -4
 232 0002 89B0     		sub	sp, sp, #36
 233              	.LCFI5:
 234              		.cfi_def_cfa_offset 48
ARM GAS  C:\Users\Dennis\AppData\Local\Temp\ccFVR2gc.s 			page 7


 107:./Core/Src/adc.c **** 
 108:./Core/Src/adc.c ****   GPIO_InitTypeDef GPIO_InitStruct = {0};
 235              		.loc 1 108 3 is_stmt 1 view .LVU69
 236              		.loc 1 108 20 is_stmt 0 view .LVU70
 237 0004 0023     		movs	r3, #0
 238 0006 0393     		str	r3, [sp, #12]
 239 0008 0493     		str	r3, [sp, #16]
 240 000a 0593     		str	r3, [sp, #20]
 241 000c 0693     		str	r3, [sp, #24]
 242 000e 0793     		str	r3, [sp, #28]
 109:./Core/Src/adc.c ****   if(adcHandle->Instance==ADC1)
 243              		.loc 1 109 3 is_stmt 1 view .LVU71
 244              		.loc 1 109 15 is_stmt 0 view .LVU72
 245 0010 0268     		ldr	r2, [r0]
 246              		.loc 1 109 5 view .LVU73
 247 0012 03F18043 		add	r3, r3, #1073741824
 248 0016 03F59033 		add	r3, r3, #73728
 249 001a 9A42     		cmp	r2, r3
 250 001c 01D0     		beq	.L19
 251              	.LVL11:
 252              	.L15:
 110:./Core/Src/adc.c ****   {
 111:./Core/Src/adc.c ****   /* USER CODE BEGIN ADC1_MspInit 0 */
 112:./Core/Src/adc.c **** 
 113:./Core/Src/adc.c ****   /* USER CODE END ADC1_MspInit 0 */
 114:./Core/Src/adc.c ****     /* ADC1 clock enable */
 115:./Core/Src/adc.c ****     __HAL_RCC_ADC1_CLK_ENABLE();
 116:./Core/Src/adc.c **** 
 117:./Core/Src/adc.c ****     __HAL_RCC_GPIOA_CLK_ENABLE();
 118:./Core/Src/adc.c ****     /**ADC1 GPIO Configuration
 119:./Core/Src/adc.c ****     PA0-WKUP     ------> ADC1_IN0
 120:./Core/Src/adc.c ****     PA1     ------> ADC1_IN1
 121:./Core/Src/adc.c ****     PA2     ------> ADC1_IN2
 122:./Core/Src/adc.c ****     PA3     ------> ADC1_IN3
 123:./Core/Src/adc.c ****     PA4     ------> ADC1_IN4
 124:./Core/Src/adc.c ****     PA5     ------> ADC1_IN5
 125:./Core/Src/adc.c ****     */
 126:./Core/Src/adc.c ****     GPIO_InitStruct.Pin = GPIO_PIN_0|GPIO_PIN_1|GPIO_PIN_2|GPIO_PIN_3
 127:./Core/Src/adc.c ****                           |GPIO_PIN_4|GPIO_PIN_5;
 128:./Core/Src/adc.c ****     GPIO_InitStruct.Mode = GPIO_MODE_ANALOG;
 129:./Core/Src/adc.c ****     GPIO_InitStruct.Pull = GPIO_NOPULL;
 130:./Core/Src/adc.c ****     HAL_GPIO_Init(GPIOA, &GPIO_InitStruct);
 131:./Core/Src/adc.c **** 
 132:./Core/Src/adc.c ****     /* ADC1 DMA Init */
 133:./Core/Src/adc.c ****     /* ADC1 Init */
 134:./Core/Src/adc.c ****     hdma_adc1.Instance = DMA2_Stream4;
 135:./Core/Src/adc.c ****     hdma_adc1.Init.Channel = DMA_CHANNEL_0;
 136:./Core/Src/adc.c ****     hdma_adc1.Init.Direction = DMA_PERIPH_TO_MEMORY;
 137:./Core/Src/adc.c ****     hdma_adc1.Init.PeriphInc = DMA_PINC_DISABLE;
 138:./Core/Src/adc.c ****     hdma_adc1.Init.MemInc = DMA_MINC_ENABLE;
 139:./Core/Src/adc.c ****     hdma_adc1.Init.PeriphDataAlignment = DMA_PDATAALIGN_HALFWORD;
 140:./Core/Src/adc.c ****     hdma_adc1.Init.MemDataAlignment = DMA_MDATAALIGN_HALFWORD;
 141:./Core/Src/adc.c ****     hdma_adc1.Init.Mode = DMA_CIRCULAR;
 142:./Core/Src/adc.c ****     hdma_adc1.Init.Priority = DMA_PRIORITY_MEDIUM;
 143:./Core/Src/adc.c ****     hdma_adc1.Init.FIFOMode = DMA_FIFOMODE_DISABLE;
 144:./Core/Src/adc.c ****     if (HAL_DMA_Init(&hdma_adc1) != HAL_OK)
 145:./Core/Src/adc.c ****     {
ARM GAS  C:\Users\Dennis\AppData\Local\Temp\ccFVR2gc.s 			page 8


 146:./Core/Src/adc.c ****       Error_Handler();
 147:./Core/Src/adc.c ****     }
 148:./Core/Src/adc.c **** 
 149:./Core/Src/adc.c ****     __HAL_LINKDMA(adcHandle,DMA_Handle,hdma_adc1);
 150:./Core/Src/adc.c **** 
 151:./Core/Src/adc.c ****     /* ADC1 interrupt Init */
 152:./Core/Src/adc.c ****     HAL_NVIC_SetPriority(ADC_IRQn, 0, 0);
 153:./Core/Src/adc.c ****     HAL_NVIC_EnableIRQ(ADC_IRQn);
 154:./Core/Src/adc.c ****   /* USER CODE BEGIN ADC1_MspInit 1 */
 155:./Core/Src/adc.c **** 
 156:./Core/Src/adc.c ****   /* USER CODE END ADC1_MspInit 1 */
 157:./Core/Src/adc.c ****   }
 158:./Core/Src/adc.c **** }
 253              		.loc 1 158 1 view .LVU74
 254 001e 09B0     		add	sp, sp, #36
 255              	.LCFI6:
 256              		.cfi_remember_state
 257              		.cfi_def_cfa_offset 12
 258              		@ sp needed
 259 0020 30BD     		pop	{r4, r5, pc}
 260              	.LVL12:
 261              	.L19:
 262              	.LCFI7:
 263              		.cfi_restore_state
 264              		.loc 1 158 1 view .LVU75
 265 0022 0446     		mov	r4, r0
 115:./Core/Src/adc.c **** 
 266              		.loc 1 115 5 is_stmt 1 view .LVU76
 267              	.LBB2:
 115:./Core/Src/adc.c **** 
 268              		.loc 1 115 5 view .LVU77
 269 0024 0025     		movs	r5, #0
 270 0026 0195     		str	r5, [sp, #4]
 115:./Core/Src/adc.c **** 
 271              		.loc 1 115 5 view .LVU78
 272 0028 03F58C33 		add	r3, r3, #71680
 273 002c 5A6C     		ldr	r2, [r3, #68]
 274 002e 42F48072 		orr	r2, r2, #256
 275 0032 5A64     		str	r2, [r3, #68]
 115:./Core/Src/adc.c **** 
 276              		.loc 1 115 5 view .LVU79
 277 0034 5A6C     		ldr	r2, [r3, #68]
 278 0036 02F48072 		and	r2, r2, #256
 279 003a 0192     		str	r2, [sp, #4]
 115:./Core/Src/adc.c **** 
 280              		.loc 1 115 5 view .LVU80
 281 003c 019A     		ldr	r2, [sp, #4]
 282              	.LBE2:
 115:./Core/Src/adc.c **** 
 283              		.loc 1 115 5 view .LVU81
 117:./Core/Src/adc.c ****     /**ADC1 GPIO Configuration
 284              		.loc 1 117 5 view .LVU82
 285              	.LBB3:
 117:./Core/Src/adc.c ****     /**ADC1 GPIO Configuration
 286              		.loc 1 117 5 view .LVU83
 287 003e 0295     		str	r5, [sp, #8]
 117:./Core/Src/adc.c ****     /**ADC1 GPIO Configuration
ARM GAS  C:\Users\Dennis\AppData\Local\Temp\ccFVR2gc.s 			page 9


 288              		.loc 1 117 5 view .LVU84
 289 0040 1A6B     		ldr	r2, [r3, #48]
 290 0042 42F00102 		orr	r2, r2, #1
 291 0046 1A63     		str	r2, [r3, #48]
 117:./Core/Src/adc.c ****     /**ADC1 GPIO Configuration
 292              		.loc 1 117 5 view .LVU85
 293 0048 1B6B     		ldr	r3, [r3, #48]
 294 004a 03F00103 		and	r3, r3, #1
 295 004e 0293     		str	r3, [sp, #8]
 117:./Core/Src/adc.c ****     /**ADC1 GPIO Configuration
 296              		.loc 1 117 5 view .LVU86
 297 0050 029B     		ldr	r3, [sp, #8]
 298              	.LBE3:
 117:./Core/Src/adc.c ****     /**ADC1 GPIO Configuration
 299              		.loc 1 117 5 view .LVU87
 126:./Core/Src/adc.c ****                           |GPIO_PIN_4|GPIO_PIN_5;
 300              		.loc 1 126 5 view .LVU88
 126:./Core/Src/adc.c ****                           |GPIO_PIN_4|GPIO_PIN_5;
 301              		.loc 1 126 25 is_stmt 0 view .LVU89
 302 0052 3F23     		movs	r3, #63
 303 0054 0393     		str	r3, [sp, #12]
 128:./Core/Src/adc.c ****     GPIO_InitStruct.Pull = GPIO_NOPULL;
 304              		.loc 1 128 5 is_stmt 1 view .LVU90
 128:./Core/Src/adc.c ****     GPIO_InitStruct.Pull = GPIO_NOPULL;
 305              		.loc 1 128 26 is_stmt 0 view .LVU91
 306 0056 0323     		movs	r3, #3
 307 0058 0493     		str	r3, [sp, #16]
 129:./Core/Src/adc.c ****     HAL_GPIO_Init(GPIOA, &GPIO_InitStruct);
 308              		.loc 1 129 5 is_stmt 1 view .LVU92
 130:./Core/Src/adc.c **** 
 309              		.loc 1 130 5 view .LVU93
 310 005a 03A9     		add	r1, sp, #12
 311 005c 1548     		ldr	r0, .L21
 312              	.LVL13:
 130:./Core/Src/adc.c **** 
 313              		.loc 1 130 5 is_stmt 0 view .LVU94
 314 005e FFF7FEFF 		bl	HAL_GPIO_Init
 315              	.LVL14:
 134:./Core/Src/adc.c ****     hdma_adc1.Init.Channel = DMA_CHANNEL_0;
 316              		.loc 1 134 5 is_stmt 1 view .LVU95
 134:./Core/Src/adc.c ****     hdma_adc1.Init.Channel = DMA_CHANNEL_0;
 317              		.loc 1 134 24 is_stmt 0 view .LVU96
 318 0062 1548     		ldr	r0, .L21+4
 319 0064 154B     		ldr	r3, .L21+8
 320 0066 0360     		str	r3, [r0]
 135:./Core/Src/adc.c ****     hdma_adc1.Init.Direction = DMA_PERIPH_TO_MEMORY;
 321              		.loc 1 135 5 is_stmt 1 view .LVU97
 135:./Core/Src/adc.c ****     hdma_adc1.Init.Direction = DMA_PERIPH_TO_MEMORY;
 322              		.loc 1 135 28 is_stmt 0 view .LVU98
 323 0068 4560     		str	r5, [r0, #4]
 136:./Core/Src/adc.c ****     hdma_adc1.Init.PeriphInc = DMA_PINC_DISABLE;
 324              		.loc 1 136 5 is_stmt 1 view .LVU99
 136:./Core/Src/adc.c ****     hdma_adc1.Init.PeriphInc = DMA_PINC_DISABLE;
 325              		.loc 1 136 30 is_stmt 0 view .LVU100
 326 006a 8560     		str	r5, [r0, #8]
 137:./Core/Src/adc.c ****     hdma_adc1.Init.MemInc = DMA_MINC_ENABLE;
 327              		.loc 1 137 5 is_stmt 1 view .LVU101
ARM GAS  C:\Users\Dennis\AppData\Local\Temp\ccFVR2gc.s 			page 10


 137:./Core/Src/adc.c ****     hdma_adc1.Init.MemInc = DMA_MINC_ENABLE;
 328              		.loc 1 137 30 is_stmt 0 view .LVU102
 329 006c C560     		str	r5, [r0, #12]
 138:./Core/Src/adc.c ****     hdma_adc1.Init.PeriphDataAlignment = DMA_PDATAALIGN_HALFWORD;
 330              		.loc 1 138 5 is_stmt 1 view .LVU103
 138:./Core/Src/adc.c ****     hdma_adc1.Init.PeriphDataAlignment = DMA_PDATAALIGN_HALFWORD;
 331              		.loc 1 138 27 is_stmt 0 view .LVU104
 332 006e 4FF48063 		mov	r3, #1024
 333 0072 0361     		str	r3, [r0, #16]
 139:./Core/Src/adc.c ****     hdma_adc1.Init.MemDataAlignment = DMA_MDATAALIGN_HALFWORD;
 334              		.loc 1 139 5 is_stmt 1 view .LVU105
 139:./Core/Src/adc.c ****     hdma_adc1.Init.MemDataAlignment = DMA_MDATAALIGN_HALFWORD;
 335              		.loc 1 139 40 is_stmt 0 view .LVU106
 336 0074 4FF40063 		mov	r3, #2048
 337 0078 4361     		str	r3, [r0, #20]
 140:./Core/Src/adc.c ****     hdma_adc1.Init.Mode = DMA_CIRCULAR;
 338              		.loc 1 140 5 is_stmt 1 view .LVU107
 140:./Core/Src/adc.c ****     hdma_adc1.Init.Mode = DMA_CIRCULAR;
 339              		.loc 1 140 37 is_stmt 0 view .LVU108
 340 007a 4FF40053 		mov	r3, #8192
 341 007e 8361     		str	r3, [r0, #24]
 141:./Core/Src/adc.c ****     hdma_adc1.Init.Priority = DMA_PRIORITY_MEDIUM;
 342              		.loc 1 141 5 is_stmt 1 view .LVU109
 141:./Core/Src/adc.c ****     hdma_adc1.Init.Priority = DMA_PRIORITY_MEDIUM;
 343              		.loc 1 141 25 is_stmt 0 view .LVU110
 344 0080 4FF48073 		mov	r3, #256
 345 0084 C361     		str	r3, [r0, #28]
 142:./Core/Src/adc.c ****     hdma_adc1.Init.FIFOMode = DMA_FIFOMODE_DISABLE;
 346              		.loc 1 142 5 is_stmt 1 view .LVU111
 142:./Core/Src/adc.c ****     hdma_adc1.Init.FIFOMode = DMA_FIFOMODE_DISABLE;
 347              		.loc 1 142 29 is_stmt 0 view .LVU112
 348 0086 4FF48033 		mov	r3, #65536
 349 008a 0362     		str	r3, [r0, #32]
 143:./Core/Src/adc.c ****     if (HAL_DMA_Init(&hdma_adc1) != HAL_OK)
 350              		.loc 1 143 5 is_stmt 1 view .LVU113
 143:./Core/Src/adc.c ****     if (HAL_DMA_Init(&hdma_adc1) != HAL_OK)
 351              		.loc 1 143 29 is_stmt 0 view .LVU114
 352 008c 4562     		str	r5, [r0, #36]
 144:./Core/Src/adc.c ****     {
 353              		.loc 1 144 5 is_stmt 1 view .LVU115
 144:./Core/Src/adc.c ****     {
 354              		.loc 1 144 9 is_stmt 0 view .LVU116
 355 008e FFF7FEFF 		bl	HAL_DMA_Init
 356              	.LVL15:
 144:./Core/Src/adc.c ****     {
 357              		.loc 1 144 8 view .LVU117
 358 0092 58B9     		cbnz	r0, .L20
 359              	.L17:
 149:./Core/Src/adc.c **** 
 360              		.loc 1 149 5 is_stmt 1 view .LVU118
 149:./Core/Src/adc.c **** 
 361              		.loc 1 149 5 view .LVU119
 362 0094 084B     		ldr	r3, .L21+4
 363 0096 A363     		str	r3, [r4, #56]
 149:./Core/Src/adc.c **** 
 364              		.loc 1 149 5 view .LVU120
 365 0098 9C63     		str	r4, [r3, #56]
ARM GAS  C:\Users\Dennis\AppData\Local\Temp\ccFVR2gc.s 			page 11


 149:./Core/Src/adc.c **** 
 366              		.loc 1 149 5 view .LVU121
 152:./Core/Src/adc.c ****     HAL_NVIC_EnableIRQ(ADC_IRQn);
 367              		.loc 1 152 5 view .LVU122
 368 009a 0022     		movs	r2, #0
 369 009c 1146     		mov	r1, r2
 370 009e 1220     		movs	r0, #18
 371 00a0 FFF7FEFF 		bl	HAL_NVIC_SetPriority
 372              	.LVL16:
 153:./Core/Src/adc.c ****   /* USER CODE BEGIN ADC1_MspInit 1 */
 373              		.loc 1 153 5 view .LVU123
 374 00a4 1220     		movs	r0, #18
 375 00a6 FFF7FEFF 		bl	HAL_NVIC_EnableIRQ
 376              	.LVL17:
 377              		.loc 1 158 1 is_stmt 0 view .LVU124
 378 00aa B8E7     		b	.L15
 379              	.L20:
 146:./Core/Src/adc.c ****     }
 380              		.loc 1 146 7 is_stmt 1 view .LVU125
 381 00ac FFF7FEFF 		bl	Error_Handler
 382              	.LVL18:
 383 00b0 F0E7     		b	.L17
 384              	.L22:
 385 00b2 00BF     		.align	2
 386              	.L21:
 387 00b4 00000240 		.word	1073872896
 388 00b8 00000000 		.word	.LANCHOR1
 389 00bc 70640240 		.word	1073898608
 390              		.cfi_endproc
 391              	.LFE240:
 393              		.section	.text.HAL_ADC_MspDeInit,"ax",%progbits
 394              		.align	1
 395              		.global	HAL_ADC_MspDeInit
 396              		.syntax unified
 397              		.thumb
 398              		.thumb_func
 400              	HAL_ADC_MspDeInit:
 401              	.LVL19:
 402              	.LFB241:
 159:./Core/Src/adc.c **** 
 160:./Core/Src/adc.c **** void HAL_ADC_MspDeInit(ADC_HandleTypeDef* adcHandle)
 161:./Core/Src/adc.c **** {
 403              		.loc 1 161 1 view -0
 404              		.cfi_startproc
 405              		@ args = 0, pretend = 0, frame = 0
 406              		@ frame_needed = 0, uses_anonymous_args = 0
 162:./Core/Src/adc.c **** 
 163:./Core/Src/adc.c ****   if(adcHandle->Instance==ADC1)
 407              		.loc 1 163 3 view .LVU127
 408              		.loc 1 163 15 is_stmt 0 view .LVU128
 409 0000 0268     		ldr	r2, [r0]
 410              		.loc 1 163 5 view .LVU129
 411 0002 0B4B     		ldr	r3, .L30
 412 0004 9A42     		cmp	r2, r3
 413 0006 00D0     		beq	.L29
 414 0008 7047     		bx	lr
 415              	.L29:
ARM GAS  C:\Users\Dennis\AppData\Local\Temp\ccFVR2gc.s 			page 12


 161:./Core/Src/adc.c **** 
 416              		.loc 1 161 1 view .LVU130
 417 000a 10B5     		push	{r4, lr}
 418              	.LCFI8:
 419              		.cfi_def_cfa_offset 8
 420              		.cfi_offset 4, -8
 421              		.cfi_offset 14, -4
 422 000c 0446     		mov	r4, r0
 164:./Core/Src/adc.c ****   {
 165:./Core/Src/adc.c ****   /* USER CODE BEGIN ADC1_MspDeInit 0 */
 166:./Core/Src/adc.c **** 
 167:./Core/Src/adc.c ****   /* USER CODE END ADC1_MspDeInit 0 */
 168:./Core/Src/adc.c ****     /* Peripheral clock disable */
 169:./Core/Src/adc.c ****     __HAL_RCC_ADC1_CLK_DISABLE();
 423              		.loc 1 169 5 is_stmt 1 view .LVU131
 424 000e 094A     		ldr	r2, .L30+4
 425 0010 536C     		ldr	r3, [r2, #68]
 426 0012 23F48073 		bic	r3, r3, #256
 427 0016 5364     		str	r3, [r2, #68]
 170:./Core/Src/adc.c **** 
 171:./Core/Src/adc.c ****     /**ADC1 GPIO Configuration
 172:./Core/Src/adc.c ****     PA0-WKUP     ------> ADC1_IN0
 173:./Core/Src/adc.c ****     PA1     ------> ADC1_IN1
 174:./Core/Src/adc.c ****     PA2     ------> ADC1_IN2
 175:./Core/Src/adc.c ****     PA3     ------> ADC1_IN3
 176:./Core/Src/adc.c ****     PA4     ------> ADC1_IN4
 177:./Core/Src/adc.c ****     PA5     ------> ADC1_IN5
 178:./Core/Src/adc.c ****     */
 179:./Core/Src/adc.c ****     HAL_GPIO_DeInit(GPIOA, GPIO_PIN_0|GPIO_PIN_1|GPIO_PIN_2|GPIO_PIN_3
 428              		.loc 1 179 5 view .LVU132
 429 0018 3F21     		movs	r1, #63
 430 001a 0748     		ldr	r0, .L30+8
 431              	.LVL20:
 432              		.loc 1 179 5 is_stmt 0 view .LVU133
 433 001c FFF7FEFF 		bl	HAL_GPIO_DeInit
 434              	.LVL21:
 180:./Core/Src/adc.c ****                           |GPIO_PIN_4|GPIO_PIN_5);
 181:./Core/Src/adc.c **** 
 182:./Core/Src/adc.c ****     /* ADC1 DMA DeInit */
 183:./Core/Src/adc.c ****     HAL_DMA_DeInit(adcHandle->DMA_Handle);
 435              		.loc 1 183 5 is_stmt 1 view .LVU134
 436 0020 A06B     		ldr	r0, [r4, #56]
 437 0022 FFF7FEFF 		bl	HAL_DMA_DeInit
 438              	.LVL22:
 184:./Core/Src/adc.c **** 
 185:./Core/Src/adc.c ****     /* ADC1 interrupt Deinit */
 186:./Core/Src/adc.c ****     HAL_NVIC_DisableIRQ(ADC_IRQn);
 439              		.loc 1 186 5 view .LVU135
 440 0026 1220     		movs	r0, #18
 441 0028 FFF7FEFF 		bl	HAL_NVIC_DisableIRQ
 442              	.LVL23:
 187:./Core/Src/adc.c ****   /* USER CODE BEGIN ADC1_MspDeInit 1 */
 188:./Core/Src/adc.c **** 
 189:./Core/Src/adc.c ****   /* USER CODE END ADC1_MspDeInit 1 */
 190:./Core/Src/adc.c ****   }
 191:./Core/Src/adc.c **** }
 443              		.loc 1 191 1 is_stmt 0 view .LVU136
ARM GAS  C:\Users\Dennis\AppData\Local\Temp\ccFVR2gc.s 			page 13


 444 002c 10BD     		pop	{r4, pc}
 445              	.LVL24:
 446              	.L31:
 447              		.loc 1 191 1 view .LVU137
 448 002e 00BF     		.align	2
 449              	.L30:
 450 0030 00200140 		.word	1073815552
 451 0034 00380240 		.word	1073887232
 452 0038 00000240 		.word	1073872896
 453              		.cfi_endproc
 454              	.LFE241:
 456              		.global	hdma_adc1
 457              		.global	hadc1
 458              		.section	.bss.hadc1,"aw",%nobits
 459              		.align	2
 460              		.set	.LANCHOR0,. + 0
 463              	hadc1:
 464 0000 00000000 		.space	72
 464      00000000 
 464      00000000 
 464      00000000 
 464      00000000 
 465              		.section	.bss.hdma_adc1,"aw",%nobits
 466              		.align	2
 467              		.set	.LANCHOR1,. + 0
 470              	hdma_adc1:
 471 0000 00000000 		.space	96
 471      00000000 
 471      00000000 
 471      00000000 
 471      00000000 
 472              		.text
 473              	.Letext0:
 474              		.file 2 "c:\\software_user\\armgcc\\arm-none-eabi\\include\\machine\\_default_types.h"
 475              		.file 3 "c:\\software_user\\armgcc\\arm-none-eabi\\include\\sys\\_stdint.h"
 476              		.file 4 "./Drivers/CMSIS/Device/ST/STM32F4xx/Include/stm32f407xx.h"
 477              		.file 5 "./Drivers/CMSIS/Device/ST/STM32F4xx/Include/stm32f4xx.h"
 478              		.file 6 "./Drivers/STM32F4xx_HAL_Driver/Inc/stm32f4xx_hal_def.h"
 479              		.file 7 "./Drivers/STM32F4xx_HAL_Driver/Inc/stm32f4xx_hal_gpio.h"
 480              		.file 8 "./Drivers/STM32F4xx_HAL_Driver/Inc/stm32f4xx_hal_dma.h"
 481              		.file 9 "./Drivers/STM32F4xx_HAL_Driver/Inc/stm32f4xx_hal_adc.h"
 482              		.file 10 "./Core/Inc/adc.h"
 483              		.file 11 "./Drivers/STM32F4xx_HAL_Driver/Inc/stm32f4xx_hal_cortex.h"
 484              		.file 12 "./Core/Inc/main.h"
ARM GAS  C:\Users\Dennis\AppData\Local\Temp\ccFVR2gc.s 			page 14


DEFINED SYMBOLS
                            *ABS*:00000000 adc.c
C:\Users\Dennis\AppData\Local\Temp\ccFVR2gc.s:20     .text.MX_ADC1_Init:00000000 $t
C:\Users\Dennis\AppData\Local\Temp\ccFVR2gc.s:26     .text.MX_ADC1_Init:00000000 MX_ADC1_Init
C:\Users\Dennis\AppData\Local\Temp\ccFVR2gc.s:205    .text.MX_ADC1_Init:000000ac $d
C:\Users\Dennis\AppData\Local\Temp\ccFVR2gc.s:212    .text.HAL_ADC_MspInit:00000000 $t
C:\Users\Dennis\AppData\Local\Temp\ccFVR2gc.s:218    .text.HAL_ADC_MspInit:00000000 HAL_ADC_MspInit
C:\Users\Dennis\AppData\Local\Temp\ccFVR2gc.s:387    .text.HAL_ADC_MspInit:000000b4 $d
C:\Users\Dennis\AppData\Local\Temp\ccFVR2gc.s:394    .text.HAL_ADC_MspDeInit:00000000 $t
C:\Users\Dennis\AppData\Local\Temp\ccFVR2gc.s:400    .text.HAL_ADC_MspDeInit:00000000 HAL_ADC_MspDeInit
C:\Users\Dennis\AppData\Local\Temp\ccFVR2gc.s:450    .text.HAL_ADC_MspDeInit:00000030 $d
C:\Users\Dennis\AppData\Local\Temp\ccFVR2gc.s:470    .bss.hdma_adc1:00000000 hdma_adc1
C:\Users\Dennis\AppData\Local\Temp\ccFVR2gc.s:463    .bss.hadc1:00000000 hadc1
C:\Users\Dennis\AppData\Local\Temp\ccFVR2gc.s:459    .bss.hadc1:00000000 $d
C:\Users\Dennis\AppData\Local\Temp\ccFVR2gc.s:466    .bss.hdma_adc1:00000000 $d

UNDEFINED SYMBOLS
HAL_ADC_Init
HAL_ADC_ConfigChannel
Error_Handler
HAL_GPIO_Init
HAL_DMA_Init
HAL_NVIC_SetPriority
HAL_NVIC_EnableIRQ
HAL_GPIO_DeInit
HAL_DMA_DeInit
HAL_NVIC_DisableIRQ
