ARM GAS  C:\Users\Dennis\AppData\Local\Temp\ccMi7FG4.s 			page 1


   1              		.cpu cortex-m4
   2              		.arch armv7e-m
   3              		.fpu fpv4-sp-d16
   4              		.eabi_attribute 27, 1
   5              		.eabi_attribute 28, 1
   6              		.eabi_attribute 20, 1
   7              		.eabi_attribute 21, 1
   8              		.eabi_attribute 23, 3
   9              		.eabi_attribute 24, 1
  10              		.eabi_attribute 25, 1
  11              		.eabi_attribute 26, 1
  12              		.eabi_attribute 30, 1
  13              		.eabi_attribute 34, 1
  14              		.eabi_attribute 18, 4
  15              		.file	"gpio.c"
  16              		.text
  17              	.Ltext0:
  18              		.cfi_sections	.debug_frame
  19              		.section	.text.MX_GPIO_Init,"ax",%progbits
  20              		.align	1
  21              		.global	MX_GPIO_Init
  22              		.syntax unified
  23              		.thumb
  24              		.thumb_func
  26              	MX_GPIO_Init:
  27              	.LFB239:
  28              		.file 1 "./Core/Src/gpio.c"
   1:./Core/Src/gpio.c **** /* USER CODE BEGIN Header */
   2:./Core/Src/gpio.c **** /**
   3:./Core/Src/gpio.c ****   ******************************************************************************
   4:./Core/Src/gpio.c ****   * @file    gpio.c
   5:./Core/Src/gpio.c ****   * @brief   This file provides code for the configuration
   6:./Core/Src/gpio.c ****   *          of all used GPIO pins.
   7:./Core/Src/gpio.c ****   ******************************************************************************
   8:./Core/Src/gpio.c ****   * @attention
   9:./Core/Src/gpio.c ****   *
  10:./Core/Src/gpio.c ****   * Copyright (c) 2025 STMicroelectronics.
  11:./Core/Src/gpio.c ****   * All rights reserved.
  12:./Core/Src/gpio.c ****   *
  13:./Core/Src/gpio.c ****   * This software is licensed under terms that can be found in the LICENSE file
  14:./Core/Src/gpio.c ****   * in the root directory of this software component.
  15:./Core/Src/gpio.c ****   * If no LICENSE file comes with this software, it is provided AS-IS.
  16:./Core/Src/gpio.c ****   *
  17:./Core/Src/gpio.c ****   ******************************************************************************
  18:./Core/Src/gpio.c ****   */
  19:./Core/Src/gpio.c **** /* USER CODE END Header */
  20:./Core/Src/gpio.c **** 
  21:./Core/Src/gpio.c **** /* Includes ------------------------------------------------------------------*/
  22:./Core/Src/gpio.c **** #include "gpio.h"
  23:./Core/Src/gpio.c **** 
  24:./Core/Src/gpio.c **** /* USER CODE BEGIN 0 */
  25:./Core/Src/gpio.c **** 
  26:./Core/Src/gpio.c **** /* USER CODE END 0 */
  27:./Core/Src/gpio.c **** 
  28:./Core/Src/gpio.c **** /*----------------------------------------------------------------------------*/
  29:./Core/Src/gpio.c **** /* Configure GPIO                                                             */
  30:./Core/Src/gpio.c **** /*----------------------------------------------------------------------------*/
ARM GAS  C:\Users\Dennis\AppData\Local\Temp\ccMi7FG4.s 			page 2


  31:./Core/Src/gpio.c **** /* USER CODE BEGIN 1 */
  32:./Core/Src/gpio.c **** 
  33:./Core/Src/gpio.c **** /* USER CODE END 1 */
  34:./Core/Src/gpio.c **** 
  35:./Core/Src/gpio.c **** /** Configure pins as
  36:./Core/Src/gpio.c ****         * Analog
  37:./Core/Src/gpio.c ****         * Input
  38:./Core/Src/gpio.c ****         * Output
  39:./Core/Src/gpio.c ****         * EVENT_OUT
  40:./Core/Src/gpio.c ****         * EXTI
  41:./Core/Src/gpio.c **** */
  42:./Core/Src/gpio.c **** void MX_GPIO_Init(void)
  43:./Core/Src/gpio.c **** {
  29              		.loc 1 43 1 view -0
  30              		.cfi_startproc
  31              		@ args = 0, pretend = 0, frame = 48
  32              		@ frame_needed = 0, uses_anonymous_args = 0
  33 0000 30B5     		push	{r4, r5, lr}
  34              	.LCFI0:
  35              		.cfi_def_cfa_offset 12
  36              		.cfi_offset 4, -12
  37              		.cfi_offset 5, -8
  38              		.cfi_offset 14, -4
  39 0002 8DB0     		sub	sp, sp, #52
  40              	.LCFI1:
  41              		.cfi_def_cfa_offset 64
  44:./Core/Src/gpio.c **** 
  45:./Core/Src/gpio.c ****   GPIO_InitTypeDef GPIO_InitStruct = {0};
  42              		.loc 1 45 3 view .LVU1
  43              		.loc 1 45 20 is_stmt 0 view .LVU2
  44 0004 0024     		movs	r4, #0
  45 0006 0794     		str	r4, [sp, #28]
  46 0008 0894     		str	r4, [sp, #32]
  47 000a 0994     		str	r4, [sp, #36]
  48 000c 0A94     		str	r4, [sp, #40]
  49 000e 0B94     		str	r4, [sp, #44]
  46:./Core/Src/gpio.c **** 
  47:./Core/Src/gpio.c ****   /* GPIO Ports Clock Enable */
  48:./Core/Src/gpio.c ****   __HAL_RCC_GPIOC_CLK_ENABLE();
  50              		.loc 1 48 3 is_stmt 1 view .LVU3
  51              	.LBB2:
  52              		.loc 1 48 3 view .LVU4
  53 0010 0194     		str	r4, [sp, #4]
  54              		.loc 1 48 3 view .LVU5
  55 0012 2B4B     		ldr	r3, .L3
  56 0014 1A6B     		ldr	r2, [r3, #48]
  57 0016 42F00402 		orr	r2, r2, #4
  58 001a 1A63     		str	r2, [r3, #48]
  59              		.loc 1 48 3 view .LVU6
  60 001c 1A6B     		ldr	r2, [r3, #48]
  61 001e 02F00402 		and	r2, r2, #4
  62 0022 0192     		str	r2, [sp, #4]
  63              		.loc 1 48 3 view .LVU7
  64 0024 019A     		ldr	r2, [sp, #4]
  65              	.LBE2:
  66              		.loc 1 48 3 view .LVU8
  49:./Core/Src/gpio.c ****   __HAL_RCC_GPIOH_CLK_ENABLE();
ARM GAS  C:\Users\Dennis\AppData\Local\Temp\ccMi7FG4.s 			page 3


  67              		.loc 1 49 3 view .LVU9
  68              	.LBB3:
  69              		.loc 1 49 3 view .LVU10
  70 0026 0294     		str	r4, [sp, #8]
  71              		.loc 1 49 3 view .LVU11
  72 0028 1A6B     		ldr	r2, [r3, #48]
  73 002a 42F08002 		orr	r2, r2, #128
  74 002e 1A63     		str	r2, [r3, #48]
  75              		.loc 1 49 3 view .LVU12
  76 0030 1A6B     		ldr	r2, [r3, #48]
  77 0032 02F08002 		and	r2, r2, #128
  78 0036 0292     		str	r2, [sp, #8]
  79              		.loc 1 49 3 view .LVU13
  80 0038 029A     		ldr	r2, [sp, #8]
  81              	.LBE3:
  82              		.loc 1 49 3 view .LVU14
  50:./Core/Src/gpio.c ****   __HAL_RCC_GPIOA_CLK_ENABLE();
  83              		.loc 1 50 3 view .LVU15
  84              	.LBB4:
  85              		.loc 1 50 3 view .LVU16
  86 003a 0394     		str	r4, [sp, #12]
  87              		.loc 1 50 3 view .LVU17
  88 003c 1A6B     		ldr	r2, [r3, #48]
  89 003e 42F00102 		orr	r2, r2, #1
  90 0042 1A63     		str	r2, [r3, #48]
  91              		.loc 1 50 3 view .LVU18
  92 0044 1A6B     		ldr	r2, [r3, #48]
  93 0046 02F00102 		and	r2, r2, #1
  94 004a 0392     		str	r2, [sp, #12]
  95              		.loc 1 50 3 view .LVU19
  96 004c 039A     		ldr	r2, [sp, #12]
  97              	.LBE4:
  98              		.loc 1 50 3 view .LVU20
  51:./Core/Src/gpio.c ****   __HAL_RCC_GPIOE_CLK_ENABLE();
  99              		.loc 1 51 3 view .LVU21
 100              	.LBB5:
 101              		.loc 1 51 3 view .LVU22
 102 004e 0494     		str	r4, [sp, #16]
 103              		.loc 1 51 3 view .LVU23
 104 0050 1A6B     		ldr	r2, [r3, #48]
 105 0052 42F01002 		orr	r2, r2, #16
 106 0056 1A63     		str	r2, [r3, #48]
 107              		.loc 1 51 3 view .LVU24
 108 0058 1A6B     		ldr	r2, [r3, #48]
 109 005a 02F01002 		and	r2, r2, #16
 110 005e 0492     		str	r2, [sp, #16]
 111              		.loc 1 51 3 view .LVU25
 112 0060 049A     		ldr	r2, [sp, #16]
 113              	.LBE5:
 114              		.loc 1 51 3 view .LVU26
  52:./Core/Src/gpio.c ****   __HAL_RCC_GPIOB_CLK_ENABLE();
 115              		.loc 1 52 3 view .LVU27
 116              	.LBB6:
 117              		.loc 1 52 3 view .LVU28
 118 0062 0594     		str	r4, [sp, #20]
 119              		.loc 1 52 3 view .LVU29
 120 0064 1A6B     		ldr	r2, [r3, #48]
ARM GAS  C:\Users\Dennis\AppData\Local\Temp\ccMi7FG4.s 			page 4


 121 0066 42F00202 		orr	r2, r2, #2
 122 006a 1A63     		str	r2, [r3, #48]
 123              		.loc 1 52 3 view .LVU30
 124 006c 1A6B     		ldr	r2, [r3, #48]
 125 006e 02F00202 		and	r2, r2, #2
 126 0072 0592     		str	r2, [sp, #20]
 127              		.loc 1 52 3 view .LVU31
 128 0074 059A     		ldr	r2, [sp, #20]
 129              	.LBE6:
 130              		.loc 1 52 3 view .LVU32
  53:./Core/Src/gpio.c ****   __HAL_RCC_GPIOD_CLK_ENABLE();
 131              		.loc 1 53 3 view .LVU33
 132              	.LBB7:
 133              		.loc 1 53 3 view .LVU34
 134 0076 0694     		str	r4, [sp, #24]
 135              		.loc 1 53 3 view .LVU35
 136 0078 1A6B     		ldr	r2, [r3, #48]
 137 007a 42F00802 		orr	r2, r2, #8
 138 007e 1A63     		str	r2, [r3, #48]
 139              		.loc 1 53 3 view .LVU36
 140 0080 1B6B     		ldr	r3, [r3, #48]
 141 0082 03F00803 		and	r3, r3, #8
 142 0086 0693     		str	r3, [sp, #24]
 143              		.loc 1 53 3 view .LVU37
 144 0088 069B     		ldr	r3, [sp, #24]
 145              	.LBE7:
 146              		.loc 1 53 3 view .LVU38
  54:./Core/Src/gpio.c **** 
  55:./Core/Src/gpio.c ****   /*Configure GPIO pin Output Level */
  56:./Core/Src/gpio.c ****   HAL_GPIO_WritePin(GPIOC, GPIO_PIN_13, GPIO_PIN_RESET);
 147              		.loc 1 56 3 view .LVU39
 148 008a 0E4D     		ldr	r5, .L3+4
 149 008c 2246     		mov	r2, r4
 150 008e 4FF40051 		mov	r1, #8192
 151 0092 2846     		mov	r0, r5
 152 0094 FFF7FEFF 		bl	HAL_GPIO_WritePin
 153              	.LVL0:
  57:./Core/Src/gpio.c **** 
  58:./Core/Src/gpio.c ****   /*Configure GPIO pin Output Level */
  59:./Core/Src/gpio.c ****   HAL_GPIO_WritePin(Botton_GPIO_Port, Botton_Pin, GPIO_PIN_SET);
 154              		.loc 1 59 3 view .LVU40
 155 0098 0122     		movs	r2, #1
 156 009a 4FF48041 		mov	r1, #16384
 157 009e 2846     		mov	r0, r5
 158 00a0 FFF7FEFF 		bl	HAL_GPIO_WritePin
 159              	.LVL1:
  60:./Core/Src/gpio.c **** 
  61:./Core/Src/gpio.c ****   /*Configure GPIO pins : PC13 Botton_Pin */
  62:./Core/Src/gpio.c ****   GPIO_InitStruct.Pin = GPIO_PIN_13|Botton_Pin;
 160              		.loc 1 62 3 view .LVU41
 161              		.loc 1 62 23 is_stmt 0 view .LVU42
 162 00a4 4FF4C043 		mov	r3, #24576
 163 00a8 0793     		str	r3, [sp, #28]
  63:./Core/Src/gpio.c ****   GPIO_InitStruct.Mode = GPIO_MODE_OUTPUT_PP;
 164              		.loc 1 63 3 is_stmt 1 view .LVU43
 165              		.loc 1 63 24 is_stmt 0 view .LVU44
 166 00aa 0123     		movs	r3, #1
ARM GAS  C:\Users\Dennis\AppData\Local\Temp\ccMi7FG4.s 			page 5


 167 00ac 0893     		str	r3, [sp, #32]
  64:./Core/Src/gpio.c ****   GPIO_InitStruct.Pull = GPIO_NOPULL;
 168              		.loc 1 64 3 is_stmt 1 view .LVU45
 169              		.loc 1 64 24 is_stmt 0 view .LVU46
 170 00ae 0994     		str	r4, [sp, #36]
  65:./Core/Src/gpio.c ****   GPIO_InitStruct.Speed = GPIO_SPEED_FREQ_LOW;
 171              		.loc 1 65 3 is_stmt 1 view .LVU47
 172              		.loc 1 65 25 is_stmt 0 view .LVU48
 173 00b0 0A94     		str	r4, [sp, #40]
  66:./Core/Src/gpio.c ****   HAL_GPIO_Init(GPIOC, &GPIO_InitStruct);
 174              		.loc 1 66 3 is_stmt 1 view .LVU49
 175 00b2 07A9     		add	r1, sp, #28
 176 00b4 2846     		mov	r0, r5
 177 00b6 FFF7FEFF 		bl	HAL_GPIO_Init
 178              	.LVL2:
  67:./Core/Src/gpio.c **** 
  68:./Core/Src/gpio.c **** }
 179              		.loc 1 68 1 is_stmt 0 view .LVU50
 180 00ba 0DB0     		add	sp, sp, #52
 181              	.LCFI2:
 182              		.cfi_def_cfa_offset 12
 183              		@ sp needed
 184 00bc 30BD     		pop	{r4, r5, pc}
 185              	.L4:
 186 00be 00BF     		.align	2
 187              	.L3:
 188 00c0 00380240 		.word	1073887232
 189 00c4 00080240 		.word	1073874944
 190              		.cfi_endproc
 191              	.LFE239:
 193              		.text
 194              	.Letext0:
 195              		.file 2 "c:\\software_user\\armgcc\\arm-none-eabi\\include\\machine\\_default_types.h"
 196              		.file 3 "c:\\software_user\\armgcc\\arm-none-eabi\\include\\sys\\_stdint.h"
 197              		.file 4 "./Drivers/CMSIS/Device/ST/STM32F4xx/Include/stm32f407xx.h"
 198              		.file 5 "./Drivers/STM32F4xx_HAL_Driver/Inc/stm32f4xx_hal_gpio.h"
ARM GAS  C:\Users\Dennis\AppData\Local\Temp\ccMi7FG4.s 			page 6


DEFINED SYMBOLS
                            *ABS*:00000000 gpio.c
C:\Users\Dennis\AppData\Local\Temp\ccMi7FG4.s:20     .text.MX_GPIO_Init:00000000 $t
C:\Users\Dennis\AppData\Local\Temp\ccMi7FG4.s:26     .text.MX_GPIO_Init:00000000 MX_GPIO_Init
C:\Users\Dennis\AppData\Local\Temp\ccMi7FG4.s:188    .text.MX_GPIO_Init:000000c0 $d

UNDEFINED SYMBOLS
HAL_GPIO_WritePin
HAL_GPIO_Init
