ARM GAS  C:\Users\Dennis\AppData\Local\Temp\ccqQak7j.s 			page 1


   1              		.cpu cortex-m4
   2              		.arch armv7e-m
   3              		.fpu fpv4-sp-d16
   4              		.eabi_attribute 27, 1
   5              		.eabi_attribute 28, 1
   6              		.eabi_attribute 20, 1
   7              		.eabi_attribute 21, 1
   8              		.eabi_attribute 23, 3
   9              		.eabi_attribute 24, 1
  10              		.eabi_attribute 25, 1
  11              		.eabi_attribute 26, 1
  12              		.eabi_attribute 30, 1
  13              		.eabi_attribute 34, 1
  14              		.eabi_attribute 18, 4
  15              		.file	"Thread_oled.c"
  16              		.text
  17              	.Ltext0:
  18              		.cfi_sections	.debug_frame
  19              		.section	.rodata.Thread_oled_Entry.str1.4,"aMS",%progbits,1
  20              		.align	2
  21              	.LC0:
  22 0000 4F4C4544 		.ascii	"OLED-TEXT\000"
  22      2D544558 
  22      5400
  23 000a 0000     		.align	2
  24              	.LC1:
  25 000c 256C6400 		.ascii	"%ld\000"
  26              		.section	.text.Thread_oled_Entry,"ax",%progbits
  27              		.align	1
  28              		.global	Thread_oled_Entry
  29              		.syntax unified
  30              		.thumb
  31              		.thumb_func
  33              	Thread_oled_Entry:
  34              	.LVL0:
  35              	.LFB247:
  36              		.file 1 "./app/Threads/Thread_oled/Thread_oled.c"
   1:./app/Threads/Thread_oled/Thread_oled.c **** #include "Thread_oled.h"
   2:./app/Threads/Thread_oled/Thread_oled.c **** 
   3:./app/Threads/Thread_oled/Thread_oled.c **** 
   4:./app/Threads/Thread_oled/Thread_oled.c **** TX_THREAD Thread_oled;						//实例化线程句柄,线程相关信息
   5:./app/Threads/Thread_oled/Thread_oled.c **** Thread_oled_parama Thread_oled_parama1;	//实例化入口函数的参数
   6:./app/Threads/Thread_oled/Thread_oled.c **** 
   7:./app/Threads/Thread_oled/Thread_oled.c **** 
   8:./app/Threads/Thread_oled/Thread_oled.c **** /*******************************************************************************
   9:./app/Threads/Thread_oled/Thread_oled.c **** * Function Name  : Thread_oled_Entry
  10:./app/Threads/Thread_oled/Thread_oled.c **** * Description    : Thread_oled_Entry线程
  11:./app/Threads/Thread_oled/Thread_oled.c **** * Input          : ULONG thread_input
  12:./app/Threads/Thread_oled/Thread_oled.c **** * Output         : None
  13:./app/Threads/Thread_oled/Thread_oled.c **** * Return         : None
  14:./app/Threads/Thread_oled/Thread_oled.c **** * Note			 : 快速创建线程demo
  15:./app/Threads/Thread_oled/Thread_oled.c **** *******************************************************************************/
  16:./app/Threads/Thread_oled/Thread_oled.c **** void Thread_oled_Entry(ULONG thread_input)
  17:./app/Threads/Thread_oled/Thread_oled.c **** {
  37              		.loc 1 17 1 view -0
  38              		.cfi_startproc
  39              		@ args = 0, pretend = 0, frame = 104
ARM GAS  C:\Users\Dennis\AppData\Local\Temp\ccqQak7j.s 			page 2


  40              		@ frame_needed = 0, uses_anonymous_args = 0
  41              		.loc 1 17 1 is_stmt 0 view .LVU1
  42 0000 00B5     		push	{lr}
  43              	.LCFI0:
  44              		.cfi_def_cfa_offset 4
  45              		.cfi_offset 14, -4
  46 0002 9BB0     		sub	sp, sp, #108
  47              	.LCFI1:
  48              		.cfi_def_cfa_offset 112
  18:./app/Threads/Thread_oled/Thread_oled.c ****     Thread_oled_parama * thread_param = (Thread_oled_parama *)thread_input;
  49              		.loc 1 18 5 is_stmt 1 view .LVU2
  50              	.LVL1:
  19:./app/Threads/Thread_oled/Thread_oled.c **** 
  20:./app/Threads/Thread_oled/Thread_oled.c ****     OLED_Init();  //OLED初始化
  51              		.loc 1 20 5 view .LVU3
  52 0004 FFF7FEFF 		bl	OLED_Init
  53              	.LVL2:
  21:./app/Threads/Thread_oled/Thread_oled.c ****     tx_thread_sleep(500);
  54              		.loc 1 21 5 view .LVU4
  55 0008 4FF4FA70 		mov	r0, #500
  56 000c FFF7FEFF 		bl	_tx_thread_sleep
  57              	.LVL3:
  22:./app/Threads/Thread_oled/Thread_oled.c ****     OLED_ShowStr(0,0,"OLED-TEXT",1);
  58              		.loc 1 22 5 view .LVU5
  59 0010 0123     		movs	r3, #1
  60 0012 0B4A     		ldr	r2, .L4
  61 0014 0021     		movs	r1, #0
  62 0016 0846     		mov	r0, r1
  63 0018 FFF7FEFF 		bl	OLED_ShowStr
  64              	.LVL4:
  65              	.L2:
  23:./app/Threads/Thread_oled/Thread_oled.c ****     unsigned char temp[100];
  66              		.loc 1 23 5 discriminator 1 view .LVU6
  24:./app/Threads/Thread_oled/Thread_oled.c ****     while(1)
  67              		.loc 1 24 5 discriminator 1 view .LVU7
  68              	.LBB2:
  25:./app/Threads/Thread_oled/Thread_oled.c ****     {
  26:./app/Threads/Thread_oled/Thread_oled.c ****       sprintf((char *)temp,"%ld",HAL_GetTick());
  69              		.loc 1 26 7 discriminator 1 view .LVU8
  70 001c FFF7FEFF 		bl	HAL_GetTick
  71              	.LVL5:
  72 0020 0246     		mov	r2, r0
  73 0022 0849     		ldr	r1, .L4+4
  74 0024 01A8     		add	r0, sp, #4
  75 0026 FFF7FEFF 		bl	sprintf
  76              	.LVL6:
  27:./app/Threads/Thread_oled/Thread_oled.c ****       OLED_ShowStr(0,10,temp,2);
  77              		.loc 1 27 7 discriminator 1 view .LVU9
  78 002a 0223     		movs	r3, #2
  79 002c 01AA     		add	r2, sp, #4
  80 002e 0A21     		movs	r1, #10
  81 0030 0020     		movs	r0, #0
  82 0032 FFF7FEFF 		bl	OLED_ShowStr
  83              	.LVL7:
  28:./app/Threads/Thread_oled/Thread_oled.c ****       
  29:./app/Threads/Thread_oled/Thread_oled.c ****       tx_thread_sleep(1);
  84              		.loc 1 29 7 discriminator 1 view .LVU10
ARM GAS  C:\Users\Dennis\AppData\Local\Temp\ccqQak7j.s 			page 3


  85 0036 0120     		movs	r0, #1
  86 0038 FFF7FEFF 		bl	_tx_thread_sleep
  87              	.LVL8:
  88              	.LBE2:
  24:./app/Threads/Thread_oled/Thread_oled.c ****     {
  89              		.loc 1 24 10 discriminator 1 view .LVU11
  90 003c EEE7     		b	.L2
  91              	.L5:
  92 003e 00BF     		.align	2
  93              	.L4:
  94 0040 00000000 		.word	.LC0
  95 0044 0C000000 		.word	.LC1
  96              		.cfi_endproc
  97              	.LFE247:
  99              		.global	Thread_oled_parama1
 100              		.global	Thread_oled
 101              		.section	.bss.Thread_oled,"aw",%nobits
 102              		.align	2
 105              	Thread_oled:
 106 0000 00000000 		.space	176
 106      00000000 
 106      00000000 
 106      00000000 
 106      00000000 
 107              		.section	.bss.Thread_oled_parama1,"aw",%nobits
 108              		.align	2
 111              	Thread_oled_parama1:
 112 0000 00       		.space	1
 113              		.text
 114              	.Letext0:
 115              		.file 2 "c:\\software_user\\armgcc\\arm-none-eabi\\include\\machine\\_default_types.h"
 116              		.file 3 "./Middlewares/ST/threadx/ports/cortex_m4/gnu/inc/tx_port.h"
 117              		.file 4 "./Middlewares/ST/threadx/common/inc/tx_api.h"
 118              		.file 5 "c:\\software_user\\armgcc\\arm-none-eabi\\include\\sys\\_stdint.h"
 119              		.file 6 "./app/peripheral/inc/OLED_Front.h"
 120              		.file 7 "./app/Threads/Thread_oled/Thread_oled.h"
 121              		.file 8 "./Drivers/STM32F4xx_HAL_Driver/Inc/stm32f4xx_hal.h"
 122              		.file 9 "./app/peripheral/inc/OLED_Function.h"
 123              		.file 10 "./app/peripheral/inc/OLED_IIC_Config.h"
 124              		.file 11 "<built-in>"
ARM GAS  C:\Users\Dennis\AppData\Local\Temp\ccqQak7j.s 			page 4


DEFINED SYMBOLS
                            *ABS*:00000000 Thread_oled.c
C:\Users\Dennis\AppData\Local\Temp\ccqQak7j.s:20     .rodata.Thread_oled_Entry.str1.4:00000000 $d
C:\Users\Dennis\AppData\Local\Temp\ccqQak7j.s:27     .text.Thread_oled_Entry:00000000 $t
C:\Users\Dennis\AppData\Local\Temp\ccqQak7j.s:33     .text.Thread_oled_Entry:00000000 Thread_oled_Entry
C:\Users\Dennis\AppData\Local\Temp\ccqQak7j.s:94     .text.Thread_oled_Entry:00000040 $d
C:\Users\Dennis\AppData\Local\Temp\ccqQak7j.s:111    .bss.Thread_oled_parama1:00000000 Thread_oled_parama1
C:\Users\Dennis\AppData\Local\Temp\ccqQak7j.s:105    .bss.Thread_oled:00000000 Thread_oled
C:\Users\Dennis\AppData\Local\Temp\ccqQak7j.s:102    .bss.Thread_oled:00000000 $d
C:\Users\Dennis\AppData\Local\Temp\ccqQak7j.s:108    .bss.Thread_oled_parama1:00000000 $d

UNDEFINED SYMBOLS
OLED_Init
_tx_thread_sleep
OLED_ShowStr
HAL_GetTick
sprintf
