ARM GAS  C:\Users\Dennis\AppData\Local\Temp\cc8vXaz9.s 			page 1


   1              		.cpu cortex-m4
   2              		.arch armv7e-m
   3              		.fpu fpv4-sp-d16
   4              		.eabi_attribute 27, 1
   5              		.eabi_attribute 28, 1
   6              		.eabi_attribute 20, 1
   7              		.eabi_attribute 21, 1
   8              		.eabi_attribute 23, 3
   9              		.eabi_attribute 24, 1
  10              		.eabi_attribute 25, 1
  11              		.eabi_attribute 26, 1
  12              		.eabi_attribute 30, 1
  13              		.eabi_attribute 34, 1
  14              		.eabi_attribute 18, 4
  15              		.file	"Thread_template.c"
  16              		.text
  17              	.Ltext0:
  18              		.cfi_sections	.debug_frame
  19              		.section	.text.Thread_Template_Entry,"ax",%progbits
  20              		.align	1
  21              		.global	Thread_Template_Entry
  22              		.syntax unified
  23              		.thumb
  24              		.thumb_func
  26              	Thread_Template_Entry:
  27              	.LFB250:
  28              		.file 1 "./app/Threads/Thread_template/Thread_template.c"
   1:./app/Threads/Thread_template/Thread_template.c **** /**
   2:./app/Threads/Thread_template/Thread_template.c ****   ******************************************************************************
   3:./app/Threads/Thread_template/Thread_template.c ****   * @file           : Thread_template.c
   4:./app/Threads/Thread_template/Thread_template.c ****   * @brief          : 降低代码耦合
   5:./app/Threads/Thread_template/Thread_template.c ****   ******************************************************************************
   6:./app/Threads/Thread_template/Thread_template.c ****   * @author			  : Dennis_Re_Yoonjiho
   7:./app/Threads/Thread_template/Thread_template.c ****   * @attention		:
   8:./app/Threads/Thread_template/Thread_template.c ****   *	
   9:./app/Threads/Thread_template/Thread_template.c ****   * 						   	Copyright (c) 2021 Dennis_Re_Yoonjiho
  10:./app/Threads/Thread_template/Thread_template.c ****   ******************************************************************************
  11:./app/Threads/Thread_template/Thread_template.c ****   */
  12:./app/Threads/Thread_template/Thread_template.c **** #include "Thread_template.h"
  13:./app/Threads/Thread_template/Thread_template.c **** 
  14:./app/Threads/Thread_template/Thread_template.c **** TX_THREAD Thread_Template;						//实例化线程句柄,线程相关信息
  15:./app/Threads/Thread_template/Thread_template.c **** Thread_Template_parama Thread_Template_parama1;	//实例化入口函数的参数
  16:./app/Threads/Thread_template/Thread_template.c **** 
  17:./app/Threads/Thread_template/Thread_template.c **** /*******************************************************************************
  18:./app/Threads/Thread_template/Thread_template.c **** * Function Name  : Thread_Template_Entry
  19:./app/Threads/Thread_template/Thread_template.c **** * Description    : Thread_Template_Entry线程
  20:./app/Threads/Thread_template/Thread_template.c **** * Input          : ULONG thread_input
  21:./app/Threads/Thread_template/Thread_template.c **** * Output         : None
  22:./app/Threads/Thread_template/Thread_template.c **** * Return         : None
  23:./app/Threads/Thread_template/Thread_template.c **** * Note			 : 快速创建线程demo
  24:./app/Threads/Thread_template/Thread_template.c **** *******************************************************************************/
  25:./app/Threads/Thread_template/Thread_template.c **** void Thread_Template_Entry(ULONG thread_input)
  26:./app/Threads/Thread_template/Thread_template.c **** {
  29              		.loc 1 26 1 view -0
  30              		.cfi_startproc
  31              		@ Volatile: function does not return.
  32              		@ args = 0, pretend = 0, frame = 0
ARM GAS  C:\Users\Dennis\AppData\Local\Temp\cc8vXaz9.s 			page 2


  33              		@ frame_needed = 0, uses_anonymous_args = 0
  34              	.LVL0:
  35              		.loc 1 26 1 is_stmt 0 view .LVU1
  36 0000 08B5     		push	{r3, lr}
  37              	.LCFI0:
  38              		.cfi_def_cfa_offset 8
  39              		.cfi_offset 3, -8
  40              		.cfi_offset 14, -4
  41              	.LVL1:
  42              	.L2:
  27:./app/Threads/Thread_template/Thread_template.c **** 	(void)thread_input;
  43              		.loc 1 27 2 is_stmt 1 discriminator 1 view .LVU2
  28:./app/Threads/Thread_template/Thread_template.c **** 
  29:./app/Threads/Thread_template/Thread_template.c **** 	while(1)
  44              		.loc 1 29 2 discriminator 1 view .LVU3
  30:./app/Threads/Thread_template/Thread_template.c **** 	{
  31:./app/Threads/Thread_template/Thread_template.c ****         HAL_GPIO_TogglePin(GPIOC, GPIO_PIN_13);
  45              		.loc 1 31 9 discriminator 1 view .LVU4
  46 0002 4FF40051 		mov	r1, #8192
  47 0006 0448     		ldr	r0, .L4
  48 0008 FFF7FEFF 		bl	HAL_GPIO_TogglePin
  49              	.LVL2:
  32:./app/Threads/Thread_template/Thread_template.c ****         tx_thread_sleep(1000);
  50              		.loc 1 32 9 discriminator 1 view .LVU5
  51 000c 4FF47A70 		mov	r0, #1000
  52 0010 FFF7FEFF 		bl	_tx_thread_sleep
  53              	.LVL3:
  29:./app/Threads/Thread_template/Thread_template.c **** 	{
  54              		.loc 1 29 7 discriminator 1 view .LVU6
  55 0014 F5E7     		b	.L2
  56              	.L5:
  57 0016 00BF     		.align	2
  58              	.L4:
  59 0018 00080240 		.word	1073874944
  60              		.cfi_endproc
  61              	.LFE250:
  63              		.global	Thread_Template_parama1
  64              		.global	Thread_Template
  65              		.section	.bss.Thread_Template,"aw",%nobits
  66              		.align	2
  69              	Thread_Template:
  70 0000 00000000 		.space	176
  70      00000000 
  70      00000000 
  70      00000000 
  70      00000000 
  71              		.section	.bss.Thread_Template_parama1,"aw",%nobits
  72              		.align	2
  75              	Thread_Template_parama1:
  76 0000 00       		.space	1
  77              		.text
  78              	.Letext0:
  79              		.file 2 "c:\\software_user\\armgcc\\arm-none-eabi\\include\\machine\\_default_types.h"
  80              		.file 3 "./Middlewares/ST/threadx/ports/cortex_m4/gnu/inc/tx_port.h"
  81              		.file 4 "./Middlewares/ST/threadx/common/inc/tx_api.h"
  82              		.file 5 "c:\\software_user\\armgcc\\arm-none-eabi\\include\\sys\\_stdint.h"
  83              		.file 6 "./Drivers/CMSIS/Device/ST/STM32F4xx/Include/stm32f407xx.h"
ARM GAS  C:\Users\Dennis\AppData\Local\Temp\cc8vXaz9.s 			page 3


  84              		.file 7 "./app/Threads/Thread_template/Thread_template.h"
  85              		.file 8 "./Drivers/STM32F4xx_HAL_Driver/Inc/stm32f4xx_hal_gpio.h"
ARM GAS  C:\Users\Dennis\AppData\Local\Temp\cc8vXaz9.s 			page 4


DEFINED SYMBOLS
                            *ABS*:00000000 Thread_template.c
C:\Users\Dennis\AppData\Local\Temp\cc8vXaz9.s:20     .text.Thread_Template_Entry:00000000 $t
C:\Users\Dennis\AppData\Local\Temp\cc8vXaz9.s:26     .text.Thread_Template_Entry:00000000 Thread_Template_Entry
C:\Users\Dennis\AppData\Local\Temp\cc8vXaz9.s:59     .text.Thread_Template_Entry:00000018 $d
C:\Users\Dennis\AppData\Local\Temp\cc8vXaz9.s:75     .bss.Thread_Template_parama1:00000000 Thread_Template_parama1
C:\Users\Dennis\AppData\Local\Temp\cc8vXaz9.s:69     .bss.Thread_Template:00000000 Thread_Template
C:\Users\Dennis\AppData\Local\Temp\cc8vXaz9.s:66     .bss.Thread_Template:00000000 $d
C:\Users\Dennis\AppData\Local\Temp\cc8vXaz9.s:72     .bss.Thread_Template_parama1:00000000 $d

UNDEFINED SYMBOLS
HAL_GPIO_TogglePin
_tx_thread_sleep
