ARM GAS  /tmp/ccMhoO8S.s 			page 1


   1              		.cpu cortex-m4
   2              		.arch armv7e-m
   3              		.fpu fpv4-sp-d16
   4              		.eabi_attribute 27, 1
   5              		.eabi_attribute 28, 1
   6              		.eabi_attribute 20, 1
   7              		.eabi_attribute 21, 1
   8              		.eabi_attribute 23, 3
   9              		.eabi_attribute 24, 1
  10              		.eabi_attribute 25, 1
  11              		.eabi_attribute 26, 1
  12              		.eabi_attribute 30, 1
  13              		.eabi_attribute 34, 1
  14              		.eabi_attribute 18, 4
  15              		.file	"tx_initialize_high_level.c"
  16              		.text
  17              	.Ltext0:
  18              		.cfi_sections	.debug_frame
  19              		.file 1 "./Middlewares/ST/threadx/common/src/tx_initialize_high_level.c"
  20              		.section	.text._tx_initialize_high_level,"ax",%progbits
  21              		.align	1
  22              		.global	_tx_initialize_high_level
  23              		.syntax unified
  24              		.thumb
  25              		.thumb_func
  27              	_tx_initialize_high_level:
  28              	.LFB8:
   1:./Middlewares/ST/threadx/common/src/tx_initialize_high_level.c **** /**************************************************************************/
   2:./Middlewares/ST/threadx/common/src/tx_initialize_high_level.c **** /*                                                                        */
   3:./Middlewares/ST/threadx/common/src/tx_initialize_high_level.c **** /*       Copyright (c) Microsoft Corporation. All rights reserved.        */
   4:./Middlewares/ST/threadx/common/src/tx_initialize_high_level.c **** /*                                                                        */
   5:./Middlewares/ST/threadx/common/src/tx_initialize_high_level.c **** /*       This software is licensed under the Microsoft Software License   */
   6:./Middlewares/ST/threadx/common/src/tx_initialize_high_level.c **** /*       Terms for Microsoft Azure RTOS. Full text of the license can be  */
   7:./Middlewares/ST/threadx/common/src/tx_initialize_high_level.c **** /*       found in the LICENSE file at https://aka.ms/AzureRTOS_EULA       */
   8:./Middlewares/ST/threadx/common/src/tx_initialize_high_level.c **** /*       and in the root directory of this software.                      */
   9:./Middlewares/ST/threadx/common/src/tx_initialize_high_level.c **** /*                                                                        */
  10:./Middlewares/ST/threadx/common/src/tx_initialize_high_level.c **** /**************************************************************************/
  11:./Middlewares/ST/threadx/common/src/tx_initialize_high_level.c **** 
  12:./Middlewares/ST/threadx/common/src/tx_initialize_high_level.c **** 
  13:./Middlewares/ST/threadx/common/src/tx_initialize_high_level.c **** /**************************************************************************/
  14:./Middlewares/ST/threadx/common/src/tx_initialize_high_level.c **** /**************************************************************************/
  15:./Middlewares/ST/threadx/common/src/tx_initialize_high_level.c **** /**                                                                       */
  16:./Middlewares/ST/threadx/common/src/tx_initialize_high_level.c **** /** ThreadX Component                                                     */
  17:./Middlewares/ST/threadx/common/src/tx_initialize_high_level.c **** /**                                                                       */
  18:./Middlewares/ST/threadx/common/src/tx_initialize_high_level.c **** /**   Initialize                                                          */
  19:./Middlewares/ST/threadx/common/src/tx_initialize_high_level.c **** /**                                                                       */
  20:./Middlewares/ST/threadx/common/src/tx_initialize_high_level.c **** /**************************************************************************/
  21:./Middlewares/ST/threadx/common/src/tx_initialize_high_level.c **** /**************************************************************************/
  22:./Middlewares/ST/threadx/common/src/tx_initialize_high_level.c **** 
  23:./Middlewares/ST/threadx/common/src/tx_initialize_high_level.c **** #define TX_SOURCE_CODE
  24:./Middlewares/ST/threadx/common/src/tx_initialize_high_level.c **** 
  25:./Middlewares/ST/threadx/common/src/tx_initialize_high_level.c **** 
  26:./Middlewares/ST/threadx/common/src/tx_initialize_high_level.c **** /* Include necessary system files.  */
  27:./Middlewares/ST/threadx/common/src/tx_initialize_high_level.c **** 
  28:./Middlewares/ST/threadx/common/src/tx_initialize_high_level.c **** #include "tx_api.h"
  29:./Middlewares/ST/threadx/common/src/tx_initialize_high_level.c **** #include "tx_trace.h"
  30:./Middlewares/ST/threadx/common/src/tx_initialize_high_level.c **** 
ARM GAS  /tmp/ccMhoO8S.s 			page 2


  31:./Middlewares/ST/threadx/common/src/tx_initialize_high_level.c **** /* Determine if in-line initialization is required.  */
  32:./Middlewares/ST/threadx/common/src/tx_initialize_high_level.c **** #ifdef TX_INLINE_INITIALIZATION
  33:./Middlewares/ST/threadx/common/src/tx_initialize_high_level.c **** #define TX_INVOKE_INLINE_INITIALIZATION
  34:./Middlewares/ST/threadx/common/src/tx_initialize_high_level.c **** #endif
  35:./Middlewares/ST/threadx/common/src/tx_initialize_high_level.c **** 
  36:./Middlewares/ST/threadx/common/src/tx_initialize_high_level.c **** #include "tx_initialize.h"
  37:./Middlewares/ST/threadx/common/src/tx_initialize_high_level.c **** #include "tx_thread.h"
  38:./Middlewares/ST/threadx/common/src/tx_initialize_high_level.c **** #include "tx_timer.h"
  39:./Middlewares/ST/threadx/common/src/tx_initialize_high_level.c **** #include "tx_semaphore.h"
  40:./Middlewares/ST/threadx/common/src/tx_initialize_high_level.c **** #include "tx_queue.h"
  41:./Middlewares/ST/threadx/common/src/tx_initialize_high_level.c **** #include "tx_event_flags.h"
  42:./Middlewares/ST/threadx/common/src/tx_initialize_high_level.c **** #include "tx_mutex.h"
  43:./Middlewares/ST/threadx/common/src/tx_initialize_high_level.c **** #include "tx_block_pool.h"
  44:./Middlewares/ST/threadx/common/src/tx_initialize_high_level.c **** #include "tx_byte_pool.h"
  45:./Middlewares/ST/threadx/common/src/tx_initialize_high_level.c **** 
  46:./Middlewares/ST/threadx/common/src/tx_initialize_high_level.c **** 
  47:./Middlewares/ST/threadx/common/src/tx_initialize_high_level.c **** /* Define the unused memory pointer.  The value of the first available
  48:./Middlewares/ST/threadx/common/src/tx_initialize_high_level.c ****    memory address is placed in this variable in the low-level
  49:./Middlewares/ST/threadx/common/src/tx_initialize_high_level.c ****    initialization function.  The content of this variable is passed
  50:./Middlewares/ST/threadx/common/src/tx_initialize_high_level.c ****    to the application's system definition function.  */
  51:./Middlewares/ST/threadx/common/src/tx_initialize_high_level.c **** 
  52:./Middlewares/ST/threadx/common/src/tx_initialize_high_level.c **** VOID     *_tx_initialize_unused_memory;
  53:./Middlewares/ST/threadx/common/src/tx_initialize_high_level.c **** 
  54:./Middlewares/ST/threadx/common/src/tx_initialize_high_level.c **** 
  55:./Middlewares/ST/threadx/common/src/tx_initialize_high_level.c **** /**************************************************************************/
  56:./Middlewares/ST/threadx/common/src/tx_initialize_high_level.c **** /*                                                                        */
  57:./Middlewares/ST/threadx/common/src/tx_initialize_high_level.c **** /*  FUNCTION                                               RELEASE        */
  58:./Middlewares/ST/threadx/common/src/tx_initialize_high_level.c **** /*                                                                        */
  59:./Middlewares/ST/threadx/common/src/tx_initialize_high_level.c **** /*    _tx_initialize_high_level                           PORTABLE C      */
  60:./Middlewares/ST/threadx/common/src/tx_initialize_high_level.c **** /*                                                           6.1          */
  61:./Middlewares/ST/threadx/common/src/tx_initialize_high_level.c **** /*  AUTHOR                                                                */
  62:./Middlewares/ST/threadx/common/src/tx_initialize_high_level.c **** /*                                                                        */
  63:./Middlewares/ST/threadx/common/src/tx_initialize_high_level.c **** /*    William E. Lamie, Microsoft Corporation                             */
  64:./Middlewares/ST/threadx/common/src/tx_initialize_high_level.c **** /*                                                                        */
  65:./Middlewares/ST/threadx/common/src/tx_initialize_high_level.c **** /*  DESCRIPTION                                                           */
  66:./Middlewares/ST/threadx/common/src/tx_initialize_high_level.c **** /*                                                                        */
  67:./Middlewares/ST/threadx/common/src/tx_initialize_high_level.c **** /*    This function is responsible for initializing all of the other      */
  68:./Middlewares/ST/threadx/common/src/tx_initialize_high_level.c **** /*    components in the ThreadX real-time kernel.                         */
  69:./Middlewares/ST/threadx/common/src/tx_initialize_high_level.c **** /*                                                                        */
  70:./Middlewares/ST/threadx/common/src/tx_initialize_high_level.c **** /*  INPUT                                                                 */
  71:./Middlewares/ST/threadx/common/src/tx_initialize_high_level.c **** /*                                                                        */
  72:./Middlewares/ST/threadx/common/src/tx_initialize_high_level.c **** /*    None                                                                */
  73:./Middlewares/ST/threadx/common/src/tx_initialize_high_level.c **** /*                                                                        */
  74:./Middlewares/ST/threadx/common/src/tx_initialize_high_level.c **** /*  OUTPUT                                                                */
  75:./Middlewares/ST/threadx/common/src/tx_initialize_high_level.c **** /*                                                                        */
  76:./Middlewares/ST/threadx/common/src/tx_initialize_high_level.c **** /*    None                                                                */
  77:./Middlewares/ST/threadx/common/src/tx_initialize_high_level.c **** /*                                                                        */
  78:./Middlewares/ST/threadx/common/src/tx_initialize_high_level.c **** /*  CALLS                                                                 */
  79:./Middlewares/ST/threadx/common/src/tx_initialize_high_level.c **** /*                                                                        */
  80:./Middlewares/ST/threadx/common/src/tx_initialize_high_level.c **** /*    _tx_thread_initialize             Initialize the thread control     */
  81:./Middlewares/ST/threadx/common/src/tx_initialize_high_level.c **** /*                                        component                       */
  82:./Middlewares/ST/threadx/common/src/tx_initialize_high_level.c **** /*    _tx_timer_initialize              Initialize the timer control      */
  83:./Middlewares/ST/threadx/common/src/tx_initialize_high_level.c **** /*                                        component                       */
  84:./Middlewares/ST/threadx/common/src/tx_initialize_high_level.c **** /*    _tx_semaphore_initialize          Initialize the semaphore control  */
  85:./Middlewares/ST/threadx/common/src/tx_initialize_high_level.c **** /*                                        component                       */
  86:./Middlewares/ST/threadx/common/src/tx_initialize_high_level.c **** /*    _tx_queue_initialize              Initialize the queue control      */
  87:./Middlewares/ST/threadx/common/src/tx_initialize_high_level.c **** /*                                        component                       */
ARM GAS  /tmp/ccMhoO8S.s 			page 3


  88:./Middlewares/ST/threadx/common/src/tx_initialize_high_level.c **** /*    _tx_event_flags_initialize        Initialize the event flags control*/
  89:./Middlewares/ST/threadx/common/src/tx_initialize_high_level.c **** /*                                        component                       */
  90:./Middlewares/ST/threadx/common/src/tx_initialize_high_level.c **** /*    _tx_block_pool_initialize         Initialize the block pool control */
  91:./Middlewares/ST/threadx/common/src/tx_initialize_high_level.c **** /*                                        component                       */
  92:./Middlewares/ST/threadx/common/src/tx_initialize_high_level.c **** /*    _tx_byte_pool_initialize          Initialize the byte pool control  */
  93:./Middlewares/ST/threadx/common/src/tx_initialize_high_level.c **** /*                                        component                       */
  94:./Middlewares/ST/threadx/common/src/tx_initialize_high_level.c **** /*    _tx_mutex_initialize              Initialize the mutex control      */
  95:./Middlewares/ST/threadx/common/src/tx_initialize_high_level.c **** /*                                        component                       */
  96:./Middlewares/ST/threadx/common/src/tx_initialize_high_level.c **** /*                                                                        */
  97:./Middlewares/ST/threadx/common/src/tx_initialize_high_level.c **** /*  CALLED BY                                                             */
  98:./Middlewares/ST/threadx/common/src/tx_initialize_high_level.c **** /*                                                                        */
  99:./Middlewares/ST/threadx/common/src/tx_initialize_high_level.c **** /*    _tx_initialize_kernel_enter       Kernel entry function             */
 100:./Middlewares/ST/threadx/common/src/tx_initialize_high_level.c **** /*    _tx_initialize_kernel_setup       Early kernel setup function that  */
 101:./Middlewares/ST/threadx/common/src/tx_initialize_high_level.c **** /*                                        is optionally called by         */
 102:./Middlewares/ST/threadx/common/src/tx_initialize_high_level.c **** /*                                        compiler's startup code.        */
 103:./Middlewares/ST/threadx/common/src/tx_initialize_high_level.c **** /*                                                                        */
 104:./Middlewares/ST/threadx/common/src/tx_initialize_high_level.c **** /*  RELEASE HISTORY                                                       */
 105:./Middlewares/ST/threadx/common/src/tx_initialize_high_level.c **** /*                                                                        */
 106:./Middlewares/ST/threadx/common/src/tx_initialize_high_level.c **** /*    DATE              NAME                      DESCRIPTION             */
 107:./Middlewares/ST/threadx/common/src/tx_initialize_high_level.c **** /*                                                                        */
 108:./Middlewares/ST/threadx/common/src/tx_initialize_high_level.c **** /*  05-19-2020     William E. Lamie         Initial Version 6.0           */
 109:./Middlewares/ST/threadx/common/src/tx_initialize_high_level.c **** /*  09-30-2020     Yuxin Zhou               Modified comment(s),          */
 110:./Middlewares/ST/threadx/common/src/tx_initialize_high_level.c **** /*                                            resulting in version 6.1    */
 111:./Middlewares/ST/threadx/common/src/tx_initialize_high_level.c **** /*                                                                        */
 112:./Middlewares/ST/threadx/common/src/tx_initialize_high_level.c **** /**************************************************************************/
 113:./Middlewares/ST/threadx/common/src/tx_initialize_high_level.c **** VOID    _tx_initialize_high_level(VOID)
 114:./Middlewares/ST/threadx/common/src/tx_initialize_high_level.c **** {
  29              		.loc 1 114 1 view -0
  30              		.cfi_startproc
  31              		@ args = 0, pretend = 0, frame = 0
  32              		@ frame_needed = 0, uses_anonymous_args = 0
  33 0000 08B5     		push	{r3, lr}
  34              	.LCFI0:
  35              		.cfi_def_cfa_offset 8
  36              		.cfi_offset 3, -8
  37              		.cfi_offset 14, -4
 115:./Middlewares/ST/threadx/common/src/tx_initialize_high_level.c **** 
 116:./Middlewares/ST/threadx/common/src/tx_initialize_high_level.c ****     /* Initialize event tracing, if enabled.  */
 117:./Middlewares/ST/threadx/common/src/tx_initialize_high_level.c ****     TX_TRACE_INITIALIZE
 118:./Middlewares/ST/threadx/common/src/tx_initialize_high_level.c **** 
 119:./Middlewares/ST/threadx/common/src/tx_initialize_high_level.c ****     /* Initialize the event log, if enabled.  */
 120:./Middlewares/ST/threadx/common/src/tx_initialize_high_level.c ****     TX_EL_INITIALIZE
 121:./Middlewares/ST/threadx/common/src/tx_initialize_high_level.c **** 
 122:./Middlewares/ST/threadx/common/src/tx_initialize_high_level.c ****     /* Call the thread control initialization function.  */
 123:./Middlewares/ST/threadx/common/src/tx_initialize_high_level.c ****     _tx_thread_initialize();
  38              		.loc 1 123 5 view .LVU1
  39 0002 FFF7FEFF 		bl	_tx_thread_initialize
  40              	.LVL0:
 124:./Middlewares/ST/threadx/common/src/tx_initialize_high_level.c **** 
 125:./Middlewares/ST/threadx/common/src/tx_initialize_high_level.c **** #ifndef TX_NO_TIMER
 126:./Middlewares/ST/threadx/common/src/tx_initialize_high_level.c **** 
 127:./Middlewares/ST/threadx/common/src/tx_initialize_high_level.c ****     /* Call the timer control initialization function.  */
 128:./Middlewares/ST/threadx/common/src/tx_initialize_high_level.c ****     _tx_timer_initialize();
  41              		.loc 1 128 5 view .LVU2
  42 0006 FFF7FEFF 		bl	_tx_timer_initialize
  43              	.LVL1:
 129:./Middlewares/ST/threadx/common/src/tx_initialize_high_level.c **** #endif
ARM GAS  /tmp/ccMhoO8S.s 			page 4


 130:./Middlewares/ST/threadx/common/src/tx_initialize_high_level.c **** 
 131:./Middlewares/ST/threadx/common/src/tx_initialize_high_level.c **** #ifndef TX_DISABLE_REDUNDANT_CLEARING
 132:./Middlewares/ST/threadx/common/src/tx_initialize_high_level.c **** 
 133:./Middlewares/ST/threadx/common/src/tx_initialize_high_level.c ****     /* Call the semaphore initialization function.  */
 134:./Middlewares/ST/threadx/common/src/tx_initialize_high_level.c ****     _tx_semaphore_initialize();
  44              		.loc 1 134 5 view .LVU3
  45 000a 0023     		movs	r3, #0
  46 000c 0C4A     		ldr	r2, .L3
  47 000e 1360     		str	r3, [r2]
  48              		.loc 1 134 5 view .LVU4
  49 0010 0C4A     		ldr	r2, .L3+4
  50 0012 1360     		str	r3, [r2]
 135:./Middlewares/ST/threadx/common/src/tx_initialize_high_level.c **** 
 136:./Middlewares/ST/threadx/common/src/tx_initialize_high_level.c ****     /* Call the queue initialization function.  */
 137:./Middlewares/ST/threadx/common/src/tx_initialize_high_level.c ****     _tx_queue_initialize();
  51              		.loc 1 137 5 view .LVU5
  52 0014 0C4A     		ldr	r2, .L3+8
  53 0016 1360     		str	r3, [r2]
  54              		.loc 1 137 5 view .LVU6
  55 0018 0C4A     		ldr	r2, .L3+12
  56 001a 1360     		str	r3, [r2]
 138:./Middlewares/ST/threadx/common/src/tx_initialize_high_level.c **** 
 139:./Middlewares/ST/threadx/common/src/tx_initialize_high_level.c ****     /* Call the event flag initialization function.  */
 140:./Middlewares/ST/threadx/common/src/tx_initialize_high_level.c ****     _tx_event_flags_initialize();
  57              		.loc 1 140 5 view .LVU7
  58 001c 0C4A     		ldr	r2, .L3+16
  59 001e 1360     		str	r3, [r2]
  60              		.loc 1 140 5 view .LVU8
  61 0020 0C4A     		ldr	r2, .L3+20
  62 0022 1360     		str	r3, [r2]
 141:./Middlewares/ST/threadx/common/src/tx_initialize_high_level.c **** 
 142:./Middlewares/ST/threadx/common/src/tx_initialize_high_level.c ****     /* Call the block pool initialization function.  */
 143:./Middlewares/ST/threadx/common/src/tx_initialize_high_level.c ****     _tx_block_pool_initialize();
  63              		.loc 1 143 5 view .LVU9
  64 0024 0C4A     		ldr	r2, .L3+24
  65 0026 1360     		str	r3, [r2]
  66              		.loc 1 143 5 view .LVU10
  67 0028 0C4A     		ldr	r2, .L3+28
  68 002a 1360     		str	r3, [r2]
 144:./Middlewares/ST/threadx/common/src/tx_initialize_high_level.c **** 
 145:./Middlewares/ST/threadx/common/src/tx_initialize_high_level.c ****     /* Call the byte pool initialization function.  */
 146:./Middlewares/ST/threadx/common/src/tx_initialize_high_level.c ****     _tx_byte_pool_initialize();
  69              		.loc 1 146 5 view .LVU11
  70 002c 0C4A     		ldr	r2, .L3+32
  71 002e 1360     		str	r3, [r2]
  72              		.loc 1 146 5 view .LVU12
  73 0030 0C4A     		ldr	r2, .L3+36
  74 0032 1360     		str	r3, [r2]
 147:./Middlewares/ST/threadx/common/src/tx_initialize_high_level.c **** 
 148:./Middlewares/ST/threadx/common/src/tx_initialize_high_level.c ****     /* Call the mutex initialization function.  */
 149:./Middlewares/ST/threadx/common/src/tx_initialize_high_level.c ****     _tx_mutex_initialize();
  75              		.loc 1 149 5 view .LVU13
  76 0034 0C4A     		ldr	r2, .L3+40
  77 0036 1360     		str	r3, [r2]
  78              		.loc 1 149 5 view .LVU14
  79 0038 0C4A     		ldr	r2, .L3+44
  80 003a 1360     		str	r3, [r2]
ARM GAS  /tmp/ccMhoO8S.s 			page 5


 150:./Middlewares/ST/threadx/common/src/tx_initialize_high_level.c **** #endif
 151:./Middlewares/ST/threadx/common/src/tx_initialize_high_level.c **** }
  81              		.loc 1 151 1 is_stmt 0 view .LVU15
  82 003c 08BD     		pop	{r3, pc}
  83              	.L4:
  84 003e 00BF     		.align	2
  85              	.L3:
  86 0040 00000000 		.word	_tx_semaphore_created_ptr
  87 0044 00000000 		.word	_tx_semaphore_created_count
  88 0048 00000000 		.word	_tx_queue_created_ptr
  89 004c 00000000 		.word	_tx_queue_created_count
  90 0050 00000000 		.word	_tx_event_flags_created_ptr
  91 0054 00000000 		.word	_tx_event_flags_created_count
  92 0058 00000000 		.word	_tx_block_pool_created_ptr
  93 005c 00000000 		.word	_tx_block_pool_created_count
  94 0060 00000000 		.word	_tx_byte_pool_created_ptr
  95 0064 00000000 		.word	_tx_byte_pool_created_count
  96 0068 00000000 		.word	_tx_mutex_created_ptr
  97 006c 00000000 		.word	_tx_mutex_created_count
  98              		.cfi_endproc
  99              	.LFE8:
 101              		.global	_tx_initialize_unused_memory
 102              		.section	.bss._tx_initialize_unused_memory,"aw",%nobits
 103              		.align	2
 106              	_tx_initialize_unused_memory:
 107 0000 00000000 		.space	4
 108              		.global	_tx_byte_pool_created_count
 109              		.section	.bss._tx_byte_pool_created_count,"aw",%nobits
 110              		.align	2
 113              	_tx_byte_pool_created_count:
 114 0000 00000000 		.space	4
 115              		.global	_tx_byte_pool_created_ptr
 116              		.section	.bss._tx_byte_pool_created_ptr,"aw",%nobits
 117              		.align	2
 120              	_tx_byte_pool_created_ptr:
 121 0000 00000000 		.space	4
 122              		.global	_tx_block_pool_created_count
 123              		.section	.bss._tx_block_pool_created_count,"aw",%nobits
 124              		.align	2
 127              	_tx_block_pool_created_count:
 128 0000 00000000 		.space	4
 129              		.global	_tx_block_pool_created_ptr
 130              		.section	.bss._tx_block_pool_created_ptr,"aw",%nobits
 131              		.align	2
 134              	_tx_block_pool_created_ptr:
 135 0000 00000000 		.space	4
 136              		.global	_tx_mutex_created_count
 137              		.section	.bss._tx_mutex_created_count,"aw",%nobits
 138              		.align	2
 141              	_tx_mutex_created_count:
 142 0000 00000000 		.space	4
 143              		.global	_tx_mutex_created_ptr
 144              		.section	.bss._tx_mutex_created_ptr,"aw",%nobits
 145              		.align	2
 148              	_tx_mutex_created_ptr:
 149 0000 00000000 		.space	4
 150              		.global	_tx_event_flags_created_count
ARM GAS  /tmp/ccMhoO8S.s 			page 6


 151              		.section	.bss._tx_event_flags_created_count,"aw",%nobits
 152              		.align	2
 155              	_tx_event_flags_created_count:
 156 0000 00000000 		.space	4
 157              		.global	_tx_event_flags_created_ptr
 158              		.section	.bss._tx_event_flags_created_ptr,"aw",%nobits
 159              		.align	2
 162              	_tx_event_flags_created_ptr:
 163 0000 00000000 		.space	4
 164              		.global	_tx_queue_created_count
 165              		.section	.bss._tx_queue_created_count,"aw",%nobits
 166              		.align	2
 169              	_tx_queue_created_count:
 170 0000 00000000 		.space	4
 171              		.global	_tx_queue_created_ptr
 172              		.section	.bss._tx_queue_created_ptr,"aw",%nobits
 173              		.align	2
 176              	_tx_queue_created_ptr:
 177 0000 00000000 		.space	4
 178              		.global	_tx_semaphore_created_count
 179              		.section	.bss._tx_semaphore_created_count,"aw",%nobits
 180              		.align	2
 183              	_tx_semaphore_created_count:
 184 0000 00000000 		.space	4
 185              		.global	_tx_semaphore_created_ptr
 186              		.section	.bss._tx_semaphore_created_ptr,"aw",%nobits
 187              		.align	2
 190              	_tx_semaphore_created_ptr:
 191 0000 00000000 		.space	4
 192              		.text
 193              	.Letext0:
 194              		.file 2 "./Middlewares/ST/threadx/ports/cortex_m4/gnu/inc/tx_port.h"
 195              		.file 3 "./Middlewares/ST/threadx/common/inc/tx_api.h"
 196              		.file 4 "./Middlewares/ST/threadx/common/inc/tx_initialize.h"
 197              		.file 5 "./Middlewares/ST/threadx/common/inc/tx_semaphore.h"
 198              		.file 6 "./Middlewares/ST/threadx/common/inc/tx_queue.h"
 199              		.file 7 "./Middlewares/ST/threadx/common/inc/tx_event_flags.h"
 200              		.file 8 "./Middlewares/ST/threadx/common/inc/tx_mutex.h"
 201              		.file 9 "./Middlewares/ST/threadx/common/inc/tx_block_pool.h"
 202              		.file 10 "./Middlewares/ST/threadx/common/inc/tx_byte_pool.h"
 203              		.file 11 "./Middlewares/ST/threadx/common/inc/tx_timer.h"
 204              		.file 12 "./Middlewares/ST/threadx/common/inc/tx_thread.h"
ARM GAS  /tmp/ccMhoO8S.s 			page 7


DEFINED SYMBOLS
                            *ABS*:00000000 tx_initialize_high_level.c
     /tmp/ccMhoO8S.s:21     .text._tx_initialize_high_level:00000000 $t
     /tmp/ccMhoO8S.s:27     .text._tx_initialize_high_level:00000000 _tx_initialize_high_level
     /tmp/ccMhoO8S.s:86     .text._tx_initialize_high_level:00000040 $d
     /tmp/ccMhoO8S.s:190    .bss._tx_semaphore_created_ptr:00000000 _tx_semaphore_created_ptr
     /tmp/ccMhoO8S.s:183    .bss._tx_semaphore_created_count:00000000 _tx_semaphore_created_count
     /tmp/ccMhoO8S.s:176    .bss._tx_queue_created_ptr:00000000 _tx_queue_created_ptr
     /tmp/ccMhoO8S.s:169    .bss._tx_queue_created_count:00000000 _tx_queue_created_count
     /tmp/ccMhoO8S.s:162    .bss._tx_event_flags_created_ptr:00000000 _tx_event_flags_created_ptr
     /tmp/ccMhoO8S.s:155    .bss._tx_event_flags_created_count:00000000 _tx_event_flags_created_count
     /tmp/ccMhoO8S.s:134    .bss._tx_block_pool_created_ptr:00000000 _tx_block_pool_created_ptr
     /tmp/ccMhoO8S.s:127    .bss._tx_block_pool_created_count:00000000 _tx_block_pool_created_count
     /tmp/ccMhoO8S.s:120    .bss._tx_byte_pool_created_ptr:00000000 _tx_byte_pool_created_ptr
     /tmp/ccMhoO8S.s:113    .bss._tx_byte_pool_created_count:00000000 _tx_byte_pool_created_count
     /tmp/ccMhoO8S.s:148    .bss._tx_mutex_created_ptr:00000000 _tx_mutex_created_ptr
     /tmp/ccMhoO8S.s:141    .bss._tx_mutex_created_count:00000000 _tx_mutex_created_count
     /tmp/ccMhoO8S.s:106    .bss._tx_initialize_unused_memory:00000000 _tx_initialize_unused_memory
     /tmp/ccMhoO8S.s:103    .bss._tx_initialize_unused_memory:00000000 $d
     /tmp/ccMhoO8S.s:110    .bss._tx_byte_pool_created_count:00000000 $d
     /tmp/ccMhoO8S.s:117    .bss._tx_byte_pool_created_ptr:00000000 $d
     /tmp/ccMhoO8S.s:124    .bss._tx_block_pool_created_count:00000000 $d
     /tmp/ccMhoO8S.s:131    .bss._tx_block_pool_created_ptr:00000000 $d
     /tmp/ccMhoO8S.s:138    .bss._tx_mutex_created_count:00000000 $d
     /tmp/ccMhoO8S.s:145    .bss._tx_mutex_created_ptr:00000000 $d
     /tmp/ccMhoO8S.s:152    .bss._tx_event_flags_created_count:00000000 $d
     /tmp/ccMhoO8S.s:159    .bss._tx_event_flags_created_ptr:00000000 $d
     /tmp/ccMhoO8S.s:166    .bss._tx_queue_created_count:00000000 $d
     /tmp/ccMhoO8S.s:173    .bss._tx_queue_created_ptr:00000000 $d
     /tmp/ccMhoO8S.s:180    .bss._tx_semaphore_created_count:00000000 $d
     /tmp/ccMhoO8S.s:187    .bss._tx_semaphore_created_ptr:00000000 $d

UNDEFINED SYMBOLS
_tx_thread_initialize
_tx_timer_initialize
