ARM GAS  C:\Users\Dennis\AppData\Local\Temp\ccJX4JbD.s 			page 1


   1              		.cpu cortex-m4
   2              		.arch armv7e-m
   3              		.fpu fpv4-sp-d16
   4              		.eabi_attribute 27, 1
   5              		.eabi_attribute 28, 1
   6              		.eabi_attribute 20, 1
   7              		.eabi_attribute 21, 1
   8              		.eabi_attribute 23, 3
   9              		.eabi_attribute 24, 1
  10              		.eabi_attribute 25, 1
  11              		.eabi_attribute 26, 1
  12              		.eabi_attribute 30, 1
  13              		.eabi_attribute 34, 1
  14              		.eabi_attribute 18, 4
  15              		.file	"tx_thread_timeout.c"
  16              		.text
  17              	.Ltext0:
  18              		.cfi_sections	.debug_frame
  19              		.section	.text._tx_thread_timeout,"ax",%progbits
  20              		.align	1
  21              		.global	_tx_thread_timeout
  22              		.syntax unified
  23              		.thumb
  24              		.thumb_func
  26              	_tx_thread_timeout:
  27              	.LVL0:
  28              	.LFB8:
  29              		.file 1 "./Middlewares/ST/threadx/common/src/tx_thread_timeout.c"
   1:./Middlewares/ST/threadx/common/src/tx_thread_timeout.c **** /**************************************************************************/
   2:./Middlewares/ST/threadx/common/src/tx_thread_timeout.c **** /*                                                                        */
   3:./Middlewares/ST/threadx/common/src/tx_thread_timeout.c **** /*       Copyright (c) Microsoft Corporation. All rights reserved.        */
   4:./Middlewares/ST/threadx/common/src/tx_thread_timeout.c **** /*                                                                        */
   5:./Middlewares/ST/threadx/common/src/tx_thread_timeout.c **** /*       This software is licensed under the Microsoft Software License   */
   6:./Middlewares/ST/threadx/common/src/tx_thread_timeout.c **** /*       Terms for Microsoft Azure RTOS. Full text of the license can be  */
   7:./Middlewares/ST/threadx/common/src/tx_thread_timeout.c **** /*       found in the LICENSE file at https://aka.ms/AzureRTOS_EULA       */
   8:./Middlewares/ST/threadx/common/src/tx_thread_timeout.c **** /*       and in the root directory of this software.                      */
   9:./Middlewares/ST/threadx/common/src/tx_thread_timeout.c **** /*                                                                        */
  10:./Middlewares/ST/threadx/common/src/tx_thread_timeout.c **** /**************************************************************************/
  11:./Middlewares/ST/threadx/common/src/tx_thread_timeout.c **** 
  12:./Middlewares/ST/threadx/common/src/tx_thread_timeout.c **** 
  13:./Middlewares/ST/threadx/common/src/tx_thread_timeout.c **** /**************************************************************************/
  14:./Middlewares/ST/threadx/common/src/tx_thread_timeout.c **** /**************************************************************************/
  15:./Middlewares/ST/threadx/common/src/tx_thread_timeout.c **** /**                                                                       */
  16:./Middlewares/ST/threadx/common/src/tx_thread_timeout.c **** /** ThreadX Component                                                     */
  17:./Middlewares/ST/threadx/common/src/tx_thread_timeout.c **** /**                                                                       */
  18:./Middlewares/ST/threadx/common/src/tx_thread_timeout.c **** /**   Thread                                                              */
  19:./Middlewares/ST/threadx/common/src/tx_thread_timeout.c **** /**                                                                       */
  20:./Middlewares/ST/threadx/common/src/tx_thread_timeout.c **** /**************************************************************************/
  21:./Middlewares/ST/threadx/common/src/tx_thread_timeout.c **** /**************************************************************************/
  22:./Middlewares/ST/threadx/common/src/tx_thread_timeout.c **** 
  23:./Middlewares/ST/threadx/common/src/tx_thread_timeout.c **** #define TX_SOURCE_CODE
  24:./Middlewares/ST/threadx/common/src/tx_thread_timeout.c **** 
  25:./Middlewares/ST/threadx/common/src/tx_thread_timeout.c **** 
  26:./Middlewares/ST/threadx/common/src/tx_thread_timeout.c **** /* Include necessary system files.  */
  27:./Middlewares/ST/threadx/common/src/tx_thread_timeout.c **** 
  28:./Middlewares/ST/threadx/common/src/tx_thread_timeout.c **** #include "tx_api.h"
  29:./Middlewares/ST/threadx/common/src/tx_thread_timeout.c **** #include "tx_thread.h"
ARM GAS  C:\Users\Dennis\AppData\Local\Temp\ccJX4JbD.s 			page 2


  30:./Middlewares/ST/threadx/common/src/tx_thread_timeout.c **** #include "tx_timer.h"
  31:./Middlewares/ST/threadx/common/src/tx_thread_timeout.c **** 
  32:./Middlewares/ST/threadx/common/src/tx_thread_timeout.c **** 
  33:./Middlewares/ST/threadx/common/src/tx_thread_timeout.c **** /**************************************************************************/
  34:./Middlewares/ST/threadx/common/src/tx_thread_timeout.c **** /*                                                                        */
  35:./Middlewares/ST/threadx/common/src/tx_thread_timeout.c **** /*  FUNCTION                                               RELEASE        */
  36:./Middlewares/ST/threadx/common/src/tx_thread_timeout.c **** /*                                                                        */
  37:./Middlewares/ST/threadx/common/src/tx_thread_timeout.c **** /*    _tx_thread_timeout                                  PORTABLE C      */
  38:./Middlewares/ST/threadx/common/src/tx_thread_timeout.c **** /*                                                           6.1          */
  39:./Middlewares/ST/threadx/common/src/tx_thread_timeout.c **** /*  AUTHOR                                                                */
  40:./Middlewares/ST/threadx/common/src/tx_thread_timeout.c **** /*                                                                        */
  41:./Middlewares/ST/threadx/common/src/tx_thread_timeout.c **** /*    William E. Lamie, Microsoft Corporation                             */
  42:./Middlewares/ST/threadx/common/src/tx_thread_timeout.c **** /*                                                                        */
  43:./Middlewares/ST/threadx/common/src/tx_thread_timeout.c **** /*  DESCRIPTION                                                           */
  44:./Middlewares/ST/threadx/common/src/tx_thread_timeout.c **** /*                                                                        */
  45:./Middlewares/ST/threadx/common/src/tx_thread_timeout.c **** /*    This function handles thread timeout processing.  Timeouts occur in */
  46:./Middlewares/ST/threadx/common/src/tx_thread_timeout.c **** /*    two flavors, namely the thread sleep timeout and all other service  */
  47:./Middlewares/ST/threadx/common/src/tx_thread_timeout.c **** /*    call timeouts.  Thread sleep timeouts are processed locally, while  */
  48:./Middlewares/ST/threadx/common/src/tx_thread_timeout.c **** /*    the others are processed by the appropriate suspension clean-up     */
  49:./Middlewares/ST/threadx/common/src/tx_thread_timeout.c **** /*    service.                                                            */
  50:./Middlewares/ST/threadx/common/src/tx_thread_timeout.c **** /*                                                                        */
  51:./Middlewares/ST/threadx/common/src/tx_thread_timeout.c **** /*  INPUT                                                                 */
  52:./Middlewares/ST/threadx/common/src/tx_thread_timeout.c **** /*                                                                        */
  53:./Middlewares/ST/threadx/common/src/tx_thread_timeout.c **** /*    timeout_input                         Contains the thread pointer   */
  54:./Middlewares/ST/threadx/common/src/tx_thread_timeout.c **** /*                                                                        */
  55:./Middlewares/ST/threadx/common/src/tx_thread_timeout.c **** /*  OUTPUT                                                                */
  56:./Middlewares/ST/threadx/common/src/tx_thread_timeout.c **** /*                                                                        */
  57:./Middlewares/ST/threadx/common/src/tx_thread_timeout.c **** /*    None                                                                */
  58:./Middlewares/ST/threadx/common/src/tx_thread_timeout.c **** /*                                                                        */
  59:./Middlewares/ST/threadx/common/src/tx_thread_timeout.c **** /*  CALLS                                                                 */
  60:./Middlewares/ST/threadx/common/src/tx_thread_timeout.c **** /*                                                                        */
  61:./Middlewares/ST/threadx/common/src/tx_thread_timeout.c **** /*    Suspension Cleanup Functions                                        */
  62:./Middlewares/ST/threadx/common/src/tx_thread_timeout.c **** /*    _tx_thread_system_resume          Resume thread                     */
  63:./Middlewares/ST/threadx/common/src/tx_thread_timeout.c **** /*    _tx_thread_system_ni_resume       Non-interruptable resume thread   */
  64:./Middlewares/ST/threadx/common/src/tx_thread_timeout.c **** /*                                                                        */
  65:./Middlewares/ST/threadx/common/src/tx_thread_timeout.c **** /*  CALLED BY                                                             */
  66:./Middlewares/ST/threadx/common/src/tx_thread_timeout.c **** /*                                                                        */
  67:./Middlewares/ST/threadx/common/src/tx_thread_timeout.c **** /*    _tx_timer_expiration_process          Timer expiration function     */
  68:./Middlewares/ST/threadx/common/src/tx_thread_timeout.c **** /*    _tx_timer_thread_entry                Timer thread function         */
  69:./Middlewares/ST/threadx/common/src/tx_thread_timeout.c **** /*                                                                        */
  70:./Middlewares/ST/threadx/common/src/tx_thread_timeout.c **** /*  RELEASE HISTORY                                                       */
  71:./Middlewares/ST/threadx/common/src/tx_thread_timeout.c **** /*                                                                        */
  72:./Middlewares/ST/threadx/common/src/tx_thread_timeout.c **** /*    DATE              NAME                      DESCRIPTION             */
  73:./Middlewares/ST/threadx/common/src/tx_thread_timeout.c **** /*                                                                        */
  74:./Middlewares/ST/threadx/common/src/tx_thread_timeout.c **** /*  05-19-2020     William E. Lamie         Initial Version 6.0           */
  75:./Middlewares/ST/threadx/common/src/tx_thread_timeout.c **** /*  09-30-2020     Yuxin Zhou               Modified comment(s),          */
  76:./Middlewares/ST/threadx/common/src/tx_thread_timeout.c **** /*                                            resulting in version 6.1    */
  77:./Middlewares/ST/threadx/common/src/tx_thread_timeout.c **** /*                                                                        */
  78:./Middlewares/ST/threadx/common/src/tx_thread_timeout.c **** /**************************************************************************/
  79:./Middlewares/ST/threadx/common/src/tx_thread_timeout.c **** VOID  _tx_thread_timeout(ULONG timeout_input)
  80:./Middlewares/ST/threadx/common/src/tx_thread_timeout.c **** {
  30              		.loc 1 80 1 view -0
  31              		.cfi_startproc
  32              		@ args = 0, pretend = 0, frame = 0
  33              		@ frame_needed = 0, uses_anonymous_args = 0
  34              		.loc 1 80 1 is_stmt 0 view .LVU1
  35 0000 08B5     		push	{r3, lr}
ARM GAS  C:\Users\Dennis\AppData\Local\Temp\ccJX4JbD.s 			page 3


  36              	.LCFI0:
  37              		.cfi_def_cfa_offset 8
  38              		.cfi_offset 3, -8
  39              		.cfi_offset 14, -4
  81:./Middlewares/ST/threadx/common/src/tx_thread_timeout.c **** 
  82:./Middlewares/ST/threadx/common/src/tx_thread_timeout.c **** TX_INTERRUPT_SAVE_AREA
  40              		.loc 1 82 1 is_stmt 1 view .LVU2
  83:./Middlewares/ST/threadx/common/src/tx_thread_timeout.c **** 
  84:./Middlewares/ST/threadx/common/src/tx_thread_timeout.c **** TX_THREAD       *thread_ptr;
  41              		.loc 1 84 1 view .LVU3
  85:./Middlewares/ST/threadx/common/src/tx_thread_timeout.c **** VOID            (*suspend_cleanup)(struct TX_THREAD_STRUCT *suspend_thread_ptr, ULONG suspension_se
  42              		.loc 1 85 1 view .LVU4
  86:./Middlewares/ST/threadx/common/src/tx_thread_timeout.c **** ULONG           suspension_sequence;
  43              		.loc 1 86 1 view .LVU5
  87:./Middlewares/ST/threadx/common/src/tx_thread_timeout.c **** 
  88:./Middlewares/ST/threadx/common/src/tx_thread_timeout.c **** 
  89:./Middlewares/ST/threadx/common/src/tx_thread_timeout.c ****     /* Pickup the thread pointer.  */
  90:./Middlewares/ST/threadx/common/src/tx_thread_timeout.c ****     TX_THREAD_TIMEOUT_POINTER_SETUP(thread_ptr)
  44              		.loc 1 90 5 view .LVU6
  45              	.LVL1:
  91:./Middlewares/ST/threadx/common/src/tx_thread_timeout.c **** 
  92:./Middlewares/ST/threadx/common/src/tx_thread_timeout.c ****     /* Disable interrupts.  */
  93:./Middlewares/ST/threadx/common/src/tx_thread_timeout.c ****     TX_DISABLE
  46              		.loc 1 93 5 view .LVU7
  47              	.LBB12:
  48              	.LBI12:
  49              		.file 2 "./Middlewares/ST/threadx/ports/cortex_m4/gnu/inc/tx_port.h"
   1:./Middlewares/ST/threadx/ports/cortex_m4/gnu/inc/tx_port.h **** /**************************************************************************/
   2:./Middlewares/ST/threadx/ports/cortex_m4/gnu/inc/tx_port.h **** /*                                                                        */
   3:./Middlewares/ST/threadx/ports/cortex_m4/gnu/inc/tx_port.h **** /*       Copyright (c) Microsoft Corporation. All rights reserved.        */
   4:./Middlewares/ST/threadx/ports/cortex_m4/gnu/inc/tx_port.h **** /*                                                                        */
   5:./Middlewares/ST/threadx/ports/cortex_m4/gnu/inc/tx_port.h **** /*       This software is licensed under the Microsoft Software License   */
   6:./Middlewares/ST/threadx/ports/cortex_m4/gnu/inc/tx_port.h **** /*       Terms for Microsoft Azure RTOS. Full text of the license can be  */
   7:./Middlewares/ST/threadx/ports/cortex_m4/gnu/inc/tx_port.h **** /*       found in the LICENSE file at https://aka.ms/AzureRTOS_EULA       */
   8:./Middlewares/ST/threadx/ports/cortex_m4/gnu/inc/tx_port.h **** /*       and in the root directory of this software.                      */
   9:./Middlewares/ST/threadx/ports/cortex_m4/gnu/inc/tx_port.h **** /*                                                                        */
  10:./Middlewares/ST/threadx/ports/cortex_m4/gnu/inc/tx_port.h **** /**************************************************************************/
  11:./Middlewares/ST/threadx/ports/cortex_m4/gnu/inc/tx_port.h **** 
  12:./Middlewares/ST/threadx/ports/cortex_m4/gnu/inc/tx_port.h **** 
  13:./Middlewares/ST/threadx/ports/cortex_m4/gnu/inc/tx_port.h **** /**************************************************************************/
  14:./Middlewares/ST/threadx/ports/cortex_m4/gnu/inc/tx_port.h **** /**************************************************************************/
  15:./Middlewares/ST/threadx/ports/cortex_m4/gnu/inc/tx_port.h **** /**                                                                       */
  16:./Middlewares/ST/threadx/ports/cortex_m4/gnu/inc/tx_port.h **** /** ThreadX Component                                                     */
  17:./Middlewares/ST/threadx/ports/cortex_m4/gnu/inc/tx_port.h **** /**                                                                       */
  18:./Middlewares/ST/threadx/ports/cortex_m4/gnu/inc/tx_port.h **** /**   Port Specific                                                       */
  19:./Middlewares/ST/threadx/ports/cortex_m4/gnu/inc/tx_port.h **** /**                                                                       */
  20:./Middlewares/ST/threadx/ports/cortex_m4/gnu/inc/tx_port.h **** /**************************************************************************/
  21:./Middlewares/ST/threadx/ports/cortex_m4/gnu/inc/tx_port.h **** /**************************************************************************/
  22:./Middlewares/ST/threadx/ports/cortex_m4/gnu/inc/tx_port.h **** 
  23:./Middlewares/ST/threadx/ports/cortex_m4/gnu/inc/tx_port.h **** 
  24:./Middlewares/ST/threadx/ports/cortex_m4/gnu/inc/tx_port.h **** /**************************************************************************/
  25:./Middlewares/ST/threadx/ports/cortex_m4/gnu/inc/tx_port.h **** /*                                                                        */
  26:./Middlewares/ST/threadx/ports/cortex_m4/gnu/inc/tx_port.h **** /*  PORT SPECIFIC C INFORMATION                            RELEASE        */
  27:./Middlewares/ST/threadx/ports/cortex_m4/gnu/inc/tx_port.h **** /*                                                                        */
  28:./Middlewares/ST/threadx/ports/cortex_m4/gnu/inc/tx_port.h **** /*    tx_port.h                                         Cortex-M4/GNU     */
  29:./Middlewares/ST/threadx/ports/cortex_m4/gnu/inc/tx_port.h **** /*                                                           6.1.10       */
  30:./Middlewares/ST/threadx/ports/cortex_m4/gnu/inc/tx_port.h **** /*                                                                        */
ARM GAS  C:\Users\Dennis\AppData\Local\Temp\ccJX4JbD.s 			page 4


  31:./Middlewares/ST/threadx/ports/cortex_m4/gnu/inc/tx_port.h **** /*  AUTHOR                                                                */
  32:./Middlewares/ST/threadx/ports/cortex_m4/gnu/inc/tx_port.h **** /*                                                                        */
  33:./Middlewares/ST/threadx/ports/cortex_m4/gnu/inc/tx_port.h **** /*    Scott Larson, Microsoft Corporation                                 */
  34:./Middlewares/ST/threadx/ports/cortex_m4/gnu/inc/tx_port.h **** /*                                                                        */
  35:./Middlewares/ST/threadx/ports/cortex_m4/gnu/inc/tx_port.h **** /*  DESCRIPTION                                                           */
  36:./Middlewares/ST/threadx/ports/cortex_m4/gnu/inc/tx_port.h **** /*                                                                        */
  37:./Middlewares/ST/threadx/ports/cortex_m4/gnu/inc/tx_port.h **** /*    This file contains data type definitions that make the ThreadX      */
  38:./Middlewares/ST/threadx/ports/cortex_m4/gnu/inc/tx_port.h **** /*    real-time kernel function identically on a variety of different     */
  39:./Middlewares/ST/threadx/ports/cortex_m4/gnu/inc/tx_port.h **** /*    processor architectures.  For example, the size or number of bits   */
  40:./Middlewares/ST/threadx/ports/cortex_m4/gnu/inc/tx_port.h **** /*    in an "int" data type vary between microprocessor architectures and */
  41:./Middlewares/ST/threadx/ports/cortex_m4/gnu/inc/tx_port.h **** /*    even C compilers for the same microprocessor.  ThreadX does not     */
  42:./Middlewares/ST/threadx/ports/cortex_m4/gnu/inc/tx_port.h **** /*    directly use native C data types.  Instead, ThreadX creates its     */
  43:./Middlewares/ST/threadx/ports/cortex_m4/gnu/inc/tx_port.h **** /*    own special types that can be mapped to actual data types by this   */
  44:./Middlewares/ST/threadx/ports/cortex_m4/gnu/inc/tx_port.h **** /*    file to guarantee consistency in the interface and functionality.   */
  45:./Middlewares/ST/threadx/ports/cortex_m4/gnu/inc/tx_port.h **** /*                                                                        */
  46:./Middlewares/ST/threadx/ports/cortex_m4/gnu/inc/tx_port.h **** /*    This file replaces the previous Cortex-M3/M4/M7 files. It unifies   */
  47:./Middlewares/ST/threadx/ports/cortex_m4/gnu/inc/tx_port.h **** /*    the ARMv7-M architecture and compilers into one common file.        */
  48:./Middlewares/ST/threadx/ports/cortex_m4/gnu/inc/tx_port.h **** /*                                                                        */
  49:./Middlewares/ST/threadx/ports/cortex_m4/gnu/inc/tx_port.h **** /*  RELEASE HISTORY                                                       */
  50:./Middlewares/ST/threadx/ports/cortex_m4/gnu/inc/tx_port.h **** /*                                                                        */
  51:./Middlewares/ST/threadx/ports/cortex_m4/gnu/inc/tx_port.h **** /*    DATE              NAME                      DESCRIPTION             */
  52:./Middlewares/ST/threadx/ports/cortex_m4/gnu/inc/tx_port.h **** /*                                                                        */
  53:./Middlewares/ST/threadx/ports/cortex_m4/gnu/inc/tx_port.h **** /*  06-02-2021      Scott Larson            Initial Version 6.1.7         */
  54:./Middlewares/ST/threadx/ports/cortex_m4/gnu/inc/tx_port.h **** /*  01-31-2022      Scott Larson            Modified comments, updated    */
  55:./Middlewares/ST/threadx/ports/cortex_m4/gnu/inc/tx_port.h **** /*                                            typedef to fix misra        */
  56:./Middlewares/ST/threadx/ports/cortex_m4/gnu/inc/tx_port.h **** /*                                            violation,                  */
  57:./Middlewares/ST/threadx/ports/cortex_m4/gnu/inc/tx_port.h **** /*                                            fixed predefined macro,     */
  58:./Middlewares/ST/threadx/ports/cortex_m4/gnu/inc/tx_port.h **** /*                                            resulting in version 6.1.10 */
  59:./Middlewares/ST/threadx/ports/cortex_m4/gnu/inc/tx_port.h **** /*                                                                        */
  60:./Middlewares/ST/threadx/ports/cortex_m4/gnu/inc/tx_port.h **** /**************************************************************************/
  61:./Middlewares/ST/threadx/ports/cortex_m4/gnu/inc/tx_port.h **** 
  62:./Middlewares/ST/threadx/ports/cortex_m4/gnu/inc/tx_port.h **** #ifndef TX_PORT_H
  63:./Middlewares/ST/threadx/ports/cortex_m4/gnu/inc/tx_port.h **** #define TX_PORT_H
  64:./Middlewares/ST/threadx/ports/cortex_m4/gnu/inc/tx_port.h **** 
  65:./Middlewares/ST/threadx/ports/cortex_m4/gnu/inc/tx_port.h **** 
  66:./Middlewares/ST/threadx/ports/cortex_m4/gnu/inc/tx_port.h **** /* Determine if the optional ThreadX user define file should be used.  */
  67:./Middlewares/ST/threadx/ports/cortex_m4/gnu/inc/tx_port.h **** 
  68:./Middlewares/ST/threadx/ports/cortex_m4/gnu/inc/tx_port.h **** #ifdef TX_INCLUDE_USER_DEFINE_FILE
  69:./Middlewares/ST/threadx/ports/cortex_m4/gnu/inc/tx_port.h **** 
  70:./Middlewares/ST/threadx/ports/cortex_m4/gnu/inc/tx_port.h **** /* Yes, include the user defines in tx_user.h. The defines in this file may
  71:./Middlewares/ST/threadx/ports/cortex_m4/gnu/inc/tx_port.h ****    alternately be defined on the command line.  */
  72:./Middlewares/ST/threadx/ports/cortex_m4/gnu/inc/tx_port.h **** 
  73:./Middlewares/ST/threadx/ports/cortex_m4/gnu/inc/tx_port.h **** #include "tx_user.h"
  74:./Middlewares/ST/threadx/ports/cortex_m4/gnu/inc/tx_port.h **** #endif
  75:./Middlewares/ST/threadx/ports/cortex_m4/gnu/inc/tx_port.h **** 
  76:./Middlewares/ST/threadx/ports/cortex_m4/gnu/inc/tx_port.h **** 
  77:./Middlewares/ST/threadx/ports/cortex_m4/gnu/inc/tx_port.h **** /* Define compiler library include files.  */
  78:./Middlewares/ST/threadx/ports/cortex_m4/gnu/inc/tx_port.h **** 
  79:./Middlewares/ST/threadx/ports/cortex_m4/gnu/inc/tx_port.h **** #include <stdlib.h>
  80:./Middlewares/ST/threadx/ports/cortex_m4/gnu/inc/tx_port.h **** #include <string.h>
  81:./Middlewares/ST/threadx/ports/cortex_m4/gnu/inc/tx_port.h **** 
  82:./Middlewares/ST/threadx/ports/cortex_m4/gnu/inc/tx_port.h **** #ifdef __ICCARM__
  83:./Middlewares/ST/threadx/ports/cortex_m4/gnu/inc/tx_port.h **** #include <intrinsics.h>                     /* IAR Intrinsics */
  84:./Middlewares/ST/threadx/ports/cortex_m4/gnu/inc/tx_port.h **** #define __asm__ __asm                       /* Define to make all inline asm look similar */
  85:./Middlewares/ST/threadx/ports/cortex_m4/gnu/inc/tx_port.h **** #ifdef  TX_ENABLE_IAR_LIBRARY_SUPPORT
  86:./Middlewares/ST/threadx/ports/cortex_m4/gnu/inc/tx_port.h **** #include <yvals.h>
  87:./Middlewares/ST/threadx/ports/cortex_m4/gnu/inc/tx_port.h **** #endif
ARM GAS  C:\Users\Dennis\AppData\Local\Temp\ccJX4JbD.s 			page 5


  88:./Middlewares/ST/threadx/ports/cortex_m4/gnu/inc/tx_port.h **** #endif /* __ICCARM__ */
  89:./Middlewares/ST/threadx/ports/cortex_m4/gnu/inc/tx_port.h **** 
  90:./Middlewares/ST/threadx/ports/cortex_m4/gnu/inc/tx_port.h **** #ifdef __ghs__
  91:./Middlewares/ST/threadx/ports/cortex_m4/gnu/inc/tx_port.h **** #include <arm_ghs.h>
  92:./Middlewares/ST/threadx/ports/cortex_m4/gnu/inc/tx_port.h **** #include "tx_ghs.h"
  93:./Middlewares/ST/threadx/ports/cortex_m4/gnu/inc/tx_port.h **** #endif  /* __ghs__ */
  94:./Middlewares/ST/threadx/ports/cortex_m4/gnu/inc/tx_port.h **** 
  95:./Middlewares/ST/threadx/ports/cortex_m4/gnu/inc/tx_port.h **** 
  96:./Middlewares/ST/threadx/ports/cortex_m4/gnu/inc/tx_port.h **** #if !defined(__GNUC__) && !defined(__CC_ARM)
  97:./Middlewares/ST/threadx/ports/cortex_m4/gnu/inc/tx_port.h **** #define __get_control_value __get_CONTROL
  98:./Middlewares/ST/threadx/ports/cortex_m4/gnu/inc/tx_port.h **** #define __set_control_value __set_CONTROL
  99:./Middlewares/ST/threadx/ports/cortex_m4/gnu/inc/tx_port.h **** #endif
 100:./Middlewares/ST/threadx/ports/cortex_m4/gnu/inc/tx_port.h **** 
 101:./Middlewares/ST/threadx/ports/cortex_m4/gnu/inc/tx_port.h **** #ifndef __GNUC__
 102:./Middlewares/ST/threadx/ports/cortex_m4/gnu/inc/tx_port.h **** #define __get_ipsr_value __get_IPSR
 103:./Middlewares/ST/threadx/ports/cortex_m4/gnu/inc/tx_port.h **** #endif
 104:./Middlewares/ST/threadx/ports/cortex_m4/gnu/inc/tx_port.h **** 
 105:./Middlewares/ST/threadx/ports/cortex_m4/gnu/inc/tx_port.h **** /* Define ThreadX basic types for this port.  */
 106:./Middlewares/ST/threadx/ports/cortex_m4/gnu/inc/tx_port.h **** 
 107:./Middlewares/ST/threadx/ports/cortex_m4/gnu/inc/tx_port.h **** #define VOID                                    void
 108:./Middlewares/ST/threadx/ports/cortex_m4/gnu/inc/tx_port.h **** typedef char                                    CHAR;
 109:./Middlewares/ST/threadx/ports/cortex_m4/gnu/inc/tx_port.h **** typedef unsigned char                           UCHAR;
 110:./Middlewares/ST/threadx/ports/cortex_m4/gnu/inc/tx_port.h **** typedef int                                     INT;
 111:./Middlewares/ST/threadx/ports/cortex_m4/gnu/inc/tx_port.h **** typedef unsigned int                            UINT;
 112:./Middlewares/ST/threadx/ports/cortex_m4/gnu/inc/tx_port.h **** typedef long                                    LONG;
 113:./Middlewares/ST/threadx/ports/cortex_m4/gnu/inc/tx_port.h **** typedef unsigned long                           ULONG;
 114:./Middlewares/ST/threadx/ports/cortex_m4/gnu/inc/tx_port.h **** typedef unsigned long long                      ULONG64;
 115:./Middlewares/ST/threadx/ports/cortex_m4/gnu/inc/tx_port.h **** typedef short                                   SHORT;
 116:./Middlewares/ST/threadx/ports/cortex_m4/gnu/inc/tx_port.h **** typedef unsigned short                          USHORT;
 117:./Middlewares/ST/threadx/ports/cortex_m4/gnu/inc/tx_port.h **** #define ULONG64_DEFINED
 118:./Middlewares/ST/threadx/ports/cortex_m4/gnu/inc/tx_port.h **** 
 119:./Middlewares/ST/threadx/ports/cortex_m4/gnu/inc/tx_port.h **** /* Define the priority levels for ThreadX.  Legal values range
 120:./Middlewares/ST/threadx/ports/cortex_m4/gnu/inc/tx_port.h ****    from 32 to 1024 and MUST be evenly divisible by 32.  */
 121:./Middlewares/ST/threadx/ports/cortex_m4/gnu/inc/tx_port.h **** 
 122:./Middlewares/ST/threadx/ports/cortex_m4/gnu/inc/tx_port.h **** #ifndef TX_MAX_PRIORITIES
 123:./Middlewares/ST/threadx/ports/cortex_m4/gnu/inc/tx_port.h **** #define TX_MAX_PRIORITIES                       32
 124:./Middlewares/ST/threadx/ports/cortex_m4/gnu/inc/tx_port.h **** #endif
 125:./Middlewares/ST/threadx/ports/cortex_m4/gnu/inc/tx_port.h **** 
 126:./Middlewares/ST/threadx/ports/cortex_m4/gnu/inc/tx_port.h **** 
 127:./Middlewares/ST/threadx/ports/cortex_m4/gnu/inc/tx_port.h **** /* Define the minimum stack for a ThreadX thread on this processor. If the size supplied during
 128:./Middlewares/ST/threadx/ports/cortex_m4/gnu/inc/tx_port.h ****    thread creation is less than this value, the thread create call will return an error.  */
 129:./Middlewares/ST/threadx/ports/cortex_m4/gnu/inc/tx_port.h **** 
 130:./Middlewares/ST/threadx/ports/cortex_m4/gnu/inc/tx_port.h **** #ifndef TX_MINIMUM_STACK
 131:./Middlewares/ST/threadx/ports/cortex_m4/gnu/inc/tx_port.h **** #define TX_MINIMUM_STACK                        200         /* Minimum stack size for this port  */
 132:./Middlewares/ST/threadx/ports/cortex_m4/gnu/inc/tx_port.h **** #endif
 133:./Middlewares/ST/threadx/ports/cortex_m4/gnu/inc/tx_port.h **** 
 134:./Middlewares/ST/threadx/ports/cortex_m4/gnu/inc/tx_port.h **** 
 135:./Middlewares/ST/threadx/ports/cortex_m4/gnu/inc/tx_port.h **** /* Define the system timer thread's default stack size and priority.  These are only applicable
 136:./Middlewares/ST/threadx/ports/cortex_m4/gnu/inc/tx_port.h ****    if TX_TIMER_PROCESS_IN_ISR is not defined.  */
 137:./Middlewares/ST/threadx/ports/cortex_m4/gnu/inc/tx_port.h **** 
 138:./Middlewares/ST/threadx/ports/cortex_m4/gnu/inc/tx_port.h **** #ifndef TX_TIMER_THREAD_STACK_SIZE
 139:./Middlewares/ST/threadx/ports/cortex_m4/gnu/inc/tx_port.h **** #define TX_TIMER_THREAD_STACK_SIZE              1024        /* Default timer thread stack size  */
 140:./Middlewares/ST/threadx/ports/cortex_m4/gnu/inc/tx_port.h **** #endif
 141:./Middlewares/ST/threadx/ports/cortex_m4/gnu/inc/tx_port.h **** 
 142:./Middlewares/ST/threadx/ports/cortex_m4/gnu/inc/tx_port.h **** #ifndef TX_TIMER_THREAD_PRIORITY
 143:./Middlewares/ST/threadx/ports/cortex_m4/gnu/inc/tx_port.h **** #define TX_TIMER_THREAD_PRIORITY                0           /* Default timer thread priority    */
 144:./Middlewares/ST/threadx/ports/cortex_m4/gnu/inc/tx_port.h **** #endif
ARM GAS  C:\Users\Dennis\AppData\Local\Temp\ccJX4JbD.s 			page 6


 145:./Middlewares/ST/threadx/ports/cortex_m4/gnu/inc/tx_port.h **** 
 146:./Middlewares/ST/threadx/ports/cortex_m4/gnu/inc/tx_port.h **** 
 147:./Middlewares/ST/threadx/ports/cortex_m4/gnu/inc/tx_port.h **** /* Define various constants for the ThreadX Cortex-M port.  */
 148:./Middlewares/ST/threadx/ports/cortex_m4/gnu/inc/tx_port.h **** 
 149:./Middlewares/ST/threadx/ports/cortex_m4/gnu/inc/tx_port.h **** #define TX_INT_DISABLE                          1           /* Disable interrupts               */
 150:./Middlewares/ST/threadx/ports/cortex_m4/gnu/inc/tx_port.h **** #define TX_INT_ENABLE                           0           /* Enable interrupts                */
 151:./Middlewares/ST/threadx/ports/cortex_m4/gnu/inc/tx_port.h **** 
 152:./Middlewares/ST/threadx/ports/cortex_m4/gnu/inc/tx_port.h **** 
 153:./Middlewares/ST/threadx/ports/cortex_m4/gnu/inc/tx_port.h **** /* Define the clock source for trace event entry time stamp. The following two item are port specif
 154:./Middlewares/ST/threadx/ports/cortex_m4/gnu/inc/tx_port.h ****    For example, if the time source is at the address 0x0a800024 and is 16-bits in size, the clock
 155:./Middlewares/ST/threadx/ports/cortex_m4/gnu/inc/tx_port.h ****    source constants would be:
 156:./Middlewares/ST/threadx/ports/cortex_m4/gnu/inc/tx_port.h **** 
 157:./Middlewares/ST/threadx/ports/cortex_m4/gnu/inc/tx_port.h **** #define TX_TRACE_TIME_SOURCE                    *((ULONG *) 0x0a800024)
 158:./Middlewares/ST/threadx/ports/cortex_m4/gnu/inc/tx_port.h **** #define TX_TRACE_TIME_MASK                      0x0000FFFFUL
 159:./Middlewares/ST/threadx/ports/cortex_m4/gnu/inc/tx_port.h **** 
 160:./Middlewares/ST/threadx/ports/cortex_m4/gnu/inc/tx_port.h **** */
 161:./Middlewares/ST/threadx/ports/cortex_m4/gnu/inc/tx_port.h **** 
 162:./Middlewares/ST/threadx/ports/cortex_m4/gnu/inc/tx_port.h **** #ifndef TX_MISRA_ENABLE
 163:./Middlewares/ST/threadx/ports/cortex_m4/gnu/inc/tx_port.h **** #ifndef TX_TRACE_TIME_SOURCE
 164:./Middlewares/ST/threadx/ports/cortex_m4/gnu/inc/tx_port.h **** #define TX_TRACE_TIME_SOURCE                    *((ULONG *) 0xE0001004)
 165:./Middlewares/ST/threadx/ports/cortex_m4/gnu/inc/tx_port.h **** #endif
 166:./Middlewares/ST/threadx/ports/cortex_m4/gnu/inc/tx_port.h **** #else
 167:./Middlewares/ST/threadx/ports/cortex_m4/gnu/inc/tx_port.h **** ULONG   _tx_misra_time_stamp_get(VOID);
 168:./Middlewares/ST/threadx/ports/cortex_m4/gnu/inc/tx_port.h **** #define TX_TRACE_TIME_SOURCE                    _tx_misra_time_stamp_get()
 169:./Middlewares/ST/threadx/ports/cortex_m4/gnu/inc/tx_port.h **** #endif
 170:./Middlewares/ST/threadx/ports/cortex_m4/gnu/inc/tx_port.h **** 
 171:./Middlewares/ST/threadx/ports/cortex_m4/gnu/inc/tx_port.h **** #ifndef TX_TRACE_TIME_MASK
 172:./Middlewares/ST/threadx/ports/cortex_m4/gnu/inc/tx_port.h **** #define TX_TRACE_TIME_MASK                      0xFFFFFFFFUL
 173:./Middlewares/ST/threadx/ports/cortex_m4/gnu/inc/tx_port.h **** #endif
 174:./Middlewares/ST/threadx/ports/cortex_m4/gnu/inc/tx_port.h **** 
 175:./Middlewares/ST/threadx/ports/cortex_m4/gnu/inc/tx_port.h **** #ifdef __ghs__
 176:./Middlewares/ST/threadx/ports/cortex_m4/gnu/inc/tx_port.h **** /* Define constants for Green Hills EventAnalyzer.  */
 177:./Middlewares/ST/threadx/ports/cortex_m4/gnu/inc/tx_port.h **** 
 178:./Middlewares/ST/threadx/ports/cortex_m4/gnu/inc/tx_port.h **** /* Define the number of ticks per second. This informs the EventAnalyzer what the timestamps
 179:./Middlewares/ST/threadx/ports/cortex_m4/gnu/inc/tx_port.h ****    represent.  By default, this is set to 1,000,000 i.e., one tick every microsecond. */
 180:./Middlewares/ST/threadx/ports/cortex_m4/gnu/inc/tx_port.h **** 
 181:./Middlewares/ST/threadx/ports/cortex_m4/gnu/inc/tx_port.h **** #define TX_EL_TICKS_PER_SECOND                  1000000
 182:./Middlewares/ST/threadx/ports/cortex_m4/gnu/inc/tx_port.h **** 
 183:./Middlewares/ST/threadx/ports/cortex_m4/gnu/inc/tx_port.h **** /* Define the method of how to get the upper and lower 32-bits of the time stamp. By default, simpl
 184:./Middlewares/ST/threadx/ports/cortex_m4/gnu/inc/tx_port.h ****    simulate the time-stamp source with a counter.  */
 185:./Middlewares/ST/threadx/ports/cortex_m4/gnu/inc/tx_port.h **** 
 186:./Middlewares/ST/threadx/ports/cortex_m4/gnu/inc/tx_port.h **** #define read_tbu()                              _tx_el_time_base_upper
 187:./Middlewares/ST/threadx/ports/cortex_m4/gnu/inc/tx_port.h **** #define read_tbl()                              ++_tx_el_time_base_lower
 188:./Middlewares/ST/threadx/ports/cortex_m4/gnu/inc/tx_port.h **** #endif  /* __ghs__ */
 189:./Middlewares/ST/threadx/ports/cortex_m4/gnu/inc/tx_port.h **** 
 190:./Middlewares/ST/threadx/ports/cortex_m4/gnu/inc/tx_port.h **** /* Define the port specific options for the _tx_build_options variable. This variable indicates
 191:./Middlewares/ST/threadx/ports/cortex_m4/gnu/inc/tx_port.h ****    how the ThreadX library was built.  */
 192:./Middlewares/ST/threadx/ports/cortex_m4/gnu/inc/tx_port.h **** 
 193:./Middlewares/ST/threadx/ports/cortex_m4/gnu/inc/tx_port.h **** #define TX_PORT_SPECIFIC_BUILD_OPTIONS          (0)
 194:./Middlewares/ST/threadx/ports/cortex_m4/gnu/inc/tx_port.h **** 
 195:./Middlewares/ST/threadx/ports/cortex_m4/gnu/inc/tx_port.h **** 
 196:./Middlewares/ST/threadx/ports/cortex_m4/gnu/inc/tx_port.h **** /* Define the in-line initialization constant so that modules with in-line
 197:./Middlewares/ST/threadx/ports/cortex_m4/gnu/inc/tx_port.h ****    initialization capabilities can prevent their initialization from being
 198:./Middlewares/ST/threadx/ports/cortex_m4/gnu/inc/tx_port.h ****    a function call.  */
 199:./Middlewares/ST/threadx/ports/cortex_m4/gnu/inc/tx_port.h **** 
 200:./Middlewares/ST/threadx/ports/cortex_m4/gnu/inc/tx_port.h **** #ifdef TX_MISRA_ENABLE
 201:./Middlewares/ST/threadx/ports/cortex_m4/gnu/inc/tx_port.h **** #define TX_DISABLE_INLINE
ARM GAS  C:\Users\Dennis\AppData\Local\Temp\ccJX4JbD.s 			page 7


 202:./Middlewares/ST/threadx/ports/cortex_m4/gnu/inc/tx_port.h **** #else
 203:./Middlewares/ST/threadx/ports/cortex_m4/gnu/inc/tx_port.h **** #define TX_INLINE_INITIALIZATION
 204:./Middlewares/ST/threadx/ports/cortex_m4/gnu/inc/tx_port.h **** #endif
 205:./Middlewares/ST/threadx/ports/cortex_m4/gnu/inc/tx_port.h **** 
 206:./Middlewares/ST/threadx/ports/cortex_m4/gnu/inc/tx_port.h **** 
 207:./Middlewares/ST/threadx/ports/cortex_m4/gnu/inc/tx_port.h **** /* Determine whether or not stack checking is enabled. By default, ThreadX stack checking is
 208:./Middlewares/ST/threadx/ports/cortex_m4/gnu/inc/tx_port.h ****    disabled. When the following is defined, ThreadX thread stack checking is enabled.  If stack
 209:./Middlewares/ST/threadx/ports/cortex_m4/gnu/inc/tx_port.h ****    checking is enabled (TX_ENABLE_STACK_CHECKING is defined), the TX_DISABLE_STACK_FILLING
 210:./Middlewares/ST/threadx/ports/cortex_m4/gnu/inc/tx_port.h ****    define is negated, thereby forcing the stack fill which is necessary for the stack checking
 211:./Middlewares/ST/threadx/ports/cortex_m4/gnu/inc/tx_port.h ****    logic.  */
 212:./Middlewares/ST/threadx/ports/cortex_m4/gnu/inc/tx_port.h **** 
 213:./Middlewares/ST/threadx/ports/cortex_m4/gnu/inc/tx_port.h **** #ifndef TX_MISRA_ENABLE
 214:./Middlewares/ST/threadx/ports/cortex_m4/gnu/inc/tx_port.h **** #ifdef TX_ENABLE_STACK_CHECKING
 215:./Middlewares/ST/threadx/ports/cortex_m4/gnu/inc/tx_port.h **** #undef TX_DISABLE_STACK_FILLING
 216:./Middlewares/ST/threadx/ports/cortex_m4/gnu/inc/tx_port.h **** #endif
 217:./Middlewares/ST/threadx/ports/cortex_m4/gnu/inc/tx_port.h **** #endif
 218:./Middlewares/ST/threadx/ports/cortex_m4/gnu/inc/tx_port.h **** 
 219:./Middlewares/ST/threadx/ports/cortex_m4/gnu/inc/tx_port.h **** 
 220:./Middlewares/ST/threadx/ports/cortex_m4/gnu/inc/tx_port.h **** /* Define the TX_THREAD control block extensions for this port. The main reason
 221:./Middlewares/ST/threadx/ports/cortex_m4/gnu/inc/tx_port.h ****    for the multiple macros is so that backward compatibility can be maintained with
 222:./Middlewares/ST/threadx/ports/cortex_m4/gnu/inc/tx_port.h ****    existing ThreadX kernel awareness modules.  */
 223:./Middlewares/ST/threadx/ports/cortex_m4/gnu/inc/tx_port.h **** 
 224:./Middlewares/ST/threadx/ports/cortex_m4/gnu/inc/tx_port.h **** #define TX_THREAD_EXTENSION_0
 225:./Middlewares/ST/threadx/ports/cortex_m4/gnu/inc/tx_port.h **** #define TX_THREAD_EXTENSION_1
 226:./Middlewares/ST/threadx/ports/cortex_m4/gnu/inc/tx_port.h **** #ifdef  TX_ENABLE_IAR_LIBRARY_SUPPORT
 227:./Middlewares/ST/threadx/ports/cortex_m4/gnu/inc/tx_port.h **** #define TX_THREAD_EXTENSION_2           VOID    *tx_thread_iar_tls_pointer;
 228:./Middlewares/ST/threadx/ports/cortex_m4/gnu/inc/tx_port.h **** #elif defined(__ghs__)
 229:./Middlewares/ST/threadx/ports/cortex_m4/gnu/inc/tx_port.h **** #define TX_THREAD_EXTENSION_2           VOID *  tx_thread_eh_globals;                           \
 230:./Middlewares/ST/threadx/ports/cortex_m4/gnu/inc/tx_port.h ****                                         int     Errno;             /* errno.  */                \
 231:./Middlewares/ST/threadx/ports/cortex_m4/gnu/inc/tx_port.h ****                                         char *  strtok_saved_pos;  /* strtok() position.  */
 232:./Middlewares/ST/threadx/ports/cortex_m4/gnu/inc/tx_port.h **** #else
 233:./Middlewares/ST/threadx/ports/cortex_m4/gnu/inc/tx_port.h **** #define TX_THREAD_EXTENSION_2
 234:./Middlewares/ST/threadx/ports/cortex_m4/gnu/inc/tx_port.h **** #endif
 235:./Middlewares/ST/threadx/ports/cortex_m4/gnu/inc/tx_port.h **** 
 236:./Middlewares/ST/threadx/ports/cortex_m4/gnu/inc/tx_port.h **** 
 237:./Middlewares/ST/threadx/ports/cortex_m4/gnu/inc/tx_port.h **** #define TX_THREAD_EXTENSION_3
 238:./Middlewares/ST/threadx/ports/cortex_m4/gnu/inc/tx_port.h **** 
 239:./Middlewares/ST/threadx/ports/cortex_m4/gnu/inc/tx_port.h **** 
 240:./Middlewares/ST/threadx/ports/cortex_m4/gnu/inc/tx_port.h **** 
 241:./Middlewares/ST/threadx/ports/cortex_m4/gnu/inc/tx_port.h **** /* Define the port extensions of the remaining ThreadX objects.  */
 242:./Middlewares/ST/threadx/ports/cortex_m4/gnu/inc/tx_port.h **** 
 243:./Middlewares/ST/threadx/ports/cortex_m4/gnu/inc/tx_port.h **** #define TX_BLOCK_POOL_EXTENSION
 244:./Middlewares/ST/threadx/ports/cortex_m4/gnu/inc/tx_port.h **** #define TX_BYTE_POOL_EXTENSION
 245:./Middlewares/ST/threadx/ports/cortex_m4/gnu/inc/tx_port.h **** #define TX_EVENT_FLAGS_GROUP_EXTENSION
 246:./Middlewares/ST/threadx/ports/cortex_m4/gnu/inc/tx_port.h **** #define TX_MUTEX_EXTENSION
 247:./Middlewares/ST/threadx/ports/cortex_m4/gnu/inc/tx_port.h **** #define TX_QUEUE_EXTENSION
 248:./Middlewares/ST/threadx/ports/cortex_m4/gnu/inc/tx_port.h **** #define TX_SEMAPHORE_EXTENSION
 249:./Middlewares/ST/threadx/ports/cortex_m4/gnu/inc/tx_port.h **** #define TX_TIMER_EXTENSION
 250:./Middlewares/ST/threadx/ports/cortex_m4/gnu/inc/tx_port.h **** 
 251:./Middlewares/ST/threadx/ports/cortex_m4/gnu/inc/tx_port.h **** 
 252:./Middlewares/ST/threadx/ports/cortex_m4/gnu/inc/tx_port.h **** /* Define the user extension field of the thread control block.  Nothing
 253:./Middlewares/ST/threadx/ports/cortex_m4/gnu/inc/tx_port.h ****    additional is needed for this port so it is defined as white space.  */
 254:./Middlewares/ST/threadx/ports/cortex_m4/gnu/inc/tx_port.h **** 
 255:./Middlewares/ST/threadx/ports/cortex_m4/gnu/inc/tx_port.h **** #ifndef TX_THREAD_USER_EXTENSION
 256:./Middlewares/ST/threadx/ports/cortex_m4/gnu/inc/tx_port.h **** #define TX_THREAD_USER_EXTENSION
 257:./Middlewares/ST/threadx/ports/cortex_m4/gnu/inc/tx_port.h **** #endif
 258:./Middlewares/ST/threadx/ports/cortex_m4/gnu/inc/tx_port.h **** 
ARM GAS  C:\Users\Dennis\AppData\Local\Temp\ccJX4JbD.s 			page 8


 259:./Middlewares/ST/threadx/ports/cortex_m4/gnu/inc/tx_port.h **** 
 260:./Middlewares/ST/threadx/ports/cortex_m4/gnu/inc/tx_port.h **** /* Define the macros for processing extensions in tx_thread_create, tx_thread_delete,
 261:./Middlewares/ST/threadx/ports/cortex_m4/gnu/inc/tx_port.h ****    tx_thread_shell_entry, and tx_thread_terminate.  */
 262:./Middlewares/ST/threadx/ports/cortex_m4/gnu/inc/tx_port.h **** 
 263:./Middlewares/ST/threadx/ports/cortex_m4/gnu/inc/tx_port.h **** 
 264:./Middlewares/ST/threadx/ports/cortex_m4/gnu/inc/tx_port.h **** #ifdef  TX_ENABLE_IAR_LIBRARY_SUPPORT
 265:./Middlewares/ST/threadx/ports/cortex_m4/gnu/inc/tx_port.h **** #if (__VER__ < 8000000)
 266:./Middlewares/ST/threadx/ports/cortex_m4/gnu/inc/tx_port.h **** #define TX_THREAD_CREATE_EXTENSION(thread_ptr)                      thread_ptr -> tx_thread_iar_tls
 267:./Middlewares/ST/threadx/ports/cortex_m4/gnu/inc/tx_port.h **** #define TX_THREAD_DELETE_EXTENSION(thread_ptr)                      __iar_dlib_perthread_deallocate
 268:./Middlewares/ST/threadx/ports/cortex_m4/gnu/inc/tx_port.h ****                                                                     thread_ptr -> tx_thread_iar_tls
 269:./Middlewares/ST/threadx/ports/cortex_m4/gnu/inc/tx_port.h **** #define TX_PORT_SPECIFIC_PRE_SCHEDULER_INITIALIZATION               __iar_dlib_perthread_access(0);
 270:./Middlewares/ST/threadx/ports/cortex_m4/gnu/inc/tx_port.h **** #else
 271:./Middlewares/ST/threadx/ports/cortex_m4/gnu/inc/tx_port.h **** void    *_tx_iar_create_per_thread_tls_area(void);
 272:./Middlewares/ST/threadx/ports/cortex_m4/gnu/inc/tx_port.h **** void    _tx_iar_destroy_per_thread_tls_area(void *tls_ptr);
 273:./Middlewares/ST/threadx/ports/cortex_m4/gnu/inc/tx_port.h **** void    __iar_Initlocks(void);
 274:./Middlewares/ST/threadx/ports/cortex_m4/gnu/inc/tx_port.h **** 
 275:./Middlewares/ST/threadx/ports/cortex_m4/gnu/inc/tx_port.h **** #define TX_THREAD_CREATE_EXTENSION(thread_ptr)                      thread_ptr -> tx_thread_iar_tls
 276:./Middlewares/ST/threadx/ports/cortex_m4/gnu/inc/tx_port.h **** #define TX_THREAD_DELETE_EXTENSION(thread_ptr)                      do {_tx_iar_destroy_per_thread_
 277:./Middlewares/ST/threadx/ports/cortex_m4/gnu/inc/tx_port.h ****                                                                         thread_ptr -> tx_thread_iar
 278:./Middlewares/ST/threadx/ports/cortex_m4/gnu/inc/tx_port.h **** #define TX_PORT_SPECIFIC_PRE_SCHEDULER_INITIALIZATION               do {__iar_Initlocks();} while(0
 279:./Middlewares/ST/threadx/ports/cortex_m4/gnu/inc/tx_port.h **** #endif
 280:./Middlewares/ST/threadx/ports/cortex_m4/gnu/inc/tx_port.h **** #else
 281:./Middlewares/ST/threadx/ports/cortex_m4/gnu/inc/tx_port.h **** #define TX_THREAD_CREATE_EXTENSION(thread_ptr)
 282:./Middlewares/ST/threadx/ports/cortex_m4/gnu/inc/tx_port.h **** #define TX_THREAD_DELETE_EXTENSION(thread_ptr)
 283:./Middlewares/ST/threadx/ports/cortex_m4/gnu/inc/tx_port.h **** #endif
 284:./Middlewares/ST/threadx/ports/cortex_m4/gnu/inc/tx_port.h **** 
 285:./Middlewares/ST/threadx/ports/cortex_m4/gnu/inc/tx_port.h **** #if defined(__ARMVFP__) || defined(__ARM_PCS_VFP) || defined(__ARM_FP) || defined(__TARGET_FPU_VFP)
 286:./Middlewares/ST/threadx/ports/cortex_m4/gnu/inc/tx_port.h **** 
 287:./Middlewares/ST/threadx/ports/cortex_m4/gnu/inc/tx_port.h **** #ifdef TX_MISRA_ENABLE
 288:./Middlewares/ST/threadx/ports/cortex_m4/gnu/inc/tx_port.h **** 
 289:./Middlewares/ST/threadx/ports/cortex_m4/gnu/inc/tx_port.h **** ULONG  _tx_misra_control_get(void);
 290:./Middlewares/ST/threadx/ports/cortex_m4/gnu/inc/tx_port.h **** void   _tx_misra_control_set(ULONG value);
 291:./Middlewares/ST/threadx/ports/cortex_m4/gnu/inc/tx_port.h **** ULONG  _tx_misra_fpccr_get(void);
 292:./Middlewares/ST/threadx/ports/cortex_m4/gnu/inc/tx_port.h **** void   _tx_misra_vfp_touch(void);
 293:./Middlewares/ST/threadx/ports/cortex_m4/gnu/inc/tx_port.h **** 
 294:./Middlewares/ST/threadx/ports/cortex_m4/gnu/inc/tx_port.h **** #else   /* TX_MISRA_ENABLE not defined */
 295:./Middlewares/ST/threadx/ports/cortex_m4/gnu/inc/tx_port.h **** 
 296:./Middlewares/ST/threadx/ports/cortex_m4/gnu/inc/tx_port.h **** /* Define some helper functions (these are intrinsics in some compilers). */
 297:./Middlewares/ST/threadx/ports/cortex_m4/gnu/inc/tx_port.h **** #ifdef __GNUC__ /* GCC and ARM Compiler 6 */
 298:./Middlewares/ST/threadx/ports/cortex_m4/gnu/inc/tx_port.h **** 
 299:./Middlewares/ST/threadx/ports/cortex_m4/gnu/inc/tx_port.h **** __attribute__( ( always_inline ) ) static inline ULONG __get_control_value(void)
 300:./Middlewares/ST/threadx/ports/cortex_m4/gnu/inc/tx_port.h **** {
 301:./Middlewares/ST/threadx/ports/cortex_m4/gnu/inc/tx_port.h **** ULONG  control_value;
 302:./Middlewares/ST/threadx/ports/cortex_m4/gnu/inc/tx_port.h **** 
 303:./Middlewares/ST/threadx/ports/cortex_m4/gnu/inc/tx_port.h ****     __asm__ volatile (" MRS  %0,CONTROL ": "=r" (control_value) );
 304:./Middlewares/ST/threadx/ports/cortex_m4/gnu/inc/tx_port.h ****     return(control_value);
 305:./Middlewares/ST/threadx/ports/cortex_m4/gnu/inc/tx_port.h **** }
 306:./Middlewares/ST/threadx/ports/cortex_m4/gnu/inc/tx_port.h **** 
 307:./Middlewares/ST/threadx/ports/cortex_m4/gnu/inc/tx_port.h **** __attribute__( ( always_inline ) ) static inline void __set_control_value(ULONG control_value)
 308:./Middlewares/ST/threadx/ports/cortex_m4/gnu/inc/tx_port.h **** {
 309:./Middlewares/ST/threadx/ports/cortex_m4/gnu/inc/tx_port.h ****     __asm__ volatile (" MSR  CONTROL,%0": : "r" (control_value): "memory" );
 310:./Middlewares/ST/threadx/ports/cortex_m4/gnu/inc/tx_port.h **** }
 311:./Middlewares/ST/threadx/ports/cortex_m4/gnu/inc/tx_port.h **** 
 312:./Middlewares/ST/threadx/ports/cortex_m4/gnu/inc/tx_port.h **** #define TX_VFP_TOUCH()  __asm__ volatile ("VMOV.F32 s0, s0");
 313:./Middlewares/ST/threadx/ports/cortex_m4/gnu/inc/tx_port.h **** 
 314:./Middlewares/ST/threadx/ports/cortex_m4/gnu/inc/tx_port.h **** #elif defined(__CC_ARM) /* ARM Compiler 5 */
 315:./Middlewares/ST/threadx/ports/cortex_m4/gnu/inc/tx_port.h **** 
ARM GAS  C:\Users\Dennis\AppData\Local\Temp\ccJX4JbD.s 			page 9


 316:./Middlewares/ST/threadx/ports/cortex_m4/gnu/inc/tx_port.h **** __attribute__( ( always_inline ) ) ULONG __get_control_value(void)
 317:./Middlewares/ST/threadx/ports/cortex_m4/gnu/inc/tx_port.h **** {
 318:./Middlewares/ST/threadx/ports/cortex_m4/gnu/inc/tx_port.h **** ULONG  control_value;
 319:./Middlewares/ST/threadx/ports/cortex_m4/gnu/inc/tx_port.h **** 
 320:./Middlewares/ST/threadx/ports/cortex_m4/gnu/inc/tx_port.h ****     __asm volatile ("MRS control_value,CONTROL");
 321:./Middlewares/ST/threadx/ports/cortex_m4/gnu/inc/tx_port.h ****     return(control_value);
 322:./Middlewares/ST/threadx/ports/cortex_m4/gnu/inc/tx_port.h **** }
 323:./Middlewares/ST/threadx/ports/cortex_m4/gnu/inc/tx_port.h **** 
 324:./Middlewares/ST/threadx/ports/cortex_m4/gnu/inc/tx_port.h **** __attribute__( ( always_inline ) ) void __set_control_value(ULONG control_value)
 325:./Middlewares/ST/threadx/ports/cortex_m4/gnu/inc/tx_port.h **** {
 326:./Middlewares/ST/threadx/ports/cortex_m4/gnu/inc/tx_port.h ****     __asm__ volatile ("MSR CONTROL,control_value");
 327:./Middlewares/ST/threadx/ports/cortex_m4/gnu/inc/tx_port.h **** }
 328:./Middlewares/ST/threadx/ports/cortex_m4/gnu/inc/tx_port.h **** /* Can't access VFP registers with inline asm, so define this in tx_thread_schedule.  */
 329:./Middlewares/ST/threadx/ports/cortex_m4/gnu/inc/tx_port.h **** void _tx_vfp_access(void);
 330:./Middlewares/ST/threadx/ports/cortex_m4/gnu/inc/tx_port.h **** #define TX_VFP_TOUCH()  _tx_vfp_access();
 331:./Middlewares/ST/threadx/ports/cortex_m4/gnu/inc/tx_port.h **** 
 332:./Middlewares/ST/threadx/ports/cortex_m4/gnu/inc/tx_port.h **** #elif defined(__ICCARM__)  /* IAR */
 333:./Middlewares/ST/threadx/ports/cortex_m4/gnu/inc/tx_port.h **** #define TX_VFP_TOUCH()  __asm__ volatile ("VMOV.F32 s0, s0");
 334:./Middlewares/ST/threadx/ports/cortex_m4/gnu/inc/tx_port.h **** #endif  /* Helper functions for different compilers */
 335:./Middlewares/ST/threadx/ports/cortex_m4/gnu/inc/tx_port.h **** 
 336:./Middlewares/ST/threadx/ports/cortex_m4/gnu/inc/tx_port.h **** #endif  /* TX_MISRA_ENABLE */
 337:./Middlewares/ST/threadx/ports/cortex_m4/gnu/inc/tx_port.h **** 
 338:./Middlewares/ST/threadx/ports/cortex_m4/gnu/inc/tx_port.h **** 
 339:./Middlewares/ST/threadx/ports/cortex_m4/gnu/inc/tx_port.h **** /* A completed thread falls into _thread_shell_entry and we can simply deactivate the FPU via CONTR
 340:./Middlewares/ST/threadx/ports/cortex_m4/gnu/inc/tx_port.h ****    in order to ensure no lazy stacking will occur. */
 341:./Middlewares/ST/threadx/ports/cortex_m4/gnu/inc/tx_port.h **** 
 342:./Middlewares/ST/threadx/ports/cortex_m4/gnu/inc/tx_port.h **** #ifndef TX_MISRA_ENABLE
 343:./Middlewares/ST/threadx/ports/cortex_m4/gnu/inc/tx_port.h **** 
 344:./Middlewares/ST/threadx/ports/cortex_m4/gnu/inc/tx_port.h **** #define TX_THREAD_COMPLETED_EXTENSION(thread_ptr)   {                                              
 345:./Middlewares/ST/threadx/ports/cortex_m4/gnu/inc/tx_port.h ****                                                     ULONG  _tx_vfp_state;                          
 346:./Middlewares/ST/threadx/ports/cortex_m4/gnu/inc/tx_port.h ****                                                         _tx_vfp_state =  __get_control_value();    
 347:./Middlewares/ST/threadx/ports/cortex_m4/gnu/inc/tx_port.h ****                                                         _tx_vfp_state =  _tx_vfp_state & ~((ULONG) 
 348:./Middlewares/ST/threadx/ports/cortex_m4/gnu/inc/tx_port.h ****                                                         __set_control_value(_tx_vfp_state);        
 349:./Middlewares/ST/threadx/ports/cortex_m4/gnu/inc/tx_port.h ****                                                     }
 350:./Middlewares/ST/threadx/ports/cortex_m4/gnu/inc/tx_port.h **** #else
 351:./Middlewares/ST/threadx/ports/cortex_m4/gnu/inc/tx_port.h **** 
 352:./Middlewares/ST/threadx/ports/cortex_m4/gnu/inc/tx_port.h **** #define TX_THREAD_COMPLETED_EXTENSION(thread_ptr)   {                                              
 353:./Middlewares/ST/threadx/ports/cortex_m4/gnu/inc/tx_port.h ****                                                     ULONG  _tx_vfp_state;                          
 354:./Middlewares/ST/threadx/ports/cortex_m4/gnu/inc/tx_port.h ****                                                         _tx_vfp_state =  _tx_misra_control_get();  
 355:./Middlewares/ST/threadx/ports/cortex_m4/gnu/inc/tx_port.h ****                                                         _tx_vfp_state =  _tx_vfp_state & ~((ULONG) 
 356:./Middlewares/ST/threadx/ports/cortex_m4/gnu/inc/tx_port.h ****                                                         _tx_misra_control_set(_tx_vfp_state);      
 357:./Middlewares/ST/threadx/ports/cortex_m4/gnu/inc/tx_port.h ****                                                     }
 358:./Middlewares/ST/threadx/ports/cortex_m4/gnu/inc/tx_port.h **** 
 359:./Middlewares/ST/threadx/ports/cortex_m4/gnu/inc/tx_port.h **** #endif
 360:./Middlewares/ST/threadx/ports/cortex_m4/gnu/inc/tx_port.h **** 
 361:./Middlewares/ST/threadx/ports/cortex_m4/gnu/inc/tx_port.h **** /* A thread can be terminated by another thread, so we first check if it's self-terminating and not
 362:./Middlewares/ST/threadx/ports/cortex_m4/gnu/inc/tx_port.h ****    If so, deactivate the FPU via CONTROL.FPCA. Otherwise we are in an interrupt or another thread i
 363:./Middlewares/ST/threadx/ports/cortex_m4/gnu/inc/tx_port.h ****    this one, so if the FPCCR.LSPACT bit is set, we need to save the CONTROL.FPCA state, touch the F
 364:./Middlewares/ST/threadx/ports/cortex_m4/gnu/inc/tx_port.h ****    the lazy FPU save, then restore the CONTROL.FPCA state. */
 365:./Middlewares/ST/threadx/ports/cortex_m4/gnu/inc/tx_port.h **** 
 366:./Middlewares/ST/threadx/ports/cortex_m4/gnu/inc/tx_port.h **** #ifndef TX_MISRA_ENABLE
 367:./Middlewares/ST/threadx/ports/cortex_m4/gnu/inc/tx_port.h **** 
 368:./Middlewares/ST/threadx/ports/cortex_m4/gnu/inc/tx_port.h **** #define TX_THREAD_TERMINATED_EXTENSION(thread_ptr)  {                                              
 369:./Middlewares/ST/threadx/ports/cortex_m4/gnu/inc/tx_port.h ****                                                     ULONG  _tx_system_state;                       
 370:./Middlewares/ST/threadx/ports/cortex_m4/gnu/inc/tx_port.h ****                                                         _tx_system_state =  TX_THREAD_GET_SYSTEM_ST
 371:./Middlewares/ST/threadx/ports/cortex_m4/gnu/inc/tx_port.h ****                                                         if ((_tx_system_state == ((ULONG) 0)) && ((
 372:./Middlewares/ST/threadx/ports/cortex_m4/gnu/inc/tx_port.h ****                                                         {                                          
ARM GAS  C:\Users\Dennis\AppData\Local\Temp\ccJX4JbD.s 			page 10


 373:./Middlewares/ST/threadx/ports/cortex_m4/gnu/inc/tx_port.h ****                                                         ULONG  _tx_vfp_state;                      
 374:./Middlewares/ST/threadx/ports/cortex_m4/gnu/inc/tx_port.h ****                                                             _tx_vfp_state =  __get_control_value();
 375:./Middlewares/ST/threadx/ports/cortex_m4/gnu/inc/tx_port.h ****                                                             _tx_vfp_state =  _tx_vfp_state & ~((ULO
 376:./Middlewares/ST/threadx/ports/cortex_m4/gnu/inc/tx_port.h ****                                                             __set_control_value(_tx_vfp_state);    
 377:./Middlewares/ST/threadx/ports/cortex_m4/gnu/inc/tx_port.h ****                                                         }                                          
 378:./Middlewares/ST/threadx/ports/cortex_m4/gnu/inc/tx_port.h ****                                                         else                                       
 379:./Middlewares/ST/threadx/ports/cortex_m4/gnu/inc/tx_port.h ****                                                         {                                          
 380:./Middlewares/ST/threadx/ports/cortex_m4/gnu/inc/tx_port.h ****                                                         ULONG  _tx_fpccr;                          
 381:./Middlewares/ST/threadx/ports/cortex_m4/gnu/inc/tx_port.h ****                                                             _tx_fpccr =  *((ULONG *) 0xE000EF34);  
 382:./Middlewares/ST/threadx/ports/cortex_m4/gnu/inc/tx_port.h ****                                                             _tx_fpccr =  _tx_fpccr & ((ULONG) 0x01)
 383:./Middlewares/ST/threadx/ports/cortex_m4/gnu/inc/tx_port.h ****                                                             if (_tx_fpccr == ((ULONG) 0x01))       
 384:./Middlewares/ST/threadx/ports/cortex_m4/gnu/inc/tx_port.h ****                                                             {                                      
 385:./Middlewares/ST/threadx/ports/cortex_m4/gnu/inc/tx_port.h ****                                                             ULONG _tx_vfp_state;                   
 386:./Middlewares/ST/threadx/ports/cortex_m4/gnu/inc/tx_port.h ****                                                                 _tx_vfp_state = __get_control_value
 387:./Middlewares/ST/threadx/ports/cortex_m4/gnu/inc/tx_port.h ****                                                                 _tx_vfp_state =  _tx_vfp_state & ((
 388:./Middlewares/ST/threadx/ports/cortex_m4/gnu/inc/tx_port.h ****                                                                 TX_VFP_TOUCH();                    
 389:./Middlewares/ST/threadx/ports/cortex_m4/gnu/inc/tx_port.h ****                                                                 if (_tx_vfp_state == ((ULONG) 0))  
 390:./Middlewares/ST/threadx/ports/cortex_m4/gnu/inc/tx_port.h ****                                                                 {                                  
 391:./Middlewares/ST/threadx/ports/cortex_m4/gnu/inc/tx_port.h ****                                                                     _tx_vfp_state =  __get_control_
 392:./Middlewares/ST/threadx/ports/cortex_m4/gnu/inc/tx_port.h ****                                                                     _tx_vfp_state =  _tx_vfp_state 
 393:./Middlewares/ST/threadx/ports/cortex_m4/gnu/inc/tx_port.h ****                                                                     __set_control_value(_tx_vfp_sta
 394:./Middlewares/ST/threadx/ports/cortex_m4/gnu/inc/tx_port.h ****                                                                 }                                  
 395:./Middlewares/ST/threadx/ports/cortex_m4/gnu/inc/tx_port.h ****                                                             }                                      
 396:./Middlewares/ST/threadx/ports/cortex_m4/gnu/inc/tx_port.h ****                                                         }                                          
 397:./Middlewares/ST/threadx/ports/cortex_m4/gnu/inc/tx_port.h ****                                                     }
 398:./Middlewares/ST/threadx/ports/cortex_m4/gnu/inc/tx_port.h **** #else
 399:./Middlewares/ST/threadx/ports/cortex_m4/gnu/inc/tx_port.h **** 
 400:./Middlewares/ST/threadx/ports/cortex_m4/gnu/inc/tx_port.h **** #define TX_THREAD_TERMINATED_EXTENSION(thread_ptr)  {                                              
 401:./Middlewares/ST/threadx/ports/cortex_m4/gnu/inc/tx_port.h ****                                                     ULONG  _tx_system_state;                       
 402:./Middlewares/ST/threadx/ports/cortex_m4/gnu/inc/tx_port.h ****                                                         _tx_system_state =  TX_THREAD_GET_SYSTEM_ST
 403:./Middlewares/ST/threadx/ports/cortex_m4/gnu/inc/tx_port.h ****                                                         if ((_tx_system_state == ((ULONG) 0)) && ((
 404:./Middlewares/ST/threadx/ports/cortex_m4/gnu/inc/tx_port.h ****                                                         {                                          
 405:./Middlewares/ST/threadx/ports/cortex_m4/gnu/inc/tx_port.h ****                                                         ULONG  _tx_vfp_state;                      
 406:./Middlewares/ST/threadx/ports/cortex_m4/gnu/inc/tx_port.h ****                                                             _tx_vfp_state =  _tx_misra_control_get(
 407:./Middlewares/ST/threadx/ports/cortex_m4/gnu/inc/tx_port.h ****                                                             _tx_vfp_state =  _tx_vfp_state & ~((ULO
 408:./Middlewares/ST/threadx/ports/cortex_m4/gnu/inc/tx_port.h ****                                                             _tx_misra_control_set(_tx_vfp_state);  
 409:./Middlewares/ST/threadx/ports/cortex_m4/gnu/inc/tx_port.h ****                                                         }                                          
 410:./Middlewares/ST/threadx/ports/cortex_m4/gnu/inc/tx_port.h ****                                                         else                                       
 411:./Middlewares/ST/threadx/ports/cortex_m4/gnu/inc/tx_port.h ****                                                         {                                          
 412:./Middlewares/ST/threadx/ports/cortex_m4/gnu/inc/tx_port.h ****                                                         ULONG  _tx_fpccr;                          
 413:./Middlewares/ST/threadx/ports/cortex_m4/gnu/inc/tx_port.h ****                                                             _tx_fpccr =  _tx_misra_fpccr_get();    
 414:./Middlewares/ST/threadx/ports/cortex_m4/gnu/inc/tx_port.h ****                                                             _tx_fpccr =  _tx_fpccr & ((ULONG) 0x01)
 415:./Middlewares/ST/threadx/ports/cortex_m4/gnu/inc/tx_port.h ****                                                             if (_tx_fpccr == ((ULONG) 0x01))       
 416:./Middlewares/ST/threadx/ports/cortex_m4/gnu/inc/tx_port.h ****                                                             {                                      
 417:./Middlewares/ST/threadx/ports/cortex_m4/gnu/inc/tx_port.h ****                                                             ULONG _tx_vfp_state;                   
 418:./Middlewares/ST/threadx/ports/cortex_m4/gnu/inc/tx_port.h ****                                                                 _tx_vfp_state = _tx_misra_control_g
 419:./Middlewares/ST/threadx/ports/cortex_m4/gnu/inc/tx_port.h ****                                                                 _tx_vfp_state =  _tx_vfp_state & ((
 420:./Middlewares/ST/threadx/ports/cortex_m4/gnu/inc/tx_port.h ****                                                                 _tx_misra_vfp_touch();             
 421:./Middlewares/ST/threadx/ports/cortex_m4/gnu/inc/tx_port.h ****                                                                 if (_tx_vfp_state == ((ULONG) 0))  
 422:./Middlewares/ST/threadx/ports/cortex_m4/gnu/inc/tx_port.h ****                                                                 {                                  
 423:./Middlewares/ST/threadx/ports/cortex_m4/gnu/inc/tx_port.h ****                                                                     _tx_vfp_state =  _tx_misra_cont
 424:./Middlewares/ST/threadx/ports/cortex_m4/gnu/inc/tx_port.h ****                                                                     _tx_vfp_state =  _tx_vfp_state 
 425:./Middlewares/ST/threadx/ports/cortex_m4/gnu/inc/tx_port.h ****                                                                     _tx_misra_control_set(_tx_vfp_s
 426:./Middlewares/ST/threadx/ports/cortex_m4/gnu/inc/tx_port.h ****                                                                 }                                  
 427:./Middlewares/ST/threadx/ports/cortex_m4/gnu/inc/tx_port.h ****                                                             }                                      
 428:./Middlewares/ST/threadx/ports/cortex_m4/gnu/inc/tx_port.h ****                                                         }                                          
 429:./Middlewares/ST/threadx/ports/cortex_m4/gnu/inc/tx_port.h ****                                                     }
ARM GAS  C:\Users\Dennis\AppData\Local\Temp\ccJX4JbD.s 			page 11


 430:./Middlewares/ST/threadx/ports/cortex_m4/gnu/inc/tx_port.h **** #endif
 431:./Middlewares/ST/threadx/ports/cortex_m4/gnu/inc/tx_port.h **** 
 432:./Middlewares/ST/threadx/ports/cortex_m4/gnu/inc/tx_port.h **** #else   /* No VFP in use */
 433:./Middlewares/ST/threadx/ports/cortex_m4/gnu/inc/tx_port.h **** 
 434:./Middlewares/ST/threadx/ports/cortex_m4/gnu/inc/tx_port.h **** #define TX_THREAD_COMPLETED_EXTENSION(thread_ptr)
 435:./Middlewares/ST/threadx/ports/cortex_m4/gnu/inc/tx_port.h **** #define TX_THREAD_TERMINATED_EXTENSION(thread_ptr)
 436:./Middlewares/ST/threadx/ports/cortex_m4/gnu/inc/tx_port.h **** 
 437:./Middlewares/ST/threadx/ports/cortex_m4/gnu/inc/tx_port.h **** #endif  /* defined(__ARMVFP__) || defined(__ARM_PCS_VFP) || defined(__ARM_FP) || defined(__TARGET_F
 438:./Middlewares/ST/threadx/ports/cortex_m4/gnu/inc/tx_port.h **** 
 439:./Middlewares/ST/threadx/ports/cortex_m4/gnu/inc/tx_port.h **** 
 440:./Middlewares/ST/threadx/ports/cortex_m4/gnu/inc/tx_port.h **** /* Define the ThreadX object creation extensions for the remaining objects.  */
 441:./Middlewares/ST/threadx/ports/cortex_m4/gnu/inc/tx_port.h **** 
 442:./Middlewares/ST/threadx/ports/cortex_m4/gnu/inc/tx_port.h **** #define TX_BLOCK_POOL_CREATE_EXTENSION(pool_ptr)
 443:./Middlewares/ST/threadx/ports/cortex_m4/gnu/inc/tx_port.h **** #define TX_BYTE_POOL_CREATE_EXTENSION(pool_ptr)
 444:./Middlewares/ST/threadx/ports/cortex_m4/gnu/inc/tx_port.h **** #define TX_EVENT_FLAGS_GROUP_CREATE_EXTENSION(group_ptr)
 445:./Middlewares/ST/threadx/ports/cortex_m4/gnu/inc/tx_port.h **** #define TX_MUTEX_CREATE_EXTENSION(mutex_ptr)
 446:./Middlewares/ST/threadx/ports/cortex_m4/gnu/inc/tx_port.h **** #define TX_QUEUE_CREATE_EXTENSION(queue_ptr)
 447:./Middlewares/ST/threadx/ports/cortex_m4/gnu/inc/tx_port.h **** #define TX_SEMAPHORE_CREATE_EXTENSION(semaphore_ptr)
 448:./Middlewares/ST/threadx/ports/cortex_m4/gnu/inc/tx_port.h **** #define TX_TIMER_CREATE_EXTENSION(timer_ptr)
 449:./Middlewares/ST/threadx/ports/cortex_m4/gnu/inc/tx_port.h **** 
 450:./Middlewares/ST/threadx/ports/cortex_m4/gnu/inc/tx_port.h **** 
 451:./Middlewares/ST/threadx/ports/cortex_m4/gnu/inc/tx_port.h **** /* Define the ThreadX object deletion extensions for the remaining objects.  */
 452:./Middlewares/ST/threadx/ports/cortex_m4/gnu/inc/tx_port.h **** 
 453:./Middlewares/ST/threadx/ports/cortex_m4/gnu/inc/tx_port.h **** #define TX_BLOCK_POOL_DELETE_EXTENSION(pool_ptr)
 454:./Middlewares/ST/threadx/ports/cortex_m4/gnu/inc/tx_port.h **** #define TX_BYTE_POOL_DELETE_EXTENSION(pool_ptr)
 455:./Middlewares/ST/threadx/ports/cortex_m4/gnu/inc/tx_port.h **** #define TX_EVENT_FLAGS_GROUP_DELETE_EXTENSION(group_ptr)
 456:./Middlewares/ST/threadx/ports/cortex_m4/gnu/inc/tx_port.h **** #define TX_MUTEX_DELETE_EXTENSION(mutex_ptr)
 457:./Middlewares/ST/threadx/ports/cortex_m4/gnu/inc/tx_port.h **** #define TX_QUEUE_DELETE_EXTENSION(queue_ptr)
 458:./Middlewares/ST/threadx/ports/cortex_m4/gnu/inc/tx_port.h **** #define TX_SEMAPHORE_DELETE_EXTENSION(semaphore_ptr)
 459:./Middlewares/ST/threadx/ports/cortex_m4/gnu/inc/tx_port.h **** #define TX_TIMER_DELETE_EXTENSION(timer_ptr)
 460:./Middlewares/ST/threadx/ports/cortex_m4/gnu/inc/tx_port.h **** 
 461:./Middlewares/ST/threadx/ports/cortex_m4/gnu/inc/tx_port.h **** 
 462:./Middlewares/ST/threadx/ports/cortex_m4/gnu/inc/tx_port.h **** /* Define the get system state macro.  */
 463:./Middlewares/ST/threadx/ports/cortex_m4/gnu/inc/tx_port.h **** 
 464:./Middlewares/ST/threadx/ports/cortex_m4/gnu/inc/tx_port.h **** #ifndef TX_THREAD_GET_SYSTEM_STATE
 465:./Middlewares/ST/threadx/ports/cortex_m4/gnu/inc/tx_port.h **** #ifndef TX_MISRA_ENABLE
 466:./Middlewares/ST/threadx/ports/cortex_m4/gnu/inc/tx_port.h **** 
 467:./Middlewares/ST/threadx/ports/cortex_m4/gnu/inc/tx_port.h **** #ifdef __CC_ARM /* ARM Compiler 5 */
 468:./Middlewares/ST/threadx/ports/cortex_m4/gnu/inc/tx_port.h **** 
 469:./Middlewares/ST/threadx/ports/cortex_m4/gnu/inc/tx_port.h **** register unsigned int _ipsr __asm("ipsr");
 470:./Middlewares/ST/threadx/ports/cortex_m4/gnu/inc/tx_port.h **** #define TX_THREAD_GET_SYSTEM_STATE()        (_tx_thread_system_state | _ipsr)
 471:./Middlewares/ST/threadx/ports/cortex_m4/gnu/inc/tx_port.h **** 
 472:./Middlewares/ST/threadx/ports/cortex_m4/gnu/inc/tx_port.h **** #elif defined(__GNUC__) /* GCC and ARM Compiler 6 */
 473:./Middlewares/ST/threadx/ports/cortex_m4/gnu/inc/tx_port.h **** 
 474:./Middlewares/ST/threadx/ports/cortex_m4/gnu/inc/tx_port.h **** __attribute__( ( always_inline ) ) static inline unsigned int __get_ipsr_value(void)
 475:./Middlewares/ST/threadx/ports/cortex_m4/gnu/inc/tx_port.h **** {
 476:./Middlewares/ST/threadx/ports/cortex_m4/gnu/inc/tx_port.h **** unsigned int  ipsr_value;
 477:./Middlewares/ST/threadx/ports/cortex_m4/gnu/inc/tx_port.h ****     __asm__ volatile (" MRS  %0,IPSR ": "=r" (ipsr_value) );
 478:./Middlewares/ST/threadx/ports/cortex_m4/gnu/inc/tx_port.h ****     return(ipsr_value);
 479:./Middlewares/ST/threadx/ports/cortex_m4/gnu/inc/tx_port.h **** }
 480:./Middlewares/ST/threadx/ports/cortex_m4/gnu/inc/tx_port.h **** 
 481:./Middlewares/ST/threadx/ports/cortex_m4/gnu/inc/tx_port.h **** #define TX_THREAD_GET_SYSTEM_STATE()        (_tx_thread_system_state | __get_ipsr_value())
 482:./Middlewares/ST/threadx/ports/cortex_m4/gnu/inc/tx_port.h **** 
 483:./Middlewares/ST/threadx/ports/cortex_m4/gnu/inc/tx_port.h **** #elif defined(__ICCARM__)   /* IAR */
 484:./Middlewares/ST/threadx/ports/cortex_m4/gnu/inc/tx_port.h **** 
 485:./Middlewares/ST/threadx/ports/cortex_m4/gnu/inc/tx_port.h **** #define TX_THREAD_GET_SYSTEM_STATE()        (_tx_thread_system_state | __get_IPSR())
 486:./Middlewares/ST/threadx/ports/cortex_m4/gnu/inc/tx_port.h **** 
ARM GAS  C:\Users\Dennis\AppData\Local\Temp\ccJX4JbD.s 			page 12


 487:./Middlewares/ST/threadx/ports/cortex_m4/gnu/inc/tx_port.h **** #endif  /* TX_THREAD_GET_SYSTEM_STATE for different compilers */
 488:./Middlewares/ST/threadx/ports/cortex_m4/gnu/inc/tx_port.h **** 
 489:./Middlewares/ST/threadx/ports/cortex_m4/gnu/inc/tx_port.h **** #else   /* TX_MISRA_ENABLE is defined, use MISRA function. */
 490:./Middlewares/ST/threadx/ports/cortex_m4/gnu/inc/tx_port.h **** ULONG   _tx_misra_ipsr_get(VOID);
 491:./Middlewares/ST/threadx/ports/cortex_m4/gnu/inc/tx_port.h **** #define TX_THREAD_GET_SYSTEM_STATE()        (_tx_thread_system_state | _tx_misra_ipsr_get())
 492:./Middlewares/ST/threadx/ports/cortex_m4/gnu/inc/tx_port.h **** #endif  /* TX_MISRA_ENABLE */
 493:./Middlewares/ST/threadx/ports/cortex_m4/gnu/inc/tx_port.h **** #endif  /* TX_THREAD_GET_SYSTEM_STATE */
 494:./Middlewares/ST/threadx/ports/cortex_m4/gnu/inc/tx_port.h **** 
 495:./Middlewares/ST/threadx/ports/cortex_m4/gnu/inc/tx_port.h **** 
 496:./Middlewares/ST/threadx/ports/cortex_m4/gnu/inc/tx_port.h **** /* Define the check for whether or not to call the _tx_thread_system_return function.  A non-zero v
 497:./Middlewares/ST/threadx/ports/cortex_m4/gnu/inc/tx_port.h ****    indicates that _tx_thread_system_return should not be called. This overrides the definition in t
 498:./Middlewares/ST/threadx/ports/cortex_m4/gnu/inc/tx_port.h ****    for Cortex-M since so we don't waste time checking the _tx_thread_system_state variable that is 
 499:./Middlewares/ST/threadx/ports/cortex_m4/gnu/inc/tx_port.h ****    zero after initialization for Cortex-M ports. */
 500:./Middlewares/ST/threadx/ports/cortex_m4/gnu/inc/tx_port.h **** 
 501:./Middlewares/ST/threadx/ports/cortex_m4/gnu/inc/tx_port.h **** #ifndef TX_THREAD_SYSTEM_RETURN_CHECK
 502:./Middlewares/ST/threadx/ports/cortex_m4/gnu/inc/tx_port.h **** #define TX_THREAD_SYSTEM_RETURN_CHECK(c)    (c) = ((ULONG) _tx_thread_preempt_disable);
 503:./Middlewares/ST/threadx/ports/cortex_m4/gnu/inc/tx_port.h **** #endif
 504:./Middlewares/ST/threadx/ports/cortex_m4/gnu/inc/tx_port.h **** 
 505:./Middlewares/ST/threadx/ports/cortex_m4/gnu/inc/tx_port.h **** /* Define the macro to ensure _tx_thread_preempt_disable is set early in initialization in order to
 506:./Middlewares/ST/threadx/ports/cortex_m4/gnu/inc/tx_port.h ****    prevent early scheduling on Cortex-M parts.  */
 507:./Middlewares/ST/threadx/ports/cortex_m4/gnu/inc/tx_port.h **** 
 508:./Middlewares/ST/threadx/ports/cortex_m4/gnu/inc/tx_port.h **** #define TX_PORT_SPECIFIC_POST_INITIALIZATION    _tx_thread_preempt_disable++;
 509:./Middlewares/ST/threadx/ports/cortex_m4/gnu/inc/tx_port.h **** 
 510:./Middlewares/ST/threadx/ports/cortex_m4/gnu/inc/tx_port.h **** 
 511:./Middlewares/ST/threadx/ports/cortex_m4/gnu/inc/tx_port.h **** 
 512:./Middlewares/ST/threadx/ports/cortex_m4/gnu/inc/tx_port.h **** 
 513:./Middlewares/ST/threadx/ports/cortex_m4/gnu/inc/tx_port.h **** #ifndef TX_DISABLE_INLINE
 514:./Middlewares/ST/threadx/ports/cortex_m4/gnu/inc/tx_port.h **** 
 515:./Middlewares/ST/threadx/ports/cortex_m4/gnu/inc/tx_port.h **** /* Define the TX_LOWEST_SET_BIT_CALCULATE macro for each compiler. */
 516:./Middlewares/ST/threadx/ports/cortex_m4/gnu/inc/tx_port.h **** #ifdef __ICCARM__       /* IAR Compiler */
 517:./Middlewares/ST/threadx/ports/cortex_m4/gnu/inc/tx_port.h **** #define TX_LOWEST_SET_BIT_CALCULATE(m, b)       (b) = (UINT) __CLZ(__RBIT((m)));
 518:./Middlewares/ST/threadx/ports/cortex_m4/gnu/inc/tx_port.h **** #elif defined(__CC_ARM) /* AC5 Compiler */
 519:./Middlewares/ST/threadx/ports/cortex_m4/gnu/inc/tx_port.h **** #define TX_LOWEST_SET_BIT_CALCULATE(m, b)       (b) = (UINT) __clz(__rbit((m)));
 520:./Middlewares/ST/threadx/ports/cortex_m4/gnu/inc/tx_port.h **** #elif defined(__GNUC__) /* GCC and AC6 Compiler */
 521:./Middlewares/ST/threadx/ports/cortex_m4/gnu/inc/tx_port.h **** #define TX_LOWEST_SET_BIT_CALCULATE(m, b)       __asm__ volatile (" RBIT %0,%1 ": "=r" (m) : "r" (m
 522:./Middlewares/ST/threadx/ports/cortex_m4/gnu/inc/tx_port.h ****                                                 __asm__ volatile (" CLZ  %0,%1 ": "=r" (b) : "r" (m
 523:./Middlewares/ST/threadx/ports/cortex_m4/gnu/inc/tx_port.h **** #endif
 524:./Middlewares/ST/threadx/ports/cortex_m4/gnu/inc/tx_port.h **** 
 525:./Middlewares/ST/threadx/ports/cortex_m4/gnu/inc/tx_port.h **** 
 526:./Middlewares/ST/threadx/ports/cortex_m4/gnu/inc/tx_port.h **** 
 527:./Middlewares/ST/threadx/ports/cortex_m4/gnu/inc/tx_port.h **** /* Define the interrupt disable/restore macros for each compiler. */
 528:./Middlewares/ST/threadx/ports/cortex_m4/gnu/inc/tx_port.h **** 
 529:./Middlewares/ST/threadx/ports/cortex_m4/gnu/inc/tx_port.h **** #if defined(__GNUC__) || defined(__ICCARM__)
 530:./Middlewares/ST/threadx/ports/cortex_m4/gnu/inc/tx_port.h **** 
 531:./Middlewares/ST/threadx/ports/cortex_m4/gnu/inc/tx_port.h **** /*** GCC/AC6 and IAR ***/
 532:./Middlewares/ST/threadx/ports/cortex_m4/gnu/inc/tx_port.h **** 
 533:./Middlewares/ST/threadx/ports/cortex_m4/gnu/inc/tx_port.h **** __attribute__( ( always_inline ) ) static inline unsigned int __get_interrupt_posture(void)
 534:./Middlewares/ST/threadx/ports/cortex_m4/gnu/inc/tx_port.h **** {
 535:./Middlewares/ST/threadx/ports/cortex_m4/gnu/inc/tx_port.h **** unsigned int posture;
 536:./Middlewares/ST/threadx/ports/cortex_m4/gnu/inc/tx_port.h **** #ifdef TX_PORT_USE_BASEPRI
 537:./Middlewares/ST/threadx/ports/cortex_m4/gnu/inc/tx_port.h ****     __asm__ volatile ("MRS  %0, BASEPRI ": "=r" (posture));
 538:./Middlewares/ST/threadx/ports/cortex_m4/gnu/inc/tx_port.h **** #else
 539:./Middlewares/ST/threadx/ports/cortex_m4/gnu/inc/tx_port.h ****     __asm__ volatile ("MRS  %0, PRIMASK ": "=r" (posture));
 540:./Middlewares/ST/threadx/ports/cortex_m4/gnu/inc/tx_port.h **** #endif
 541:./Middlewares/ST/threadx/ports/cortex_m4/gnu/inc/tx_port.h ****     return(posture);
 542:./Middlewares/ST/threadx/ports/cortex_m4/gnu/inc/tx_port.h **** }
 543:./Middlewares/ST/threadx/ports/cortex_m4/gnu/inc/tx_port.h **** 
ARM GAS  C:\Users\Dennis\AppData\Local\Temp\ccJX4JbD.s 			page 13


 544:./Middlewares/ST/threadx/ports/cortex_m4/gnu/inc/tx_port.h **** #ifdef TX_PORT_USE_BASEPRI
 545:./Middlewares/ST/threadx/ports/cortex_m4/gnu/inc/tx_port.h **** __attribute__( ( always_inline ) ) static inline void __set_basepri_value(unsigned int basepri_valu
 546:./Middlewares/ST/threadx/ports/cortex_m4/gnu/inc/tx_port.h **** {
 547:./Middlewares/ST/threadx/ports/cortex_m4/gnu/inc/tx_port.h ****     __asm__ volatile ("MSR  BASEPRI,%0 ": : "r" (basepri_value));
 548:./Middlewares/ST/threadx/ports/cortex_m4/gnu/inc/tx_port.h **** }
 549:./Middlewares/ST/threadx/ports/cortex_m4/gnu/inc/tx_port.h **** #else
 550:./Middlewares/ST/threadx/ports/cortex_m4/gnu/inc/tx_port.h **** __attribute__( ( always_inline ) ) static inline void __enable_interrupts(void)
 551:./Middlewares/ST/threadx/ports/cortex_m4/gnu/inc/tx_port.h **** {
 552:./Middlewares/ST/threadx/ports/cortex_m4/gnu/inc/tx_port.h ****     __asm__ volatile ("CPSIE  i": : : "memory");
 553:./Middlewares/ST/threadx/ports/cortex_m4/gnu/inc/tx_port.h **** }
 554:./Middlewares/ST/threadx/ports/cortex_m4/gnu/inc/tx_port.h **** #endif
 555:./Middlewares/ST/threadx/ports/cortex_m4/gnu/inc/tx_port.h **** 
 556:./Middlewares/ST/threadx/ports/cortex_m4/gnu/inc/tx_port.h **** __attribute__( ( always_inline ) ) static inline void __restore_interrupt(unsigned int int_posture)
 557:./Middlewares/ST/threadx/ports/cortex_m4/gnu/inc/tx_port.h **** {
 558:./Middlewares/ST/threadx/ports/cortex_m4/gnu/inc/tx_port.h **** #ifdef TX_PORT_USE_BASEPRI
 559:./Middlewares/ST/threadx/ports/cortex_m4/gnu/inc/tx_port.h ****     __set_basepri_value(int_posture);
 560:./Middlewares/ST/threadx/ports/cortex_m4/gnu/inc/tx_port.h ****     //__asm__ volatile ("MSR  BASEPRI,%0": : "r" (int_posture): "memory");
 561:./Middlewares/ST/threadx/ports/cortex_m4/gnu/inc/tx_port.h **** #else
 562:./Middlewares/ST/threadx/ports/cortex_m4/gnu/inc/tx_port.h ****     __asm__ volatile ("MSR  PRIMASK,%0": : "r" (int_posture): "memory");
 563:./Middlewares/ST/threadx/ports/cortex_m4/gnu/inc/tx_port.h **** #endif
 564:./Middlewares/ST/threadx/ports/cortex_m4/gnu/inc/tx_port.h **** }
 565:./Middlewares/ST/threadx/ports/cortex_m4/gnu/inc/tx_port.h **** 
 566:./Middlewares/ST/threadx/ports/cortex_m4/gnu/inc/tx_port.h **** __attribute__( ( always_inline ) ) static inline unsigned int __disable_interrupts(void)
  50              		.loc 2 566 63 view .LVU8
  51              	.LBB13:
 567:./Middlewares/ST/threadx/ports/cortex_m4/gnu/inc/tx_port.h **** {
 568:./Middlewares/ST/threadx/ports/cortex_m4/gnu/inc/tx_port.h **** unsigned int int_posture;
  52              		.loc 2 568 1 view .LVU9
 569:./Middlewares/ST/threadx/ports/cortex_m4/gnu/inc/tx_port.h **** 
 570:./Middlewares/ST/threadx/ports/cortex_m4/gnu/inc/tx_port.h ****     int_posture = __get_interrupt_posture();
  53              		.loc 2 570 5 view .LVU10
  54              	.LBB14:
  55              	.LBI14:
 533:./Middlewares/ST/threadx/ports/cortex_m4/gnu/inc/tx_port.h **** {
  56              		.loc 2 533 63 view .LVU11
  57              	.LBB15:
 535:./Middlewares/ST/threadx/ports/cortex_m4/gnu/inc/tx_port.h **** #ifdef TX_PORT_USE_BASEPRI
  58              		.loc 2 535 1 view .LVU12
 539:./Middlewares/ST/threadx/ports/cortex_m4/gnu/inc/tx_port.h **** #endif
  59              		.loc 2 539 5 view .LVU13
  60              		.syntax unified
  61              	@ 539 "./Middlewares/ST/threadx/ports/cortex_m4/gnu/inc/tx_port.h" 1
  62 0002 EFF31082 		MRS  r2, PRIMASK 
  63              	@ 0 "" 2
  64              	.LVL2:
 541:./Middlewares/ST/threadx/ports/cortex_m4/gnu/inc/tx_port.h **** }
  65              		.loc 2 541 5 view .LVU14
 541:./Middlewares/ST/threadx/ports/cortex_m4/gnu/inc/tx_port.h **** }
  66              		.loc 2 541 5 is_stmt 0 view .LVU15
  67              		.thumb
  68              		.syntax unified
  69              	.LBE15:
  70              	.LBE14:
 571:./Middlewares/ST/threadx/ports/cortex_m4/gnu/inc/tx_port.h **** 
 572:./Middlewares/ST/threadx/ports/cortex_m4/gnu/inc/tx_port.h **** #ifdef TX_PORT_USE_BASEPRI
 573:./Middlewares/ST/threadx/ports/cortex_m4/gnu/inc/tx_port.h ****     __set_basepri_value(TX_PORT_BASEPRI);
 574:./Middlewares/ST/threadx/ports/cortex_m4/gnu/inc/tx_port.h **** #else
ARM GAS  C:\Users\Dennis\AppData\Local\Temp\ccJX4JbD.s 			page 14


 575:./Middlewares/ST/threadx/ports/cortex_m4/gnu/inc/tx_port.h ****     __asm__ volatile ("CPSID i" : : : "memory");
  71              		.loc 2 575 5 is_stmt 1 view .LVU16
  72              		.syntax unified
  73              	@ 575 "./Middlewares/ST/threadx/ports/cortex_m4/gnu/inc/tx_port.h" 1
  74 0006 72B6     		CPSID i
  75              	@ 0 "" 2
 576:./Middlewares/ST/threadx/ports/cortex_m4/gnu/inc/tx_port.h **** #endif
 577:./Middlewares/ST/threadx/ports/cortex_m4/gnu/inc/tx_port.h ****     return(int_posture);
  76              		.loc 2 577 5 view .LVU17
  77              	.LVL3:
  78              		.loc 2 577 5 is_stmt 0 view .LVU18
  79              		.thumb
  80              		.syntax unified
  81              	.LBE13:
  82              	.LBE12:
  94:./Middlewares/ST/threadx/common/src/tx_thread_timeout.c **** 
  95:./Middlewares/ST/threadx/common/src/tx_thread_timeout.c ****     /* Determine how the thread is currently suspended.  */
  96:./Middlewares/ST/threadx/common/src/tx_thread_timeout.c ****     if (thread_ptr -> tx_thread_state == TX_SLEEP)
  83              		.loc 1 96 5 is_stmt 1 view .LVU19
  84              		.loc 1 96 20 is_stmt 0 view .LVU20
  85 0008 036B     		ldr	r3, [r0, #48]
  86              		.loc 1 96 8 view .LVU21
  87 000a 042B     		cmp	r3, #4
  88 000c 07D0     		beq	.L5
  97:./Middlewares/ST/threadx/common/src/tx_thread_timeout.c ****     {
  98:./Middlewares/ST/threadx/common/src/tx_thread_timeout.c **** 
  99:./Middlewares/ST/threadx/common/src/tx_thread_timeout.c **** #ifdef TX_NOT_INTERRUPTABLE
 100:./Middlewares/ST/threadx/common/src/tx_thread_timeout.c **** 
 101:./Middlewares/ST/threadx/common/src/tx_thread_timeout.c ****         /* Resume the thread!  */
 102:./Middlewares/ST/threadx/common/src/tx_thread_timeout.c ****         _tx_thread_system_ni_resume(thread_ptr);
 103:./Middlewares/ST/threadx/common/src/tx_thread_timeout.c **** 
 104:./Middlewares/ST/threadx/common/src/tx_thread_timeout.c ****         /* Restore interrupts.  */
 105:./Middlewares/ST/threadx/common/src/tx_thread_timeout.c ****         TX_RESTORE
 106:./Middlewares/ST/threadx/common/src/tx_thread_timeout.c **** #else
 107:./Middlewares/ST/threadx/common/src/tx_thread_timeout.c **** 
 108:./Middlewares/ST/threadx/common/src/tx_thread_timeout.c ****         /* Increment the disable preemption flag.  */
 109:./Middlewares/ST/threadx/common/src/tx_thread_timeout.c ****         _tx_thread_preempt_disable++;
 110:./Middlewares/ST/threadx/common/src/tx_thread_timeout.c **** 
 111:./Middlewares/ST/threadx/common/src/tx_thread_timeout.c ****         /* Restore interrupts.  */
 112:./Middlewares/ST/threadx/common/src/tx_thread_timeout.c ****         TX_RESTORE
 113:./Middlewares/ST/threadx/common/src/tx_thread_timeout.c **** 
 114:./Middlewares/ST/threadx/common/src/tx_thread_timeout.c ****         /* Lift the suspension on the sleeping thread.  */
 115:./Middlewares/ST/threadx/common/src/tx_thread_timeout.c ****         _tx_thread_system_resume(thread_ptr);
 116:./Middlewares/ST/threadx/common/src/tx_thread_timeout.c **** #endif
 117:./Middlewares/ST/threadx/common/src/tx_thread_timeout.c ****     }
 118:./Middlewares/ST/threadx/common/src/tx_thread_timeout.c ****     else
 119:./Middlewares/ST/threadx/common/src/tx_thread_timeout.c ****     {
 120:./Middlewares/ST/threadx/common/src/tx_thread_timeout.c **** 
 121:./Middlewares/ST/threadx/common/src/tx_thread_timeout.c ****         /* Process all other suspension timeouts.  */
 122:./Middlewares/ST/threadx/common/src/tx_thread_timeout.c **** 
 123:./Middlewares/ST/threadx/common/src/tx_thread_timeout.c **** #ifdef TX_THREAD_ENABLE_PERFORMANCE_INFO
 124:./Middlewares/ST/threadx/common/src/tx_thread_timeout.c **** 
 125:./Middlewares/ST/threadx/common/src/tx_thread_timeout.c ****         /* Increment the total number of thread timeouts.  */
 126:./Middlewares/ST/threadx/common/src/tx_thread_timeout.c ****         _tx_thread_performance_timeout_count++;
 127:./Middlewares/ST/threadx/common/src/tx_thread_timeout.c **** 
 128:./Middlewares/ST/threadx/common/src/tx_thread_timeout.c ****         /* Increment the number of timeouts for this thread.  */
 129:./Middlewares/ST/threadx/common/src/tx_thread_timeout.c ****         thread_ptr -> tx_thread_performance_timeout_count++;
ARM GAS  C:\Users\Dennis\AppData\Local\Temp\ccJX4JbD.s 			page 15


 130:./Middlewares/ST/threadx/common/src/tx_thread_timeout.c **** #endif
 131:./Middlewares/ST/threadx/common/src/tx_thread_timeout.c **** 
 132:./Middlewares/ST/threadx/common/src/tx_thread_timeout.c ****         /* Pickup the cleanup routine address.  */
 133:./Middlewares/ST/threadx/common/src/tx_thread_timeout.c ****         suspend_cleanup =  thread_ptr -> tx_thread_suspend_cleanup;
  89              		.loc 1 133 9 is_stmt 1 view .LVU22
  90              		.loc 1 133 25 is_stmt 0 view .LVU23
  91 000e 836E     		ldr	r3, [r0, #104]
  92              	.LVL4:
 134:./Middlewares/ST/threadx/common/src/tx_thread_timeout.c **** 
 135:./Middlewares/ST/threadx/common/src/tx_thread_timeout.c **** #ifndef TX_NOT_INTERRUPTABLE
 136:./Middlewares/ST/threadx/common/src/tx_thread_timeout.c **** 
 137:./Middlewares/ST/threadx/common/src/tx_thread_timeout.c ****         /* Pickup the suspension sequence number that is used later to verify that the
 138:./Middlewares/ST/threadx/common/src/tx_thread_timeout.c ****            cleanup is still necessary.  */
 139:./Middlewares/ST/threadx/common/src/tx_thread_timeout.c ****         suspension_sequence =  thread_ptr -> tx_thread_suspension_sequence;
  93              		.loc 1 139 9 is_stmt 1 view .LVU24
  94              		.loc 1 139 29 is_stmt 0 view .LVU25
  95 0010 D0F8AC10 		ldr	r1, [r0, #172]
  96              	.LVL5:
 140:./Middlewares/ST/threadx/common/src/tx_thread_timeout.c **** #else
 141:./Middlewares/ST/threadx/common/src/tx_thread_timeout.c **** 
 142:./Middlewares/ST/threadx/common/src/tx_thread_timeout.c ****         /* When not interruptable is selected, the suspension sequence is not used - just set to 0.
 143:./Middlewares/ST/threadx/common/src/tx_thread_timeout.c ****         suspension_sequence =  ((ULONG) 0);
 144:./Middlewares/ST/threadx/common/src/tx_thread_timeout.c **** #endif
 145:./Middlewares/ST/threadx/common/src/tx_thread_timeout.c **** 
 146:./Middlewares/ST/threadx/common/src/tx_thread_timeout.c **** #ifndef TX_NOT_INTERRUPTABLE
 147:./Middlewares/ST/threadx/common/src/tx_thread_timeout.c **** 
 148:./Middlewares/ST/threadx/common/src/tx_thread_timeout.c ****         /* Restore interrupts.  */
 149:./Middlewares/ST/threadx/common/src/tx_thread_timeout.c ****         TX_RESTORE
  97              		.loc 1 149 9 is_stmt 1 view .LVU26
  98              	.LBB16:
  99              	.LBI16:
 556:./Middlewares/ST/threadx/ports/cortex_m4/gnu/inc/tx_port.h **** {
 100              		.loc 2 556 55 view .LVU27
 101              	.LBB17:
 562:./Middlewares/ST/threadx/ports/cortex_m4/gnu/inc/tx_port.h **** #endif
 102              		.loc 2 562 5 view .LVU28
 103              		.syntax unified
 104              	@ 562 "./Middlewares/ST/threadx/ports/cortex_m4/gnu/inc/tx_port.h" 1
 105 0014 82F31088 		MSR  PRIMASK,r2
 106              	@ 0 "" 2
 107              	.LVL6:
 562:./Middlewares/ST/threadx/ports/cortex_m4/gnu/inc/tx_port.h **** #endif
 108              		.loc 2 562 5 is_stmt 0 view .LVU29
 109              		.thumb
 110              		.syntax unified
 111              	.LBE17:
 112              	.LBE16:
 150:./Middlewares/ST/threadx/common/src/tx_thread_timeout.c **** #endif
 151:./Middlewares/ST/threadx/common/src/tx_thread_timeout.c **** 
 152:./Middlewares/ST/threadx/common/src/tx_thread_timeout.c ****         /* Call any cleanup routines.  */
 153:./Middlewares/ST/threadx/common/src/tx_thread_timeout.c ****         if (suspend_cleanup != TX_NULL)
 113              		.loc 1 153 9 is_stmt 1 view .LVU30
 114              		.loc 1 153 12 is_stmt 0 view .LVU31
 115 0018 03B1     		cbz	r3, .L1
 154:./Middlewares/ST/threadx/common/src/tx_thread_timeout.c ****         {
 155:./Middlewares/ST/threadx/common/src/tx_thread_timeout.c **** 
 156:./Middlewares/ST/threadx/common/src/tx_thread_timeout.c ****             /* Yes, there is a function to call.  */
ARM GAS  C:\Users\Dennis\AppData\Local\Temp\ccJX4JbD.s 			page 16


 157:./Middlewares/ST/threadx/common/src/tx_thread_timeout.c ****             (suspend_cleanup)(thread_ptr, suspension_sequence);
 116              		.loc 1 157 13 is_stmt 1 view .LVU32
 117 001a 9847     		blx	r3
 118              	.LVL7:
 119              	.L1:
 158:./Middlewares/ST/threadx/common/src/tx_thread_timeout.c ****         }
 159:./Middlewares/ST/threadx/common/src/tx_thread_timeout.c **** 
 160:./Middlewares/ST/threadx/common/src/tx_thread_timeout.c **** #ifdef TX_NOT_INTERRUPTABLE
 161:./Middlewares/ST/threadx/common/src/tx_thread_timeout.c **** 
 162:./Middlewares/ST/threadx/common/src/tx_thread_timeout.c ****         /* Restore interrupts.  */
 163:./Middlewares/ST/threadx/common/src/tx_thread_timeout.c ****         TX_RESTORE
 164:./Middlewares/ST/threadx/common/src/tx_thread_timeout.c **** #endif
 165:./Middlewares/ST/threadx/common/src/tx_thread_timeout.c ****     }
 166:./Middlewares/ST/threadx/common/src/tx_thread_timeout.c **** }
 120              		.loc 1 166 1 is_stmt 0 view .LVU33
 121 001c 08BD     		pop	{r3, pc}
 122              	.LVL8:
 123              	.L5:
 109:./Middlewares/ST/threadx/common/src/tx_thread_timeout.c **** 
 124              		.loc 1 109 9 is_stmt 1 view .LVU34
 109:./Middlewares/ST/threadx/common/src/tx_thread_timeout.c **** 
 125              		.loc 1 109 35 is_stmt 0 view .LVU35
 126 001e 0449     		ldr	r1, .L6
 127 0020 0B68     		ldr	r3, [r1]
 128 0022 0133     		adds	r3, r3, #1
 129 0024 0B60     		str	r3, [r1]
 112:./Middlewares/ST/threadx/common/src/tx_thread_timeout.c **** 
 130              		.loc 1 112 9 is_stmt 1 view .LVU36
 131              	.LVL9:
 132              	.LBB18:
 133              	.LBI18:
 556:./Middlewares/ST/threadx/ports/cortex_m4/gnu/inc/tx_port.h **** {
 134              		.loc 2 556 55 view .LVU37
 135              	.LBB19:
 562:./Middlewares/ST/threadx/ports/cortex_m4/gnu/inc/tx_port.h **** #endif
 136              		.loc 2 562 5 view .LVU38
 137              		.syntax unified
 138              	@ 562 "./Middlewares/ST/threadx/ports/cortex_m4/gnu/inc/tx_port.h" 1
 139 0026 82F31088 		MSR  PRIMASK,r2
 140              	@ 0 "" 2
 141              	.LVL10:
 562:./Middlewares/ST/threadx/ports/cortex_m4/gnu/inc/tx_port.h **** #endif
 142              		.loc 2 562 5 is_stmt 0 view .LVU39
 143              		.thumb
 144              		.syntax unified
 145              	.LBE19:
 146              	.LBE18:
 115:./Middlewares/ST/threadx/common/src/tx_thread_timeout.c **** #endif
 147              		.loc 1 115 9 is_stmt 1 view .LVU40
 148 002a FFF7FEFF 		bl	_tx_thread_system_resume
 149              	.LVL11:
 115:./Middlewares/ST/threadx/common/src/tx_thread_timeout.c **** #endif
 150              		.loc 1 115 9 is_stmt 0 view .LVU41
 151 002e F5E7     		b	.L1
 152              	.L7:
 153              		.align	2
 154              	.L6:
ARM GAS  C:\Users\Dennis\AppData\Local\Temp\ccJX4JbD.s 			page 17


 155 0030 00000000 		.word	_tx_thread_preempt_disable
 156              		.cfi_endproc
 157              	.LFE8:
 159              		.text
 160              	.Letext0:
 161              		.file 3 "./Middlewares/ST/threadx/common/inc/tx_api.h"
 162              		.file 4 "./Middlewares/ST/threadx/common/inc/tx_thread.h"
ARM GAS  C:\Users\Dennis\AppData\Local\Temp\ccJX4JbD.s 			page 18


DEFINED SYMBOLS
                            *ABS*:00000000 tx_thread_timeout.c
C:\Users\Dennis\AppData\Local\Temp\ccJX4JbD.s:20     .text._tx_thread_timeout:00000000 $t
C:\Users\Dennis\AppData\Local\Temp\ccJX4JbD.s:26     .text._tx_thread_timeout:00000000 _tx_thread_timeout
C:\Users\Dennis\AppData\Local\Temp\ccJX4JbD.s:155    .text._tx_thread_timeout:00000030 $d

UNDEFINED SYMBOLS
_tx_thread_system_resume
_tx_thread_preempt_disable
