ARM GAS  C:\Users\Dennis\AppData\Local\Temp\cc3aiw10.s 			page 1


   1              		.cpu cortex-m4
   2              		.arch armv7e-m
   3              		.fpu fpv4-sp-d16
   4              		.eabi_attribute 27, 1
   5              		.eabi_attribute 28, 1
   6              		.eabi_attribute 20, 1
   7              		.eabi_attribute 21, 1
   8              		.eabi_attribute 23, 3
   9              		.eabi_attribute 24, 1
  10              		.eabi_attribute 25, 1
  11              		.eabi_attribute 26, 1
  12              		.eabi_attribute 30, 1
  13              		.eabi_attribute 34, 1
  14              		.eabi_attribute 18, 4
  15              		.file	"txe_queue_prioritize.c"
  16              		.text
  17              	.Ltext0:
  18              		.cfi_sections	.debug_frame
  19              		.section	.text._txe_queue_prioritize,"ax",%progbits
  20              		.align	1
  21              		.global	_txe_queue_prioritize
  22              		.syntax unified
  23              		.thumb
  24              		.thumb_func
  26              	_txe_queue_prioritize:
  27              	.LVL0:
  28              	.LFB8:
  29              		.file 1 "./Middlewares/ST/threadx/common/src/txe_queue_prioritize.c"
   1:./Middlewares/ST/threadx/common/src/txe_queue_prioritize.c **** /**************************************************************************/
   2:./Middlewares/ST/threadx/common/src/txe_queue_prioritize.c **** /*                                                                        */
   3:./Middlewares/ST/threadx/common/src/txe_queue_prioritize.c **** /*       Copyright (c) Microsoft Corporation. All rights reserved.        */
   4:./Middlewares/ST/threadx/common/src/txe_queue_prioritize.c **** /*                                                                        */
   5:./Middlewares/ST/threadx/common/src/txe_queue_prioritize.c **** /*       This software is licensed under the Microsoft Software License   */
   6:./Middlewares/ST/threadx/common/src/txe_queue_prioritize.c **** /*       Terms for Microsoft Azure RTOS. Full text of the license can be  */
   7:./Middlewares/ST/threadx/common/src/txe_queue_prioritize.c **** /*       found in the LICENSE file at https://aka.ms/AzureRTOS_EULA       */
   8:./Middlewares/ST/threadx/common/src/txe_queue_prioritize.c **** /*       and in the root directory of this software.                      */
   9:./Middlewares/ST/threadx/common/src/txe_queue_prioritize.c **** /*                                                                        */
  10:./Middlewares/ST/threadx/common/src/txe_queue_prioritize.c **** /**************************************************************************/
  11:./Middlewares/ST/threadx/common/src/txe_queue_prioritize.c **** 
  12:./Middlewares/ST/threadx/common/src/txe_queue_prioritize.c **** 
  13:./Middlewares/ST/threadx/common/src/txe_queue_prioritize.c **** /**************************************************************************/
  14:./Middlewares/ST/threadx/common/src/txe_queue_prioritize.c **** /**************************************************************************/
  15:./Middlewares/ST/threadx/common/src/txe_queue_prioritize.c **** /**                                                                       */
  16:./Middlewares/ST/threadx/common/src/txe_queue_prioritize.c **** /** ThreadX Component                                                     */
  17:./Middlewares/ST/threadx/common/src/txe_queue_prioritize.c **** /**                                                                       */
  18:./Middlewares/ST/threadx/common/src/txe_queue_prioritize.c **** /**   Queue                                                               */
  19:./Middlewares/ST/threadx/common/src/txe_queue_prioritize.c **** /**                                                                       */
  20:./Middlewares/ST/threadx/common/src/txe_queue_prioritize.c **** /**************************************************************************/
  21:./Middlewares/ST/threadx/common/src/txe_queue_prioritize.c **** /**************************************************************************/
  22:./Middlewares/ST/threadx/common/src/txe_queue_prioritize.c **** 
  23:./Middlewares/ST/threadx/common/src/txe_queue_prioritize.c **** #define TX_SOURCE_CODE
  24:./Middlewares/ST/threadx/common/src/txe_queue_prioritize.c **** 
  25:./Middlewares/ST/threadx/common/src/txe_queue_prioritize.c **** 
  26:./Middlewares/ST/threadx/common/src/txe_queue_prioritize.c **** /* Include necessary system files.  */
  27:./Middlewares/ST/threadx/common/src/txe_queue_prioritize.c **** 
  28:./Middlewares/ST/threadx/common/src/txe_queue_prioritize.c **** #include "tx_api.h"
  29:./Middlewares/ST/threadx/common/src/txe_queue_prioritize.c **** #include "tx_queue.h"
ARM GAS  C:\Users\Dennis\AppData\Local\Temp\cc3aiw10.s 			page 2


  30:./Middlewares/ST/threadx/common/src/txe_queue_prioritize.c **** 
  31:./Middlewares/ST/threadx/common/src/txe_queue_prioritize.c **** 
  32:./Middlewares/ST/threadx/common/src/txe_queue_prioritize.c **** /**************************************************************************/
  33:./Middlewares/ST/threadx/common/src/txe_queue_prioritize.c **** /*                                                                        */
  34:./Middlewares/ST/threadx/common/src/txe_queue_prioritize.c **** /*  FUNCTION                                               RELEASE        */
  35:./Middlewares/ST/threadx/common/src/txe_queue_prioritize.c **** /*                                                                        */
  36:./Middlewares/ST/threadx/common/src/txe_queue_prioritize.c **** /*    _txe_queue_prioritize                               PORTABLE C      */
  37:./Middlewares/ST/threadx/common/src/txe_queue_prioritize.c **** /*                                                           6.1          */
  38:./Middlewares/ST/threadx/common/src/txe_queue_prioritize.c **** /*  AUTHOR                                                                */
  39:./Middlewares/ST/threadx/common/src/txe_queue_prioritize.c **** /*                                                                        */
  40:./Middlewares/ST/threadx/common/src/txe_queue_prioritize.c **** /*    William E. Lamie, Microsoft Corporation                             */
  41:./Middlewares/ST/threadx/common/src/txe_queue_prioritize.c **** /*                                                                        */
  42:./Middlewares/ST/threadx/common/src/txe_queue_prioritize.c **** /*  DESCRIPTION                                                           */
  43:./Middlewares/ST/threadx/common/src/txe_queue_prioritize.c **** /*                                                                        */
  44:./Middlewares/ST/threadx/common/src/txe_queue_prioritize.c **** /*    This function checks for errors in the queue prioritize call.       */
  45:./Middlewares/ST/threadx/common/src/txe_queue_prioritize.c **** /*                                                                        */
  46:./Middlewares/ST/threadx/common/src/txe_queue_prioritize.c **** /*  INPUT                                                                 */
  47:./Middlewares/ST/threadx/common/src/txe_queue_prioritize.c **** /*                                                                        */
  48:./Middlewares/ST/threadx/common/src/txe_queue_prioritize.c **** /*    queue_ptr                         Pointer to queue control block    */
  49:./Middlewares/ST/threadx/common/src/txe_queue_prioritize.c **** /*                                                                        */
  50:./Middlewares/ST/threadx/common/src/txe_queue_prioritize.c **** /*  OUTPUT                                                                */
  51:./Middlewares/ST/threadx/common/src/txe_queue_prioritize.c **** /*                                                                        */
  52:./Middlewares/ST/threadx/common/src/txe_queue_prioritize.c **** /*    status                            Completion status                 */
  53:./Middlewares/ST/threadx/common/src/txe_queue_prioritize.c **** /*                                                                        */
  54:./Middlewares/ST/threadx/common/src/txe_queue_prioritize.c **** /*  CALLS                                                                 */
  55:./Middlewares/ST/threadx/common/src/txe_queue_prioritize.c **** /*                                                                        */
  56:./Middlewares/ST/threadx/common/src/txe_queue_prioritize.c **** /*    _tx_queue_prioritize              Actual queue prioritize function  */
  57:./Middlewares/ST/threadx/common/src/txe_queue_prioritize.c **** /*                                                                        */
  58:./Middlewares/ST/threadx/common/src/txe_queue_prioritize.c **** /*  CALLED BY                                                             */
  59:./Middlewares/ST/threadx/common/src/txe_queue_prioritize.c **** /*                                                                        */
  60:./Middlewares/ST/threadx/common/src/txe_queue_prioritize.c **** /*    Application Code                                                    */
  61:./Middlewares/ST/threadx/common/src/txe_queue_prioritize.c **** /*                                                                        */
  62:./Middlewares/ST/threadx/common/src/txe_queue_prioritize.c **** /*  RELEASE HISTORY                                                       */
  63:./Middlewares/ST/threadx/common/src/txe_queue_prioritize.c **** /*                                                                        */
  64:./Middlewares/ST/threadx/common/src/txe_queue_prioritize.c **** /*    DATE              NAME                      DESCRIPTION             */
  65:./Middlewares/ST/threadx/common/src/txe_queue_prioritize.c **** /*                                                                        */
  66:./Middlewares/ST/threadx/common/src/txe_queue_prioritize.c **** /*  05-19-2020     William E. Lamie         Initial Version 6.0           */
  67:./Middlewares/ST/threadx/common/src/txe_queue_prioritize.c **** /*  09-30-2020     Yuxin Zhou               Modified comment(s),          */
  68:./Middlewares/ST/threadx/common/src/txe_queue_prioritize.c **** /*                                            resulting in version 6.1    */
  69:./Middlewares/ST/threadx/common/src/txe_queue_prioritize.c **** /*                                                                        */
  70:./Middlewares/ST/threadx/common/src/txe_queue_prioritize.c **** /**************************************************************************/
  71:./Middlewares/ST/threadx/common/src/txe_queue_prioritize.c **** UINT  _txe_queue_prioritize(TX_QUEUE *queue_ptr)
  72:./Middlewares/ST/threadx/common/src/txe_queue_prioritize.c **** {
  30              		.loc 1 72 1 view -0
  31              		.cfi_startproc
  32              		@ args = 0, pretend = 0, frame = 0
  33              		@ frame_needed = 0, uses_anonymous_args = 0
  73:./Middlewares/ST/threadx/common/src/txe_queue_prioritize.c **** 
  74:./Middlewares/ST/threadx/common/src/txe_queue_prioritize.c **** UINT    status;
  34              		.loc 1 74 1 view .LVU1
  75:./Middlewares/ST/threadx/common/src/txe_queue_prioritize.c **** 
  76:./Middlewares/ST/threadx/common/src/txe_queue_prioritize.c **** 
  77:./Middlewares/ST/threadx/common/src/txe_queue_prioritize.c ****     /* Check for an invalid queue pointer.  */
  78:./Middlewares/ST/threadx/common/src/txe_queue_prioritize.c ****     if (queue_ptr == TX_NULL)
  35              		.loc 1 78 5 view .LVU2
  36              		.loc 1 78 8 is_stmt 0 view .LVU3
  37 0000 48B1     		cbz	r0, .L3
ARM GAS  C:\Users\Dennis\AppData\Local\Temp\cc3aiw10.s 			page 3


  72:./Middlewares/ST/threadx/common/src/txe_queue_prioritize.c **** 
  38              		.loc 1 72 1 view .LVU4
  39 0002 08B5     		push	{r3, lr}
  40              	.LCFI0:
  41              		.cfi_def_cfa_offset 8
  42              		.cfi_offset 3, -8
  43              		.cfi_offset 14, -4
  79:./Middlewares/ST/threadx/common/src/txe_queue_prioritize.c ****     {
  80:./Middlewares/ST/threadx/common/src/txe_queue_prioritize.c ****         /* Queue pointer is invalid, return appropriate error code.  */
  81:./Middlewares/ST/threadx/common/src/txe_queue_prioritize.c ****         status =  TX_QUEUE_ERROR;
  82:./Middlewares/ST/threadx/common/src/txe_queue_prioritize.c ****     }
  83:./Middlewares/ST/threadx/common/src/txe_queue_prioritize.c **** 
  84:./Middlewares/ST/threadx/common/src/txe_queue_prioritize.c ****     /* Now check for invalid queue ID.  */
  85:./Middlewares/ST/threadx/common/src/txe_queue_prioritize.c ****     else if (queue_ptr -> tx_queue_id != TX_QUEUE_ID)
  44              		.loc 1 85 10 is_stmt 1 view .LVU5
  45              		.loc 1 85 24 is_stmt 0 view .LVU6
  46 0004 0168     		ldr	r1, [r0]
  47              		.loc 1 85 13 view .LVU7
  48 0006 054A     		ldr	r2, .L10
  49 0008 9142     		cmp	r1, r2
  50 000a 01D0     		beq	.L9
  86:./Middlewares/ST/threadx/common/src/txe_queue_prioritize.c ****     {
  87:./Middlewares/ST/threadx/common/src/txe_queue_prioritize.c ****         /* Queue pointer is invalid, return appropriate error code.  */
  88:./Middlewares/ST/threadx/common/src/txe_queue_prioritize.c ****         status =  TX_QUEUE_ERROR;
  51              		.loc 1 88 16 view .LVU8
  52 000c 0920     		movs	r0, #9
  53              	.LVL1:
  89:./Middlewares/ST/threadx/common/src/txe_queue_prioritize.c ****     }
  90:./Middlewares/ST/threadx/common/src/txe_queue_prioritize.c ****     else
  91:./Middlewares/ST/threadx/common/src/txe_queue_prioritize.c ****     {
  92:./Middlewares/ST/threadx/common/src/txe_queue_prioritize.c **** 
  93:./Middlewares/ST/threadx/common/src/txe_queue_prioritize.c ****         /* Call actual queue prioritize function.  */
  94:./Middlewares/ST/threadx/common/src/txe_queue_prioritize.c ****         status =  _tx_queue_prioritize(queue_ptr);
  95:./Middlewares/ST/threadx/common/src/txe_queue_prioritize.c ****     }
  96:./Middlewares/ST/threadx/common/src/txe_queue_prioritize.c **** 
  97:./Middlewares/ST/threadx/common/src/txe_queue_prioritize.c ****     /* Return completion status.  */
  98:./Middlewares/ST/threadx/common/src/txe_queue_prioritize.c ****     return(status);
  54              		.loc 1 98 5 is_stmt 1 view .LVU9
  55              	.L1:
  99:./Middlewares/ST/threadx/common/src/txe_queue_prioritize.c **** }
  56              		.loc 1 99 1 is_stmt 0 view .LVU10
  57 000e 08BD     		pop	{r3, pc}
  58              	.LVL2:
  59              	.L9:
  94:./Middlewares/ST/threadx/common/src/txe_queue_prioritize.c ****     }
  60              		.loc 1 94 9 is_stmt 1 view .LVU11
  94:./Middlewares/ST/threadx/common/src/txe_queue_prioritize.c ****     }
  61              		.loc 1 94 19 is_stmt 0 view .LVU12
  62 0010 FFF7FEFF 		bl	_tx_queue_prioritize
  63              	.LVL3:
  94:./Middlewares/ST/threadx/common/src/txe_queue_prioritize.c ****     }
  64              		.loc 1 94 19 view .LVU13
  65 0014 FBE7     		b	.L1
  66              	.LVL4:
  67              	.L3:
  68              	.LCFI1:
  69              		.cfi_def_cfa_offset 0
ARM GAS  C:\Users\Dennis\AppData\Local\Temp\cc3aiw10.s 			page 4


  70              		.cfi_restore 3
  71              		.cfi_restore 14
  81:./Middlewares/ST/threadx/common/src/txe_queue_prioritize.c ****     }
  72              		.loc 1 81 16 view .LVU14
  73 0016 0920     		movs	r0, #9
  74              	.LVL5:
  75              		.loc 1 99 1 view .LVU15
  76 0018 7047     		bx	lr
  77              	.L11:
  78 001a 00BF     		.align	2
  79              	.L10:
  80 001c 55455551 		.word	1364542805
  81              		.cfi_endproc
  82              	.LFE8:
  84              		.text
  85              	.Letext0:
  86              		.file 2 "./Middlewares/ST/threadx/ports/cortex_m4/gnu/inc/tx_port.h"
  87              		.file 3 "./Middlewares/ST/threadx/common/inc/tx_api.h"
ARM GAS  C:\Users\Dennis\AppData\Local\Temp\cc3aiw10.s 			page 5


DEFINED SYMBOLS
                            *ABS*:00000000 txe_queue_prioritize.c
C:\Users\Dennis\AppData\Local\Temp\cc3aiw10.s:20     .text._txe_queue_prioritize:00000000 $t
C:\Users\Dennis\AppData\Local\Temp\cc3aiw10.s:26     .text._txe_queue_prioritize:00000000 _txe_queue_prioritize
C:\Users\Dennis\AppData\Local\Temp\cc3aiw10.s:80     .text._txe_queue_prioritize:0000001c $d

UNDEFINED SYMBOLS
_tx_queue_prioritize
