ARM GAS  C:\Users\Dennis\AppData\Local\Temp\ccOOepPI.s 			page 1


   1              		.cpu cortex-m4
   2              		.arch armv7e-m
   3              		.fpu fpv4-sp-d16
   4              		.eabi_attribute 27, 1
   5              		.eabi_attribute 28, 1
   6              		.eabi_attribute 20, 1
   7              		.eabi_attribute 21, 1
   8              		.eabi_attribute 23, 3
   9              		.eabi_attribute 24, 1
  10              		.eabi_attribute 25, 1
  11              		.eabi_attribute 26, 1
  12              		.eabi_attribute 30, 1
  13              		.eabi_attribute 34, 1
  14              		.eabi_attribute 18, 4
  15              		.file	"txe_block_release.c"
  16              		.text
  17              	.Ltext0:
  18              		.cfi_sections	.debug_frame
  19              		.section	.text._txe_block_release,"ax",%progbits
  20              		.align	1
  21              		.global	_txe_block_release
  22              		.syntax unified
  23              		.thumb
  24              		.thumb_func
  26              	_txe_block_release:
  27              	.LVL0:
  28              	.LFB8:
  29              		.file 1 "./Middlewares/ST/threadx/common/src/txe_block_release.c"
   1:./Middlewares/ST/threadx/common/src/txe_block_release.c **** /**************************************************************************/
   2:./Middlewares/ST/threadx/common/src/txe_block_release.c **** /*                                                                        */
   3:./Middlewares/ST/threadx/common/src/txe_block_release.c **** /*       Copyright (c) Microsoft Corporation. All rights reserved.        */
   4:./Middlewares/ST/threadx/common/src/txe_block_release.c **** /*                                                                        */
   5:./Middlewares/ST/threadx/common/src/txe_block_release.c **** /*       This software is licensed under the Microsoft Software License   */
   6:./Middlewares/ST/threadx/common/src/txe_block_release.c **** /*       Terms for Microsoft Azure RTOS. Full text of the license can be  */
   7:./Middlewares/ST/threadx/common/src/txe_block_release.c **** /*       found in the LICENSE file at https://aka.ms/AzureRTOS_EULA       */
   8:./Middlewares/ST/threadx/common/src/txe_block_release.c **** /*       and in the root directory of this software.                      */
   9:./Middlewares/ST/threadx/common/src/txe_block_release.c **** /*                                                                        */
  10:./Middlewares/ST/threadx/common/src/txe_block_release.c **** /**************************************************************************/
  11:./Middlewares/ST/threadx/common/src/txe_block_release.c **** 
  12:./Middlewares/ST/threadx/common/src/txe_block_release.c **** 
  13:./Middlewares/ST/threadx/common/src/txe_block_release.c **** /**************************************************************************/
  14:./Middlewares/ST/threadx/common/src/txe_block_release.c **** /**************************************************************************/
  15:./Middlewares/ST/threadx/common/src/txe_block_release.c **** /**                                                                       */
  16:./Middlewares/ST/threadx/common/src/txe_block_release.c **** /** ThreadX Component                                                     */
  17:./Middlewares/ST/threadx/common/src/txe_block_release.c **** /**                                                                       */
  18:./Middlewares/ST/threadx/common/src/txe_block_release.c **** /**   Block Pool                                                          */
  19:./Middlewares/ST/threadx/common/src/txe_block_release.c **** /**                                                                       */
  20:./Middlewares/ST/threadx/common/src/txe_block_release.c **** /**************************************************************************/
  21:./Middlewares/ST/threadx/common/src/txe_block_release.c **** /**************************************************************************/
  22:./Middlewares/ST/threadx/common/src/txe_block_release.c **** 
  23:./Middlewares/ST/threadx/common/src/txe_block_release.c **** #define TX_SOURCE_CODE
  24:./Middlewares/ST/threadx/common/src/txe_block_release.c **** 
  25:./Middlewares/ST/threadx/common/src/txe_block_release.c **** 
  26:./Middlewares/ST/threadx/common/src/txe_block_release.c **** /* Include necessary system files.  */
  27:./Middlewares/ST/threadx/common/src/txe_block_release.c **** 
  28:./Middlewares/ST/threadx/common/src/txe_block_release.c **** #include "tx_api.h"
  29:./Middlewares/ST/threadx/common/src/txe_block_release.c **** #include "tx_block_pool.h"
ARM GAS  C:\Users\Dennis\AppData\Local\Temp\ccOOepPI.s 			page 2


  30:./Middlewares/ST/threadx/common/src/txe_block_release.c **** 
  31:./Middlewares/ST/threadx/common/src/txe_block_release.c **** 
  32:./Middlewares/ST/threadx/common/src/txe_block_release.c **** /**************************************************************************/
  33:./Middlewares/ST/threadx/common/src/txe_block_release.c **** /*                                                                        */
  34:./Middlewares/ST/threadx/common/src/txe_block_release.c **** /*  FUNCTION                                               RELEASE        */
  35:./Middlewares/ST/threadx/common/src/txe_block_release.c **** /*                                                                        */
  36:./Middlewares/ST/threadx/common/src/txe_block_release.c **** /*    _txe_block_release                                  PORTABLE C      */
  37:./Middlewares/ST/threadx/common/src/txe_block_release.c **** /*                                                           6.1          */
  38:./Middlewares/ST/threadx/common/src/txe_block_release.c **** /*  AUTHOR                                                                */
  39:./Middlewares/ST/threadx/common/src/txe_block_release.c **** /*                                                                        */
  40:./Middlewares/ST/threadx/common/src/txe_block_release.c **** /*    William E. Lamie, Microsoft Corporation                             */
  41:./Middlewares/ST/threadx/common/src/txe_block_release.c **** /*                                                                        */
  42:./Middlewares/ST/threadx/common/src/txe_block_release.c **** /*  DESCRIPTION                                                           */
  43:./Middlewares/ST/threadx/common/src/txe_block_release.c **** /*                                                                        */
  44:./Middlewares/ST/threadx/common/src/txe_block_release.c **** /*    This function checks for errors in the block release function call. */
  45:./Middlewares/ST/threadx/common/src/txe_block_release.c **** /*                                                                        */
  46:./Middlewares/ST/threadx/common/src/txe_block_release.c **** /*  INPUT                                                                 */
  47:./Middlewares/ST/threadx/common/src/txe_block_release.c **** /*                                                                        */
  48:./Middlewares/ST/threadx/common/src/txe_block_release.c **** /*    block_ptr                         Pointer to memory block           */
  49:./Middlewares/ST/threadx/common/src/txe_block_release.c **** /*                                                                        */
  50:./Middlewares/ST/threadx/common/src/txe_block_release.c **** /*  OUTPUT                                                                */
  51:./Middlewares/ST/threadx/common/src/txe_block_release.c **** /*                                                                        */
  52:./Middlewares/ST/threadx/common/src/txe_block_release.c **** /*    TX_PTR_ERROR                      Invalid memory block pointer      */
  53:./Middlewares/ST/threadx/common/src/txe_block_release.c **** /*    status                            Actual completion status          */
  54:./Middlewares/ST/threadx/common/src/txe_block_release.c **** /*                                                                        */
  55:./Middlewares/ST/threadx/common/src/txe_block_release.c **** /*  CALLS                                                                 */
  56:./Middlewares/ST/threadx/common/src/txe_block_release.c **** /*                                                                        */
  57:./Middlewares/ST/threadx/common/src/txe_block_release.c **** /*    _tx_block_release                 Actual block release function     */
  58:./Middlewares/ST/threadx/common/src/txe_block_release.c **** /*                                                                        */
  59:./Middlewares/ST/threadx/common/src/txe_block_release.c **** /*  CALLED BY                                                             */
  60:./Middlewares/ST/threadx/common/src/txe_block_release.c **** /*                                                                        */
  61:./Middlewares/ST/threadx/common/src/txe_block_release.c **** /*    Application Code                                                    */
  62:./Middlewares/ST/threadx/common/src/txe_block_release.c **** /*                                                                        */
  63:./Middlewares/ST/threadx/common/src/txe_block_release.c **** /*  RELEASE HISTORY                                                       */
  64:./Middlewares/ST/threadx/common/src/txe_block_release.c **** /*                                                                        */
  65:./Middlewares/ST/threadx/common/src/txe_block_release.c **** /*    DATE              NAME                      DESCRIPTION             */
  66:./Middlewares/ST/threadx/common/src/txe_block_release.c **** /*                                                                        */
  67:./Middlewares/ST/threadx/common/src/txe_block_release.c **** /*  05-19-2020     William E. Lamie         Initial Version 6.0           */
  68:./Middlewares/ST/threadx/common/src/txe_block_release.c **** /*  09-30-2020     Yuxin Zhou               Modified comment(s),          */
  69:./Middlewares/ST/threadx/common/src/txe_block_release.c **** /*                                            resulting in version 6.1    */
  70:./Middlewares/ST/threadx/common/src/txe_block_release.c **** /*                                                                        */
  71:./Middlewares/ST/threadx/common/src/txe_block_release.c **** /**************************************************************************/
  72:./Middlewares/ST/threadx/common/src/txe_block_release.c **** UINT  _txe_block_release(VOID *block_ptr)
  73:./Middlewares/ST/threadx/common/src/txe_block_release.c **** {
  30              		.loc 1 73 1 view -0
  31              		.cfi_startproc
  32              		@ args = 0, pretend = 0, frame = 0
  33              		@ frame_needed = 0, uses_anonymous_args = 0
  74:./Middlewares/ST/threadx/common/src/txe_block_release.c **** 
  75:./Middlewares/ST/threadx/common/src/txe_block_release.c **** UINT                status;
  34              		.loc 1 75 1 view .LVU1
  76:./Middlewares/ST/threadx/common/src/txe_block_release.c **** TX_BLOCK_POOL       *pool_ptr;
  35              		.loc 1 76 1 view .LVU2
  77:./Middlewares/ST/threadx/common/src/txe_block_release.c **** UCHAR               **indirect_ptr;
  36              		.loc 1 77 1 view .LVU3
  78:./Middlewares/ST/threadx/common/src/txe_block_release.c **** UCHAR               *work_ptr;
  37              		.loc 1 78 1 view .LVU4
ARM GAS  C:\Users\Dennis\AppData\Local\Temp\ccOOepPI.s 			page 3


  79:./Middlewares/ST/threadx/common/src/txe_block_release.c **** 
  80:./Middlewares/ST/threadx/common/src/txe_block_release.c **** 
  81:./Middlewares/ST/threadx/common/src/txe_block_release.c ****     /* First check the supplied pointer.  */
  82:./Middlewares/ST/threadx/common/src/txe_block_release.c ****     if (block_ptr == TX_NULL)
  38              		.loc 1 82 5 view .LVU5
  39              		.loc 1 82 8 is_stmt 0 view .LVU6
  40 0000 60B1     		cbz	r0, .L3
  73:./Middlewares/ST/threadx/common/src/txe_block_release.c **** 
  41              		.loc 1 73 1 view .LVU7
  42 0002 08B5     		push	{r3, lr}
  43              	.LCFI0:
  44              		.cfi_def_cfa_offset 8
  45              		.cfi_offset 3, -8
  46              		.cfi_offset 14, -4
  83:./Middlewares/ST/threadx/common/src/txe_block_release.c ****     {
  84:./Middlewares/ST/threadx/common/src/txe_block_release.c **** 
  85:./Middlewares/ST/threadx/common/src/txe_block_release.c ****         /* The block pointer is invalid, return appropriate status.  */
  86:./Middlewares/ST/threadx/common/src/txe_block_release.c ****         status =  TX_PTR_ERROR;
  87:./Middlewares/ST/threadx/common/src/txe_block_release.c ****     }
  88:./Middlewares/ST/threadx/common/src/txe_block_release.c ****     else
  89:./Middlewares/ST/threadx/common/src/txe_block_release.c ****     {
  90:./Middlewares/ST/threadx/common/src/txe_block_release.c **** 
  91:./Middlewares/ST/threadx/common/src/txe_block_release.c ****         /* Pickup the pool pointer which is just previous to the starting
  92:./Middlewares/ST/threadx/common/src/txe_block_release.c ****            address of block that the caller sees.  */
  93:./Middlewares/ST/threadx/common/src/txe_block_release.c ****         work_ptr =      TX_VOID_TO_UCHAR_POINTER_CONVERT(block_ptr);
  47              		.loc 1 93 9 is_stmt 1 view .LVU8
  48              	.LVL1:
  94:./Middlewares/ST/threadx/common/src/txe_block_release.c ****         work_ptr =      TX_UCHAR_POINTER_SUB(work_ptr, (sizeof(UCHAR *)));
  49              		.loc 1 94 9 view .LVU9
  95:./Middlewares/ST/threadx/common/src/txe_block_release.c ****         indirect_ptr =  TX_UCHAR_TO_INDIRECT_UCHAR_POINTER_CONVERT(work_ptr);
  50              		.loc 1 95 9 view .LVU10
  96:./Middlewares/ST/threadx/common/src/txe_block_release.c ****         work_ptr =      *indirect_ptr;
  51              		.loc 1 96 9 view .LVU11
  52              		.loc 1 96 18 is_stmt 0 view .LVU12
  53 0004 50F8043C 		ldr	r3, [r0, #-4]
  54              	.LVL2:
  97:./Middlewares/ST/threadx/common/src/txe_block_release.c ****         pool_ptr =      TX_UCHAR_TO_BLOCK_POOL_POINTER_CONVERT(work_ptr);
  55              		.loc 1 97 9 is_stmt 1 view .LVU13
  98:./Middlewares/ST/threadx/common/src/txe_block_release.c **** 
  99:./Middlewares/ST/threadx/common/src/txe_block_release.c ****         /* Check for an invalid pool pointer.  */
 100:./Middlewares/ST/threadx/common/src/txe_block_release.c ****         if (pool_ptr == TX_NULL)
  56              		.loc 1 100 9 view .LVU14
  57              		.loc 1 100 12 is_stmt 0 view .LVU15
  58 0008 53B1     		cbz	r3, .L4
 101:./Middlewares/ST/threadx/common/src/txe_block_release.c ****         {
 102:./Middlewares/ST/threadx/common/src/txe_block_release.c **** 
 103:./Middlewares/ST/threadx/common/src/txe_block_release.c ****             /* Pool pointer is invalid, return appropriate error code.  */
 104:./Middlewares/ST/threadx/common/src/txe_block_release.c ****             status =  TX_PTR_ERROR;
 105:./Middlewares/ST/threadx/common/src/txe_block_release.c ****         }
 106:./Middlewares/ST/threadx/common/src/txe_block_release.c **** 
 107:./Middlewares/ST/threadx/common/src/txe_block_release.c ****         /* Now check for invalid pool ID.  */
 108:./Middlewares/ST/threadx/common/src/txe_block_release.c ****         else if  (pool_ptr -> tx_block_pool_id != TX_BLOCK_POOL_ID)
  59              		.loc 1 108 14 is_stmt 1 view .LVU16
  60              		.loc 1 108 28 is_stmt 0 view .LVU17
  61 000a 1968     		ldr	r1, [r3]
  62              		.loc 1 108 18 view .LVU18
  63 000c 054B     		ldr	r3, .L11
ARM GAS  C:\Users\Dennis\AppData\Local\Temp\ccOOepPI.s 			page 4


  64              	.LVL3:
  65              		.loc 1 108 18 view .LVU19
  66 000e 9942     		cmp	r1, r3
  67 0010 01D0     		beq	.L10
 109:./Middlewares/ST/threadx/common/src/txe_block_release.c ****         {
 110:./Middlewares/ST/threadx/common/src/txe_block_release.c **** 
 111:./Middlewares/ST/threadx/common/src/txe_block_release.c ****             /* Pool pointer is invalid, return appropriate error code.  */
 112:./Middlewares/ST/threadx/common/src/txe_block_release.c ****             status =  TX_PTR_ERROR;
  68              		.loc 1 112 20 view .LVU20
  69 0012 0320     		movs	r0, #3
  70              	.LVL4:
 113:./Middlewares/ST/threadx/common/src/txe_block_release.c ****         }
 114:./Middlewares/ST/threadx/common/src/txe_block_release.c ****         else
 115:./Middlewares/ST/threadx/common/src/txe_block_release.c ****         {
 116:./Middlewares/ST/threadx/common/src/txe_block_release.c **** 
 117:./Middlewares/ST/threadx/common/src/txe_block_release.c ****             /* Call actual block release function.  */
 118:./Middlewares/ST/threadx/common/src/txe_block_release.c ****             status =  _tx_block_release(block_ptr);
 119:./Middlewares/ST/threadx/common/src/txe_block_release.c ****         }
 120:./Middlewares/ST/threadx/common/src/txe_block_release.c ****     }
 121:./Middlewares/ST/threadx/common/src/txe_block_release.c **** 
 122:./Middlewares/ST/threadx/common/src/txe_block_release.c ****     /* Return completion status.  */
 123:./Middlewares/ST/threadx/common/src/txe_block_release.c ****     return(status);
  71              		.loc 1 123 5 is_stmt 1 view .LVU21
  72              	.L1:
 124:./Middlewares/ST/threadx/common/src/txe_block_release.c **** }
  73              		.loc 1 124 1 is_stmt 0 view .LVU22
  74 0014 08BD     		pop	{r3, pc}
  75              	.LVL5:
  76              	.L10:
 118:./Middlewares/ST/threadx/common/src/txe_block_release.c ****         }
  77              		.loc 1 118 13 is_stmt 1 view .LVU23
 118:./Middlewares/ST/threadx/common/src/txe_block_release.c ****         }
  78              		.loc 1 118 23 is_stmt 0 view .LVU24
  79 0016 FFF7FEFF 		bl	_tx_block_release
  80              	.LVL6:
 118:./Middlewares/ST/threadx/common/src/txe_block_release.c ****         }
  81              		.loc 1 118 23 view .LVU25
  82 001a FBE7     		b	.L1
  83              	.LVL7:
  84              	.L3:
  85              	.LCFI1:
  86              		.cfi_def_cfa_offset 0
  87              		.cfi_restore 3
  88              		.cfi_restore 14
  86:./Middlewares/ST/threadx/common/src/txe_block_release.c ****     }
  89              		.loc 1 86 16 view .LVU26
  90 001c 0320     		movs	r0, #3
  91              	.LVL8:
  92              		.loc 1 124 1 view .LVU27
  93 001e 7047     		bx	lr
  94              	.LVL9:
  95              	.L4:
  96              	.LCFI2:
  97              		.cfi_def_cfa_offset 8
  98              		.cfi_offset 3, -8
  99              		.cfi_offset 14, -4
 104:./Middlewares/ST/threadx/common/src/txe_block_release.c ****         }
ARM GAS  C:\Users\Dennis\AppData\Local\Temp\ccOOepPI.s 			page 5


 100              		.loc 1 104 20 view .LVU28
 101 0020 0320     		movs	r0, #3
 102              	.LVL10:
 104:./Middlewares/ST/threadx/common/src/txe_block_release.c ****         }
 103              		.loc 1 104 20 view .LVU29
 104 0022 F7E7     		b	.L1
 105              	.L12:
 106              		.align	2
 107              	.L11:
 108 0024 434F4C42 		.word	1112297283
 109              		.cfi_endproc
 110              	.LFE8:
 112              		.text
 113              	.Letext0:
 114              		.file 2 "./Middlewares/ST/threadx/ports/cortex_m4/gnu/inc/tx_port.h"
 115              		.file 3 "./Middlewares/ST/threadx/common/inc/tx_api.h"
ARM GAS  C:\Users\Dennis\AppData\Local\Temp\ccOOepPI.s 			page 6


DEFINED SYMBOLS
                            *ABS*:00000000 txe_block_release.c
C:\Users\Dennis\AppData\Local\Temp\ccOOepPI.s:20     .text._txe_block_release:00000000 $t
C:\Users\Dennis\AppData\Local\Temp\ccOOepPI.s:26     .text._txe_block_release:00000000 _txe_block_release
C:\Users\Dennis\AppData\Local\Temp\ccOOepPI.s:108    .text._txe_block_release:00000024 $d

UNDEFINED SYMBOLS
_tx_block_release
