ARM GAS  C:\Users\Dennis\AppData\Local\Temp\cceMjdte.s 			page 1


   1              		.cpu cortex-m4
   2              		.arch armv7e-m
   3              		.fpu fpv4-sp-d16
   4              		.eabi_attribute 27, 1
   5              		.eabi_attribute 28, 1
   6              		.eabi_attribute 20, 1
   7              		.eabi_attribute 21, 1
   8              		.eabi_attribute 23, 3
   9              		.eabi_attribute 24, 1
  10              		.eabi_attribute 25, 1
  11              		.eabi_attribute 26, 1
  12              		.eabi_attribute 30, 1
  13              		.eabi_attribute 34, 1
  14              		.eabi_attribute 18, 4
  15              		.file	"txe_event_flags_info_get.c"
  16              		.text
  17              	.Ltext0:
  18              		.cfi_sections	.debug_frame
  19              		.section	.text._txe_event_flags_info_get,"ax",%progbits
  20              		.align	1
  21              		.global	_txe_event_flags_info_get
  22              		.syntax unified
  23              		.thumb
  24              		.thumb_func
  26              	_txe_event_flags_info_get:
  27              	.LVL0:
  28              	.LFB8:
  29              		.file 1 "./Middlewares/ST/threadx/common/src/txe_event_flags_info_get.c"
   1:./Middlewares/ST/threadx/common/src/txe_event_flags_info_get.c **** /**************************************************************************/
   2:./Middlewares/ST/threadx/common/src/txe_event_flags_info_get.c **** /*                                                                        */
   3:./Middlewares/ST/threadx/common/src/txe_event_flags_info_get.c **** /*       Copyright (c) Microsoft Corporation. All rights reserved.        */
   4:./Middlewares/ST/threadx/common/src/txe_event_flags_info_get.c **** /*                                                                        */
   5:./Middlewares/ST/threadx/common/src/txe_event_flags_info_get.c **** /*       This software is licensed under the Microsoft Software License   */
   6:./Middlewares/ST/threadx/common/src/txe_event_flags_info_get.c **** /*       Terms for Microsoft Azure RTOS. Full text of the license can be  */
   7:./Middlewares/ST/threadx/common/src/txe_event_flags_info_get.c **** /*       found in the LICENSE file at https://aka.ms/AzureRTOS_EULA       */
   8:./Middlewares/ST/threadx/common/src/txe_event_flags_info_get.c **** /*       and in the root directory of this software.                      */
   9:./Middlewares/ST/threadx/common/src/txe_event_flags_info_get.c **** /*                                                                        */
  10:./Middlewares/ST/threadx/common/src/txe_event_flags_info_get.c **** /**************************************************************************/
  11:./Middlewares/ST/threadx/common/src/txe_event_flags_info_get.c **** 
  12:./Middlewares/ST/threadx/common/src/txe_event_flags_info_get.c **** 
  13:./Middlewares/ST/threadx/common/src/txe_event_flags_info_get.c **** /**************************************************************************/
  14:./Middlewares/ST/threadx/common/src/txe_event_flags_info_get.c **** /**************************************************************************/
  15:./Middlewares/ST/threadx/common/src/txe_event_flags_info_get.c **** /**                                                                       */
  16:./Middlewares/ST/threadx/common/src/txe_event_flags_info_get.c **** /** ThreadX Component                                                     */
  17:./Middlewares/ST/threadx/common/src/txe_event_flags_info_get.c **** /**                                                                       */
  18:./Middlewares/ST/threadx/common/src/txe_event_flags_info_get.c **** /**   Event Flags                                                         */
  19:./Middlewares/ST/threadx/common/src/txe_event_flags_info_get.c **** /**                                                                       */
  20:./Middlewares/ST/threadx/common/src/txe_event_flags_info_get.c **** /**************************************************************************/
  21:./Middlewares/ST/threadx/common/src/txe_event_flags_info_get.c **** /**************************************************************************/
  22:./Middlewares/ST/threadx/common/src/txe_event_flags_info_get.c **** 
  23:./Middlewares/ST/threadx/common/src/txe_event_flags_info_get.c **** #define TX_SOURCE_CODE
  24:./Middlewares/ST/threadx/common/src/txe_event_flags_info_get.c **** 
  25:./Middlewares/ST/threadx/common/src/txe_event_flags_info_get.c **** 
  26:./Middlewares/ST/threadx/common/src/txe_event_flags_info_get.c **** /* Include necessary system files.  */
  27:./Middlewares/ST/threadx/common/src/txe_event_flags_info_get.c **** 
  28:./Middlewares/ST/threadx/common/src/txe_event_flags_info_get.c **** #include "tx_api.h"
  29:./Middlewares/ST/threadx/common/src/txe_event_flags_info_get.c **** #include "tx_event_flags.h"
ARM GAS  C:\Users\Dennis\AppData\Local\Temp\cceMjdte.s 			page 2


  30:./Middlewares/ST/threadx/common/src/txe_event_flags_info_get.c **** 
  31:./Middlewares/ST/threadx/common/src/txe_event_flags_info_get.c **** 
  32:./Middlewares/ST/threadx/common/src/txe_event_flags_info_get.c **** /**************************************************************************/
  33:./Middlewares/ST/threadx/common/src/txe_event_flags_info_get.c **** /*                                                                        */
  34:./Middlewares/ST/threadx/common/src/txe_event_flags_info_get.c **** /*  FUNCTION                                               RELEASE        */
  35:./Middlewares/ST/threadx/common/src/txe_event_flags_info_get.c **** /*                                                                        */
  36:./Middlewares/ST/threadx/common/src/txe_event_flags_info_get.c **** /*    _txe_event_flags_info_get                           PORTABLE C      */
  37:./Middlewares/ST/threadx/common/src/txe_event_flags_info_get.c **** /*                                                           6.1          */
  38:./Middlewares/ST/threadx/common/src/txe_event_flags_info_get.c **** /*  AUTHOR                                                                */
  39:./Middlewares/ST/threadx/common/src/txe_event_flags_info_get.c **** /*                                                                        */
  40:./Middlewares/ST/threadx/common/src/txe_event_flags_info_get.c **** /*    William E. Lamie, Microsoft Corporation                             */
  41:./Middlewares/ST/threadx/common/src/txe_event_flags_info_get.c **** /*                                                                        */
  42:./Middlewares/ST/threadx/common/src/txe_event_flags_info_get.c **** /*  DESCRIPTION                                                           */
  43:./Middlewares/ST/threadx/common/src/txe_event_flags_info_get.c **** /*                                                                        */
  44:./Middlewares/ST/threadx/common/src/txe_event_flags_info_get.c **** /*    This function checks for errors in the event flag information get   */
  45:./Middlewares/ST/threadx/common/src/txe_event_flags_info_get.c **** /*    service.                                                            */
  46:./Middlewares/ST/threadx/common/src/txe_event_flags_info_get.c **** /*                                                                        */
  47:./Middlewares/ST/threadx/common/src/txe_event_flags_info_get.c **** /*  INPUT                                                                 */
  48:./Middlewares/ST/threadx/common/src/txe_event_flags_info_get.c **** /*                                                                        */
  49:./Middlewares/ST/threadx/common/src/txe_event_flags_info_get.c **** /*    group_ptr                         Pointer to event flag group       */
  50:./Middlewares/ST/threadx/common/src/txe_event_flags_info_get.c **** /*    name                              Destination for the event flags   */
  51:./Middlewares/ST/threadx/common/src/txe_event_flags_info_get.c **** /*                                        group name                      */
  52:./Middlewares/ST/threadx/common/src/txe_event_flags_info_get.c **** /*    current_flags                     Current event flags               */
  53:./Middlewares/ST/threadx/common/src/txe_event_flags_info_get.c **** /*    first_suspended                   Destination for pointer of first  */
  54:./Middlewares/ST/threadx/common/src/txe_event_flags_info_get.c **** /*                                        thread suspended on event flags */
  55:./Middlewares/ST/threadx/common/src/txe_event_flags_info_get.c **** /*    suspended_count                   Destination for suspended count   */
  56:./Middlewares/ST/threadx/common/src/txe_event_flags_info_get.c **** /*    next_group                        Destination for pointer to next   */
  57:./Middlewares/ST/threadx/common/src/txe_event_flags_info_get.c **** /*                                        event flag group on the created */
  58:./Middlewares/ST/threadx/common/src/txe_event_flags_info_get.c **** /*                                        list                            */
  59:./Middlewares/ST/threadx/common/src/txe_event_flags_info_get.c **** /*                                                                        */
  60:./Middlewares/ST/threadx/common/src/txe_event_flags_info_get.c **** /*  OUTPUT                                                                */
  61:./Middlewares/ST/threadx/common/src/txe_event_flags_info_get.c **** /*                                                                        */
  62:./Middlewares/ST/threadx/common/src/txe_event_flags_info_get.c **** /*    TX_GROUP_ERROR                    Invalid event flag group pointer  */
  63:./Middlewares/ST/threadx/common/src/txe_event_flags_info_get.c **** /*    status                            Completion status                 */
  64:./Middlewares/ST/threadx/common/src/txe_event_flags_info_get.c **** /*                                                                        */
  65:./Middlewares/ST/threadx/common/src/txe_event_flags_info_get.c **** /*  CALLS                                                                 */
  66:./Middlewares/ST/threadx/common/src/txe_event_flags_info_get.c **** /*                                                                        */
  67:./Middlewares/ST/threadx/common/src/txe_event_flags_info_get.c **** /*    _tx_event_flags_info_get          Actual event flags group info     */
  68:./Middlewares/ST/threadx/common/src/txe_event_flags_info_get.c **** /*                                        get service                     */
  69:./Middlewares/ST/threadx/common/src/txe_event_flags_info_get.c **** /*                                                                        */
  70:./Middlewares/ST/threadx/common/src/txe_event_flags_info_get.c **** /*  CALLED BY                                                             */
  71:./Middlewares/ST/threadx/common/src/txe_event_flags_info_get.c **** /*                                                                        */
  72:./Middlewares/ST/threadx/common/src/txe_event_flags_info_get.c **** /*    Application Code                                                    */
  73:./Middlewares/ST/threadx/common/src/txe_event_flags_info_get.c **** /*                                                                        */
  74:./Middlewares/ST/threadx/common/src/txe_event_flags_info_get.c **** /*  RELEASE HISTORY                                                       */
  75:./Middlewares/ST/threadx/common/src/txe_event_flags_info_get.c **** /*                                                                        */
  76:./Middlewares/ST/threadx/common/src/txe_event_flags_info_get.c **** /*    DATE              NAME                      DESCRIPTION             */
  77:./Middlewares/ST/threadx/common/src/txe_event_flags_info_get.c **** /*                                                                        */
  78:./Middlewares/ST/threadx/common/src/txe_event_flags_info_get.c **** /*  05-19-2020     William E. Lamie         Initial Version 6.0           */
  79:./Middlewares/ST/threadx/common/src/txe_event_flags_info_get.c **** /*  09-30-2020     Yuxin Zhou               Modified comment(s),          */
  80:./Middlewares/ST/threadx/common/src/txe_event_flags_info_get.c **** /*                                            resulting in version 6.1    */
  81:./Middlewares/ST/threadx/common/src/txe_event_flags_info_get.c **** /*                                                                        */
  82:./Middlewares/ST/threadx/common/src/txe_event_flags_info_get.c **** /**************************************************************************/
  83:./Middlewares/ST/threadx/common/src/txe_event_flags_info_get.c **** UINT  _txe_event_flags_info_get(TX_EVENT_FLAGS_GROUP *group_ptr, CHAR **name, ULONG *current_flags,
  84:./Middlewares/ST/threadx/common/src/txe_event_flags_info_get.c ****                     TX_THREAD **first_suspended, ULONG *suspended_count,
  85:./Middlewares/ST/threadx/common/src/txe_event_flags_info_get.c ****                     TX_EVENT_FLAGS_GROUP **next_group)
  86:./Middlewares/ST/threadx/common/src/txe_event_flags_info_get.c **** {
ARM GAS  C:\Users\Dennis\AppData\Local\Temp\cceMjdte.s 			page 3


  30              		.loc 1 86 1 view -0
  31              		.cfi_startproc
  32              		@ args = 8, pretend = 0, frame = 0
  33              		@ frame_needed = 0, uses_anonymous_args = 0
  87:./Middlewares/ST/threadx/common/src/txe_event_flags_info_get.c **** 
  88:./Middlewares/ST/threadx/common/src/txe_event_flags_info_get.c **** UINT        status;
  34              		.loc 1 88 1 view .LVU1
  89:./Middlewares/ST/threadx/common/src/txe_event_flags_info_get.c **** 
  90:./Middlewares/ST/threadx/common/src/txe_event_flags_info_get.c **** 
  91:./Middlewares/ST/threadx/common/src/txe_event_flags_info_get.c ****     /* Check for an invalid event flag group pointer.  */
  92:./Middlewares/ST/threadx/common/src/txe_event_flags_info_get.c ****     if (group_ptr == TX_NULL)
  35              		.loc 1 92 5 view .LVU2
  36              		.loc 1 92 8 is_stmt 0 view .LVU3
  37 0000 90B1     		cbz	r0, .L3
  86:./Middlewares/ST/threadx/common/src/txe_event_flags_info_get.c **** 
  38              		.loc 1 86 1 view .LVU4
  39 0002 10B5     		push	{r4, lr}
  40              	.LCFI0:
  41              		.cfi_def_cfa_offset 8
  42              		.cfi_offset 4, -8
  43              		.cfi_offset 14, -4
  44 0004 82B0     		sub	sp, sp, #8
  45              	.LCFI1:
  46              		.cfi_def_cfa_offset 16
  47 0006 8446     		mov	ip, r0
  93:./Middlewares/ST/threadx/common/src/txe_event_flags_info_get.c ****     {
  94:./Middlewares/ST/threadx/common/src/txe_event_flags_info_get.c **** 
  95:./Middlewares/ST/threadx/common/src/txe_event_flags_info_get.c ****         /* Event flags group pointer is invalid, return appropriate error code.  */
  96:./Middlewares/ST/threadx/common/src/txe_event_flags_info_get.c ****         status =  TX_GROUP_ERROR;
  97:./Middlewares/ST/threadx/common/src/txe_event_flags_info_get.c ****     }
  98:./Middlewares/ST/threadx/common/src/txe_event_flags_info_get.c **** 
  99:./Middlewares/ST/threadx/common/src/txe_event_flags_info_get.c ****     /* Now check for invalid event flag group ID.  */
 100:./Middlewares/ST/threadx/common/src/txe_event_flags_info_get.c ****     else if (group_ptr -> tx_event_flags_group_id != TX_EVENT_FLAGS_ID)
  48              		.loc 1 100 10 is_stmt 1 view .LVU5
  49              		.loc 1 100 13 is_stmt 0 view .LVU6
  50 0008 0848     		ldr	r0, .L10
  51              	.LVL1:
  52              		.loc 1 100 13 view .LVU7
  53 000a DCF80040 		ldr	r4, [ip]
  54 000e 8442     		cmp	r4, r0
  55 0010 02D0     		beq	.L9
 101:./Middlewares/ST/threadx/common/src/txe_event_flags_info_get.c ****     {
 102:./Middlewares/ST/threadx/common/src/txe_event_flags_info_get.c **** 
 103:./Middlewares/ST/threadx/common/src/txe_event_flags_info_get.c ****         /* Event flags group pointer is invalid, return appropriate error code.  */
 104:./Middlewares/ST/threadx/common/src/txe_event_flags_info_get.c ****         status =  TX_GROUP_ERROR;
  56              		.loc 1 104 16 view .LVU8
  57 0012 0620     		movs	r0, #6
  58              	.LVL2:
 105:./Middlewares/ST/threadx/common/src/txe_event_flags_info_get.c ****     }
 106:./Middlewares/ST/threadx/common/src/txe_event_flags_info_get.c ****     else
 107:./Middlewares/ST/threadx/common/src/txe_event_flags_info_get.c ****     {
 108:./Middlewares/ST/threadx/common/src/txe_event_flags_info_get.c **** 
 109:./Middlewares/ST/threadx/common/src/txe_event_flags_info_get.c ****         /* Otherwise, call the actual event flags group information get service.  */
 110:./Middlewares/ST/threadx/common/src/txe_event_flags_info_get.c ****         status =  _tx_event_flags_info_get(group_ptr, name, current_flags, first_suspended,
 111:./Middlewares/ST/threadx/common/src/txe_event_flags_info_get.c ****                                                             suspended_count, next_group);
 112:./Middlewares/ST/threadx/common/src/txe_event_flags_info_get.c ****     }
 113:./Middlewares/ST/threadx/common/src/txe_event_flags_info_get.c **** 
ARM GAS  C:\Users\Dennis\AppData\Local\Temp\cceMjdte.s 			page 4


 114:./Middlewares/ST/threadx/common/src/txe_event_flags_info_get.c ****     /* Return completion status.  */
 115:./Middlewares/ST/threadx/common/src/txe_event_flags_info_get.c ****     return(status);
  59              		.loc 1 115 5 is_stmt 1 view .LVU9
  60              	.L1:
 116:./Middlewares/ST/threadx/common/src/txe_event_flags_info_get.c **** }
  61              		.loc 1 116 1 is_stmt 0 view .LVU10
  62 0014 02B0     		add	sp, sp, #8
  63              	.LCFI2:
  64              		.cfi_remember_state
  65              		.cfi_def_cfa_offset 8
  66              		@ sp needed
  67 0016 10BD     		pop	{r4, pc}
  68              	.LVL3:
  69              	.L9:
  70              	.LCFI3:
  71              		.cfi_restore_state
 110:./Middlewares/ST/threadx/common/src/txe_event_flags_info_get.c ****                                                             suspended_count, next_group);
  72              		.loc 1 110 9 is_stmt 1 view .LVU11
 110:./Middlewares/ST/threadx/common/src/txe_event_flags_info_get.c ****                                                             suspended_count, next_group);
  73              		.loc 1 110 19 is_stmt 0 view .LVU12
  74 0018 0598     		ldr	r0, [sp, #20]
  75 001a 0190     		str	r0, [sp, #4]
  76 001c 0498     		ldr	r0, [sp, #16]
  77 001e 0090     		str	r0, [sp]
  78 0020 6046     		mov	r0, ip
  79 0022 FFF7FEFF 		bl	_tx_event_flags_info_get
  80              	.LVL4:
 110:./Middlewares/ST/threadx/common/src/txe_event_flags_info_get.c ****                                                             suspended_count, next_group);
  81              		.loc 1 110 19 view .LVU13
  82 0026 F5E7     		b	.L1
  83              	.LVL5:
  84              	.L3:
  85              	.LCFI4:
  86              		.cfi_def_cfa_offset 0
  87              		.cfi_restore 4
  88              		.cfi_restore 14
  96:./Middlewares/ST/threadx/common/src/txe_event_flags_info_get.c ****     }
  89              		.loc 1 96 16 view .LVU14
  90 0028 0620     		movs	r0, #6
  91              	.LVL6:
  92              		.loc 1 116 1 view .LVU15
  93 002a 7047     		bx	lr
  94              	.L11:
  95              		.align	2
  96              	.L10:
  97 002c 4E445644 		.word	1146504270
  98              		.cfi_endproc
  99              	.LFE8:
 101              		.text
 102              	.Letext0:
 103              		.file 2 "./Middlewares/ST/threadx/ports/cortex_m4/gnu/inc/tx_port.h"
 104              		.file 3 "./Middlewares/ST/threadx/common/inc/tx_api.h"
ARM GAS  C:\Users\Dennis\AppData\Local\Temp\cceMjdte.s 			page 5


DEFINED SYMBOLS
                            *ABS*:00000000 txe_event_flags_info_get.c
C:\Users\Dennis\AppData\Local\Temp\cceMjdte.s:20     .text._txe_event_flags_info_get:00000000 $t
C:\Users\Dennis\AppData\Local\Temp\cceMjdte.s:26     .text._txe_event_flags_info_get:00000000 _txe_event_flags_info_get
C:\Users\Dennis\AppData\Local\Temp\cceMjdte.s:97     .text._txe_event_flags_info_get:0000002c $d

UNDEFINED SYMBOLS
_tx_event_flags_info_get
