ARM GAS  C:\Users\Dennis\AppData\Local\Temp\ccD8ClV1.s 			page 1


   1              		.cpu cortex-m4
   2              		.arch armv7e-m
   3              		.fpu fpv4-sp-d16
   4              		.eabi_attribute 27, 1
   5              		.eabi_attribute 28, 1
   6              		.eabi_attribute 20, 1
   7              		.eabi_attribute 21, 1
   8              		.eabi_attribute 23, 3
   9              		.eabi_attribute 24, 1
  10              		.eabi_attribute 25, 1
  11              		.eabi_attribute 26, 1
  12              		.eabi_attribute 30, 1
  13              		.eabi_attribute 34, 1
  14              		.eabi_attribute 18, 4
  15              		.file	"ux_device_stack_configuration_get.c"
  16              		.text
  17              	.Ltext0:
  18              		.cfi_sections	.debug_frame
  19              		.section	.text._ux_device_stack_configuration_get,"ax",%progbits
  20              		.align	1
  21              		.global	_ux_device_stack_configuration_get
  22              		.syntax unified
  23              		.thumb
  24              		.thumb_func
  26              	_ux_device_stack_configuration_get:
  27              	.LFB11:
  28              		.file 1 "./Middlewares/ST/usbx/common/core/src/ux_device_stack_configuration_get.c"
   1:./Middlewares/ST/usbx/common/core/src/ux_device_stack_configuration_get.c **** /**************************************************************************/
   2:./Middlewares/ST/usbx/common/core/src/ux_device_stack_configuration_get.c **** /*                                                                        */
   3:./Middlewares/ST/usbx/common/core/src/ux_device_stack_configuration_get.c **** /*       Copyright (c) Microsoft Corporation. All rights reserved.        */
   4:./Middlewares/ST/usbx/common/core/src/ux_device_stack_configuration_get.c **** /*                                                                        */
   5:./Middlewares/ST/usbx/common/core/src/ux_device_stack_configuration_get.c **** /*       This software is licensed under the Microsoft Software License   */
   6:./Middlewares/ST/usbx/common/core/src/ux_device_stack_configuration_get.c **** /*       Terms for Microsoft Azure RTOS. Full text of the license can be  */
   7:./Middlewares/ST/usbx/common/core/src/ux_device_stack_configuration_get.c **** /*       found in the LICENSE file at https://aka.ms/AzureRTOS_EULA       */
   8:./Middlewares/ST/usbx/common/core/src/ux_device_stack_configuration_get.c **** /*       and in the root directory of this software.                      */
   9:./Middlewares/ST/usbx/common/core/src/ux_device_stack_configuration_get.c **** /*                                                                        */
  10:./Middlewares/ST/usbx/common/core/src/ux_device_stack_configuration_get.c **** /**************************************************************************/
  11:./Middlewares/ST/usbx/common/core/src/ux_device_stack_configuration_get.c **** 
  12:./Middlewares/ST/usbx/common/core/src/ux_device_stack_configuration_get.c **** 
  13:./Middlewares/ST/usbx/common/core/src/ux_device_stack_configuration_get.c **** /**************************************************************************/
  14:./Middlewares/ST/usbx/common/core/src/ux_device_stack_configuration_get.c **** /**************************************************************************/
  15:./Middlewares/ST/usbx/common/core/src/ux_device_stack_configuration_get.c **** /**                                                                       */ 
  16:./Middlewares/ST/usbx/common/core/src/ux_device_stack_configuration_get.c **** /** USBX Component                                                        */ 
  17:./Middlewares/ST/usbx/common/core/src/ux_device_stack_configuration_get.c **** /**                                                                       */
  18:./Middlewares/ST/usbx/common/core/src/ux_device_stack_configuration_get.c **** /**   Device Stack                                                        */
  19:./Middlewares/ST/usbx/common/core/src/ux_device_stack_configuration_get.c **** /**                                                                       */
  20:./Middlewares/ST/usbx/common/core/src/ux_device_stack_configuration_get.c **** /**************************************************************************/
  21:./Middlewares/ST/usbx/common/core/src/ux_device_stack_configuration_get.c **** /**************************************************************************/
  22:./Middlewares/ST/usbx/common/core/src/ux_device_stack_configuration_get.c **** 
  23:./Middlewares/ST/usbx/common/core/src/ux_device_stack_configuration_get.c **** #define UX_SOURCE_CODE
  24:./Middlewares/ST/usbx/common/core/src/ux_device_stack_configuration_get.c **** 
  25:./Middlewares/ST/usbx/common/core/src/ux_device_stack_configuration_get.c **** 
  26:./Middlewares/ST/usbx/common/core/src/ux_device_stack_configuration_get.c **** /* Include necessary system files.  */
  27:./Middlewares/ST/usbx/common/core/src/ux_device_stack_configuration_get.c **** 
  28:./Middlewares/ST/usbx/common/core/src/ux_device_stack_configuration_get.c **** #include "ux_api.h"
  29:./Middlewares/ST/usbx/common/core/src/ux_device_stack_configuration_get.c **** #include "ux_device_stack.h"
  30:./Middlewares/ST/usbx/common/core/src/ux_device_stack_configuration_get.c **** 
ARM GAS  C:\Users\Dennis\AppData\Local\Temp\ccD8ClV1.s 			page 2


  31:./Middlewares/ST/usbx/common/core/src/ux_device_stack_configuration_get.c **** 
  32:./Middlewares/ST/usbx/common/core/src/ux_device_stack_configuration_get.c **** /**************************************************************************/
  33:./Middlewares/ST/usbx/common/core/src/ux_device_stack_configuration_get.c **** /*                                                                        */
  34:./Middlewares/ST/usbx/common/core/src/ux_device_stack_configuration_get.c **** /*  FUNCTION                                               RELEASE        */
  35:./Middlewares/ST/usbx/common/core/src/ux_device_stack_configuration_get.c **** /*                                                                        */
  36:./Middlewares/ST/usbx/common/core/src/ux_device_stack_configuration_get.c **** /*    _ux_device_stack_configuration_get                  PORTABLE C      */
  37:./Middlewares/ST/usbx/common/core/src/ux_device_stack_configuration_get.c **** /*                                                           6.1          */
  38:./Middlewares/ST/usbx/common/core/src/ux_device_stack_configuration_get.c **** /*  AUTHOR                                                                */
  39:./Middlewares/ST/usbx/common/core/src/ux_device_stack_configuration_get.c **** /*                                                                        */
  40:./Middlewares/ST/usbx/common/core/src/ux_device_stack_configuration_get.c **** /*    Chaoqiong Xiao, Microsoft Corporation                               */
  41:./Middlewares/ST/usbx/common/core/src/ux_device_stack_configuration_get.c **** /*                                                                        */
  42:./Middlewares/ST/usbx/common/core/src/ux_device_stack_configuration_get.c **** /*  DESCRIPTION                                                           */
  43:./Middlewares/ST/usbx/common/core/src/ux_device_stack_configuration_get.c **** /*                                                                        */
  44:./Middlewares/ST/usbx/common/core/src/ux_device_stack_configuration_get.c **** /*    This function gets the current configuration for the device.        */
  45:./Middlewares/ST/usbx/common/core/src/ux_device_stack_configuration_get.c **** /*                                                                        */
  46:./Middlewares/ST/usbx/common/core/src/ux_device_stack_configuration_get.c **** /*  INPUT                                                                 */
  47:./Middlewares/ST/usbx/common/core/src/ux_device_stack_configuration_get.c **** /*                                                                        */
  48:./Middlewares/ST/usbx/common/core/src/ux_device_stack_configuration_get.c **** /*    None                                                                */ 
  49:./Middlewares/ST/usbx/common/core/src/ux_device_stack_configuration_get.c **** /*                                                                        */
  50:./Middlewares/ST/usbx/common/core/src/ux_device_stack_configuration_get.c **** /*  OUTPUT                                                                */
  51:./Middlewares/ST/usbx/common/core/src/ux_device_stack_configuration_get.c **** /*                                                                        */
  52:./Middlewares/ST/usbx/common/core/src/ux_device_stack_configuration_get.c **** /*    Completion Status                                                   */ 
  53:./Middlewares/ST/usbx/common/core/src/ux_device_stack_configuration_get.c **** /*                                                                        */
  54:./Middlewares/ST/usbx/common/core/src/ux_device_stack_configuration_get.c **** /*  CALLS                                                                 */ 
  55:./Middlewares/ST/usbx/common/core/src/ux_device_stack_configuration_get.c **** /*                                                                        */ 
  56:./Middlewares/ST/usbx/common/core/src/ux_device_stack_configuration_get.c **** /*    _ux_device_stack_transfer_request     Transfer request              */ 
  57:./Middlewares/ST/usbx/common/core/src/ux_device_stack_configuration_get.c **** /*                                                                        */ 
  58:./Middlewares/ST/usbx/common/core/src/ux_device_stack_configuration_get.c **** /*  CALLED BY                                                             */ 
  59:./Middlewares/ST/usbx/common/core/src/ux_device_stack_configuration_get.c **** /*                                                                        */ 
  60:./Middlewares/ST/usbx/common/core/src/ux_device_stack_configuration_get.c **** /*    Application                                                         */ 
  61:./Middlewares/ST/usbx/common/core/src/ux_device_stack_configuration_get.c **** /*    Device Stack                                                        */
  62:./Middlewares/ST/usbx/common/core/src/ux_device_stack_configuration_get.c **** /*                                                                        */ 
  63:./Middlewares/ST/usbx/common/core/src/ux_device_stack_configuration_get.c **** /*  RELEASE HISTORY                                                       */ 
  64:./Middlewares/ST/usbx/common/core/src/ux_device_stack_configuration_get.c **** /*                                                                        */ 
  65:./Middlewares/ST/usbx/common/core/src/ux_device_stack_configuration_get.c **** /*    DATE              NAME                      DESCRIPTION             */ 
  66:./Middlewares/ST/usbx/common/core/src/ux_device_stack_configuration_get.c **** /*                                                                        */ 
  67:./Middlewares/ST/usbx/common/core/src/ux_device_stack_configuration_get.c **** /*  05-19-2020     Chaoqiong Xiao           Initial Version 6.0           */
  68:./Middlewares/ST/usbx/common/core/src/ux_device_stack_configuration_get.c **** /*  09-30-2020     Chaoqiong Xiao           Modified comment(s),          */
  69:./Middlewares/ST/usbx/common/core/src/ux_device_stack_configuration_get.c **** /*                                            resulting in version 6.1    */
  70:./Middlewares/ST/usbx/common/core/src/ux_device_stack_configuration_get.c **** /*                                                                        */
  71:./Middlewares/ST/usbx/common/core/src/ux_device_stack_configuration_get.c **** /**************************************************************************/
  72:./Middlewares/ST/usbx/common/core/src/ux_device_stack_configuration_get.c **** UINT  _ux_device_stack_configuration_get(VOID)
  73:./Middlewares/ST/usbx/common/core/src/ux_device_stack_configuration_get.c **** {
  29              		.loc 1 73 1 view -0
  30              		.cfi_startproc
  31              		@ args = 0, pretend = 0, frame = 0
  32              		@ frame_needed = 0, uses_anonymous_args = 0
  33 0000 08B5     		push	{r3, lr}
  34              	.LCFI0:
  35              		.cfi_def_cfa_offset 8
  36              		.cfi_offset 3, -8
  37              		.cfi_offset 14, -4
  74:./Middlewares/ST/usbx/common/core/src/ux_device_stack_configuration_get.c **** 
  75:./Middlewares/ST/usbx/common/core/src/ux_device_stack_configuration_get.c **** UX_SLAVE_TRANSFER       *transfer_request;
  38              		.loc 1 75 1 view .LVU1
  76:./Middlewares/ST/usbx/common/core/src/ux_device_stack_configuration_get.c **** UX_SLAVE_DEVICE         *device;
  39              		.loc 1 76 1 view .LVU2
ARM GAS  C:\Users\Dennis\AppData\Local\Temp\ccD8ClV1.s 			page 3


  77:./Middlewares/ST/usbx/common/core/src/ux_device_stack_configuration_get.c **** UX_SLAVE_ENDPOINT       *endpoint;
  40              		.loc 1 77 1 view .LVU3
  78:./Middlewares/ST/usbx/common/core/src/ux_device_stack_configuration_get.c **** UINT                    status;
  41              		.loc 1 78 1 view .LVU4
  79:./Middlewares/ST/usbx/common/core/src/ux_device_stack_configuration_get.c **** 
  80:./Middlewares/ST/usbx/common/core/src/ux_device_stack_configuration_get.c ****     /* Get the pointer to the device.  */
  81:./Middlewares/ST/usbx/common/core/src/ux_device_stack_configuration_get.c ****     device =  &_ux_system_slave -> ux_system_slave_device;
  42              		.loc 1 81 5 view .LVU5
  43              		.loc 1 81 33 is_stmt 0 view .LVU6
  44 0002 084B     		ldr	r3, .L3
  45 0004 1868     		ldr	r0, [r3]
  46              	.LVL0:
  82:./Middlewares/ST/usbx/common/core/src/ux_device_stack_configuration_get.c **** 
  83:./Middlewares/ST/usbx/common/core/src/ux_device_stack_configuration_get.c ****     /* Get the control endpoint for the device.  */
  84:./Middlewares/ST/usbx/common/core/src/ux_device_stack_configuration_get.c ****     endpoint =  &device -> ux_slave_device_control_endpoint;
  47              		.loc 1 84 5 is_stmt 1 view .LVU7
  85:./Middlewares/ST/usbx/common/core/src/ux_device_stack_configuration_get.c **** 
  86:./Middlewares/ST/usbx/common/core/src/ux_device_stack_configuration_get.c ****     /* Get the pointer to the transfer request associated with the endpoint.  */
  87:./Middlewares/ST/usbx/common/core/src/ux_device_stack_configuration_get.c ****     transfer_request =  &endpoint -> ux_slave_endpoint_transfer_request;
  48              		.loc 1 87 5 view .LVU8
  88:./Middlewares/ST/usbx/common/core/src/ux_device_stack_configuration_get.c **** 
  89:./Middlewares/ST/usbx/common/core/src/ux_device_stack_configuration_get.c ****     /* Set the value of the configuration in the buffer.  */
  90:./Middlewares/ST/usbx/common/core/src/ux_device_stack_configuration_get.c ****     *transfer_request -> ux_slave_transfer_request_data_pointer =
  49              		.loc 1 90 5 view .LVU9
  50              		.loc 1 90 23 is_stmt 0 view .LVU10
  51 0006 D0F89830 		ldr	r3, [r0, #152]
  91:./Middlewares/ST/usbx/common/core/src/ux_device_stack_configuration_get.c ****                 (UCHAR) device -> ux_slave_device_configuration_selected;
  52              		.loc 1 91 17 view .LVU11
  53 000a 90F8EC20 		ldrb	r2, [r0, #236]	@ zero_extendqisi2
  90:./Middlewares/ST/usbx/common/core/src/ux_device_stack_configuration_get.c ****                 (UCHAR) device -> ux_slave_device_configuration_selected;
  54              		.loc 1 90 65 view .LVU12
  55 000e 1A70     		strb	r2, [r3]
  92:./Middlewares/ST/usbx/common/core/src/ux_device_stack_configuration_get.c **** 
  93:./Middlewares/ST/usbx/common/core/src/ux_device_stack_configuration_get.c ****     /* If trace is enabled, insert this event into the trace buffer.  */
  94:./Middlewares/ST/usbx/common/core/src/ux_device_stack_configuration_get.c ****     UX_TRACE_IN_LINE_INSERT(UX_TRACE_DEVICE_STACK_CONFIGURATION_GET, device -> ux_slave_device_conf
  95:./Middlewares/ST/usbx/common/core/src/ux_device_stack_configuration_get.c **** 
  96:./Middlewares/ST/usbx/common/core/src/ux_device_stack_configuration_get.c ****     /* Set the phase of the transfer to data out.  */
  97:./Middlewares/ST/usbx/common/core/src/ux_device_stack_configuration_get.c ****     transfer_request -> ux_slave_transfer_request_phase =  UX_TRANSFER_PHASE_DATA_OUT;
  56              		.loc 1 97 5 is_stmt 1 view .LVU13
  57              		.loc 1 97 57 is_stmt 0 view .LVU14
  58 0010 0323     		movs	r3, #3
  59 0012 C0F8B430 		str	r3, [r0, #180]
  98:./Middlewares/ST/usbx/common/core/src/ux_device_stack_configuration_get.c **** 
  99:./Middlewares/ST/usbx/common/core/src/ux_device_stack_configuration_get.c ****     /* Send the descriptor with the appropriate length to the host.  */
 100:./Middlewares/ST/usbx/common/core/src/ux_device_stack_configuration_get.c ****     status =  _ux_device_stack_transfer_request(transfer_request, 1, 1);
  60              		.loc 1 100 5 is_stmt 1 view .LVU15
  61              		.loc 1 100 15 is_stmt 0 view .LVU16
  62 0016 0122     		movs	r2, #1
  63 0018 1146     		mov	r1, r2
  64 001a 8C30     		adds	r0, r0, #140
  65              	.LVL1:
  66              		.loc 1 100 15 view .LVU17
  67 001c FFF7FEFF 		bl	_ux_device_stack_transfer_request
  68              	.LVL2:
 101:./Middlewares/ST/usbx/common/core/src/ux_device_stack_configuration_get.c **** 
 102:./Middlewares/ST/usbx/common/core/src/ux_device_stack_configuration_get.c ****     /* Return the function status.  */
 103:./Middlewares/ST/usbx/common/core/src/ux_device_stack_configuration_get.c ****     return(status);
ARM GAS  C:\Users\Dennis\AppData\Local\Temp\ccD8ClV1.s 			page 4


  69              		.loc 1 103 5 is_stmt 1 view .LVU18
 104:./Middlewares/ST/usbx/common/core/src/ux_device_stack_configuration_get.c **** }
  70              		.loc 1 104 1 is_stmt 0 view .LVU19
  71 0020 08BD     		pop	{r3, pc}
  72              	.L4:
  73 0022 00BF     		.align	2
  74              	.L3:
  75 0024 00000000 		.word	_ux_system_slave
  76              		.cfi_endproc
  77              	.LFE11:
  79              		.text
  80              	.Letext0:
  81              		.file 2 "./Middlewares/ST/threadx/ports/cortex_m4/gnu/inc/tx_port.h"
  82              		.file 3 "./Middlewares/ST/threadx/common/inc/tx_api.h"
  83              		.file 4 "./Middlewares/ST/usbx/common/core/inc/ux_api.h"
  84              		.file 5 "./Middlewares/ST/usbx/common/core/inc/ux_system.h"
  85              		.file 6 "./Middlewares/ST/usbx/common/core/inc/ux_device_stack.h"
ARM GAS  C:\Users\Dennis\AppData\Local\Temp\ccD8ClV1.s 			page 5


DEFINED SYMBOLS
                            *ABS*:00000000 ux_device_stack_configuration_get.c
C:\Users\Dennis\AppData\Local\Temp\ccD8ClV1.s:20     .text._ux_device_stack_configuration_get:00000000 $t
C:\Users\Dennis\AppData\Local\Temp\ccD8ClV1.s:26     .text._ux_device_stack_configuration_get:00000000 _ux_device_stack_configuration_get
C:\Users\Dennis\AppData\Local\Temp\ccD8ClV1.s:75     .text._ux_device_stack_configuration_get:00000024 $d

UNDEFINED SYMBOLS
_ux_device_stack_transfer_request
_ux_system_slave
