ARM GAS  C:\Users\Dennis\AppData\Local\Temp\cc1WstsP.s 			page 1


   1              		.cpu cortex-m4
   2              		.arch armv7e-m
   3              		.fpu fpv4-sp-d16
   4              		.eabi_attribute 27, 1
   5              		.eabi_attribute 28, 1
   6              		.eabi_attribute 20, 1
   7              		.eabi_attribute 21, 1
   8              		.eabi_attribute 23, 3
   9              		.eabi_attribute 24, 1
  10              		.eabi_attribute 25, 1
  11              		.eabi_attribute 26, 1
  12              		.eabi_attribute 30, 1
  13              		.eabi_attribute 34, 1
  14              		.eabi_attribute 18, 4
  15              		.file	"ux_device_class_cdc_acm_activate.c"
  16              		.text
  17              	.Ltext0:
  18              		.cfi_sections	.debug_frame
  19              		.section	.text._ux_device_class_cdc_acm_activate,"ax",%progbits
  20              		.align	1
  21              		.global	_ux_device_class_cdc_acm_activate
  22              		.syntax unified
  23              		.thumb
  24              		.thumb_func
  26              	_ux_device_class_cdc_acm_activate:
  27              	.LVL0:
  28              	.LFB11:
  29              		.file 1 "./Middlewares/ST/usbx/common/usbx_device_classes/src/ux_device_class_cdc_acm_activate.c"
   1:./Middlewares/ST/usbx/common/usbx_device_classes/src/ux_device_class_cdc_acm_activate.c **** /**************************************************************************/
   2:./Middlewares/ST/usbx/common/usbx_device_classes/src/ux_device_class_cdc_acm_activate.c **** /*                                                                        */
   3:./Middlewares/ST/usbx/common/usbx_device_classes/src/ux_device_class_cdc_acm_activate.c **** /*       Copyright (c) Microsoft Corporation. All rights reserved.        */
   4:./Middlewares/ST/usbx/common/usbx_device_classes/src/ux_device_class_cdc_acm_activate.c **** /*                                                                        */
   5:./Middlewares/ST/usbx/common/usbx_device_classes/src/ux_device_class_cdc_acm_activate.c **** /*       This software is licensed under the Microsoft Software License   */
   6:./Middlewares/ST/usbx/common/usbx_device_classes/src/ux_device_class_cdc_acm_activate.c **** /*       Terms for Microsoft Azure RTOS. Full text of the license can be  */
   7:./Middlewares/ST/usbx/common/usbx_device_classes/src/ux_device_class_cdc_acm_activate.c **** /*       found in the LICENSE file at https://aka.ms/AzureRTOS_EULA       */
   8:./Middlewares/ST/usbx/common/usbx_device_classes/src/ux_device_class_cdc_acm_activate.c **** /*       and in the root directory of this software.                      */
   9:./Middlewares/ST/usbx/common/usbx_device_classes/src/ux_device_class_cdc_acm_activate.c **** /*                                                                        */
  10:./Middlewares/ST/usbx/common/usbx_device_classes/src/ux_device_class_cdc_acm_activate.c **** /**************************************************************************/
  11:./Middlewares/ST/usbx/common/usbx_device_classes/src/ux_device_class_cdc_acm_activate.c **** 
  12:./Middlewares/ST/usbx/common/usbx_device_classes/src/ux_device_class_cdc_acm_activate.c **** /**************************************************************************/
  13:./Middlewares/ST/usbx/common/usbx_device_classes/src/ux_device_class_cdc_acm_activate.c **** /**                                                                       */ 
  14:./Middlewares/ST/usbx/common/usbx_device_classes/src/ux_device_class_cdc_acm_activate.c **** /** USBX Component                                                        */ 
  15:./Middlewares/ST/usbx/common/usbx_device_classes/src/ux_device_class_cdc_acm_activate.c **** /**                                                                       */
  16:./Middlewares/ST/usbx/common/usbx_device_classes/src/ux_device_class_cdc_acm_activate.c **** /**   Device CDC Class                                                    */
  17:./Middlewares/ST/usbx/common/usbx_device_classes/src/ux_device_class_cdc_acm_activate.c **** /**                                                                       */
  18:./Middlewares/ST/usbx/common/usbx_device_classes/src/ux_device_class_cdc_acm_activate.c **** /**************************************************************************/
  19:./Middlewares/ST/usbx/common/usbx_device_classes/src/ux_device_class_cdc_acm_activate.c **** /**************************************************************************/
  20:./Middlewares/ST/usbx/common/usbx_device_classes/src/ux_device_class_cdc_acm_activate.c **** 
  21:./Middlewares/ST/usbx/common/usbx_device_classes/src/ux_device_class_cdc_acm_activate.c **** #define UX_SOURCE_CODE
  22:./Middlewares/ST/usbx/common/usbx_device_classes/src/ux_device_class_cdc_acm_activate.c **** 
  23:./Middlewares/ST/usbx/common/usbx_device_classes/src/ux_device_class_cdc_acm_activate.c **** 
  24:./Middlewares/ST/usbx/common/usbx_device_classes/src/ux_device_class_cdc_acm_activate.c **** /* Include necessary system files.  */
  25:./Middlewares/ST/usbx/common/usbx_device_classes/src/ux_device_class_cdc_acm_activate.c **** 
  26:./Middlewares/ST/usbx/common/usbx_device_classes/src/ux_device_class_cdc_acm_activate.c **** #include "ux_api.h"
  27:./Middlewares/ST/usbx/common/usbx_device_classes/src/ux_device_class_cdc_acm_activate.c **** #include "ux_device_class_cdc_acm.h"
  28:./Middlewares/ST/usbx/common/usbx_device_classes/src/ux_device_class_cdc_acm_activate.c **** #include "ux_device_stack.h"
  29:./Middlewares/ST/usbx/common/usbx_device_classes/src/ux_device_class_cdc_acm_activate.c **** 
ARM GAS  C:\Users\Dennis\AppData\Local\Temp\cc1WstsP.s 			page 2


  30:./Middlewares/ST/usbx/common/usbx_device_classes/src/ux_device_class_cdc_acm_activate.c **** 
  31:./Middlewares/ST/usbx/common/usbx_device_classes/src/ux_device_class_cdc_acm_activate.c **** /**************************************************************************/ 
  32:./Middlewares/ST/usbx/common/usbx_device_classes/src/ux_device_class_cdc_acm_activate.c **** /*                                                                        */ 
  33:./Middlewares/ST/usbx/common/usbx_device_classes/src/ux_device_class_cdc_acm_activate.c **** /*  FUNCTION                                               RELEASE        */ 
  34:./Middlewares/ST/usbx/common/usbx_device_classes/src/ux_device_class_cdc_acm_activate.c **** /*                                                                        */ 
  35:./Middlewares/ST/usbx/common/usbx_device_classes/src/ux_device_class_cdc_acm_activate.c **** /*    _ux_device_class_cdc_acm_activate                   PORTABLE C      */ 
  36:./Middlewares/ST/usbx/common/usbx_device_classes/src/ux_device_class_cdc_acm_activate.c **** /*                                                           6.1          */
  37:./Middlewares/ST/usbx/common/usbx_device_classes/src/ux_device_class_cdc_acm_activate.c **** /*  AUTHOR                                                                */
  38:./Middlewares/ST/usbx/common/usbx_device_classes/src/ux_device_class_cdc_acm_activate.c **** /*                                                                        */
  39:./Middlewares/ST/usbx/common/usbx_device_classes/src/ux_device_class_cdc_acm_activate.c **** /*    Chaoqiong Xiao, Microsoft Corporation                               */
  40:./Middlewares/ST/usbx/common/usbx_device_classes/src/ux_device_class_cdc_acm_activate.c **** /*                                                                        */
  41:./Middlewares/ST/usbx/common/usbx_device_classes/src/ux_device_class_cdc_acm_activate.c **** /*  DESCRIPTION                                                           */
  42:./Middlewares/ST/usbx/common/usbx_device_classes/src/ux_device_class_cdc_acm_activate.c **** /*                                                                        */ 
  43:./Middlewares/ST/usbx/common/usbx_device_classes/src/ux_device_class_cdc_acm_activate.c **** /*    This function initializes the USB CDC device.                       */ 
  44:./Middlewares/ST/usbx/common/usbx_device_classes/src/ux_device_class_cdc_acm_activate.c **** /*                                                                        */ 
  45:./Middlewares/ST/usbx/common/usbx_device_classes/src/ux_device_class_cdc_acm_activate.c **** /*  INPUT                                                                 */ 
  46:./Middlewares/ST/usbx/common/usbx_device_classes/src/ux_device_class_cdc_acm_activate.c **** /*                                                                        */ 
  47:./Middlewares/ST/usbx/common/usbx_device_classes/src/ux_device_class_cdc_acm_activate.c **** /*    command                               Pointer to cdc_acm command    */ 
  48:./Middlewares/ST/usbx/common/usbx_device_classes/src/ux_device_class_cdc_acm_activate.c **** /*                                                                        */ 
  49:./Middlewares/ST/usbx/common/usbx_device_classes/src/ux_device_class_cdc_acm_activate.c **** /*  OUTPUT                                                                */ 
  50:./Middlewares/ST/usbx/common/usbx_device_classes/src/ux_device_class_cdc_acm_activate.c **** /*                                                                        */ 
  51:./Middlewares/ST/usbx/common/usbx_device_classes/src/ux_device_class_cdc_acm_activate.c **** /*    Completion Status                                                   */ 
  52:./Middlewares/ST/usbx/common/usbx_device_classes/src/ux_device_class_cdc_acm_activate.c **** /*                                                                        */ 
  53:./Middlewares/ST/usbx/common/usbx_device_classes/src/ux_device_class_cdc_acm_activate.c **** /*  CALLS                                                                 */ 
  54:./Middlewares/ST/usbx/common/usbx_device_classes/src/ux_device_class_cdc_acm_activate.c **** /*                                                                        */ 
  55:./Middlewares/ST/usbx/common/usbx_device_classes/src/ux_device_class_cdc_acm_activate.c **** /*    None                                                                */
  56:./Middlewares/ST/usbx/common/usbx_device_classes/src/ux_device_class_cdc_acm_activate.c **** /*                                                                        */ 
  57:./Middlewares/ST/usbx/common/usbx_device_classes/src/ux_device_class_cdc_acm_activate.c **** /*  CALLED BY                                                             */ 
  58:./Middlewares/ST/usbx/common/usbx_device_classes/src/ux_device_class_cdc_acm_activate.c **** /*                                                                        */ 
  59:./Middlewares/ST/usbx/common/usbx_device_classes/src/ux_device_class_cdc_acm_activate.c **** /*    USBX Source Code                                                    */ 
  60:./Middlewares/ST/usbx/common/usbx_device_classes/src/ux_device_class_cdc_acm_activate.c **** /*                                                                        */ 
  61:./Middlewares/ST/usbx/common/usbx_device_classes/src/ux_device_class_cdc_acm_activate.c **** /*  RELEASE HISTORY                                                       */ 
  62:./Middlewares/ST/usbx/common/usbx_device_classes/src/ux_device_class_cdc_acm_activate.c **** /*                                                                        */ 
  63:./Middlewares/ST/usbx/common/usbx_device_classes/src/ux_device_class_cdc_acm_activate.c **** /*    DATE              NAME                      DESCRIPTION             */ 
  64:./Middlewares/ST/usbx/common/usbx_device_classes/src/ux_device_class_cdc_acm_activate.c **** /*                                                                        */ 
  65:./Middlewares/ST/usbx/common/usbx_device_classes/src/ux_device_class_cdc_acm_activate.c **** /*  05-19-2020     Chaoqiong Xiao           Initial Version 6.0           */
  66:./Middlewares/ST/usbx/common/usbx_device_classes/src/ux_device_class_cdc_acm_activate.c **** /*  09-30-2020     Chaoqiong Xiao           Modified comment(s),          */
  67:./Middlewares/ST/usbx/common/usbx_device_classes/src/ux_device_class_cdc_acm_activate.c **** /*                                            resulting in version 6.1    */
  68:./Middlewares/ST/usbx/common/usbx_device_classes/src/ux_device_class_cdc_acm_activate.c **** /*                                                                        */
  69:./Middlewares/ST/usbx/common/usbx_device_classes/src/ux_device_class_cdc_acm_activate.c **** /**************************************************************************/
  70:./Middlewares/ST/usbx/common/usbx_device_classes/src/ux_device_class_cdc_acm_activate.c **** UINT  _ux_device_class_cdc_acm_activate(UX_SLAVE_CLASS_COMMAND *command)
  71:./Middlewares/ST/usbx/common/usbx_device_classes/src/ux_device_class_cdc_acm_activate.c **** {
  30              		.loc 1 71 1 view -0
  31              		.cfi_startproc
  32              		@ args = 0, pretend = 0, frame = 0
  33              		@ frame_needed = 0, uses_anonymous_args = 0
  34              		.loc 1 71 1 is_stmt 0 view .LVU1
  35 0000 08B5     		push	{r3, lr}
  36              	.LCFI0:
  37              		.cfi_def_cfa_offset 8
  38              		.cfi_offset 3, -8
  39              		.cfi_offset 14, -4
  40 0002 0346     		mov	r3, r0
  72:./Middlewares/ST/usbx/common/usbx_device_classes/src/ux_device_class_cdc_acm_activate.c ****                                           
  73:./Middlewares/ST/usbx/common/usbx_device_classes/src/ux_device_class_cdc_acm_activate.c **** UX_SLAVE_INTERFACE                      *interface;         
  41              		.loc 1 73 1 is_stmt 1 view .LVU2
  74:./Middlewares/ST/usbx/common/usbx_device_classes/src/ux_device_class_cdc_acm_activate.c **** UX_SLAVE_CLASS_CDC_ACM                  *cdc_acm;
ARM GAS  C:\Users\Dennis\AppData\Local\Temp\cc1WstsP.s 			page 3


  42              		.loc 1 74 1 view .LVU3
  75:./Middlewares/ST/usbx/common/usbx_device_classes/src/ux_device_class_cdc_acm_activate.c **** UX_SLAVE_CLASS                          *class;
  43              		.loc 1 75 1 view .LVU4
  76:./Middlewares/ST/usbx/common/usbx_device_classes/src/ux_device_class_cdc_acm_activate.c **** 
  77:./Middlewares/ST/usbx/common/usbx_device_classes/src/ux_device_class_cdc_acm_activate.c ****     /* Get the class container.  */
  78:./Middlewares/ST/usbx/common/usbx_device_classes/src/ux_device_class_cdc_acm_activate.c ****     class =  command -> ux_slave_class_command_class_ptr;
  44              		.loc 1 78 5 view .LVU5
  45              		.loc 1 78 11 is_stmt 0 view .LVU6
  46 0004 026A     		ldr	r2, [r0, #32]
  47              	.LVL1:
  79:./Middlewares/ST/usbx/common/usbx_device_classes/src/ux_device_class_cdc_acm_activate.c **** 
  80:./Middlewares/ST/usbx/common/usbx_device_classes/src/ux_device_class_cdc_acm_activate.c ****     /* Get the class instance in the container.  */
  81:./Middlewares/ST/usbx/common/usbx_device_classes/src/ux_device_class_cdc_acm_activate.c ****     cdc_acm = (UX_SLAVE_CLASS_CDC_ACM *) class -> ux_slave_class_instance;
  48              		.loc 1 81 5 is_stmt 1 view .LVU7
  49              		.loc 1 81 13 is_stmt 0 view .LVU8
  50 0006 906C     		ldr	r0, [r2, #72]
  51              	.LVL2:
  82:./Middlewares/ST/usbx/common/usbx_device_classes/src/ux_device_class_cdc_acm_activate.c **** 
  83:./Middlewares/ST/usbx/common/usbx_device_classes/src/ux_device_class_cdc_acm_activate.c ****     /* Get the interface that owns this instance.  */
  84:./Middlewares/ST/usbx/common/usbx_device_classes/src/ux_device_class_cdc_acm_activate.c ****     interface =  (UX_SLAVE_INTERFACE  *) command -> ux_slave_class_command_interface;
  52              		.loc 1 84 5 is_stmt 1 view .LVU9
  53              		.loc 1 84 15 is_stmt 0 view .LVU10
  54 0008 9B68     		ldr	r3, [r3, #8]
  55              	.LVL3:
  85:./Middlewares/ST/usbx/common/usbx_device_classes/src/ux_device_class_cdc_acm_activate.c ****     
  86:./Middlewares/ST/usbx/common/usbx_device_classes/src/ux_device_class_cdc_acm_activate.c ****     /* Store the class instance into the interface.  */
  87:./Middlewares/ST/usbx/common/usbx_device_classes/src/ux_device_class_cdc_acm_activate.c ****     interface -> ux_slave_interface_class_instance =  (VOID *)cdc_acm;
  56              		.loc 1 87 5 is_stmt 1 view .LVU11
  57              		.loc 1 87 52 is_stmt 0 view .LVU12
  58 000a 9860     		str	r0, [r3, #8]
  88:./Middlewares/ST/usbx/common/usbx_device_classes/src/ux_device_class_cdc_acm_activate.c ****          
  89:./Middlewares/ST/usbx/common/usbx_device_classes/src/ux_device_class_cdc_acm_activate.c ****     /* Now the opposite, store the interface in the class instance.  */
  90:./Middlewares/ST/usbx/common/usbx_device_classes/src/ux_device_class_cdc_acm_activate.c ****     cdc_acm -> ux_slave_class_cdc_acm_interface =  interface;
  59              		.loc 1 90 5 is_stmt 1 view .LVU13
  60              		.loc 1 90 49 is_stmt 0 view .LVU14
  61 000c 0360     		str	r3, [r0]
  91:./Middlewares/ST/usbx/common/usbx_device_classes/src/ux_device_class_cdc_acm_activate.c **** 
  92:./Middlewares/ST/usbx/common/usbx_device_classes/src/ux_device_class_cdc_acm_activate.c ****     /* If there is a activate function call it.  */
  93:./Middlewares/ST/usbx/common/usbx_device_classes/src/ux_device_class_cdc_acm_activate.c ****     if (cdc_acm -> ux_slave_class_cdc_acm_parameter.ux_slave_class_cdc_acm_instance_activate != UX_
  62              		.loc 1 93 5 is_stmt 1 view .LVU15
  63              		.loc 1 93 52 is_stmt 0 view .LVU16
  64 000e 4368     		ldr	r3, [r0, #4]
  65              	.LVL4:
  66              		.loc 1 93 8 view .LVU17
  67 0010 03B1     		cbz	r3, .L2
  94:./Middlewares/ST/usbx/common/usbx_device_classes/src/ux_device_class_cdc_acm_activate.c ****     {        
  95:./Middlewares/ST/usbx/common/usbx_device_classes/src/ux_device_class_cdc_acm_activate.c ****         /* Invoke the application.  */
  96:./Middlewares/ST/usbx/common/usbx_device_classes/src/ux_device_class_cdc_acm_activate.c ****         cdc_acm -> ux_slave_class_cdc_acm_parameter.ux_slave_class_cdc_acm_instance_activate(cdc_ac
  68              		.loc 1 96 9 is_stmt 1 view .LVU18
  69 0012 9847     		blx	r3
  70              	.LVL5:
  71              	.L2:
  97:./Middlewares/ST/usbx/common/usbx_device_classes/src/ux_device_class_cdc_acm_activate.c ****     }
  98:./Middlewares/ST/usbx/common/usbx_device_classes/src/ux_device_class_cdc_acm_activate.c **** 
  99:./Middlewares/ST/usbx/common/usbx_device_classes/src/ux_device_class_cdc_acm_activate.c ****     /* If trace is enabled, insert this event into the trace buffer.  */
 100:./Middlewares/ST/usbx/common/usbx_device_classes/src/ux_device_class_cdc_acm_activate.c ****     UX_TRACE_IN_LINE_INSERT(UX_TRACE_DEVICE_CLASS_CDC_ACM_ACTIVATE, cdc_acm, 0, 0, 0, UX_TRACE_DEVI
 101:./Middlewares/ST/usbx/common/usbx_device_classes/src/ux_device_class_cdc_acm_activate.c **** 
ARM GAS  C:\Users\Dennis\AppData\Local\Temp\cc1WstsP.s 			page 4


 102:./Middlewares/ST/usbx/common/usbx_device_classes/src/ux_device_class_cdc_acm_activate.c ****     /* If trace is enabled, register this object.  */
 103:./Middlewares/ST/usbx/common/usbx_device_classes/src/ux_device_class_cdc_acm_activate.c ****     UX_TRACE_OBJECT_REGISTER(UX_TRACE_DEVICE_OBJECT_TYPE_INTERFACE, cdc_acm, 0, 0, 0)
 104:./Middlewares/ST/usbx/common/usbx_device_classes/src/ux_device_class_cdc_acm_activate.c **** 
 105:./Middlewares/ST/usbx/common/usbx_device_classes/src/ux_device_class_cdc_acm_activate.c ****     /* Return completion status.  */
 106:./Middlewares/ST/usbx/common/usbx_device_classes/src/ux_device_class_cdc_acm_activate.c ****     return(UX_SUCCESS);
  72              		.loc 1 106 5 view .LVU19
 107:./Middlewares/ST/usbx/common/usbx_device_classes/src/ux_device_class_cdc_acm_activate.c **** }
  73              		.loc 1 107 1 is_stmt 0 view .LVU20
  74 0014 0020     		movs	r0, #0
  75 0016 08BD     		pop	{r3, pc}
  76              		.cfi_endproc
  77              	.LFE11:
  79              		.text
  80              	.Letext0:
  81              		.file 2 "./Middlewares/ST/threadx/ports/cortex_m4/gnu/inc/tx_port.h"
  82              		.file 3 "./Middlewares/ST/threadx/common/inc/tx_api.h"
  83              		.file 4 "./Middlewares/ST/usbx/common/core/inc/ux_api.h"
  84              		.file 5 "./Middlewares/ST/usbx/common/usbx_device_classes/inc/ux_device_class_cdc_acm.h"
ARM GAS  C:\Users\Dennis\AppData\Local\Temp\cc1WstsP.s 			page 5


DEFINED SYMBOLS
                            *ABS*:00000000 ux_device_class_cdc_acm_activate.c
C:\Users\Dennis\AppData\Local\Temp\cc1WstsP.s:20     .text._ux_device_class_cdc_acm_activate:00000000 $t
C:\Users\Dennis\AppData\Local\Temp\cc1WstsP.s:26     .text._ux_device_class_cdc_acm_activate:00000000 _ux_device_class_cdc_acm_activate

NO UNDEFINED SYMBOLS
