ARM GAS  C:\Users\Dennis\AppData\Local\Temp\ccMcGedN.s 			page 1


   1              		.cpu cortex-m4
   2              		.arch armv7e-m
   3              		.fpu fpv4-sp-d16
   4              		.eabi_attribute 27, 1
   5              		.eabi_attribute 28, 1
   6              		.eabi_attribute 20, 1
   7              		.eabi_attribute 21, 1
   8              		.eabi_attribute 23, 3
   9              		.eabi_attribute 24, 1
  10              		.eabi_attribute 25, 1
  11              		.eabi_attribute 26, 1
  12              		.eabi_attribute 30, 1
  13              		.eabi_attribute 34, 1
  14              		.eabi_attribute 18, 4
  15              		.file	"ux_dcd_stm32_interrupt_handler.c"
  16              		.text
  17              	.Ltext0:
  18              		.cfi_sections	.debug_frame
  19              		.section	.text._ux_dcd_stm32_interrupt_handler,"ax",%progbits
  20              		.align	1
  21              		.global	_ux_dcd_stm32_interrupt_handler
  22              		.syntax unified
  23              		.thumb
  24              		.thumb_func
  26              	_ux_dcd_stm32_interrupt_handler:
  27              	.LFB251:
  28              		.file 1 "./Middlewares/ST/usbx/common/usbx_stm32_device_controllers/ux_dcd_stm32_interrupt_handler
   1:./Middlewares/ST/usbx/common/usbx_stm32_device_controllers/ux_dcd_stm32_interrupt_handler.c **** /**************************************************************************/
   2:./Middlewares/ST/usbx/common/usbx_stm32_device_controllers/ux_dcd_stm32_interrupt_handler.c **** /*                                                                        */
   3:./Middlewares/ST/usbx/common/usbx_stm32_device_controllers/ux_dcd_stm32_interrupt_handler.c **** /*       Copyright (c) Microsoft Corporation. All rights reserved.        */
   4:./Middlewares/ST/usbx/common/usbx_stm32_device_controllers/ux_dcd_stm32_interrupt_handler.c **** /*                                                                        */
   5:./Middlewares/ST/usbx/common/usbx_stm32_device_controllers/ux_dcd_stm32_interrupt_handler.c **** /*       This software is licensed under the Microsoft Software License   */
   6:./Middlewares/ST/usbx/common/usbx_stm32_device_controllers/ux_dcd_stm32_interrupt_handler.c **** /*       Terms for Microsoft Azure RTOS. Full text of the license can be  */
   7:./Middlewares/ST/usbx/common/usbx_stm32_device_controllers/ux_dcd_stm32_interrupt_handler.c **** /*       found in the LICENSE file at https://aka.ms/AzureRTOS_EULA       */
   8:./Middlewares/ST/usbx/common/usbx_stm32_device_controllers/ux_dcd_stm32_interrupt_handler.c **** /*       and in the root directory of this software.                      */
   9:./Middlewares/ST/usbx/common/usbx_stm32_device_controllers/ux_dcd_stm32_interrupt_handler.c **** /*                                                                        */
  10:./Middlewares/ST/usbx/common/usbx_stm32_device_controllers/ux_dcd_stm32_interrupt_handler.c **** /**************************************************************************/
  11:./Middlewares/ST/usbx/common/usbx_stm32_device_controllers/ux_dcd_stm32_interrupt_handler.c **** 
  12:./Middlewares/ST/usbx/common/usbx_stm32_device_controllers/ux_dcd_stm32_interrupt_handler.c **** 
  13:./Middlewares/ST/usbx/common/usbx_stm32_device_controllers/ux_dcd_stm32_interrupt_handler.c **** /**************************************************************************/
  14:./Middlewares/ST/usbx/common/usbx_stm32_device_controllers/ux_dcd_stm32_interrupt_handler.c **** /**************************************************************************/
  15:./Middlewares/ST/usbx/common/usbx_stm32_device_controllers/ux_dcd_stm32_interrupt_handler.c **** /**                                                                       */
  16:./Middlewares/ST/usbx/common/usbx_stm32_device_controllers/ux_dcd_stm32_interrupt_handler.c **** /** USBX Component                                                        */
  17:./Middlewares/ST/usbx/common/usbx_stm32_device_controllers/ux_dcd_stm32_interrupt_handler.c **** /**                                                                       */
  18:./Middlewares/ST/usbx/common/usbx_stm32_device_controllers/ux_dcd_stm32_interrupt_handler.c **** /**   STM32 Controller Driver                                             */
  19:./Middlewares/ST/usbx/common/usbx_stm32_device_controllers/ux_dcd_stm32_interrupt_handler.c **** /**                                                                       */
  20:./Middlewares/ST/usbx/common/usbx_stm32_device_controllers/ux_dcd_stm32_interrupt_handler.c **** /**************************************************************************/
  21:./Middlewares/ST/usbx/common/usbx_stm32_device_controllers/ux_dcd_stm32_interrupt_handler.c **** /**************************************************************************/
  22:./Middlewares/ST/usbx/common/usbx_stm32_device_controllers/ux_dcd_stm32_interrupt_handler.c **** 
  23:./Middlewares/ST/usbx/common/usbx_stm32_device_controllers/ux_dcd_stm32_interrupt_handler.c **** #define UX_SOURCE_CODE
  24:./Middlewares/ST/usbx/common/usbx_stm32_device_controllers/ux_dcd_stm32_interrupt_handler.c **** #define UX_DCD_STM32_SOURCE_CODE
  25:./Middlewares/ST/usbx/common/usbx_stm32_device_controllers/ux_dcd_stm32_interrupt_handler.c **** 
  26:./Middlewares/ST/usbx/common/usbx_stm32_device_controllers/ux_dcd_stm32_interrupt_handler.c **** 
  27:./Middlewares/ST/usbx/common/usbx_stm32_device_controllers/ux_dcd_stm32_interrupt_handler.c **** /* Include necessary system files.  */
  28:./Middlewares/ST/usbx/common/usbx_stm32_device_controllers/ux_dcd_stm32_interrupt_handler.c **** 
  29:./Middlewares/ST/usbx/common/usbx_stm32_device_controllers/ux_dcd_stm32_interrupt_handler.c **** #include "ux_api.h"
  30:./Middlewares/ST/usbx/common/usbx_stm32_device_controllers/ux_dcd_stm32_interrupt_handler.c **** #include "ux_dcd_stm32.h"
ARM GAS  C:\Users\Dennis\AppData\Local\Temp\ccMcGedN.s 			page 2


  31:./Middlewares/ST/usbx/common/usbx_stm32_device_controllers/ux_dcd_stm32_interrupt_handler.c **** #include "ux_device_stack.h"
  32:./Middlewares/ST/usbx/common/usbx_stm32_device_controllers/ux_dcd_stm32_interrupt_handler.c **** #include "ux_system.h"
  33:./Middlewares/ST/usbx/common/usbx_stm32_device_controllers/ux_dcd_stm32_interrupt_handler.c **** 
  34:./Middlewares/ST/usbx/common/usbx_stm32_device_controllers/ux_dcd_stm32_interrupt_handler.c **** /**************************************************************************/
  35:./Middlewares/ST/usbx/common/usbx_stm32_device_controllers/ux_dcd_stm32_interrupt_handler.c **** /*                                                                        */
  36:./Middlewares/ST/usbx/common/usbx_stm32_device_controllers/ux_dcd_stm32_interrupt_handler.c **** /*  FUNCTION                                               RELEASE        */
  37:./Middlewares/ST/usbx/common/usbx_stm32_device_controllers/ux_dcd_stm32_interrupt_handler.c **** /*                                                                        */
  38:./Middlewares/ST/usbx/common/usbx_stm32_device_controllers/ux_dcd_stm32_interrupt_handler.c **** /*    _ux_dcd_stm32_interrupt_handler                     PORTABLE C      */
  39:./Middlewares/ST/usbx/common/usbx_stm32_device_controllers/ux_dcd_stm32_interrupt_handler.c **** /*                                                           6.1          */
  40:./Middlewares/ST/usbx/common/usbx_stm32_device_controllers/ux_dcd_stm32_interrupt_handler.c **** /*  AUTHOR                                                                */
  41:./Middlewares/ST/usbx/common/usbx_stm32_device_controllers/ux_dcd_stm32_interrupt_handler.c **** /*                                                                        */
  42:./Middlewares/ST/usbx/common/usbx_stm32_device_controllers/ux_dcd_stm32_interrupt_handler.c **** /*    Chaoqiong Xiao, Microsoft Corporation                               */
  43:./Middlewares/ST/usbx/common/usbx_stm32_device_controllers/ux_dcd_stm32_interrupt_handler.c **** /*                                                                        */
  44:./Middlewares/ST/usbx/common/usbx_stm32_device_controllers/ux_dcd_stm32_interrupt_handler.c **** /*  DESCRIPTION                                                           */
  45:./Middlewares/ST/usbx/common/usbx_stm32_device_controllers/ux_dcd_stm32_interrupt_handler.c **** /*                                                                        */
  46:./Middlewares/ST/usbx/common/usbx_stm32_device_controllers/ux_dcd_stm32_interrupt_handler.c **** /*    This function is the interrupt handler for the STM32 controller.    */
  47:./Middlewares/ST/usbx/common/usbx_stm32_device_controllers/ux_dcd_stm32_interrupt_handler.c **** /*    The controller will trigger an interrupt when something happens on  */
  48:./Middlewares/ST/usbx/common/usbx_stm32_device_controllers/ux_dcd_stm32_interrupt_handler.c **** /*    an endpoint whose mask has been set in the interrupt enable         */
  49:./Middlewares/ST/usbx/common/usbx_stm32_device_controllers/ux_dcd_stm32_interrupt_handler.c **** /*    register, or when a bus reset is detected.                          */
  50:./Middlewares/ST/usbx/common/usbx_stm32_device_controllers/ux_dcd_stm32_interrupt_handler.c **** /*                                                                        */
  51:./Middlewares/ST/usbx/common/usbx_stm32_device_controllers/ux_dcd_stm32_interrupt_handler.c **** /*  INPUT                                                                 */
  52:./Middlewares/ST/usbx/common/usbx_stm32_device_controllers/ux_dcd_stm32_interrupt_handler.c **** /*                                                                        */
  53:./Middlewares/ST/usbx/common/usbx_stm32_device_controllers/ux_dcd_stm32_interrupt_handler.c **** /*    None                                                                */
  54:./Middlewares/ST/usbx/common/usbx_stm32_device_controllers/ux_dcd_stm32_interrupt_handler.c **** /*                                                                        */
  55:./Middlewares/ST/usbx/common/usbx_stm32_device_controllers/ux_dcd_stm32_interrupt_handler.c **** /*  OUTPUT                                                                */
  56:./Middlewares/ST/usbx/common/usbx_stm32_device_controllers/ux_dcd_stm32_interrupt_handler.c **** /*                                                                        */
  57:./Middlewares/ST/usbx/common/usbx_stm32_device_controllers/ux_dcd_stm32_interrupt_handler.c **** /*    None                                                                */
  58:./Middlewares/ST/usbx/common/usbx_stm32_device_controllers/ux_dcd_stm32_interrupt_handler.c **** /*                                                                        */
  59:./Middlewares/ST/usbx/common/usbx_stm32_device_controllers/ux_dcd_stm32_interrupt_handler.c **** /*  CALLS                                                                 */
  60:./Middlewares/ST/usbx/common/usbx_stm32_device_controllers/ux_dcd_stm32_interrupt_handler.c **** /*                                                                        */
  61:./Middlewares/ST/usbx/common/usbx_stm32_device_controllers/ux_dcd_stm32_interrupt_handler.c **** /*    HAL_PCD_IRQHandler                    HAL IRQ handler               */
  62:./Middlewares/ST/usbx/common/usbx_stm32_device_controllers/ux_dcd_stm32_interrupt_handler.c **** /*                                                                        */
  63:./Middlewares/ST/usbx/common/usbx_stm32_device_controllers/ux_dcd_stm32_interrupt_handler.c **** /*  CALLED BY                                                             */
  64:./Middlewares/ST/usbx/common/usbx_stm32_device_controllers/ux_dcd_stm32_interrupt_handler.c **** /*                                                                        */
  65:./Middlewares/ST/usbx/common/usbx_stm32_device_controllers/ux_dcd_stm32_interrupt_handler.c **** /*    USBX Device Stack                                                   */
  66:./Middlewares/ST/usbx/common/usbx_stm32_device_controllers/ux_dcd_stm32_interrupt_handler.c **** /*                                                                        */
  67:./Middlewares/ST/usbx/common/usbx_stm32_device_controllers/ux_dcd_stm32_interrupt_handler.c **** /*  RELEASE HISTORY                                                       */
  68:./Middlewares/ST/usbx/common/usbx_stm32_device_controllers/ux_dcd_stm32_interrupt_handler.c **** /*                                                                        */
  69:./Middlewares/ST/usbx/common/usbx_stm32_device_controllers/ux_dcd_stm32_interrupt_handler.c **** /*    DATE              NAME                      DESCRIPTION             */
  70:./Middlewares/ST/usbx/common/usbx_stm32_device_controllers/ux_dcd_stm32_interrupt_handler.c **** /*                                                                        */
  71:./Middlewares/ST/usbx/common/usbx_stm32_device_controllers/ux_dcd_stm32_interrupt_handler.c **** /*  05-19-2020     Chaoqiong Xiao           Initial Version 6.0           */
  72:./Middlewares/ST/usbx/common/usbx_stm32_device_controllers/ux_dcd_stm32_interrupt_handler.c **** /*  09-30-2020     Chaoqiong Xiao           Modified comment(s), used ST  */
  73:./Middlewares/ST/usbx/common/usbx_stm32_device_controllers/ux_dcd_stm32_interrupt_handler.c **** /*                                            HAL library to drive the    */
  74:./Middlewares/ST/usbx/common/usbx_stm32_device_controllers/ux_dcd_stm32_interrupt_handler.c **** /*                                            controller,                 */
  75:./Middlewares/ST/usbx/common/usbx_stm32_device_controllers/ux_dcd_stm32_interrupt_handler.c **** /*                                            resulting in version 6.1    */
  76:./Middlewares/ST/usbx/common/usbx_stm32_device_controllers/ux_dcd_stm32_interrupt_handler.c **** /*                                                                        */
  77:./Middlewares/ST/usbx/common/usbx_stm32_device_controllers/ux_dcd_stm32_interrupt_handler.c **** /**************************************************************************/
  78:./Middlewares/ST/usbx/common/usbx_stm32_device_controllers/ux_dcd_stm32_interrupt_handler.c **** VOID  _ux_dcd_stm32_interrupt_handler(VOID)
  79:./Middlewares/ST/usbx/common/usbx_stm32_device_controllers/ux_dcd_stm32_interrupt_handler.c **** {
  29              		.loc 1 79 1 view -0
  30              		.cfi_startproc
  31              		@ args = 0, pretend = 0, frame = 0
  32              		@ frame_needed = 0, uses_anonymous_args = 0
  33 0000 08B5     		push	{r3, lr}
  34              	.LCFI0:
  35              		.cfi_def_cfa_offset 8
  36              		.cfi_offset 3, -8
ARM GAS  C:\Users\Dennis\AppData\Local\Temp\ccMcGedN.s 			page 3


  37              		.cfi_offset 14, -4
  80:./Middlewares/ST/usbx/common/usbx_stm32_device_controllers/ux_dcd_stm32_interrupt_handler.c **** 
  81:./Middlewares/ST/usbx/common/usbx_stm32_device_controllers/ux_dcd_stm32_interrupt_handler.c **** 
  82:./Middlewares/ST/usbx/common/usbx_stm32_device_controllers/ux_dcd_stm32_interrupt_handler.c **** UX_SLAVE_DCD            *dcd;
  38              		.loc 1 82 1 view .LVU1
  83:./Middlewares/ST/usbx/common/usbx_stm32_device_controllers/ux_dcd_stm32_interrupt_handler.c **** UX_DCD_STM32            *dcd_stm32;
  39              		.loc 1 83 1 view .LVU2
  84:./Middlewares/ST/usbx/common/usbx_stm32_device_controllers/ux_dcd_stm32_interrupt_handler.c **** 
  85:./Middlewares/ST/usbx/common/usbx_stm32_device_controllers/ux_dcd_stm32_interrupt_handler.c **** 
  86:./Middlewares/ST/usbx/common/usbx_stm32_device_controllers/ux_dcd_stm32_interrupt_handler.c ****     /* Get the pointer to the DCD.  */
  87:./Middlewares/ST/usbx/common/usbx_stm32_device_controllers/ux_dcd_stm32_interrupt_handler.c ****     dcd =  &_ux_system_slave -> ux_system_slave_dcd;
  40              		.loc 1 87 5 view .LVU3
  41              		.loc 1 87 30 is_stmt 0 view .LVU4
  42 0002 034B     		ldr	r3, .L3
  43 0004 1B68     		ldr	r3, [r3]
  44              	.LVL0:
  88:./Middlewares/ST/usbx/common/usbx_stm32_device_controllers/ux_dcd_stm32_interrupt_handler.c **** 
  89:./Middlewares/ST/usbx/common/usbx_stm32_device_controllers/ux_dcd_stm32_interrupt_handler.c ****     /* Get the pointer to the STM32 DCD.  */
  90:./Middlewares/ST/usbx/common/usbx_stm32_device_controllers/ux_dcd_stm32_interrupt_handler.c ****     dcd_stm32 = (UX_DCD_STM32 *) dcd -> ux_slave_dcd_controller_hardware;
  45              		.loc 1 90 5 is_stmt 1 view .LVU5
  46              		.loc 1 90 15 is_stmt 0 view .LVU6
  47 0006 DB69     		ldr	r3, [r3, #28]
  48              	.LVL1:
  91:./Middlewares/ST/usbx/common/usbx_stm32_device_controllers/ux_dcd_stm32_interrupt_handler.c **** 
  92:./Middlewares/ST/usbx/common/usbx_stm32_device_controllers/ux_dcd_stm32_interrupt_handler.c ****     /* Call the actual interrupt handler function.  */
  93:./Middlewares/ST/usbx/common/usbx_stm32_device_controllers/ux_dcd_stm32_interrupt_handler.c ****     HAL_PCD_IRQHandler(dcd_stm32 -> pcd_handle);
  49              		.loc 1 93 5 is_stmt 1 view .LVU7
  50 0008 D86C     		ldr	r0, [r3, #76]
  51 000a FFF7FEFF 		bl	HAL_PCD_IRQHandler
  52              	.LVL2:
  94:./Middlewares/ST/usbx/common/usbx_stm32_device_controllers/ux_dcd_stm32_interrupt_handler.c **** 
  95:./Middlewares/ST/usbx/common/usbx_stm32_device_controllers/ux_dcd_stm32_interrupt_handler.c **** }
  53              		.loc 1 95 1 is_stmt 0 view .LVU8
  54 000e 08BD     		pop	{r3, pc}
  55              	.L4:
  56              		.align	2
  57              	.L3:
  58 0010 00000000 		.word	_ux_system_slave
  59              		.cfi_endproc
  60              	.LFE251:
  62              		.text
  63              	.Letext0:
  64              		.file 2 "c:\\software_user\\armgcc\\arm-none-eabi\\include\\machine\\_default_types.h"
  65              		.file 3 "c:\\software_user\\armgcc\\arm-none-eabi\\include\\sys\\_stdint.h"
  66              		.file 4 "./Middlewares/ST/threadx/ports/cortex_m4/gnu/inc/tx_port.h"
  67              		.file 5 "./Middlewares/ST/threadx/common/inc/tx_api.h"
  68              		.file 6 "./Middlewares/ST/usbx/common/core/inc/ux_api.h"
  69              		.file 7 "./Drivers/CMSIS/Device/ST/STM32F4xx/Include/stm32f407xx.h"
  70              		.file 8 "./Drivers/STM32F4xx_HAL_Driver/Inc/stm32f4xx_hal_def.h"
  71              		.file 9 "./Drivers/STM32F4xx_HAL_Driver/Inc/stm32f4xx_ll_usb.h"
  72              		.file 10 "./Drivers/STM32F4xx_HAL_Driver/Inc/stm32f4xx_hal_pcd.h"
  73              		.file 11 "./Middlewares/ST/usbx/common/usbx_stm32_device_controllers/ux_dcd_stm32.h"
  74              		.file 12 "./Middlewares/ST/usbx/common/core/inc/ux_system.h"
ARM GAS  C:\Users\Dennis\AppData\Local\Temp\ccMcGedN.s 			page 4


DEFINED SYMBOLS
                            *ABS*:00000000 ux_dcd_stm32_interrupt_handler.c
C:\Users\Dennis\AppData\Local\Temp\ccMcGedN.s:20     .text._ux_dcd_stm32_interrupt_handler:00000000 $t
C:\Users\Dennis\AppData\Local\Temp\ccMcGedN.s:26     .text._ux_dcd_stm32_interrupt_handler:00000000 _ux_dcd_stm32_interrupt_handler
C:\Users\Dennis\AppData\Local\Temp\ccMcGedN.s:58     .text._ux_dcd_stm32_interrupt_handler:00000010 $d

UNDEFINED SYMBOLS
HAL_PCD_IRQHandler
_ux_system_slave
