ARM GAS  C:\Users\Dennis\AppData\Local\Temp\ccRKLpCb.s 			page 1


   1              		.cpu cortex-m4
   2              		.arch armv7e-m
   3              		.fpu fpv4-sp-d16
   4              		.eabi_attribute 27, 1
   5              		.eabi_attribute 28, 1
   6              		.eabi_attribute 20, 1
   7              		.eabi_attribute 21, 1
   8              		.eabi_attribute 23, 3
   9              		.eabi_attribute 24, 1
  10              		.eabi_attribute 25, 1
  11              		.eabi_attribute 26, 1
  12              		.eabi_attribute 30, 1
  13              		.eabi_attribute 34, 1
  14              		.eabi_attribute 18, 4
  15              		.file	"ux_dcd_stm32_frame_number_get.c"
  16              		.text
  17              	.Ltext0:
  18              		.cfi_sections	.debug_frame
  19              		.section	.text._ux_dcd_stm32_frame_number_get,"ax",%progbits
  20              		.align	1
  21              		.global	_ux_dcd_stm32_frame_number_get
  22              		.syntax unified
  23              		.thumb
  24              		.thumb_func
  26              	_ux_dcd_stm32_frame_number_get:
  27              	.LVL0:
  28              	.LFB251:
  29              		.file 1 "./Middlewares/ST/usbx/common/usbx_stm32_device_controllers/ux_dcd_stm32_frame_number_get.
   1:./Middlewares/ST/usbx/common/usbx_stm32_device_controllers/ux_dcd_stm32_frame_number_get.c **** /**************************************************************************/
   2:./Middlewares/ST/usbx/common/usbx_stm32_device_controllers/ux_dcd_stm32_frame_number_get.c **** /*                                                                        */
   3:./Middlewares/ST/usbx/common/usbx_stm32_device_controllers/ux_dcd_stm32_frame_number_get.c **** /*       Copyright (c) Microsoft Corporation. All rights reserved.        */
   4:./Middlewares/ST/usbx/common/usbx_stm32_device_controllers/ux_dcd_stm32_frame_number_get.c **** /*                                                                        */
   5:./Middlewares/ST/usbx/common/usbx_stm32_device_controllers/ux_dcd_stm32_frame_number_get.c **** /*       This software is licensed under the Microsoft Software License   */
   6:./Middlewares/ST/usbx/common/usbx_stm32_device_controllers/ux_dcd_stm32_frame_number_get.c **** /*       Terms for Microsoft Azure RTOS. Full text of the license can be  */
   7:./Middlewares/ST/usbx/common/usbx_stm32_device_controllers/ux_dcd_stm32_frame_number_get.c **** /*       found in the LICENSE file at https://aka.ms/AzureRTOS_EULA       */
   8:./Middlewares/ST/usbx/common/usbx_stm32_device_controllers/ux_dcd_stm32_frame_number_get.c **** /*       and in the root directory of this software.                      */
   9:./Middlewares/ST/usbx/common/usbx_stm32_device_controllers/ux_dcd_stm32_frame_number_get.c **** /*                                                                        */
  10:./Middlewares/ST/usbx/common/usbx_stm32_device_controllers/ux_dcd_stm32_frame_number_get.c **** /**************************************************************************/
  11:./Middlewares/ST/usbx/common/usbx_stm32_device_controllers/ux_dcd_stm32_frame_number_get.c **** 
  12:./Middlewares/ST/usbx/common/usbx_stm32_device_controllers/ux_dcd_stm32_frame_number_get.c **** 
  13:./Middlewares/ST/usbx/common/usbx_stm32_device_controllers/ux_dcd_stm32_frame_number_get.c **** /**************************************************************************/
  14:./Middlewares/ST/usbx/common/usbx_stm32_device_controllers/ux_dcd_stm32_frame_number_get.c **** /**************************************************************************/
  15:./Middlewares/ST/usbx/common/usbx_stm32_device_controllers/ux_dcd_stm32_frame_number_get.c **** /**                                                                       */
  16:./Middlewares/ST/usbx/common/usbx_stm32_device_controllers/ux_dcd_stm32_frame_number_get.c **** /** USBX Component                                                        */
  17:./Middlewares/ST/usbx/common/usbx_stm32_device_controllers/ux_dcd_stm32_frame_number_get.c **** /**                                                                       */
  18:./Middlewares/ST/usbx/common/usbx_stm32_device_controllers/ux_dcd_stm32_frame_number_get.c **** /**   STM32 Controller Driver                                             */
  19:./Middlewares/ST/usbx/common/usbx_stm32_device_controllers/ux_dcd_stm32_frame_number_get.c **** /**                                                                       */
  20:./Middlewares/ST/usbx/common/usbx_stm32_device_controllers/ux_dcd_stm32_frame_number_get.c **** /**************************************************************************/
  21:./Middlewares/ST/usbx/common/usbx_stm32_device_controllers/ux_dcd_stm32_frame_number_get.c **** /**************************************************************************/
  22:./Middlewares/ST/usbx/common/usbx_stm32_device_controllers/ux_dcd_stm32_frame_number_get.c **** 
  23:./Middlewares/ST/usbx/common/usbx_stm32_device_controllers/ux_dcd_stm32_frame_number_get.c **** #define UX_SOURCE_CODE
  24:./Middlewares/ST/usbx/common/usbx_stm32_device_controllers/ux_dcd_stm32_frame_number_get.c **** #define UX_DCD_STM32_SOURCE_CODE
  25:./Middlewares/ST/usbx/common/usbx_stm32_device_controllers/ux_dcd_stm32_frame_number_get.c **** 
  26:./Middlewares/ST/usbx/common/usbx_stm32_device_controllers/ux_dcd_stm32_frame_number_get.c **** 
  27:./Middlewares/ST/usbx/common/usbx_stm32_device_controllers/ux_dcd_stm32_frame_number_get.c **** /* Include necessary system files.  */
  28:./Middlewares/ST/usbx/common/usbx_stm32_device_controllers/ux_dcd_stm32_frame_number_get.c **** 
  29:./Middlewares/ST/usbx/common/usbx_stm32_device_controllers/ux_dcd_stm32_frame_number_get.c **** #include "ux_api.h"
ARM GAS  C:\Users\Dennis\AppData\Local\Temp\ccRKLpCb.s 			page 2


  30:./Middlewares/ST/usbx/common/usbx_stm32_device_controllers/ux_dcd_stm32_frame_number_get.c **** #include "ux_dcd_stm32.h"
  31:./Middlewares/ST/usbx/common/usbx_stm32_device_controllers/ux_dcd_stm32_frame_number_get.c **** #include "ux_device_stack.h"
  32:./Middlewares/ST/usbx/common/usbx_stm32_device_controllers/ux_dcd_stm32_frame_number_get.c **** 
  33:./Middlewares/ST/usbx/common/usbx_stm32_device_controllers/ux_dcd_stm32_frame_number_get.c **** 
  34:./Middlewares/ST/usbx/common/usbx_stm32_device_controllers/ux_dcd_stm32_frame_number_get.c **** /**************************************************************************/
  35:./Middlewares/ST/usbx/common/usbx_stm32_device_controllers/ux_dcd_stm32_frame_number_get.c **** /*                                                                        */
  36:./Middlewares/ST/usbx/common/usbx_stm32_device_controllers/ux_dcd_stm32_frame_number_get.c **** /*  FUNCTION                                               RELEASE        */
  37:./Middlewares/ST/usbx/common/usbx_stm32_device_controllers/ux_dcd_stm32_frame_number_get.c **** /*                                                                        */
  38:./Middlewares/ST/usbx/common/usbx_stm32_device_controllers/ux_dcd_stm32_frame_number_get.c **** /*    _ux_dcd_stm32_frame_number_get                      PORTABLE C      */
  39:./Middlewares/ST/usbx/common/usbx_stm32_device_controllers/ux_dcd_stm32_frame_number_get.c **** /*                                                           6.1          */
  40:./Middlewares/ST/usbx/common/usbx_stm32_device_controllers/ux_dcd_stm32_frame_number_get.c **** /*  AUTHOR                                                                */
  41:./Middlewares/ST/usbx/common/usbx_stm32_device_controllers/ux_dcd_stm32_frame_number_get.c **** /*                                                                        */
  42:./Middlewares/ST/usbx/common/usbx_stm32_device_controllers/ux_dcd_stm32_frame_number_get.c **** /*    Chaoqiong Xiao, Microsoft Corporation                               */
  43:./Middlewares/ST/usbx/common/usbx_stm32_device_controllers/ux_dcd_stm32_frame_number_get.c **** /*                                                                        */
  44:./Middlewares/ST/usbx/common/usbx_stm32_device_controllers/ux_dcd_stm32_frame_number_get.c **** /*  DESCRIPTION                                                           */
  45:./Middlewares/ST/usbx/common/usbx_stm32_device_controllers/ux_dcd_stm32_frame_number_get.c **** /*                                                                        */
  46:./Middlewares/ST/usbx/common/usbx_stm32_device_controllers/ux_dcd_stm32_frame_number_get.c **** /*    This function will return the frame number currently used by the    */
  47:./Middlewares/ST/usbx/common/usbx_stm32_device_controllers/ux_dcd_stm32_frame_number_get.c **** /*    controller. This function is mostly used for isochronous purposes.  */
  48:./Middlewares/ST/usbx/common/usbx_stm32_device_controllers/ux_dcd_stm32_frame_number_get.c **** /*                                                                        */
  49:./Middlewares/ST/usbx/common/usbx_stm32_device_controllers/ux_dcd_stm32_frame_number_get.c **** /*  INPUT                                                                 */
  50:./Middlewares/ST/usbx/common/usbx_stm32_device_controllers/ux_dcd_stm32_frame_number_get.c **** /*                                                                        */
  51:./Middlewares/ST/usbx/common/usbx_stm32_device_controllers/ux_dcd_stm32_frame_number_get.c **** /*    dcd_stm32                             Pointer to device controller  */
  52:./Middlewares/ST/usbx/common/usbx_stm32_device_controllers/ux_dcd_stm32_frame_number_get.c **** /*    frame_number                          Destination for frame number  */
  53:./Middlewares/ST/usbx/common/usbx_stm32_device_controllers/ux_dcd_stm32_frame_number_get.c **** /*                                                                        */
  54:./Middlewares/ST/usbx/common/usbx_stm32_device_controllers/ux_dcd_stm32_frame_number_get.c **** /*  OUTPUT                                                                */
  55:./Middlewares/ST/usbx/common/usbx_stm32_device_controllers/ux_dcd_stm32_frame_number_get.c **** /*                                                                        */
  56:./Middlewares/ST/usbx/common/usbx_stm32_device_controllers/ux_dcd_stm32_frame_number_get.c **** /*    Completion Status                                                   */
  57:./Middlewares/ST/usbx/common/usbx_stm32_device_controllers/ux_dcd_stm32_frame_number_get.c **** /*                                                                        */
  58:./Middlewares/ST/usbx/common/usbx_stm32_device_controllers/ux_dcd_stm32_frame_number_get.c **** /*  CALLS                                                                 */
  59:./Middlewares/ST/usbx/common/usbx_stm32_device_controllers/ux_dcd_stm32_frame_number_get.c **** /*                                                                        */
  60:./Middlewares/ST/usbx/common/usbx_stm32_device_controllers/ux_dcd_stm32_frame_number_get.c **** /*    _ux_dcd_stm32_register_read           Read register                 */
  61:./Middlewares/ST/usbx/common/usbx_stm32_device_controllers/ux_dcd_stm32_frame_number_get.c **** /*                                                                        */
  62:./Middlewares/ST/usbx/common/usbx_stm32_device_controllers/ux_dcd_stm32_frame_number_get.c **** /*  CALLED BY                                                             */
  63:./Middlewares/ST/usbx/common/usbx_stm32_device_controllers/ux_dcd_stm32_frame_number_get.c **** /*                                                                        */
  64:./Middlewares/ST/usbx/common/usbx_stm32_device_controllers/ux_dcd_stm32_frame_number_get.c **** /*    STM32 Controller Driver                                             */
  65:./Middlewares/ST/usbx/common/usbx_stm32_device_controllers/ux_dcd_stm32_frame_number_get.c **** /*                                                                        */
  66:./Middlewares/ST/usbx/common/usbx_stm32_device_controllers/ux_dcd_stm32_frame_number_get.c **** /*  RELEASE HISTORY                                                       */
  67:./Middlewares/ST/usbx/common/usbx_stm32_device_controllers/ux_dcd_stm32_frame_number_get.c **** /*                                                                        */
  68:./Middlewares/ST/usbx/common/usbx_stm32_device_controllers/ux_dcd_stm32_frame_number_get.c **** /*    DATE              NAME                      DESCRIPTION             */
  69:./Middlewares/ST/usbx/common/usbx_stm32_device_controllers/ux_dcd_stm32_frame_number_get.c **** /*                                                                        */
  70:./Middlewares/ST/usbx/common/usbx_stm32_device_controllers/ux_dcd_stm32_frame_number_get.c **** /*  05-19-2020     Chaoqiong Xiao           Initial Version 6.0           */
  71:./Middlewares/ST/usbx/common/usbx_stm32_device_controllers/ux_dcd_stm32_frame_number_get.c **** /*  09-30-2020     Chaoqiong Xiao           Modified comment(s), used ST  */
  72:./Middlewares/ST/usbx/common/usbx_stm32_device_controllers/ux_dcd_stm32_frame_number_get.c **** /*                                            HAL library to drive the    */
  73:./Middlewares/ST/usbx/common/usbx_stm32_device_controllers/ux_dcd_stm32_frame_number_get.c **** /*                                            controller,                 */
  74:./Middlewares/ST/usbx/common/usbx_stm32_device_controllers/ux_dcd_stm32_frame_number_get.c **** /*                                            resulting in version 6.1    */
  75:./Middlewares/ST/usbx/common/usbx_stm32_device_controllers/ux_dcd_stm32_frame_number_get.c **** /*                                                                        */
  76:./Middlewares/ST/usbx/common/usbx_stm32_device_controllers/ux_dcd_stm32_frame_number_get.c **** /**************************************************************************/
  77:./Middlewares/ST/usbx/common/usbx_stm32_device_controllers/ux_dcd_stm32_frame_number_get.c **** UINT  _ux_dcd_stm32_frame_number_get(UX_DCD_STM32 *dcd_stm32, ULONG *frame_number)
  78:./Middlewares/ST/usbx/common/usbx_stm32_device_controllers/ux_dcd_stm32_frame_number_get.c **** {
  30              		.loc 1 78 1 view -0
  31              		.cfi_startproc
  32              		@ args = 0, pretend = 0, frame = 0
  33              		@ frame_needed = 0, uses_anonymous_args = 0
  34              		@ link register save eliminated.
  79:./Middlewares/ST/usbx/common/usbx_stm32_device_controllers/ux_dcd_stm32_frame_number_get.c **** 
  80:./Middlewares/ST/usbx/common/usbx_stm32_device_controllers/ux_dcd_stm32_frame_number_get.c ****     /* This function never fails. */
  81:./Middlewares/ST/usbx/common/usbx_stm32_device_controllers/ux_dcd_stm32_frame_number_get.c ****     return(UX_SUCCESS);
ARM GAS  C:\Users\Dennis\AppData\Local\Temp\ccRKLpCb.s 			page 3


  35              		.loc 1 81 5 view .LVU1
  82:./Middlewares/ST/usbx/common/usbx_stm32_device_controllers/ux_dcd_stm32_frame_number_get.c **** }
  36              		.loc 1 82 1 is_stmt 0 view .LVU2
  37 0000 0020     		movs	r0, #0
  38              	.LVL1:
  39              		.loc 1 82 1 view .LVU3
  40 0002 7047     		bx	lr
  41              		.cfi_endproc
  42              	.LFE251:
  44              		.text
  45              	.Letext0:
  46              		.file 2 "c:\\software_user\\armgcc\\arm-none-eabi\\include\\machine\\_default_types.h"
  47              		.file 3 "c:\\software_user\\armgcc\\arm-none-eabi\\include\\sys\\_stdint.h"
  48              		.file 4 "./Middlewares/ST/threadx/ports/cortex_m4/gnu/inc/tx_port.h"
  49              		.file 5 "./Middlewares/ST/threadx/common/inc/tx_api.h"
  50              		.file 6 "./Middlewares/ST/usbx/common/core/inc/ux_api.h"
  51              		.file 7 "./Drivers/CMSIS/Device/ST/STM32F4xx/Include/stm32f407xx.h"
  52              		.file 8 "./Drivers/STM32F4xx_HAL_Driver/Inc/stm32f4xx_hal_def.h"
  53              		.file 9 "./Drivers/STM32F4xx_HAL_Driver/Inc/stm32f4xx_ll_usb.h"
  54              		.file 10 "./Drivers/STM32F4xx_HAL_Driver/Inc/stm32f4xx_hal_pcd.h"
  55              		.file 11 "./Middlewares/ST/usbx/common/usbx_stm32_device_controllers/ux_dcd_stm32.h"
ARM GAS  C:\Users\Dennis\AppData\Local\Temp\ccRKLpCb.s 			page 4


DEFINED SYMBOLS
                            *ABS*:00000000 ux_dcd_stm32_frame_number_get.c
C:\Users\Dennis\AppData\Local\Temp\ccRKLpCb.s:20     .text._ux_dcd_stm32_frame_number_get:00000000 $t
C:\Users\Dennis\AppData\Local\Temp\ccRKLpCb.s:26     .text._ux_dcd_stm32_frame_number_get:00000000 _ux_dcd_stm32_frame_number_get

NO UNDEFINED SYMBOLS
