ARM GAS  C:\Users\Dennis\AppData\Local\Temp\ccnLKe9h.s 			page 1


   1              		.cpu cortex-m4
   2              		.arch armv7e-m
   3              		.fpu fpv4-sp-d16
   4              		.eabi_attribute 27, 1
   5              		.eabi_attribute 28, 1
   6              		.eabi_attribute 20, 1
   7              		.eabi_attribute 21, 1
   8              		.eabi_attribute 23, 3
   9              		.eabi_attribute 24, 1
  10              		.eabi_attribute 25, 1
  11              		.eabi_attribute 26, 1
  12              		.eabi_attribute 30, 1
  13              		.eabi_attribute 34, 1
  14              		.eabi_attribute 18, 4
  15              		.file	"ux_device_stack_class_register.c"
  16              		.text
  17              	.Ltext0:
  18              		.cfi_sections	.debug_frame
  19              		.section	.text._ux_device_stack_class_register,"ax",%progbits
  20              		.align	1
  21              		.global	_ux_device_stack_class_register
  22              		.syntax unified
  23              		.thumb
  24              		.thumb_func
  26              	_ux_device_stack_class_register:
  27              	.LVL0:
  28              	.LFB11:
  29              		.file 1 "./Middlewares/ST/usbx/common/core/src/ux_device_stack_class_register.c"
   1:./Middlewares/ST/usbx/common/core/src/ux_device_stack_class_register.c **** /**************************************************************************/
   2:./Middlewares/ST/usbx/common/core/src/ux_device_stack_class_register.c **** /*                                                                        */
   3:./Middlewares/ST/usbx/common/core/src/ux_device_stack_class_register.c **** /*       Copyright (c) Microsoft Corporation. All rights reserved.        */
   4:./Middlewares/ST/usbx/common/core/src/ux_device_stack_class_register.c **** /*                                                                        */
   5:./Middlewares/ST/usbx/common/core/src/ux_device_stack_class_register.c **** /*       This software is licensed under the Microsoft Software License   */
   6:./Middlewares/ST/usbx/common/core/src/ux_device_stack_class_register.c **** /*       Terms for Microsoft Azure RTOS. Full text of the license can be  */
   7:./Middlewares/ST/usbx/common/core/src/ux_device_stack_class_register.c **** /*       found in the LICENSE file at https://aka.ms/AzureRTOS_EULA       */
   8:./Middlewares/ST/usbx/common/core/src/ux_device_stack_class_register.c **** /*       and in the root directory of this software.                      */
   9:./Middlewares/ST/usbx/common/core/src/ux_device_stack_class_register.c **** /*                                                                        */
  10:./Middlewares/ST/usbx/common/core/src/ux_device_stack_class_register.c **** /**************************************************************************/
  11:./Middlewares/ST/usbx/common/core/src/ux_device_stack_class_register.c **** 
  12:./Middlewares/ST/usbx/common/core/src/ux_device_stack_class_register.c **** 
  13:./Middlewares/ST/usbx/common/core/src/ux_device_stack_class_register.c **** /**************************************************************************/
  14:./Middlewares/ST/usbx/common/core/src/ux_device_stack_class_register.c **** /**************************************************************************/
  15:./Middlewares/ST/usbx/common/core/src/ux_device_stack_class_register.c **** /**                                                                       */ 
  16:./Middlewares/ST/usbx/common/core/src/ux_device_stack_class_register.c **** /** USBX Component                                                        */ 
  17:./Middlewares/ST/usbx/common/core/src/ux_device_stack_class_register.c **** /**                                                                       */
  18:./Middlewares/ST/usbx/common/core/src/ux_device_stack_class_register.c **** /**   Device Stack                                                        */
  19:./Middlewares/ST/usbx/common/core/src/ux_device_stack_class_register.c **** /**                                                                       */
  20:./Middlewares/ST/usbx/common/core/src/ux_device_stack_class_register.c **** /**************************************************************************/
  21:./Middlewares/ST/usbx/common/core/src/ux_device_stack_class_register.c **** /**************************************************************************/
  22:./Middlewares/ST/usbx/common/core/src/ux_device_stack_class_register.c **** 
  23:./Middlewares/ST/usbx/common/core/src/ux_device_stack_class_register.c **** #define UX_SOURCE_CODE
  24:./Middlewares/ST/usbx/common/core/src/ux_device_stack_class_register.c **** 
  25:./Middlewares/ST/usbx/common/core/src/ux_device_stack_class_register.c **** 
  26:./Middlewares/ST/usbx/common/core/src/ux_device_stack_class_register.c **** /* Include necessary system files.  */
  27:./Middlewares/ST/usbx/common/core/src/ux_device_stack_class_register.c **** 
  28:./Middlewares/ST/usbx/common/core/src/ux_device_stack_class_register.c **** #include "ux_api.h"
  29:./Middlewares/ST/usbx/common/core/src/ux_device_stack_class_register.c **** #include "ux_device_stack.h"
ARM GAS  C:\Users\Dennis\AppData\Local\Temp\ccnLKe9h.s 			page 2


  30:./Middlewares/ST/usbx/common/core/src/ux_device_stack_class_register.c **** 
  31:./Middlewares/ST/usbx/common/core/src/ux_device_stack_class_register.c **** 
  32:./Middlewares/ST/usbx/common/core/src/ux_device_stack_class_register.c **** /**************************************************************************/
  33:./Middlewares/ST/usbx/common/core/src/ux_device_stack_class_register.c **** /*                                                                        */
  34:./Middlewares/ST/usbx/common/core/src/ux_device_stack_class_register.c **** /*  FUNCTION                                               RELEASE        */
  35:./Middlewares/ST/usbx/common/core/src/ux_device_stack_class_register.c **** /*                                                                        */
  36:./Middlewares/ST/usbx/common/core/src/ux_device_stack_class_register.c **** /*    _ux_device_stack_class_register                     PORTABLE C      */
  37:./Middlewares/ST/usbx/common/core/src/ux_device_stack_class_register.c **** /*                                                           6.1          */
  38:./Middlewares/ST/usbx/common/core/src/ux_device_stack_class_register.c **** /*  AUTHOR                                                                */
  39:./Middlewares/ST/usbx/common/core/src/ux_device_stack_class_register.c **** /*                                                                        */
  40:./Middlewares/ST/usbx/common/core/src/ux_device_stack_class_register.c **** /*    Chaoqiong Xiao, Microsoft Corporation                               */
  41:./Middlewares/ST/usbx/common/core/src/ux_device_stack_class_register.c **** /*                                                                        */
  42:./Middlewares/ST/usbx/common/core/src/ux_device_stack_class_register.c **** /*  DESCRIPTION                                                           */
  43:./Middlewares/ST/usbx/common/core/src/ux_device_stack_class_register.c **** /*                                                                        */
  44:./Middlewares/ST/usbx/common/core/src/ux_device_stack_class_register.c **** /*    This function registers a slave class to the slave stack.           */
  45:./Middlewares/ST/usbx/common/core/src/ux_device_stack_class_register.c **** /*                                                                        */
  46:./Middlewares/ST/usbx/common/core/src/ux_device_stack_class_register.c **** /*    Note: The C string of class_name must be NULL-terminated and the    */
  47:./Middlewares/ST/usbx/common/core/src/ux_device_stack_class_register.c **** /*    length of it (without the NULL-terminator itself) must be no larger */
  48:./Middlewares/ST/usbx/common/core/src/ux_device_stack_class_register.c **** /*    than UX_MAX_CLASS_NAME_LENGTH.                                      */
  49:./Middlewares/ST/usbx/common/core/src/ux_device_stack_class_register.c **** /*                                                                        */
  50:./Middlewares/ST/usbx/common/core/src/ux_device_stack_class_register.c **** /*  INPUT                                                                 */
  51:./Middlewares/ST/usbx/common/core/src/ux_device_stack_class_register.c **** /*                                                                        */
  52:./Middlewares/ST/usbx/common/core/src/ux_device_stack_class_register.c **** /*    class_name                            Name of class                 */
  53:./Middlewares/ST/usbx/common/core/src/ux_device_stack_class_register.c **** /*    class_function_entry                  Class entry function          */
  54:./Middlewares/ST/usbx/common/core/src/ux_device_stack_class_register.c **** /*    configuration_number                  Configuration # for this class*/
  55:./Middlewares/ST/usbx/common/core/src/ux_device_stack_class_register.c **** /*    interface_number                      Interface # for this class    */
  56:./Middlewares/ST/usbx/common/core/src/ux_device_stack_class_register.c **** /*    parameter                             Parameter specific for class  */
  57:./Middlewares/ST/usbx/common/core/src/ux_device_stack_class_register.c **** /*                                                                        */
  58:./Middlewares/ST/usbx/common/core/src/ux_device_stack_class_register.c **** /*  OUTPUT                                                                */
  59:./Middlewares/ST/usbx/common/core/src/ux_device_stack_class_register.c **** /*                                                                        */
  60:./Middlewares/ST/usbx/common/core/src/ux_device_stack_class_register.c **** /*    Completion Status                                                   */ 
  61:./Middlewares/ST/usbx/common/core/src/ux_device_stack_class_register.c **** /*                                                                        */
  62:./Middlewares/ST/usbx/common/core/src/ux_device_stack_class_register.c **** /*  CALLS                                                                 */ 
  63:./Middlewares/ST/usbx/common/core/src/ux_device_stack_class_register.c **** /*                                                                        */ 
  64:./Middlewares/ST/usbx/common/core/src/ux_device_stack_class_register.c **** /*    _ux_utility_string_length_check       Check C string and return     */
  65:./Middlewares/ST/usbx/common/core/src/ux_device_stack_class_register.c **** /*                                          its length if null-terminated */
  66:./Middlewares/ST/usbx/common/core/src/ux_device_stack_class_register.c **** /*    _ux_utility_memory_copy               Memory copy                   */ 
  67:./Middlewares/ST/usbx/common/core/src/ux_device_stack_class_register.c **** /*                                                                        */ 
  68:./Middlewares/ST/usbx/common/core/src/ux_device_stack_class_register.c **** /*  CALLED BY                                                             */ 
  69:./Middlewares/ST/usbx/common/core/src/ux_device_stack_class_register.c **** /*                                                                        */ 
  70:./Middlewares/ST/usbx/common/core/src/ux_device_stack_class_register.c **** /*    Application                                                         */ 
  71:./Middlewares/ST/usbx/common/core/src/ux_device_stack_class_register.c **** /*                                                                        */ 
  72:./Middlewares/ST/usbx/common/core/src/ux_device_stack_class_register.c **** /*  RELEASE HISTORY                                                       */ 
  73:./Middlewares/ST/usbx/common/core/src/ux_device_stack_class_register.c **** /*                                                                        */ 
  74:./Middlewares/ST/usbx/common/core/src/ux_device_stack_class_register.c **** /*    DATE              NAME                      DESCRIPTION             */ 
  75:./Middlewares/ST/usbx/common/core/src/ux_device_stack_class_register.c **** /*                                                                        */ 
  76:./Middlewares/ST/usbx/common/core/src/ux_device_stack_class_register.c **** /*  05-19-2020     Chaoqiong Xiao           Initial Version 6.0           */
  77:./Middlewares/ST/usbx/common/core/src/ux_device_stack_class_register.c **** /*  09-30-2020     Chaoqiong Xiao           Modified comment(s),          */
  78:./Middlewares/ST/usbx/common/core/src/ux_device_stack_class_register.c **** /*                                            optimized based on compile  */
  79:./Middlewares/ST/usbx/common/core/src/ux_device_stack_class_register.c **** /*                                            definitions, verified       */
  80:./Middlewares/ST/usbx/common/core/src/ux_device_stack_class_register.c **** /*                                            memset and memcpy cases,    */
  81:./Middlewares/ST/usbx/common/core/src/ux_device_stack_class_register.c **** /*                                            resulting in version 6.1    */
  82:./Middlewares/ST/usbx/common/core/src/ux_device_stack_class_register.c **** /*                                                                        */
  83:./Middlewares/ST/usbx/common/core/src/ux_device_stack_class_register.c **** /**************************************************************************/
  84:./Middlewares/ST/usbx/common/core/src/ux_device_stack_class_register.c **** UINT  _ux_device_stack_class_register(UCHAR *class_name,
  85:./Middlewares/ST/usbx/common/core/src/ux_device_stack_class_register.c ****                         UINT (*class_entry_function)(struct UX_SLAVE_CLASS_COMMAND_STRUCT *),
  86:./Middlewares/ST/usbx/common/core/src/ux_device_stack_class_register.c ****                         ULONG configuration_number,
ARM GAS  C:\Users\Dennis\AppData\Local\Temp\ccnLKe9h.s 			page 3


  87:./Middlewares/ST/usbx/common/core/src/ux_device_stack_class_register.c ****                         ULONG interface_number,
  88:./Middlewares/ST/usbx/common/core/src/ux_device_stack_class_register.c ****                         VOID *parameter)
  89:./Middlewares/ST/usbx/common/core/src/ux_device_stack_class_register.c **** {
  30              		.loc 1 89 1 view -0
  31              		.cfi_startproc
  32              		@ args = 4, pretend = 0, frame = 48
  33              		@ frame_needed = 0, uses_anonymous_args = 0
  34              		.loc 1 89 1 is_stmt 0 view .LVU1
  35 0000 2DE9F041 		push	{r4, r5, r6, r7, r8, lr}
  36              	.LCFI0:
  37              		.cfi_def_cfa_offset 24
  38              		.cfi_offset 4, -24
  39              		.cfi_offset 5, -20
  40              		.cfi_offset 6, -16
  41              		.cfi_offset 7, -12
  42              		.cfi_offset 8, -8
  43              		.cfi_offset 14, -4
  44 0004 8CB0     		sub	sp, sp, #48
  45              	.LCFI1:
  46              		.cfi_def_cfa_offset 72
  47 0006 0746     		mov	r7, r0
  48 0008 0C46     		mov	r4, r1
  49 000a 1646     		mov	r6, r2
  50 000c 9846     		mov	r8, r3
  90:./Middlewares/ST/usbx/common/core/src/ux_device_stack_class_register.c **** 
  91:./Middlewares/ST/usbx/common/core/src/ux_device_stack_class_register.c **** UX_SLAVE_CLASS              *class_inst;
  51              		.loc 1 91 1 is_stmt 1 view .LVU2
  92:./Middlewares/ST/usbx/common/core/src/ux_device_stack_class_register.c **** UINT                        status;
  52              		.loc 1 92 1 view .LVU3
  93:./Middlewares/ST/usbx/common/core/src/ux_device_stack_class_register.c **** UX_SLAVE_CLASS_COMMAND      command;
  53              		.loc 1 93 1 view .LVU4
  94:./Middlewares/ST/usbx/common/core/src/ux_device_stack_class_register.c **** UINT                        class_name_length =  0;
  54              		.loc 1 94 1 view .LVU5
  55              		.loc 1 94 29 is_stmt 0 view .LVU6
  56 000e 0025     		movs	r5, #0
  57 0010 0095     		str	r5, [sp]
  95:./Middlewares/ST/usbx/common/core/src/ux_device_stack_class_register.c **** #if UX_MAX_SLAVE_CLASS_DRIVER > 1
  96:./Middlewares/ST/usbx/common/core/src/ux_device_stack_class_register.c **** ULONG                       class_index;
  97:./Middlewares/ST/usbx/common/core/src/ux_device_stack_class_register.c **** #endif
  98:./Middlewares/ST/usbx/common/core/src/ux_device_stack_class_register.c **** 
  99:./Middlewares/ST/usbx/common/core/src/ux_device_stack_class_register.c **** 
 100:./Middlewares/ST/usbx/common/core/src/ux_device_stack_class_register.c ****     /* Get the length of the class name (exclude null-terminator).  */
 101:./Middlewares/ST/usbx/common/core/src/ux_device_stack_class_register.c ****     status =  _ux_utility_string_length_check(class_name, &class_name_length, UX_MAX_CLASS_NAME_LEN
  58              		.loc 1 101 5 is_stmt 1 view .LVU7
  59              		.loc 1 101 15 is_stmt 0 view .LVU8
  60 0012 3F22     		movs	r2, #63
  61              	.LVL1:
  62              		.loc 1 101 15 view .LVU9
  63 0014 6946     		mov	r1, sp
  64              	.LVL2:
  65              		.loc 1 101 15 view .LVU10
  66 0016 FFF7FEFF 		bl	_ux_utility_string_length_check
  67              	.LVL3:
 102:./Middlewares/ST/usbx/common/core/src/ux_device_stack_class_register.c ****     if (status)
  68              		.loc 1 102 5 is_stmt 1 view .LVU11
  69              		.loc 1 102 8 is_stmt 0 view .LVU12
  70 001a 30B9     		cbnz	r0, .L1
ARM GAS  C:\Users\Dennis\AppData\Local\Temp\ccnLKe9h.s 			page 4


 103:./Middlewares/ST/usbx/common/core/src/ux_device_stack_class_register.c ****         return(status);
 104:./Middlewares/ST/usbx/common/core/src/ux_device_stack_class_register.c **** 
 105:./Middlewares/ST/usbx/common/core/src/ux_device_stack_class_register.c ****     /* If trace is enabled, insert this event into the trace buffer.  */
 106:./Middlewares/ST/usbx/common/core/src/ux_device_stack_class_register.c ****     UX_TRACE_IN_LINE_INSERT(UX_TRACE_DEVICE_STACK_CLASS_REGISTER, class_name, interface_number, par
 107:./Middlewares/ST/usbx/common/core/src/ux_device_stack_class_register.c **** 
 108:./Middlewares/ST/usbx/common/core/src/ux_device_stack_class_register.c ****     /* Get first class.  */
 109:./Middlewares/ST/usbx/common/core/src/ux_device_stack_class_register.c ****     class_inst =  _ux_system_slave -> ux_system_slave_class_array;
  71              		.loc 1 109 5 is_stmt 1 view .LVU13
  72              		.loc 1 109 36 is_stmt 0 view .LVU14
  73 001c 114B     		ldr	r3, .L6
  74 001e 1B68     		ldr	r3, [r3]
  75              		.loc 1 109 16 view .LVU15
  76 0020 D3F85851 		ldr	r5, [r3, #344]
  77              	.LVL4:
 110:./Middlewares/ST/usbx/common/core/src/ux_device_stack_class_register.c **** 
 111:./Middlewares/ST/usbx/common/core/src/ux_device_stack_class_register.c **** #if UX_MAX_SLAVE_CLASS_DRIVER > 1
 112:./Middlewares/ST/usbx/common/core/src/ux_device_stack_class_register.c ****     /* We need to parse the class table to find an empty spot.  */
 113:./Middlewares/ST/usbx/common/core/src/ux_device_stack_class_register.c ****     for (class_index = 0; class_index < _ux_system_slave -> ux_system_slave_max_class; class_index+
 114:./Middlewares/ST/usbx/common/core/src/ux_device_stack_class_register.c ****     {
 115:./Middlewares/ST/usbx/common/core/src/ux_device_stack_class_register.c **** #endif
 116:./Middlewares/ST/usbx/common/core/src/ux_device_stack_class_register.c **** 
 117:./Middlewares/ST/usbx/common/core/src/ux_device_stack_class_register.c ****         /* Check if this class is already used.  */
 118:./Middlewares/ST/usbx/common/core/src/ux_device_stack_class_register.c ****         if (class_inst -> ux_slave_class_status == UX_UNUSED)
  78              		.loc 1 118 9 is_stmt 1 view .LVU16
  79              		.loc 1 118 24 is_stmt 0 view .LVU17
  80 0024 2B6C     		ldr	r3, [r5, #64]
  81              		.loc 1 118 12 view .LVU18
  82 0026 1BB1     		cbz	r3, .L5
 119:./Middlewares/ST/usbx/common/core/src/ux_device_stack_class_register.c ****         {
 120:./Middlewares/ST/usbx/common/core/src/ux_device_stack_class_register.c **** 
 121:./Middlewares/ST/usbx/common/core/src/ux_device_stack_class_register.c **** #if defined(UX_NAME_REFERENCED_BY_POINTER)
 122:./Middlewares/ST/usbx/common/core/src/ux_device_stack_class_register.c ****             class_inst -> ux_slave_class_name = (const UCHAR *)class_name;
 123:./Middlewares/ST/usbx/common/core/src/ux_device_stack_class_register.c **** #else
 124:./Middlewares/ST/usbx/common/core/src/ux_device_stack_class_register.c ****             /* We have found a free container for the class. Copy the name (with null-terminator). 
 125:./Middlewares/ST/usbx/common/core/src/ux_device_stack_class_register.c ****             _ux_utility_memory_copy(class_inst -> ux_slave_class_name, class_name, class_name_lengt
 126:./Middlewares/ST/usbx/common/core/src/ux_device_stack_class_register.c **** #endif
 127:./Middlewares/ST/usbx/common/core/src/ux_device_stack_class_register.c ****             
 128:./Middlewares/ST/usbx/common/core/src/ux_device_stack_class_register.c ****             /* Memorize the entry function of this class.  */
 129:./Middlewares/ST/usbx/common/core/src/ux_device_stack_class_register.c ****             class_inst -> ux_slave_class_entry_function =  class_entry_function;
 130:./Middlewares/ST/usbx/common/core/src/ux_device_stack_class_register.c **** 
 131:./Middlewares/ST/usbx/common/core/src/ux_device_stack_class_register.c ****             /* Memorize the pointer to the application parameter.  */
 132:./Middlewares/ST/usbx/common/core/src/ux_device_stack_class_register.c ****             class_inst -> ux_slave_class_interface_parameter =  parameter;
 133:./Middlewares/ST/usbx/common/core/src/ux_device_stack_class_register.c ****             
 134:./Middlewares/ST/usbx/common/core/src/ux_device_stack_class_register.c ****             /* Memorize the configuration number on which this instance will be called.  */
 135:./Middlewares/ST/usbx/common/core/src/ux_device_stack_class_register.c ****             class_inst -> ux_slave_class_configuration_number =  configuration_number;
 136:./Middlewares/ST/usbx/common/core/src/ux_device_stack_class_register.c ****             
 137:./Middlewares/ST/usbx/common/core/src/ux_device_stack_class_register.c ****             /* Memorize the interface number on which this instance will be called.  */
 138:./Middlewares/ST/usbx/common/core/src/ux_device_stack_class_register.c ****             class_inst -> ux_slave_class_interface_number =  interface_number;
 139:./Middlewares/ST/usbx/common/core/src/ux_device_stack_class_register.c ****             
 140:./Middlewares/ST/usbx/common/core/src/ux_device_stack_class_register.c ****             /* Build all the fields of the Class Command to initialize the class.  */
 141:./Middlewares/ST/usbx/common/core/src/ux_device_stack_class_register.c ****             command.ux_slave_class_command_request    =  UX_SLAVE_CLASS_COMMAND_INITIALIZE;
 142:./Middlewares/ST/usbx/common/core/src/ux_device_stack_class_register.c ****             command.ux_slave_class_command_parameter  =  parameter;
 143:./Middlewares/ST/usbx/common/core/src/ux_device_stack_class_register.c ****             command.ux_slave_class_command_class_ptr  =  class_inst;
 144:./Middlewares/ST/usbx/common/core/src/ux_device_stack_class_register.c **** 
 145:./Middlewares/ST/usbx/common/core/src/ux_device_stack_class_register.c ****             /* Call the class initialization routine.  */
 146:./Middlewares/ST/usbx/common/core/src/ux_device_stack_class_register.c ****             status = class_entry_function(&command);
 147:./Middlewares/ST/usbx/common/core/src/ux_device_stack_class_register.c ****             
ARM GAS  C:\Users\Dennis\AppData\Local\Temp\ccnLKe9h.s 			page 5


 148:./Middlewares/ST/usbx/common/core/src/ux_device_stack_class_register.c ****             /* Check the status.  */
 149:./Middlewares/ST/usbx/common/core/src/ux_device_stack_class_register.c ****             if (status != UX_SUCCESS)
 150:./Middlewares/ST/usbx/common/core/src/ux_device_stack_class_register.c ****                 return(status);
 151:./Middlewares/ST/usbx/common/core/src/ux_device_stack_class_register.c ****             
 152:./Middlewares/ST/usbx/common/core/src/ux_device_stack_class_register.c ****             /* Make this class used now.  */
 153:./Middlewares/ST/usbx/common/core/src/ux_device_stack_class_register.c ****             class_inst -> ux_slave_class_status = UX_USED;
 154:./Middlewares/ST/usbx/common/core/src/ux_device_stack_class_register.c **** 
 155:./Middlewares/ST/usbx/common/core/src/ux_device_stack_class_register.c ****             /* Return successful completion.  */
 156:./Middlewares/ST/usbx/common/core/src/ux_device_stack_class_register.c ****             return(UX_SUCCESS);
 157:./Middlewares/ST/usbx/common/core/src/ux_device_stack_class_register.c ****         }
 158:./Middlewares/ST/usbx/common/core/src/ux_device_stack_class_register.c **** 
 159:./Middlewares/ST/usbx/common/core/src/ux_device_stack_class_register.c **** #if UX_MAX_SLAVE_CLASS_DRIVER > 1
 160:./Middlewares/ST/usbx/common/core/src/ux_device_stack_class_register.c ****         /* Move to the next class.  */
 161:./Middlewares/ST/usbx/common/core/src/ux_device_stack_class_register.c ****         class_inst ++;
 162:./Middlewares/ST/usbx/common/core/src/ux_device_stack_class_register.c ****     }    
 163:./Middlewares/ST/usbx/common/core/src/ux_device_stack_class_register.c **** #endif
 164:./Middlewares/ST/usbx/common/core/src/ux_device_stack_class_register.c **** 
 165:./Middlewares/ST/usbx/common/core/src/ux_device_stack_class_register.c ****     /* No more entries in the class table.  */
 166:./Middlewares/ST/usbx/common/core/src/ux_device_stack_class_register.c ****     return(UX_MEMORY_INSUFFICIENT);
  83              		.loc 1 166 11 view .LVU19
  84 0028 1220     		movs	r0, #18
  85              	.LVL5:
  86              	.L1:
 167:./Middlewares/ST/usbx/common/core/src/ux_device_stack_class_register.c **** }
  87              		.loc 1 167 1 view .LVU20
  88 002a 0CB0     		add	sp, sp, #48
  89              	.LCFI2:
  90              		.cfi_remember_state
  91              		.cfi_def_cfa_offset 24
  92              		@ sp needed
  93 002c BDE8F081 		pop	{r4, r5, r6, r7, r8, pc}
  94              	.LVL6:
  95              	.L5:
  96              	.LCFI3:
  97              		.cfi_restore_state
 125:./Middlewares/ST/usbx/common/core/src/ux_device_stack_class_register.c **** #endif
  98              		.loc 1 125 13 is_stmt 1 view .LVU21
  99 0030 009A     		ldr	r2, [sp]
 100 0032 0132     		adds	r2, r2, #1
 101 0034 3946     		mov	r1, r7
 102 0036 2846     		mov	r0, r5
 103 0038 FFF7FEFF 		bl	_ux_utility_memory_copy
 104              	.LVL7:
 129:./Middlewares/ST/usbx/common/core/src/ux_device_stack_class_register.c **** 
 105              		.loc 1 129 13 view .LVU22
 129:./Middlewares/ST/usbx/common/core/src/ux_device_stack_class_register.c **** 
 106              		.loc 1 129 57 is_stmt 0 view .LVU23
 107 003c 6C64     		str	r4, [r5, #68]
 132:./Middlewares/ST/usbx/common/core/src/ux_device_stack_class_register.c ****             
 108              		.loc 1 132 13 is_stmt 1 view .LVU24
 132:./Middlewares/ST/usbx/common/core/src/ux_device_stack_class_register.c ****             
 109              		.loc 1 132 62 is_stmt 0 view .LVU25
 110 003e 129B     		ldr	r3, [sp, #72]
 111 0040 C5F80431 		str	r3, [r5, #260]
 135:./Middlewares/ST/usbx/common/core/src/ux_device_stack_class_register.c ****             
 112              		.loc 1 135 13 is_stmt 1 view .LVU26
 135:./Middlewares/ST/usbx/common/core/src/ux_device_stack_class_register.c ****             
ARM GAS  C:\Users\Dennis\AppData\Local\Temp\ccnLKe9h.s 			page 6


 113              		.loc 1 135 63 is_stmt 0 view .LVU27
 114 0044 C5F80C61 		str	r6, [r5, #268]
 138:./Middlewares/ST/usbx/common/core/src/ux_device_stack_class_register.c ****             
 115              		.loc 1 138 13 is_stmt 1 view .LVU28
 138:./Middlewares/ST/usbx/common/core/src/ux_device_stack_class_register.c ****             
 116              		.loc 1 138 59 is_stmt 0 view .LVU29
 117 0048 C5F80881 		str	r8, [r5, #264]
 141:./Middlewares/ST/usbx/common/core/src/ux_device_stack_class_register.c ****             command.ux_slave_class_command_parameter  =  parameter;
 118              		.loc 1 141 13 is_stmt 1 view .LVU30
 141:./Middlewares/ST/usbx/common/core/src/ux_device_stack_class_register.c ****             command.ux_slave_class_command_parameter  =  parameter;
 119              		.loc 1 141 55 is_stmt 0 view .LVU31
 120 004c 0523     		movs	r3, #5
 121 004e 0193     		str	r3, [sp, #4]
 142:./Middlewares/ST/usbx/common/core/src/ux_device_stack_class_register.c ****             command.ux_slave_class_command_class_ptr  =  class_inst;
 122              		.loc 1 142 13 is_stmt 1 view .LVU32
 142:./Middlewares/ST/usbx/common/core/src/ux_device_stack_class_register.c ****             command.ux_slave_class_command_class_ptr  =  class_inst;
 123              		.loc 1 142 55 is_stmt 0 view .LVU33
 124 0050 129B     		ldr	r3, [sp, #72]
 125 0052 0A93     		str	r3, [sp, #40]
 143:./Middlewares/ST/usbx/common/core/src/ux_device_stack_class_register.c **** 
 126              		.loc 1 143 13 is_stmt 1 view .LVU34
 143:./Middlewares/ST/usbx/common/core/src/ux_device_stack_class_register.c **** 
 127              		.loc 1 143 55 is_stmt 0 view .LVU35
 128 0054 0995     		str	r5, [sp, #36]
 146:./Middlewares/ST/usbx/common/core/src/ux_device_stack_class_register.c ****             
 129              		.loc 1 146 13 is_stmt 1 view .LVU36
 146:./Middlewares/ST/usbx/common/core/src/ux_device_stack_class_register.c ****             
 130              		.loc 1 146 22 is_stmt 0 view .LVU37
 131 0056 01A8     		add	r0, sp, #4
 132 0058 A047     		blx	r4
 133              	.LVL8:
 149:./Middlewares/ST/usbx/common/core/src/ux_device_stack_class_register.c ****                 return(status);
 134              		.loc 1 149 13 is_stmt 1 view .LVU38
 149:./Middlewares/ST/usbx/common/core/src/ux_device_stack_class_register.c ****                 return(status);
 135              		.loc 1 149 16 is_stmt 0 view .LVU39
 136 005a 0028     		cmp	r0, #0
 137 005c E5D1     		bne	.L1
 153:./Middlewares/ST/usbx/common/core/src/ux_device_stack_class_register.c **** 
 138              		.loc 1 153 13 is_stmt 1 view .LVU40
 153:./Middlewares/ST/usbx/common/core/src/ux_device_stack_class_register.c **** 
 139              		.loc 1 153 49 is_stmt 0 view .LVU41
 140 005e 0123     		movs	r3, #1
 141 0060 2B64     		str	r3, [r5, #64]
 156:./Middlewares/ST/usbx/common/core/src/ux_device_stack_class_register.c ****         }
 142              		.loc 1 156 13 is_stmt 1 view .LVU42
 156:./Middlewares/ST/usbx/common/core/src/ux_device_stack_class_register.c ****         }
 143              		.loc 1 156 19 is_stmt 0 view .LVU43
 144 0062 E2E7     		b	.L1
 145              	.L7:
 146              		.align	2
 147              	.L6:
 148 0064 00000000 		.word	_ux_system_slave
 149              		.cfi_endproc
 150              	.LFE11:
 152              		.text
 153              	.Letext0:
 154              		.file 2 "./Middlewares/ST/threadx/ports/cortex_m4/gnu/inc/tx_port.h"
ARM GAS  C:\Users\Dennis\AppData\Local\Temp\ccnLKe9h.s 			page 7


 155              		.file 3 "./Middlewares/ST/threadx/common/inc/tx_api.h"
 156              		.file 4 "./Middlewares/ST/usbx/common/core/inc/ux_api.h"
 157              		.file 5 "./Middlewares/ST/usbx/common/core/inc/ux_system.h"
 158              		.file 6 "./Middlewares/ST/usbx/common/core/inc/ux_utility.h"
ARM GAS  C:\Users\Dennis\AppData\Local\Temp\ccnLKe9h.s 			page 8


DEFINED SYMBOLS
                            *ABS*:00000000 ux_device_stack_class_register.c
C:\Users\Dennis\AppData\Local\Temp\ccnLKe9h.s:20     .text._ux_device_stack_class_register:00000000 $t
C:\Users\Dennis\AppData\Local\Temp\ccnLKe9h.s:26     .text._ux_device_stack_class_register:00000000 _ux_device_stack_class_register
C:\Users\Dennis\AppData\Local\Temp\ccnLKe9h.s:148    .text._ux_device_stack_class_register:00000064 $d

UNDEFINED SYMBOLS
_ux_utility_string_length_check
_ux_utility_memory_copy
_ux_system_slave
