ARM GAS  C:\Users\Dennis\AppData\Local\Temp\ccxRY9aA.s 			page 1


   1              		.cpu cortex-m4
   2              		.arch armv7e-m
   3              		.fpu fpv4-sp-d16
   4              		.eabi_attribute 27, 1
   5              		.eabi_attribute 28, 1
   6              		.eabi_attribute 20, 1
   7              		.eabi_attribute 21, 1
   8              		.eabi_attribute 23, 3
   9              		.eabi_attribute 24, 1
  10              		.eabi_attribute 25, 1
  11              		.eabi_attribute 26, 1
  12              		.eabi_attribute 30, 1
  13              		.eabi_attribute 34, 1
  14              		.eabi_attribute 18, 4
  15              		.file	"ux_device_stack_uninitialize.c"
  16              		.text
  17              	.Ltext0:
  18              		.cfi_sections	.debug_frame
  19              		.section	.text._ux_device_stack_uninitialize,"ax",%progbits
  20              		.align	1
  21              		.global	_ux_device_stack_uninitialize
  22              		.syntax unified
  23              		.thumb
  24              		.thumb_func
  26              	_ux_device_stack_uninitialize:
  27              	.LFB11:
  28              		.file 1 "./Middlewares/ST/usbx/common/core/src/ux_device_stack_uninitialize.c"
   1:./Middlewares/ST/usbx/common/core/src/ux_device_stack_uninitialize.c **** /**************************************************************************/
   2:./Middlewares/ST/usbx/common/core/src/ux_device_stack_uninitialize.c **** /*                                                                        */
   3:./Middlewares/ST/usbx/common/core/src/ux_device_stack_uninitialize.c **** /*       Copyright (c) Microsoft Corporation. All rights reserved.        */
   4:./Middlewares/ST/usbx/common/core/src/ux_device_stack_uninitialize.c **** /*                                                                        */
   5:./Middlewares/ST/usbx/common/core/src/ux_device_stack_uninitialize.c **** /*       This software is licensed under the Microsoft Software License   */
   6:./Middlewares/ST/usbx/common/core/src/ux_device_stack_uninitialize.c **** /*       Terms for Microsoft Azure RTOS. Full text of the license can be  */
   7:./Middlewares/ST/usbx/common/core/src/ux_device_stack_uninitialize.c **** /*       found in the LICENSE file at https://aka.ms/AzureRTOS_EULA       */
   8:./Middlewares/ST/usbx/common/core/src/ux_device_stack_uninitialize.c **** /*       and in the root directory of this software.                      */
   9:./Middlewares/ST/usbx/common/core/src/ux_device_stack_uninitialize.c **** /*                                                                        */
  10:./Middlewares/ST/usbx/common/core/src/ux_device_stack_uninitialize.c **** /**************************************************************************/
  11:./Middlewares/ST/usbx/common/core/src/ux_device_stack_uninitialize.c **** 
  12:./Middlewares/ST/usbx/common/core/src/ux_device_stack_uninitialize.c **** 
  13:./Middlewares/ST/usbx/common/core/src/ux_device_stack_uninitialize.c **** /**************************************************************************/
  14:./Middlewares/ST/usbx/common/core/src/ux_device_stack_uninitialize.c **** /**************************************************************************/
  15:./Middlewares/ST/usbx/common/core/src/ux_device_stack_uninitialize.c **** /**                                                                       */ 
  16:./Middlewares/ST/usbx/common/core/src/ux_device_stack_uninitialize.c **** /** USBX Component                                                        */ 
  17:./Middlewares/ST/usbx/common/core/src/ux_device_stack_uninitialize.c **** /**                                                                       */
  18:./Middlewares/ST/usbx/common/core/src/ux_device_stack_uninitialize.c **** /**   Device Stack                                                        */
  19:./Middlewares/ST/usbx/common/core/src/ux_device_stack_uninitialize.c **** /**                                                                       */
  20:./Middlewares/ST/usbx/common/core/src/ux_device_stack_uninitialize.c **** /**************************************************************************/
  21:./Middlewares/ST/usbx/common/core/src/ux_device_stack_uninitialize.c **** /**************************************************************************/
  22:./Middlewares/ST/usbx/common/core/src/ux_device_stack_uninitialize.c **** 
  23:./Middlewares/ST/usbx/common/core/src/ux_device_stack_uninitialize.c **** #define UX_SOURCE_CODE
  24:./Middlewares/ST/usbx/common/core/src/ux_device_stack_uninitialize.c **** 
  25:./Middlewares/ST/usbx/common/core/src/ux_device_stack_uninitialize.c **** 
  26:./Middlewares/ST/usbx/common/core/src/ux_device_stack_uninitialize.c **** /* Include necessary system files.  */
  27:./Middlewares/ST/usbx/common/core/src/ux_device_stack_uninitialize.c **** 
  28:./Middlewares/ST/usbx/common/core/src/ux_device_stack_uninitialize.c **** #include "ux_api.h"
  29:./Middlewares/ST/usbx/common/core/src/ux_device_stack_uninitialize.c **** #include "ux_device_stack.h"
  30:./Middlewares/ST/usbx/common/core/src/ux_device_stack_uninitialize.c **** 
ARM GAS  C:\Users\Dennis\AppData\Local\Temp\ccxRY9aA.s 			page 2


  31:./Middlewares/ST/usbx/common/core/src/ux_device_stack_uninitialize.c **** /**************************************************************************/
  32:./Middlewares/ST/usbx/common/core/src/ux_device_stack_uninitialize.c **** /*                                                                        */
  33:./Middlewares/ST/usbx/common/core/src/ux_device_stack_uninitialize.c **** /*  FUNCTION                                               RELEASE        */
  34:./Middlewares/ST/usbx/common/core/src/ux_device_stack_uninitialize.c **** /*                                                                        */
  35:./Middlewares/ST/usbx/common/core/src/ux_device_stack_uninitialize.c **** /*    _ux_device_stack_uninitialize                       PORTABLE C      */
  36:./Middlewares/ST/usbx/common/core/src/ux_device_stack_uninitialize.c **** /*                                                           6.1.10       */
  37:./Middlewares/ST/usbx/common/core/src/ux_device_stack_uninitialize.c **** /*  AUTHOR                                                                */
  38:./Middlewares/ST/usbx/common/core/src/ux_device_stack_uninitialize.c **** /*                                                                        */
  39:./Middlewares/ST/usbx/common/core/src/ux_device_stack_uninitialize.c **** /*    Chaoqiong Xiao, Microsoft Corporation                               */
  40:./Middlewares/ST/usbx/common/core/src/ux_device_stack_uninitialize.c **** /*                                                                        */
  41:./Middlewares/ST/usbx/common/core/src/ux_device_stack_uninitialize.c **** /*  DESCRIPTION                                                           */
  42:./Middlewares/ST/usbx/common/core/src/ux_device_stack_uninitialize.c **** /*                                                                        */
  43:./Middlewares/ST/usbx/common/core/src/ux_device_stack_uninitialize.c **** /*    This function uninitializes the generic portion of the device side  */
  44:./Middlewares/ST/usbx/common/core/src/ux_device_stack_uninitialize.c **** /*    of USBX.                                                            */
  45:./Middlewares/ST/usbx/common/core/src/ux_device_stack_uninitialize.c **** /*                                                                        */
  46:./Middlewares/ST/usbx/common/core/src/ux_device_stack_uninitialize.c **** /*  INPUT                                                                 */
  47:./Middlewares/ST/usbx/common/core/src/ux_device_stack_uninitialize.c **** /*                                                                        */
  48:./Middlewares/ST/usbx/common/core/src/ux_device_stack_uninitialize.c **** /*  OUTPUT                                                                */
  49:./Middlewares/ST/usbx/common/core/src/ux_device_stack_uninitialize.c **** /*                                                                        */
  50:./Middlewares/ST/usbx/common/core/src/ux_device_stack_uninitialize.c **** /*    Completion Status                                                   */ 
  51:./Middlewares/ST/usbx/common/core/src/ux_device_stack_uninitialize.c **** /*                                                                        */
  52:./Middlewares/ST/usbx/common/core/src/ux_device_stack_uninitialize.c **** /*  CALLS                                                                 */ 
  53:./Middlewares/ST/usbx/common/core/src/ux_device_stack_uninitialize.c **** /*                                                                        */ 
  54:./Middlewares/ST/usbx/common/core/src/ux_device_stack_uninitialize.c **** /*    _ux_utility_memory_free               Free                          */ 
  55:./Middlewares/ST/usbx/common/core/src/ux_device_stack_uninitialize.c **** /*    _ux_utility_semaphore_delete          Delete semaphore              */
  56:./Middlewares/ST/usbx/common/core/src/ux_device_stack_uninitialize.c **** /*                                                                        */ 
  57:./Middlewares/ST/usbx/common/core/src/ux_device_stack_uninitialize.c **** /*  CALLED BY                                                             */ 
  58:./Middlewares/ST/usbx/common/core/src/ux_device_stack_uninitialize.c **** /*                                                                        */ 
  59:./Middlewares/ST/usbx/common/core/src/ux_device_stack_uninitialize.c **** /*    Application                                                         */ 
  60:./Middlewares/ST/usbx/common/core/src/ux_device_stack_uninitialize.c **** /*                                                                        */ 
  61:./Middlewares/ST/usbx/common/core/src/ux_device_stack_uninitialize.c **** /*  RELEASE HISTORY                                                       */ 
  62:./Middlewares/ST/usbx/common/core/src/ux_device_stack_uninitialize.c **** /*                                                                        */ 
  63:./Middlewares/ST/usbx/common/core/src/ux_device_stack_uninitialize.c **** /*    DATE              NAME                      DESCRIPTION             */ 
  64:./Middlewares/ST/usbx/common/core/src/ux_device_stack_uninitialize.c **** /*                                                                        */ 
  65:./Middlewares/ST/usbx/common/core/src/ux_device_stack_uninitialize.c **** /*  05-19-2020     Chaoqiong Xiao           Initial Version 6.0           */
  66:./Middlewares/ST/usbx/common/core/src/ux_device_stack_uninitialize.c **** /*  09-30-2020     Chaoqiong Xiao           Modified comment(s),          */
  67:./Middlewares/ST/usbx/common/core/src/ux_device_stack_uninitialize.c **** /*                                            resulting in version 6.1    */
  68:./Middlewares/ST/usbx/common/core/src/ux_device_stack_uninitialize.c **** /*  04-02-2021     Chaoqiong Xiao           Modified comment(s),          */
  69:./Middlewares/ST/usbx/common/core/src/ux_device_stack_uninitialize.c **** /*                                            fixed uninitialize in case  */
  70:./Middlewares/ST/usbx/common/core/src/ux_device_stack_uninitialize.c **** /*                                            there is no EP except EP0,  */
  71:./Middlewares/ST/usbx/common/core/src/ux_device_stack_uninitialize.c **** /*                                            resulting in version 6.1.6  */
  72:./Middlewares/ST/usbx/common/core/src/ux_device_stack_uninitialize.c **** /*  01-31-2022     Chaoqiong Xiao           Modified comment(s),          */
  73:./Middlewares/ST/usbx/common/core/src/ux_device_stack_uninitialize.c **** /*                                            added standalone support,   */
  74:./Middlewares/ST/usbx/common/core/src/ux_device_stack_uninitialize.c **** /*                                            resulting in version 6.1.10 */
  75:./Middlewares/ST/usbx/common/core/src/ux_device_stack_uninitialize.c **** /*                                                                        */
  76:./Middlewares/ST/usbx/common/core/src/ux_device_stack_uninitialize.c **** /**************************************************************************/
  77:./Middlewares/ST/usbx/common/core/src/ux_device_stack_uninitialize.c **** UINT  _ux_device_stack_uninitialize(VOID)
  78:./Middlewares/ST/usbx/common/core/src/ux_device_stack_uninitialize.c **** {
  29              		.loc 1 78 1 view -0
  30              		.cfi_startproc
  31              		@ args = 0, pretend = 0, frame = 0
  32              		@ frame_needed = 0, uses_anonymous_args = 0
  33 0000 70B5     		push	{r4, r5, r6, lr}
  34              	.LCFI0:
  35              		.cfi_def_cfa_offset 16
  36              		.cfi_offset 4, -16
  37              		.cfi_offset 5, -12
ARM GAS  C:\Users\Dennis\AppData\Local\Temp\ccxRY9aA.s 			page 3


  38              		.cfi_offset 6, -8
  39              		.cfi_offset 14, -4
  79:./Middlewares/ST/usbx/common/core/src/ux_device_stack_uninitialize.c **** UX_SLAVE_DEVICE                 *device;
  40              		.loc 1 79 1 view .LVU1
  80:./Middlewares/ST/usbx/common/core/src/ux_device_stack_uninitialize.c **** UX_SLAVE_ENDPOINT               *endpoints_pool;
  41              		.loc 1 80 1 view .LVU2
  81:./Middlewares/ST/usbx/common/core/src/ux_device_stack_uninitialize.c **** UX_SLAVE_TRANSFER               *transfer_request;
  42              		.loc 1 81 1 view .LVU3
  82:./Middlewares/ST/usbx/common/core/src/ux_device_stack_uninitialize.c **** ULONG                           endpoints_found;
  43              		.loc 1 82 1 view .LVU4
  83:./Middlewares/ST/usbx/common/core/src/ux_device_stack_uninitialize.c **** 
  84:./Middlewares/ST/usbx/common/core/src/ux_device_stack_uninitialize.c ****     /* If trace is enabled, insert this event into the trace buffer.  */
  85:./Middlewares/ST/usbx/common/core/src/ux_device_stack_uninitialize.c ****     UX_TRACE_IN_LINE_INSERT(UX_TRACE_DEVICE_STACK_INITIALIZE, 0, 0, 0, 0, UX_TRACE_DEVICE_STACK_EVE
  86:./Middlewares/ST/usbx/common/core/src/ux_device_stack_uninitialize.c **** 
  87:./Middlewares/ST/usbx/common/core/src/ux_device_stack_uninitialize.c ****     /* Get the pointer to the device. */
  88:./Middlewares/ST/usbx/common/core/src/ux_device_stack_uninitialize.c ****     device =  &_ux_system_slave -> ux_system_slave_device;
  44              		.loc 1 88 5 view .LVU5
  45              		.loc 1 88 33 is_stmt 0 view .LVU6
  46 0002 134B     		ldr	r3, .L6
  47 0004 1E68     		ldr	r6, [r3]
  48              	.LVL0:
  89:./Middlewares/ST/usbx/common/core/src/ux_device_stack_uninitialize.c **** 
  90:./Middlewares/ST/usbx/common/core/src/ux_device_stack_uninitialize.c ****     /* Free class memory. */
  91:./Middlewares/ST/usbx/common/core/src/ux_device_stack_uninitialize.c ****     _ux_utility_memory_free(_ux_system_slave -> ux_system_slave_class_array);
  49              		.loc 1 91 5 is_stmt 1 view .LVU7
  50 0006 D6F85801 		ldr	r0, [r6, #344]
  51 000a FFF7FEFF 		bl	_ux_utility_memory_free
  52              	.LVL1:
  92:./Middlewares/ST/usbx/common/core/src/ux_device_stack_uninitialize.c **** 
  93:./Middlewares/ST/usbx/common/core/src/ux_device_stack_uninitialize.c ****     /* Allocate some memory for the Control Endpoint.  First get the address of the transfer reques
  94:./Middlewares/ST/usbx/common/core/src/ux_device_stack_uninitialize.c ****        control endpoint. */
  95:./Middlewares/ST/usbx/common/core/src/ux_device_stack_uninitialize.c ****     transfer_request =  &device -> ux_slave_device_control_endpoint.ux_slave_endpoint_transfer_requ
  53              		.loc 1 95 5 view .LVU8
  96:./Middlewares/ST/usbx/common/core/src/ux_device_stack_uninitialize.c **** 
  97:./Middlewares/ST/usbx/common/core/src/ux_device_stack_uninitialize.c ****     /* Free memory for the control endpoint buffer.  */
  98:./Middlewares/ST/usbx/common/core/src/ux_device_stack_uninitialize.c ****     _ux_utility_memory_free(transfer_request -> ux_slave_transfer_request_data_pointer);
  54              		.loc 1 98 5 view .LVU9
  55 000e D6F89800 		ldr	r0, [r6, #152]
  56 0012 FFF7FEFF 		bl	_ux_utility_memory_free
  57              	.LVL2:
  99:./Middlewares/ST/usbx/common/core/src/ux_device_stack_uninitialize.c **** 
 100:./Middlewares/ST/usbx/common/core/src/ux_device_stack_uninitialize.c ****     /* Get the number of endpoints found in the device framework.  */
 101:./Middlewares/ST/usbx/common/core/src/ux_device_stack_uninitialize.c ****     endpoints_found = device -> ux_slave_device_endpoints_pool_number;
  58              		.loc 1 101 5 view .LVU10
  59              		.loc 1 101 21 is_stmt 0 view .LVU11
  60 0016 D6F82031 		ldr	r3, [r6, #288]
  61              	.LVL3:
 102:./Middlewares/ST/usbx/common/core/src/ux_device_stack_uninitialize.c ****     
 103:./Middlewares/ST/usbx/common/core/src/ux_device_stack_uninitialize.c ****     /* Get the endpoint pool address in the device container.  */
 104:./Middlewares/ST/usbx/common/core/src/ux_device_stack_uninitialize.c ****     endpoints_pool =  device -> ux_slave_device_endpoints_pool;
  62              		.loc 1 104 5 is_stmt 1 view .LVU12
  63              		.loc 1 104 20 is_stmt 0 view .LVU13
  64 001a D6F81C41 		ldr	r4, [r6, #284]
  65              	.LVL4:
 105:./Middlewares/ST/usbx/common/core/src/ux_device_stack_uninitialize.c **** 
 106:./Middlewares/ST/usbx/common/core/src/ux_device_stack_uninitialize.c ****     /* Parse all endpoints and fee memory and semaphore. */
 107:./Middlewares/ST/usbx/common/core/src/ux_device_stack_uninitialize.c ****     while (endpoints_found-- != 0)
ARM GAS  C:\Users\Dennis\AppData\Local\Temp\ccxRY9aA.s 			page 4


  66              		.loc 1 107 5 is_stmt 1 view .LVU14
  67              		.loc 1 107 11 is_stmt 0 view .LVU15
  68 001e 08E0     		b	.L2
  69              	.LVL5:
  70              	.L3:
 108:./Middlewares/ST/usbx/common/core/src/ux_device_stack_uninitialize.c ****     {
 109:./Middlewares/ST/usbx/common/core/src/ux_device_stack_uninitialize.c ****         /* Free the memory for endpoint data pointer.  */
 110:./Middlewares/ST/usbx/common/core/src/ux_device_stack_uninitialize.c ****         _ux_utility_memory_free(endpoints_pool -> ux_slave_endpoint_transfer_request.ux_slave_trans
  71              		.loc 1 110 9 is_stmt 1 view .LVU16
  72 0020 E06B     		ldr	r0, [r4, #60]
  73 0022 FFF7FEFF 		bl	_ux_utility_memory_free
  74              	.LVL6:
 111:./Middlewares/ST/usbx/common/core/src/ux_device_stack_uninitialize.c ****     
 112:./Middlewares/ST/usbx/common/core/src/ux_device_stack_uninitialize.c ****         /* Remove the TX semaphore for the endpoint.  */
 113:./Middlewares/ST/usbx/common/core/src/ux_device_stack_uninitialize.c ****         _ux_device_semaphore_delete(&endpoints_pool -> ux_slave_endpoint_transfer_request.ux_slave_
  75              		.loc 1 113 9 view .LVU17
  76 0026 04F16000 		add	r0, r4, #96
  77 002a FFF7FEFF 		bl	_ux_utility_semaphore_delete
  78              	.LVL7:
 114:./Middlewares/ST/usbx/common/core/src/ux_device_stack_uninitialize.c ****     
 115:./Middlewares/ST/usbx/common/core/src/ux_device_stack_uninitialize.c ****         /* Next endpoint.  */
 116:./Middlewares/ST/usbx/common/core/src/ux_device_stack_uninitialize.c ****         endpoints_pool++;
  79              		.loc 1 116 9 view .LVU18
  80              		.loc 1 116 23 is_stmt 0 view .LVU19
  81 002e 9034     		adds	r4, r4, #144
  82              	.LVL8:
 107:./Middlewares/ST/usbx/common/core/src/ux_device_stack_uninitialize.c ****     {
  83              		.loc 1 107 27 view .LVU20
  84 0030 2B46     		mov	r3, r5
  85              	.LVL9:
  86              	.L2:
 107:./Middlewares/ST/usbx/common/core/src/ux_device_stack_uninitialize.c ****     {
  87              		.loc 1 107 11 is_stmt 1 view .LVU21
 107:./Middlewares/ST/usbx/common/core/src/ux_device_stack_uninitialize.c ****     {
  88              		.loc 1 107 27 is_stmt 0 view .LVU22
  89 0032 5D1E     		subs	r5, r3, #1
  90              	.LVL10:
 107:./Middlewares/ST/usbx/common/core/src/ux_device_stack_uninitialize.c ****     {
  91              		.loc 1 107 11 view .LVU23
  92 0034 002B     		cmp	r3, #0
  93 0036 F3D1     		bne	.L3
 117:./Middlewares/ST/usbx/common/core/src/ux_device_stack_uninitialize.c ****     }
 118:./Middlewares/ST/usbx/common/core/src/ux_device_stack_uninitialize.c **** 
 119:./Middlewares/ST/usbx/common/core/src/ux_device_stack_uninitialize.c ****     /* Free the endpoint pool address in the device container.  */
 120:./Middlewares/ST/usbx/common/core/src/ux_device_stack_uninitialize.c ****     if (device -> ux_slave_device_endpoints_pool)
  94              		.loc 1 120 5 is_stmt 1 view .LVU24
  95              		.loc 1 120 16 is_stmt 0 view .LVU25
  96 0038 D6F81C01 		ldr	r0, [r6, #284]
  97              		.loc 1 120 8 view .LVU26
  98 003c 08B1     		cbz	r0, .L4
 121:./Middlewares/ST/usbx/common/core/src/ux_device_stack_uninitialize.c ****         _ux_utility_memory_free(device -> ux_slave_device_endpoints_pool);
  99              		.loc 1 121 9 is_stmt 1 view .LVU27
 100 003e FFF7FEFF 		bl	_ux_utility_memory_free
 101              	.LVL11:
 102              	.L4:
 122:./Middlewares/ST/usbx/common/core/src/ux_device_stack_uninitialize.c **** 
 123:./Middlewares/ST/usbx/common/core/src/ux_device_stack_uninitialize.c ****     /* Free memory for interface pool.  */
ARM GAS  C:\Users\Dennis\AppData\Local\Temp\ccxRY9aA.s 			page 5


 124:./Middlewares/ST/usbx/common/core/src/ux_device_stack_uninitialize.c ****     _ux_utility_memory_free(device -> ux_slave_device_interfaces_pool);
 103              		.loc 1 124 5 view .LVU28
 104 0042 D6F81401 		ldr	r0, [r6, #276]
 105 0046 FFF7FEFF 		bl	_ux_utility_memory_free
 106              	.LVL12:
 125:./Middlewares/ST/usbx/common/core/src/ux_device_stack_uninitialize.c **** 
 126:./Middlewares/ST/usbx/common/core/src/ux_device_stack_uninitialize.c ****     /* Return successful completion.  */
 127:./Middlewares/ST/usbx/common/core/src/ux_device_stack_uninitialize.c ****     return(UX_SUCCESS);
 107              		.loc 1 127 5 view .LVU29
 128:./Middlewares/ST/usbx/common/core/src/ux_device_stack_uninitialize.c **** }
 108              		.loc 1 128 1 is_stmt 0 view .LVU30
 109 004a 0020     		movs	r0, #0
 110 004c 70BD     		pop	{r4, r5, r6, pc}
 111              	.LVL13:
 112              	.L7:
 113              		.loc 1 128 1 view .LVU31
 114 004e 00BF     		.align	2
 115              	.L6:
 116 0050 00000000 		.word	_ux_system_slave
 117              		.cfi_endproc
 118              	.LFE11:
 120              		.text
 121              	.Letext0:
 122              		.file 2 "./Middlewares/ST/threadx/ports/cortex_m4/gnu/inc/tx_port.h"
 123              		.file 3 "./Middlewares/ST/threadx/common/inc/tx_api.h"
 124              		.file 4 "./Middlewares/ST/usbx/common/core/inc/ux_api.h"
 125              		.file 5 "./Middlewares/ST/usbx/common/core/inc/ux_system.h"
 126              		.file 6 "./Middlewares/ST/usbx/common/core/inc/ux_utility.h"
ARM GAS  C:\Users\Dennis\AppData\Local\Temp\ccxRY9aA.s 			page 6


DEFINED SYMBOLS
                            *ABS*:00000000 ux_device_stack_uninitialize.c
C:\Users\Dennis\AppData\Local\Temp\ccxRY9aA.s:20     .text._ux_device_stack_uninitialize:00000000 $t
C:\Users\Dennis\AppData\Local\Temp\ccxRY9aA.s:26     .text._ux_device_stack_uninitialize:00000000 _ux_device_stack_uninitialize
C:\Users\Dennis\AppData\Local\Temp\ccxRY9aA.s:116    .text._ux_device_stack_uninitialize:00000050 $d

UNDEFINED SYMBOLS
_ux_utility_memory_free
_ux_utility_semaphore_delete
_ux_system_slave
