ARM GAS  C:\Users\Dennis\AppData\Local\Temp\ccJDRGjD.s 			page 1


   1              		.cpu cortex-m4
   2              		.arch armv7e-m
   3              		.fpu fpv4-sp-d16
   4              		.eabi_attribute 27, 1
   5              		.eabi_attribute 28, 1
   6              		.eabi_attribute 20, 1
   7              		.eabi_attribute 21, 1
   8              		.eabi_attribute 23, 3
   9              		.eabi_attribute 24, 1
  10              		.eabi_attribute 25, 1
  11              		.eabi_attribute 26, 1
  12              		.eabi_attribute 30, 1
  13              		.eabi_attribute 34, 1
  14              		.eabi_attribute 18, 4
  15              		.file	"ux_device_class_cdc_acm_unitialize.c"
  16              		.text
  17              	.Ltext0:
  18              		.cfi_sections	.debug_frame
  19              		.section	.text._ux_device_class_cdc_acm_uninitialize,"ax",%progbits
  20              		.align	1
  21              		.global	_ux_device_class_cdc_acm_uninitialize
  22              		.syntax unified
  23              		.thumb
  24              		.thumb_func
  26              	_ux_device_class_cdc_acm_uninitialize:
  27              	.LVL0:
  28              	.LFB11:
  29              		.file 1 "./Middlewares/ST/usbx/common/usbx_device_classes/src/ux_device_class_cdc_acm_unitialize.c
   1:./Middlewares/ST/usbx/common/usbx_device_classes/src/ux_device_class_cdc_acm_unitialize.c **** /**************************************************************************/
   2:./Middlewares/ST/usbx/common/usbx_device_classes/src/ux_device_class_cdc_acm_unitialize.c **** /*                                                                        */
   3:./Middlewares/ST/usbx/common/usbx_device_classes/src/ux_device_class_cdc_acm_unitialize.c **** /*       Copyright (c) Microsoft Corporation. All rights reserved.        */
   4:./Middlewares/ST/usbx/common/usbx_device_classes/src/ux_device_class_cdc_acm_unitialize.c **** /*                                                                        */
   5:./Middlewares/ST/usbx/common/usbx_device_classes/src/ux_device_class_cdc_acm_unitialize.c **** /*       This software is licensed under the Microsoft Software License   */
   6:./Middlewares/ST/usbx/common/usbx_device_classes/src/ux_device_class_cdc_acm_unitialize.c **** /*       Terms for Microsoft Azure RTOS. Full text of the license can be  */
   7:./Middlewares/ST/usbx/common/usbx_device_classes/src/ux_device_class_cdc_acm_unitialize.c **** /*       found in the LICENSE file at https://aka.ms/AzureRTOS_EULA       */
   8:./Middlewares/ST/usbx/common/usbx_device_classes/src/ux_device_class_cdc_acm_unitialize.c **** /*       and in the root directory of this software.                      */
   9:./Middlewares/ST/usbx/common/usbx_device_classes/src/ux_device_class_cdc_acm_unitialize.c **** /*                                                                        */
  10:./Middlewares/ST/usbx/common/usbx_device_classes/src/ux_device_class_cdc_acm_unitialize.c **** /**************************************************************************/
  11:./Middlewares/ST/usbx/common/usbx_device_classes/src/ux_device_class_cdc_acm_unitialize.c **** 
  12:./Middlewares/ST/usbx/common/usbx_device_classes/src/ux_device_class_cdc_acm_unitialize.c **** /**************************************************************************/
  13:./Middlewares/ST/usbx/common/usbx_device_classes/src/ux_device_class_cdc_acm_unitialize.c **** /**************************************************************************/
  14:./Middlewares/ST/usbx/common/usbx_device_classes/src/ux_device_class_cdc_acm_unitialize.c **** /**                                                                       */ 
  15:./Middlewares/ST/usbx/common/usbx_device_classes/src/ux_device_class_cdc_acm_unitialize.c **** /** USBX Component                                                        */ 
  16:./Middlewares/ST/usbx/common/usbx_device_classes/src/ux_device_class_cdc_acm_unitialize.c **** /**                                                                       */
  17:./Middlewares/ST/usbx/common/usbx_device_classes/src/ux_device_class_cdc_acm_unitialize.c **** /**   Device CDC Class                                                    */
  18:./Middlewares/ST/usbx/common/usbx_device_classes/src/ux_device_class_cdc_acm_unitialize.c **** /**                                                                       */
  19:./Middlewares/ST/usbx/common/usbx_device_classes/src/ux_device_class_cdc_acm_unitialize.c **** /**************************************************************************/
  20:./Middlewares/ST/usbx/common/usbx_device_classes/src/ux_device_class_cdc_acm_unitialize.c **** /**************************************************************************/
  21:./Middlewares/ST/usbx/common/usbx_device_classes/src/ux_device_class_cdc_acm_unitialize.c **** 
  22:./Middlewares/ST/usbx/common/usbx_device_classes/src/ux_device_class_cdc_acm_unitialize.c **** #define UX_SOURCE_CODE
  23:./Middlewares/ST/usbx/common/usbx_device_classes/src/ux_device_class_cdc_acm_unitialize.c **** 
  24:./Middlewares/ST/usbx/common/usbx_device_classes/src/ux_device_class_cdc_acm_unitialize.c **** 
  25:./Middlewares/ST/usbx/common/usbx_device_classes/src/ux_device_class_cdc_acm_unitialize.c **** /* Include necessary system files.  */
  26:./Middlewares/ST/usbx/common/usbx_device_classes/src/ux_device_class_cdc_acm_unitialize.c **** 
  27:./Middlewares/ST/usbx/common/usbx_device_classes/src/ux_device_class_cdc_acm_unitialize.c **** #include "ux_api.h"
  28:./Middlewares/ST/usbx/common/usbx_device_classes/src/ux_device_class_cdc_acm_unitialize.c **** #include "ux_device_class_cdc_acm.h"
  29:./Middlewares/ST/usbx/common/usbx_device_classes/src/ux_device_class_cdc_acm_unitialize.c **** #include "ux_device_stack.h"
ARM GAS  C:\Users\Dennis\AppData\Local\Temp\ccJDRGjD.s 			page 2


  30:./Middlewares/ST/usbx/common/usbx_device_classes/src/ux_device_class_cdc_acm_unitialize.c **** 
  31:./Middlewares/ST/usbx/common/usbx_device_classes/src/ux_device_class_cdc_acm_unitialize.c **** 
  32:./Middlewares/ST/usbx/common/usbx_device_classes/src/ux_device_class_cdc_acm_unitialize.c **** /**************************************************************************/ 
  33:./Middlewares/ST/usbx/common/usbx_device_classes/src/ux_device_class_cdc_acm_unitialize.c **** /*                                                                        */ 
  34:./Middlewares/ST/usbx/common/usbx_device_classes/src/ux_device_class_cdc_acm_unitialize.c **** /*  FUNCTION                                               RELEASE        */ 
  35:./Middlewares/ST/usbx/common/usbx_device_classes/src/ux_device_class_cdc_acm_unitialize.c **** /*                                                                        */ 
  36:./Middlewares/ST/usbx/common/usbx_device_classes/src/ux_device_class_cdc_acm_unitialize.c **** /*    _ux_device_class_cdc_acm_uninitialize               PORTABLE C      */ 
  37:./Middlewares/ST/usbx/common/usbx_device_classes/src/ux_device_class_cdc_acm_unitialize.c **** /*                                                           6.1.10       */
  38:./Middlewares/ST/usbx/common/usbx_device_classes/src/ux_device_class_cdc_acm_unitialize.c **** /*  AUTHOR                                                                */
  39:./Middlewares/ST/usbx/common/usbx_device_classes/src/ux_device_class_cdc_acm_unitialize.c **** /*                                                                        */
  40:./Middlewares/ST/usbx/common/usbx_device_classes/src/ux_device_class_cdc_acm_unitialize.c **** /*    Chaoqiong Xiao, Microsoft Corporation                               */
  41:./Middlewares/ST/usbx/common/usbx_device_classes/src/ux_device_class_cdc_acm_unitialize.c **** /*                                                                        */
  42:./Middlewares/ST/usbx/common/usbx_device_classes/src/ux_device_class_cdc_acm_unitialize.c **** /*  DESCRIPTION                                                           */
  43:./Middlewares/ST/usbx/common/usbx_device_classes/src/ux_device_class_cdc_acm_unitialize.c **** /*                                                                        */ 
  44:./Middlewares/ST/usbx/common/usbx_device_classes/src/ux_device_class_cdc_acm_unitialize.c **** /*    This function uninitialize the cdc-acm class.                       */ 
  45:./Middlewares/ST/usbx/common/usbx_device_classes/src/ux_device_class_cdc_acm_unitialize.c **** /*                                                                        */ 
  46:./Middlewares/ST/usbx/common/usbx_device_classes/src/ux_device_class_cdc_acm_unitialize.c **** /*  INPUT                                                                 */ 
  47:./Middlewares/ST/usbx/common/usbx_device_classes/src/ux_device_class_cdc_acm_unitialize.c **** /*                                                                        */ 
  48:./Middlewares/ST/usbx/common/usbx_device_classes/src/ux_device_class_cdc_acm_unitialize.c **** /*    command                               Pointer to a class command    */ 
  49:./Middlewares/ST/usbx/common/usbx_device_classes/src/ux_device_class_cdc_acm_unitialize.c **** /*                                                                        */ 
  50:./Middlewares/ST/usbx/common/usbx_device_classes/src/ux_device_class_cdc_acm_unitialize.c **** /*  OUTPUT                                                                */ 
  51:./Middlewares/ST/usbx/common/usbx_device_classes/src/ux_device_class_cdc_acm_unitialize.c **** /*                                                                        */ 
  52:./Middlewares/ST/usbx/common/usbx_device_classes/src/ux_device_class_cdc_acm_unitialize.c **** /*    Completion Status                                                   */ 
  53:./Middlewares/ST/usbx/common/usbx_device_classes/src/ux_device_class_cdc_acm_unitialize.c **** /*                                                                        */ 
  54:./Middlewares/ST/usbx/common/usbx_device_classes/src/ux_device_class_cdc_acm_unitialize.c **** /*  CALLS                                                                 */ 
  55:./Middlewares/ST/usbx/common/usbx_device_classes/src/ux_device_class_cdc_acm_unitialize.c **** /*                                                                        */ 
  56:./Middlewares/ST/usbx/common/usbx_device_classes/src/ux_device_class_cdc_acm_unitialize.c **** /*    _ux_utility_mutex_delete              Delete Mutex                  */ 
  57:./Middlewares/ST/usbx/common/usbx_device_classes/src/ux_device_class_cdc_acm_unitialize.c **** /*    _ux_utility_memory_free               Free used local memory        */ 
  58:./Middlewares/ST/usbx/common/usbx_device_classes/src/ux_device_class_cdc_acm_unitialize.c **** /*                                                                        */ 
  59:./Middlewares/ST/usbx/common/usbx_device_classes/src/ux_device_class_cdc_acm_unitialize.c **** /*  CALLED BY                                                             */ 
  60:./Middlewares/ST/usbx/common/usbx_device_classes/src/ux_device_class_cdc_acm_unitialize.c **** /*                                                                        */ 
  61:./Middlewares/ST/usbx/common/usbx_device_classes/src/ux_device_class_cdc_acm_unitialize.c **** /*    CDC Class                                                           */
  62:./Middlewares/ST/usbx/common/usbx_device_classes/src/ux_device_class_cdc_acm_unitialize.c **** /*                                                                        */ 
  63:./Middlewares/ST/usbx/common/usbx_device_classes/src/ux_device_class_cdc_acm_unitialize.c **** /*  RELEASE HISTORY                                                       */ 
  64:./Middlewares/ST/usbx/common/usbx_device_classes/src/ux_device_class_cdc_acm_unitialize.c **** /*                                                                        */ 
  65:./Middlewares/ST/usbx/common/usbx_device_classes/src/ux_device_class_cdc_acm_unitialize.c **** /*    DATE              NAME                      DESCRIPTION             */ 
  66:./Middlewares/ST/usbx/common/usbx_device_classes/src/ux_device_class_cdc_acm_unitialize.c **** /*                                                                        */ 
  67:./Middlewares/ST/usbx/common/usbx_device_classes/src/ux_device_class_cdc_acm_unitialize.c **** /*  05-19-2020     Chaoqiong Xiao           Initial Version 6.0           */
  68:./Middlewares/ST/usbx/common/usbx_device_classes/src/ux_device_class_cdc_acm_unitialize.c **** /*  09-30-2020     Chaoqiong Xiao           Modified comment(s),          */
  69:./Middlewares/ST/usbx/common/usbx_device_classes/src/ux_device_class_cdc_acm_unitialize.c **** /*                                            resulting in version 6.1    */
  70:./Middlewares/ST/usbx/common/usbx_device_classes/src/ux_device_class_cdc_acm_unitialize.c **** /*  04-02-2021     Chaoqiong Xiao           Modified comment(s),          */
  71:./Middlewares/ST/usbx/common/usbx_device_classes/src/ux_device_class_cdc_acm_unitialize.c **** /*                                            added macro to disable      */
  72:./Middlewares/ST/usbx/common/usbx_device_classes/src/ux_device_class_cdc_acm_unitialize.c **** /*                                            transmission support,       */
  73:./Middlewares/ST/usbx/common/usbx_device_classes/src/ux_device_class_cdc_acm_unitialize.c **** /*                                            moved transmission resource */
  74:./Middlewares/ST/usbx/common/usbx_device_classes/src/ux_device_class_cdc_acm_unitialize.c **** /*                                            free to here (uninit),      */
  75:./Middlewares/ST/usbx/common/usbx_device_classes/src/ux_device_class_cdc_acm_unitialize.c **** /*                                            resulting in version 6.1.6  */
  76:./Middlewares/ST/usbx/common/usbx_device_classes/src/ux_device_class_cdc_acm_unitialize.c **** /*  01-31-2022     Chaoqiong Xiao           Modified comment(s),          */
  77:./Middlewares/ST/usbx/common/usbx_device_classes/src/ux_device_class_cdc_acm_unitialize.c **** /*                                            added standalone support,   */
  78:./Middlewares/ST/usbx/common/usbx_device_classes/src/ux_device_class_cdc_acm_unitialize.c **** /*                                            resulting in version 6.1.10 */
  79:./Middlewares/ST/usbx/common/usbx_device_classes/src/ux_device_class_cdc_acm_unitialize.c **** /*                                                                        */
  80:./Middlewares/ST/usbx/common/usbx_device_classes/src/ux_device_class_cdc_acm_unitialize.c **** /**************************************************************************/
  81:./Middlewares/ST/usbx/common/usbx_device_classes/src/ux_device_class_cdc_acm_unitialize.c **** UINT  _ux_device_class_cdc_acm_uninitialize(UX_SLAVE_CLASS_COMMAND *command)
  82:./Middlewares/ST/usbx/common/usbx_device_classes/src/ux_device_class_cdc_acm_unitialize.c **** {
  30              		.loc 1 82 1 view -0
  31              		.cfi_startproc
  32              		@ args = 0, pretend = 0, frame = 0
  33              		@ frame_needed = 0, uses_anonymous_args = 0
ARM GAS  C:\Users\Dennis\AppData\Local\Temp\ccJDRGjD.s 			page 3


  34              		.loc 1 82 1 is_stmt 0 view .LVU1
  35 0000 10B5     		push	{r4, lr}
  36              	.LCFI0:
  37              		.cfi_def_cfa_offset 8
  38              		.cfi_offset 4, -8
  39              		.cfi_offset 14, -4
  83:./Middlewares/ST/usbx/common/usbx_device_classes/src/ux_device_class_cdc_acm_unitialize.c ****                                           
  84:./Middlewares/ST/usbx/common/usbx_device_classes/src/ux_device_class_cdc_acm_unitialize.c **** UX_SLAVE_CLASS_CDC_ACM      *cdc_acm;
  40              		.loc 1 84 1 is_stmt 1 view .LVU2
  85:./Middlewares/ST/usbx/common/usbx_device_classes/src/ux_device_class_cdc_acm_unitialize.c **** UX_SLAVE_CLASS              *class;
  41              		.loc 1 85 1 view .LVU3
  86:./Middlewares/ST/usbx/common/usbx_device_classes/src/ux_device_class_cdc_acm_unitialize.c **** 
  87:./Middlewares/ST/usbx/common/usbx_device_classes/src/ux_device_class_cdc_acm_unitialize.c ****     /* Get the class container.  */
  88:./Middlewares/ST/usbx/common/usbx_device_classes/src/ux_device_class_cdc_acm_unitialize.c ****     class =  command -> ux_slave_class_command_class_ptr;
  42              		.loc 1 88 5 view .LVU4
  43              		.loc 1 88 11 is_stmt 0 view .LVU5
  44 0002 036A     		ldr	r3, [r0, #32]
  45              	.LVL1:
  89:./Middlewares/ST/usbx/common/usbx_device_classes/src/ux_device_class_cdc_acm_unitialize.c **** 
  90:./Middlewares/ST/usbx/common/usbx_device_classes/src/ux_device_class_cdc_acm_unitialize.c ****     /* Get the class instance in the container.  */
  91:./Middlewares/ST/usbx/common/usbx_device_classes/src/ux_device_class_cdc_acm_unitialize.c ****     cdc_acm = (UX_SLAVE_CLASS_CDC_ACM *) class -> ux_slave_class_instance;
  46              		.loc 1 91 5 is_stmt 1 view .LVU6
  47              		.loc 1 91 13 is_stmt 0 view .LVU7
  48 0004 9C6C     		ldr	r4, [r3, #72]
  49              	.LVL2:
  92:./Middlewares/ST/usbx/common/usbx_device_classes/src/ux_device_class_cdc_acm_unitialize.c **** 
  93:./Middlewares/ST/usbx/common/usbx_device_classes/src/ux_device_class_cdc_acm_unitialize.c ****     /* Sanity check.  */
  94:./Middlewares/ST/usbx/common/usbx_device_classes/src/ux_device_class_cdc_acm_unitialize.c ****     if (cdc_acm != UX_NULL)
  50              		.loc 1 94 5 is_stmt 1 view .LVU8
  51              		.loc 1 94 8 is_stmt 0 view .LVU9
  52 0006 D4B1     		cbz	r4, .L2
  95:./Middlewares/ST/usbx/common/usbx_device_classes/src/ux_device_class_cdc_acm_unitialize.c ****     {
  96:./Middlewares/ST/usbx/common/usbx_device_classes/src/ux_device_class_cdc_acm_unitialize.c **** 
  97:./Middlewares/ST/usbx/common/usbx_device_classes/src/ux_device_class_cdc_acm_unitialize.c **** #if !defined(UX_DEVICE_STANDALONE)
  98:./Middlewares/ST/usbx/common/usbx_device_classes/src/ux_device_class_cdc_acm_unitialize.c **** 
  99:./Middlewares/ST/usbx/common/usbx_device_classes/src/ux_device_class_cdc_acm_unitialize.c ****         /* Delete the IN endpoint mutex.  */
 100:./Middlewares/ST/usbx/common/usbx_device_classes/src/ux_device_class_cdc_acm_unitialize.c ****         _ux_utility_mutex_delete(&cdc_acm -> ux_slave_class_cdc_acm_endpoint_in_mutex);
  53              		.loc 1 100 9 is_stmt 1 view .LVU10
  54 0008 04F11000 		add	r0, r4, #16
  55              	.LVL3:
  56              		.loc 1 100 9 is_stmt 0 view .LVU11
  57 000c FFF7FEFF 		bl	_ux_utility_mutex_delete
  58              	.LVL4:
 101:./Middlewares/ST/usbx/common/usbx_device_classes/src/ux_device_class_cdc_acm_unitialize.c **** 
 102:./Middlewares/ST/usbx/common/usbx_device_classes/src/ux_device_class_cdc_acm_unitialize.c ****         /* Out Mutex. */
 103:./Middlewares/ST/usbx/common/usbx_device_classes/src/ux_device_class_cdc_acm_unitialize.c ****         _ux_utility_mutex_delete(&cdc_acm -> ux_slave_class_cdc_acm_endpoint_out_mutex);
  59              		.loc 1 103 9 is_stmt 1 view .LVU12
  60 0010 04F14400 		add	r0, r4, #68
  61 0014 FFF7FEFF 		bl	_ux_utility_mutex_delete
  62              	.LVL5:
 104:./Middlewares/ST/usbx/common/usbx_device_classes/src/ux_device_class_cdc_acm_unitialize.c **** 
 105:./Middlewares/ST/usbx/common/usbx_device_classes/src/ux_device_class_cdc_acm_unitialize.c **** #ifndef UX_DEVICE_CLASS_CDC_ACM_TRANSMISSION_DISABLE
 106:./Middlewares/ST/usbx/common/usbx_device_classes/src/ux_device_class_cdc_acm_unitialize.c **** 
 107:./Middlewares/ST/usbx/common/usbx_device_classes/src/ux_device_class_cdc_acm_unitialize.c ****         /* Free resources and return error.  */
 108:./Middlewares/ST/usbx/common/usbx_device_classes/src/ux_device_class_cdc_acm_unitialize.c ****         _ux_utility_thread_delete(&cdc_acm -> ux_slave_class_cdc_acm_bulkin_thread);
  63              		.loc 1 108 9 view .LVU13
  64 0018 04F18400 		add	r0, r4, #132
ARM GAS  C:\Users\Dennis\AppData\Local\Temp\ccJDRGjD.s 			page 4


  65 001c FFF7FEFF 		bl	_ux_utility_thread_delete
  66              	.LVL6:
 109:./Middlewares/ST/usbx/common/usbx_device_classes/src/ux_device_class_cdc_acm_unitialize.c ****         _ux_utility_thread_delete(&cdc_acm -> ux_slave_class_cdc_acm_bulkout_thread);
  67              		.loc 1 109 9 view .LVU14
  68 0020 04F59A70 		add	r0, r4, #308
  69 0024 FFF7FEFF 		bl	_ux_utility_thread_delete
  70              	.LVL7:
 110:./Middlewares/ST/usbx/common/usbx_device_classes/src/ux_device_class_cdc_acm_unitialize.c ****         _ux_utility_event_flags_delete(&cdc_acm -> ux_slave_class_cdc_acm_event_flags_group);
  71              		.loc 1 110 9 view .LVU15
  72 0028 04F5F270 		add	r0, r4, #484
  73 002c FFF7FEFF 		bl	_ux_utility_event_flags_delete
  74              	.LVL8:
 111:./Middlewares/ST/usbx/common/usbx_device_classes/src/ux_device_class_cdc_acm_unitialize.c ****         _ux_utility_memory_free(cdc_acm -> ux_slave_class_cdc_acm_bulkout_thread_stack);
  75              		.loc 1 111 9 view .LVU16
  76 0030 D4F80C02 		ldr	r0, [r4, #524]
  77 0034 FFF7FEFF 		bl	_ux_utility_memory_free
  78              	.LVL9:
 112:./Middlewares/ST/usbx/common/usbx_device_classes/src/ux_device_class_cdc_acm_unitialize.c **** #endif
 113:./Middlewares/ST/usbx/common/usbx_device_classes/src/ux_device_class_cdc_acm_unitialize.c **** #endif
 114:./Middlewares/ST/usbx/common/usbx_device_classes/src/ux_device_class_cdc_acm_unitialize.c **** 
 115:./Middlewares/ST/usbx/common/usbx_device_classes/src/ux_device_class_cdc_acm_unitialize.c ****         /* Free the resources.  */
 116:./Middlewares/ST/usbx/common/usbx_device_classes/src/ux_device_class_cdc_acm_unitialize.c ****         _ux_utility_memory_free(cdc_acm);
  79              		.loc 1 116 9 view .LVU17
  80 0038 2046     		mov	r0, r4
  81 003a FFF7FEFF 		bl	_ux_utility_memory_free
  82              	.LVL10:
  83              	.L2:
 117:./Middlewares/ST/usbx/common/usbx_device_classes/src/ux_device_class_cdc_acm_unitialize.c **** 
 118:./Middlewares/ST/usbx/common/usbx_device_classes/src/ux_device_class_cdc_acm_unitialize.c ****     }
 119:./Middlewares/ST/usbx/common/usbx_device_classes/src/ux_device_class_cdc_acm_unitialize.c ****             
 120:./Middlewares/ST/usbx/common/usbx_device_classes/src/ux_device_class_cdc_acm_unitialize.c ****     /* Return completion status.  */
 121:./Middlewares/ST/usbx/common/usbx_device_classes/src/ux_device_class_cdc_acm_unitialize.c ****     return(UX_SUCCESS);
  84              		.loc 1 121 5 view .LVU18
 122:./Middlewares/ST/usbx/common/usbx_device_classes/src/ux_device_class_cdc_acm_unitialize.c **** }
  85              		.loc 1 122 1 is_stmt 0 view .LVU19
  86 003e 0020     		movs	r0, #0
  87 0040 10BD     		pop	{r4, pc}
  88              		.loc 1 122 1 view .LVU20
  89              		.cfi_endproc
  90              	.LFE11:
  92              		.text
  93              	.Letext0:
  94              		.file 2 "./Middlewares/ST/threadx/ports/cortex_m4/gnu/inc/tx_port.h"
  95              		.file 3 "./Middlewares/ST/threadx/common/inc/tx_api.h"
  96              		.file 4 "./Middlewares/ST/usbx/common/core/inc/ux_api.h"
  97              		.file 5 "./Middlewares/ST/usbx/common/usbx_device_classes/inc/ux_device_class_cdc_acm.h"
  98              		.file 6 "./Middlewares/ST/usbx/common/core/inc/ux_utility.h"
ARM GAS  C:\Users\Dennis\AppData\Local\Temp\ccJDRGjD.s 			page 5


DEFINED SYMBOLS
                            *ABS*:00000000 ux_device_class_cdc_acm_unitialize.c
C:\Users\Dennis\AppData\Local\Temp\ccJDRGjD.s:20     .text._ux_device_class_cdc_acm_uninitialize:00000000 $t
C:\Users\Dennis\AppData\Local\Temp\ccJDRGjD.s:26     .text._ux_device_class_cdc_acm_uninitialize:00000000 _ux_device_class_cdc_acm_uninitialize

UNDEFINED SYMBOLS
_ux_utility_mutex_delete
_ux_utility_thread_delete
_ux_utility_event_flags_delete
_ux_utility_memory_free
