ARM GAS  C:\Users\Dennis\AppData\Local\Temp\ccQ3oclU.s 			page 1


   1              		.cpu cortex-m4
   2              		.arch armv7e-m
   3              		.fpu fpv4-sp-d16
   4              		.eabi_attribute 27, 1
   5              		.eabi_attribute 28, 1
   6              		.eabi_attribute 20, 1
   7              		.eabi_attribute 21, 1
   8              		.eabi_attribute 23, 3
   9              		.eabi_attribute 24, 1
  10              		.eabi_attribute 25, 1
  11              		.eabi_attribute 26, 1
  12              		.eabi_attribute 30, 1
  13              		.eabi_attribute 34, 1
  14              		.eabi_attribute 18, 4
  15              		.file	"ux_dcd_stm32_uninitialize.c"
  16              		.text
  17              	.Ltext0:
  18              		.cfi_sections	.debug_frame
  19              		.section	.text._ux_dcd_stm32_uninitialize,"ax",%progbits
  20              		.align	1
  21              		.global	_ux_dcd_stm32_uninitialize
  22              		.syntax unified
  23              		.thumb
  24              		.thumb_func
  26              	_ux_dcd_stm32_uninitialize:
  27              	.LVL0:
  28              	.LFB251:
  29              		.file 1 "./Middlewares/ST/usbx/common/usbx_stm32_device_controllers/ux_dcd_stm32_uninitialize.c"
   1:./Middlewares/ST/usbx/common/usbx_stm32_device_controllers/ux_dcd_stm32_uninitialize.c **** /**************************************************************************/
   2:./Middlewares/ST/usbx/common/usbx_stm32_device_controllers/ux_dcd_stm32_uninitialize.c **** /*                                                                        */
   3:./Middlewares/ST/usbx/common/usbx_stm32_device_controllers/ux_dcd_stm32_uninitialize.c **** /*       Copyright (c) Microsoft Corporation. All rights reserved.        */
   4:./Middlewares/ST/usbx/common/usbx_stm32_device_controllers/ux_dcd_stm32_uninitialize.c **** /*                                                                        */
   5:./Middlewares/ST/usbx/common/usbx_stm32_device_controllers/ux_dcd_stm32_uninitialize.c **** /*       This software is licensed under the Microsoft Software License   */
   6:./Middlewares/ST/usbx/common/usbx_stm32_device_controllers/ux_dcd_stm32_uninitialize.c **** /*       Terms for Microsoft Azure RTOS. Full text of the license can be  */
   7:./Middlewares/ST/usbx/common/usbx_stm32_device_controllers/ux_dcd_stm32_uninitialize.c **** /*       found in the LICENSE file at https://aka.ms/AzureRTOS_EULA       */
   8:./Middlewares/ST/usbx/common/usbx_stm32_device_controllers/ux_dcd_stm32_uninitialize.c **** /*       and in the root directory of this software.                      */
   9:./Middlewares/ST/usbx/common/usbx_stm32_device_controllers/ux_dcd_stm32_uninitialize.c **** /*                                                                        */
  10:./Middlewares/ST/usbx/common/usbx_stm32_device_controllers/ux_dcd_stm32_uninitialize.c **** /**************************************************************************/
  11:./Middlewares/ST/usbx/common/usbx_stm32_device_controllers/ux_dcd_stm32_uninitialize.c **** 
  12:./Middlewares/ST/usbx/common/usbx_stm32_device_controllers/ux_dcd_stm32_uninitialize.c **** 
  13:./Middlewares/ST/usbx/common/usbx_stm32_device_controllers/ux_dcd_stm32_uninitialize.c **** /**************************************************************************/
  14:./Middlewares/ST/usbx/common/usbx_stm32_device_controllers/ux_dcd_stm32_uninitialize.c **** /**************************************************************************/
  15:./Middlewares/ST/usbx/common/usbx_stm32_device_controllers/ux_dcd_stm32_uninitialize.c **** /**                                                                       */
  16:./Middlewares/ST/usbx/common/usbx_stm32_device_controllers/ux_dcd_stm32_uninitialize.c **** /** USBX Component                                                        */
  17:./Middlewares/ST/usbx/common/usbx_stm32_device_controllers/ux_dcd_stm32_uninitialize.c **** /**                                                                       */
  18:./Middlewares/ST/usbx/common/usbx_stm32_device_controllers/ux_dcd_stm32_uninitialize.c **** /**   STM32 Controller Driver                                             */
  19:./Middlewares/ST/usbx/common/usbx_stm32_device_controllers/ux_dcd_stm32_uninitialize.c **** /**                                                                       */
  20:./Middlewares/ST/usbx/common/usbx_stm32_device_controllers/ux_dcd_stm32_uninitialize.c **** /**************************************************************************/
  21:./Middlewares/ST/usbx/common/usbx_stm32_device_controllers/ux_dcd_stm32_uninitialize.c **** /**************************************************************************/
  22:./Middlewares/ST/usbx/common/usbx_stm32_device_controllers/ux_dcd_stm32_uninitialize.c **** 
  23:./Middlewares/ST/usbx/common/usbx_stm32_device_controllers/ux_dcd_stm32_uninitialize.c **** #define UX_SOURCE_CODE
  24:./Middlewares/ST/usbx/common/usbx_stm32_device_controllers/ux_dcd_stm32_uninitialize.c **** #define UX_DCD_STM32_SOURCE_CODE
  25:./Middlewares/ST/usbx/common/usbx_stm32_device_controllers/ux_dcd_stm32_uninitialize.c **** 
  26:./Middlewares/ST/usbx/common/usbx_stm32_device_controllers/ux_dcd_stm32_uninitialize.c **** 
  27:./Middlewares/ST/usbx/common/usbx_stm32_device_controllers/ux_dcd_stm32_uninitialize.c **** /* Include necessary system files.  */
  28:./Middlewares/ST/usbx/common/usbx_stm32_device_controllers/ux_dcd_stm32_uninitialize.c **** 
  29:./Middlewares/ST/usbx/common/usbx_stm32_device_controllers/ux_dcd_stm32_uninitialize.c **** #include "ux_api.h"
ARM GAS  C:\Users\Dennis\AppData\Local\Temp\ccQ3oclU.s 			page 2


  30:./Middlewares/ST/usbx/common/usbx_stm32_device_controllers/ux_dcd_stm32_uninitialize.c **** #include "ux_dcd_stm32.h"
  31:./Middlewares/ST/usbx/common/usbx_stm32_device_controllers/ux_dcd_stm32_uninitialize.c **** #include "ux_device_stack.h"
  32:./Middlewares/ST/usbx/common/usbx_stm32_device_controllers/ux_dcd_stm32_uninitialize.c **** 
  33:./Middlewares/ST/usbx/common/usbx_stm32_device_controllers/ux_dcd_stm32_uninitialize.c **** 
  34:./Middlewares/ST/usbx/common/usbx_stm32_device_controllers/ux_dcd_stm32_uninitialize.c **** /**************************************************************************/
  35:./Middlewares/ST/usbx/common/usbx_stm32_device_controllers/ux_dcd_stm32_uninitialize.c **** /*                                                                        */
  36:./Middlewares/ST/usbx/common/usbx_stm32_device_controllers/ux_dcd_stm32_uninitialize.c **** /*  FUNCTION                                               RELEASE        */
  37:./Middlewares/ST/usbx/common/usbx_stm32_device_controllers/ux_dcd_stm32_uninitialize.c **** /*                                                                        */
  38:./Middlewares/ST/usbx/common/usbx_stm32_device_controllers/ux_dcd_stm32_uninitialize.c **** /*    _ux_dcd_stm32_uninitialize                          PORTABLE C      */
  39:./Middlewares/ST/usbx/common/usbx_stm32_device_controllers/ux_dcd_stm32_uninitialize.c **** /*                                                           6.1          */
  40:./Middlewares/ST/usbx/common/usbx_stm32_device_controllers/ux_dcd_stm32_uninitialize.c **** /*  AUTHOR                                                                */
  41:./Middlewares/ST/usbx/common/usbx_stm32_device_controllers/ux_dcd_stm32_uninitialize.c **** /*                                                                        */
  42:./Middlewares/ST/usbx/common/usbx_stm32_device_controllers/ux_dcd_stm32_uninitialize.c **** /*    Chaoqiong Xiao, Microsoft Corporation                               */
  43:./Middlewares/ST/usbx/common/usbx_stm32_device_controllers/ux_dcd_stm32_uninitialize.c **** /*                                                                        */
  44:./Middlewares/ST/usbx/common/usbx_stm32_device_controllers/ux_dcd_stm32_uninitialize.c **** /*  DESCRIPTION                                                           */
  45:./Middlewares/ST/usbx/common/usbx_stm32_device_controllers/ux_dcd_stm32_uninitialize.c **** /*                                                                        */
  46:./Middlewares/ST/usbx/common/usbx_stm32_device_controllers/ux_dcd_stm32_uninitialize.c **** /*    This function uninitializes the USB device controller of the STM32  */
  47:./Middlewares/ST/usbx/common/usbx_stm32_device_controllers/ux_dcd_stm32_uninitialize.c **** /*    microcontroller from ST.                                            */
  48:./Middlewares/ST/usbx/common/usbx_stm32_device_controllers/ux_dcd_stm32_uninitialize.c **** /*                                                                        */
  49:./Middlewares/ST/usbx/common/usbx_stm32_device_controllers/ux_dcd_stm32_uninitialize.c **** /*    Note: only software structures are uninitialized. STM32 HAL APIs    */
  50:./Middlewares/ST/usbx/common/usbx_stm32_device_controllers/ux_dcd_stm32_uninitialize.c **** /*    must be used to uninitialize controller hardware BEFORE the         */
  51:./Middlewares/ST/usbx/common/usbx_stm32_device_controllers/ux_dcd_stm32_uninitialize.c **** /*    function is invoked.                                                */
  52:./Middlewares/ST/usbx/common/usbx_stm32_device_controllers/ux_dcd_stm32_uninitialize.c **** /*                                                                        */
  53:./Middlewares/ST/usbx/common/usbx_stm32_device_controllers/ux_dcd_stm32_uninitialize.c **** /*  INPUT                                                                 */
  54:./Middlewares/ST/usbx/common/usbx_stm32_device_controllers/ux_dcd_stm32_uninitialize.c **** /*                                                                        */
  55:./Middlewares/ST/usbx/common/usbx_stm32_device_controllers/ux_dcd_stm32_uninitialize.c **** /*    dcd                                   Address of DCD, not used      */
  56:./Middlewares/ST/usbx/common/usbx_stm32_device_controllers/ux_dcd_stm32_uninitialize.c **** /*    parameter                             Parameter, STM32 HAL PCD      */
  57:./Middlewares/ST/usbx/common/usbx_stm32_device_controllers/ux_dcd_stm32_uninitialize.c **** /*                                            pointer is expected         */
  58:./Middlewares/ST/usbx/common/usbx_stm32_device_controllers/ux_dcd_stm32_uninitialize.c **** /*                                                                        */
  59:./Middlewares/ST/usbx/common/usbx_stm32_device_controllers/ux_dcd_stm32_uninitialize.c **** /*  OUTPUT                                                                */
  60:./Middlewares/ST/usbx/common/usbx_stm32_device_controllers/ux_dcd_stm32_uninitialize.c **** /*                                                                        */
  61:./Middlewares/ST/usbx/common/usbx_stm32_device_controllers/ux_dcd_stm32_uninitialize.c **** /*    Completion Status                                                   */
  62:./Middlewares/ST/usbx/common/usbx_stm32_device_controllers/ux_dcd_stm32_uninitialize.c **** /*                                                                        */
  63:./Middlewares/ST/usbx/common/usbx_stm32_device_controllers/ux_dcd_stm32_uninitialize.c **** /*  CALLS                                                                 */
  64:./Middlewares/ST/usbx/common/usbx_stm32_device_controllers/ux_dcd_stm32_uninitialize.c **** /*                                                                        */
  65:./Middlewares/ST/usbx/common/usbx_stm32_device_controllers/ux_dcd_stm32_uninitialize.c **** /*                                                                        */
  66:./Middlewares/ST/usbx/common/usbx_stm32_device_controllers/ux_dcd_stm32_uninitialize.c **** /*  CALLED BY                                                             */
  67:./Middlewares/ST/usbx/common/usbx_stm32_device_controllers/ux_dcd_stm32_uninitialize.c **** /*                                                                        */
  68:./Middlewares/ST/usbx/common/usbx_stm32_device_controllers/ux_dcd_stm32_uninitialize.c **** /*    USBX Device Stack                                                   */
  69:./Middlewares/ST/usbx/common/usbx_stm32_device_controllers/ux_dcd_stm32_uninitialize.c **** /*                                                                        */
  70:./Middlewares/ST/usbx/common/usbx_stm32_device_controllers/ux_dcd_stm32_uninitialize.c **** /*  RELEASE HISTORY                                                       */
  71:./Middlewares/ST/usbx/common/usbx_stm32_device_controllers/ux_dcd_stm32_uninitialize.c **** /*                                                                        */
  72:./Middlewares/ST/usbx/common/usbx_stm32_device_controllers/ux_dcd_stm32_uninitialize.c **** /*    DATE              NAME                      DESCRIPTION             */
  73:./Middlewares/ST/usbx/common/usbx_stm32_device_controllers/ux_dcd_stm32_uninitialize.c **** /*                                                                        */
  74:./Middlewares/ST/usbx/common/usbx_stm32_device_controllers/ux_dcd_stm32_uninitialize.c **** /*  09-30-2020     Chaoqiong Xiao           Initial Version 6.1           */
  75:./Middlewares/ST/usbx/common/usbx_stm32_device_controllers/ux_dcd_stm32_uninitialize.c **** /*                                                                        */
  76:./Middlewares/ST/usbx/common/usbx_stm32_device_controllers/ux_dcd_stm32_uninitialize.c **** /**************************************************************************/
  77:./Middlewares/ST/usbx/common/usbx_stm32_device_controllers/ux_dcd_stm32_uninitialize.c **** UINT  _ux_dcd_stm32_uninitialize(ULONG dcd_io, ULONG parameter)
  78:./Middlewares/ST/usbx/common/usbx_stm32_device_controllers/ux_dcd_stm32_uninitialize.c **** {
  30              		.loc 1 78 1 view -0
  31              		.cfi_startproc
  32              		@ args = 0, pretend = 0, frame = 0
  33              		@ frame_needed = 0, uses_anonymous_args = 0
  34              		.loc 1 78 1 is_stmt 0 view .LVU1
  35 0000 10B5     		push	{r4, lr}
  36              	.LCFI0:
  37              		.cfi_def_cfa_offset 8
ARM GAS  C:\Users\Dennis\AppData\Local\Temp\ccQ3oclU.s 			page 3


  38              		.cfi_offset 4, -8
  39              		.cfi_offset 14, -4
  79:./Middlewares/ST/usbx/common/usbx_stm32_device_controllers/ux_dcd_stm32_uninitialize.c **** 
  80:./Middlewares/ST/usbx/common/usbx_stm32_device_controllers/ux_dcd_stm32_uninitialize.c **** UX_SLAVE_DCD            *dcd;
  40              		.loc 1 80 1 is_stmt 1 view .LVU2
  81:./Middlewares/ST/usbx/common/usbx_stm32_device_controllers/ux_dcd_stm32_uninitialize.c **** UX_DCD_STM32            *dcd_stm32;
  41              		.loc 1 81 1 view .LVU3
  82:./Middlewares/ST/usbx/common/usbx_stm32_device_controllers/ux_dcd_stm32_uninitialize.c **** 
  83:./Middlewares/ST/usbx/common/usbx_stm32_device_controllers/ux_dcd_stm32_uninitialize.c **** 
  84:./Middlewares/ST/usbx/common/usbx_stm32_device_controllers/ux_dcd_stm32_uninitialize.c ****     UX_PARAMETER_NOT_USED(dcd_io);
  42              		.loc 1 84 5 view .LVU4
  85:./Middlewares/ST/usbx/common/usbx_stm32_device_controllers/ux_dcd_stm32_uninitialize.c **** 
  86:./Middlewares/ST/usbx/common/usbx_stm32_device_controllers/ux_dcd_stm32_uninitialize.c ****     /* Get the pointer to the DCD.  */
  87:./Middlewares/ST/usbx/common/usbx_stm32_device_controllers/ux_dcd_stm32_uninitialize.c ****     dcd =  &_ux_system_slave -> ux_system_slave_dcd;
  43              		.loc 1 87 5 view .LVU5
  44              		.loc 1 87 30 is_stmt 0 view .LVU6
  45 0002 074B     		ldr	r3, .L6
  46 0004 1C68     		ldr	r4, [r3]
  47              	.LVL1:
  88:./Middlewares/ST/usbx/common/usbx_stm32_device_controllers/ux_dcd_stm32_uninitialize.c **** 
  89:./Middlewares/ST/usbx/common/usbx_stm32_device_controllers/ux_dcd_stm32_uninitialize.c ****     /* Set the state of the controller to HALTED now.  */
  90:./Middlewares/ST/usbx/common/usbx_stm32_device_controllers/ux_dcd_stm32_uninitialize.c ****     dcd -> ux_slave_dcd_status =  UX_DCD_STATUS_HALTED;
  48              		.loc 1 90 5 is_stmt 1 view .LVU7
  49              		.loc 1 90 32 is_stmt 0 view .LVU8
  50 0006 0023     		movs	r3, #0
  51 0008 2360     		str	r3, [r4]
  91:./Middlewares/ST/usbx/common/usbx_stm32_device_controllers/ux_dcd_stm32_uninitialize.c **** 
  92:./Middlewares/ST/usbx/common/usbx_stm32_device_controllers/ux_dcd_stm32_uninitialize.c ****     /* Get controller driver.  */
  93:./Middlewares/ST/usbx/common/usbx_stm32_device_controllers/ux_dcd_stm32_uninitialize.c ****     dcd_stm32 = (UX_DCD_STM32 *)dcd -> ux_slave_dcd_controller_hardware;
  52              		.loc 1 93 5 is_stmt 1 view .LVU9
  53              		.loc 1 93 15 is_stmt 0 view .LVU10
  54 000a E069     		ldr	r0, [r4, #28]
  55              	.LVL2:
  94:./Middlewares/ST/usbx/common/usbx_stm32_device_controllers/ux_dcd_stm32_uninitialize.c **** 
  95:./Middlewares/ST/usbx/common/usbx_stm32_device_controllers/ux_dcd_stm32_uninitialize.c ****     /* Check parameter.  */
  96:./Middlewares/ST/usbx/common/usbx_stm32_device_controllers/ux_dcd_stm32_uninitialize.c ****     if ((ULONG)dcd_stm32 -> pcd_handle == parameter)
  56              		.loc 1 96 5 is_stmt 1 view .LVU11
  57              		.loc 1 96 26 is_stmt 0 view .LVU12
  58 000c C36C     		ldr	r3, [r0, #76]
  59              		.loc 1 96 8 view .LVU13
  60 000e 8B42     		cmp	r3, r1
  61 0010 01D0     		beq	.L5
  97:./Middlewares/ST/usbx/common/usbx_stm32_device_controllers/ux_dcd_stm32_uninitialize.c ****     {
  98:./Middlewares/ST/usbx/common/usbx_stm32_device_controllers/ux_dcd_stm32_uninitialize.c ****         _ux_utility_memory_free(dcd_stm32);
  99:./Middlewares/ST/usbx/common/usbx_stm32_device_controllers/ux_dcd_stm32_uninitialize.c ****         dcd -> ux_slave_dcd_controller_hardware = UX_NULL;
 100:./Middlewares/ST/usbx/common/usbx_stm32_device_controllers/ux_dcd_stm32_uninitialize.c ****         return(UX_SUCCESS);
 101:./Middlewares/ST/usbx/common/usbx_stm32_device_controllers/ux_dcd_stm32_uninitialize.c ****     }
 102:./Middlewares/ST/usbx/common/usbx_stm32_device_controllers/ux_dcd_stm32_uninitialize.c **** 
 103:./Middlewares/ST/usbx/common/usbx_stm32_device_controllers/ux_dcd_stm32_uninitialize.c ****     /* Parameter not correct.  */
 104:./Middlewares/ST/usbx/common/usbx_stm32_device_controllers/ux_dcd_stm32_uninitialize.c ****     return(UX_ERROR);
  62              		.loc 1 104 11 view .LVU14
  63 0012 FF20     		movs	r0, #255
  64              	.LVL3:
  65              	.L1:
 105:./Middlewares/ST/usbx/common/usbx_stm32_device_controllers/ux_dcd_stm32_uninitialize.c **** }
  66              		.loc 1 105 1 view .LVU15
  67 0014 10BD     		pop	{r4, pc}
ARM GAS  C:\Users\Dennis\AppData\Local\Temp\ccQ3oclU.s 			page 4


  68              	.LVL4:
  69              	.L5:
  98:./Middlewares/ST/usbx/common/usbx_stm32_device_controllers/ux_dcd_stm32_uninitialize.c ****         dcd -> ux_slave_dcd_controller_hardware = UX_NULL;
  70              		.loc 1 98 9 is_stmt 1 view .LVU16
  71 0016 FFF7FEFF 		bl	_ux_utility_memory_free
  72              	.LVL5:
  99:./Middlewares/ST/usbx/common/usbx_stm32_device_controllers/ux_dcd_stm32_uninitialize.c ****         return(UX_SUCCESS);
  73              		.loc 1 99 9 view .LVU17
  99:./Middlewares/ST/usbx/common/usbx_stm32_device_controllers/ux_dcd_stm32_uninitialize.c ****         return(UX_SUCCESS);
  74              		.loc 1 99 49 is_stmt 0 view .LVU18
  75 001a 0020     		movs	r0, #0
  76 001c E061     		str	r0, [r4, #28]
 100:./Middlewares/ST/usbx/common/usbx_stm32_device_controllers/ux_dcd_stm32_uninitialize.c ****     }
  77              		.loc 1 100 9 is_stmt 1 view .LVU19
 100:./Middlewares/ST/usbx/common/usbx_stm32_device_controllers/ux_dcd_stm32_uninitialize.c ****     }
  78              		.loc 1 100 15 is_stmt 0 view .LVU20
  79 001e F9E7     		b	.L1
  80              	.L7:
  81              		.align	2
  82              	.L6:
  83 0020 00000000 		.word	_ux_system_slave
  84              		.cfi_endproc
  85              	.LFE251:
  87              		.text
  88              	.Letext0:
  89              		.file 2 "c:\\software_user\\armgcc\\arm-none-eabi\\include\\machine\\_default_types.h"
  90              		.file 3 "c:\\software_user\\armgcc\\arm-none-eabi\\include\\sys\\_stdint.h"
  91              		.file 4 "./Middlewares/ST/threadx/ports/cortex_m4/gnu/inc/tx_port.h"
  92              		.file 5 "./Middlewares/ST/threadx/common/inc/tx_api.h"
  93              		.file 6 "./Middlewares/ST/usbx/common/core/inc/ux_api.h"
  94              		.file 7 "./Drivers/CMSIS/Device/ST/STM32F4xx/Include/stm32f407xx.h"
  95              		.file 8 "./Drivers/STM32F4xx_HAL_Driver/Inc/stm32f4xx_hal_def.h"
  96              		.file 9 "./Drivers/STM32F4xx_HAL_Driver/Inc/stm32f4xx_ll_usb.h"
  97              		.file 10 "./Drivers/STM32F4xx_HAL_Driver/Inc/stm32f4xx_hal_pcd.h"
  98              		.file 11 "./Middlewares/ST/usbx/common/usbx_stm32_device_controllers/ux_dcd_stm32.h"
  99              		.file 12 "./Middlewares/ST/usbx/common/core/inc/ux_system.h"
 100              		.file 13 "./Middlewares/ST/usbx/common/core/inc/ux_utility.h"
ARM GAS  C:\Users\Dennis\AppData\Local\Temp\ccQ3oclU.s 			page 5


DEFINED SYMBOLS
                            *ABS*:00000000 ux_dcd_stm32_uninitialize.c
C:\Users\Dennis\AppData\Local\Temp\ccQ3oclU.s:20     .text._ux_dcd_stm32_uninitialize:00000000 $t
C:\Users\Dennis\AppData\Local\Temp\ccQ3oclU.s:26     .text._ux_dcd_stm32_uninitialize:00000000 _ux_dcd_stm32_uninitialize
C:\Users\Dennis\AppData\Local\Temp\ccQ3oclU.s:83     .text._ux_dcd_stm32_uninitialize:00000020 $d

UNDEFINED SYMBOLS
_ux_utility_memory_free
_ux_system_slave
