ARM GAS  C:\Users\Dennis\AppData\Local\Temp\ccnA3rB2.s 			page 1


   1              		.cpu cortex-m4
   2              		.arch armv7e-m
   3              		.fpu fpv4-sp-d16
   4              		.eabi_attribute 27, 1
   5              		.eabi_attribute 28, 1
   6              		.eabi_attribute 20, 1
   7              		.eabi_attribute 21, 1
   8              		.eabi_attribute 23, 3
   9              		.eabi_attribute 24, 1
  10              		.eabi_attribute 25, 1
  11              		.eabi_attribute 26, 1
  12              		.eabi_attribute 30, 1
  13              		.eabi_attribute 34, 1
  14              		.eabi_attribute 18, 4
  15              		.file	"ux_device_class_cdc_acm_deactivate.c"
  16              		.text
  17              	.Ltext0:
  18              		.cfi_sections	.debug_frame
  19              		.section	.text._ux_device_class_cdc_acm_deactivate,"ax",%progbits
  20              		.align	1
  21              		.global	_ux_device_class_cdc_acm_deactivate
  22              		.syntax unified
  23              		.thumb
  24              		.thumb_func
  26              	_ux_device_class_cdc_acm_deactivate:
  27              	.LVL0:
  28              	.LFB11:
  29              		.file 1 "./Middlewares/ST/usbx/common/usbx_device_classes/src/ux_device_class_cdc_acm_deactivate.c
   1:./Middlewares/ST/usbx/common/usbx_device_classes/src/ux_device_class_cdc_acm_deactivate.c **** /**************************************************************************/
   2:./Middlewares/ST/usbx/common/usbx_device_classes/src/ux_device_class_cdc_acm_deactivate.c **** /*                                                                        */
   3:./Middlewares/ST/usbx/common/usbx_device_classes/src/ux_device_class_cdc_acm_deactivate.c **** /*       Copyright (c) Microsoft Corporation. All rights reserved.        */
   4:./Middlewares/ST/usbx/common/usbx_device_classes/src/ux_device_class_cdc_acm_deactivate.c **** /*                                                                        */
   5:./Middlewares/ST/usbx/common/usbx_device_classes/src/ux_device_class_cdc_acm_deactivate.c **** /*       This software is licensed under the Microsoft Software License   */
   6:./Middlewares/ST/usbx/common/usbx_device_classes/src/ux_device_class_cdc_acm_deactivate.c **** /*       Terms for Microsoft Azure RTOS. Full text of the license can be  */
   7:./Middlewares/ST/usbx/common/usbx_device_classes/src/ux_device_class_cdc_acm_deactivate.c **** /*       found in the LICENSE file at https://aka.ms/AzureRTOS_EULA       */
   8:./Middlewares/ST/usbx/common/usbx_device_classes/src/ux_device_class_cdc_acm_deactivate.c **** /*       and in the root directory of this software.                      */
   9:./Middlewares/ST/usbx/common/usbx_device_classes/src/ux_device_class_cdc_acm_deactivate.c **** /*                                                                        */
  10:./Middlewares/ST/usbx/common/usbx_device_classes/src/ux_device_class_cdc_acm_deactivate.c **** /**************************************************************************/
  11:./Middlewares/ST/usbx/common/usbx_device_classes/src/ux_device_class_cdc_acm_deactivate.c **** 
  12:./Middlewares/ST/usbx/common/usbx_device_classes/src/ux_device_class_cdc_acm_deactivate.c **** /**************************************************************************/
  13:./Middlewares/ST/usbx/common/usbx_device_classes/src/ux_device_class_cdc_acm_deactivate.c **** /**************************************************************************/
  14:./Middlewares/ST/usbx/common/usbx_device_classes/src/ux_device_class_cdc_acm_deactivate.c **** /**                                                                       */ 
  15:./Middlewares/ST/usbx/common/usbx_device_classes/src/ux_device_class_cdc_acm_deactivate.c **** /** USBX Component                                                        */ 
  16:./Middlewares/ST/usbx/common/usbx_device_classes/src/ux_device_class_cdc_acm_deactivate.c **** /**                                                                       */
  17:./Middlewares/ST/usbx/common/usbx_device_classes/src/ux_device_class_cdc_acm_deactivate.c **** /**   Device CDC Class                                                    */
  18:./Middlewares/ST/usbx/common/usbx_device_classes/src/ux_device_class_cdc_acm_deactivate.c **** /**                                                                       */
  19:./Middlewares/ST/usbx/common/usbx_device_classes/src/ux_device_class_cdc_acm_deactivate.c **** /**************************************************************************/
  20:./Middlewares/ST/usbx/common/usbx_device_classes/src/ux_device_class_cdc_acm_deactivate.c **** /**************************************************************************/
  21:./Middlewares/ST/usbx/common/usbx_device_classes/src/ux_device_class_cdc_acm_deactivate.c **** 
  22:./Middlewares/ST/usbx/common/usbx_device_classes/src/ux_device_class_cdc_acm_deactivate.c **** #define UX_SOURCE_CODE
  23:./Middlewares/ST/usbx/common/usbx_device_classes/src/ux_device_class_cdc_acm_deactivate.c **** 
  24:./Middlewares/ST/usbx/common/usbx_device_classes/src/ux_device_class_cdc_acm_deactivate.c **** 
  25:./Middlewares/ST/usbx/common/usbx_device_classes/src/ux_device_class_cdc_acm_deactivate.c **** /* Include necessary system files.  */
  26:./Middlewares/ST/usbx/common/usbx_device_classes/src/ux_device_class_cdc_acm_deactivate.c **** 
  27:./Middlewares/ST/usbx/common/usbx_device_classes/src/ux_device_class_cdc_acm_deactivate.c **** #include "ux_api.h"
  28:./Middlewares/ST/usbx/common/usbx_device_classes/src/ux_device_class_cdc_acm_deactivate.c **** #include "ux_device_class_cdc_acm.h"
  29:./Middlewares/ST/usbx/common/usbx_device_classes/src/ux_device_class_cdc_acm_deactivate.c **** #include "ux_device_stack.h"
ARM GAS  C:\Users\Dennis\AppData\Local\Temp\ccnA3rB2.s 			page 2


  30:./Middlewares/ST/usbx/common/usbx_device_classes/src/ux_device_class_cdc_acm_deactivate.c **** 
  31:./Middlewares/ST/usbx/common/usbx_device_classes/src/ux_device_class_cdc_acm_deactivate.c **** 
  32:./Middlewares/ST/usbx/common/usbx_device_classes/src/ux_device_class_cdc_acm_deactivate.c **** /**************************************************************************/ 
  33:./Middlewares/ST/usbx/common/usbx_device_classes/src/ux_device_class_cdc_acm_deactivate.c **** /*                                                                        */ 
  34:./Middlewares/ST/usbx/common/usbx_device_classes/src/ux_device_class_cdc_acm_deactivate.c **** /*  FUNCTION                                               RELEASE        */ 
  35:./Middlewares/ST/usbx/common/usbx_device_classes/src/ux_device_class_cdc_acm_deactivate.c **** /*                                                                        */ 
  36:./Middlewares/ST/usbx/common/usbx_device_classes/src/ux_device_class_cdc_acm_deactivate.c **** /*    _ux_device_class_cdc_acm_deactivate                 PORTABLE C      */ 
  37:./Middlewares/ST/usbx/common/usbx_device_classes/src/ux_device_class_cdc_acm_deactivate.c **** /*                                                           6.1          */
  38:./Middlewares/ST/usbx/common/usbx_device_classes/src/ux_device_class_cdc_acm_deactivate.c **** /*  AUTHOR                                                                */
  39:./Middlewares/ST/usbx/common/usbx_device_classes/src/ux_device_class_cdc_acm_deactivate.c **** /*                                                                        */
  40:./Middlewares/ST/usbx/common/usbx_device_classes/src/ux_device_class_cdc_acm_deactivate.c **** /*    Chaoqiong Xiao, Microsoft Corporation                               */
  41:./Middlewares/ST/usbx/common/usbx_device_classes/src/ux_device_class_cdc_acm_deactivate.c **** /*                                                                        */
  42:./Middlewares/ST/usbx/common/usbx_device_classes/src/ux_device_class_cdc_acm_deactivate.c **** /*  DESCRIPTION                                                           */
  43:./Middlewares/ST/usbx/common/usbx_device_classes/src/ux_device_class_cdc_acm_deactivate.c **** /*                                                                        */ 
  44:./Middlewares/ST/usbx/common/usbx_device_classes/src/ux_device_class_cdc_acm_deactivate.c **** /*    This function deactivate an instance of the cdc_acm class.          */ 
  45:./Middlewares/ST/usbx/common/usbx_device_classes/src/ux_device_class_cdc_acm_deactivate.c **** /*                                                                        */ 
  46:./Middlewares/ST/usbx/common/usbx_device_classes/src/ux_device_class_cdc_acm_deactivate.c **** /*  INPUT                                                                 */ 
  47:./Middlewares/ST/usbx/common/usbx_device_classes/src/ux_device_class_cdc_acm_deactivate.c **** /*                                                                        */ 
  48:./Middlewares/ST/usbx/common/usbx_device_classes/src/ux_device_class_cdc_acm_deactivate.c **** /*    command                               Pointer to a class command    */ 
  49:./Middlewares/ST/usbx/common/usbx_device_classes/src/ux_device_class_cdc_acm_deactivate.c **** /*                                                                        */ 
  50:./Middlewares/ST/usbx/common/usbx_device_classes/src/ux_device_class_cdc_acm_deactivate.c **** /*  OUTPUT                                                                */ 
  51:./Middlewares/ST/usbx/common/usbx_device_classes/src/ux_device_class_cdc_acm_deactivate.c **** /*                                                                        */ 
  52:./Middlewares/ST/usbx/common/usbx_device_classes/src/ux_device_class_cdc_acm_deactivate.c **** /*    Completion Status                                                   */ 
  53:./Middlewares/ST/usbx/common/usbx_device_classes/src/ux_device_class_cdc_acm_deactivate.c **** /*                                                                        */ 
  54:./Middlewares/ST/usbx/common/usbx_device_classes/src/ux_device_class_cdc_acm_deactivate.c **** /*  CALLS                                                                 */ 
  55:./Middlewares/ST/usbx/common/usbx_device_classes/src/ux_device_class_cdc_acm_deactivate.c **** /*                                                                        */ 
  56:./Middlewares/ST/usbx/common/usbx_device_classes/src/ux_device_class_cdc_acm_deactivate.c **** /*    _ux_device_stack_transfer_all_request_abort Abort all transfers     */ 
  57:./Middlewares/ST/usbx/common/usbx_device_classes/src/ux_device_class_cdc_acm_deactivate.c **** /*    _ux_device_class_cdc_acm_ioctl              IO control              */ 
  58:./Middlewares/ST/usbx/common/usbx_device_classes/src/ux_device_class_cdc_acm_deactivate.c **** /*                                                                        */ 
  59:./Middlewares/ST/usbx/common/usbx_device_classes/src/ux_device_class_cdc_acm_deactivate.c **** /*  CALLED BY                                                             */ 
  60:./Middlewares/ST/usbx/common/usbx_device_classes/src/ux_device_class_cdc_acm_deactivate.c **** /*                                                                        */ 
  61:./Middlewares/ST/usbx/common/usbx_device_classes/src/ux_device_class_cdc_acm_deactivate.c **** /*    CDC Class                                                           */
  62:./Middlewares/ST/usbx/common/usbx_device_classes/src/ux_device_class_cdc_acm_deactivate.c **** /*                                                                        */ 
  63:./Middlewares/ST/usbx/common/usbx_device_classes/src/ux_device_class_cdc_acm_deactivate.c **** /*  RELEASE HISTORY                                                       */ 
  64:./Middlewares/ST/usbx/common/usbx_device_classes/src/ux_device_class_cdc_acm_deactivate.c **** /*                                                                        */ 
  65:./Middlewares/ST/usbx/common/usbx_device_classes/src/ux_device_class_cdc_acm_deactivate.c **** /*    DATE              NAME                      DESCRIPTION             */ 
  66:./Middlewares/ST/usbx/common/usbx_device_classes/src/ux_device_class_cdc_acm_deactivate.c **** /*                                                                        */ 
  67:./Middlewares/ST/usbx/common/usbx_device_classes/src/ux_device_class_cdc_acm_deactivate.c **** /*  05-19-2020     Chaoqiong Xiao           Initial Version 6.0           */
  68:./Middlewares/ST/usbx/common/usbx_device_classes/src/ux_device_class_cdc_acm_deactivate.c **** /*  09-30-2020     Chaoqiong Xiao           Modified comment(s),          */
  69:./Middlewares/ST/usbx/common/usbx_device_classes/src/ux_device_class_cdc_acm_deactivate.c **** /*                                            resulting in version 6.1    */
  70:./Middlewares/ST/usbx/common/usbx_device_classes/src/ux_device_class_cdc_acm_deactivate.c **** /*                                                                        */
  71:./Middlewares/ST/usbx/common/usbx_device_classes/src/ux_device_class_cdc_acm_deactivate.c **** /**************************************************************************/
  72:./Middlewares/ST/usbx/common/usbx_device_classes/src/ux_device_class_cdc_acm_deactivate.c **** UINT  _ux_device_class_cdc_acm_deactivate(UX_SLAVE_CLASS_COMMAND *command)
  73:./Middlewares/ST/usbx/common/usbx_device_classes/src/ux_device_class_cdc_acm_deactivate.c **** {
  30              		.loc 1 73 1 view -0
  31              		.cfi_startproc
  32              		@ args = 0, pretend = 0, frame = 0
  33              		@ frame_needed = 0, uses_anonymous_args = 0
  34              		.loc 1 73 1 is_stmt 0 view .LVU1
  35 0000 38B5     		push	{r3, r4, r5, lr}
  36              	.LCFI0:
  37              		.cfi_def_cfa_offset 16
  38              		.cfi_offset 3, -16
  39              		.cfi_offset 4, -12
  40              		.cfi_offset 5, -8
  41              		.cfi_offset 14, -4
  74:./Middlewares/ST/usbx/common/usbx_device_classes/src/ux_device_class_cdc_acm_deactivate.c ****                                           
ARM GAS  C:\Users\Dennis\AppData\Local\Temp\ccnA3rB2.s 			page 3


  75:./Middlewares/ST/usbx/common/usbx_device_classes/src/ux_device_class_cdc_acm_deactivate.c **** UX_SLAVE_INTERFACE          *interface;
  42              		.loc 1 75 1 is_stmt 1 view .LVU2
  76:./Middlewares/ST/usbx/common/usbx_device_classes/src/ux_device_class_cdc_acm_deactivate.c **** UX_SLAVE_CLASS_CDC_ACM      *cdc_acm;
  43              		.loc 1 76 1 view .LVU3
  77:./Middlewares/ST/usbx/common/usbx_device_classes/src/ux_device_class_cdc_acm_deactivate.c **** UX_SLAVE_ENDPOINT           *endpoint_in;
  44              		.loc 1 77 1 view .LVU4
  78:./Middlewares/ST/usbx/common/usbx_device_classes/src/ux_device_class_cdc_acm_deactivate.c **** UX_SLAVE_ENDPOINT           *endpoint_out;
  45              		.loc 1 78 1 view .LVU5
  79:./Middlewares/ST/usbx/common/usbx_device_classes/src/ux_device_class_cdc_acm_deactivate.c **** UX_SLAVE_CLASS              *class;
  46              		.loc 1 79 1 view .LVU6
  80:./Middlewares/ST/usbx/common/usbx_device_classes/src/ux_device_class_cdc_acm_deactivate.c **** 
  81:./Middlewares/ST/usbx/common/usbx_device_classes/src/ux_device_class_cdc_acm_deactivate.c ****     /* Get the class container.  */
  82:./Middlewares/ST/usbx/common/usbx_device_classes/src/ux_device_class_cdc_acm_deactivate.c ****     class =  command -> ux_slave_class_command_class_ptr;
  47              		.loc 1 82 5 view .LVU7
  48              		.loc 1 82 11 is_stmt 0 view .LVU8
  49 0002 036A     		ldr	r3, [r0, #32]
  50              	.LVL1:
  83:./Middlewares/ST/usbx/common/usbx_device_classes/src/ux_device_class_cdc_acm_deactivate.c **** 
  84:./Middlewares/ST/usbx/common/usbx_device_classes/src/ux_device_class_cdc_acm_deactivate.c ****     /* Get the class instance in the container.  */
  85:./Middlewares/ST/usbx/common/usbx_device_classes/src/ux_device_class_cdc_acm_deactivate.c ****     cdc_acm = (UX_SLAVE_CLASS_CDC_ACM *) class -> ux_slave_class_instance;
  51              		.loc 1 85 5 is_stmt 1 view .LVU9
  52              		.loc 1 85 13 is_stmt 0 view .LVU10
  53 0004 9C6C     		ldr	r4, [r3, #72]
  54              	.LVL2:
  86:./Middlewares/ST/usbx/common/usbx_device_classes/src/ux_device_class_cdc_acm_deactivate.c **** 
  87:./Middlewares/ST/usbx/common/usbx_device_classes/src/ux_device_class_cdc_acm_deactivate.c ****     /* We need the interface to the class.  */
  88:./Middlewares/ST/usbx/common/usbx_device_classes/src/ux_device_class_cdc_acm_deactivate.c ****     interface =  cdc_acm -> ux_slave_class_cdc_acm_interface;
  55              		.loc 1 88 5 is_stmt 1 view .LVU11
  56              		.loc 1 88 15 is_stmt 0 view .LVU12
  57 0006 2368     		ldr	r3, [r4]
  58              	.LVL3:
  89:./Middlewares/ST/usbx/common/usbx_device_classes/src/ux_device_class_cdc_acm_deactivate.c ****     
  90:./Middlewares/ST/usbx/common/usbx_device_classes/src/ux_device_class_cdc_acm_deactivate.c ****     /* Locate the endpoints.  */
  91:./Middlewares/ST/usbx/common/usbx_device_classes/src/ux_device_class_cdc_acm_deactivate.c ****     endpoint_in =  interface -> ux_slave_interface_first_endpoint;
  59              		.loc 1 91 5 is_stmt 1 view .LVU13
  60              		.loc 1 91 17 is_stmt 0 view .LVU14
  61 0008 5D6B     		ldr	r5, [r3, #52]
  62              	.LVL4:
  92:./Middlewares/ST/usbx/common/usbx_device_classes/src/ux_device_class_cdc_acm_deactivate.c ****     
  93:./Middlewares/ST/usbx/common/usbx_device_classes/src/ux_device_class_cdc_acm_deactivate.c ****     /* Check the endpoint direction, if IN we have the correct endpoint.  */
  94:./Middlewares/ST/usbx/common/usbx_device_classes/src/ux_device_class_cdc_acm_deactivate.c ****     if ((endpoint_in -> ux_slave_endpoint_descriptor.bEndpointAddress & UX_ENDPOINT_DIRECTION) != U
  63              		.loc 1 94 5 is_stmt 1 view .LVU15
  64              		.loc 1 94 53 is_stmt 0 view .LVU16
  65 000a 6B69     		ldr	r3, [r5, #20]
  66              	.LVL5:
  67              		.loc 1 94 8 view .LVU17
  68 000c 13F0800F 		tst	r3, #128
  69 0010 16D1     		bne	.L2
  95:./Middlewares/ST/usbx/common/usbx_device_classes/src/ux_device_class_cdc_acm_deactivate.c ****     {
  96:./Middlewares/ST/usbx/common/usbx_device_classes/src/ux_device_class_cdc_acm_deactivate.c **** 
  97:./Middlewares/ST/usbx/common/usbx_device_classes/src/ux_device_class_cdc_acm_deactivate.c ****         /* Wrong direction, we found the OUT endpoint first.  */
  98:./Middlewares/ST/usbx/common/usbx_device_classes/src/ux_device_class_cdc_acm_deactivate.c ****         endpoint_out =  endpoint_in;
  70              		.loc 1 98 9 is_stmt 1 view .LVU18
  71              	.LVL6:
  99:./Middlewares/ST/usbx/common/usbx_device_classes/src/ux_device_class_cdc_acm_deactivate.c ****             
 100:./Middlewares/ST/usbx/common/usbx_device_classes/src/ux_device_class_cdc_acm_deactivate.c ****         /* So the next endpoint has to be the IN endpoint.  */
 101:./Middlewares/ST/usbx/common/usbx_device_classes/src/ux_device_class_cdc_acm_deactivate.c ****         endpoint_in =  endpoint_out -> ux_slave_endpoint_next_endpoint;
ARM GAS  C:\Users\Dennis\AppData\Local\Temp\ccnA3rB2.s 			page 4


  72              		.loc 1 101 9 view .LVU19
  73              		.loc 1 101 21 is_stmt 0 view .LVU20
  74 0012 686A     		ldr	r0, [r5, #36]
  75              	.LVL7:
  76              	.L3:
 102:./Middlewares/ST/usbx/common/usbx_device_classes/src/ux_device_class_cdc_acm_deactivate.c ****     }
 103:./Middlewares/ST/usbx/common/usbx_device_classes/src/ux_device_class_cdc_acm_deactivate.c ****     else
 104:./Middlewares/ST/usbx/common/usbx_device_classes/src/ux_device_class_cdc_acm_deactivate.c ****     {
 105:./Middlewares/ST/usbx/common/usbx_device_classes/src/ux_device_class_cdc_acm_deactivate.c **** 
 106:./Middlewares/ST/usbx/common/usbx_device_classes/src/ux_device_class_cdc_acm_deactivate.c ****         /* We found the endpoint IN first, so next endpoint is OUT.  */
 107:./Middlewares/ST/usbx/common/usbx_device_classes/src/ux_device_class_cdc_acm_deactivate.c ****         endpoint_out =  endpoint_in -> ux_slave_endpoint_next_endpoint;
 108:./Middlewares/ST/usbx/common/usbx_device_classes/src/ux_device_class_cdc_acm_deactivate.c ****     }
 109:./Middlewares/ST/usbx/common/usbx_device_classes/src/ux_device_class_cdc_acm_deactivate.c ****         
 110:./Middlewares/ST/usbx/common/usbx_device_classes/src/ux_device_class_cdc_acm_deactivate.c ****     /* Terminate the transactions pending on the endpoints.  */
 111:./Middlewares/ST/usbx/common/usbx_device_classes/src/ux_device_class_cdc_acm_deactivate.c ****     _ux_device_stack_transfer_all_request_abort(endpoint_in, UX_TRANSFER_BUS_RESET);
  77              		.loc 1 111 5 is_stmt 1 view .LVU21
  78 0014 2621     		movs	r1, #38
  79 0016 FFF7FEFF 		bl	_ux_device_stack_transfer_all_request_abort
  80              	.LVL8:
 112:./Middlewares/ST/usbx/common/usbx_device_classes/src/ux_device_class_cdc_acm_deactivate.c ****     _ux_device_stack_transfer_all_request_abort(endpoint_out, UX_TRANSFER_BUS_RESET);
  81              		.loc 1 112 5 view .LVU22
  82 001a 2621     		movs	r1, #38
  83 001c 2846     		mov	r0, r5
  84 001e FFF7FEFF 		bl	_ux_device_stack_transfer_all_request_abort
  85              	.LVL9:
 113:./Middlewares/ST/usbx/common/usbx_device_classes/src/ux_device_class_cdc_acm_deactivate.c **** 
 114:./Middlewares/ST/usbx/common/usbx_device_classes/src/ux_device_class_cdc_acm_deactivate.c ****     /* Terminate transmission and free resources.  */
 115:./Middlewares/ST/usbx/common/usbx_device_classes/src/ux_device_class_cdc_acm_deactivate.c ****     _ux_device_class_cdc_acm_ioctl(cdc_acm, UX_SLAVE_CLASS_CDC_ACM_IOCTL_TRANSMISSION_STOP, UX_NULL
  86              		.loc 1 115 5 view .LVU23
  87 0022 0022     		movs	r2, #0
  88 0024 0721     		movs	r1, #7
  89 0026 2046     		mov	r0, r4
  90 0028 FFF7FEFF 		bl	_ux_device_class_cdc_acm_ioctl
  91              	.LVL10:
 116:./Middlewares/ST/usbx/common/usbx_device_classes/src/ux_device_class_cdc_acm_deactivate.c **** 
 117:./Middlewares/ST/usbx/common/usbx_device_classes/src/ux_device_class_cdc_acm_deactivate.c ****     /* If there is a deactivate function call it.  */
 118:./Middlewares/ST/usbx/common/usbx_device_classes/src/ux_device_class_cdc_acm_deactivate.c ****     if (cdc_acm -> ux_slave_class_cdc_acm_parameter.ux_slave_class_cdc_acm_instance_deactivate != U
  92              		.loc 1 118 5 view .LVU24
  93              		.loc 1 118 52 is_stmt 0 view .LVU25
  94 002c A368     		ldr	r3, [r4, #8]
  95              		.loc 1 118 8 view .LVU26
  96 002e 0BB1     		cbz	r3, .L4
 119:./Middlewares/ST/usbx/common/usbx_device_classes/src/ux_device_class_cdc_acm_deactivate.c ****     {
 120:./Middlewares/ST/usbx/common/usbx_device_classes/src/ux_device_class_cdc_acm_deactivate.c **** 
 121:./Middlewares/ST/usbx/common/usbx_device_classes/src/ux_device_class_cdc_acm_deactivate.c ****         /* Invoke the application.  */
 122:./Middlewares/ST/usbx/common/usbx_device_classes/src/ux_device_class_cdc_acm_deactivate.c ****         cdc_acm -> ux_slave_class_cdc_acm_parameter.ux_slave_class_cdc_acm_instance_deactivate(cdc_
  97              		.loc 1 122 9 is_stmt 1 view .LVU27
  98 0030 2046     		mov	r0, r4
  99 0032 9847     		blx	r3
 100              	.LVL11:
 101              	.L4:
 123:./Middlewares/ST/usbx/common/usbx_device_classes/src/ux_device_class_cdc_acm_deactivate.c ****     }
 124:./Middlewares/ST/usbx/common/usbx_device_classes/src/ux_device_class_cdc_acm_deactivate.c **** 
 125:./Middlewares/ST/usbx/common/usbx_device_classes/src/ux_device_class_cdc_acm_deactivate.c ****     /* We need to reset the DTR and RTS values so they do not carry over to the 
 126:./Middlewares/ST/usbx/common/usbx_device_classes/src/ux_device_class_cdc_acm_deactivate.c ****        next connection.  */
 127:./Middlewares/ST/usbx/common/usbx_device_classes/src/ux_device_class_cdc_acm_deactivate.c ****     cdc_acm -> ux_slave_class_cdc_acm_data_dtr_state =  0;
 102              		.loc 1 127 5 view .LVU28
ARM GAS  C:\Users\Dennis\AppData\Local\Temp\ccnA3rB2.s 			page 5


 103              		.loc 1 127 54 is_stmt 0 view .LVU29
 104 0034 0020     		movs	r0, #0
 105 0036 84F87F00 		strb	r0, [r4, #127]
 128:./Middlewares/ST/usbx/common/usbx_device_classes/src/ux_device_class_cdc_acm_deactivate.c ****     cdc_acm -> ux_slave_class_cdc_acm_data_rts_state =  0;
 106              		.loc 1 128 5 is_stmt 1 view .LVU30
 107              		.loc 1 128 54 is_stmt 0 view .LVU31
 108 003a 84F88000 		strb	r0, [r4, #128]
 129:./Middlewares/ST/usbx/common/usbx_device_classes/src/ux_device_class_cdc_acm_deactivate.c **** 
 130:./Middlewares/ST/usbx/common/usbx_device_classes/src/ux_device_class_cdc_acm_deactivate.c ****     /* If trace is enabled, insert this event into the trace buffer.  */
 131:./Middlewares/ST/usbx/common/usbx_device_classes/src/ux_device_class_cdc_acm_deactivate.c ****     UX_TRACE_IN_LINE_INSERT(UX_TRACE_DEVICE_CLASS_CDC_ACM_DEACTIVATE, cdc_acm, 0, 0, 0, UX_TRACE_DE
 132:./Middlewares/ST/usbx/common/usbx_device_classes/src/ux_device_class_cdc_acm_deactivate.c **** 
 133:./Middlewares/ST/usbx/common/usbx_device_classes/src/ux_device_class_cdc_acm_deactivate.c ****     /* If trace is enabled, register this object.  */
 134:./Middlewares/ST/usbx/common/usbx_device_classes/src/ux_device_class_cdc_acm_deactivate.c ****     UX_TRACE_OBJECT_UNREGISTER(cdc_acm);
 109              		.loc 1 134 40 is_stmt 1 view .LVU32
 135:./Middlewares/ST/usbx/common/usbx_device_classes/src/ux_device_class_cdc_acm_deactivate.c **** 
 136:./Middlewares/ST/usbx/common/usbx_device_classes/src/ux_device_class_cdc_acm_deactivate.c ****     /* Return completion status.  */
 137:./Middlewares/ST/usbx/common/usbx_device_classes/src/ux_device_class_cdc_acm_deactivate.c ****     return(UX_SUCCESS);
 110              		.loc 1 137 5 view .LVU33
 138:./Middlewares/ST/usbx/common/usbx_device_classes/src/ux_device_class_cdc_acm_deactivate.c **** }
 111              		.loc 1 138 1 is_stmt 0 view .LVU34
 112 003e 38BD     		pop	{r3, r4, r5, pc}
 113              	.LVL12:
 114              	.L2:
 107:./Middlewares/ST/usbx/common/usbx_device_classes/src/ux_device_class_cdc_acm_deactivate.c ****     }
 115              		.loc 1 107 9 is_stmt 1 view .LVU35
  91:./Middlewares/ST/usbx/common/usbx_device_classes/src/ux_device_class_cdc_acm_deactivate.c ****     
 116              		.loc 1 91 17 is_stmt 0 view .LVU36
 117 0040 2846     		mov	r0, r5
 118              	.LVL13:
 107:./Middlewares/ST/usbx/common/usbx_device_classes/src/ux_device_class_cdc_acm_deactivate.c ****     }
 119              		.loc 1 107 22 view .LVU37
 120 0042 6D6A     		ldr	r5, [r5, #36]
 121              	.LVL14:
 107:./Middlewares/ST/usbx/common/usbx_device_classes/src/ux_device_class_cdc_acm_deactivate.c ****     }
 122              		.loc 1 107 22 view .LVU38
 123 0044 E6E7     		b	.L3
 124              		.cfi_endproc
 125              	.LFE11:
 127              		.text
 128              	.Letext0:
 129              		.file 2 "./Middlewares/ST/threadx/ports/cortex_m4/gnu/inc/tx_port.h"
 130              		.file 3 "./Middlewares/ST/threadx/common/inc/tx_api.h"
 131              		.file 4 "./Middlewares/ST/usbx/common/core/inc/ux_api.h"
 132              		.file 5 "./Middlewares/ST/usbx/common/usbx_device_classes/inc/ux_device_class_cdc_acm.h"
 133              		.file 6 "./Middlewares/ST/usbx/common/core/inc/ux_device_stack.h"
ARM GAS  C:\Users\Dennis\AppData\Local\Temp\ccnA3rB2.s 			page 6


DEFINED SYMBOLS
                            *ABS*:00000000 ux_device_class_cdc_acm_deactivate.c
C:\Users\Dennis\AppData\Local\Temp\ccnA3rB2.s:20     .text._ux_device_class_cdc_acm_deactivate:00000000 $t
C:\Users\Dennis\AppData\Local\Temp\ccnA3rB2.s:26     .text._ux_device_class_cdc_acm_deactivate:00000000 _ux_device_class_cdc_acm_deactivate

UNDEFINED SYMBOLS
_ux_device_stack_transfer_all_request_abort
_ux_device_class_cdc_acm_ioctl
