ARM GAS  C:\Users\Dennis\AppData\Local\Temp\ccphwuvx.s 			page 1


   1              		.cpu cortex-m4
   2              		.arch armv7e-m
   3              		.fpu fpv4-sp-d16
   4              		.eabi_attribute 27, 1
   5              		.eabi_attribute 28, 1
   6              		.eabi_attribute 20, 1
   7              		.eabi_attribute 21, 1
   8              		.eabi_attribute 23, 3
   9              		.eabi_attribute 24, 1
  10              		.eabi_attribute 25, 1
  11              		.eabi_attribute 26, 1
  12              		.eabi_attribute 30, 1
  13              		.eabi_attribute 34, 1
  14              		.eabi_attribute 18, 4
  15              		.file	"ux_dcd_stm32_function.c"
  16              		.text
  17              	.Ltext0:
  18              		.cfi_sections	.debug_frame
  19              		.section	.text._ux_dcd_stm32_function,"ax",%progbits
  20              		.align	1
  21              		.global	_ux_dcd_stm32_function
  22              		.syntax unified
  23              		.thumb
  24              		.thumb_func
  26              	_ux_dcd_stm32_function:
  27              	.LVL0:
  28              	.LFB251:
  29              		.file 1 "./Middlewares/ST/usbx/common/usbx_stm32_device_controllers/ux_dcd_stm32_function.c"
   1:./Middlewares/ST/usbx/common/usbx_stm32_device_controllers/ux_dcd_stm32_function.c **** /**************************************************************************/
   2:./Middlewares/ST/usbx/common/usbx_stm32_device_controllers/ux_dcd_stm32_function.c **** /*                                                                        */
   3:./Middlewares/ST/usbx/common/usbx_stm32_device_controllers/ux_dcd_stm32_function.c **** /*       Copyright (c) Microsoft Corporation. All rights reserved.        */
   4:./Middlewares/ST/usbx/common/usbx_stm32_device_controllers/ux_dcd_stm32_function.c **** /*                                                                        */
   5:./Middlewares/ST/usbx/common/usbx_stm32_device_controllers/ux_dcd_stm32_function.c **** /*       This software is licensed under the Microsoft Software License   */
   6:./Middlewares/ST/usbx/common/usbx_stm32_device_controllers/ux_dcd_stm32_function.c **** /*       Terms for Microsoft Azure RTOS. Full text of the license can be  */
   7:./Middlewares/ST/usbx/common/usbx_stm32_device_controllers/ux_dcd_stm32_function.c **** /*       found in the LICENSE file at https://aka.ms/AzureRTOS_EULA       */
   8:./Middlewares/ST/usbx/common/usbx_stm32_device_controllers/ux_dcd_stm32_function.c **** /*       and in the root directory of this software.                      */
   9:./Middlewares/ST/usbx/common/usbx_stm32_device_controllers/ux_dcd_stm32_function.c **** /*                                                                        */
  10:./Middlewares/ST/usbx/common/usbx_stm32_device_controllers/ux_dcd_stm32_function.c **** /**************************************************************************/
  11:./Middlewares/ST/usbx/common/usbx_stm32_device_controllers/ux_dcd_stm32_function.c **** 
  12:./Middlewares/ST/usbx/common/usbx_stm32_device_controllers/ux_dcd_stm32_function.c **** 
  13:./Middlewares/ST/usbx/common/usbx_stm32_device_controllers/ux_dcd_stm32_function.c **** /**************************************************************************/
  14:./Middlewares/ST/usbx/common/usbx_stm32_device_controllers/ux_dcd_stm32_function.c **** /**************************************************************************/
  15:./Middlewares/ST/usbx/common/usbx_stm32_device_controllers/ux_dcd_stm32_function.c **** /**                                                                       */
  16:./Middlewares/ST/usbx/common/usbx_stm32_device_controllers/ux_dcd_stm32_function.c **** /** USBX Component                                                        */
  17:./Middlewares/ST/usbx/common/usbx_stm32_device_controllers/ux_dcd_stm32_function.c **** /**                                                                       */
  18:./Middlewares/ST/usbx/common/usbx_stm32_device_controllers/ux_dcd_stm32_function.c **** /**   STM32 Controller Driver                                             */
  19:./Middlewares/ST/usbx/common/usbx_stm32_device_controllers/ux_dcd_stm32_function.c **** /**                                                                       */
  20:./Middlewares/ST/usbx/common/usbx_stm32_device_controllers/ux_dcd_stm32_function.c **** /**************************************************************************/
  21:./Middlewares/ST/usbx/common/usbx_stm32_device_controllers/ux_dcd_stm32_function.c **** /**************************************************************************/
  22:./Middlewares/ST/usbx/common/usbx_stm32_device_controllers/ux_dcd_stm32_function.c **** 
  23:./Middlewares/ST/usbx/common/usbx_stm32_device_controllers/ux_dcd_stm32_function.c **** #define UX_SOURCE_CODE
  24:./Middlewares/ST/usbx/common/usbx_stm32_device_controllers/ux_dcd_stm32_function.c **** #define UX_DCD_STM32_SOURCE_CODE
  25:./Middlewares/ST/usbx/common/usbx_stm32_device_controllers/ux_dcd_stm32_function.c **** 
  26:./Middlewares/ST/usbx/common/usbx_stm32_device_controllers/ux_dcd_stm32_function.c **** 
  27:./Middlewares/ST/usbx/common/usbx_stm32_device_controllers/ux_dcd_stm32_function.c **** /* Include necessary system files.  */
  28:./Middlewares/ST/usbx/common/usbx_stm32_device_controllers/ux_dcd_stm32_function.c **** 
  29:./Middlewares/ST/usbx/common/usbx_stm32_device_controllers/ux_dcd_stm32_function.c **** #include "ux_api.h"
ARM GAS  C:\Users\Dennis\AppData\Local\Temp\ccphwuvx.s 			page 2


  30:./Middlewares/ST/usbx/common/usbx_stm32_device_controllers/ux_dcd_stm32_function.c **** #include "ux_dcd_stm32.h"
  31:./Middlewares/ST/usbx/common/usbx_stm32_device_controllers/ux_dcd_stm32_function.c **** #include "ux_device_stack.h"
  32:./Middlewares/ST/usbx/common/usbx_stm32_device_controllers/ux_dcd_stm32_function.c **** 
  33:./Middlewares/ST/usbx/common/usbx_stm32_device_controllers/ux_dcd_stm32_function.c **** 
  34:./Middlewares/ST/usbx/common/usbx_stm32_device_controllers/ux_dcd_stm32_function.c **** #if defined(UX_DEVICE_STANDALONE)
  35:./Middlewares/ST/usbx/common/usbx_stm32_device_controllers/ux_dcd_stm32_function.c **** extern VOID     _ux_dcd_stm32_setup_isr_pending(UX_DCD_STM32 *);
  36:./Middlewares/ST/usbx/common/usbx_stm32_device_controllers/ux_dcd_stm32_function.c **** #endif
  37:./Middlewares/ST/usbx/common/usbx_stm32_device_controllers/ux_dcd_stm32_function.c **** 
  38:./Middlewares/ST/usbx/common/usbx_stm32_device_controllers/ux_dcd_stm32_function.c **** /**************************************************************************/
  39:./Middlewares/ST/usbx/common/usbx_stm32_device_controllers/ux_dcd_stm32_function.c **** /*                                                                        */
  40:./Middlewares/ST/usbx/common/usbx_stm32_device_controllers/ux_dcd_stm32_function.c **** /*  FUNCTION                                               RELEASE        */
  41:./Middlewares/ST/usbx/common/usbx_stm32_device_controllers/ux_dcd_stm32_function.c **** /*                                                                        */
  42:./Middlewares/ST/usbx/common/usbx_stm32_device_controllers/ux_dcd_stm32_function.c **** /*    _ux_dcd_stm32_function                              PORTABLE C      */
  43:./Middlewares/ST/usbx/common/usbx_stm32_device_controllers/ux_dcd_stm32_function.c **** /*                                                           6.1.10       */
  44:./Middlewares/ST/usbx/common/usbx_stm32_device_controllers/ux_dcd_stm32_function.c **** /*  AUTHOR                                                                */
  45:./Middlewares/ST/usbx/common/usbx_stm32_device_controllers/ux_dcd_stm32_function.c **** /*                                                                        */
  46:./Middlewares/ST/usbx/common/usbx_stm32_device_controllers/ux_dcd_stm32_function.c **** /*    Chaoqiong Xiao, Microsoft Corporation                               */
  47:./Middlewares/ST/usbx/common/usbx_stm32_device_controllers/ux_dcd_stm32_function.c **** /*                                                                        */
  48:./Middlewares/ST/usbx/common/usbx_stm32_device_controllers/ux_dcd_stm32_function.c **** /*  DESCRIPTION                                                           */
  49:./Middlewares/ST/usbx/common/usbx_stm32_device_controllers/ux_dcd_stm32_function.c **** /*                                                                        */
  50:./Middlewares/ST/usbx/common/usbx_stm32_device_controllers/ux_dcd_stm32_function.c **** /*    This function dispatches the DCD function internally to the STM32   */
  51:./Middlewares/ST/usbx/common/usbx_stm32_device_controllers/ux_dcd_stm32_function.c **** /*    controller.                                                         */
  52:./Middlewares/ST/usbx/common/usbx_stm32_device_controllers/ux_dcd_stm32_function.c **** /*                                                                        */
  53:./Middlewares/ST/usbx/common/usbx_stm32_device_controllers/ux_dcd_stm32_function.c **** /*  INPUT                                                                 */
  54:./Middlewares/ST/usbx/common/usbx_stm32_device_controllers/ux_dcd_stm32_function.c **** /*                                                                        */
  55:./Middlewares/ST/usbx/common/usbx_stm32_device_controllers/ux_dcd_stm32_function.c **** /*    dcd                                   Pointer to device controller  */
  56:./Middlewares/ST/usbx/common/usbx_stm32_device_controllers/ux_dcd_stm32_function.c **** /*    function                              Function requested            */
  57:./Middlewares/ST/usbx/common/usbx_stm32_device_controllers/ux_dcd_stm32_function.c **** /*    parameter                             Pointer to function parameters*/
  58:./Middlewares/ST/usbx/common/usbx_stm32_device_controllers/ux_dcd_stm32_function.c **** /*                                                                        */
  59:./Middlewares/ST/usbx/common/usbx_stm32_device_controllers/ux_dcd_stm32_function.c **** /*  OUTPUT                                                                */
  60:./Middlewares/ST/usbx/common/usbx_stm32_device_controllers/ux_dcd_stm32_function.c **** /*                                                                        */
  61:./Middlewares/ST/usbx/common/usbx_stm32_device_controllers/ux_dcd_stm32_function.c **** /*    Completion Status                                                   */
  62:./Middlewares/ST/usbx/common/usbx_stm32_device_controllers/ux_dcd_stm32_function.c **** /*                                                                        */
  63:./Middlewares/ST/usbx/common/usbx_stm32_device_controllers/ux_dcd_stm32_function.c **** /*  CALLS                                                                 */
  64:./Middlewares/ST/usbx/common/usbx_stm32_device_controllers/ux_dcd_stm32_function.c **** /*                                                                        */
  65:./Middlewares/ST/usbx/common/usbx_stm32_device_controllers/ux_dcd_stm32_function.c **** /*    _ux_dcd_stm32_endpoint_create         Create endpoint               */
  66:./Middlewares/ST/usbx/common/usbx_stm32_device_controllers/ux_dcd_stm32_function.c **** /*    _ux_dcd_stm32_endpoint_destroy        Destroy endpoint              */
  67:./Middlewares/ST/usbx/common/usbx_stm32_device_controllers/ux_dcd_stm32_function.c **** /*    _ux_dcd_stm32_endpoint_reset          Reset endpoint                */
  68:./Middlewares/ST/usbx/common/usbx_stm32_device_controllers/ux_dcd_stm32_function.c **** /*    _ux_dcd_stm32_endpoint_stall          Stall endpoint                */
  69:./Middlewares/ST/usbx/common/usbx_stm32_device_controllers/ux_dcd_stm32_function.c **** /*    _ux_dcd_stm32_endpoint_status         Get endpoint status           */
  70:./Middlewares/ST/usbx/common/usbx_stm32_device_controllers/ux_dcd_stm32_function.c **** /*    _ux_dcd_stm32_frame_number_get        Get frame number              */
  71:./Middlewares/ST/usbx/common/usbx_stm32_device_controllers/ux_dcd_stm32_function.c **** /*    _ux_dcd_stm32_transfer_request        Request data transfer         */
  72:./Middlewares/ST/usbx/common/usbx_stm32_device_controllers/ux_dcd_stm32_function.c **** /*                                                                        */
  73:./Middlewares/ST/usbx/common/usbx_stm32_device_controllers/ux_dcd_stm32_function.c **** /*  CALLED BY                                                             */
  74:./Middlewares/ST/usbx/common/usbx_stm32_device_controllers/ux_dcd_stm32_function.c **** /*                                                                        */
  75:./Middlewares/ST/usbx/common/usbx_stm32_device_controllers/ux_dcd_stm32_function.c **** /*    USBX Device Stack                                                   */
  76:./Middlewares/ST/usbx/common/usbx_stm32_device_controllers/ux_dcd_stm32_function.c **** /*                                                                        */
  77:./Middlewares/ST/usbx/common/usbx_stm32_device_controllers/ux_dcd_stm32_function.c **** /*  RELEASE HISTORY                                                       */
  78:./Middlewares/ST/usbx/common/usbx_stm32_device_controllers/ux_dcd_stm32_function.c **** /*                                                                        */
  79:./Middlewares/ST/usbx/common/usbx_stm32_device_controllers/ux_dcd_stm32_function.c **** /*    DATE              NAME                      DESCRIPTION             */
  80:./Middlewares/ST/usbx/common/usbx_stm32_device_controllers/ux_dcd_stm32_function.c **** /*                                                                        */
  81:./Middlewares/ST/usbx/common/usbx_stm32_device_controllers/ux_dcd_stm32_function.c **** /*  05-19-2020     Chaoqiong Xiao           Initial Version 6.0           */
  82:./Middlewares/ST/usbx/common/usbx_stm32_device_controllers/ux_dcd_stm32_function.c **** /*  09-30-2020     Chaoqiong Xiao           Modified comment(s), used ST  */
  83:./Middlewares/ST/usbx/common/usbx_stm32_device_controllers/ux_dcd_stm32_function.c **** /*                                            HAL library to drive the    */
  84:./Middlewares/ST/usbx/common/usbx_stm32_device_controllers/ux_dcd_stm32_function.c **** /*                                            controller,                 */
  85:./Middlewares/ST/usbx/common/usbx_stm32_device_controllers/ux_dcd_stm32_function.c **** /*                                            resulting in version 6.1    */
  86:./Middlewares/ST/usbx/common/usbx_stm32_device_controllers/ux_dcd_stm32_function.c **** /*  01-31-2022     Chaoqiong Xiao           Modified comment(s),          */
ARM GAS  C:\Users\Dennis\AppData\Local\Temp\ccphwuvx.s 			page 3


  87:./Middlewares/ST/usbx/common/usbx_stm32_device_controllers/ux_dcd_stm32_function.c **** /*                                            added standalone support,   */
  88:./Middlewares/ST/usbx/common/usbx_stm32_device_controllers/ux_dcd_stm32_function.c **** /*                                            resulting in version 6.1.10 */
  89:./Middlewares/ST/usbx/common/usbx_stm32_device_controllers/ux_dcd_stm32_function.c **** /*                                                                        */
  90:./Middlewares/ST/usbx/common/usbx_stm32_device_controllers/ux_dcd_stm32_function.c **** /**************************************************************************/
  91:./Middlewares/ST/usbx/common/usbx_stm32_device_controllers/ux_dcd_stm32_function.c **** UINT  _ux_dcd_stm32_function(UX_SLAVE_DCD *dcd, UINT function, VOID *parameter)
  92:./Middlewares/ST/usbx/common/usbx_stm32_device_controllers/ux_dcd_stm32_function.c **** {
  30              		.loc 1 92 1 view -0
  31              		.cfi_startproc
  32              		@ args = 0, pretend = 0, frame = 0
  33              		@ frame_needed = 0, uses_anonymous_args = 0
  34              		.loc 1 92 1 is_stmt 0 view .LVU1
  35 0000 08B5     		push	{r3, lr}
  36              	.LCFI0:
  37              		.cfi_def_cfa_offset 8
  38              		.cfi_offset 3, -8
  39              		.cfi_offset 14, -4
  40 0002 0B46     		mov	r3, r1
  41 0004 1146     		mov	r1, r2
  42              	.LVL1:
  93:./Middlewares/ST/usbx/common/usbx_stm32_device_controllers/ux_dcd_stm32_function.c **** 
  94:./Middlewares/ST/usbx/common/usbx_stm32_device_controllers/ux_dcd_stm32_function.c **** UINT             status;
  43              		.loc 1 94 1 is_stmt 1 view .LVU2
  95:./Middlewares/ST/usbx/common/usbx_stm32_device_controllers/ux_dcd_stm32_function.c **** UX_DCD_STM32     *dcd_stm32;
  44              		.loc 1 95 1 view .LVU3
  96:./Middlewares/ST/usbx/common/usbx_stm32_device_controllers/ux_dcd_stm32_function.c **** 
  97:./Middlewares/ST/usbx/common/usbx_stm32_device_controllers/ux_dcd_stm32_function.c **** 
  98:./Middlewares/ST/usbx/common/usbx_stm32_device_controllers/ux_dcd_stm32_function.c ****     /* Check the status of the controller.  */
  99:./Middlewares/ST/usbx/common/usbx_stm32_device_controllers/ux_dcd_stm32_function.c ****     if (dcd -> ux_slave_dcd_status == UX_UNUSED)
  45              		.loc 1 99 5 view .LVU4
  46              		.loc 1 99 13 is_stmt 0 view .LVU5
  47 0006 0268     		ldr	r2, [r0]
  48              	.LVL2:
  49              		.loc 1 99 8 view .LVU6
  50 0008 5AB1     		cbz	r2, .L18
 100:./Middlewares/ST/usbx/common/usbx_stm32_device_controllers/ux_dcd_stm32_function.c ****     {
 101:./Middlewares/ST/usbx/common/usbx_stm32_device_controllers/ux_dcd_stm32_function.c **** 
 102:./Middlewares/ST/usbx/common/usbx_stm32_device_controllers/ux_dcd_stm32_function.c ****         /* Error trap. */
 103:./Middlewares/ST/usbx/common/usbx_stm32_device_controllers/ux_dcd_stm32_function.c ****         _ux_system_error_handler(UX_SYSTEM_LEVEL_THREAD, UX_SYSTEM_CONTEXT_DCD, UX_CONTROLLER_UNKNO
 104:./Middlewares/ST/usbx/common/usbx_stm32_device_controllers/ux_dcd_stm32_function.c **** 
 105:./Middlewares/ST/usbx/common/usbx_stm32_device_controllers/ux_dcd_stm32_function.c ****         /* If trace is enabled, insert this event into the trace buffer.  */
 106:./Middlewares/ST/usbx/common/usbx_stm32_device_controllers/ux_dcd_stm32_function.c ****         UX_TRACE_IN_LINE_INSERT(UX_TRACE_ERROR, UX_CONTROLLER_UNKNOWN, 0, 0, 0, UX_TRACE_ERRORS, 0,
 107:./Middlewares/ST/usbx/common/usbx_stm32_device_controllers/ux_dcd_stm32_function.c **** 
 108:./Middlewares/ST/usbx/common/usbx_stm32_device_controllers/ux_dcd_stm32_function.c ****         return(UX_CONTROLLER_UNKNOWN);
 109:./Middlewares/ST/usbx/common/usbx_stm32_device_controllers/ux_dcd_stm32_function.c ****     }
 110:./Middlewares/ST/usbx/common/usbx_stm32_device_controllers/ux_dcd_stm32_function.c **** 
 111:./Middlewares/ST/usbx/common/usbx_stm32_device_controllers/ux_dcd_stm32_function.c ****     /* Get the pointer to the STM32 DCD.  */
 112:./Middlewares/ST/usbx/common/usbx_stm32_device_controllers/ux_dcd_stm32_function.c ****     dcd_stm32 =  (UX_DCD_STM32 *) dcd -> ux_slave_dcd_controller_hardware;
  51              		.loc 1 112 5 is_stmt 1 view .LVU7
  52              		.loc 1 112 15 is_stmt 0 view .LVU8
  53 000a C069     		ldr	r0, [r0, #28]
  54              	.LVL3:
 113:./Middlewares/ST/usbx/common/usbx_stm32_device_controllers/ux_dcd_stm32_function.c **** 
 114:./Middlewares/ST/usbx/common/usbx_stm32_device_controllers/ux_dcd_stm32_function.c ****     /* Look at the function and route it.  */
 115:./Middlewares/ST/usbx/common/usbx_stm32_device_controllers/ux_dcd_stm32_function.c ****     switch(function)
  55              		.loc 1 115 5 is_stmt 1 view .LVU9
  56 000c 0A3B     		subs	r3, r3, #10
  57              	.LVL4:
ARM GAS  C:\Users\Dennis\AppData\Local\Temp\ccphwuvx.s 			page 4


  58              		.loc 1 115 5 is_stmt 0 view .LVU10
  59 000e 0B2B     		cmp	r3, #11
  60 0010 33D8     		bhi	.L4
  61 0012 DFE803F0 		tbb	[pc, r3]
  62              	.L6:
  63 0016 0D       		.byte	(.L15-.L6)/2
  64 0017 32       		.byte	(.L4-.L6)/2
  65 0018 10       		.byte	(.L14-.L6)/2
  66 0019 13       		.byte	(.L13-.L6)/2
  67 001a 16       		.byte	(.L12-.L6)/2
  68 001b 19       		.byte	(.L11-.L6)/2
  69 001c 1C       		.byte	(.L10-.L6)/2
  70 001d 22       		.byte	(.L9-.L6)/2
  71 001e 32       		.byte	(.L4-.L6)/2
  72 001f 27       		.byte	(.L8-.L6)/2
  73 0020 1F       		.byte	(.L7-.L6)/2
  74 0021 2F       		.byte	(.L5-.L6)/2
  75              	.LVL5:
  76              		.p2align 1
  77              	.L18:
 103:./Middlewares/ST/usbx/common/usbx_stm32_device_controllers/ux_dcd_stm32_function.c **** 
  78              		.loc 1 103 9 is_stmt 1 view .LVU11
  79 0022 5522     		movs	r2, #85
  80 0024 0221     		movs	r1, #2
  81              	.LVL6:
 103:./Middlewares/ST/usbx/common/usbx_stm32_device_controllers/ux_dcd_stm32_function.c **** 
  82              		.loc 1 103 9 is_stmt 0 view .LVU12
  83 0026 0846     		mov	r0, r1
  84              	.LVL7:
 103:./Middlewares/ST/usbx/common/usbx_stm32_device_controllers/ux_dcd_stm32_function.c **** 
  85              		.loc 1 103 9 view .LVU13
  86 0028 FFF7FEFF 		bl	_ux_system_error_handler
  87              	.LVL8:
 108:./Middlewares/ST/usbx/common/usbx_stm32_device_controllers/ux_dcd_stm32_function.c ****     }
  88              		.loc 1 108 9 is_stmt 1 view .LVU14
 108:./Middlewares/ST/usbx/common/usbx_stm32_device_controllers/ux_dcd_stm32_function.c ****     }
  89              		.loc 1 108 15 is_stmt 0 view .LVU15
  90 002c 5520     		movs	r0, #85
  91              	.L1:
 116:./Middlewares/ST/usbx/common/usbx_stm32_device_controllers/ux_dcd_stm32_function.c ****     {
 117:./Middlewares/ST/usbx/common/usbx_stm32_device_controllers/ux_dcd_stm32_function.c **** 
 118:./Middlewares/ST/usbx/common/usbx_stm32_device_controllers/ux_dcd_stm32_function.c ****     case UX_DCD_GET_FRAME_NUMBER:
 119:./Middlewares/ST/usbx/common/usbx_stm32_device_controllers/ux_dcd_stm32_function.c **** 
 120:./Middlewares/ST/usbx/common/usbx_stm32_device_controllers/ux_dcd_stm32_function.c ****         status =  _ux_dcd_stm32_frame_number_get(dcd_stm32, (ULONG *) parameter);
 121:./Middlewares/ST/usbx/common/usbx_stm32_device_controllers/ux_dcd_stm32_function.c ****         break;
 122:./Middlewares/ST/usbx/common/usbx_stm32_device_controllers/ux_dcd_stm32_function.c **** 
 123:./Middlewares/ST/usbx/common/usbx_stm32_device_controllers/ux_dcd_stm32_function.c ****     case UX_DCD_TRANSFER_REQUEST:
 124:./Middlewares/ST/usbx/common/usbx_stm32_device_controllers/ux_dcd_stm32_function.c **** 
 125:./Middlewares/ST/usbx/common/usbx_stm32_device_controllers/ux_dcd_stm32_function.c **** #if defined(UX_DEVICE_STANDALONE)
 126:./Middlewares/ST/usbx/common/usbx_stm32_device_controllers/ux_dcd_stm32_function.c ****         status =  _ux_dcd_stm32_transfer_run(dcd_stm32, (UX_SLAVE_TRANSFER *) parameter);
 127:./Middlewares/ST/usbx/common/usbx_stm32_device_controllers/ux_dcd_stm32_function.c **** #else
 128:./Middlewares/ST/usbx/common/usbx_stm32_device_controllers/ux_dcd_stm32_function.c ****         status =  _ux_dcd_stm32_transfer_request(dcd_stm32, (UX_SLAVE_TRANSFER *) parameter);
 129:./Middlewares/ST/usbx/common/usbx_stm32_device_controllers/ux_dcd_stm32_function.c **** #endif /* defined(UX_DEVICE_STANDALONE) */
 130:./Middlewares/ST/usbx/common/usbx_stm32_device_controllers/ux_dcd_stm32_function.c ****         break;
 131:./Middlewares/ST/usbx/common/usbx_stm32_device_controllers/ux_dcd_stm32_function.c **** 
 132:./Middlewares/ST/usbx/common/usbx_stm32_device_controllers/ux_dcd_stm32_function.c ****     case UX_DCD_TRANSFER_ABORT:
 133:./Middlewares/ST/usbx/common/usbx_stm32_device_controllers/ux_dcd_stm32_function.c ****         status = _ux_dcd_stm32_transfer_abort(dcd_stm32, parameter);
ARM GAS  C:\Users\Dennis\AppData\Local\Temp\ccphwuvx.s 			page 5


 134:./Middlewares/ST/usbx/common/usbx_stm32_device_controllers/ux_dcd_stm32_function.c ****         break;
 135:./Middlewares/ST/usbx/common/usbx_stm32_device_controllers/ux_dcd_stm32_function.c **** 
 136:./Middlewares/ST/usbx/common/usbx_stm32_device_controllers/ux_dcd_stm32_function.c ****     case UX_DCD_CREATE_ENDPOINT:
 137:./Middlewares/ST/usbx/common/usbx_stm32_device_controllers/ux_dcd_stm32_function.c **** 
 138:./Middlewares/ST/usbx/common/usbx_stm32_device_controllers/ux_dcd_stm32_function.c ****         status =  _ux_dcd_stm32_endpoint_create(dcd_stm32, parameter);
 139:./Middlewares/ST/usbx/common/usbx_stm32_device_controllers/ux_dcd_stm32_function.c ****         break;
 140:./Middlewares/ST/usbx/common/usbx_stm32_device_controllers/ux_dcd_stm32_function.c **** 
 141:./Middlewares/ST/usbx/common/usbx_stm32_device_controllers/ux_dcd_stm32_function.c ****     case UX_DCD_DESTROY_ENDPOINT:
 142:./Middlewares/ST/usbx/common/usbx_stm32_device_controllers/ux_dcd_stm32_function.c **** 
 143:./Middlewares/ST/usbx/common/usbx_stm32_device_controllers/ux_dcd_stm32_function.c ****         status =  _ux_dcd_stm32_endpoint_destroy(dcd_stm32, parameter);
 144:./Middlewares/ST/usbx/common/usbx_stm32_device_controllers/ux_dcd_stm32_function.c ****         break;
 145:./Middlewares/ST/usbx/common/usbx_stm32_device_controllers/ux_dcd_stm32_function.c **** 
 146:./Middlewares/ST/usbx/common/usbx_stm32_device_controllers/ux_dcd_stm32_function.c ****     case UX_DCD_RESET_ENDPOINT:
 147:./Middlewares/ST/usbx/common/usbx_stm32_device_controllers/ux_dcd_stm32_function.c **** 
 148:./Middlewares/ST/usbx/common/usbx_stm32_device_controllers/ux_dcd_stm32_function.c ****         status =  _ux_dcd_stm32_endpoint_reset(dcd_stm32, parameter);
 149:./Middlewares/ST/usbx/common/usbx_stm32_device_controllers/ux_dcd_stm32_function.c ****         break;
 150:./Middlewares/ST/usbx/common/usbx_stm32_device_controllers/ux_dcd_stm32_function.c **** 
 151:./Middlewares/ST/usbx/common/usbx_stm32_device_controllers/ux_dcd_stm32_function.c ****     case UX_DCD_STALL_ENDPOINT:
 152:./Middlewares/ST/usbx/common/usbx_stm32_device_controllers/ux_dcd_stm32_function.c **** 
 153:./Middlewares/ST/usbx/common/usbx_stm32_device_controllers/ux_dcd_stm32_function.c ****         status =  _ux_dcd_stm32_endpoint_stall(dcd_stm32, parameter);
 154:./Middlewares/ST/usbx/common/usbx_stm32_device_controllers/ux_dcd_stm32_function.c ****         break;
 155:./Middlewares/ST/usbx/common/usbx_stm32_device_controllers/ux_dcd_stm32_function.c **** 
 156:./Middlewares/ST/usbx/common/usbx_stm32_device_controllers/ux_dcd_stm32_function.c ****     case UX_DCD_SET_DEVICE_ADDRESS:
 157:./Middlewares/ST/usbx/common/usbx_stm32_device_controllers/ux_dcd_stm32_function.c **** 
 158:./Middlewares/ST/usbx/common/usbx_stm32_device_controllers/ux_dcd_stm32_function.c ****         status =  HAL_PCD_SetAddress(dcd_stm32 -> pcd_handle, (uint8_t)(ULONG) parameter);
 159:./Middlewares/ST/usbx/common/usbx_stm32_device_controllers/ux_dcd_stm32_function.c ****         break;
 160:./Middlewares/ST/usbx/common/usbx_stm32_device_controllers/ux_dcd_stm32_function.c **** 
 161:./Middlewares/ST/usbx/common/usbx_stm32_device_controllers/ux_dcd_stm32_function.c ****     case UX_DCD_CHANGE_STATE:
 162:./Middlewares/ST/usbx/common/usbx_stm32_device_controllers/ux_dcd_stm32_function.c **** 
 163:./Middlewares/ST/usbx/common/usbx_stm32_device_controllers/ux_dcd_stm32_function.c ****         if ((ULONG) parameter == UX_DEVICE_FORCE_DISCONNECT)
 164:./Middlewares/ST/usbx/common/usbx_stm32_device_controllers/ux_dcd_stm32_function.c ****         {
 165:./Middlewares/ST/usbx/common/usbx_stm32_device_controllers/ux_dcd_stm32_function.c ****           /* Disconnect the USB device */
 166:./Middlewares/ST/usbx/common/usbx_stm32_device_controllers/ux_dcd_stm32_function.c ****           status =  HAL_PCD_Stop(dcd_stm32 -> pcd_handle);
 167:./Middlewares/ST/usbx/common/usbx_stm32_device_controllers/ux_dcd_stm32_function.c ****         }
 168:./Middlewares/ST/usbx/common/usbx_stm32_device_controllers/ux_dcd_stm32_function.c ****         else
 169:./Middlewares/ST/usbx/common/usbx_stm32_device_controllers/ux_dcd_stm32_function.c ****         {
 170:./Middlewares/ST/usbx/common/usbx_stm32_device_controllers/ux_dcd_stm32_function.c ****           status = UX_SUCCESS;
 171:./Middlewares/ST/usbx/common/usbx_stm32_device_controllers/ux_dcd_stm32_function.c ****         }
 172:./Middlewares/ST/usbx/common/usbx_stm32_device_controllers/ux_dcd_stm32_function.c **** 
 173:./Middlewares/ST/usbx/common/usbx_stm32_device_controllers/ux_dcd_stm32_function.c ****         break;
 174:./Middlewares/ST/usbx/common/usbx_stm32_device_controllers/ux_dcd_stm32_function.c **** 
 175:./Middlewares/ST/usbx/common/usbx_stm32_device_controllers/ux_dcd_stm32_function.c ****     case UX_DCD_ENDPOINT_STATUS:
 176:./Middlewares/ST/usbx/common/usbx_stm32_device_controllers/ux_dcd_stm32_function.c **** 
 177:./Middlewares/ST/usbx/common/usbx_stm32_device_controllers/ux_dcd_stm32_function.c ****         status =  _ux_dcd_stm32_endpoint_status(dcd_stm32, (ULONG) parameter);
 178:./Middlewares/ST/usbx/common/usbx_stm32_device_controllers/ux_dcd_stm32_function.c ****         break;
 179:./Middlewares/ST/usbx/common/usbx_stm32_device_controllers/ux_dcd_stm32_function.c **** 
 180:./Middlewares/ST/usbx/common/usbx_stm32_device_controllers/ux_dcd_stm32_function.c **** #if defined(UX_DEVICE_STANDALONE)
 181:./Middlewares/ST/usbx/common/usbx_stm32_device_controllers/ux_dcd_stm32_function.c ****     case UX_DCD_ISR_PENDING:
 182:./Middlewares/ST/usbx/common/usbx_stm32_device_controllers/ux_dcd_stm32_function.c **** 
 183:./Middlewares/ST/usbx/common/usbx_stm32_device_controllers/ux_dcd_stm32_function.c ****         _ux_dcd_stm32_setup_isr_pending(dcd_stm32);
 184:./Middlewares/ST/usbx/common/usbx_stm32_device_controllers/ux_dcd_stm32_function.c ****         status = UX_SUCCESS;
 185:./Middlewares/ST/usbx/common/usbx_stm32_device_controllers/ux_dcd_stm32_function.c ****         break;
 186:./Middlewares/ST/usbx/common/usbx_stm32_device_controllers/ux_dcd_stm32_function.c **** #endif /* defined(UX_DEVICE_STANDALONE) */
 187:./Middlewares/ST/usbx/common/usbx_stm32_device_controllers/ux_dcd_stm32_function.c **** 
 188:./Middlewares/ST/usbx/common/usbx_stm32_device_controllers/ux_dcd_stm32_function.c ****     default:
 189:./Middlewares/ST/usbx/common/usbx_stm32_device_controllers/ux_dcd_stm32_function.c **** 
 190:./Middlewares/ST/usbx/common/usbx_stm32_device_controllers/ux_dcd_stm32_function.c ****         /* Error trap. */
ARM GAS  C:\Users\Dennis\AppData\Local\Temp\ccphwuvx.s 			page 6


 191:./Middlewares/ST/usbx/common/usbx_stm32_device_controllers/ux_dcd_stm32_function.c ****         _ux_system_error_handler(UX_SYSTEM_LEVEL_THREAD, UX_SYSTEM_CONTEXT_DCD, UX_FUNCTION_NOT_SUP
 192:./Middlewares/ST/usbx/common/usbx_stm32_device_controllers/ux_dcd_stm32_function.c **** 
 193:./Middlewares/ST/usbx/common/usbx_stm32_device_controllers/ux_dcd_stm32_function.c ****         /* If trace is enabled, insert this event into the trace buffer.  */
 194:./Middlewares/ST/usbx/common/usbx_stm32_device_controllers/ux_dcd_stm32_function.c ****         UX_TRACE_IN_LINE_INSERT(UX_TRACE_ERROR, UX_FUNCTION_NOT_SUPPORTED, 0, 0, 0, UX_TRACE_ERRORS
 195:./Middlewares/ST/usbx/common/usbx_stm32_device_controllers/ux_dcd_stm32_function.c **** 
 196:./Middlewares/ST/usbx/common/usbx_stm32_device_controllers/ux_dcd_stm32_function.c ****         status =  UX_FUNCTION_NOT_SUPPORTED;
 197:./Middlewares/ST/usbx/common/usbx_stm32_device_controllers/ux_dcd_stm32_function.c ****         break;
 198:./Middlewares/ST/usbx/common/usbx_stm32_device_controllers/ux_dcd_stm32_function.c ****     }
 199:./Middlewares/ST/usbx/common/usbx_stm32_device_controllers/ux_dcd_stm32_function.c **** 
 200:./Middlewares/ST/usbx/common/usbx_stm32_device_controllers/ux_dcd_stm32_function.c ****     /* Return completion status.  */
 201:./Middlewares/ST/usbx/common/usbx_stm32_device_controllers/ux_dcd_stm32_function.c ****     return(status);
 202:./Middlewares/ST/usbx/common/usbx_stm32_device_controllers/ux_dcd_stm32_function.c **** }
  92              		.loc 1 202 1 view .LVU16
  93 002e 08BD     		pop	{r3, pc}
  94              	.LVL9:
  95              	.L15:
 120:./Middlewares/ST/usbx/common/usbx_stm32_device_controllers/ux_dcd_stm32_function.c ****         break;
  96              		.loc 1 120 9 is_stmt 1 view .LVU17
 120:./Middlewares/ST/usbx/common/usbx_stm32_device_controllers/ux_dcd_stm32_function.c ****         break;
  97              		.loc 1 120 19 is_stmt 0 view .LVU18
  98 0030 FFF7FEFF 		bl	_ux_dcd_stm32_frame_number_get
  99              	.LVL10:
 121:./Middlewares/ST/usbx/common/usbx_stm32_device_controllers/ux_dcd_stm32_function.c **** 
 100              		.loc 1 121 9 is_stmt 1 view .LVU19
 101 0034 FBE7     		b	.L1
 102              	.LVL11:
 103              	.L14:
 128:./Middlewares/ST/usbx/common/usbx_stm32_device_controllers/ux_dcd_stm32_function.c **** #endif /* defined(UX_DEVICE_STANDALONE) */
 104              		.loc 1 128 9 view .LVU20
 128:./Middlewares/ST/usbx/common/usbx_stm32_device_controllers/ux_dcd_stm32_function.c **** #endif /* defined(UX_DEVICE_STANDALONE) */
 105              		.loc 1 128 19 is_stmt 0 view .LVU21
 106 0036 FFF7FEFF 		bl	_ux_dcd_stm32_transfer_request
 107              	.LVL12:
 130:./Middlewares/ST/usbx/common/usbx_stm32_device_controllers/ux_dcd_stm32_function.c **** 
 108              		.loc 1 130 9 is_stmt 1 view .LVU22
 109 003a F8E7     		b	.L1
 110              	.LVL13:
 111              	.L13:
 133:./Middlewares/ST/usbx/common/usbx_stm32_device_controllers/ux_dcd_stm32_function.c ****         break;
 112              		.loc 1 133 9 view .LVU23
 133:./Middlewares/ST/usbx/common/usbx_stm32_device_controllers/ux_dcd_stm32_function.c ****         break;
 113              		.loc 1 133 18 is_stmt 0 view .LVU24
 114 003c FFF7FEFF 		bl	_ux_dcd_stm32_transfer_abort
 115              	.LVL14:
 134:./Middlewares/ST/usbx/common/usbx_stm32_device_controllers/ux_dcd_stm32_function.c **** 
 116              		.loc 1 134 9 is_stmt 1 view .LVU25
 117 0040 F5E7     		b	.L1
 118              	.LVL15:
 119              	.L12:
 138:./Middlewares/ST/usbx/common/usbx_stm32_device_controllers/ux_dcd_stm32_function.c ****         break;
 120              		.loc 1 138 9 view .LVU26
 138:./Middlewares/ST/usbx/common/usbx_stm32_device_controllers/ux_dcd_stm32_function.c ****         break;
 121              		.loc 1 138 19 is_stmt 0 view .LVU27
 122 0042 FFF7FEFF 		bl	_ux_dcd_stm32_endpoint_create
 123              	.LVL16:
 139:./Middlewares/ST/usbx/common/usbx_stm32_device_controllers/ux_dcd_stm32_function.c **** 
 124              		.loc 1 139 9 is_stmt 1 view .LVU28
ARM GAS  C:\Users\Dennis\AppData\Local\Temp\ccphwuvx.s 			page 7


 125 0046 F2E7     		b	.L1
 126              	.LVL17:
 127              	.L11:
 143:./Middlewares/ST/usbx/common/usbx_stm32_device_controllers/ux_dcd_stm32_function.c ****         break;
 128              		.loc 1 143 9 view .LVU29
 143:./Middlewares/ST/usbx/common/usbx_stm32_device_controllers/ux_dcd_stm32_function.c ****         break;
 129              		.loc 1 143 19 is_stmt 0 view .LVU30
 130 0048 FFF7FEFF 		bl	_ux_dcd_stm32_endpoint_destroy
 131              	.LVL18:
 144:./Middlewares/ST/usbx/common/usbx_stm32_device_controllers/ux_dcd_stm32_function.c **** 
 132              		.loc 1 144 9 is_stmt 1 view .LVU31
 133 004c EFE7     		b	.L1
 134              	.LVL19:
 135              	.L10:
 148:./Middlewares/ST/usbx/common/usbx_stm32_device_controllers/ux_dcd_stm32_function.c ****         break;
 136              		.loc 1 148 9 view .LVU32
 148:./Middlewares/ST/usbx/common/usbx_stm32_device_controllers/ux_dcd_stm32_function.c ****         break;
 137              		.loc 1 148 19 is_stmt 0 view .LVU33
 138 004e FFF7FEFF 		bl	_ux_dcd_stm32_endpoint_reset
 139              	.LVL20:
 149:./Middlewares/ST/usbx/common/usbx_stm32_device_controllers/ux_dcd_stm32_function.c **** 
 140              		.loc 1 149 9 is_stmt 1 view .LVU34
 141 0052 ECE7     		b	.L1
 142              	.LVL21:
 143              	.L7:
 153:./Middlewares/ST/usbx/common/usbx_stm32_device_controllers/ux_dcd_stm32_function.c ****         break;
 144              		.loc 1 153 9 view .LVU35
 153:./Middlewares/ST/usbx/common/usbx_stm32_device_controllers/ux_dcd_stm32_function.c ****         break;
 145              		.loc 1 153 19 is_stmt 0 view .LVU36
 146 0054 FFF7FEFF 		bl	_ux_dcd_stm32_endpoint_stall
 147              	.LVL22:
 154:./Middlewares/ST/usbx/common/usbx_stm32_device_controllers/ux_dcd_stm32_function.c **** 
 148              		.loc 1 154 9 is_stmt 1 view .LVU37
 149 0058 E9E7     		b	.L1
 150              	.LVL23:
 151              	.L9:
 158:./Middlewares/ST/usbx/common/usbx_stm32_device_controllers/ux_dcd_stm32_function.c ****         break;
 152              		.loc 1 158 9 view .LVU38
 158:./Middlewares/ST/usbx/common/usbx_stm32_device_controllers/ux_dcd_stm32_function.c ****         break;
 153              		.loc 1 158 19 is_stmt 0 view .LVU39
 154 005a C9B2     		uxtb	r1, r1
 155              	.LVL24:
 158:./Middlewares/ST/usbx/common/usbx_stm32_device_controllers/ux_dcd_stm32_function.c ****         break;
 156              		.loc 1 158 19 view .LVU40
 157 005c C06C     		ldr	r0, [r0, #76]
 158              	.LVL25:
 158:./Middlewares/ST/usbx/common/usbx_stm32_device_controllers/ux_dcd_stm32_function.c ****         break;
 159              		.loc 1 158 19 view .LVU41
 160 005e FFF7FEFF 		bl	HAL_PCD_SetAddress
 161              	.LVL26:
 159:./Middlewares/ST/usbx/common/usbx_stm32_device_controllers/ux_dcd_stm32_function.c **** 
 162              		.loc 1 159 9 is_stmt 1 view .LVU42
 163 0062 E4E7     		b	.L1
 164              	.LVL27:
 165              	.L8:
 163:./Middlewares/ST/usbx/common/usbx_stm32_device_controllers/ux_dcd_stm32_function.c ****         {
 166              		.loc 1 163 9 view .LVU43
ARM GAS  C:\Users\Dennis\AppData\Local\Temp\ccphwuvx.s 			page 8


 163:./Middlewares/ST/usbx/common/usbx_stm32_device_controllers/ux_dcd_stm32_function.c ****         {
 167              		.loc 1 163 12 is_stmt 0 view .LVU44
 168 0064 0B29     		cmp	r1, #11
 169 0066 01D0     		beq	.L19
 170:./Middlewares/ST/usbx/common/usbx_stm32_device_controllers/ux_dcd_stm32_function.c ****         }
 170              		.loc 1 170 18 view .LVU45
 171 0068 0020     		movs	r0, #0
 172              	.LVL28:
 170:./Middlewares/ST/usbx/common/usbx_stm32_device_controllers/ux_dcd_stm32_function.c ****         }
 173              		.loc 1 170 18 view .LVU46
 174 006a E0E7     		b	.L1
 175              	.LVL29:
 176              	.L19:
 166:./Middlewares/ST/usbx/common/usbx_stm32_device_controllers/ux_dcd_stm32_function.c ****         }
 177              		.loc 1 166 11 is_stmt 1 view .LVU47
 166:./Middlewares/ST/usbx/common/usbx_stm32_device_controllers/ux_dcd_stm32_function.c ****         }
 178              		.loc 1 166 21 is_stmt 0 view .LVU48
 179 006c C06C     		ldr	r0, [r0, #76]
 180              	.LVL30:
 166:./Middlewares/ST/usbx/common/usbx_stm32_device_controllers/ux_dcd_stm32_function.c ****         }
 181              		.loc 1 166 21 view .LVU49
 182 006e FFF7FEFF 		bl	HAL_PCD_Stop
 183              	.LVL31:
 166:./Middlewares/ST/usbx/common/usbx_stm32_device_controllers/ux_dcd_stm32_function.c ****         }
 184              		.loc 1 166 21 view .LVU50
 185 0072 DCE7     		b	.L1
 186              	.LVL32:
 187              	.L5:
 177:./Middlewares/ST/usbx/common/usbx_stm32_device_controllers/ux_dcd_stm32_function.c ****         break;
 188              		.loc 1 177 9 is_stmt 1 view .LVU51
 177:./Middlewares/ST/usbx/common/usbx_stm32_device_controllers/ux_dcd_stm32_function.c ****         break;
 189              		.loc 1 177 19 is_stmt 0 view .LVU52
 190 0074 FFF7FEFF 		bl	_ux_dcd_stm32_endpoint_status
 191              	.LVL33:
 178:./Middlewares/ST/usbx/common/usbx_stm32_device_controllers/ux_dcd_stm32_function.c **** 
 192              		.loc 1 178 9 is_stmt 1 view .LVU53
 193 0078 D9E7     		b	.L1
 194              	.LVL34:
 195              	.L4:
 191:./Middlewares/ST/usbx/common/usbx_stm32_device_controllers/ux_dcd_stm32_function.c **** 
 196              		.loc 1 191 9 view .LVU54
 197 007a 5422     		movs	r2, #84
 198 007c 0221     		movs	r1, #2
 199              	.LVL35:
 191:./Middlewares/ST/usbx/common/usbx_stm32_device_controllers/ux_dcd_stm32_function.c **** 
 200              		.loc 1 191 9 is_stmt 0 view .LVU55
 201 007e 0846     		mov	r0, r1
 202              	.LVL36:
 191:./Middlewares/ST/usbx/common/usbx_stm32_device_controllers/ux_dcd_stm32_function.c **** 
 203              		.loc 1 191 9 view .LVU56
 204 0080 FFF7FEFF 		bl	_ux_system_error_handler
 205              	.LVL37:
 196:./Middlewares/ST/usbx/common/usbx_stm32_device_controllers/ux_dcd_stm32_function.c ****         break;
 206              		.loc 1 196 9 is_stmt 1 view .LVU57
 197:./Middlewares/ST/usbx/common/usbx_stm32_device_controllers/ux_dcd_stm32_function.c ****     }
 207              		.loc 1 197 9 view .LVU58
 196:./Middlewares/ST/usbx/common/usbx_stm32_device_controllers/ux_dcd_stm32_function.c ****         break;
ARM GAS  C:\Users\Dennis\AppData\Local\Temp\ccphwuvx.s 			page 9


 208              		.loc 1 196 16 is_stmt 0 view .LVU59
 209 0084 5420     		movs	r0, #84
 197:./Middlewares/ST/usbx/common/usbx_stm32_device_controllers/ux_dcd_stm32_function.c ****     }
 210              		.loc 1 197 9 view .LVU60
 211 0086 D2E7     		b	.L1
 212              		.cfi_endproc
 213              	.LFE251:
 215              		.text
 216              	.Letext0:
 217              		.file 2 "c:\\software_user\\armgcc\\arm-none-eabi\\include\\machine\\_default_types.h"
 218              		.file 3 "c:\\software_user\\armgcc\\arm-none-eabi\\include\\sys\\_stdint.h"
 219              		.file 4 "./Middlewares/ST/threadx/ports/cortex_m4/gnu/inc/tx_port.h"
 220              		.file 5 "./Middlewares/ST/threadx/common/inc/tx_api.h"
 221              		.file 6 "./Middlewares/ST/usbx/common/core/inc/ux_api.h"
 222              		.file 7 "./Drivers/CMSIS/Device/ST/STM32F4xx/Include/stm32f407xx.h"
 223              		.file 8 "./Drivers/STM32F4xx_HAL_Driver/Inc/stm32f4xx_hal_def.h"
 224              		.file 9 "./Drivers/STM32F4xx_HAL_Driver/Inc/stm32f4xx_ll_usb.h"
 225              		.file 10 "./Drivers/STM32F4xx_HAL_Driver/Inc/stm32f4xx_hal_pcd.h"
 226              		.file 11 "./Middlewares/ST/usbx/common/usbx_stm32_device_controllers/ux_dcd_stm32.h"
 227              		.file 12 "./Middlewares/ST/usbx/common/core/inc/ux_utility.h"
ARM GAS  C:\Users\Dennis\AppData\Local\Temp\ccphwuvx.s 			page 10


DEFINED SYMBOLS
                            *ABS*:00000000 ux_dcd_stm32_function.c
C:\Users\Dennis\AppData\Local\Temp\ccphwuvx.s:20     .text._ux_dcd_stm32_function:00000000 $t
C:\Users\Dennis\AppData\Local\Temp\ccphwuvx.s:26     .text._ux_dcd_stm32_function:00000000 _ux_dcd_stm32_function
C:\Users\Dennis\AppData\Local\Temp\ccphwuvx.s:63     .text._ux_dcd_stm32_function:00000016 $d
C:\Users\Dennis\AppData\Local\Temp\ccphwuvx.s:76     .text._ux_dcd_stm32_function:00000022 $t

UNDEFINED SYMBOLS
_ux_system_error_handler
_ux_dcd_stm32_frame_number_get
_ux_dcd_stm32_transfer_request
_ux_dcd_stm32_transfer_abort
_ux_dcd_stm32_endpoint_create
_ux_dcd_stm32_endpoint_destroy
_ux_dcd_stm32_endpoint_reset
_ux_dcd_stm32_endpoint_stall
HAL_PCD_SetAddress
HAL_PCD_Stop
_ux_dcd_stm32_endpoint_status
