ARM GAS  C:\Users\Dennis\AppData\Local\Temp\cccqgJgQ.s 			page 1


   1              		.cpu cortex-m4
   2              		.arch armv7e-m
   3              		.fpu fpv4-sp-d16
   4              		.eabi_attribute 27, 1
   5              		.eabi_attribute 28, 1
   6              		.eabi_attribute 20, 1
   7              		.eabi_attribute 21, 1
   8              		.eabi_attribute 23, 3
   9              		.eabi_attribute 24, 1
  10              		.eabi_attribute 25, 1
  11              		.eabi_attribute 26, 1
  12              		.eabi_attribute 30, 1
  13              		.eabi_attribute 34, 1
  14              		.eabi_attribute 18, 4
  15              		.file	"ux_device_class_dfu_thread.c"
  16              		.text
  17              	.Ltext0:
  18              		.cfi_sections	.debug_frame
  19              		.section	.text._ux_device_class_dfu_thread,"ax",%progbits
  20              		.align	1
  21              		.global	_ux_device_class_dfu_thread
  22              		.syntax unified
  23              		.thumb
  24              		.thumb_func
  26              	_ux_device_class_dfu_thread:
  27              	.LVL0:
  28              	.LFB11:
  29              		.file 1 "./Middlewares/ST/usbx/common/usbx_device_classes/src/ux_device_class_dfu_thread.c"
   1:./Middlewares/ST/usbx/common/usbx_device_classes/src/ux_device_class_dfu_thread.c **** /**************************************************************************/
   2:./Middlewares/ST/usbx/common/usbx_device_classes/src/ux_device_class_dfu_thread.c **** /*                                                                        */
   3:./Middlewares/ST/usbx/common/usbx_device_classes/src/ux_device_class_dfu_thread.c **** /*       Copyright (c) Microsoft Corporation. All rights reserved.        */
   4:./Middlewares/ST/usbx/common/usbx_device_classes/src/ux_device_class_dfu_thread.c **** /*                                                                        */
   5:./Middlewares/ST/usbx/common/usbx_device_classes/src/ux_device_class_dfu_thread.c **** /*       This software is licensed under the Microsoft Software License   */
   6:./Middlewares/ST/usbx/common/usbx_device_classes/src/ux_device_class_dfu_thread.c **** /*       Terms for Microsoft Azure RTOS. Full text of the license can be  */
   7:./Middlewares/ST/usbx/common/usbx_device_classes/src/ux_device_class_dfu_thread.c **** /*       found in the LICENSE file at https://aka.ms/AzureRTOS_EULA       */
   8:./Middlewares/ST/usbx/common/usbx_device_classes/src/ux_device_class_dfu_thread.c **** /*       and in the root directory of this software.                      */
   9:./Middlewares/ST/usbx/common/usbx_device_classes/src/ux_device_class_dfu_thread.c **** /*                                                                        */
  10:./Middlewares/ST/usbx/common/usbx_device_classes/src/ux_device_class_dfu_thread.c **** /**************************************************************************/
  11:./Middlewares/ST/usbx/common/usbx_device_classes/src/ux_device_class_dfu_thread.c **** 
  12:./Middlewares/ST/usbx/common/usbx_device_classes/src/ux_device_class_dfu_thread.c **** /**************************************************************************/
  13:./Middlewares/ST/usbx/common/usbx_device_classes/src/ux_device_class_dfu_thread.c **** /**************************************************************************/
  14:./Middlewares/ST/usbx/common/usbx_device_classes/src/ux_device_class_dfu_thread.c **** /**                                                                       */ 
  15:./Middlewares/ST/usbx/common/usbx_device_classes/src/ux_device_class_dfu_thread.c **** /** USBX Component                                                        */ 
  16:./Middlewares/ST/usbx/common/usbx_device_classes/src/ux_device_class_dfu_thread.c **** /**                                                                       */
  17:./Middlewares/ST/usbx/common/usbx_device_classes/src/ux_device_class_dfu_thread.c **** /**   Device dfu Class                                                    */
  18:./Middlewares/ST/usbx/common/usbx_device_classes/src/ux_device_class_dfu_thread.c **** /**                                                                       */
  19:./Middlewares/ST/usbx/common/usbx_device_classes/src/ux_device_class_dfu_thread.c **** /**************************************************************************/
  20:./Middlewares/ST/usbx/common/usbx_device_classes/src/ux_device_class_dfu_thread.c **** /**************************************************************************/
  21:./Middlewares/ST/usbx/common/usbx_device_classes/src/ux_device_class_dfu_thread.c **** 
  22:./Middlewares/ST/usbx/common/usbx_device_classes/src/ux_device_class_dfu_thread.c **** #define UX_SOURCE_CODE
  23:./Middlewares/ST/usbx/common/usbx_device_classes/src/ux_device_class_dfu_thread.c **** 
  24:./Middlewares/ST/usbx/common/usbx_device_classes/src/ux_device_class_dfu_thread.c **** 
  25:./Middlewares/ST/usbx/common/usbx_device_classes/src/ux_device_class_dfu_thread.c **** /* Include necessary system files.  */
  26:./Middlewares/ST/usbx/common/usbx_device_classes/src/ux_device_class_dfu_thread.c **** 
  27:./Middlewares/ST/usbx/common/usbx_device_classes/src/ux_device_class_dfu_thread.c **** #include "ux_api.h"
  28:./Middlewares/ST/usbx/common/usbx_device_classes/src/ux_device_class_dfu_thread.c **** #include "ux_device_class_dfu.h"
  29:./Middlewares/ST/usbx/common/usbx_device_classes/src/ux_device_class_dfu_thread.c **** #include "ux_device_stack.h"
ARM GAS  C:\Users\Dennis\AppData\Local\Temp\cccqgJgQ.s 			page 2


  30:./Middlewares/ST/usbx/common/usbx_device_classes/src/ux_device_class_dfu_thread.c **** 
  31:./Middlewares/ST/usbx/common/usbx_device_classes/src/ux_device_class_dfu_thread.c **** 
  32:./Middlewares/ST/usbx/common/usbx_device_classes/src/ux_device_class_dfu_thread.c **** #if !defined(UX_DEVICE_STANDALONE)
  33:./Middlewares/ST/usbx/common/usbx_device_classes/src/ux_device_class_dfu_thread.c **** /**************************************************************************/ 
  34:./Middlewares/ST/usbx/common/usbx_device_classes/src/ux_device_class_dfu_thread.c **** /*                                                                        */ 
  35:./Middlewares/ST/usbx/common/usbx_device_classes/src/ux_device_class_dfu_thread.c **** /*  FUNCTION                                               RELEASE        */ 
  36:./Middlewares/ST/usbx/common/usbx_device_classes/src/ux_device_class_dfu_thread.c **** /*                                                                        */ 
  37:./Middlewares/ST/usbx/common/usbx_device_classes/src/ux_device_class_dfu_thread.c **** /*    _ux_device_class_dfu_thread                         PORTABLE C      */ 
  38:./Middlewares/ST/usbx/common/usbx_device_classes/src/ux_device_class_dfu_thread.c **** /*                                                           6.1.10       */
  39:./Middlewares/ST/usbx/common/usbx_device_classes/src/ux_device_class_dfu_thread.c **** /*  AUTHOR                                                                */
  40:./Middlewares/ST/usbx/common/usbx_device_classes/src/ux_device_class_dfu_thread.c **** /*                                                                        */
  41:./Middlewares/ST/usbx/common/usbx_device_classes/src/ux_device_class_dfu_thread.c **** /*    Chaoqiong Xiao, Microsoft Corporation                               */
  42:./Middlewares/ST/usbx/common/usbx_device_classes/src/ux_device_class_dfu_thread.c **** /*                                                                        */
  43:./Middlewares/ST/usbx/common/usbx_device_classes/src/ux_device_class_dfu_thread.c **** /*  DESCRIPTION                                                           */
  44:./Middlewares/ST/usbx/common/usbx_device_classes/src/ux_device_class_dfu_thread.c **** /*                                                                        */ 
  45:./Middlewares/ST/usbx/common/usbx_device_classes/src/ux_device_class_dfu_thread.c **** /*    This function is the thread of the dfu class. It waits for the      */
  46:./Middlewares/ST/usbx/common/usbx_device_classes/src/ux_device_class_dfu_thread.c **** /*    dfu command to signal a DFU_DETACH stage and either force a         */ 
  47:./Middlewares/ST/usbx/common/usbx_device_classes/src/ux_device_class_dfu_thread.c **** /*    disconnect from the device or wait for the host to detach.          */ 
  48:./Middlewares/ST/usbx/common/usbx_device_classes/src/ux_device_class_dfu_thread.c **** /*                                                                        */
  49:./Middlewares/ST/usbx/common/usbx_device_classes/src/ux_device_class_dfu_thread.c **** /*    It's for RTOS mode.                                                 */
  50:./Middlewares/ST/usbx/common/usbx_device_classes/src/ux_device_class_dfu_thread.c **** /*                                                                        */ 
  51:./Middlewares/ST/usbx/common/usbx_device_classes/src/ux_device_class_dfu_thread.c **** /*  INPUT                                                                 */ 
  52:./Middlewares/ST/usbx/common/usbx_device_classes/src/ux_device_class_dfu_thread.c **** /*                                                                        */ 
  53:./Middlewares/ST/usbx/common/usbx_device_classes/src/ux_device_class_dfu_thread.c **** /*    dfu_class                                   Address of dfu class    */ 
  54:./Middlewares/ST/usbx/common/usbx_device_classes/src/ux_device_class_dfu_thread.c **** /*                                                container               */ 
  55:./Middlewares/ST/usbx/common/usbx_device_classes/src/ux_device_class_dfu_thread.c **** /*                                                                        */ 
  56:./Middlewares/ST/usbx/common/usbx_device_classes/src/ux_device_class_dfu_thread.c **** /*  OUTPUT                                                                */ 
  57:./Middlewares/ST/usbx/common/usbx_device_classes/src/ux_device_class_dfu_thread.c **** /*                                                                        */ 
  58:./Middlewares/ST/usbx/common/usbx_device_classes/src/ux_device_class_dfu_thread.c **** /*    None                                                                */ 
  59:./Middlewares/ST/usbx/common/usbx_device_classes/src/ux_device_class_dfu_thread.c **** /*                                                                        */ 
  60:./Middlewares/ST/usbx/common/usbx_device_classes/src/ux_device_class_dfu_thread.c **** /*  CALLS                                                                 */ 
  61:./Middlewares/ST/usbx/common/usbx_device_classes/src/ux_device_class_dfu_thread.c **** /*                                                                        */ 
  62:./Middlewares/ST/usbx/common/usbx_device_classes/src/ux_device_class_dfu_thread.c **** /*    _ux_utility_event_flags_get           Get event flags               */ 
  63:./Middlewares/ST/usbx/common/usbx_device_classes/src/ux_device_class_dfu_thread.c **** /*    _ux_utility_delay_ms                  Delay in milliseconds         */ 
  64:./Middlewares/ST/usbx/common/usbx_device_classes/src/ux_device_class_dfu_thread.c **** /*                                                                        */ 
  65:./Middlewares/ST/usbx/common/usbx_device_classes/src/ux_device_class_dfu_thread.c **** /*  CALLED BY                                                             */ 
  66:./Middlewares/ST/usbx/common/usbx_device_classes/src/ux_device_class_dfu_thread.c **** /*                                                                        */ 
  67:./Middlewares/ST/usbx/common/usbx_device_classes/src/ux_device_class_dfu_thread.c **** /*    ThreadX                                                             */ 
  68:./Middlewares/ST/usbx/common/usbx_device_classes/src/ux_device_class_dfu_thread.c **** /*                                                                        */ 
  69:./Middlewares/ST/usbx/common/usbx_device_classes/src/ux_device_class_dfu_thread.c **** /*  RELEASE HISTORY                                                       */ 
  70:./Middlewares/ST/usbx/common/usbx_device_classes/src/ux_device_class_dfu_thread.c **** /*                                                                        */ 
  71:./Middlewares/ST/usbx/common/usbx_device_classes/src/ux_device_class_dfu_thread.c **** /*    DATE              NAME                      DESCRIPTION             */ 
  72:./Middlewares/ST/usbx/common/usbx_device_classes/src/ux_device_class_dfu_thread.c **** /*                                                                        */ 
  73:./Middlewares/ST/usbx/common/usbx_device_classes/src/ux_device_class_dfu_thread.c **** /*  05-19-2020     Chaoqiong Xiao           Initial Version 6.0           */
  74:./Middlewares/ST/usbx/common/usbx_device_classes/src/ux_device_class_dfu_thread.c **** /*  09-30-2020     Chaoqiong Xiao           Modified comment(s),          */
  75:./Middlewares/ST/usbx/common/usbx_device_classes/src/ux_device_class_dfu_thread.c **** /*                                            used UX prefix to refer to  */
  76:./Middlewares/ST/usbx/common/usbx_device_classes/src/ux_device_class_dfu_thread.c **** /*                                            TX symbols instead of using */
  77:./Middlewares/ST/usbx/common/usbx_device_classes/src/ux_device_class_dfu_thread.c **** /*                                            them directly,              */
  78:./Middlewares/ST/usbx/common/usbx_device_classes/src/ux_device_class_dfu_thread.c **** /*                                            resulting in version 6.1    */
  79:./Middlewares/ST/usbx/common/usbx_device_classes/src/ux_device_class_dfu_thread.c **** /*  01-31-2022     Chaoqiong Xiao           Modified comment(s),          */
  80:./Middlewares/ST/usbx/common/usbx_device_classes/src/ux_device_class_dfu_thread.c **** /*                                            resulting in version 6.1.10 */
  81:./Middlewares/ST/usbx/common/usbx_device_classes/src/ux_device_class_dfu_thread.c **** /*                                                                        */
  82:./Middlewares/ST/usbx/common/usbx_device_classes/src/ux_device_class_dfu_thread.c **** /**************************************************************************/
  83:./Middlewares/ST/usbx/common/usbx_device_classes/src/ux_device_class_dfu_thread.c **** VOID  _ux_device_class_dfu_thread(ULONG dfu_class)
  84:./Middlewares/ST/usbx/common/usbx_device_classes/src/ux_device_class_dfu_thread.c **** {
  30              		.loc 1 84 1 view -0
  31              		.cfi_startproc
ARM GAS  C:\Users\Dennis\AppData\Local\Temp\cccqgJgQ.s 			page 3


  32              		@ args = 0, pretend = 0, frame = 8
  33              		@ frame_needed = 0, uses_anonymous_args = 0
  34              		.loc 1 84 1 is_stmt 0 view .LVU1
  35 0000 30B5     		push	{r4, r5, lr}
  36              	.LCFI0:
  37              		.cfi_def_cfa_offset 12
  38              		.cfi_offset 4, -12
  39              		.cfi_offset 5, -8
  40              		.cfi_offset 14, -4
  41 0002 85B0     		sub	sp, sp, #20
  42              	.LCFI1:
  43              		.cfi_def_cfa_offset 32
  85:./Middlewares/ST/usbx/common/usbx_device_classes/src/ux_device_class_dfu_thread.c **** 
  86:./Middlewares/ST/usbx/common/usbx_device_classes/src/ux_device_class_dfu_thread.c **** UX_SLAVE_CLASS                  *class;
  44              		.loc 1 86 1 is_stmt 1 view .LVU2
  87:./Middlewares/ST/usbx/common/usbx_device_classes/src/ux_device_class_dfu_thread.c **** UX_SLAVE_CLASS_DFU              *dfu;
  45              		.loc 1 87 1 view .LVU3
  88:./Middlewares/ST/usbx/common/usbx_device_classes/src/ux_device_class_dfu_thread.c **** UX_SLAVE_DCD                    *dcd;
  46              		.loc 1 88 1 view .LVU4
  89:./Middlewares/ST/usbx/common/usbx_device_classes/src/ux_device_class_dfu_thread.c **** UINT                            status;
  47              		.loc 1 89 1 view .LVU5
  90:./Middlewares/ST/usbx/common/usbx_device_classes/src/ux_device_class_dfu_thread.c **** ULONG                           actual_flags;
  48              		.loc 1 90 1 view .LVU6
  91:./Middlewares/ST/usbx/common/usbx_device_classes/src/ux_device_class_dfu_thread.c **** 
  92:./Middlewares/ST/usbx/common/usbx_device_classes/src/ux_device_class_dfu_thread.c ****     /* Cast properly the dfu instance.  */
  93:./Middlewares/ST/usbx/common/usbx_device_classes/src/ux_device_class_dfu_thread.c ****     UX_THREAD_EXTENSION_PTR_GET(class, UX_SLAVE_CLASS, dfu_class)
  49              		.loc 1 93 5 view .LVU7
  50              	.LVL1:
  94:./Middlewares/ST/usbx/common/usbx_device_classes/src/ux_device_class_dfu_thread.c ****     
  95:./Middlewares/ST/usbx/common/usbx_device_classes/src/ux_device_class_dfu_thread.c ****     /* Get the dfu instance from this class container.  */
  96:./Middlewares/ST/usbx/common/usbx_device_classes/src/ux_device_class_dfu_thread.c ****     dfu =  (UX_SLAVE_CLASS_DFU *) class -> ux_slave_class_instance;
  51              		.loc 1 96 5 view .LVU8
  52              		.loc 1 96 9 is_stmt 0 view .LVU9
  53 0004 846C     		ldr	r4, [r0, #72]
  54              	.LVL2:
  55              		.loc 1 96 9 view .LVU10
  56 0006 03E0     		b	.L2
  57              	.LVL3:
  58              	.L3:
  97:./Middlewares/ST/usbx/common/usbx_device_classes/src/ux_device_class_dfu_thread.c ****     
  98:./Middlewares/ST/usbx/common/usbx_device_classes/src/ux_device_class_dfu_thread.c ****     /* This thread runs forever.  */
  99:./Middlewares/ST/usbx/common/usbx_device_classes/src/ux_device_class_dfu_thread.c ****     while(1)
 100:./Middlewares/ST/usbx/common/usbx_device_classes/src/ux_device_class_dfu_thread.c ****     {
 101:./Middlewares/ST/usbx/common/usbx_device_classes/src/ux_device_class_dfu_thread.c ****         
 102:./Middlewares/ST/usbx/common/usbx_device_classes/src/ux_device_class_dfu_thread.c **** 
 103:./Middlewares/ST/usbx/common/usbx_device_classes/src/ux_device_class_dfu_thread.c ****         /* Wait until we have a event sent by the application. */
 104:./Middlewares/ST/usbx/common/usbx_device_classes/src/ux_device_class_dfu_thread.c ****         status =  _ux_utility_event_flags_get(&dfu -> ux_slave_class_dfu_event_flags_group, (UX_DEV
 105:./Middlewares/ST/usbx/common/usbx_device_classes/src/ux_device_class_dfu_thread.c ****                                                                                         UX_DEVICE_C
 106:./Middlewares/ST/usbx/common/usbx_device_classes/src/ux_device_class_dfu_thread.c ****                                                                                         UX_OR_CLEAR
 107:./Middlewares/ST/usbx/common/usbx_device_classes/src/ux_device_class_dfu_thread.c ****         
 108:./Middlewares/ST/usbx/common/usbx_device_classes/src/ux_device_class_dfu_thread.c ****         /* Check the completion code and the actual flags returned. */
 109:./Middlewares/ST/usbx/common/usbx_device_classes/src/ux_device_class_dfu_thread.c ****         if (status == UX_SUCCESS)
 110:./Middlewares/ST/usbx/common/usbx_device_classes/src/ux_device_class_dfu_thread.c ****         {
 111:./Middlewares/ST/usbx/common/usbx_device_classes/src/ux_device_class_dfu_thread.c ****     
 112:./Middlewares/ST/usbx/common/usbx_device_classes/src/ux_device_class_dfu_thread.c ****             /* Check the source of event.  */
 113:./Middlewares/ST/usbx/common/usbx_device_classes/src/ux_device_class_dfu_thread.c ****             if (actual_flags & UX_DEVICE_CLASS_DFU_THREAD_EVENT_DISCONNECT)
 114:./Middlewares/ST/usbx/common/usbx_device_classes/src/ux_device_class_dfu_thread.c ****             {
ARM GAS  C:\Users\Dennis\AppData\Local\Temp\cccqgJgQ.s 			page 4


 115:./Middlewares/ST/usbx/common/usbx_device_classes/src/ux_device_class_dfu_thread.c ****             
 116:./Middlewares/ST/usbx/common/usbx_device_classes/src/ux_device_class_dfu_thread.c ****                 /* We need to disconnect.  The control command for DETACH is still being processed,
 117:./Middlewares/ST/usbx/common/usbx_device_classes/src/ux_device_class_dfu_thread.c ****                 _ux_utility_delay_ms(2);
 118:./Middlewares/ST/usbx/common/usbx_device_classes/src/ux_device_class_dfu_thread.c **** 
 119:./Middlewares/ST/usbx/common/usbx_device_classes/src/ux_device_class_dfu_thread.c ****                 /* Get the pointer to the DCD.  */
 120:./Middlewares/ST/usbx/common/usbx_device_classes/src/ux_device_class_dfu_thread.c ****                 dcd =  &_ux_system_slave -> ux_system_slave_dcd;
 121:./Middlewares/ST/usbx/common/usbx_device_classes/src/ux_device_class_dfu_thread.c **** 
 122:./Middlewares/ST/usbx/common/usbx_device_classes/src/ux_device_class_dfu_thread.c ****                 /* Issue a Soft Disconnect.  */
 123:./Middlewares/ST/usbx/common/usbx_device_classes/src/ux_device_class_dfu_thread.c ****                 dcd -> ux_slave_dcd_function(dcd, UX_DCD_CHANGE_STATE, (VOID *) UX_DEVICE_FORCE_DIS
 124:./Middlewares/ST/usbx/common/usbx_device_classes/src/ux_device_class_dfu_thread.c ****                 
 125:./Middlewares/ST/usbx/common/usbx_device_classes/src/ux_device_class_dfu_thread.c ****             } 
 126:./Middlewares/ST/usbx/common/usbx_device_classes/src/ux_device_class_dfu_thread.c ****             
 127:./Middlewares/ST/usbx/common/usbx_device_classes/src/ux_device_class_dfu_thread.c ****             /* Check the source of event.  */
 128:./Middlewares/ST/usbx/common/usbx_device_classes/src/ux_device_class_dfu_thread.c ****             if (actual_flags & UX_DEVICE_CLASS_DFU_THREAD_EVENT_WAIT_RESET)
  59              		.loc 1 128 13 is_stmt 1 view .LVU11
  60              		.loc 1 128 16 is_stmt 0 view .LVU12
  61 0008 039B     		ldr	r3, [sp, #12]
  62 000a 13F0020F 		tst	r3, #2
  63 000e 19D1     		bne	.L8
  64              	.L2:
  99:./Middlewares/ST/usbx/common/usbx_device_classes/src/ux_device_class_dfu_thread.c ****     {
  65              		.loc 1 99 5 is_stmt 1 view .LVU13
 104:./Middlewares/ST/usbx/common/usbx_device_classes/src/ux_device_class_dfu_thread.c ****                                                                                         UX_DEVICE_C
  66              		.loc 1 104 9 view .LVU14
 104:./Middlewares/ST/usbx/common/usbx_device_classes/src/ux_device_class_dfu_thread.c ****                                                                                         UX_DEVICE_C
  67              		.loc 1 104 19 is_stmt 0 view .LVU15
  68 0010 4FF0FF33 		mov	r3, #-1
  69 0014 0093     		str	r3, [sp]
  70 0016 03AB     		add	r3, sp, #12
  71 0018 0122     		movs	r2, #1
  72 001a 0321     		movs	r1, #3
  73 001c 04F1D400 		add	r0, r4, #212
  74 0020 FFF7FEFF 		bl	_ux_utility_event_flags_get
  75              	.LVL4:
 109:./Middlewares/ST/usbx/common/usbx_device_classes/src/ux_device_class_dfu_thread.c ****         {
  76              		.loc 1 109 9 is_stmt 1 view .LVU16
 109:./Middlewares/ST/usbx/common/usbx_device_classes/src/ux_device_class_dfu_thread.c ****         {
  77              		.loc 1 109 12 is_stmt 0 view .LVU17
  78 0024 0028     		cmp	r0, #0
  79 0026 F3D1     		bne	.L2
 113:./Middlewares/ST/usbx/common/usbx_device_classes/src/ux_device_class_dfu_thread.c ****             {
  80              		.loc 1 113 13 is_stmt 1 view .LVU18
 113:./Middlewares/ST/usbx/common/usbx_device_classes/src/ux_device_class_dfu_thread.c ****             {
  81              		.loc 1 113 16 is_stmt 0 view .LVU19
  82 0028 039B     		ldr	r3, [sp, #12]
  83 002a 13F0010F 		tst	r3, #1
  84 002e EBD0     		beq	.L3
 117:./Middlewares/ST/usbx/common/usbx_device_classes/src/ux_device_class_dfu_thread.c **** 
  85              		.loc 1 117 17 is_stmt 1 view .LVU20
  86 0030 0220     		movs	r0, #2
  87              	.LVL5:
 117:./Middlewares/ST/usbx/common/usbx_device_classes/src/ux_device_class_dfu_thread.c **** 
  88              		.loc 1 117 17 is_stmt 0 view .LVU21
  89 0032 FFF7FEFF 		bl	_ux_utility_delay_ms
  90              	.LVL6:
 120:./Middlewares/ST/usbx/common/usbx_device_classes/src/ux_device_class_dfu_thread.c **** 
  91              		.loc 1 120 17 is_stmt 1 view .LVU22
ARM GAS  C:\Users\Dennis\AppData\Local\Temp\cccqgJgQ.s 			page 5


 120:./Middlewares/ST/usbx/common/usbx_device_classes/src/ux_device_class_dfu_thread.c **** 
  92              		.loc 1 120 42 is_stmt 0 view .LVU23
  93 0036 0B4B     		ldr	r3, .L9
  94 0038 1868     		ldr	r0, [r3]
  95              	.LVL7:
 123:./Middlewares/ST/usbx/common/usbx_device_classes/src/ux_device_class_dfu_thread.c ****                 
  96              		.loc 1 123 17 is_stmt 1 view .LVU24
 123:./Middlewares/ST/usbx/common/usbx_device_classes/src/ux_device_class_dfu_thread.c ****                 
  97              		.loc 1 123 21 is_stmt 0 view .LVU25
  98 003a 8369     		ldr	r3, [r0, #24]
 123:./Middlewares/ST/usbx/common/usbx_device_classes/src/ux_device_class_dfu_thread.c ****                 
  99              		.loc 1 123 17 view .LVU26
 100 003c 0B22     		movs	r2, #11
 101 003e 1321     		movs	r1, #19
 102 0040 9847     		blx	r3
 103              	.LVL8:
 123:./Middlewares/ST/usbx/common/usbx_device_classes/src/ux_device_class_dfu_thread.c ****                 
 104              		.loc 1 123 17 view .LVU27
 105 0042 E1E7     		b	.L3
 106              	.L8:
 129:./Middlewares/ST/usbx/common/usbx_device_classes/src/ux_device_class_dfu_thread.c ****             {
 130:./Middlewares/ST/usbx/common/usbx_device_classes/src/ux_device_class_dfu_thread.c ****             
 131:./Middlewares/ST/usbx/common/usbx_device_classes/src/ux_device_class_dfu_thread.c ****                 /* We need to wait for reset.  Arm a timer.  The timeout value is indicated in ms f
 132:./Middlewares/ST/usbx/common/usbx_device_classes/src/ux_device_class_dfu_thread.c ****                    the device framework.  */
 133:./Middlewares/ST/usbx/common/usbx_device_classes/src/ux_device_class_dfu_thread.c ****                 _ux_utility_delay_ms(_ux_system_slave -> ux_system_slave_device_dfu_detach_timeout)
 107              		.loc 1 133 17 is_stmt 1 view .LVU28
 108              		.loc 1 133 55 is_stmt 0 view .LVU29
 109 0044 074D     		ldr	r5, .L9
 110 0046 2B68     		ldr	r3, [r5]
 111              		.loc 1 133 17 view .LVU30
 112 0048 D3F8B001 		ldr	r0, [r3, #432]
 113 004c FFF7FEFF 		bl	_ux_utility_delay_ms
 114              	.LVL9:
 134:./Middlewares/ST/usbx/common/usbx_device_classes/src/ux_device_class_dfu_thread.c **** 
 135:./Middlewares/ST/usbx/common/usbx_device_classes/src/ux_device_class_dfu_thread.c ****                 /* Check the mode.  */
 136:./Middlewares/ST/usbx/common/usbx_device_classes/src/ux_device_class_dfu_thread.c ****                 if (_ux_system_slave -> ux_system_slave_device_dfu_mode ==  UX_DEVICE_CLASS_DFU_MOD
 115              		.loc 1 136 17 is_stmt 1 view .LVU31
 116              		.loc 1 136 38 is_stmt 0 view .LVU32
 117 0050 2B68     		ldr	r3, [r5]
 118 0052 D3F8BC21 		ldr	r2, [r3, #444]
 119              		.loc 1 136 20 view .LVU33
 120 0056 012A     		cmp	r2, #1
 121 0058 DAD1     		bne	.L2
 137:./Middlewares/ST/usbx/common/usbx_device_classes/src/ux_device_class_dfu_thread.c ****                 
 138:./Middlewares/ST/usbx/common/usbx_device_classes/src/ux_device_class_dfu_thread.c ****                     /* We are still in RunTime mode. The host never reset. Revert to AppIdle state.
 139:./Middlewares/ST/usbx/common/usbx_device_classes/src/ux_device_class_dfu_thread.c ****                     _ux_system_slave -> ux_system_slave_device_dfu_state_machine = UX_SYSTEM_DFU_ST
 122              		.loc 1 139 21 is_stmt 1 view .LVU34
 123              		.loc 1 139 82 is_stmt 0 view .LVU35
 124 005a 0022     		movs	r2, #0
 125 005c C3F8B821 		str	r2, [r3, #440]
 126 0060 D6E7     		b	.L2
 127              	.L10:
 128 0062 00BF     		.align	2
 129              	.L9:
 130 0064 00000000 		.word	_ux_system_slave
 131              		.cfi_endproc
 132              	.LFE11:
ARM GAS  C:\Users\Dennis\AppData\Local\Temp\cccqgJgQ.s 			page 6


 134              		.text
 135              	.Letext0:
 136              		.file 2 "./Middlewares/ST/threadx/ports/cortex_m4/gnu/inc/tx_port.h"
 137              		.file 3 "./Middlewares/ST/threadx/common/inc/tx_api.h"
 138              		.file 4 "./Middlewares/ST/usbx/common/core/inc/ux_api.h"
 139              		.file 5 "./Middlewares/ST/usbx/common/usbx_device_classes/inc/ux_device_class_dfu.h"
 140              		.file 6 "./Middlewares/ST/usbx/common/core/inc/ux_system.h"
 141              		.file 7 "./Middlewares/ST/usbx/common/core/inc/ux_utility.h"
ARM GAS  C:\Users\Dennis\AppData\Local\Temp\cccqgJgQ.s 			page 7


DEFINED SYMBOLS
                            *ABS*:00000000 ux_device_class_dfu_thread.c
C:\Users\Dennis\AppData\Local\Temp\cccqgJgQ.s:20     .text._ux_device_class_dfu_thread:00000000 $t
C:\Users\Dennis\AppData\Local\Temp\cccqgJgQ.s:26     .text._ux_device_class_dfu_thread:00000000 _ux_device_class_dfu_thread
C:\Users\Dennis\AppData\Local\Temp\cccqgJgQ.s:130    .text._ux_device_class_dfu_thread:00000064 $d

UNDEFINED SYMBOLS
_ux_utility_event_flags_get
_ux_utility_delay_ms
_ux_system_slave
