ARM GAS  /tmp/ccUfRMkf.s 			page 1


   1              		.cpu cortex-m4
   2              		.arch armv7e-m
   3              		.fpu fpv4-sp-d16
   4              		.eabi_attribute 27, 1
   5              		.eabi_attribute 28, 1
   6              		.eabi_attribute 20, 1
   7              		.eabi_attribute 21, 1
   8              		.eabi_attribute 23, 3
   9              		.eabi_attribute 24, 1
  10              		.eabi_attribute 25, 1
  11              		.eabi_attribute 26, 1
  12              		.eabi_attribute 30, 1
  13              		.eabi_attribute 34, 1
  14              		.eabi_attribute 18, 4
  15              		.file	"ux_device_class_cdc_acm_control_request.c"
  16              		.text
  17              	.Ltext0:
  18              		.cfi_sections	.debug_frame
  19              		.file 1 "./Middlewares/ST/usbx/common/usbx_device_classes/src/ux_device_class_cdc_acm_control_requ
  20              		.section	.text._ux_device_class_cdc_acm_control_request,"ax",%progbits
  21              		.align	1
  22              		.global	_ux_device_class_cdc_acm_control_request
  23              		.syntax unified
  24              		.thumb
  25              		.thumb_func
  27              	_ux_device_class_cdc_acm_control_request:
  28              	.LVL0:
  29              	.LFB11:
   1:./Middlewares/ST/usbx/common/usbx_device_classes/src/ux_device_class_cdc_acm_control_request.c **** /**************************************************************************/
   2:./Middlewares/ST/usbx/common/usbx_device_classes/src/ux_device_class_cdc_acm_control_request.c **** /*                                                                        */
   3:./Middlewares/ST/usbx/common/usbx_device_classes/src/ux_device_class_cdc_acm_control_request.c **** /*       Copyright (c) Microsoft Corporation. All rights reserved.        */
   4:./Middlewares/ST/usbx/common/usbx_device_classes/src/ux_device_class_cdc_acm_control_request.c **** /*                                                                        */
   5:./Middlewares/ST/usbx/common/usbx_device_classes/src/ux_device_class_cdc_acm_control_request.c **** /*       This software is licensed under the Microsoft Software License   */
   6:./Middlewares/ST/usbx/common/usbx_device_classes/src/ux_device_class_cdc_acm_control_request.c **** /*       Terms for Microsoft Azure RTOS. Full text of the license can be  */
   7:./Middlewares/ST/usbx/common/usbx_device_classes/src/ux_device_class_cdc_acm_control_request.c **** /*       found in the LICENSE file at https://aka.ms/AzureRTOS_EULA       */
   8:./Middlewares/ST/usbx/common/usbx_device_classes/src/ux_device_class_cdc_acm_control_request.c **** /*       and in the root directory of this software.                      */
   9:./Middlewares/ST/usbx/common/usbx_device_classes/src/ux_device_class_cdc_acm_control_request.c **** /*                                                                        */
  10:./Middlewares/ST/usbx/common/usbx_device_classes/src/ux_device_class_cdc_acm_control_request.c **** /**************************************************************************/
  11:./Middlewares/ST/usbx/common/usbx_device_classes/src/ux_device_class_cdc_acm_control_request.c **** 
  12:./Middlewares/ST/usbx/common/usbx_device_classes/src/ux_device_class_cdc_acm_control_request.c **** /**************************************************************************/
  13:./Middlewares/ST/usbx/common/usbx_device_classes/src/ux_device_class_cdc_acm_control_request.c **** /**************************************************************************/
  14:./Middlewares/ST/usbx/common/usbx_device_classes/src/ux_device_class_cdc_acm_control_request.c **** /**                                                                       */ 
  15:./Middlewares/ST/usbx/common/usbx_device_classes/src/ux_device_class_cdc_acm_control_request.c **** /** USBX Component                                                        */ 
  16:./Middlewares/ST/usbx/common/usbx_device_classes/src/ux_device_class_cdc_acm_control_request.c **** /**                                                                       */
  17:./Middlewares/ST/usbx/common/usbx_device_classes/src/ux_device_class_cdc_acm_control_request.c **** /**   Device CDC Class                                                    */
  18:./Middlewares/ST/usbx/common/usbx_device_classes/src/ux_device_class_cdc_acm_control_request.c **** /**                                                                       */
  19:./Middlewares/ST/usbx/common/usbx_device_classes/src/ux_device_class_cdc_acm_control_request.c **** /**************************************************************************/
  20:./Middlewares/ST/usbx/common/usbx_device_classes/src/ux_device_class_cdc_acm_control_request.c **** /**************************************************************************/
  21:./Middlewares/ST/usbx/common/usbx_device_classes/src/ux_device_class_cdc_acm_control_request.c **** 
  22:./Middlewares/ST/usbx/common/usbx_device_classes/src/ux_device_class_cdc_acm_control_request.c **** #define UX_SOURCE_CODE
  23:./Middlewares/ST/usbx/common/usbx_device_classes/src/ux_device_class_cdc_acm_control_request.c **** 
  24:./Middlewares/ST/usbx/common/usbx_device_classes/src/ux_device_class_cdc_acm_control_request.c **** 
  25:./Middlewares/ST/usbx/common/usbx_device_classes/src/ux_device_class_cdc_acm_control_request.c **** /* Include necessary system files.  */
  26:./Middlewares/ST/usbx/common/usbx_device_classes/src/ux_device_class_cdc_acm_control_request.c **** 
  27:./Middlewares/ST/usbx/common/usbx_device_classes/src/ux_device_class_cdc_acm_control_request.c **** #include "ux_api.h"
  28:./Middlewares/ST/usbx/common/usbx_device_classes/src/ux_device_class_cdc_acm_control_request.c **** #include "ux_device_class_cdc_acm.h"
  29:./Middlewares/ST/usbx/common/usbx_device_classes/src/ux_device_class_cdc_acm_control_request.c **** #include "ux_device_stack.h"
ARM GAS  /tmp/ccUfRMkf.s 			page 2


  30:./Middlewares/ST/usbx/common/usbx_device_classes/src/ux_device_class_cdc_acm_control_request.c **** 
  31:./Middlewares/ST/usbx/common/usbx_device_classes/src/ux_device_class_cdc_acm_control_request.c **** 
  32:./Middlewares/ST/usbx/common/usbx_device_classes/src/ux_device_class_cdc_acm_control_request.c **** /**************************************************************************/ 
  33:./Middlewares/ST/usbx/common/usbx_device_classes/src/ux_device_class_cdc_acm_control_request.c **** /*                                                                        */ 
  34:./Middlewares/ST/usbx/common/usbx_device_classes/src/ux_device_class_cdc_acm_control_request.c **** /*  FUNCTION                                               RELEASE        */ 
  35:./Middlewares/ST/usbx/common/usbx_device_classes/src/ux_device_class_cdc_acm_control_request.c **** /*                                                                        */ 
  36:./Middlewares/ST/usbx/common/usbx_device_classes/src/ux_device_class_cdc_acm_control_request.c **** /*    _ux_device_class_cdc_acm_control_request            PORTABLE C      */ 
  37:./Middlewares/ST/usbx/common/usbx_device_classes/src/ux_device_class_cdc_acm_control_request.c **** /*                                                           6.1          */
  38:./Middlewares/ST/usbx/common/usbx_device_classes/src/ux_device_class_cdc_acm_control_request.c **** /*  AUTHOR                                                                */
  39:./Middlewares/ST/usbx/common/usbx_device_classes/src/ux_device_class_cdc_acm_control_request.c **** /*                                                                        */
  40:./Middlewares/ST/usbx/common/usbx_device_classes/src/ux_device_class_cdc_acm_control_request.c **** /*    Chaoqiong Xiao, Microsoft Corporation                               */
  41:./Middlewares/ST/usbx/common/usbx_device_classes/src/ux_device_class_cdc_acm_control_request.c **** /*                                                                        */
  42:./Middlewares/ST/usbx/common/usbx_device_classes/src/ux_device_class_cdc_acm_control_request.c **** /*  DESCRIPTION                                                           */
  43:./Middlewares/ST/usbx/common/usbx_device_classes/src/ux_device_class_cdc_acm_control_request.c **** /*                                                                        */ 
  44:./Middlewares/ST/usbx/common/usbx_device_classes/src/ux_device_class_cdc_acm_control_request.c **** /*    This function manages the based sent by the host on the control     */ 
  45:./Middlewares/ST/usbx/common/usbx_device_classes/src/ux_device_class_cdc_acm_control_request.c **** /*    endpoints with a CLASS or VENDOR SPECIFIC type.                     */ 
  46:./Middlewares/ST/usbx/common/usbx_device_classes/src/ux_device_class_cdc_acm_control_request.c **** /*                                                                        */ 
  47:./Middlewares/ST/usbx/common/usbx_device_classes/src/ux_device_class_cdc_acm_control_request.c **** /*  INPUT                                                                 */ 
  48:./Middlewares/ST/usbx/common/usbx_device_classes/src/ux_device_class_cdc_acm_control_request.c **** /*                                                                        */ 
  49:./Middlewares/ST/usbx/common/usbx_device_classes/src/ux_device_class_cdc_acm_control_request.c **** /*    cdc_acm                               Pointer to cdc_acm class      */ 
  50:./Middlewares/ST/usbx/common/usbx_device_classes/src/ux_device_class_cdc_acm_control_request.c **** /*                                                                        */ 
  51:./Middlewares/ST/usbx/common/usbx_device_classes/src/ux_device_class_cdc_acm_control_request.c **** /*  OUTPUT                                                                */ 
  52:./Middlewares/ST/usbx/common/usbx_device_classes/src/ux_device_class_cdc_acm_control_request.c **** /*                                                                        */ 
  53:./Middlewares/ST/usbx/common/usbx_device_classes/src/ux_device_class_cdc_acm_control_request.c **** /*    None                                                                */ 
  54:./Middlewares/ST/usbx/common/usbx_device_classes/src/ux_device_class_cdc_acm_control_request.c **** /*                                                                        */ 
  55:./Middlewares/ST/usbx/common/usbx_device_classes/src/ux_device_class_cdc_acm_control_request.c **** /*  CALLS                                                                 */ 
  56:./Middlewares/ST/usbx/common/usbx_device_classes/src/ux_device_class_cdc_acm_control_request.c **** /*                                                                        */ 
  57:./Middlewares/ST/usbx/common/usbx_device_classes/src/ux_device_class_cdc_acm_control_request.c **** /*    _ux_device_stack_transfer_request     Transfer request              */ 
  58:./Middlewares/ST/usbx/common/usbx_device_classes/src/ux_device_class_cdc_acm_control_request.c **** /*                                                                        */ 
  59:./Middlewares/ST/usbx/common/usbx_device_classes/src/ux_device_class_cdc_acm_control_request.c **** /*  CALLED BY                                                             */ 
  60:./Middlewares/ST/usbx/common/usbx_device_classes/src/ux_device_class_cdc_acm_control_request.c **** /*                                                                        */ 
  61:./Middlewares/ST/usbx/common/usbx_device_classes/src/ux_device_class_cdc_acm_control_request.c **** /*    CDC Class                                                           */
  62:./Middlewares/ST/usbx/common/usbx_device_classes/src/ux_device_class_cdc_acm_control_request.c **** /*                                                                        */ 
  63:./Middlewares/ST/usbx/common/usbx_device_classes/src/ux_device_class_cdc_acm_control_request.c **** /*  RELEASE HISTORY                                                       */ 
  64:./Middlewares/ST/usbx/common/usbx_device_classes/src/ux_device_class_cdc_acm_control_request.c **** /*                                                                        */ 
  65:./Middlewares/ST/usbx/common/usbx_device_classes/src/ux_device_class_cdc_acm_control_request.c **** /*    DATE              NAME                      DESCRIPTION             */ 
  66:./Middlewares/ST/usbx/common/usbx_device_classes/src/ux_device_class_cdc_acm_control_request.c **** /*                                                                        */ 
  67:./Middlewares/ST/usbx/common/usbx_device_classes/src/ux_device_class_cdc_acm_control_request.c **** /*  05-19-2020     Chaoqiong Xiao           Initial Version 6.0           */
  68:./Middlewares/ST/usbx/common/usbx_device_classes/src/ux_device_class_cdc_acm_control_request.c **** /*  09-30-2020     Chaoqiong Xiao           Modified comment(s),          */
  69:./Middlewares/ST/usbx/common/usbx_device_classes/src/ux_device_class_cdc_acm_control_request.c **** /*                                            resulting in version 6.1    */
  70:./Middlewares/ST/usbx/common/usbx_device_classes/src/ux_device_class_cdc_acm_control_request.c **** /*                                                                        */
  71:./Middlewares/ST/usbx/common/usbx_device_classes/src/ux_device_class_cdc_acm_control_request.c **** /**************************************************************************/
  72:./Middlewares/ST/usbx/common/usbx_device_classes/src/ux_device_class_cdc_acm_control_request.c **** UINT  _ux_device_class_cdc_acm_control_request(UX_SLAVE_CLASS_COMMAND *command)
  73:./Middlewares/ST/usbx/common/usbx_device_classes/src/ux_device_class_cdc_acm_control_request.c **** {
  30              		.loc 1 73 1 view -0
  31              		.cfi_startproc
  32              		@ args = 0, pretend = 0, frame = 0
  33              		@ frame_needed = 0, uses_anonymous_args = 0
  34              		.loc 1 73 1 is_stmt 0 view .LVU1
  35 0000 2DE9F843 		push	{r3, r4, r5, r6, r7, r8, r9, lr}
  36              	.LCFI0:
  37              		.cfi_def_cfa_offset 32
  38              		.cfi_offset 3, -32
  39              		.cfi_offset 4, -28
  40              		.cfi_offset 5, -24
  41              		.cfi_offset 6, -20
  42              		.cfi_offset 7, -16
ARM GAS  /tmp/ccUfRMkf.s 			page 3


  43              		.cfi_offset 8, -12
  44              		.cfi_offset 9, -8
  45              		.cfi_offset 14, -4
  74:./Middlewares/ST/usbx/common/usbx_device_classes/src/ux_device_class_cdc_acm_control_request.c **** UX_SLAVE_CLASS_CDC_ACM                  *cdc_acm;
  46              		.loc 1 74 1 is_stmt 1 view .LVU2
  75:./Middlewares/ST/usbx/common/usbx_device_classes/src/ux_device_class_cdc_acm_control_request.c **** UX_SLAVE_CLASS                          *class;
  47              		.loc 1 75 1 view .LVU3
  76:./Middlewares/ST/usbx/common/usbx_device_classes/src/ux_device_class_cdc_acm_control_request.c **** UX_SLAVE_TRANSFER                       *transfer_request;
  48              		.loc 1 76 1 view .LVU4
  77:./Middlewares/ST/usbx/common/usbx_device_classes/src/ux_device_class_cdc_acm_control_request.c **** UX_SLAVE_DEVICE                         *device;
  49              		.loc 1 77 1 view .LVU5
  78:./Middlewares/ST/usbx/common/usbx_device_classes/src/ux_device_class_cdc_acm_control_request.c **** ULONG                                   request;
  50              		.loc 1 78 1 view .LVU6
  79:./Middlewares/ST/usbx/common/usbx_device_classes/src/ux_device_class_cdc_acm_control_request.c **** ULONG                                   value;
  51              		.loc 1 79 1 view .LVU7
  80:./Middlewares/ST/usbx/common/usbx_device_classes/src/ux_device_class_cdc_acm_control_request.c **** ULONG                                   request_length;
  52              		.loc 1 80 1 view .LVU8
  81:./Middlewares/ST/usbx/common/usbx_device_classes/src/ux_device_class_cdc_acm_control_request.c **** ULONG                                   transmit_length;
  53              		.loc 1 81 1 view .LVU9
  82:./Middlewares/ST/usbx/common/usbx_device_classes/src/ux_device_class_cdc_acm_control_request.c **** 
  83:./Middlewares/ST/usbx/common/usbx_device_classes/src/ux_device_class_cdc_acm_control_request.c ****     /* Get the class container.  */
  84:./Middlewares/ST/usbx/common/usbx_device_classes/src/ux_device_class_cdc_acm_control_request.c ****     class =  command -> ux_slave_class_command_class_ptr;
  54              		.loc 1 84 5 view .LVU10
  55              		.loc 1 84 11 is_stmt 0 view .LVU11
  56 0004 036A     		ldr	r3, [r0, #32]
  57              	.LVL1:
  85:./Middlewares/ST/usbx/common/usbx_device_classes/src/ux_device_class_cdc_acm_control_request.c **** 
  86:./Middlewares/ST/usbx/common/usbx_device_classes/src/ux_device_class_cdc_acm_control_request.c ****     /* Get the class instance in the container.  */
  87:./Middlewares/ST/usbx/common/usbx_device_classes/src/ux_device_class_cdc_acm_control_request.c ****     cdc_acm = (UX_SLAVE_CLASS_CDC_ACM *) class -> ux_slave_class_instance;
  58              		.loc 1 87 5 is_stmt 1 view .LVU12
  59              		.loc 1 87 13 is_stmt 0 view .LVU13
  60 0006 9D6C     		ldr	r5, [r3, #72]
  61              	.LVL2:
  88:./Middlewares/ST/usbx/common/usbx_device_classes/src/ux_device_class_cdc_acm_control_request.c **** 
  89:./Middlewares/ST/usbx/common/usbx_device_classes/src/ux_device_class_cdc_acm_control_request.c ****     /* Get the pointer to the device.  */
  90:./Middlewares/ST/usbx/common/usbx_device_classes/src/ux_device_class_cdc_acm_control_request.c ****     device =  &_ux_system_slave -> ux_system_slave_device;
  62              		.loc 1 90 5 is_stmt 1 view .LVU14
  63              		.loc 1 90 33 is_stmt 0 view .LVU15
  64 0008 384B     		ldr	r3, .L13
  65              	.LVL3:
  66              		.loc 1 90 33 view .LVU16
  67 000a 1C68     		ldr	r4, [r3]
  68              	.LVL4:
  91:./Middlewares/ST/usbx/common/usbx_device_classes/src/ux_device_class_cdc_acm_control_request.c **** 
  92:./Middlewares/ST/usbx/common/usbx_device_classes/src/ux_device_class_cdc_acm_control_request.c ****     /* Get the pointer to the transfer request associated with the control endpoint.  */
  93:./Middlewares/ST/usbx/common/usbx_device_classes/src/ux_device_class_cdc_acm_control_request.c ****     transfer_request =  &device -> ux_slave_device_control_endpoint.ux_slave_endpoint_transfer_requ
  69              		.loc 1 93 5 is_stmt 1 view .LVU17
  94:./Middlewares/ST/usbx/common/usbx_device_classes/src/ux_device_class_cdc_acm_control_request.c **** 
  95:./Middlewares/ST/usbx/common/usbx_device_classes/src/ux_device_class_cdc_acm_control_request.c ****     /* Extract all necessary fields of the request.  */
  96:./Middlewares/ST/usbx/common/usbx_device_classes/src/ux_device_class_cdc_acm_control_request.c ****     request =  *(transfer_request -> ux_slave_transfer_request_setup + UX_SETUP_REQUEST);
  70              		.loc 1 96 5 view .LVU18
  71              		.loc 1 96 16 is_stmt 0 view .LVU19
  72 000c 94F8E160 		ldrb	r6, [r4, #225]	@ zero_extendqisi2
  73              	.LVL5:
  97:./Middlewares/ST/usbx/common/usbx_device_classes/src/ux_device_class_cdc_acm_control_request.c **** 
  98:./Middlewares/ST/usbx/common/usbx_device_classes/src/ux_device_class_cdc_acm_control_request.c ****     /* Extract all necessary fields of the value.  */
  99:./Middlewares/ST/usbx/common/usbx_device_classes/src/ux_device_class_cdc_acm_control_request.c ****     value =  _ux_utility_short_get(transfer_request -> ux_slave_transfer_request_setup + UX_SETUP_V
ARM GAS  /tmp/ccUfRMkf.s 			page 4


  74              		.loc 1 99 5 is_stmt 1 view .LVU20
  75              		.loc 1 99 14 is_stmt 0 view .LVU21
  76 0010 04F1E200 		add	r0, r4, #226
  77              	.LVL6:
  78              		.loc 1 99 14 view .LVU22
  79 0014 FFF7FEFF 		bl	_ux_utility_short_get
  80              	.LVL7:
  81              		.loc 1 99 14 view .LVU23
  82 0018 8046     		mov	r8, r0
  83              	.LVL8:
 100:./Middlewares/ST/usbx/common/usbx_device_classes/src/ux_device_class_cdc_acm_control_request.c **** 
 101:./Middlewares/ST/usbx/common/usbx_device_classes/src/ux_device_class_cdc_acm_control_request.c ****     /* Pickup the request length.  */
 102:./Middlewares/ST/usbx/common/usbx_device_classes/src/ux_device_class_cdc_acm_control_request.c ****     request_length =   _ux_utility_short_get(transfer_request -> ux_slave_transfer_request_setup + 
  84              		.loc 1 102 5 is_stmt 1 view .LVU24
  85              		.loc 1 102 24 is_stmt 0 view .LVU25
  86 001a 04F1E600 		add	r0, r4, #230
  87              	.LVL9:
  88              		.loc 1 102 24 view .LVU26
  89 001e FFF7FEFF 		bl	_ux_utility_short_get
  90              	.LVL10:
 103:./Middlewares/ST/usbx/common/usbx_device_classes/src/ux_device_class_cdc_acm_control_request.c **** 
 104:./Middlewares/ST/usbx/common/usbx_device_classes/src/ux_device_class_cdc_acm_control_request.c ****     transmit_length = request_length ;
  91              		.loc 1 104 5 is_stmt 1 view .LVU27
 105:./Middlewares/ST/usbx/common/usbx_device_classes/src/ux_device_class_cdc_acm_control_request.c ****     
 106:./Middlewares/ST/usbx/common/usbx_device_classes/src/ux_device_class_cdc_acm_control_request.c ****     /* Here we proceed only the standard request we know of at the device level.  */
 107:./Middlewares/ST/usbx/common/usbx_device_classes/src/ux_device_class_cdc_acm_control_request.c ****     switch (request)
  92              		.loc 1 107 5 view .LVU28
  93 0022 212E     		cmp	r6, #33
  94 0024 1DD0     		beq	.L2
  95 0026 222E     		cmp	r6, #34
  96 0028 03D0     		beq	.L3
  97 002a 202E     		cmp	r6, #32
  98 002c 40D0     		beq	.L4
  99 002e FF20     		movs	r0, #255
 100              	.LVL11:
 101              		.loc 1 107 5 is_stmt 0 view .LVU29
 102 0030 3AE0     		b	.L1
 103              	.LVL12:
 104              	.L3:
 108:./Middlewares/ST/usbx/common/usbx_device_classes/src/ux_device_class_cdc_acm_control_request.c ****     {
 109:./Middlewares/ST/usbx/common/usbx_device_classes/src/ux_device_class_cdc_acm_control_request.c **** 
 110:./Middlewares/ST/usbx/common/usbx_device_classes/src/ux_device_class_cdc_acm_control_request.c ****         case UX_SLAVE_CLASS_CDC_ACM_SET_CONTROL_LINE_STATE:
 111:./Middlewares/ST/usbx/common/usbx_device_classes/src/ux_device_class_cdc_acm_control_request.c **** 
 112:./Middlewares/ST/usbx/common/usbx_device_classes/src/ux_device_class_cdc_acm_control_request.c ****             /* Reset current line state values. */
 113:./Middlewares/ST/usbx/common/usbx_device_classes/src/ux_device_class_cdc_acm_control_request.c ****             cdc_acm -> ux_slave_class_cdc_acm_data_dtr_state = 0;
 105              		.loc 1 113 13 is_stmt 1 view .LVU30
 106              		.loc 1 113 62 is_stmt 0 view .LVU31
 107 0032 0023     		movs	r3, #0
 108 0034 85F87F30 		strb	r3, [r5, #127]
 114:./Middlewares/ST/usbx/common/usbx_device_classes/src/ux_device_class_cdc_acm_control_request.c ****             cdc_acm -> ux_slave_class_cdc_acm_data_rts_state = 0;
 109              		.loc 1 114 13 is_stmt 1 view .LVU32
 110              		.loc 1 114 62 is_stmt 0 view .LVU33
 111 0038 85F88030 		strb	r3, [r5, #128]
 115:./Middlewares/ST/usbx/common/usbx_device_classes/src/ux_device_class_cdc_acm_control_request.c **** 
 116:./Middlewares/ST/usbx/common/usbx_device_classes/src/ux_device_class_cdc_acm_control_request.c ****             /* Get the line state parameters from the host.  DTR signal. */
 117:./Middlewares/ST/usbx/common/usbx_device_classes/src/ux_device_class_cdc_acm_control_request.c ****             if (value & UX_SLAVE_CLASS_CDC_ACM_LINE_STATE_DTR)
 112              		.loc 1 117 13 is_stmt 1 view .LVU34
ARM GAS  /tmp/ccUfRMkf.s 			page 5


 113              		.loc 1 117 16 is_stmt 0 view .LVU35
 114 003c 18F0010F 		tst	r8, #1
 115 0040 02D0     		beq	.L6
 118:./Middlewares/ST/usbx/common/usbx_device_classes/src/ux_device_class_cdc_acm_control_request.c ****                 cdc_acm -> ux_slave_class_cdc_acm_data_dtr_state = UX_TRUE;               
 116              		.loc 1 118 17 is_stmt 1 view .LVU36
 117              		.loc 1 118 66 is_stmt 0 view .LVU37
 118 0042 0123     		movs	r3, #1
 119 0044 85F87F30 		strb	r3, [r5, #127]
 120              	.L6:
 119:./Middlewares/ST/usbx/common/usbx_device_classes/src/ux_device_class_cdc_acm_control_request.c **** 
 120:./Middlewares/ST/usbx/common/usbx_device_classes/src/ux_device_class_cdc_acm_control_request.c ****             /* Get the line state parameters from the host.  RTS signal. */
 121:./Middlewares/ST/usbx/common/usbx_device_classes/src/ux_device_class_cdc_acm_control_request.c ****             if (value & UX_SLAVE_CLASS_CDC_ACM_LINE_STATE_RTS)
 121              		.loc 1 121 13 is_stmt 1 view .LVU38
 122              		.loc 1 121 16 is_stmt 0 view .LVU39
 123 0048 18F0020F 		tst	r8, #2
 124 004c 02D0     		beq	.L7
 122:./Middlewares/ST/usbx/common/usbx_device_classes/src/ux_device_class_cdc_acm_control_request.c ****                 cdc_acm -> ux_slave_class_cdc_acm_data_rts_state = UX_TRUE;               
 125              		.loc 1 122 17 is_stmt 1 view .LVU40
 126              		.loc 1 122 66 is_stmt 0 view .LVU41
 127 004e 0123     		movs	r3, #1
 128 0050 85F88030 		strb	r3, [r5, #128]
 129              	.L7:
 123:./Middlewares/ST/usbx/common/usbx_device_classes/src/ux_device_class_cdc_acm_control_request.c ****                 
 124:./Middlewares/ST/usbx/common/usbx_device_classes/src/ux_device_class_cdc_acm_control_request.c ****             /* If there is a parameter change function call it.  */
 125:./Middlewares/ST/usbx/common/usbx_device_classes/src/ux_device_class_cdc_acm_control_request.c ****             if (cdc_acm -> ux_slave_class_cdc_acm_parameter.ux_slave_class_cdc_acm_parameter_change
 130              		.loc 1 125 13 is_stmt 1 view .LVU42
 131              		.loc 1 125 60 is_stmt 0 view .LVU43
 132 0054 EB68     		ldr	r3, [r5, #12]
 133              		.loc 1 125 16 view .LVU44
 134 0056 002B     		cmp	r3, #0
 135 0058 44D0     		beq	.L9
 126:./Middlewares/ST/usbx/common/usbx_device_classes/src/ux_device_class_cdc_acm_control_request.c ****             {        
 127:./Middlewares/ST/usbx/common/usbx_device_classes/src/ux_device_class_cdc_acm_control_request.c ****         
 128:./Middlewares/ST/usbx/common/usbx_device_classes/src/ux_device_class_cdc_acm_control_request.c ****                 /* Invoke the application.  */
 129:./Middlewares/ST/usbx/common/usbx_device_classes/src/ux_device_class_cdc_acm_control_request.c ****                 cdc_acm -> ux_slave_class_cdc_acm_parameter.ux_slave_class_cdc_acm_parameter_change
 136              		.loc 1 129 17 is_stmt 1 view .LVU45
 137 005a 2846     		mov	r0, r5
 138              	.LVL13:
 139              		.loc 1 129 17 is_stmt 0 view .LVU46
 140 005c 9847     		blx	r3
 141              	.LVL14:
 130:./Middlewares/ST/usbx/common/usbx_device_classes/src/ux_device_class_cdc_acm_control_request.c ****             }
 131:./Middlewares/ST/usbx/common/usbx_device_classes/src/ux_device_class_cdc_acm_control_request.c **** 
 132:./Middlewares/ST/usbx/common/usbx_device_classes/src/ux_device_class_cdc_acm_control_request.c ****             break ;
 133:./Middlewares/ST/usbx/common/usbx_device_classes/src/ux_device_class_cdc_acm_control_request.c **** 
 134:./Middlewares/ST/usbx/common/usbx_device_classes/src/ux_device_class_cdc_acm_control_request.c ****         case UX_SLAVE_CLASS_CDC_ACM_GET_LINE_CODING:
 135:./Middlewares/ST/usbx/common/usbx_device_classes/src/ux_device_class_cdc_acm_control_request.c **** 
 136:./Middlewares/ST/usbx/common/usbx_device_classes/src/ux_device_class_cdc_acm_control_request.c ****             /* Setup the length appropriately.  */
 137:./Middlewares/ST/usbx/common/usbx_device_classes/src/ux_device_class_cdc_acm_control_request.c ****             if (request_length >  UX_SLAVE_CLASS_CDC_ACM_LINE_CODING_RESPONSE_SIZE) 
 138:./Middlewares/ST/usbx/common/usbx_device_classes/src/ux_device_class_cdc_acm_control_request.c ****                 transmit_length = UX_SLAVE_CLASS_CDC_ACM_LINE_CODING_RESPONSE_SIZE;
 139:./Middlewares/ST/usbx/common/usbx_device_classes/src/ux_device_class_cdc_acm_control_request.c ****     
 140:./Middlewares/ST/usbx/common/usbx_device_classes/src/ux_device_class_cdc_acm_control_request.c ****             /* Send the line coding default parameters back to the host.  */
 141:./Middlewares/ST/usbx/common/usbx_device_classes/src/ux_device_class_cdc_acm_control_request.c ****             _ux_utility_long_put(transfer_request -> ux_slave_transfer_request_data_pointer + UX_SL
 142:./Middlewares/ST/usbx/common/usbx_device_classes/src/ux_device_class_cdc_acm_control_request.c ****                                     cdc_acm -> ux_slave_class_cdc_acm_baudrate);
 143:./Middlewares/ST/usbx/common/usbx_device_classes/src/ux_device_class_cdc_acm_control_request.c ****             *(transfer_request -> ux_slave_transfer_request_data_pointer + UX_SLAVE_CLASS_CDC_ACM_L
 144:./Middlewares/ST/usbx/common/usbx_device_classes/src/ux_device_class_cdc_acm_control_request.c ****             *(transfer_request -> ux_slave_transfer_request_data_pointer + UX_SLAVE_CLASS_CDC_ACM_L
 145:./Middlewares/ST/usbx/common/usbx_device_classes/src/ux_device_class_cdc_acm_control_request.c ****             *(transfer_request -> ux_slave_transfer_request_data_pointer + UX_SLAVE_CLASS_CDC_ACM_L
ARM GAS  /tmp/ccUfRMkf.s 			page 6


 146:./Middlewares/ST/usbx/common/usbx_device_classes/src/ux_device_class_cdc_acm_control_request.c **** 
 147:./Middlewares/ST/usbx/common/usbx_device_classes/src/ux_device_class_cdc_acm_control_request.c ****             /* Set the phase of the transfer to data out.  */
 148:./Middlewares/ST/usbx/common/usbx_device_classes/src/ux_device_class_cdc_acm_control_request.c ****             transfer_request -> ux_slave_transfer_request_phase =  UX_TRANSFER_PHASE_DATA_OUT;
 149:./Middlewares/ST/usbx/common/usbx_device_classes/src/ux_device_class_cdc_acm_control_request.c ****             
 150:./Middlewares/ST/usbx/common/usbx_device_classes/src/ux_device_class_cdc_acm_control_request.c ****             /* Perform the data transfer.  */
 151:./Middlewares/ST/usbx/common/usbx_device_classes/src/ux_device_class_cdc_acm_control_request.c ****             _ux_device_stack_transfer_request(transfer_request, transmit_length, request_length);
 152:./Middlewares/ST/usbx/common/usbx_device_classes/src/ux_device_class_cdc_acm_control_request.c ****             break; 
 153:./Middlewares/ST/usbx/common/usbx_device_classes/src/ux_device_class_cdc_acm_control_request.c ****             
 154:./Middlewares/ST/usbx/common/usbx_device_classes/src/ux_device_class_cdc_acm_control_request.c ****         case UX_SLAVE_CLASS_CDC_ACM_SET_LINE_CODING:
 155:./Middlewares/ST/usbx/common/usbx_device_classes/src/ux_device_class_cdc_acm_control_request.c **** 
 156:./Middlewares/ST/usbx/common/usbx_device_classes/src/ux_device_class_cdc_acm_control_request.c ****             /* Get the line coding parameters from the host.  */
 157:./Middlewares/ST/usbx/common/usbx_device_classes/src/ux_device_class_cdc_acm_control_request.c ****             cdc_acm -> ux_slave_class_cdc_acm_baudrate  = _ux_utility_long_get(transfer_request -> 
 158:./Middlewares/ST/usbx/common/usbx_device_classes/src/ux_device_class_cdc_acm_control_request.c ****             cdc_acm -> ux_slave_class_cdc_acm_stop_bit  = *(transfer_request -> ux_slave_transfer_r
 159:./Middlewares/ST/usbx/common/usbx_device_classes/src/ux_device_class_cdc_acm_control_request.c ****             cdc_acm -> ux_slave_class_cdc_acm_parity    = *(transfer_request -> ux_slave_transfer_r
 160:./Middlewares/ST/usbx/common/usbx_device_classes/src/ux_device_class_cdc_acm_control_request.c ****             cdc_acm -> ux_slave_class_cdc_acm_data_bit  = *(transfer_request -> ux_slave_transfer_r
 161:./Middlewares/ST/usbx/common/usbx_device_classes/src/ux_device_class_cdc_acm_control_request.c **** 
 162:./Middlewares/ST/usbx/common/usbx_device_classes/src/ux_device_class_cdc_acm_control_request.c ****             /* If there is a parameter change function call it.  */
 163:./Middlewares/ST/usbx/common/usbx_device_classes/src/ux_device_class_cdc_acm_control_request.c ****             if (cdc_acm -> ux_slave_class_cdc_acm_parameter.ux_slave_class_cdc_acm_parameter_change
 164:./Middlewares/ST/usbx/common/usbx_device_classes/src/ux_device_class_cdc_acm_control_request.c ****             {        
 165:./Middlewares/ST/usbx/common/usbx_device_classes/src/ux_device_class_cdc_acm_control_request.c ****         
 166:./Middlewares/ST/usbx/common/usbx_device_classes/src/ux_device_class_cdc_acm_control_request.c ****                 /* Invoke the application.  */
 167:./Middlewares/ST/usbx/common/usbx_device_classes/src/ux_device_class_cdc_acm_control_request.c ****                 cdc_acm -> ux_slave_class_cdc_acm_parameter.ux_slave_class_cdc_acm_parameter_change
 168:./Middlewares/ST/usbx/common/usbx_device_classes/src/ux_device_class_cdc_acm_control_request.c ****             }
 169:./Middlewares/ST/usbx/common/usbx_device_classes/src/ux_device_class_cdc_acm_control_request.c **** 
 170:./Middlewares/ST/usbx/common/usbx_device_classes/src/ux_device_class_cdc_acm_control_request.c ****             break ;
 171:./Middlewares/ST/usbx/common/usbx_device_classes/src/ux_device_class_cdc_acm_control_request.c **** 
 172:./Middlewares/ST/usbx/common/usbx_device_classes/src/ux_device_class_cdc_acm_control_request.c ****         default:
 173:./Middlewares/ST/usbx/common/usbx_device_classes/src/ux_device_class_cdc_acm_control_request.c **** 
 174:./Middlewares/ST/usbx/common/usbx_device_classes/src/ux_device_class_cdc_acm_control_request.c ****             /* Unknown function. It's not handled.  */
 175:./Middlewares/ST/usbx/common/usbx_device_classes/src/ux_device_class_cdc_acm_control_request.c ****             return(UX_ERROR);
 176:./Middlewares/ST/usbx/common/usbx_device_classes/src/ux_device_class_cdc_acm_control_request.c ****     }
 177:./Middlewares/ST/usbx/common/usbx_device_classes/src/ux_device_class_cdc_acm_control_request.c **** 
 178:./Middlewares/ST/usbx/common/usbx_device_classes/src/ux_device_class_cdc_acm_control_request.c ****     /* It's handled.  */
 179:./Middlewares/ST/usbx/common/usbx_device_classes/src/ux_device_class_cdc_acm_control_request.c ****     return(UX_SUCCESS);
 142              		.loc 1 179 11 view .LVU47
 143 005e 0020     		movs	r0, #0
 144 0060 22E0     		b	.L1
 145              	.LVL15:
 146              	.L2:
 147              		.loc 1 179 11 view .LVU48
 148 0062 04F18C09 		add	r9, r4, #140
 149 0066 0746     		mov	r7, r0
 137:./Middlewares/ST/usbx/common/usbx_device_classes/src/ux_device_class_cdc_acm_control_request.c ****                 transmit_length = UX_SLAVE_CLASS_CDC_ACM_LINE_CODING_RESPONSE_SIZE;
 150              		.loc 1 137 13 is_stmt 1 view .LVU49
 137:./Middlewares/ST/usbx/common/usbx_device_classes/src/ux_device_class_cdc_acm_control_request.c ****                 transmit_length = UX_SLAVE_CLASS_CDC_ACM_LINE_CODING_RESPONSE_SIZE;
 151              		.loc 1 137 16 is_stmt 0 view .LVU50
 152 0068 0728     		cmp	r0, #7
 153 006a 1FD8     		bhi	.L10
 104:./Middlewares/ST/usbx/common/usbx_device_classes/src/ux_device_class_cdc_acm_control_request.c ****     
 154              		.loc 1 104 21 view .LVU51
 155 006c 0646     		mov	r6, r0
 156              	.LVL16:
 157              	.L8:
 141:./Middlewares/ST/usbx/common/usbx_device_classes/src/ux_device_class_cdc_acm_control_request.c ****                                     cdc_acm -> ux_slave_class_cdc_acm_baudrate);
 158              		.loc 1 141 13 is_stmt 1 view .LVU52
 159 006e A96F     		ldr	r1, [r5, #120]
 160 0070 D4F89800 		ldr	r0, [r4, #152]
ARM GAS  /tmp/ccUfRMkf.s 			page 7


 161              	.LVL17:
 141:./Middlewares/ST/usbx/common/usbx_device_classes/src/ux_device_class_cdc_acm_control_request.c ****                                     cdc_acm -> ux_slave_class_cdc_acm_baudrate);
 162              		.loc 1 141 13 is_stmt 0 view .LVU53
 163 0074 FFF7FEFF 		bl	_ux_utility_long_put
 164              	.LVL18:
 143:./Middlewares/ST/usbx/common/usbx_device_classes/src/ux_device_class_cdc_acm_control_request.c ****             *(transfer_request -> ux_slave_transfer_request_data_pointer + UX_SLAVE_CLASS_CDC_ACM_L
 165              		.loc 1 143 13 is_stmt 1 view .LVU54
 143:./Middlewares/ST/usbx/common/usbx_device_classes/src/ux_device_class_cdc_acm_control_request.c ****             *(transfer_request -> ux_slave_transfer_request_data_pointer + UX_SLAVE_CLASS_CDC_ACM_L
 166              		.loc 1 143 32 is_stmt 0 view .LVU55
 167 0078 D4F89830 		ldr	r3, [r4, #152]
 143:./Middlewares/ST/usbx/common/usbx_device_classes/src/ux_device_class_cdc_acm_control_request.c ****             *(transfer_request -> ux_slave_transfer_request_data_pointer + UX_SLAVE_CLASS_CDC_ACM_L
 168              		.loc 1 143 138 view .LVU56
 169 007c 95F87C20 		ldrb	r2, [r5, #124]	@ zero_extendqisi2
 143:./Middlewares/ST/usbx/common/usbx_device_classes/src/ux_device_class_cdc_acm_control_request.c ****             *(transfer_request -> ux_slave_transfer_request_data_pointer + UX_SLAVE_CLASS_CDC_ACM_L
 170              		.loc 1 143 128 view .LVU57
 171 0080 1A71     		strb	r2, [r3, #4]
 144:./Middlewares/ST/usbx/common/usbx_device_classes/src/ux_device_class_cdc_acm_control_request.c ****             *(transfer_request -> ux_slave_transfer_request_data_pointer + UX_SLAVE_CLASS_CDC_ACM_L
 172              		.loc 1 144 13 is_stmt 1 view .LVU58
 144:./Middlewares/ST/usbx/common/usbx_device_classes/src/ux_device_class_cdc_acm_control_request.c ****             *(transfer_request -> ux_slave_transfer_request_data_pointer + UX_SLAVE_CLASS_CDC_ACM_L
 173              		.loc 1 144 32 is_stmt 0 view .LVU59
 174 0082 D4F89830 		ldr	r3, [r4, #152]
 144:./Middlewares/ST/usbx/common/usbx_device_classes/src/ux_device_class_cdc_acm_control_request.c ****             *(transfer_request -> ux_slave_transfer_request_data_pointer + UX_SLAVE_CLASS_CDC_ACM_L
 175              		.loc 1 144 138 view .LVU60
 176 0086 95F87D20 		ldrb	r2, [r5, #125]	@ zero_extendqisi2
 144:./Middlewares/ST/usbx/common/usbx_device_classes/src/ux_device_class_cdc_acm_control_request.c ****             *(transfer_request -> ux_slave_transfer_request_data_pointer + UX_SLAVE_CLASS_CDC_ACM_L
 177              		.loc 1 144 128 view .LVU61
 178 008a 5A71     		strb	r2, [r3, #5]
 145:./Middlewares/ST/usbx/common/usbx_device_classes/src/ux_device_class_cdc_acm_control_request.c **** 
 179              		.loc 1 145 13 is_stmt 1 view .LVU62
 145:./Middlewares/ST/usbx/common/usbx_device_classes/src/ux_device_class_cdc_acm_control_request.c **** 
 180              		.loc 1 145 32 is_stmt 0 view .LVU63
 181 008c D4F89830 		ldr	r3, [r4, #152]
 145:./Middlewares/ST/usbx/common/usbx_device_classes/src/ux_device_class_cdc_acm_control_request.c **** 
 182              		.loc 1 145 138 view .LVU64
 183 0090 95F87E20 		ldrb	r2, [r5, #126]	@ zero_extendqisi2
 145:./Middlewares/ST/usbx/common/usbx_device_classes/src/ux_device_class_cdc_acm_control_request.c **** 
 184              		.loc 1 145 128 view .LVU65
 185 0094 9A71     		strb	r2, [r3, #6]
 148:./Middlewares/ST/usbx/common/usbx_device_classes/src/ux_device_class_cdc_acm_control_request.c ****             
 186              		.loc 1 148 13 is_stmt 1 view .LVU66
 148:./Middlewares/ST/usbx/common/usbx_device_classes/src/ux_device_class_cdc_acm_control_request.c ****             
 187              		.loc 1 148 65 is_stmt 0 view .LVU67
 188 0096 0323     		movs	r3, #3
 189 0098 C4F8B430 		str	r3, [r4, #180]
 151:./Middlewares/ST/usbx/common/usbx_device_classes/src/ux_device_class_cdc_acm_control_request.c ****             break; 
 190              		.loc 1 151 13 is_stmt 1 view .LVU68
 191 009c 3A46     		mov	r2, r7
 192 009e 3146     		mov	r1, r6
 193 00a0 4846     		mov	r0, r9
 194 00a2 FFF7FEFF 		bl	_ux_device_stack_transfer_request
 195              	.LVL19:
 152:./Middlewares/ST/usbx/common/usbx_device_classes/src/ux_device_class_cdc_acm_control_request.c ****             
 196              		.loc 1 152 13 view .LVU69
 197              		.loc 1 179 11 is_stmt 0 view .LVU70
 198 00a6 0020     		movs	r0, #0
 199              	.LVL20:
 200              	.L1:
ARM GAS  /tmp/ccUfRMkf.s 			page 8


 180:./Middlewares/ST/usbx/common/usbx_device_classes/src/ux_device_class_cdc_acm_control_request.c **** }
 201              		.loc 1 180 1 view .LVU71
 202 00a8 BDE8F883 		pop	{r3, r4, r5, r6, r7, r8, r9, pc}
 203              	.LVL21:
 204              	.L10:
 138:./Middlewares/ST/usbx/common/usbx_device_classes/src/ux_device_class_cdc_acm_control_request.c ****     
 205              		.loc 1 138 33 view .LVU72
 206 00ac 0726     		movs	r6, #7
 207              	.LVL22:
 138:./Middlewares/ST/usbx/common/usbx_device_classes/src/ux_device_class_cdc_acm_control_request.c ****     
 208              		.loc 1 138 33 view .LVU73
 209 00ae DEE7     		b	.L8
 210              	.LVL23:
 211              	.L4:
 157:./Middlewares/ST/usbx/common/usbx_device_classes/src/ux_device_class_cdc_acm_control_request.c ****             cdc_acm -> ux_slave_class_cdc_acm_stop_bit  = *(transfer_request -> ux_slave_transfer_r
 212              		.loc 1 157 13 is_stmt 1 view .LVU74
 157:./Middlewares/ST/usbx/common/usbx_device_classes/src/ux_device_class_cdc_acm_control_request.c ****             cdc_acm -> ux_slave_class_cdc_acm_stop_bit  = *(transfer_request -> ux_slave_transfer_r
 213              		.loc 1 157 59 is_stmt 0 view .LVU75
 214 00b0 D4F89800 		ldr	r0, [r4, #152]
 215              	.LVL24:
 157:./Middlewares/ST/usbx/common/usbx_device_classes/src/ux_device_class_cdc_acm_control_request.c ****             cdc_acm -> ux_slave_class_cdc_acm_stop_bit  = *(transfer_request -> ux_slave_transfer_r
 216              		.loc 1 157 59 view .LVU76
 217 00b4 FFF7FEFF 		bl	_ux_utility_long_get
 218              	.LVL25:
 157:./Middlewares/ST/usbx/common/usbx_device_classes/src/ux_device_class_cdc_acm_control_request.c ****             cdc_acm -> ux_slave_class_cdc_acm_stop_bit  = *(transfer_request -> ux_slave_transfer_r
 219              		.loc 1 157 57 discriminator 1 view .LVU77
 220 00b8 A867     		str	r0, [r5, #120]
 158:./Middlewares/ST/usbx/common/usbx_device_classes/src/ux_device_class_cdc_acm_control_request.c ****             cdc_acm -> ux_slave_class_cdc_acm_parity    = *(transfer_request -> ux_slave_transfer_r
 221              		.loc 1 158 13 is_stmt 1 view .LVU78
 158:./Middlewares/ST/usbx/common/usbx_device_classes/src/ux_device_class_cdc_acm_control_request.c ****             cdc_acm -> ux_slave_class_cdc_acm_parity    = *(transfer_request -> ux_slave_transfer_r
 222              		.loc 1 158 78 is_stmt 0 view .LVU79
 223 00ba D4F89830 		ldr	r3, [r4, #152]
 158:./Middlewares/ST/usbx/common/usbx_device_classes/src/ux_device_class_cdc_acm_control_request.c ****             cdc_acm -> ux_slave_class_cdc_acm_parity    = *(transfer_request -> ux_slave_transfer_r
 224              		.loc 1 158 57 view .LVU80
 225 00be 1B79     		ldrb	r3, [r3, #4]	@ zero_extendqisi2
 226 00c0 85F87C30 		strb	r3, [r5, #124]
 159:./Middlewares/ST/usbx/common/usbx_device_classes/src/ux_device_class_cdc_acm_control_request.c ****             cdc_acm -> ux_slave_class_cdc_acm_data_bit  = *(transfer_request -> ux_slave_transfer_r
 227              		.loc 1 159 13 is_stmt 1 view .LVU81
 159:./Middlewares/ST/usbx/common/usbx_device_classes/src/ux_device_class_cdc_acm_control_request.c ****             cdc_acm -> ux_slave_class_cdc_acm_data_bit  = *(transfer_request -> ux_slave_transfer_r
 228              		.loc 1 159 78 is_stmt 0 view .LVU82
 229 00c4 D4F89830 		ldr	r3, [r4, #152]
 159:./Middlewares/ST/usbx/common/usbx_device_classes/src/ux_device_class_cdc_acm_control_request.c ****             cdc_acm -> ux_slave_class_cdc_acm_data_bit  = *(transfer_request -> ux_slave_transfer_r
 230              		.loc 1 159 57 view .LVU83
 231 00c8 5B79     		ldrb	r3, [r3, #5]	@ zero_extendqisi2
 232 00ca 85F87D30 		strb	r3, [r5, #125]
 160:./Middlewares/ST/usbx/common/usbx_device_classes/src/ux_device_class_cdc_acm_control_request.c **** 
 233              		.loc 1 160 13 is_stmt 1 view .LVU84
 160:./Middlewares/ST/usbx/common/usbx_device_classes/src/ux_device_class_cdc_acm_control_request.c **** 
 234              		.loc 1 160 78 is_stmt 0 view .LVU85
 235 00ce D4F89830 		ldr	r3, [r4, #152]
 160:./Middlewares/ST/usbx/common/usbx_device_classes/src/ux_device_class_cdc_acm_control_request.c **** 
 236              		.loc 1 160 57 view .LVU86
 237 00d2 9B79     		ldrb	r3, [r3, #6]	@ zero_extendqisi2
 238 00d4 85F87E30 		strb	r3, [r5, #126]
 163:./Middlewares/ST/usbx/common/usbx_device_classes/src/ux_device_class_cdc_acm_control_request.c ****             {        
 239              		.loc 1 163 13 is_stmt 1 view .LVU87
 163:./Middlewares/ST/usbx/common/usbx_device_classes/src/ux_device_class_cdc_acm_control_request.c ****             {        
ARM GAS  /tmp/ccUfRMkf.s 			page 9


 240              		.loc 1 163 60 is_stmt 0 view .LVU88
 241 00d8 EB68     		ldr	r3, [r5, #12]
 163:./Middlewares/ST/usbx/common/usbx_device_classes/src/ux_device_class_cdc_acm_control_request.c ****             {        
 242              		.loc 1 163 16 view .LVU89
 243 00da 2BB1     		cbz	r3, .L11
 167:./Middlewares/ST/usbx/common/usbx_device_classes/src/ux_device_class_cdc_acm_control_request.c ****             }
 244              		.loc 1 167 17 is_stmt 1 view .LVU90
 245 00dc 2846     		mov	r0, r5
 246 00de 9847     		blx	r3
 247              	.LVL26:
 179:./Middlewares/ST/usbx/common/usbx_device_classes/src/ux_device_class_cdc_acm_control_request.c **** }
 248              		.loc 1 179 11 is_stmt 0 view .LVU91
 249 00e0 0020     		movs	r0, #0
 250 00e2 E1E7     		b	.L1
 251              	.LVL27:
 252              	.L9:
 179:./Middlewares/ST/usbx/common/usbx_device_classes/src/ux_device_class_cdc_acm_control_request.c **** }
 253              		.loc 1 179 11 view .LVU92
 254 00e4 0020     		movs	r0, #0
 255              	.LVL28:
 179:./Middlewares/ST/usbx/common/usbx_device_classes/src/ux_device_class_cdc_acm_control_request.c **** }
 256              		.loc 1 179 11 view .LVU93
 257 00e6 DFE7     		b	.L1
 258              	.L11:
 179:./Middlewares/ST/usbx/common/usbx_device_classes/src/ux_device_class_cdc_acm_control_request.c **** }
 259              		.loc 1 179 11 view .LVU94
 260 00e8 0020     		movs	r0, #0
 261 00ea DDE7     		b	.L1
 262              	.L14:
 263              		.align	2
 264              	.L13:
 265 00ec 00000000 		.word	_ux_system_slave
 266              		.cfi_endproc
 267              	.LFE11:
 269              		.text
 270              	.Letext0:
 271              		.file 2 "./Middlewares/ST/threadx/ports/cortex_m4/gnu/inc/tx_port.h"
 272              		.file 3 "./Middlewares/ST/threadx/common/inc/tx_api.h"
 273              		.file 4 "./Middlewares/ST/usbx/common/core/inc/ux_api.h"
 274              		.file 5 "./Middlewares/ST/usbx/common/usbx_device_classes/inc/ux_device_class_cdc_acm.h"
 275              		.file 6 "./Middlewares/ST/usbx/common/core/inc/ux_utility.h"
 276              		.file 7 "./Middlewares/ST/usbx/common/core/inc/ux_device_stack.h"
 277              		.file 8 "./Middlewares/ST/usbx/common/core/inc/ux_system.h"
ARM GAS  /tmp/ccUfRMkf.s 			page 10


DEFINED SYMBOLS
                            *ABS*:00000000 ux_device_class_cdc_acm_control_request.c
     /tmp/ccUfRMkf.s:21     .text._ux_device_class_cdc_acm_control_request:00000000 $t
     /tmp/ccUfRMkf.s:27     .text._ux_device_class_cdc_acm_control_request:00000000 _ux_device_class_cdc_acm_control_request
     /tmp/ccUfRMkf.s:265    .text._ux_device_class_cdc_acm_control_request:000000ec $d

UNDEFINED SYMBOLS
_ux_utility_short_get
_ux_utility_long_put
_ux_device_stack_transfer_request
_ux_utility_long_get
_ux_system_slave
