ARM GAS  C:\Users\Dennis\AppData\Local\Temp\cc8wxw3y.s 			page 1


   1              		.cpu cortex-m4
   2              		.arch armv7e-m
   3              		.fpu fpv4-sp-d16
   4              		.eabi_attribute 27, 1
   5              		.eabi_attribute 28, 1
   6              		.eabi_attribute 20, 1
   7              		.eabi_attribute 21, 1
   8              		.eabi_attribute 23, 3
   9              		.eabi_attribute 24, 1
  10              		.eabi_attribute 25, 1
  11              		.eabi_attribute 26, 1
  12              		.eabi_attribute 30, 1
  13              		.eabi_attribute 34, 1
  14              		.eabi_attribute 18, 4
  15              		.file	"ux_host_stack_hcd_thread_entry.c"
  16              		.text
  17              	.Ltext0:
  18              		.cfi_sections	.debug_frame
  19              		.section	.text._ux_host_stack_hcd_thread_entry,"ax",%progbits
  20              		.align	1
  21              		.global	_ux_host_stack_hcd_thread_entry
  22              		.syntax unified
  23              		.thumb
  24              		.thumb_func
  26              	_ux_host_stack_hcd_thread_entry:
  27              	.LFB11:
  28              		.file 1 "./Middlewares/ST/usbx/common/core/src/ux_host_stack_hcd_thread_entry.c"
   1:./Middlewares/ST/usbx/common/core/src/ux_host_stack_hcd_thread_entry.c **** /**************************************************************************/
   2:./Middlewares/ST/usbx/common/core/src/ux_host_stack_hcd_thread_entry.c **** /*                                                                        */
   3:./Middlewares/ST/usbx/common/core/src/ux_host_stack_hcd_thread_entry.c **** /*       Copyright (c) Microsoft Corporation. All rights reserved.        */
   4:./Middlewares/ST/usbx/common/core/src/ux_host_stack_hcd_thread_entry.c **** /*                                                                        */
   5:./Middlewares/ST/usbx/common/core/src/ux_host_stack_hcd_thread_entry.c **** /*       This software is licensed under the Microsoft Software License   */
   6:./Middlewares/ST/usbx/common/core/src/ux_host_stack_hcd_thread_entry.c **** /*       Terms for Microsoft Azure RTOS. Full text of the license can be  */
   7:./Middlewares/ST/usbx/common/core/src/ux_host_stack_hcd_thread_entry.c **** /*       found in the LICENSE file at https://aka.ms/AzureRTOS_EULA       */
   8:./Middlewares/ST/usbx/common/core/src/ux_host_stack_hcd_thread_entry.c **** /*       and in the root directory of this software.                      */
   9:./Middlewares/ST/usbx/common/core/src/ux_host_stack_hcd_thread_entry.c **** /*                                                                        */
  10:./Middlewares/ST/usbx/common/core/src/ux_host_stack_hcd_thread_entry.c **** /**************************************************************************/
  11:./Middlewares/ST/usbx/common/core/src/ux_host_stack_hcd_thread_entry.c **** 
  12:./Middlewares/ST/usbx/common/core/src/ux_host_stack_hcd_thread_entry.c **** 
  13:./Middlewares/ST/usbx/common/core/src/ux_host_stack_hcd_thread_entry.c **** /**************************************************************************/
  14:./Middlewares/ST/usbx/common/core/src/ux_host_stack_hcd_thread_entry.c **** /**************************************************************************/
  15:./Middlewares/ST/usbx/common/core/src/ux_host_stack_hcd_thread_entry.c **** /**                                                                       */ 
  16:./Middlewares/ST/usbx/common/core/src/ux_host_stack_hcd_thread_entry.c **** /** USBX Component                                                        */ 
  17:./Middlewares/ST/usbx/common/core/src/ux_host_stack_hcd_thread_entry.c **** /**                                                                       */
  18:./Middlewares/ST/usbx/common/core/src/ux_host_stack_hcd_thread_entry.c **** /**   Host Stack                                                          */
  19:./Middlewares/ST/usbx/common/core/src/ux_host_stack_hcd_thread_entry.c **** /**                                                                       */
  20:./Middlewares/ST/usbx/common/core/src/ux_host_stack_hcd_thread_entry.c **** /**************************************************************************/
  21:./Middlewares/ST/usbx/common/core/src/ux_host_stack_hcd_thread_entry.c **** /**************************************************************************/
  22:./Middlewares/ST/usbx/common/core/src/ux_host_stack_hcd_thread_entry.c **** 
  23:./Middlewares/ST/usbx/common/core/src/ux_host_stack_hcd_thread_entry.c **** 
  24:./Middlewares/ST/usbx/common/core/src/ux_host_stack_hcd_thread_entry.c **** /* Include necessary system files.  */
  25:./Middlewares/ST/usbx/common/core/src/ux_host_stack_hcd_thread_entry.c **** 
  26:./Middlewares/ST/usbx/common/core/src/ux_host_stack_hcd_thread_entry.c **** #define UX_SOURCE_CODE
  27:./Middlewares/ST/usbx/common/core/src/ux_host_stack_hcd_thread_entry.c **** 
  28:./Middlewares/ST/usbx/common/core/src/ux_host_stack_hcd_thread_entry.c **** #include "ux_api.h"
  29:./Middlewares/ST/usbx/common/core/src/ux_host_stack_hcd_thread_entry.c **** #include "ux_host_stack.h"
  30:./Middlewares/ST/usbx/common/core/src/ux_host_stack_hcd_thread_entry.c **** 
ARM GAS  C:\Users\Dennis\AppData\Local\Temp\cc8wxw3y.s 			page 2


  31:./Middlewares/ST/usbx/common/core/src/ux_host_stack_hcd_thread_entry.c **** 
  32:./Middlewares/ST/usbx/common/core/src/ux_host_stack_hcd_thread_entry.c **** /**************************************************************************/ 
  33:./Middlewares/ST/usbx/common/core/src/ux_host_stack_hcd_thread_entry.c **** /*                                                                        */ 
  34:./Middlewares/ST/usbx/common/core/src/ux_host_stack_hcd_thread_entry.c **** /*  FUNCTION                                               RELEASE        */ 
  35:./Middlewares/ST/usbx/common/core/src/ux_host_stack_hcd_thread_entry.c **** /*                                                                        */ 
  36:./Middlewares/ST/usbx/common/core/src/ux_host_stack_hcd_thread_entry.c **** /*    _ux_host_stack_hcd_thread_entry                     PORTABLE C      */ 
  37:./Middlewares/ST/usbx/common/core/src/ux_host_stack_hcd_thread_entry.c **** /*                                                           6.1.10       */
  38:./Middlewares/ST/usbx/common/core/src/ux_host_stack_hcd_thread_entry.c **** /*  AUTHOR                                                                */
  39:./Middlewares/ST/usbx/common/core/src/ux_host_stack_hcd_thread_entry.c **** /*                                                                        */
  40:./Middlewares/ST/usbx/common/core/src/ux_host_stack_hcd_thread_entry.c **** /*    Chaoqiong Xiao, Microsoft Corporation                               */
  41:./Middlewares/ST/usbx/common/core/src/ux_host_stack_hcd_thread_entry.c **** /*                                                                        */
  42:./Middlewares/ST/usbx/common/core/src/ux_host_stack_hcd_thread_entry.c **** /*  DESCRIPTION                                                           */
  43:./Middlewares/ST/usbx/common/core/src/ux_host_stack_hcd_thread_entry.c **** /*                                                                        */ 
  44:./Middlewares/ST/usbx/common/core/src/ux_host_stack_hcd_thread_entry.c **** /*    This function is the entry point of the host controller thread.     */
  45:./Middlewares/ST/usbx/common/core/src/ux_host_stack_hcd_thread_entry.c **** /*    The HCD thread is initialized at the system level and the thread    */ 
  46:./Middlewares/ST/usbx/common/core/src/ux_host_stack_hcd_thread_entry.c **** /*    entry routine is invoked right away. This thread suspends until     */ 
  47:./Middlewares/ST/usbx/common/core/src/ux_host_stack_hcd_thread_entry.c **** /*    one of the HCD resumes it due to HCD activities.                    */
  48:./Middlewares/ST/usbx/common/core/src/ux_host_stack_hcd_thread_entry.c **** /*                                                                        */ 
  49:./Middlewares/ST/usbx/common/core/src/ux_host_stack_hcd_thread_entry.c **** /*    It's for RTOS mode.                                                 */
  50:./Middlewares/ST/usbx/common/core/src/ux_host_stack_hcd_thread_entry.c **** /*                                                                        */ 
  51:./Middlewares/ST/usbx/common/core/src/ux_host_stack_hcd_thread_entry.c **** /*  INPUT                                                                 */ 
  52:./Middlewares/ST/usbx/common/core/src/ux_host_stack_hcd_thread_entry.c **** /*                                                                        */ 
  53:./Middlewares/ST/usbx/common/core/src/ux_host_stack_hcd_thread_entry.c **** /*    input                                 Not used input                */ 
  54:./Middlewares/ST/usbx/common/core/src/ux_host_stack_hcd_thread_entry.c **** /*                                                                        */ 
  55:./Middlewares/ST/usbx/common/core/src/ux_host_stack_hcd_thread_entry.c **** /*  OUTPUT                                                                */ 
  56:./Middlewares/ST/usbx/common/core/src/ux_host_stack_hcd_thread_entry.c **** /*                                                                        */ 
  57:./Middlewares/ST/usbx/common/core/src/ux_host_stack_hcd_thread_entry.c **** /*    None                                                                */ 
  58:./Middlewares/ST/usbx/common/core/src/ux_host_stack_hcd_thread_entry.c **** /*                                                                        */ 
  59:./Middlewares/ST/usbx/common/core/src/ux_host_stack_hcd_thread_entry.c **** /*  CALLS                                                                 */ 
  60:./Middlewares/ST/usbx/common/core/src/ux_host_stack_hcd_thread_entry.c **** /*                                                                        */ 
  61:./Middlewares/ST/usbx/common/core/src/ux_host_stack_hcd_thread_entry.c **** /*    _ux_utility_semaphore_get             Get signal semaphore          */ 
  62:./Middlewares/ST/usbx/common/core/src/ux_host_stack_hcd_thread_entry.c **** /*    (ux_hcd_entry_function)               HCD's entry function          */ 
  63:./Middlewares/ST/usbx/common/core/src/ux_host_stack_hcd_thread_entry.c **** /*                                                                        */ 
  64:./Middlewares/ST/usbx/common/core/src/ux_host_stack_hcd_thread_entry.c **** /*  CALLED BY                                                             */ 
  65:./Middlewares/ST/usbx/common/core/src/ux_host_stack_hcd_thread_entry.c **** /*                                                                        */ 
  66:./Middlewares/ST/usbx/common/core/src/ux_host_stack_hcd_thread_entry.c **** /*    ThreadX                                                             */ 
  67:./Middlewares/ST/usbx/common/core/src/ux_host_stack_hcd_thread_entry.c **** /*                                                                        */ 
  68:./Middlewares/ST/usbx/common/core/src/ux_host_stack_hcd_thread_entry.c **** /*  RELEASE HISTORY                                                       */ 
  69:./Middlewares/ST/usbx/common/core/src/ux_host_stack_hcd_thread_entry.c **** /*                                                                        */ 
  70:./Middlewares/ST/usbx/common/core/src/ux_host_stack_hcd_thread_entry.c **** /*    DATE              NAME                      DESCRIPTION             */ 
  71:./Middlewares/ST/usbx/common/core/src/ux_host_stack_hcd_thread_entry.c **** /*                                                                        */ 
  72:./Middlewares/ST/usbx/common/core/src/ux_host_stack_hcd_thread_entry.c **** /*  05-19-2020     Chaoqiong Xiao           Initial Version 6.0           */
  73:./Middlewares/ST/usbx/common/core/src/ux_host_stack_hcd_thread_entry.c **** /*  09-30-2020     Chaoqiong Xiao           Modified comment(s),          */
  74:./Middlewares/ST/usbx/common/core/src/ux_host_stack_hcd_thread_entry.c **** /*                                            optimized based on compile  */
  75:./Middlewares/ST/usbx/common/core/src/ux_host_stack_hcd_thread_entry.c **** /*                                            definitions,                */
  76:./Middlewares/ST/usbx/common/core/src/ux_host_stack_hcd_thread_entry.c **** /*                                            resulting in version 6.1    */
  77:./Middlewares/ST/usbx/common/core/src/ux_host_stack_hcd_thread_entry.c **** /*  11-09-2020     Chaoqiong Xiao           Modified comment(s),          */
  78:./Middlewares/ST/usbx/common/core/src/ux_host_stack_hcd_thread_entry.c **** /*                                            fixed registered HCD scan,  */
  79:./Middlewares/ST/usbx/common/core/src/ux_host_stack_hcd_thread_entry.c **** /*                                            resulting in version 6.1.2  */
  80:./Middlewares/ST/usbx/common/core/src/ux_host_stack_hcd_thread_entry.c **** /*  01-31-2022     Chaoqiong Xiao           Modified comment(s),          */
  81:./Middlewares/ST/usbx/common/core/src/ux_host_stack_hcd_thread_entry.c **** /*                                            refined macros names,       */
  82:./Middlewares/ST/usbx/common/core/src/ux_host_stack_hcd_thread_entry.c **** /*                                            resulting in version 6.1.10 */
  83:./Middlewares/ST/usbx/common/core/src/ux_host_stack_hcd_thread_entry.c **** /*                                                                        */
  84:./Middlewares/ST/usbx/common/core/src/ux_host_stack_hcd_thread_entry.c **** /**************************************************************************/
  85:./Middlewares/ST/usbx/common/core/src/ux_host_stack_hcd_thread_entry.c **** VOID  _ux_host_stack_hcd_thread_entry(ULONG input)
  86:./Middlewares/ST/usbx/common/core/src/ux_host_stack_hcd_thread_entry.c **** {
  29              		.loc 1 86 1 view -0
ARM GAS  C:\Users\Dennis\AppData\Local\Temp\cc8wxw3y.s 			page 3


  30              		.cfi_startproc
  31              		@ args = 0, pretend = 0, frame = 0
  32              		@ frame_needed = 0, uses_anonymous_args = 0
  33              	.LVL0:
  34              		.loc 1 86 1 is_stmt 0 view .LVU1
  35 0000 38B5     		push	{r3, r4, r5, lr}
  36              	.LCFI0:
  37              		.cfi_def_cfa_offset 16
  38              		.cfi_offset 3, -16
  39              		.cfi_offset 4, -12
  40              		.cfi_offset 5, -8
  41              		.cfi_offset 14, -4
  42 0002 0CE0     		b	.L5
  43              	.LVL1:
  44              	.L4:
  87:./Middlewares/ST/usbx/common/core/src/ux_host_stack_hcd_thread_entry.c **** 
  88:./Middlewares/ST/usbx/common/core/src/ux_host_stack_hcd_thread_entry.c **** UINT        hcd_index;
  89:./Middlewares/ST/usbx/common/core/src/ux_host_stack_hcd_thread_entry.c **** UX_HCD      *hcd;
  90:./Middlewares/ST/usbx/common/core/src/ux_host_stack_hcd_thread_entry.c **** UX_INTERRUPT_SAVE_AREA
  91:./Middlewares/ST/usbx/common/core/src/ux_host_stack_hcd_thread_entry.c ****     
  92:./Middlewares/ST/usbx/common/core/src/ux_host_stack_hcd_thread_entry.c ****     UX_PARAMETER_NOT_USED(input);
  93:./Middlewares/ST/usbx/common/core/src/ux_host_stack_hcd_thread_entry.c **** 
  94:./Middlewares/ST/usbx/common/core/src/ux_host_stack_hcd_thread_entry.c ****     /* Loop forever on the semaphore. The semaphore is used to signal that 
  95:./Middlewares/ST/usbx/common/core/src/ux_host_stack_hcd_thread_entry.c ****        there is work for one or more HCDs.  */     
  96:./Middlewares/ST/usbx/common/core/src/ux_host_stack_hcd_thread_entry.c ****     while (1)
  97:./Middlewares/ST/usbx/common/core/src/ux_host_stack_hcd_thread_entry.c ****     {   
  98:./Middlewares/ST/usbx/common/core/src/ux_host_stack_hcd_thread_entry.c **** 
  99:./Middlewares/ST/usbx/common/core/src/ux_host_stack_hcd_thread_entry.c ****         /* Get the semaphore that signals something is available for this
 100:./Middlewares/ST/usbx/common/core/src/ux_host_stack_hcd_thread_entry.c ****            thread to process.  */
 101:./Middlewares/ST/usbx/common/core/src/ux_host_stack_hcd_thread_entry.c ****         _ux_host_semaphore_get_norc(&_ux_system_host -> ux_system_host_hcd_semaphore, UX_WAIT_FOREV
 102:./Middlewares/ST/usbx/common/core/src/ux_host_stack_hcd_thread_entry.c **** 
 103:./Middlewares/ST/usbx/common/core/src/ux_host_stack_hcd_thread_entry.c **** #if UX_MAX_HCD > 1
 104:./Middlewares/ST/usbx/common/core/src/ux_host_stack_hcd_thread_entry.c ****         /* This thread was awaken by one or more HCD controllers. Check each of the HCDs 
 105:./Middlewares/ST/usbx/common/core/src/ux_host_stack_hcd_thread_entry.c ****            to see who posted work to do. */  
 106:./Middlewares/ST/usbx/common/core/src/ux_host_stack_hcd_thread_entry.c ****         for(hcd_index = 0; hcd_index < _ux_system_host -> ux_system_host_max_hcd; hcd_index++)
 107:./Middlewares/ST/usbx/common/core/src/ux_host_stack_hcd_thread_entry.c ****         {
 108:./Middlewares/ST/usbx/common/core/src/ux_host_stack_hcd_thread_entry.c **** #else
 109:./Middlewares/ST/usbx/common/core/src/ux_host_stack_hcd_thread_entry.c ****             hcd_index = 0;
 110:./Middlewares/ST/usbx/common/core/src/ux_host_stack_hcd_thread_entry.c **** #endif
 111:./Middlewares/ST/usbx/common/core/src/ux_host_stack_hcd_thread_entry.c **** 
 112:./Middlewares/ST/usbx/common/core/src/ux_host_stack_hcd_thread_entry.c ****             /* Pickup HCD pointer.  */
 113:./Middlewares/ST/usbx/common/core/src/ux_host_stack_hcd_thread_entry.c ****             hcd =  &_ux_system_host -> ux_system_host_hcd_array[hcd_index];
  45              		.loc 1 113 13 is_stmt 1 view .LVU2
  46              		.loc 1 113 37 is_stmt 0 view .LVU3
  47 0004 1D69     		ldr	r5, [r3, #16]
  48              		.loc 1 113 17 view .LVU4
  49 0006 9423     		movs	r3, #148
  50 0008 03FB0455 		mla	r5, r3, r4, r5
  51              	.LVL2:
 114:./Middlewares/ST/usbx/common/core/src/ux_host_stack_hcd_thread_entry.c **** 
 115:./Middlewares/ST/usbx/common/core/src/ux_host_stack_hcd_thread_entry.c ****             /* Is there work to do for this HCD?  */
 116:./Middlewares/ST/usbx/common/core/src/ux_host_stack_hcd_thread_entry.c ****             if((hcd -> ux_hcd_status == UX_HCD_STATUS_OPERATIONAL) && (hcd -> ux_hcd_thread_signal 
  52              		.loc 1 116 13 is_stmt 1 view .LVU5
  53              		.loc 1 116 21 is_stmt 0 view .LVU6
  54 000c 2B6C     		ldr	r3, [r5, #64]
  55              		.loc 1 116 15 view .LVU7
  56 000e 022B     		cmp	r3, #2
ARM GAS  C:\Users\Dennis\AppData\Local\Temp\cc8wxw3y.s 			page 4


  57 0010 0FD0     		beq	.L7
  58              	.L3:
 106:./Middlewares/ST/usbx/common/core/src/ux_host_stack_hcd_thread_entry.c ****         {
  59              		.loc 1 106 83 is_stmt 1 discriminator 2 view .LVU8
 106:./Middlewares/ST/usbx/common/core/src/ux_host_stack_hcd_thread_entry.c ****         {
  60              		.loc 1 106 92 is_stmt 0 discriminator 2 view .LVU9
  61 0012 0134     		adds	r4, r4, #1
  62              	.LVL3:
  63              	.L2:
 106:./Middlewares/ST/usbx/common/core/src/ux_host_stack_hcd_thread_entry.c ****         {
  64              		.loc 1 106 28 is_stmt 1 discriminator 1 view .LVU10
 106:./Middlewares/ST/usbx/common/core/src/ux_host_stack_hcd_thread_entry.c ****         {
  65              		.loc 1 106 56 is_stmt 0 discriminator 1 view .LVU11
  66 0014 0F4B     		ldr	r3, .L8
  67 0016 1B68     		ldr	r3, [r3]
  68 0018 9A68     		ldr	r2, [r3, #8]
 106:./Middlewares/ST/usbx/common/core/src/ux_host_stack_hcd_thread_entry.c ****         {
  69              		.loc 1 106 9 discriminator 1 view .LVU12
  70 001a A242     		cmp	r2, r4
  71 001c F2D8     		bhi	.L4
  72              	.LVL4:
  73              	.L5:
  88:./Middlewares/ST/usbx/common/core/src/ux_host_stack_hcd_thread_entry.c **** UX_HCD      *hcd;
  74              		.loc 1 88 1 is_stmt 1 view .LVU13
  89:./Middlewares/ST/usbx/common/core/src/ux_host_stack_hcd_thread_entry.c **** UX_INTERRUPT_SAVE_AREA
  75              		.loc 1 89 1 view .LVU14
  90:./Middlewares/ST/usbx/common/core/src/ux_host_stack_hcd_thread_entry.c ****     
  76              		.loc 1 90 1 view .LVU15
  92:./Middlewares/ST/usbx/common/core/src/ux_host_stack_hcd_thread_entry.c **** 
  77              		.loc 1 92 5 view .LVU16
  96:./Middlewares/ST/usbx/common/core/src/ux_host_stack_hcd_thread_entry.c ****     {   
  78              		.loc 1 96 5 view .LVU17
 101:./Middlewares/ST/usbx/common/core/src/ux_host_stack_hcd_thread_entry.c **** 
  79              		.loc 1 101 9 view .LVU18
 101:./Middlewares/ST/usbx/common/core/src/ux_host_stack_hcd_thread_entry.c **** 
  80              		.loc 1 101 54 is_stmt 0 view .LVU19
  81 001e 0D4B     		ldr	r3, .L8
  82 0020 1868     		ldr	r0, [r3]
 101:./Middlewares/ST/usbx/common/core/src/ux_host_stack_hcd_thread_entry.c **** 
  83              		.loc 1 101 9 view .LVU20
  84 0022 4FF0FF31 		mov	r1, #-1
  85 0026 00F5D870 		add	r0, r0, #432
  86 002a FFF7FEFF 		bl	_ux_utility_semaphore_get
  87              	.LVL5:
 106:./Middlewares/ST/usbx/common/core/src/ux_host_stack_hcd_thread_entry.c ****         {
  88              		.loc 1 106 9 is_stmt 1 view .LVU21
 106:./Middlewares/ST/usbx/common/core/src/ux_host_stack_hcd_thread_entry.c ****         {
  89              		.loc 1 106 23 is_stmt 0 view .LVU22
  90 002e 0024     		movs	r4, #0
 106:./Middlewares/ST/usbx/common/core/src/ux_host_stack_hcd_thread_entry.c ****         {
  91              		.loc 1 106 9 view .LVU23
  92 0030 F0E7     		b	.L2
  93              	.LVL6:
  94              	.L7:
  95              		.loc 1 116 76 discriminator 1 view .LVU24
  96 0032 6B6E     		ldr	r3, [r5, #100]
  97              		.loc 1 116 68 discriminator 1 view .LVU25
ARM GAS  C:\Users\Dennis\AppData\Local\Temp\cc8wxw3y.s 			page 5


  98 0034 002B     		cmp	r3, #0
  99 0036 ECD0     		beq	.L3
 117:./Middlewares/ST/usbx/common/core/src/ux_host_stack_hcd_thread_entry.c ****             {
 118:./Middlewares/ST/usbx/common/core/src/ux_host_stack_hcd_thread_entry.c **** 
 119:./Middlewares/ST/usbx/common/core/src/ux_host_stack_hcd_thread_entry.c ****                 /* Yes, call the HCD function to process the work.  */
 120:./Middlewares/ST/usbx/common/core/src/ux_host_stack_hcd_thread_entry.c ****                 hcd -> ux_hcd_entry_function(hcd, UX_HCD_PROCESS_DONE_QUEUE, UX_NULL);
 100              		.loc 1 120 17 is_stmt 1 view .LVU26
 101              		.loc 1 120 21 is_stmt 0 view .LVU27
 102 0038 2B6F     		ldr	r3, [r5, #112]
 103              		.loc 1 120 17 view .LVU28
 104 003a 0022     		movs	r2, #0
 105 003c 1121     		movs	r1, #17
 106 003e 2846     		mov	r0, r5
 107 0040 9847     		blx	r3
 108              	.LVL7:
 121:./Middlewares/ST/usbx/common/core/src/ux_host_stack_hcd_thread_entry.c ****                 UX_DISABLE
 109              		.loc 1 121 17 is_stmt 1 view .LVU29
 110              	.LBB10:
 111              	.LBI10:
 112              		.file 2 "./Middlewares/ST/threadx/ports/cortex_m4/gnu/inc/tx_port.h"
   1:./Middlewares/ST/threadx/ports/cortex_m4/gnu/inc/tx_port.h **** /**************************************************************************/
   2:./Middlewares/ST/threadx/ports/cortex_m4/gnu/inc/tx_port.h **** /*                                                                        */
   3:./Middlewares/ST/threadx/ports/cortex_m4/gnu/inc/tx_port.h **** /*       Copyright (c) Microsoft Corporation. All rights reserved.        */
   4:./Middlewares/ST/threadx/ports/cortex_m4/gnu/inc/tx_port.h **** /*                                                                        */
   5:./Middlewares/ST/threadx/ports/cortex_m4/gnu/inc/tx_port.h **** /*       This software is licensed under the Microsoft Software License   */
   6:./Middlewares/ST/threadx/ports/cortex_m4/gnu/inc/tx_port.h **** /*       Terms for Microsoft Azure RTOS. Full text of the license can be  */
   7:./Middlewares/ST/threadx/ports/cortex_m4/gnu/inc/tx_port.h **** /*       found in the LICENSE file at https://aka.ms/AzureRTOS_EULA       */
   8:./Middlewares/ST/threadx/ports/cortex_m4/gnu/inc/tx_port.h **** /*       and in the root directory of this software.                      */
   9:./Middlewares/ST/threadx/ports/cortex_m4/gnu/inc/tx_port.h **** /*                                                                        */
  10:./Middlewares/ST/threadx/ports/cortex_m4/gnu/inc/tx_port.h **** /**************************************************************************/
  11:./Middlewares/ST/threadx/ports/cortex_m4/gnu/inc/tx_port.h **** 
  12:./Middlewares/ST/threadx/ports/cortex_m4/gnu/inc/tx_port.h **** 
  13:./Middlewares/ST/threadx/ports/cortex_m4/gnu/inc/tx_port.h **** /**************************************************************************/
  14:./Middlewares/ST/threadx/ports/cortex_m4/gnu/inc/tx_port.h **** /**************************************************************************/
  15:./Middlewares/ST/threadx/ports/cortex_m4/gnu/inc/tx_port.h **** /**                                                                       */
  16:./Middlewares/ST/threadx/ports/cortex_m4/gnu/inc/tx_port.h **** /** ThreadX Component                                                     */
  17:./Middlewares/ST/threadx/ports/cortex_m4/gnu/inc/tx_port.h **** /**                                                                       */
  18:./Middlewares/ST/threadx/ports/cortex_m4/gnu/inc/tx_port.h **** /**   Port Specific                                                       */
  19:./Middlewares/ST/threadx/ports/cortex_m4/gnu/inc/tx_port.h **** /**                                                                       */
  20:./Middlewares/ST/threadx/ports/cortex_m4/gnu/inc/tx_port.h **** /**************************************************************************/
  21:./Middlewares/ST/threadx/ports/cortex_m4/gnu/inc/tx_port.h **** /**************************************************************************/
  22:./Middlewares/ST/threadx/ports/cortex_m4/gnu/inc/tx_port.h **** 
  23:./Middlewares/ST/threadx/ports/cortex_m4/gnu/inc/tx_port.h **** 
  24:./Middlewares/ST/threadx/ports/cortex_m4/gnu/inc/tx_port.h **** /**************************************************************************/
  25:./Middlewares/ST/threadx/ports/cortex_m4/gnu/inc/tx_port.h **** /*                                                                        */
  26:./Middlewares/ST/threadx/ports/cortex_m4/gnu/inc/tx_port.h **** /*  PORT SPECIFIC C INFORMATION                            RELEASE        */
  27:./Middlewares/ST/threadx/ports/cortex_m4/gnu/inc/tx_port.h **** /*                                                                        */
  28:./Middlewares/ST/threadx/ports/cortex_m4/gnu/inc/tx_port.h **** /*    tx_port.h                                         Cortex-M4/GNU     */
  29:./Middlewares/ST/threadx/ports/cortex_m4/gnu/inc/tx_port.h **** /*                                                           6.1.10       */
  30:./Middlewares/ST/threadx/ports/cortex_m4/gnu/inc/tx_port.h **** /*                                                                        */
  31:./Middlewares/ST/threadx/ports/cortex_m4/gnu/inc/tx_port.h **** /*  AUTHOR                                                                */
  32:./Middlewares/ST/threadx/ports/cortex_m4/gnu/inc/tx_port.h **** /*                                                                        */
  33:./Middlewares/ST/threadx/ports/cortex_m4/gnu/inc/tx_port.h **** /*    Scott Larson, Microsoft Corporation                                 */
  34:./Middlewares/ST/threadx/ports/cortex_m4/gnu/inc/tx_port.h **** /*                                                                        */
  35:./Middlewares/ST/threadx/ports/cortex_m4/gnu/inc/tx_port.h **** /*  DESCRIPTION                                                           */
  36:./Middlewares/ST/threadx/ports/cortex_m4/gnu/inc/tx_port.h **** /*                                                                        */
  37:./Middlewares/ST/threadx/ports/cortex_m4/gnu/inc/tx_port.h **** /*    This file contains data type definitions that make the ThreadX      */
ARM GAS  C:\Users\Dennis\AppData\Local\Temp\cc8wxw3y.s 			page 6


  38:./Middlewares/ST/threadx/ports/cortex_m4/gnu/inc/tx_port.h **** /*    real-time kernel function identically on a variety of different     */
  39:./Middlewares/ST/threadx/ports/cortex_m4/gnu/inc/tx_port.h **** /*    processor architectures.  For example, the size or number of bits   */
  40:./Middlewares/ST/threadx/ports/cortex_m4/gnu/inc/tx_port.h **** /*    in an "int" data type vary between microprocessor architectures and */
  41:./Middlewares/ST/threadx/ports/cortex_m4/gnu/inc/tx_port.h **** /*    even C compilers for the same microprocessor.  ThreadX does not     */
  42:./Middlewares/ST/threadx/ports/cortex_m4/gnu/inc/tx_port.h **** /*    directly use native C data types.  Instead, ThreadX creates its     */
  43:./Middlewares/ST/threadx/ports/cortex_m4/gnu/inc/tx_port.h **** /*    own special types that can be mapped to actual data types by this   */
  44:./Middlewares/ST/threadx/ports/cortex_m4/gnu/inc/tx_port.h **** /*    file to guarantee consistency in the interface and functionality.   */
  45:./Middlewares/ST/threadx/ports/cortex_m4/gnu/inc/tx_port.h **** /*                                                                        */
  46:./Middlewares/ST/threadx/ports/cortex_m4/gnu/inc/tx_port.h **** /*    This file replaces the previous Cortex-M3/M4/M7 files. It unifies   */
  47:./Middlewares/ST/threadx/ports/cortex_m4/gnu/inc/tx_port.h **** /*    the ARMv7-M architecture and compilers into one common file.        */
  48:./Middlewares/ST/threadx/ports/cortex_m4/gnu/inc/tx_port.h **** /*                                                                        */
  49:./Middlewares/ST/threadx/ports/cortex_m4/gnu/inc/tx_port.h **** /*  RELEASE HISTORY                                                       */
  50:./Middlewares/ST/threadx/ports/cortex_m4/gnu/inc/tx_port.h **** /*                                                                        */
  51:./Middlewares/ST/threadx/ports/cortex_m4/gnu/inc/tx_port.h **** /*    DATE              NAME                      DESCRIPTION             */
  52:./Middlewares/ST/threadx/ports/cortex_m4/gnu/inc/tx_port.h **** /*                                                                        */
  53:./Middlewares/ST/threadx/ports/cortex_m4/gnu/inc/tx_port.h **** /*  06-02-2021      Scott Larson            Initial Version 6.1.7         */
  54:./Middlewares/ST/threadx/ports/cortex_m4/gnu/inc/tx_port.h **** /*  01-31-2022      Scott Larson            Modified comments, updated    */
  55:./Middlewares/ST/threadx/ports/cortex_m4/gnu/inc/tx_port.h **** /*                                            typedef to fix misra        */
  56:./Middlewares/ST/threadx/ports/cortex_m4/gnu/inc/tx_port.h **** /*                                            violation,                  */
  57:./Middlewares/ST/threadx/ports/cortex_m4/gnu/inc/tx_port.h **** /*                                            fixed predefined macro,     */
  58:./Middlewares/ST/threadx/ports/cortex_m4/gnu/inc/tx_port.h **** /*                                            resulting in version 6.1.10 */
  59:./Middlewares/ST/threadx/ports/cortex_m4/gnu/inc/tx_port.h **** /*                                                                        */
  60:./Middlewares/ST/threadx/ports/cortex_m4/gnu/inc/tx_port.h **** /**************************************************************************/
  61:./Middlewares/ST/threadx/ports/cortex_m4/gnu/inc/tx_port.h **** 
  62:./Middlewares/ST/threadx/ports/cortex_m4/gnu/inc/tx_port.h **** #ifndef TX_PORT_H
  63:./Middlewares/ST/threadx/ports/cortex_m4/gnu/inc/tx_port.h **** #define TX_PORT_H
  64:./Middlewares/ST/threadx/ports/cortex_m4/gnu/inc/tx_port.h **** 
  65:./Middlewares/ST/threadx/ports/cortex_m4/gnu/inc/tx_port.h **** 
  66:./Middlewares/ST/threadx/ports/cortex_m4/gnu/inc/tx_port.h **** /* Determine if the optional ThreadX user define file should be used.  */
  67:./Middlewares/ST/threadx/ports/cortex_m4/gnu/inc/tx_port.h **** 
  68:./Middlewares/ST/threadx/ports/cortex_m4/gnu/inc/tx_port.h **** #ifdef TX_INCLUDE_USER_DEFINE_FILE
  69:./Middlewares/ST/threadx/ports/cortex_m4/gnu/inc/tx_port.h **** 
  70:./Middlewares/ST/threadx/ports/cortex_m4/gnu/inc/tx_port.h **** /* Yes, include the user defines in tx_user.h. The defines in this file may
  71:./Middlewares/ST/threadx/ports/cortex_m4/gnu/inc/tx_port.h ****    alternately be defined on the command line.  */
  72:./Middlewares/ST/threadx/ports/cortex_m4/gnu/inc/tx_port.h **** 
  73:./Middlewares/ST/threadx/ports/cortex_m4/gnu/inc/tx_port.h **** #include "tx_user.h"
  74:./Middlewares/ST/threadx/ports/cortex_m4/gnu/inc/tx_port.h **** #endif
  75:./Middlewares/ST/threadx/ports/cortex_m4/gnu/inc/tx_port.h **** 
  76:./Middlewares/ST/threadx/ports/cortex_m4/gnu/inc/tx_port.h **** 
  77:./Middlewares/ST/threadx/ports/cortex_m4/gnu/inc/tx_port.h **** /* Define compiler library include files.  */
  78:./Middlewares/ST/threadx/ports/cortex_m4/gnu/inc/tx_port.h **** 
  79:./Middlewares/ST/threadx/ports/cortex_m4/gnu/inc/tx_port.h **** #include <stdlib.h>
  80:./Middlewares/ST/threadx/ports/cortex_m4/gnu/inc/tx_port.h **** #include <string.h>
  81:./Middlewares/ST/threadx/ports/cortex_m4/gnu/inc/tx_port.h **** 
  82:./Middlewares/ST/threadx/ports/cortex_m4/gnu/inc/tx_port.h **** #ifdef __ICCARM__
  83:./Middlewares/ST/threadx/ports/cortex_m4/gnu/inc/tx_port.h **** #include <intrinsics.h>                     /* IAR Intrinsics */
  84:./Middlewares/ST/threadx/ports/cortex_m4/gnu/inc/tx_port.h **** #define __asm__ __asm                       /* Define to make all inline asm look similar */
  85:./Middlewares/ST/threadx/ports/cortex_m4/gnu/inc/tx_port.h **** #ifdef  TX_ENABLE_IAR_LIBRARY_SUPPORT
  86:./Middlewares/ST/threadx/ports/cortex_m4/gnu/inc/tx_port.h **** #include <yvals.h>
  87:./Middlewares/ST/threadx/ports/cortex_m4/gnu/inc/tx_port.h **** #endif
  88:./Middlewares/ST/threadx/ports/cortex_m4/gnu/inc/tx_port.h **** #endif /* __ICCARM__ */
  89:./Middlewares/ST/threadx/ports/cortex_m4/gnu/inc/tx_port.h **** 
  90:./Middlewares/ST/threadx/ports/cortex_m4/gnu/inc/tx_port.h **** #ifdef __ghs__
  91:./Middlewares/ST/threadx/ports/cortex_m4/gnu/inc/tx_port.h **** #include <arm_ghs.h>
  92:./Middlewares/ST/threadx/ports/cortex_m4/gnu/inc/tx_port.h **** #include "tx_ghs.h"
  93:./Middlewares/ST/threadx/ports/cortex_m4/gnu/inc/tx_port.h **** #endif  /* __ghs__ */
  94:./Middlewares/ST/threadx/ports/cortex_m4/gnu/inc/tx_port.h **** 
ARM GAS  C:\Users\Dennis\AppData\Local\Temp\cc8wxw3y.s 			page 7


  95:./Middlewares/ST/threadx/ports/cortex_m4/gnu/inc/tx_port.h **** 
  96:./Middlewares/ST/threadx/ports/cortex_m4/gnu/inc/tx_port.h **** #if !defined(__GNUC__) && !defined(__CC_ARM)
  97:./Middlewares/ST/threadx/ports/cortex_m4/gnu/inc/tx_port.h **** #define __get_control_value __get_CONTROL
  98:./Middlewares/ST/threadx/ports/cortex_m4/gnu/inc/tx_port.h **** #define __set_control_value __set_CONTROL
  99:./Middlewares/ST/threadx/ports/cortex_m4/gnu/inc/tx_port.h **** #endif
 100:./Middlewares/ST/threadx/ports/cortex_m4/gnu/inc/tx_port.h **** 
 101:./Middlewares/ST/threadx/ports/cortex_m4/gnu/inc/tx_port.h **** #ifndef __GNUC__
 102:./Middlewares/ST/threadx/ports/cortex_m4/gnu/inc/tx_port.h **** #define __get_ipsr_value __get_IPSR
 103:./Middlewares/ST/threadx/ports/cortex_m4/gnu/inc/tx_port.h **** #endif
 104:./Middlewares/ST/threadx/ports/cortex_m4/gnu/inc/tx_port.h **** 
 105:./Middlewares/ST/threadx/ports/cortex_m4/gnu/inc/tx_port.h **** /* Define ThreadX basic types for this port.  */
 106:./Middlewares/ST/threadx/ports/cortex_m4/gnu/inc/tx_port.h **** 
 107:./Middlewares/ST/threadx/ports/cortex_m4/gnu/inc/tx_port.h **** #define VOID                                    void
 108:./Middlewares/ST/threadx/ports/cortex_m4/gnu/inc/tx_port.h **** typedef char                                    CHAR;
 109:./Middlewares/ST/threadx/ports/cortex_m4/gnu/inc/tx_port.h **** typedef unsigned char                           UCHAR;
 110:./Middlewares/ST/threadx/ports/cortex_m4/gnu/inc/tx_port.h **** typedef int                                     INT;
 111:./Middlewares/ST/threadx/ports/cortex_m4/gnu/inc/tx_port.h **** typedef unsigned int                            UINT;
 112:./Middlewares/ST/threadx/ports/cortex_m4/gnu/inc/tx_port.h **** typedef long                                    LONG;
 113:./Middlewares/ST/threadx/ports/cortex_m4/gnu/inc/tx_port.h **** typedef unsigned long                           ULONG;
 114:./Middlewares/ST/threadx/ports/cortex_m4/gnu/inc/tx_port.h **** typedef unsigned long long                      ULONG64;
 115:./Middlewares/ST/threadx/ports/cortex_m4/gnu/inc/tx_port.h **** typedef short                                   SHORT;
 116:./Middlewares/ST/threadx/ports/cortex_m4/gnu/inc/tx_port.h **** typedef unsigned short                          USHORT;
 117:./Middlewares/ST/threadx/ports/cortex_m4/gnu/inc/tx_port.h **** #define ULONG64_DEFINED
 118:./Middlewares/ST/threadx/ports/cortex_m4/gnu/inc/tx_port.h **** 
 119:./Middlewares/ST/threadx/ports/cortex_m4/gnu/inc/tx_port.h **** /* Define the priority levels for ThreadX.  Legal values range
 120:./Middlewares/ST/threadx/ports/cortex_m4/gnu/inc/tx_port.h ****    from 32 to 1024 and MUST be evenly divisible by 32.  */
 121:./Middlewares/ST/threadx/ports/cortex_m4/gnu/inc/tx_port.h **** 
 122:./Middlewares/ST/threadx/ports/cortex_m4/gnu/inc/tx_port.h **** #ifndef TX_MAX_PRIORITIES
 123:./Middlewares/ST/threadx/ports/cortex_m4/gnu/inc/tx_port.h **** #define TX_MAX_PRIORITIES                       32
 124:./Middlewares/ST/threadx/ports/cortex_m4/gnu/inc/tx_port.h **** #endif
 125:./Middlewares/ST/threadx/ports/cortex_m4/gnu/inc/tx_port.h **** 
 126:./Middlewares/ST/threadx/ports/cortex_m4/gnu/inc/tx_port.h **** 
 127:./Middlewares/ST/threadx/ports/cortex_m4/gnu/inc/tx_port.h **** /* Define the minimum stack for a ThreadX thread on this processor. If the size supplied during
 128:./Middlewares/ST/threadx/ports/cortex_m4/gnu/inc/tx_port.h ****    thread creation is less than this value, the thread create call will return an error.  */
 129:./Middlewares/ST/threadx/ports/cortex_m4/gnu/inc/tx_port.h **** 
 130:./Middlewares/ST/threadx/ports/cortex_m4/gnu/inc/tx_port.h **** #ifndef TX_MINIMUM_STACK
 131:./Middlewares/ST/threadx/ports/cortex_m4/gnu/inc/tx_port.h **** #define TX_MINIMUM_STACK                        200         /* Minimum stack size for this port  */
 132:./Middlewares/ST/threadx/ports/cortex_m4/gnu/inc/tx_port.h **** #endif
 133:./Middlewares/ST/threadx/ports/cortex_m4/gnu/inc/tx_port.h **** 
 134:./Middlewares/ST/threadx/ports/cortex_m4/gnu/inc/tx_port.h **** 
 135:./Middlewares/ST/threadx/ports/cortex_m4/gnu/inc/tx_port.h **** /* Define the system timer thread's default stack size and priority.  These are only applicable
 136:./Middlewares/ST/threadx/ports/cortex_m4/gnu/inc/tx_port.h ****    if TX_TIMER_PROCESS_IN_ISR is not defined.  */
 137:./Middlewares/ST/threadx/ports/cortex_m4/gnu/inc/tx_port.h **** 
 138:./Middlewares/ST/threadx/ports/cortex_m4/gnu/inc/tx_port.h **** #ifndef TX_TIMER_THREAD_STACK_SIZE
 139:./Middlewares/ST/threadx/ports/cortex_m4/gnu/inc/tx_port.h **** #define TX_TIMER_THREAD_STACK_SIZE              1024        /* Default timer thread stack size  */
 140:./Middlewares/ST/threadx/ports/cortex_m4/gnu/inc/tx_port.h **** #endif
 141:./Middlewares/ST/threadx/ports/cortex_m4/gnu/inc/tx_port.h **** 
 142:./Middlewares/ST/threadx/ports/cortex_m4/gnu/inc/tx_port.h **** #ifndef TX_TIMER_THREAD_PRIORITY
 143:./Middlewares/ST/threadx/ports/cortex_m4/gnu/inc/tx_port.h **** #define TX_TIMER_THREAD_PRIORITY                0           /* Default timer thread priority    */
 144:./Middlewares/ST/threadx/ports/cortex_m4/gnu/inc/tx_port.h **** #endif
 145:./Middlewares/ST/threadx/ports/cortex_m4/gnu/inc/tx_port.h **** 
 146:./Middlewares/ST/threadx/ports/cortex_m4/gnu/inc/tx_port.h **** 
 147:./Middlewares/ST/threadx/ports/cortex_m4/gnu/inc/tx_port.h **** /* Define various constants for the ThreadX Cortex-M port.  */
 148:./Middlewares/ST/threadx/ports/cortex_m4/gnu/inc/tx_port.h **** 
 149:./Middlewares/ST/threadx/ports/cortex_m4/gnu/inc/tx_port.h **** #define TX_INT_DISABLE                          1           /* Disable interrupts               */
 150:./Middlewares/ST/threadx/ports/cortex_m4/gnu/inc/tx_port.h **** #define TX_INT_ENABLE                           0           /* Enable interrupts                */
 151:./Middlewares/ST/threadx/ports/cortex_m4/gnu/inc/tx_port.h **** 
ARM GAS  C:\Users\Dennis\AppData\Local\Temp\cc8wxw3y.s 			page 8


 152:./Middlewares/ST/threadx/ports/cortex_m4/gnu/inc/tx_port.h **** 
 153:./Middlewares/ST/threadx/ports/cortex_m4/gnu/inc/tx_port.h **** /* Define the clock source for trace event entry time stamp. The following two item are port specif
 154:./Middlewares/ST/threadx/ports/cortex_m4/gnu/inc/tx_port.h ****    For example, if the time source is at the address 0x0a800024 and is 16-bits in size, the clock
 155:./Middlewares/ST/threadx/ports/cortex_m4/gnu/inc/tx_port.h ****    source constants would be:
 156:./Middlewares/ST/threadx/ports/cortex_m4/gnu/inc/tx_port.h **** 
 157:./Middlewares/ST/threadx/ports/cortex_m4/gnu/inc/tx_port.h **** #define TX_TRACE_TIME_SOURCE                    *((ULONG *) 0x0a800024)
 158:./Middlewares/ST/threadx/ports/cortex_m4/gnu/inc/tx_port.h **** #define TX_TRACE_TIME_MASK                      0x0000FFFFUL
 159:./Middlewares/ST/threadx/ports/cortex_m4/gnu/inc/tx_port.h **** 
 160:./Middlewares/ST/threadx/ports/cortex_m4/gnu/inc/tx_port.h **** */
 161:./Middlewares/ST/threadx/ports/cortex_m4/gnu/inc/tx_port.h **** 
 162:./Middlewares/ST/threadx/ports/cortex_m4/gnu/inc/tx_port.h **** #ifndef TX_MISRA_ENABLE
 163:./Middlewares/ST/threadx/ports/cortex_m4/gnu/inc/tx_port.h **** #ifndef TX_TRACE_TIME_SOURCE
 164:./Middlewares/ST/threadx/ports/cortex_m4/gnu/inc/tx_port.h **** #define TX_TRACE_TIME_SOURCE                    *((ULONG *) 0xE0001004)
 165:./Middlewares/ST/threadx/ports/cortex_m4/gnu/inc/tx_port.h **** #endif
 166:./Middlewares/ST/threadx/ports/cortex_m4/gnu/inc/tx_port.h **** #else
 167:./Middlewares/ST/threadx/ports/cortex_m4/gnu/inc/tx_port.h **** ULONG   _tx_misra_time_stamp_get(VOID);
 168:./Middlewares/ST/threadx/ports/cortex_m4/gnu/inc/tx_port.h **** #define TX_TRACE_TIME_SOURCE                    _tx_misra_time_stamp_get()
 169:./Middlewares/ST/threadx/ports/cortex_m4/gnu/inc/tx_port.h **** #endif
 170:./Middlewares/ST/threadx/ports/cortex_m4/gnu/inc/tx_port.h **** 
 171:./Middlewares/ST/threadx/ports/cortex_m4/gnu/inc/tx_port.h **** #ifndef TX_TRACE_TIME_MASK
 172:./Middlewares/ST/threadx/ports/cortex_m4/gnu/inc/tx_port.h **** #define TX_TRACE_TIME_MASK                      0xFFFFFFFFUL
 173:./Middlewares/ST/threadx/ports/cortex_m4/gnu/inc/tx_port.h **** #endif
 174:./Middlewares/ST/threadx/ports/cortex_m4/gnu/inc/tx_port.h **** 
 175:./Middlewares/ST/threadx/ports/cortex_m4/gnu/inc/tx_port.h **** #ifdef __ghs__
 176:./Middlewares/ST/threadx/ports/cortex_m4/gnu/inc/tx_port.h **** /* Define constants for Green Hills EventAnalyzer.  */
 177:./Middlewares/ST/threadx/ports/cortex_m4/gnu/inc/tx_port.h **** 
 178:./Middlewares/ST/threadx/ports/cortex_m4/gnu/inc/tx_port.h **** /* Define the number of ticks per second. This informs the EventAnalyzer what the timestamps
 179:./Middlewares/ST/threadx/ports/cortex_m4/gnu/inc/tx_port.h ****    represent.  By default, this is set to 1,000,000 i.e., one tick every microsecond. */
 180:./Middlewares/ST/threadx/ports/cortex_m4/gnu/inc/tx_port.h **** 
 181:./Middlewares/ST/threadx/ports/cortex_m4/gnu/inc/tx_port.h **** #define TX_EL_TICKS_PER_SECOND                  1000000
 182:./Middlewares/ST/threadx/ports/cortex_m4/gnu/inc/tx_port.h **** 
 183:./Middlewares/ST/threadx/ports/cortex_m4/gnu/inc/tx_port.h **** /* Define the method of how to get the upper and lower 32-bits of the time stamp. By default, simpl
 184:./Middlewares/ST/threadx/ports/cortex_m4/gnu/inc/tx_port.h ****    simulate the time-stamp source with a counter.  */
 185:./Middlewares/ST/threadx/ports/cortex_m4/gnu/inc/tx_port.h **** 
 186:./Middlewares/ST/threadx/ports/cortex_m4/gnu/inc/tx_port.h **** #define read_tbu()                              _tx_el_time_base_upper
 187:./Middlewares/ST/threadx/ports/cortex_m4/gnu/inc/tx_port.h **** #define read_tbl()                              ++_tx_el_time_base_lower
 188:./Middlewares/ST/threadx/ports/cortex_m4/gnu/inc/tx_port.h **** #endif  /* __ghs__ */
 189:./Middlewares/ST/threadx/ports/cortex_m4/gnu/inc/tx_port.h **** 
 190:./Middlewares/ST/threadx/ports/cortex_m4/gnu/inc/tx_port.h **** /* Define the port specific options for the _tx_build_options variable. This variable indicates
 191:./Middlewares/ST/threadx/ports/cortex_m4/gnu/inc/tx_port.h ****    how the ThreadX library was built.  */
 192:./Middlewares/ST/threadx/ports/cortex_m4/gnu/inc/tx_port.h **** 
 193:./Middlewares/ST/threadx/ports/cortex_m4/gnu/inc/tx_port.h **** #define TX_PORT_SPECIFIC_BUILD_OPTIONS          (0)
 194:./Middlewares/ST/threadx/ports/cortex_m4/gnu/inc/tx_port.h **** 
 195:./Middlewares/ST/threadx/ports/cortex_m4/gnu/inc/tx_port.h **** 
 196:./Middlewares/ST/threadx/ports/cortex_m4/gnu/inc/tx_port.h **** /* Define the in-line initialization constant so that modules with in-line
 197:./Middlewares/ST/threadx/ports/cortex_m4/gnu/inc/tx_port.h ****    initialization capabilities can prevent their initialization from being
 198:./Middlewares/ST/threadx/ports/cortex_m4/gnu/inc/tx_port.h ****    a function call.  */
 199:./Middlewares/ST/threadx/ports/cortex_m4/gnu/inc/tx_port.h **** 
 200:./Middlewares/ST/threadx/ports/cortex_m4/gnu/inc/tx_port.h **** #ifdef TX_MISRA_ENABLE
 201:./Middlewares/ST/threadx/ports/cortex_m4/gnu/inc/tx_port.h **** #define TX_DISABLE_INLINE
 202:./Middlewares/ST/threadx/ports/cortex_m4/gnu/inc/tx_port.h **** #else
 203:./Middlewares/ST/threadx/ports/cortex_m4/gnu/inc/tx_port.h **** #define TX_INLINE_INITIALIZATION
 204:./Middlewares/ST/threadx/ports/cortex_m4/gnu/inc/tx_port.h **** #endif
 205:./Middlewares/ST/threadx/ports/cortex_m4/gnu/inc/tx_port.h **** 
 206:./Middlewares/ST/threadx/ports/cortex_m4/gnu/inc/tx_port.h **** 
 207:./Middlewares/ST/threadx/ports/cortex_m4/gnu/inc/tx_port.h **** /* Determine whether or not stack checking is enabled. By default, ThreadX stack checking is
 208:./Middlewares/ST/threadx/ports/cortex_m4/gnu/inc/tx_port.h ****    disabled. When the following is defined, ThreadX thread stack checking is enabled.  If stack
ARM GAS  C:\Users\Dennis\AppData\Local\Temp\cc8wxw3y.s 			page 9


 209:./Middlewares/ST/threadx/ports/cortex_m4/gnu/inc/tx_port.h ****    checking is enabled (TX_ENABLE_STACK_CHECKING is defined), the TX_DISABLE_STACK_FILLING
 210:./Middlewares/ST/threadx/ports/cortex_m4/gnu/inc/tx_port.h ****    define is negated, thereby forcing the stack fill which is necessary for the stack checking
 211:./Middlewares/ST/threadx/ports/cortex_m4/gnu/inc/tx_port.h ****    logic.  */
 212:./Middlewares/ST/threadx/ports/cortex_m4/gnu/inc/tx_port.h **** 
 213:./Middlewares/ST/threadx/ports/cortex_m4/gnu/inc/tx_port.h **** #ifndef TX_MISRA_ENABLE
 214:./Middlewares/ST/threadx/ports/cortex_m4/gnu/inc/tx_port.h **** #ifdef TX_ENABLE_STACK_CHECKING
 215:./Middlewares/ST/threadx/ports/cortex_m4/gnu/inc/tx_port.h **** #undef TX_DISABLE_STACK_FILLING
 216:./Middlewares/ST/threadx/ports/cortex_m4/gnu/inc/tx_port.h **** #endif
 217:./Middlewares/ST/threadx/ports/cortex_m4/gnu/inc/tx_port.h **** #endif
 218:./Middlewares/ST/threadx/ports/cortex_m4/gnu/inc/tx_port.h **** 
 219:./Middlewares/ST/threadx/ports/cortex_m4/gnu/inc/tx_port.h **** 
 220:./Middlewares/ST/threadx/ports/cortex_m4/gnu/inc/tx_port.h **** /* Define the TX_THREAD control block extensions for this port. The main reason
 221:./Middlewares/ST/threadx/ports/cortex_m4/gnu/inc/tx_port.h ****    for the multiple macros is so that backward compatibility can be maintained with
 222:./Middlewares/ST/threadx/ports/cortex_m4/gnu/inc/tx_port.h ****    existing ThreadX kernel awareness modules.  */
 223:./Middlewares/ST/threadx/ports/cortex_m4/gnu/inc/tx_port.h **** 
 224:./Middlewares/ST/threadx/ports/cortex_m4/gnu/inc/tx_port.h **** #define TX_THREAD_EXTENSION_0
 225:./Middlewares/ST/threadx/ports/cortex_m4/gnu/inc/tx_port.h **** #define TX_THREAD_EXTENSION_1
 226:./Middlewares/ST/threadx/ports/cortex_m4/gnu/inc/tx_port.h **** #ifdef  TX_ENABLE_IAR_LIBRARY_SUPPORT
 227:./Middlewares/ST/threadx/ports/cortex_m4/gnu/inc/tx_port.h **** #define TX_THREAD_EXTENSION_2           VOID    *tx_thread_iar_tls_pointer;
 228:./Middlewares/ST/threadx/ports/cortex_m4/gnu/inc/tx_port.h **** #elif defined(__ghs__)
 229:./Middlewares/ST/threadx/ports/cortex_m4/gnu/inc/tx_port.h **** #define TX_THREAD_EXTENSION_2           VOID *  tx_thread_eh_globals;                           \
 230:./Middlewares/ST/threadx/ports/cortex_m4/gnu/inc/tx_port.h ****                                         int     Errno;             /* errno.  */                \
 231:./Middlewares/ST/threadx/ports/cortex_m4/gnu/inc/tx_port.h ****                                         char *  strtok_saved_pos;  /* strtok() position.  */
 232:./Middlewares/ST/threadx/ports/cortex_m4/gnu/inc/tx_port.h **** #else
 233:./Middlewares/ST/threadx/ports/cortex_m4/gnu/inc/tx_port.h **** #define TX_THREAD_EXTENSION_2
 234:./Middlewares/ST/threadx/ports/cortex_m4/gnu/inc/tx_port.h **** #endif
 235:./Middlewares/ST/threadx/ports/cortex_m4/gnu/inc/tx_port.h **** 
 236:./Middlewares/ST/threadx/ports/cortex_m4/gnu/inc/tx_port.h **** 
 237:./Middlewares/ST/threadx/ports/cortex_m4/gnu/inc/tx_port.h **** #define TX_THREAD_EXTENSION_3
 238:./Middlewares/ST/threadx/ports/cortex_m4/gnu/inc/tx_port.h **** 
 239:./Middlewares/ST/threadx/ports/cortex_m4/gnu/inc/tx_port.h **** 
 240:./Middlewares/ST/threadx/ports/cortex_m4/gnu/inc/tx_port.h **** 
 241:./Middlewares/ST/threadx/ports/cortex_m4/gnu/inc/tx_port.h **** /* Define the port extensions of the remaining ThreadX objects.  */
 242:./Middlewares/ST/threadx/ports/cortex_m4/gnu/inc/tx_port.h **** 
 243:./Middlewares/ST/threadx/ports/cortex_m4/gnu/inc/tx_port.h **** #define TX_BLOCK_POOL_EXTENSION
 244:./Middlewares/ST/threadx/ports/cortex_m4/gnu/inc/tx_port.h **** #define TX_BYTE_POOL_EXTENSION
 245:./Middlewares/ST/threadx/ports/cortex_m4/gnu/inc/tx_port.h **** #define TX_EVENT_FLAGS_GROUP_EXTENSION
 246:./Middlewares/ST/threadx/ports/cortex_m4/gnu/inc/tx_port.h **** #define TX_MUTEX_EXTENSION
 247:./Middlewares/ST/threadx/ports/cortex_m4/gnu/inc/tx_port.h **** #define TX_QUEUE_EXTENSION
 248:./Middlewares/ST/threadx/ports/cortex_m4/gnu/inc/tx_port.h **** #define TX_SEMAPHORE_EXTENSION
 249:./Middlewares/ST/threadx/ports/cortex_m4/gnu/inc/tx_port.h **** #define TX_TIMER_EXTENSION
 250:./Middlewares/ST/threadx/ports/cortex_m4/gnu/inc/tx_port.h **** 
 251:./Middlewares/ST/threadx/ports/cortex_m4/gnu/inc/tx_port.h **** 
 252:./Middlewares/ST/threadx/ports/cortex_m4/gnu/inc/tx_port.h **** /* Define the user extension field of the thread control block.  Nothing
 253:./Middlewares/ST/threadx/ports/cortex_m4/gnu/inc/tx_port.h ****    additional is needed for this port so it is defined as white space.  */
 254:./Middlewares/ST/threadx/ports/cortex_m4/gnu/inc/tx_port.h **** 
 255:./Middlewares/ST/threadx/ports/cortex_m4/gnu/inc/tx_port.h **** #ifndef TX_THREAD_USER_EXTENSION
 256:./Middlewares/ST/threadx/ports/cortex_m4/gnu/inc/tx_port.h **** #define TX_THREAD_USER_EXTENSION
 257:./Middlewares/ST/threadx/ports/cortex_m4/gnu/inc/tx_port.h **** #endif
 258:./Middlewares/ST/threadx/ports/cortex_m4/gnu/inc/tx_port.h **** 
 259:./Middlewares/ST/threadx/ports/cortex_m4/gnu/inc/tx_port.h **** 
 260:./Middlewares/ST/threadx/ports/cortex_m4/gnu/inc/tx_port.h **** /* Define the macros for processing extensions in tx_thread_create, tx_thread_delete,
 261:./Middlewares/ST/threadx/ports/cortex_m4/gnu/inc/tx_port.h ****    tx_thread_shell_entry, and tx_thread_terminate.  */
 262:./Middlewares/ST/threadx/ports/cortex_m4/gnu/inc/tx_port.h **** 
 263:./Middlewares/ST/threadx/ports/cortex_m4/gnu/inc/tx_port.h **** 
 264:./Middlewares/ST/threadx/ports/cortex_m4/gnu/inc/tx_port.h **** #ifdef  TX_ENABLE_IAR_LIBRARY_SUPPORT
 265:./Middlewares/ST/threadx/ports/cortex_m4/gnu/inc/tx_port.h **** #if (__VER__ < 8000000)
ARM GAS  C:\Users\Dennis\AppData\Local\Temp\cc8wxw3y.s 			page 10


 266:./Middlewares/ST/threadx/ports/cortex_m4/gnu/inc/tx_port.h **** #define TX_THREAD_CREATE_EXTENSION(thread_ptr)                      thread_ptr -> tx_thread_iar_tls
 267:./Middlewares/ST/threadx/ports/cortex_m4/gnu/inc/tx_port.h **** #define TX_THREAD_DELETE_EXTENSION(thread_ptr)                      __iar_dlib_perthread_deallocate
 268:./Middlewares/ST/threadx/ports/cortex_m4/gnu/inc/tx_port.h ****                                                                     thread_ptr -> tx_thread_iar_tls
 269:./Middlewares/ST/threadx/ports/cortex_m4/gnu/inc/tx_port.h **** #define TX_PORT_SPECIFIC_PRE_SCHEDULER_INITIALIZATION               __iar_dlib_perthread_access(0);
 270:./Middlewares/ST/threadx/ports/cortex_m4/gnu/inc/tx_port.h **** #else
 271:./Middlewares/ST/threadx/ports/cortex_m4/gnu/inc/tx_port.h **** void    *_tx_iar_create_per_thread_tls_area(void);
 272:./Middlewares/ST/threadx/ports/cortex_m4/gnu/inc/tx_port.h **** void    _tx_iar_destroy_per_thread_tls_area(void *tls_ptr);
 273:./Middlewares/ST/threadx/ports/cortex_m4/gnu/inc/tx_port.h **** void    __iar_Initlocks(void);
 274:./Middlewares/ST/threadx/ports/cortex_m4/gnu/inc/tx_port.h **** 
 275:./Middlewares/ST/threadx/ports/cortex_m4/gnu/inc/tx_port.h **** #define TX_THREAD_CREATE_EXTENSION(thread_ptr)                      thread_ptr -> tx_thread_iar_tls
 276:./Middlewares/ST/threadx/ports/cortex_m4/gnu/inc/tx_port.h **** #define TX_THREAD_DELETE_EXTENSION(thread_ptr)                      do {_tx_iar_destroy_per_thread_
 277:./Middlewares/ST/threadx/ports/cortex_m4/gnu/inc/tx_port.h ****                                                                         thread_ptr -> tx_thread_iar
 278:./Middlewares/ST/threadx/ports/cortex_m4/gnu/inc/tx_port.h **** #define TX_PORT_SPECIFIC_PRE_SCHEDULER_INITIALIZATION               do {__iar_Initlocks();} while(0
 279:./Middlewares/ST/threadx/ports/cortex_m4/gnu/inc/tx_port.h **** #endif
 280:./Middlewares/ST/threadx/ports/cortex_m4/gnu/inc/tx_port.h **** #else
 281:./Middlewares/ST/threadx/ports/cortex_m4/gnu/inc/tx_port.h **** #define TX_THREAD_CREATE_EXTENSION(thread_ptr)
 282:./Middlewares/ST/threadx/ports/cortex_m4/gnu/inc/tx_port.h **** #define TX_THREAD_DELETE_EXTENSION(thread_ptr)
 283:./Middlewares/ST/threadx/ports/cortex_m4/gnu/inc/tx_port.h **** #endif
 284:./Middlewares/ST/threadx/ports/cortex_m4/gnu/inc/tx_port.h **** 
 285:./Middlewares/ST/threadx/ports/cortex_m4/gnu/inc/tx_port.h **** #if defined(__ARMVFP__) || defined(__ARM_PCS_VFP) || defined(__ARM_FP) || defined(__TARGET_FPU_VFP)
 286:./Middlewares/ST/threadx/ports/cortex_m4/gnu/inc/tx_port.h **** 
 287:./Middlewares/ST/threadx/ports/cortex_m4/gnu/inc/tx_port.h **** #ifdef TX_MISRA_ENABLE
 288:./Middlewares/ST/threadx/ports/cortex_m4/gnu/inc/tx_port.h **** 
 289:./Middlewares/ST/threadx/ports/cortex_m4/gnu/inc/tx_port.h **** ULONG  _tx_misra_control_get(void);
 290:./Middlewares/ST/threadx/ports/cortex_m4/gnu/inc/tx_port.h **** void   _tx_misra_control_set(ULONG value);
 291:./Middlewares/ST/threadx/ports/cortex_m4/gnu/inc/tx_port.h **** ULONG  _tx_misra_fpccr_get(void);
 292:./Middlewares/ST/threadx/ports/cortex_m4/gnu/inc/tx_port.h **** void   _tx_misra_vfp_touch(void);
 293:./Middlewares/ST/threadx/ports/cortex_m4/gnu/inc/tx_port.h **** 
 294:./Middlewares/ST/threadx/ports/cortex_m4/gnu/inc/tx_port.h **** #else   /* TX_MISRA_ENABLE not defined */
 295:./Middlewares/ST/threadx/ports/cortex_m4/gnu/inc/tx_port.h **** 
 296:./Middlewares/ST/threadx/ports/cortex_m4/gnu/inc/tx_port.h **** /* Define some helper functions (these are intrinsics in some compilers). */
 297:./Middlewares/ST/threadx/ports/cortex_m4/gnu/inc/tx_port.h **** #ifdef __GNUC__ /* GCC and ARM Compiler 6 */
 298:./Middlewares/ST/threadx/ports/cortex_m4/gnu/inc/tx_port.h **** 
 299:./Middlewares/ST/threadx/ports/cortex_m4/gnu/inc/tx_port.h **** __attribute__( ( always_inline ) ) static inline ULONG __get_control_value(void)
 300:./Middlewares/ST/threadx/ports/cortex_m4/gnu/inc/tx_port.h **** {
 301:./Middlewares/ST/threadx/ports/cortex_m4/gnu/inc/tx_port.h **** ULONG  control_value;
 302:./Middlewares/ST/threadx/ports/cortex_m4/gnu/inc/tx_port.h **** 
 303:./Middlewares/ST/threadx/ports/cortex_m4/gnu/inc/tx_port.h ****     __asm__ volatile (" MRS  %0,CONTROL ": "=r" (control_value) );
 304:./Middlewares/ST/threadx/ports/cortex_m4/gnu/inc/tx_port.h ****     return(control_value);
 305:./Middlewares/ST/threadx/ports/cortex_m4/gnu/inc/tx_port.h **** }
 306:./Middlewares/ST/threadx/ports/cortex_m4/gnu/inc/tx_port.h **** 
 307:./Middlewares/ST/threadx/ports/cortex_m4/gnu/inc/tx_port.h **** __attribute__( ( always_inline ) ) static inline void __set_control_value(ULONG control_value)
 308:./Middlewares/ST/threadx/ports/cortex_m4/gnu/inc/tx_port.h **** {
 309:./Middlewares/ST/threadx/ports/cortex_m4/gnu/inc/tx_port.h ****     __asm__ volatile (" MSR  CONTROL,%0": : "r" (control_value): "memory" );
 310:./Middlewares/ST/threadx/ports/cortex_m4/gnu/inc/tx_port.h **** }
 311:./Middlewares/ST/threadx/ports/cortex_m4/gnu/inc/tx_port.h **** 
 312:./Middlewares/ST/threadx/ports/cortex_m4/gnu/inc/tx_port.h **** #define TX_VFP_TOUCH()  __asm__ volatile ("VMOV.F32 s0, s0");
 313:./Middlewares/ST/threadx/ports/cortex_m4/gnu/inc/tx_port.h **** 
 314:./Middlewares/ST/threadx/ports/cortex_m4/gnu/inc/tx_port.h **** #elif defined(__CC_ARM) /* ARM Compiler 5 */
 315:./Middlewares/ST/threadx/ports/cortex_m4/gnu/inc/tx_port.h **** 
 316:./Middlewares/ST/threadx/ports/cortex_m4/gnu/inc/tx_port.h **** __attribute__( ( always_inline ) ) ULONG __get_control_value(void)
 317:./Middlewares/ST/threadx/ports/cortex_m4/gnu/inc/tx_port.h **** {
 318:./Middlewares/ST/threadx/ports/cortex_m4/gnu/inc/tx_port.h **** ULONG  control_value;
 319:./Middlewares/ST/threadx/ports/cortex_m4/gnu/inc/tx_port.h **** 
 320:./Middlewares/ST/threadx/ports/cortex_m4/gnu/inc/tx_port.h ****     __asm volatile ("MRS control_value,CONTROL");
 321:./Middlewares/ST/threadx/ports/cortex_m4/gnu/inc/tx_port.h ****     return(control_value);
 322:./Middlewares/ST/threadx/ports/cortex_m4/gnu/inc/tx_port.h **** }
ARM GAS  C:\Users\Dennis\AppData\Local\Temp\cc8wxw3y.s 			page 11


 323:./Middlewares/ST/threadx/ports/cortex_m4/gnu/inc/tx_port.h **** 
 324:./Middlewares/ST/threadx/ports/cortex_m4/gnu/inc/tx_port.h **** __attribute__( ( always_inline ) ) void __set_control_value(ULONG control_value)
 325:./Middlewares/ST/threadx/ports/cortex_m4/gnu/inc/tx_port.h **** {
 326:./Middlewares/ST/threadx/ports/cortex_m4/gnu/inc/tx_port.h ****     __asm__ volatile ("MSR CONTROL,control_value");
 327:./Middlewares/ST/threadx/ports/cortex_m4/gnu/inc/tx_port.h **** }
 328:./Middlewares/ST/threadx/ports/cortex_m4/gnu/inc/tx_port.h **** /* Can't access VFP registers with inline asm, so define this in tx_thread_schedule.  */
 329:./Middlewares/ST/threadx/ports/cortex_m4/gnu/inc/tx_port.h **** void _tx_vfp_access(void);
 330:./Middlewares/ST/threadx/ports/cortex_m4/gnu/inc/tx_port.h **** #define TX_VFP_TOUCH()  _tx_vfp_access();
 331:./Middlewares/ST/threadx/ports/cortex_m4/gnu/inc/tx_port.h **** 
 332:./Middlewares/ST/threadx/ports/cortex_m4/gnu/inc/tx_port.h **** #elif defined(__ICCARM__)  /* IAR */
 333:./Middlewares/ST/threadx/ports/cortex_m4/gnu/inc/tx_port.h **** #define TX_VFP_TOUCH()  __asm__ volatile ("VMOV.F32 s0, s0");
 334:./Middlewares/ST/threadx/ports/cortex_m4/gnu/inc/tx_port.h **** #endif  /* Helper functions for different compilers */
 335:./Middlewares/ST/threadx/ports/cortex_m4/gnu/inc/tx_port.h **** 
 336:./Middlewares/ST/threadx/ports/cortex_m4/gnu/inc/tx_port.h **** #endif  /* TX_MISRA_ENABLE */
 337:./Middlewares/ST/threadx/ports/cortex_m4/gnu/inc/tx_port.h **** 
 338:./Middlewares/ST/threadx/ports/cortex_m4/gnu/inc/tx_port.h **** 
 339:./Middlewares/ST/threadx/ports/cortex_m4/gnu/inc/tx_port.h **** /* A completed thread falls into _thread_shell_entry and we can simply deactivate the FPU via CONTR
 340:./Middlewares/ST/threadx/ports/cortex_m4/gnu/inc/tx_port.h ****    in order to ensure no lazy stacking will occur. */
 341:./Middlewares/ST/threadx/ports/cortex_m4/gnu/inc/tx_port.h **** 
 342:./Middlewares/ST/threadx/ports/cortex_m4/gnu/inc/tx_port.h **** #ifndef TX_MISRA_ENABLE
 343:./Middlewares/ST/threadx/ports/cortex_m4/gnu/inc/tx_port.h **** 
 344:./Middlewares/ST/threadx/ports/cortex_m4/gnu/inc/tx_port.h **** #define TX_THREAD_COMPLETED_EXTENSION(thread_ptr)   {                                              
 345:./Middlewares/ST/threadx/ports/cortex_m4/gnu/inc/tx_port.h ****                                                     ULONG  _tx_vfp_state;                          
 346:./Middlewares/ST/threadx/ports/cortex_m4/gnu/inc/tx_port.h ****                                                         _tx_vfp_state =  __get_control_value();    
 347:./Middlewares/ST/threadx/ports/cortex_m4/gnu/inc/tx_port.h ****                                                         _tx_vfp_state =  _tx_vfp_state & ~((ULONG) 
 348:./Middlewares/ST/threadx/ports/cortex_m4/gnu/inc/tx_port.h ****                                                         __set_control_value(_tx_vfp_state);        
 349:./Middlewares/ST/threadx/ports/cortex_m4/gnu/inc/tx_port.h ****                                                     }
 350:./Middlewares/ST/threadx/ports/cortex_m4/gnu/inc/tx_port.h **** #else
 351:./Middlewares/ST/threadx/ports/cortex_m4/gnu/inc/tx_port.h **** 
 352:./Middlewares/ST/threadx/ports/cortex_m4/gnu/inc/tx_port.h **** #define TX_THREAD_COMPLETED_EXTENSION(thread_ptr)   {                                              
 353:./Middlewares/ST/threadx/ports/cortex_m4/gnu/inc/tx_port.h ****                                                     ULONG  _tx_vfp_state;                          
 354:./Middlewares/ST/threadx/ports/cortex_m4/gnu/inc/tx_port.h ****                                                         _tx_vfp_state =  _tx_misra_control_get();  
 355:./Middlewares/ST/threadx/ports/cortex_m4/gnu/inc/tx_port.h ****                                                         _tx_vfp_state =  _tx_vfp_state & ~((ULONG) 
 356:./Middlewares/ST/threadx/ports/cortex_m4/gnu/inc/tx_port.h ****                                                         _tx_misra_control_set(_tx_vfp_state);      
 357:./Middlewares/ST/threadx/ports/cortex_m4/gnu/inc/tx_port.h ****                                                     }
 358:./Middlewares/ST/threadx/ports/cortex_m4/gnu/inc/tx_port.h **** 
 359:./Middlewares/ST/threadx/ports/cortex_m4/gnu/inc/tx_port.h **** #endif
 360:./Middlewares/ST/threadx/ports/cortex_m4/gnu/inc/tx_port.h **** 
 361:./Middlewares/ST/threadx/ports/cortex_m4/gnu/inc/tx_port.h **** /* A thread can be terminated by another thread, so we first check if it's self-terminating and not
 362:./Middlewares/ST/threadx/ports/cortex_m4/gnu/inc/tx_port.h ****    If so, deactivate the FPU via CONTROL.FPCA. Otherwise we are in an interrupt or another thread i
 363:./Middlewares/ST/threadx/ports/cortex_m4/gnu/inc/tx_port.h ****    this one, so if the FPCCR.LSPACT bit is set, we need to save the CONTROL.FPCA state, touch the F
 364:./Middlewares/ST/threadx/ports/cortex_m4/gnu/inc/tx_port.h ****    the lazy FPU save, then restore the CONTROL.FPCA state. */
 365:./Middlewares/ST/threadx/ports/cortex_m4/gnu/inc/tx_port.h **** 
 366:./Middlewares/ST/threadx/ports/cortex_m4/gnu/inc/tx_port.h **** #ifndef TX_MISRA_ENABLE
 367:./Middlewares/ST/threadx/ports/cortex_m4/gnu/inc/tx_port.h **** 
 368:./Middlewares/ST/threadx/ports/cortex_m4/gnu/inc/tx_port.h **** #define TX_THREAD_TERMINATED_EXTENSION(thread_ptr)  {                                              
 369:./Middlewares/ST/threadx/ports/cortex_m4/gnu/inc/tx_port.h ****                                                     ULONG  _tx_system_state;                       
 370:./Middlewares/ST/threadx/ports/cortex_m4/gnu/inc/tx_port.h ****                                                         _tx_system_state =  TX_THREAD_GET_SYSTEM_ST
 371:./Middlewares/ST/threadx/ports/cortex_m4/gnu/inc/tx_port.h ****                                                         if ((_tx_system_state == ((ULONG) 0)) && ((
 372:./Middlewares/ST/threadx/ports/cortex_m4/gnu/inc/tx_port.h ****                                                         {                                          
 373:./Middlewares/ST/threadx/ports/cortex_m4/gnu/inc/tx_port.h ****                                                         ULONG  _tx_vfp_state;                      
 374:./Middlewares/ST/threadx/ports/cortex_m4/gnu/inc/tx_port.h ****                                                             _tx_vfp_state =  __get_control_value();
 375:./Middlewares/ST/threadx/ports/cortex_m4/gnu/inc/tx_port.h ****                                                             _tx_vfp_state =  _tx_vfp_state & ~((ULO
 376:./Middlewares/ST/threadx/ports/cortex_m4/gnu/inc/tx_port.h ****                                                             __set_control_value(_tx_vfp_state);    
 377:./Middlewares/ST/threadx/ports/cortex_m4/gnu/inc/tx_port.h ****                                                         }                                          
 378:./Middlewares/ST/threadx/ports/cortex_m4/gnu/inc/tx_port.h ****                                                         else                                       
 379:./Middlewares/ST/threadx/ports/cortex_m4/gnu/inc/tx_port.h ****                                                         {                                          
ARM GAS  C:\Users\Dennis\AppData\Local\Temp\cc8wxw3y.s 			page 12


 380:./Middlewares/ST/threadx/ports/cortex_m4/gnu/inc/tx_port.h ****                                                         ULONG  _tx_fpccr;                          
 381:./Middlewares/ST/threadx/ports/cortex_m4/gnu/inc/tx_port.h ****                                                             _tx_fpccr =  *((ULONG *) 0xE000EF34);  
 382:./Middlewares/ST/threadx/ports/cortex_m4/gnu/inc/tx_port.h ****                                                             _tx_fpccr =  _tx_fpccr & ((ULONG) 0x01)
 383:./Middlewares/ST/threadx/ports/cortex_m4/gnu/inc/tx_port.h ****                                                             if (_tx_fpccr == ((ULONG) 0x01))       
 384:./Middlewares/ST/threadx/ports/cortex_m4/gnu/inc/tx_port.h ****                                                             {                                      
 385:./Middlewares/ST/threadx/ports/cortex_m4/gnu/inc/tx_port.h ****                                                             ULONG _tx_vfp_state;                   
 386:./Middlewares/ST/threadx/ports/cortex_m4/gnu/inc/tx_port.h ****                                                                 _tx_vfp_state = __get_control_value
 387:./Middlewares/ST/threadx/ports/cortex_m4/gnu/inc/tx_port.h ****                                                                 _tx_vfp_state =  _tx_vfp_state & ((
 388:./Middlewares/ST/threadx/ports/cortex_m4/gnu/inc/tx_port.h ****                                                                 TX_VFP_TOUCH();                    
 389:./Middlewares/ST/threadx/ports/cortex_m4/gnu/inc/tx_port.h ****                                                                 if (_tx_vfp_state == ((ULONG) 0))  
 390:./Middlewares/ST/threadx/ports/cortex_m4/gnu/inc/tx_port.h ****                                                                 {                                  
 391:./Middlewares/ST/threadx/ports/cortex_m4/gnu/inc/tx_port.h ****                                                                     _tx_vfp_state =  __get_control_
 392:./Middlewares/ST/threadx/ports/cortex_m4/gnu/inc/tx_port.h ****                                                                     _tx_vfp_state =  _tx_vfp_state 
 393:./Middlewares/ST/threadx/ports/cortex_m4/gnu/inc/tx_port.h ****                                                                     __set_control_value(_tx_vfp_sta
 394:./Middlewares/ST/threadx/ports/cortex_m4/gnu/inc/tx_port.h ****                                                                 }                                  
 395:./Middlewares/ST/threadx/ports/cortex_m4/gnu/inc/tx_port.h ****                                                             }                                      
 396:./Middlewares/ST/threadx/ports/cortex_m4/gnu/inc/tx_port.h ****                                                         }                                          
 397:./Middlewares/ST/threadx/ports/cortex_m4/gnu/inc/tx_port.h ****                                                     }
 398:./Middlewares/ST/threadx/ports/cortex_m4/gnu/inc/tx_port.h **** #else
 399:./Middlewares/ST/threadx/ports/cortex_m4/gnu/inc/tx_port.h **** 
 400:./Middlewares/ST/threadx/ports/cortex_m4/gnu/inc/tx_port.h **** #define TX_THREAD_TERMINATED_EXTENSION(thread_ptr)  {                                              
 401:./Middlewares/ST/threadx/ports/cortex_m4/gnu/inc/tx_port.h ****                                                     ULONG  _tx_system_state;                       
 402:./Middlewares/ST/threadx/ports/cortex_m4/gnu/inc/tx_port.h ****                                                         _tx_system_state =  TX_THREAD_GET_SYSTEM_ST
 403:./Middlewares/ST/threadx/ports/cortex_m4/gnu/inc/tx_port.h ****                                                         if ((_tx_system_state == ((ULONG) 0)) && ((
 404:./Middlewares/ST/threadx/ports/cortex_m4/gnu/inc/tx_port.h ****                                                         {                                          
 405:./Middlewares/ST/threadx/ports/cortex_m4/gnu/inc/tx_port.h ****                                                         ULONG  _tx_vfp_state;                      
 406:./Middlewares/ST/threadx/ports/cortex_m4/gnu/inc/tx_port.h ****                                                             _tx_vfp_state =  _tx_misra_control_get(
 407:./Middlewares/ST/threadx/ports/cortex_m4/gnu/inc/tx_port.h ****                                                             _tx_vfp_state =  _tx_vfp_state & ~((ULO
 408:./Middlewares/ST/threadx/ports/cortex_m4/gnu/inc/tx_port.h ****                                                             _tx_misra_control_set(_tx_vfp_state);  
 409:./Middlewares/ST/threadx/ports/cortex_m4/gnu/inc/tx_port.h ****                                                         }                                          
 410:./Middlewares/ST/threadx/ports/cortex_m4/gnu/inc/tx_port.h ****                                                         else                                       
 411:./Middlewares/ST/threadx/ports/cortex_m4/gnu/inc/tx_port.h ****                                                         {                                          
 412:./Middlewares/ST/threadx/ports/cortex_m4/gnu/inc/tx_port.h ****                                                         ULONG  _tx_fpccr;                          
 413:./Middlewares/ST/threadx/ports/cortex_m4/gnu/inc/tx_port.h ****                                                             _tx_fpccr =  _tx_misra_fpccr_get();    
 414:./Middlewares/ST/threadx/ports/cortex_m4/gnu/inc/tx_port.h ****                                                             _tx_fpccr =  _tx_fpccr & ((ULONG) 0x01)
 415:./Middlewares/ST/threadx/ports/cortex_m4/gnu/inc/tx_port.h ****                                                             if (_tx_fpccr == ((ULONG) 0x01))       
 416:./Middlewares/ST/threadx/ports/cortex_m4/gnu/inc/tx_port.h ****                                                             {                                      
 417:./Middlewares/ST/threadx/ports/cortex_m4/gnu/inc/tx_port.h ****                                                             ULONG _tx_vfp_state;                   
 418:./Middlewares/ST/threadx/ports/cortex_m4/gnu/inc/tx_port.h ****                                                                 _tx_vfp_state = _tx_misra_control_g
 419:./Middlewares/ST/threadx/ports/cortex_m4/gnu/inc/tx_port.h ****                                                                 _tx_vfp_state =  _tx_vfp_state & ((
 420:./Middlewares/ST/threadx/ports/cortex_m4/gnu/inc/tx_port.h ****                                                                 _tx_misra_vfp_touch();             
 421:./Middlewares/ST/threadx/ports/cortex_m4/gnu/inc/tx_port.h ****                                                                 if (_tx_vfp_state == ((ULONG) 0))  
 422:./Middlewares/ST/threadx/ports/cortex_m4/gnu/inc/tx_port.h ****                                                                 {                                  
 423:./Middlewares/ST/threadx/ports/cortex_m4/gnu/inc/tx_port.h ****                                                                     _tx_vfp_state =  _tx_misra_cont
 424:./Middlewares/ST/threadx/ports/cortex_m4/gnu/inc/tx_port.h ****                                                                     _tx_vfp_state =  _tx_vfp_state 
 425:./Middlewares/ST/threadx/ports/cortex_m4/gnu/inc/tx_port.h ****                                                                     _tx_misra_control_set(_tx_vfp_s
 426:./Middlewares/ST/threadx/ports/cortex_m4/gnu/inc/tx_port.h ****                                                                 }                                  
 427:./Middlewares/ST/threadx/ports/cortex_m4/gnu/inc/tx_port.h ****                                                             }                                      
 428:./Middlewares/ST/threadx/ports/cortex_m4/gnu/inc/tx_port.h ****                                                         }                                          
 429:./Middlewares/ST/threadx/ports/cortex_m4/gnu/inc/tx_port.h ****                                                     }
 430:./Middlewares/ST/threadx/ports/cortex_m4/gnu/inc/tx_port.h **** #endif
 431:./Middlewares/ST/threadx/ports/cortex_m4/gnu/inc/tx_port.h **** 
 432:./Middlewares/ST/threadx/ports/cortex_m4/gnu/inc/tx_port.h **** #else   /* No VFP in use */
 433:./Middlewares/ST/threadx/ports/cortex_m4/gnu/inc/tx_port.h **** 
 434:./Middlewares/ST/threadx/ports/cortex_m4/gnu/inc/tx_port.h **** #define TX_THREAD_COMPLETED_EXTENSION(thread_ptr)
 435:./Middlewares/ST/threadx/ports/cortex_m4/gnu/inc/tx_port.h **** #define TX_THREAD_TERMINATED_EXTENSION(thread_ptr)
 436:./Middlewares/ST/threadx/ports/cortex_m4/gnu/inc/tx_port.h **** 
ARM GAS  C:\Users\Dennis\AppData\Local\Temp\cc8wxw3y.s 			page 13


 437:./Middlewares/ST/threadx/ports/cortex_m4/gnu/inc/tx_port.h **** #endif  /* defined(__ARMVFP__) || defined(__ARM_PCS_VFP) || defined(__ARM_FP) || defined(__TARGET_F
 438:./Middlewares/ST/threadx/ports/cortex_m4/gnu/inc/tx_port.h **** 
 439:./Middlewares/ST/threadx/ports/cortex_m4/gnu/inc/tx_port.h **** 
 440:./Middlewares/ST/threadx/ports/cortex_m4/gnu/inc/tx_port.h **** /* Define the ThreadX object creation extensions for the remaining objects.  */
 441:./Middlewares/ST/threadx/ports/cortex_m4/gnu/inc/tx_port.h **** 
 442:./Middlewares/ST/threadx/ports/cortex_m4/gnu/inc/tx_port.h **** #define TX_BLOCK_POOL_CREATE_EXTENSION(pool_ptr)
 443:./Middlewares/ST/threadx/ports/cortex_m4/gnu/inc/tx_port.h **** #define TX_BYTE_POOL_CREATE_EXTENSION(pool_ptr)
 444:./Middlewares/ST/threadx/ports/cortex_m4/gnu/inc/tx_port.h **** #define TX_EVENT_FLAGS_GROUP_CREATE_EXTENSION(group_ptr)
 445:./Middlewares/ST/threadx/ports/cortex_m4/gnu/inc/tx_port.h **** #define TX_MUTEX_CREATE_EXTENSION(mutex_ptr)
 446:./Middlewares/ST/threadx/ports/cortex_m4/gnu/inc/tx_port.h **** #define TX_QUEUE_CREATE_EXTENSION(queue_ptr)
 447:./Middlewares/ST/threadx/ports/cortex_m4/gnu/inc/tx_port.h **** #define TX_SEMAPHORE_CREATE_EXTENSION(semaphore_ptr)
 448:./Middlewares/ST/threadx/ports/cortex_m4/gnu/inc/tx_port.h **** #define TX_TIMER_CREATE_EXTENSION(timer_ptr)
 449:./Middlewares/ST/threadx/ports/cortex_m4/gnu/inc/tx_port.h **** 
 450:./Middlewares/ST/threadx/ports/cortex_m4/gnu/inc/tx_port.h **** 
 451:./Middlewares/ST/threadx/ports/cortex_m4/gnu/inc/tx_port.h **** /* Define the ThreadX object deletion extensions for the remaining objects.  */
 452:./Middlewares/ST/threadx/ports/cortex_m4/gnu/inc/tx_port.h **** 
 453:./Middlewares/ST/threadx/ports/cortex_m4/gnu/inc/tx_port.h **** #define TX_BLOCK_POOL_DELETE_EXTENSION(pool_ptr)
 454:./Middlewares/ST/threadx/ports/cortex_m4/gnu/inc/tx_port.h **** #define TX_BYTE_POOL_DELETE_EXTENSION(pool_ptr)
 455:./Middlewares/ST/threadx/ports/cortex_m4/gnu/inc/tx_port.h **** #define TX_EVENT_FLAGS_GROUP_DELETE_EXTENSION(group_ptr)
 456:./Middlewares/ST/threadx/ports/cortex_m4/gnu/inc/tx_port.h **** #define TX_MUTEX_DELETE_EXTENSION(mutex_ptr)
 457:./Middlewares/ST/threadx/ports/cortex_m4/gnu/inc/tx_port.h **** #define TX_QUEUE_DELETE_EXTENSION(queue_ptr)
 458:./Middlewares/ST/threadx/ports/cortex_m4/gnu/inc/tx_port.h **** #define TX_SEMAPHORE_DELETE_EXTENSION(semaphore_ptr)
 459:./Middlewares/ST/threadx/ports/cortex_m4/gnu/inc/tx_port.h **** #define TX_TIMER_DELETE_EXTENSION(timer_ptr)
 460:./Middlewares/ST/threadx/ports/cortex_m4/gnu/inc/tx_port.h **** 
 461:./Middlewares/ST/threadx/ports/cortex_m4/gnu/inc/tx_port.h **** 
 462:./Middlewares/ST/threadx/ports/cortex_m4/gnu/inc/tx_port.h **** /* Define the get system state macro.  */
 463:./Middlewares/ST/threadx/ports/cortex_m4/gnu/inc/tx_port.h **** 
 464:./Middlewares/ST/threadx/ports/cortex_m4/gnu/inc/tx_port.h **** #ifndef TX_THREAD_GET_SYSTEM_STATE
 465:./Middlewares/ST/threadx/ports/cortex_m4/gnu/inc/tx_port.h **** #ifndef TX_MISRA_ENABLE
 466:./Middlewares/ST/threadx/ports/cortex_m4/gnu/inc/tx_port.h **** 
 467:./Middlewares/ST/threadx/ports/cortex_m4/gnu/inc/tx_port.h **** #ifdef __CC_ARM /* ARM Compiler 5 */
 468:./Middlewares/ST/threadx/ports/cortex_m4/gnu/inc/tx_port.h **** 
 469:./Middlewares/ST/threadx/ports/cortex_m4/gnu/inc/tx_port.h **** register unsigned int _ipsr __asm("ipsr");
 470:./Middlewares/ST/threadx/ports/cortex_m4/gnu/inc/tx_port.h **** #define TX_THREAD_GET_SYSTEM_STATE()        (_tx_thread_system_state | _ipsr)
 471:./Middlewares/ST/threadx/ports/cortex_m4/gnu/inc/tx_port.h **** 
 472:./Middlewares/ST/threadx/ports/cortex_m4/gnu/inc/tx_port.h **** #elif defined(__GNUC__) /* GCC and ARM Compiler 6 */
 473:./Middlewares/ST/threadx/ports/cortex_m4/gnu/inc/tx_port.h **** 
 474:./Middlewares/ST/threadx/ports/cortex_m4/gnu/inc/tx_port.h **** __attribute__( ( always_inline ) ) static inline unsigned int __get_ipsr_value(void)
 475:./Middlewares/ST/threadx/ports/cortex_m4/gnu/inc/tx_port.h **** {
 476:./Middlewares/ST/threadx/ports/cortex_m4/gnu/inc/tx_port.h **** unsigned int  ipsr_value;
 477:./Middlewares/ST/threadx/ports/cortex_m4/gnu/inc/tx_port.h ****     __asm__ volatile (" MRS  %0,IPSR ": "=r" (ipsr_value) );
 478:./Middlewares/ST/threadx/ports/cortex_m4/gnu/inc/tx_port.h ****     return(ipsr_value);
 479:./Middlewares/ST/threadx/ports/cortex_m4/gnu/inc/tx_port.h **** }
 480:./Middlewares/ST/threadx/ports/cortex_m4/gnu/inc/tx_port.h **** 
 481:./Middlewares/ST/threadx/ports/cortex_m4/gnu/inc/tx_port.h **** #define TX_THREAD_GET_SYSTEM_STATE()        (_tx_thread_system_state | __get_ipsr_value())
 482:./Middlewares/ST/threadx/ports/cortex_m4/gnu/inc/tx_port.h **** 
 483:./Middlewares/ST/threadx/ports/cortex_m4/gnu/inc/tx_port.h **** #elif defined(__ICCARM__)   /* IAR */
 484:./Middlewares/ST/threadx/ports/cortex_m4/gnu/inc/tx_port.h **** 
 485:./Middlewares/ST/threadx/ports/cortex_m4/gnu/inc/tx_port.h **** #define TX_THREAD_GET_SYSTEM_STATE()        (_tx_thread_system_state | __get_IPSR())
 486:./Middlewares/ST/threadx/ports/cortex_m4/gnu/inc/tx_port.h **** 
 487:./Middlewares/ST/threadx/ports/cortex_m4/gnu/inc/tx_port.h **** #endif  /* TX_THREAD_GET_SYSTEM_STATE for different compilers */
 488:./Middlewares/ST/threadx/ports/cortex_m4/gnu/inc/tx_port.h **** 
 489:./Middlewares/ST/threadx/ports/cortex_m4/gnu/inc/tx_port.h **** #else   /* TX_MISRA_ENABLE is defined, use MISRA function. */
 490:./Middlewares/ST/threadx/ports/cortex_m4/gnu/inc/tx_port.h **** ULONG   _tx_misra_ipsr_get(VOID);
 491:./Middlewares/ST/threadx/ports/cortex_m4/gnu/inc/tx_port.h **** #define TX_THREAD_GET_SYSTEM_STATE()        (_tx_thread_system_state | _tx_misra_ipsr_get())
 492:./Middlewares/ST/threadx/ports/cortex_m4/gnu/inc/tx_port.h **** #endif  /* TX_MISRA_ENABLE */
 493:./Middlewares/ST/threadx/ports/cortex_m4/gnu/inc/tx_port.h **** #endif  /* TX_THREAD_GET_SYSTEM_STATE */
ARM GAS  C:\Users\Dennis\AppData\Local\Temp\cc8wxw3y.s 			page 14


 494:./Middlewares/ST/threadx/ports/cortex_m4/gnu/inc/tx_port.h **** 
 495:./Middlewares/ST/threadx/ports/cortex_m4/gnu/inc/tx_port.h **** 
 496:./Middlewares/ST/threadx/ports/cortex_m4/gnu/inc/tx_port.h **** /* Define the check for whether or not to call the _tx_thread_system_return function.  A non-zero v
 497:./Middlewares/ST/threadx/ports/cortex_m4/gnu/inc/tx_port.h ****    indicates that _tx_thread_system_return should not be called. This overrides the definition in t
 498:./Middlewares/ST/threadx/ports/cortex_m4/gnu/inc/tx_port.h ****    for Cortex-M since so we don't waste time checking the _tx_thread_system_state variable that is 
 499:./Middlewares/ST/threadx/ports/cortex_m4/gnu/inc/tx_port.h ****    zero after initialization for Cortex-M ports. */
 500:./Middlewares/ST/threadx/ports/cortex_m4/gnu/inc/tx_port.h **** 
 501:./Middlewares/ST/threadx/ports/cortex_m4/gnu/inc/tx_port.h **** #ifndef TX_THREAD_SYSTEM_RETURN_CHECK
 502:./Middlewares/ST/threadx/ports/cortex_m4/gnu/inc/tx_port.h **** #define TX_THREAD_SYSTEM_RETURN_CHECK(c)    (c) = ((ULONG) _tx_thread_preempt_disable);
 503:./Middlewares/ST/threadx/ports/cortex_m4/gnu/inc/tx_port.h **** #endif
 504:./Middlewares/ST/threadx/ports/cortex_m4/gnu/inc/tx_port.h **** 
 505:./Middlewares/ST/threadx/ports/cortex_m4/gnu/inc/tx_port.h **** /* Define the macro to ensure _tx_thread_preempt_disable is set early in initialization in order to
 506:./Middlewares/ST/threadx/ports/cortex_m4/gnu/inc/tx_port.h ****    prevent early scheduling on Cortex-M parts.  */
 507:./Middlewares/ST/threadx/ports/cortex_m4/gnu/inc/tx_port.h **** 
 508:./Middlewares/ST/threadx/ports/cortex_m4/gnu/inc/tx_port.h **** #define TX_PORT_SPECIFIC_POST_INITIALIZATION    _tx_thread_preempt_disable++;
 509:./Middlewares/ST/threadx/ports/cortex_m4/gnu/inc/tx_port.h **** 
 510:./Middlewares/ST/threadx/ports/cortex_m4/gnu/inc/tx_port.h **** 
 511:./Middlewares/ST/threadx/ports/cortex_m4/gnu/inc/tx_port.h **** 
 512:./Middlewares/ST/threadx/ports/cortex_m4/gnu/inc/tx_port.h **** 
 513:./Middlewares/ST/threadx/ports/cortex_m4/gnu/inc/tx_port.h **** #ifndef TX_DISABLE_INLINE
 514:./Middlewares/ST/threadx/ports/cortex_m4/gnu/inc/tx_port.h **** 
 515:./Middlewares/ST/threadx/ports/cortex_m4/gnu/inc/tx_port.h **** /* Define the TX_LOWEST_SET_BIT_CALCULATE macro for each compiler. */
 516:./Middlewares/ST/threadx/ports/cortex_m4/gnu/inc/tx_port.h **** #ifdef __ICCARM__       /* IAR Compiler */
 517:./Middlewares/ST/threadx/ports/cortex_m4/gnu/inc/tx_port.h **** #define TX_LOWEST_SET_BIT_CALCULATE(m, b)       (b) = (UINT) __CLZ(__RBIT((m)));
 518:./Middlewares/ST/threadx/ports/cortex_m4/gnu/inc/tx_port.h **** #elif defined(__CC_ARM) /* AC5 Compiler */
 519:./Middlewares/ST/threadx/ports/cortex_m4/gnu/inc/tx_port.h **** #define TX_LOWEST_SET_BIT_CALCULATE(m, b)       (b) = (UINT) __clz(__rbit((m)));
 520:./Middlewares/ST/threadx/ports/cortex_m4/gnu/inc/tx_port.h **** #elif defined(__GNUC__) /* GCC and AC6 Compiler */
 521:./Middlewares/ST/threadx/ports/cortex_m4/gnu/inc/tx_port.h **** #define TX_LOWEST_SET_BIT_CALCULATE(m, b)       __asm__ volatile (" RBIT %0,%1 ": "=r" (m) : "r" (m
 522:./Middlewares/ST/threadx/ports/cortex_m4/gnu/inc/tx_port.h ****                                                 __asm__ volatile (" CLZ  %0,%1 ": "=r" (b) : "r" (m
 523:./Middlewares/ST/threadx/ports/cortex_m4/gnu/inc/tx_port.h **** #endif
 524:./Middlewares/ST/threadx/ports/cortex_m4/gnu/inc/tx_port.h **** 
 525:./Middlewares/ST/threadx/ports/cortex_m4/gnu/inc/tx_port.h **** 
 526:./Middlewares/ST/threadx/ports/cortex_m4/gnu/inc/tx_port.h **** 
 527:./Middlewares/ST/threadx/ports/cortex_m4/gnu/inc/tx_port.h **** /* Define the interrupt disable/restore macros for each compiler. */
 528:./Middlewares/ST/threadx/ports/cortex_m4/gnu/inc/tx_port.h **** 
 529:./Middlewares/ST/threadx/ports/cortex_m4/gnu/inc/tx_port.h **** #if defined(__GNUC__) || defined(__ICCARM__)
 530:./Middlewares/ST/threadx/ports/cortex_m4/gnu/inc/tx_port.h **** 
 531:./Middlewares/ST/threadx/ports/cortex_m4/gnu/inc/tx_port.h **** /*** GCC/AC6 and IAR ***/
 532:./Middlewares/ST/threadx/ports/cortex_m4/gnu/inc/tx_port.h **** 
 533:./Middlewares/ST/threadx/ports/cortex_m4/gnu/inc/tx_port.h **** __attribute__( ( always_inline ) ) static inline unsigned int __get_interrupt_posture(void)
 534:./Middlewares/ST/threadx/ports/cortex_m4/gnu/inc/tx_port.h **** {
 535:./Middlewares/ST/threadx/ports/cortex_m4/gnu/inc/tx_port.h **** unsigned int posture;
 536:./Middlewares/ST/threadx/ports/cortex_m4/gnu/inc/tx_port.h **** #ifdef TX_PORT_USE_BASEPRI
 537:./Middlewares/ST/threadx/ports/cortex_m4/gnu/inc/tx_port.h ****     __asm__ volatile ("MRS  %0, BASEPRI ": "=r" (posture));
 538:./Middlewares/ST/threadx/ports/cortex_m4/gnu/inc/tx_port.h **** #else
 539:./Middlewares/ST/threadx/ports/cortex_m4/gnu/inc/tx_port.h ****     __asm__ volatile ("MRS  %0, PRIMASK ": "=r" (posture));
 540:./Middlewares/ST/threadx/ports/cortex_m4/gnu/inc/tx_port.h **** #endif
 541:./Middlewares/ST/threadx/ports/cortex_m4/gnu/inc/tx_port.h ****     return(posture);
 542:./Middlewares/ST/threadx/ports/cortex_m4/gnu/inc/tx_port.h **** }
 543:./Middlewares/ST/threadx/ports/cortex_m4/gnu/inc/tx_port.h **** 
 544:./Middlewares/ST/threadx/ports/cortex_m4/gnu/inc/tx_port.h **** #ifdef TX_PORT_USE_BASEPRI
 545:./Middlewares/ST/threadx/ports/cortex_m4/gnu/inc/tx_port.h **** __attribute__( ( always_inline ) ) static inline void __set_basepri_value(unsigned int basepri_valu
 546:./Middlewares/ST/threadx/ports/cortex_m4/gnu/inc/tx_port.h **** {
 547:./Middlewares/ST/threadx/ports/cortex_m4/gnu/inc/tx_port.h ****     __asm__ volatile ("MSR  BASEPRI,%0 ": : "r" (basepri_value));
 548:./Middlewares/ST/threadx/ports/cortex_m4/gnu/inc/tx_port.h **** }
 549:./Middlewares/ST/threadx/ports/cortex_m4/gnu/inc/tx_port.h **** #else
 550:./Middlewares/ST/threadx/ports/cortex_m4/gnu/inc/tx_port.h **** __attribute__( ( always_inline ) ) static inline void __enable_interrupts(void)
ARM GAS  C:\Users\Dennis\AppData\Local\Temp\cc8wxw3y.s 			page 15


 551:./Middlewares/ST/threadx/ports/cortex_m4/gnu/inc/tx_port.h **** {
 552:./Middlewares/ST/threadx/ports/cortex_m4/gnu/inc/tx_port.h ****     __asm__ volatile ("CPSIE  i": : : "memory");
 553:./Middlewares/ST/threadx/ports/cortex_m4/gnu/inc/tx_port.h **** }
 554:./Middlewares/ST/threadx/ports/cortex_m4/gnu/inc/tx_port.h **** #endif
 555:./Middlewares/ST/threadx/ports/cortex_m4/gnu/inc/tx_port.h **** 
 556:./Middlewares/ST/threadx/ports/cortex_m4/gnu/inc/tx_port.h **** __attribute__( ( always_inline ) ) static inline void __restore_interrupt(unsigned int int_posture)
 557:./Middlewares/ST/threadx/ports/cortex_m4/gnu/inc/tx_port.h **** {
 558:./Middlewares/ST/threadx/ports/cortex_m4/gnu/inc/tx_port.h **** #ifdef TX_PORT_USE_BASEPRI
 559:./Middlewares/ST/threadx/ports/cortex_m4/gnu/inc/tx_port.h ****     __set_basepri_value(int_posture);
 560:./Middlewares/ST/threadx/ports/cortex_m4/gnu/inc/tx_port.h ****     //__asm__ volatile ("MSR  BASEPRI,%0": : "r" (int_posture): "memory");
 561:./Middlewares/ST/threadx/ports/cortex_m4/gnu/inc/tx_port.h **** #else
 562:./Middlewares/ST/threadx/ports/cortex_m4/gnu/inc/tx_port.h ****     __asm__ volatile ("MSR  PRIMASK,%0": : "r" (int_posture): "memory");
 563:./Middlewares/ST/threadx/ports/cortex_m4/gnu/inc/tx_port.h **** #endif
 564:./Middlewares/ST/threadx/ports/cortex_m4/gnu/inc/tx_port.h **** }
 565:./Middlewares/ST/threadx/ports/cortex_m4/gnu/inc/tx_port.h **** 
 566:./Middlewares/ST/threadx/ports/cortex_m4/gnu/inc/tx_port.h **** __attribute__( ( always_inline ) ) static inline unsigned int __disable_interrupts(void)
 113              		.loc 2 566 63 view .LVU30
 114              	.LBB11:
 567:./Middlewares/ST/threadx/ports/cortex_m4/gnu/inc/tx_port.h **** {
 568:./Middlewares/ST/threadx/ports/cortex_m4/gnu/inc/tx_port.h **** unsigned int int_posture;
 115              		.loc 2 568 1 view .LVU31
 569:./Middlewares/ST/threadx/ports/cortex_m4/gnu/inc/tx_port.h **** 
 570:./Middlewares/ST/threadx/ports/cortex_m4/gnu/inc/tx_port.h ****     int_posture = __get_interrupt_posture();
 116              		.loc 2 570 5 view .LVU32
 117              	.LBB12:
 118              	.LBI12:
 533:./Middlewares/ST/threadx/ports/cortex_m4/gnu/inc/tx_port.h **** {
 119              		.loc 2 533 63 view .LVU33
 120              	.LBB13:
 535:./Middlewares/ST/threadx/ports/cortex_m4/gnu/inc/tx_port.h **** #ifdef TX_PORT_USE_BASEPRI
 121              		.loc 2 535 1 view .LVU34
 539:./Middlewares/ST/threadx/ports/cortex_m4/gnu/inc/tx_port.h **** #endif
 122              		.loc 2 539 5 view .LVU35
 123              		.syntax unified
 124              	@ 539 "./Middlewares/ST/threadx/ports/cortex_m4/gnu/inc/tx_port.h" 1
 125 0042 EFF31082 		MRS  r2, PRIMASK 
 126              	@ 0 "" 2
 127              	.LVL8:
 541:./Middlewares/ST/threadx/ports/cortex_m4/gnu/inc/tx_port.h **** }
 128              		.loc 2 541 5 view .LVU36
 541:./Middlewares/ST/threadx/ports/cortex_m4/gnu/inc/tx_port.h **** }
 129              		.loc 2 541 5 is_stmt 0 view .LVU37
 130              		.thumb
 131              		.syntax unified
 132              	.LBE13:
 133              	.LBE12:
 571:./Middlewares/ST/threadx/ports/cortex_m4/gnu/inc/tx_port.h **** 
 572:./Middlewares/ST/threadx/ports/cortex_m4/gnu/inc/tx_port.h **** #ifdef TX_PORT_USE_BASEPRI
 573:./Middlewares/ST/threadx/ports/cortex_m4/gnu/inc/tx_port.h ****     __set_basepri_value(TX_PORT_BASEPRI);
 574:./Middlewares/ST/threadx/ports/cortex_m4/gnu/inc/tx_port.h **** #else
 575:./Middlewares/ST/threadx/ports/cortex_m4/gnu/inc/tx_port.h ****     __asm__ volatile ("CPSID i" : : : "memory");
 134              		.loc 2 575 5 is_stmt 1 view .LVU38
 135              		.syntax unified
 136              	@ 575 "./Middlewares/ST/threadx/ports/cortex_m4/gnu/inc/tx_port.h" 1
 137 0046 72B6     		CPSID i
 138              	@ 0 "" 2
 576:./Middlewares/ST/threadx/ports/cortex_m4/gnu/inc/tx_port.h **** #endif
ARM GAS  C:\Users\Dennis\AppData\Local\Temp\cc8wxw3y.s 			page 16


 577:./Middlewares/ST/threadx/ports/cortex_m4/gnu/inc/tx_port.h ****     return(int_posture);
 139              		.loc 2 577 5 view .LVU39
 140              	.LVL9:
 141              		.loc 2 577 5 is_stmt 0 view .LVU40
 142              		.thumb
 143              		.syntax unified
 144              	.LBE11:
 145              	.LBE10:
 122:./Middlewares/ST/usbx/common/core/src/ux_host_stack_hcd_thread_entry.c ****                 hcd -> ux_hcd_thread_signal--;
 146              		.loc 1 122 17 is_stmt 1 view .LVU41
 147              		.loc 1 122 21 is_stmt 0 view .LVU42
 148 0048 6B6E     		ldr	r3, [r5, #100]
 149              		.loc 1 122 44 view .LVU43
 150 004a 013B     		subs	r3, r3, #1
 151 004c 6B66     		str	r3, [r5, #100]
 123:./Middlewares/ST/usbx/common/core/src/ux_host_stack_hcd_thread_entry.c ****                 UX_RESTORE
 152              		.loc 1 123 17 is_stmt 1 view .LVU44
 153              	.LVL10:
 154              	.LBB14:
 155              	.LBI14:
 556:./Middlewares/ST/threadx/ports/cortex_m4/gnu/inc/tx_port.h **** {
 156              		.loc 2 556 55 view .LVU45
 157              	.LBB15:
 562:./Middlewares/ST/threadx/ports/cortex_m4/gnu/inc/tx_port.h **** #endif
 158              		.loc 2 562 5 view .LVU46
 159              		.syntax unified
 160              	@ 562 "./Middlewares/ST/threadx/ports/cortex_m4/gnu/inc/tx_port.h" 1
 161 004e 82F31088 		MSR  PRIMASK,r2
 162              	@ 0 "" 2
 564:./Middlewares/ST/threadx/ports/cortex_m4/gnu/inc/tx_port.h **** 
 163              		.loc 2 564 1 is_stmt 0 view .LVU47
 164              		.thumb
 165              		.syntax unified
 166 0052 DEE7     		b	.L3
 167              	.L9:
 168              		.align	2
 169              	.L8:
 170 0054 00000000 		.word	_ux_system_host
 171              	.LBE15:
 172              	.LBE14:
 173              		.cfi_endproc
 174              	.LFE11:
 176              		.text
 177              	.Letext0:
 178              		.file 3 "./Middlewares/ST/threadx/common/inc/tx_api.h"
 179              		.file 4 "./Middlewares/ST/usbx/common/core/inc/ux_api.h"
 180              		.file 5 "./Middlewares/ST/usbx/common/core/inc/ux_system.h"
 181              		.file 6 "./Middlewares/ST/usbx/common/core/inc/ux_utility.h"
ARM GAS  C:\Users\Dennis\AppData\Local\Temp\cc8wxw3y.s 			page 17


DEFINED SYMBOLS
                            *ABS*:00000000 ux_host_stack_hcd_thread_entry.c
C:\Users\Dennis\AppData\Local\Temp\cc8wxw3y.s:20     .text._ux_host_stack_hcd_thread_entry:00000000 $t
C:\Users\Dennis\AppData\Local\Temp\cc8wxw3y.s:26     .text._ux_host_stack_hcd_thread_entry:00000000 _ux_host_stack_hcd_thread_entry
C:\Users\Dennis\AppData\Local\Temp\cc8wxw3y.s:170    .text._ux_host_stack_hcd_thread_entry:00000054 $d

UNDEFINED SYMBOLS
_ux_utility_semaphore_get
_ux_system_host
