ARM GAS  C:\Users\Dennis\AppData\Local\Temp\ccMHnzxf.s 			page 1


   1              		.cpu cortex-m4
   2              		.arch armv7e-m
   3              		.fpu fpv4-sp-d16
   4              		.eabi_attribute 27, 1
   5              		.eabi_attribute 28, 1
   6              		.eabi_attribute 20, 1
   7              		.eabi_attribute 21, 1
   8              		.eabi_attribute 23, 3
   9              		.eabi_attribute 24, 1
  10              		.eabi_attribute 25, 1
  11              		.eabi_attribute 26, 1
  12              		.eabi_attribute 30, 1
  13              		.eabi_attribute 34, 1
  14              		.eabi_attribute 18, 4
  15              		.file	"ux_host_stack_endpoint_transfer_abort.c"
  16              		.text
  17              	.Ltext0:
  18              		.cfi_sections	.debug_frame
  19              		.section	.text._ux_host_stack_endpoint_transfer_abort,"ax",%progbits
  20              		.align	1
  21              		.global	_ux_host_stack_endpoint_transfer_abort
  22              		.syntax unified
  23              		.thumb
  24              		.thumb_func
  26              	_ux_host_stack_endpoint_transfer_abort:
  27              	.LVL0:
  28              	.LFB11:
  29              		.file 1 "./Middlewares/ST/usbx/common/core/src/ux_host_stack_endpoint_transfer_abort.c"
   1:./Middlewares/ST/usbx/common/core/src/ux_host_stack_endpoint_transfer_abort.c **** /**************************************************************************/
   2:./Middlewares/ST/usbx/common/core/src/ux_host_stack_endpoint_transfer_abort.c **** /*                                                                        */
   3:./Middlewares/ST/usbx/common/core/src/ux_host_stack_endpoint_transfer_abort.c **** /*       Copyright (c) Microsoft Corporation. All rights reserved.        */
   4:./Middlewares/ST/usbx/common/core/src/ux_host_stack_endpoint_transfer_abort.c **** /*                                                                        */
   5:./Middlewares/ST/usbx/common/core/src/ux_host_stack_endpoint_transfer_abort.c **** /*       This software is licensed under the Microsoft Software License   */
   6:./Middlewares/ST/usbx/common/core/src/ux_host_stack_endpoint_transfer_abort.c **** /*       Terms for Microsoft Azure RTOS. Full text of the license can be  */
   7:./Middlewares/ST/usbx/common/core/src/ux_host_stack_endpoint_transfer_abort.c **** /*       found in the LICENSE file at https://aka.ms/AzureRTOS_EULA       */
   8:./Middlewares/ST/usbx/common/core/src/ux_host_stack_endpoint_transfer_abort.c **** /*       and in the root directory of this software.                      */
   9:./Middlewares/ST/usbx/common/core/src/ux_host_stack_endpoint_transfer_abort.c **** /*                                                                        */
  10:./Middlewares/ST/usbx/common/core/src/ux_host_stack_endpoint_transfer_abort.c **** /**************************************************************************/
  11:./Middlewares/ST/usbx/common/core/src/ux_host_stack_endpoint_transfer_abort.c **** 
  12:./Middlewares/ST/usbx/common/core/src/ux_host_stack_endpoint_transfer_abort.c **** 
  13:./Middlewares/ST/usbx/common/core/src/ux_host_stack_endpoint_transfer_abort.c **** /**************************************************************************/
  14:./Middlewares/ST/usbx/common/core/src/ux_host_stack_endpoint_transfer_abort.c **** /**************************************************************************/
  15:./Middlewares/ST/usbx/common/core/src/ux_host_stack_endpoint_transfer_abort.c **** /**                                                                       */ 
  16:./Middlewares/ST/usbx/common/core/src/ux_host_stack_endpoint_transfer_abort.c **** /** USBX Component                                                        */ 
  17:./Middlewares/ST/usbx/common/core/src/ux_host_stack_endpoint_transfer_abort.c **** /**                                                                       */
  18:./Middlewares/ST/usbx/common/core/src/ux_host_stack_endpoint_transfer_abort.c **** /**   Host Stack                                                          */
  19:./Middlewares/ST/usbx/common/core/src/ux_host_stack_endpoint_transfer_abort.c **** /**                                                                       */
  20:./Middlewares/ST/usbx/common/core/src/ux_host_stack_endpoint_transfer_abort.c **** /**************************************************************************/
  21:./Middlewares/ST/usbx/common/core/src/ux_host_stack_endpoint_transfer_abort.c **** /**************************************************************************/
  22:./Middlewares/ST/usbx/common/core/src/ux_host_stack_endpoint_transfer_abort.c **** 
  23:./Middlewares/ST/usbx/common/core/src/ux_host_stack_endpoint_transfer_abort.c **** 
  24:./Middlewares/ST/usbx/common/core/src/ux_host_stack_endpoint_transfer_abort.c **** /* Include necessary system files.  */
  25:./Middlewares/ST/usbx/common/core/src/ux_host_stack_endpoint_transfer_abort.c **** 
  26:./Middlewares/ST/usbx/common/core/src/ux_host_stack_endpoint_transfer_abort.c **** #define UX_SOURCE_CODE
  27:./Middlewares/ST/usbx/common/core/src/ux_host_stack_endpoint_transfer_abort.c **** 
  28:./Middlewares/ST/usbx/common/core/src/ux_host_stack_endpoint_transfer_abort.c **** #include "ux_api.h"
  29:./Middlewares/ST/usbx/common/core/src/ux_host_stack_endpoint_transfer_abort.c **** #include "ux_host_stack.h"
ARM GAS  C:\Users\Dennis\AppData\Local\Temp\ccMHnzxf.s 			page 2


  30:./Middlewares/ST/usbx/common/core/src/ux_host_stack_endpoint_transfer_abort.c **** 
  31:./Middlewares/ST/usbx/common/core/src/ux_host_stack_endpoint_transfer_abort.c **** 
  32:./Middlewares/ST/usbx/common/core/src/ux_host_stack_endpoint_transfer_abort.c **** /**************************************************************************/ 
  33:./Middlewares/ST/usbx/common/core/src/ux_host_stack_endpoint_transfer_abort.c **** /*                                                                        */ 
  34:./Middlewares/ST/usbx/common/core/src/ux_host_stack_endpoint_transfer_abort.c **** /*  FUNCTION                                               RELEASE        */ 
  35:./Middlewares/ST/usbx/common/core/src/ux_host_stack_endpoint_transfer_abort.c **** /*                                                                        */ 
  36:./Middlewares/ST/usbx/common/core/src/ux_host_stack_endpoint_transfer_abort.c **** /*    _ux_host_stack_endpoint_transfer_abort              PORTABLE C      */ 
  37:./Middlewares/ST/usbx/common/core/src/ux_host_stack_endpoint_transfer_abort.c **** /*                                                           6.1          */
  38:./Middlewares/ST/usbx/common/core/src/ux_host_stack_endpoint_transfer_abort.c **** /*  AUTHOR                                                                */
  39:./Middlewares/ST/usbx/common/core/src/ux_host_stack_endpoint_transfer_abort.c **** /*                                                                        */
  40:./Middlewares/ST/usbx/common/core/src/ux_host_stack_endpoint_transfer_abort.c **** /*    Chaoqiong Xiao, Microsoft Corporation                               */
  41:./Middlewares/ST/usbx/common/core/src/ux_host_stack_endpoint_transfer_abort.c **** /*                                                                        */
  42:./Middlewares/ST/usbx/common/core/src/ux_host_stack_endpoint_transfer_abort.c **** /*  DESCRIPTION                                                           */
  43:./Middlewares/ST/usbx/common/core/src/ux_host_stack_endpoint_transfer_abort.c **** /*                                                                        */ 
  44:./Middlewares/ST/usbx/common/core/src/ux_host_stack_endpoint_transfer_abort.c **** /*    This function cancel all the transfer_requests attached to an       */ 
  45:./Middlewares/ST/usbx/common/core/src/ux_host_stack_endpoint_transfer_abort.c **** /*    endpoint. The endpoint is not reset and its toggle state is left    */ 
  46:./Middlewares/ST/usbx/common/core/src/ux_host_stack_endpoint_transfer_abort.c **** /*    the same.                                                           */
  47:./Middlewares/ST/usbx/common/core/src/ux_host_stack_endpoint_transfer_abort.c **** /*                                                                        */
  48:./Middlewares/ST/usbx/common/core/src/ux_host_stack_endpoint_transfer_abort.c **** /*    In this version of USBX, there can only be one transfer request     */ 
  49:./Middlewares/ST/usbx/common/core/src/ux_host_stack_endpoint_transfer_abort.c **** /*    pending for an endpoint. It is not known at this stage if having    */ 
  50:./Middlewares/ST/usbx/common/core/src/ux_host_stack_endpoint_transfer_abort.c **** /*    multiple transfer request is a benefit for USBX but this function   */ 
  51:./Middlewares/ST/usbx/common/core/src/ux_host_stack_endpoint_transfer_abort.c **** /*    may be changed one day to add such functionality.                   */
  52:./Middlewares/ST/usbx/common/core/src/ux_host_stack_endpoint_transfer_abort.c **** /*                                                                        */ 
  53:./Middlewares/ST/usbx/common/core/src/ux_host_stack_endpoint_transfer_abort.c **** /*  INPUT                                                                 */ 
  54:./Middlewares/ST/usbx/common/core/src/ux_host_stack_endpoint_transfer_abort.c **** /*                                                                        */ 
  55:./Middlewares/ST/usbx/common/core/src/ux_host_stack_endpoint_transfer_abort.c **** /*    endpoint                              Endpoint to abort transfer    */ 
  56:./Middlewares/ST/usbx/common/core/src/ux_host_stack_endpoint_transfer_abort.c **** /*                                                                        */ 
  57:./Middlewares/ST/usbx/common/core/src/ux_host_stack_endpoint_transfer_abort.c **** /*  OUTPUT                                                                */ 
  58:./Middlewares/ST/usbx/common/core/src/ux_host_stack_endpoint_transfer_abort.c **** /*                                                                        */ 
  59:./Middlewares/ST/usbx/common/core/src/ux_host_stack_endpoint_transfer_abort.c **** /*    Completion Status                                                   */ 
  60:./Middlewares/ST/usbx/common/core/src/ux_host_stack_endpoint_transfer_abort.c **** /*                                                                        */ 
  61:./Middlewares/ST/usbx/common/core/src/ux_host_stack_endpoint_transfer_abort.c **** /*  CALLS                                                                 */ 
  62:./Middlewares/ST/usbx/common/core/src/ux_host_stack_endpoint_transfer_abort.c **** /*                                                                        */ 
  63:./Middlewares/ST/usbx/common/core/src/ux_host_stack_endpoint_transfer_abort.c **** /*    _ux_host_stack_transfer_request_abort Transfer request abort        */ 
  64:./Middlewares/ST/usbx/common/core/src/ux_host_stack_endpoint_transfer_abort.c **** /*                                                                        */ 
  65:./Middlewares/ST/usbx/common/core/src/ux_host_stack_endpoint_transfer_abort.c **** /*  CALLED BY                                                             */ 
  66:./Middlewares/ST/usbx/common/core/src/ux_host_stack_endpoint_transfer_abort.c **** /*                                                                        */ 
  67:./Middlewares/ST/usbx/common/core/src/ux_host_stack_endpoint_transfer_abort.c **** /*    Application                                                         */ 
  68:./Middlewares/ST/usbx/common/core/src/ux_host_stack_endpoint_transfer_abort.c **** /*    USBX Components                                                     */ 
  69:./Middlewares/ST/usbx/common/core/src/ux_host_stack_endpoint_transfer_abort.c **** /*                                                                        */ 
  70:./Middlewares/ST/usbx/common/core/src/ux_host_stack_endpoint_transfer_abort.c **** /*  RELEASE HISTORY                                                       */ 
  71:./Middlewares/ST/usbx/common/core/src/ux_host_stack_endpoint_transfer_abort.c **** /*                                                                        */ 
  72:./Middlewares/ST/usbx/common/core/src/ux_host_stack_endpoint_transfer_abort.c **** /*    DATE              NAME                      DESCRIPTION             */ 
  73:./Middlewares/ST/usbx/common/core/src/ux_host_stack_endpoint_transfer_abort.c **** /*                                                                        */ 
  74:./Middlewares/ST/usbx/common/core/src/ux_host_stack_endpoint_transfer_abort.c **** /*  05-19-2020     Chaoqiong Xiao           Initial Version 6.0           */
  75:./Middlewares/ST/usbx/common/core/src/ux_host_stack_endpoint_transfer_abort.c **** /*  09-30-2020     Chaoqiong Xiao           Modified comment(s),          */
  76:./Middlewares/ST/usbx/common/core/src/ux_host_stack_endpoint_transfer_abort.c **** /*                                            resulting in version 6.1    */
  77:./Middlewares/ST/usbx/common/core/src/ux_host_stack_endpoint_transfer_abort.c **** /*                                                                        */
  78:./Middlewares/ST/usbx/common/core/src/ux_host_stack_endpoint_transfer_abort.c **** /**************************************************************************/
  79:./Middlewares/ST/usbx/common/core/src/ux_host_stack_endpoint_transfer_abort.c **** UINT  _ux_host_stack_endpoint_transfer_abort(UX_ENDPOINT *endpoint)
  80:./Middlewares/ST/usbx/common/core/src/ux_host_stack_endpoint_transfer_abort.c **** {
  30              		.loc 1 80 1 view -0
  31              		.cfi_startproc
  32              		@ args = 0, pretend = 0, frame = 0
  33              		@ frame_needed = 0, uses_anonymous_args = 0
  34              		.loc 1 80 1 is_stmt 0 view .LVU1
  35 0000 08B5     		push	{r3, lr}
ARM GAS  C:\Users\Dennis\AppData\Local\Temp\ccMHnzxf.s 			page 3


  36              	.LCFI0:
  37              		.cfi_def_cfa_offset 8
  38              		.cfi_offset 3, -8
  39              		.cfi_offset 14, -4
  81:./Middlewares/ST/usbx/common/core/src/ux_host_stack_endpoint_transfer_abort.c **** 
  82:./Middlewares/ST/usbx/common/core/src/ux_host_stack_endpoint_transfer_abort.c **** UINT    status;
  40              		.loc 1 82 1 is_stmt 1 view .LVU2
  83:./Middlewares/ST/usbx/common/core/src/ux_host_stack_endpoint_transfer_abort.c ****     
  84:./Middlewares/ST/usbx/common/core/src/ux_host_stack_endpoint_transfer_abort.c ****     /* If trace is enabled, insert this event into the trace buffer.  */
  85:./Middlewares/ST/usbx/common/core/src/ux_host_stack_endpoint_transfer_abort.c ****     UX_TRACE_IN_LINE_INSERT(UX_TRACE_HOST_STACK_ENDPOINT_TRANSFER_ABORT, endpoint, 0, 0, 0, UX_TRAC
  86:./Middlewares/ST/usbx/common/core/src/ux_host_stack_endpoint_transfer_abort.c **** 
  87:./Middlewares/ST/usbx/common/core/src/ux_host_stack_endpoint_transfer_abort.c ****     /* Since we only have one transfer_request per endpoint, use the regular 
  88:./Middlewares/ST/usbx/common/core/src/ux_host_stack_endpoint_transfer_abort.c ****        abort transfer request function.  */
  89:./Middlewares/ST/usbx/common/core/src/ux_host_stack_endpoint_transfer_abort.c ****     status =  _ux_host_stack_transfer_request_abort(&endpoint -> ux_endpoint_transfer_request);
  41              		.loc 1 89 5 view .LVU3
  42              		.loc 1 89 15 is_stmt 0 view .LVU4
  43 0002 3030     		adds	r0, r0, #48
  44              	.LVL1:
  45              		.loc 1 89 15 view .LVU5
  46 0004 FFF7FEFF 		bl	_ux_host_stack_transfer_request_abort
  47              	.LVL2:
  90:./Middlewares/ST/usbx/common/core/src/ux_host_stack_endpoint_transfer_abort.c **** 
  91:./Middlewares/ST/usbx/common/core/src/ux_host_stack_endpoint_transfer_abort.c ****     /* Return completion status.  */
  92:./Middlewares/ST/usbx/common/core/src/ux_host_stack_endpoint_transfer_abort.c ****     return(status);
  48              		.loc 1 92 5 is_stmt 1 view .LVU6
  93:./Middlewares/ST/usbx/common/core/src/ux_host_stack_endpoint_transfer_abort.c **** }
  49              		.loc 1 93 1 is_stmt 0 view .LVU7
  50 0008 08BD     		pop	{r3, pc}
  51              		.cfi_endproc
  52              	.LFE11:
  54              		.text
  55              	.Letext0:
  56              		.file 2 "./Middlewares/ST/threadx/ports/cortex_m4/gnu/inc/tx_port.h"
  57              		.file 3 "./Middlewares/ST/threadx/common/inc/tx_api.h"
  58              		.file 4 "./Middlewares/ST/usbx/common/core/inc/ux_api.h"
  59              		.file 5 "./Middlewares/ST/usbx/common/core/inc/ux_host_stack.h"
ARM GAS  C:\Users\Dennis\AppData\Local\Temp\ccMHnzxf.s 			page 4


DEFINED SYMBOLS
                            *ABS*:00000000 ux_host_stack_endpoint_transfer_abort.c
C:\Users\Dennis\AppData\Local\Temp\ccMHnzxf.s:20     .text._ux_host_stack_endpoint_transfer_abort:00000000 $t
C:\Users\Dennis\AppData\Local\Temp\ccMHnzxf.s:26     .text._ux_host_stack_endpoint_transfer_abort:00000000 _ux_host_stack_endpoint_transfer_abort

UNDEFINED SYMBOLS
_ux_host_stack_transfer_request_abort
