ARM GAS  /tmp/ccFYJsKy.s 			page 1


   1              		.cpu cortex-m4
   2              		.arch armv7e-m
   3              		.fpu fpv4-sp-d16
   4              		.eabi_attribute 27, 1
   5              		.eabi_attribute 28, 1
   6              		.eabi_attribute 20, 1
   7              		.eabi_attribute 21, 1
   8              		.eabi_attribute 23, 3
   9              		.eabi_attribute 24, 1
  10              		.eabi_attribute 25, 1
  11              		.eabi_attribute 26, 1
  12              		.eabi_attribute 30, 1
  13              		.eabi_attribute 34, 1
  14              		.eabi_attribute 18, 4
  15              		.file	"ux_host_stack_enum_thread_entry.c"
  16              		.text
  17              	.Ltext0:
  18              		.cfi_sections	.debug_frame
  19              		.file 1 "./Middlewares/ST/usbx/common/core/src/ux_host_stack_enum_thread_entry.c"
  20              		.section	.text._ux_host_stack_enum_thread_entry,"ax",%progbits
  21              		.align	1
  22              		.global	_ux_host_stack_enum_thread_entry
  23              		.syntax unified
  24              		.thumb
  25              		.thumb_func
  27              	_ux_host_stack_enum_thread_entry:
  28              	.LFB11:
   1:./Middlewares/ST/usbx/common/core/src/ux_host_stack_enum_thread_entry.c **** /**************************************************************************/
   2:./Middlewares/ST/usbx/common/core/src/ux_host_stack_enum_thread_entry.c **** /*                                                                        */
   3:./Middlewares/ST/usbx/common/core/src/ux_host_stack_enum_thread_entry.c **** /*       Copyright (c) Microsoft Corporation. All rights reserved.        */
   4:./Middlewares/ST/usbx/common/core/src/ux_host_stack_enum_thread_entry.c **** /*                                                                        */
   5:./Middlewares/ST/usbx/common/core/src/ux_host_stack_enum_thread_entry.c **** /*       This software is licensed under the Microsoft Software License   */
   6:./Middlewares/ST/usbx/common/core/src/ux_host_stack_enum_thread_entry.c **** /*       Terms for Microsoft Azure RTOS. Full text of the license can be  */
   7:./Middlewares/ST/usbx/common/core/src/ux_host_stack_enum_thread_entry.c **** /*       found in the LICENSE file at https://aka.ms/AzureRTOS_EULA       */
   8:./Middlewares/ST/usbx/common/core/src/ux_host_stack_enum_thread_entry.c **** /*       and in the root directory of this software.                      */
   9:./Middlewares/ST/usbx/common/core/src/ux_host_stack_enum_thread_entry.c **** /*                                                                        */
  10:./Middlewares/ST/usbx/common/core/src/ux_host_stack_enum_thread_entry.c **** /**************************************************************************/
  11:./Middlewares/ST/usbx/common/core/src/ux_host_stack_enum_thread_entry.c **** 
  12:./Middlewares/ST/usbx/common/core/src/ux_host_stack_enum_thread_entry.c **** 
  13:./Middlewares/ST/usbx/common/core/src/ux_host_stack_enum_thread_entry.c **** /**************************************************************************/
  14:./Middlewares/ST/usbx/common/core/src/ux_host_stack_enum_thread_entry.c **** /**************************************************************************/
  15:./Middlewares/ST/usbx/common/core/src/ux_host_stack_enum_thread_entry.c **** /**                                                                       */ 
  16:./Middlewares/ST/usbx/common/core/src/ux_host_stack_enum_thread_entry.c **** /** USBX Component                                                        */ 
  17:./Middlewares/ST/usbx/common/core/src/ux_host_stack_enum_thread_entry.c **** /**                                                                       */
  18:./Middlewares/ST/usbx/common/core/src/ux_host_stack_enum_thread_entry.c **** /**   Host Stack                                                          */
  19:./Middlewares/ST/usbx/common/core/src/ux_host_stack_enum_thread_entry.c **** /**                                                                       */
  20:./Middlewares/ST/usbx/common/core/src/ux_host_stack_enum_thread_entry.c **** /**************************************************************************/
  21:./Middlewares/ST/usbx/common/core/src/ux_host_stack_enum_thread_entry.c **** /**************************************************************************/
  22:./Middlewares/ST/usbx/common/core/src/ux_host_stack_enum_thread_entry.c **** 
  23:./Middlewares/ST/usbx/common/core/src/ux_host_stack_enum_thread_entry.c **** 
  24:./Middlewares/ST/usbx/common/core/src/ux_host_stack_enum_thread_entry.c **** /* Include necessary system files.  */
  25:./Middlewares/ST/usbx/common/core/src/ux_host_stack_enum_thread_entry.c **** 
  26:./Middlewares/ST/usbx/common/core/src/ux_host_stack_enum_thread_entry.c **** #define UX_SOURCE_CODE
  27:./Middlewares/ST/usbx/common/core/src/ux_host_stack_enum_thread_entry.c **** 
  28:./Middlewares/ST/usbx/common/core/src/ux_host_stack_enum_thread_entry.c **** #include "ux_api.h"
  29:./Middlewares/ST/usbx/common/core/src/ux_host_stack_enum_thread_entry.c **** #include "ux_host_stack.h"
  30:./Middlewares/ST/usbx/common/core/src/ux_host_stack_enum_thread_entry.c **** 
ARM GAS  /tmp/ccFYJsKy.s 			page 2


  31:./Middlewares/ST/usbx/common/core/src/ux_host_stack_enum_thread_entry.c **** 
  32:./Middlewares/ST/usbx/common/core/src/ux_host_stack_enum_thread_entry.c **** /**************************************************************************/ 
  33:./Middlewares/ST/usbx/common/core/src/ux_host_stack_enum_thread_entry.c **** /*                                                                        */ 
  34:./Middlewares/ST/usbx/common/core/src/ux_host_stack_enum_thread_entry.c **** /*  FUNCTION                                               RELEASE        */ 
  35:./Middlewares/ST/usbx/common/core/src/ux_host_stack_enum_thread_entry.c **** /*                                                                        */ 
  36:./Middlewares/ST/usbx/common/core/src/ux_host_stack_enum_thread_entry.c **** /*    _ux_host_stack_enum_thread_entry                    PORTABLE C      */ 
  37:./Middlewares/ST/usbx/common/core/src/ux_host_stack_enum_thread_entry.c **** /*                                                           6.1.10       */
  38:./Middlewares/ST/usbx/common/core/src/ux_host_stack_enum_thread_entry.c **** /*  AUTHOR                                                                */
  39:./Middlewares/ST/usbx/common/core/src/ux_host_stack_enum_thread_entry.c **** /*                                                                        */
  40:./Middlewares/ST/usbx/common/core/src/ux_host_stack_enum_thread_entry.c **** /*    Chaoqiong Xiao, Microsoft Corporation                               */
  41:./Middlewares/ST/usbx/common/core/src/ux_host_stack_enum_thread_entry.c **** /*                                                                        */
  42:./Middlewares/ST/usbx/common/core/src/ux_host_stack_enum_thread_entry.c **** /*  DESCRIPTION                                                           */
  43:./Middlewares/ST/usbx/common/core/src/ux_host_stack_enum_thread_entry.c **** /*                                                                        */ 
  44:./Middlewares/ST/usbx/common/core/src/ux_host_stack_enum_thread_entry.c **** /*    This file contains the enum thread for USBX. It is in charge of     */
  45:./Middlewares/ST/usbx/common/core/src/ux_host_stack_enum_thread_entry.c **** /*    the topology changes either from device insertion\extraction on     */ 
  46:./Middlewares/ST/usbx/common/core/src/ux_host_stack_enum_thread_entry.c **** /*    the root hub or on a regular hub.                                   */
  47:./Middlewares/ST/usbx/common/core/src/ux_host_stack_enum_thread_entry.c **** /*                                                                        */
  48:./Middlewares/ST/usbx/common/core/src/ux_host_stack_enum_thread_entry.c **** /*    This thread ensures we never have more that 2 instances trying to   */
  49:./Middlewares/ST/usbx/common/core/src/ux_host_stack_enum_thread_entry.c **** /*    perform a change to the topology (mostly enumeration) for fear that */ 
  50:./Middlewares/ST/usbx/common/core/src/ux_host_stack_enum_thread_entry.c **** /*    more than one device could answer to address 0.                     */
  51:./Middlewares/ST/usbx/common/core/src/ux_host_stack_enum_thread_entry.c **** /*                                                                        */
  52:./Middlewares/ST/usbx/common/core/src/ux_host_stack_enum_thread_entry.c **** /*    This function is the entry point of the topology thread. It waits   */ 
  53:./Middlewares/ST/usbx/common/core/src/ux_host_stack_enum_thread_entry.c **** /*    until one of the HCDs or a hub sets the semaphore to indicate       */
  54:./Middlewares/ST/usbx/common/core/src/ux_host_stack_enum_thread_entry.c **** /*    there has been a change in the USB topology which could be either   */
  55:./Middlewares/ST/usbx/common/core/src/ux_host_stack_enum_thread_entry.c **** /*    a insertion or extraction or eventually a hub downstream port       */ 
  56:./Middlewares/ST/usbx/common/core/src/ux_host_stack_enum_thread_entry.c **** /*    signal.                                                             */
  57:./Middlewares/ST/usbx/common/core/src/ux_host_stack_enum_thread_entry.c **** /*                                                                        */
  58:./Middlewares/ST/usbx/common/core/src/ux_host_stack_enum_thread_entry.c **** /*    This is for RTOS mode.                                              */
  59:./Middlewares/ST/usbx/common/core/src/ux_host_stack_enum_thread_entry.c **** /*                                                                        */ 
  60:./Middlewares/ST/usbx/common/core/src/ux_host_stack_enum_thread_entry.c **** /*  INPUT                                                                 */ 
  61:./Middlewares/ST/usbx/common/core/src/ux_host_stack_enum_thread_entry.c **** /*                                                                        */ 
  62:./Middlewares/ST/usbx/common/core/src/ux_host_stack_enum_thread_entry.c **** /*    input                                 Not used input                */ 
  63:./Middlewares/ST/usbx/common/core/src/ux_host_stack_enum_thread_entry.c **** /*                                                                        */ 
  64:./Middlewares/ST/usbx/common/core/src/ux_host_stack_enum_thread_entry.c **** /*  OUTPUT                                                                */ 
  65:./Middlewares/ST/usbx/common/core/src/ux_host_stack_enum_thread_entry.c **** /*                                                                        */ 
  66:./Middlewares/ST/usbx/common/core/src/ux_host_stack_enum_thread_entry.c **** /*    None                                                                */ 
  67:./Middlewares/ST/usbx/common/core/src/ux_host_stack_enum_thread_entry.c **** /*                                                                        */ 
  68:./Middlewares/ST/usbx/common/core/src/ux_host_stack_enum_thread_entry.c **** /*  CALLS                                                                 */ 
  69:./Middlewares/ST/usbx/common/core/src/ux_host_stack_enum_thread_entry.c **** /*                                                                        */ 
  70:./Middlewares/ST/usbx/common/core/src/ux_host_stack_enum_thread_entry.c **** /*    _ux_host_stack_rh_change_process      Root hub processing           */ 
  71:./Middlewares/ST/usbx/common/core/src/ux_host_stack_enum_thread_entry.c **** /*    _ux_utility_semaphore_get             Get signal semaphore          */ 
  72:./Middlewares/ST/usbx/common/core/src/ux_host_stack_enum_thread_entry.c **** /*    (ux_system_host_enum_hub_function)    HUB enum processing function  */ 
  73:./Middlewares/ST/usbx/common/core/src/ux_host_stack_enum_thread_entry.c **** /*                                                                        */ 
  74:./Middlewares/ST/usbx/common/core/src/ux_host_stack_enum_thread_entry.c **** /*  CALLED BY                                                             */ 
  75:./Middlewares/ST/usbx/common/core/src/ux_host_stack_enum_thread_entry.c **** /*                                                                        */ 
  76:./Middlewares/ST/usbx/common/core/src/ux_host_stack_enum_thread_entry.c **** /*    ThreadX                                                             */ 
  77:./Middlewares/ST/usbx/common/core/src/ux_host_stack_enum_thread_entry.c **** /*                                                                        */ 
  78:./Middlewares/ST/usbx/common/core/src/ux_host_stack_enum_thread_entry.c **** /*  RELEASE HISTORY                                                       */ 
  79:./Middlewares/ST/usbx/common/core/src/ux_host_stack_enum_thread_entry.c **** /*                                                                        */ 
  80:./Middlewares/ST/usbx/common/core/src/ux_host_stack_enum_thread_entry.c **** /*    DATE              NAME                      DESCRIPTION             */ 
  81:./Middlewares/ST/usbx/common/core/src/ux_host_stack_enum_thread_entry.c **** /*                                                                        */ 
  82:./Middlewares/ST/usbx/common/core/src/ux_host_stack_enum_thread_entry.c **** /*  05-19-2020     Chaoqiong Xiao           Initial Version 6.0           */
  83:./Middlewares/ST/usbx/common/core/src/ux_host_stack_enum_thread_entry.c **** /*  09-30-2020     Chaoqiong Xiao           Modified comment(s),          */
  84:./Middlewares/ST/usbx/common/core/src/ux_host_stack_enum_thread_entry.c **** /*                                            optimized based on compile  */
  85:./Middlewares/ST/usbx/common/core/src/ux_host_stack_enum_thread_entry.c **** /*                                            definitions,                */
  86:./Middlewares/ST/usbx/common/core/src/ux_host_stack_enum_thread_entry.c **** /*                                            resulting in version 6.1    */
  87:./Middlewares/ST/usbx/common/core/src/ux_host_stack_enum_thread_entry.c **** /*  01-31-2022     Chaoqiong Xiao           Modified comment(s),          */
ARM GAS  /tmp/ccFYJsKy.s 			page 3


  88:./Middlewares/ST/usbx/common/core/src/ux_host_stack_enum_thread_entry.c **** /*                                            refined macros names,       */
  89:./Middlewares/ST/usbx/common/core/src/ux_host_stack_enum_thread_entry.c **** /*                                            resulting in version 6.1.10 */
  90:./Middlewares/ST/usbx/common/core/src/ux_host_stack_enum_thread_entry.c **** /*                                                                        */
  91:./Middlewares/ST/usbx/common/core/src/ux_host_stack_enum_thread_entry.c **** /**************************************************************************/
  92:./Middlewares/ST/usbx/common/core/src/ux_host_stack_enum_thread_entry.c **** VOID  _ux_host_stack_enum_thread_entry(ULONG input)
  93:./Middlewares/ST/usbx/common/core/src/ux_host_stack_enum_thread_entry.c **** {
  29              		.loc 1 93 1 view -0
  30              		.cfi_startproc
  31              		@ Volatile: function does not return.
  32              		@ args = 0, pretend = 0, frame = 0
  33              		@ frame_needed = 0, uses_anonymous_args = 0
  34              	.LVL0:
  35              		.loc 1 93 1 is_stmt 0 view .LVU1
  36 0000 08B5     		push	{r3, lr}
  37              	.LCFI0:
  38              		.cfi_def_cfa_offset 8
  39              		.cfi_offset 3, -8
  40              		.cfi_offset 14, -4
  41 0002 02E0     		b	.L3
  42              	.LVL1:
  43              	.L5:
  94:./Middlewares/ST/usbx/common/core/src/ux_host_stack_enum_thread_entry.c **** 
  95:./Middlewares/ST/usbx/common/core/src/ux_host_stack_enum_thread_entry.c ****     UX_PARAMETER_NOT_USED(input);
  96:./Middlewares/ST/usbx/common/core/src/ux_host_stack_enum_thread_entry.c **** 
  97:./Middlewares/ST/usbx/common/core/src/ux_host_stack_enum_thread_entry.c ****     /* Loop forever waiting for changes signaled through the semaphore. */     
  98:./Middlewares/ST/usbx/common/core/src/ux_host_stack_enum_thread_entry.c ****     while (1)
  99:./Middlewares/ST/usbx/common/core/src/ux_host_stack_enum_thread_entry.c ****     {   
 100:./Middlewares/ST/usbx/common/core/src/ux_host_stack_enum_thread_entry.c **** 
 101:./Middlewares/ST/usbx/common/core/src/ux_host_stack_enum_thread_entry.c ****         /* Wait for the semaphore to be put by the root hub or a regular hub.  */
 102:./Middlewares/ST/usbx/common/core/src/ux_host_stack_enum_thread_entry.c ****         _ux_host_semaphore_get_norc(&_ux_system_host -> ux_system_host_enum_semaphore, UX_WAIT_FORE
 103:./Middlewares/ST/usbx/common/core/src/ux_host_stack_enum_thread_entry.c **** 
 104:./Middlewares/ST/usbx/common/core/src/ux_host_stack_enum_thread_entry.c **** #if UX_MAX_DEVICES > 1
 105:./Middlewares/ST/usbx/common/core/src/ux_host_stack_enum_thread_entry.c ****         /* We try the hub first. For this we look into the USBX project
 106:./Middlewares/ST/usbx/common/core/src/ux_host_stack_enum_thread_entry.c ****            structure to see if there is at least one hub.  */
 107:./Middlewares/ST/usbx/common/core/src/ux_host_stack_enum_thread_entry.c ****         if (_ux_system_host -> ux_system_host_enum_hub_function != UX_NULL)
 108:./Middlewares/ST/usbx/common/core/src/ux_host_stack_enum_thread_entry.c ****         {
 109:./Middlewares/ST/usbx/common/core/src/ux_host_stack_enum_thread_entry.c **** 
 110:./Middlewares/ST/usbx/common/core/src/ux_host_stack_enum_thread_entry.c ****             /* Yes, there is a HUB function, call it!  */
 111:./Middlewares/ST/usbx/common/core/src/ux_host_stack_enum_thread_entry.c ****             _ux_system_host -> ux_system_host_enum_hub_function();
  44              		.loc 1 111 13 is_stmt 1 view .LVU2
  45 0004 9847     		blx	r3
  46              	.LVL2:
  47              	.L2:
 112:./Middlewares/ST/usbx/common/core/src/ux_host_stack_enum_thread_entry.c ****         }
 113:./Middlewares/ST/usbx/common/core/src/ux_host_stack_enum_thread_entry.c **** #endif
 114:./Middlewares/ST/usbx/common/core/src/ux_host_stack_enum_thread_entry.c **** 
 115:./Middlewares/ST/usbx/common/core/src/ux_host_stack_enum_thread_entry.c ****         /* The signal may be also coming from the root hub, call the root hub handler.  */
 116:./Middlewares/ST/usbx/common/core/src/ux_host_stack_enum_thread_entry.c ****         _ux_host_stack_rh_change_process();
  48              		.loc 1 116 9 view .LVU3
  49 0006 FFF7FEFF 		bl	_ux_host_stack_rh_change_process
  50              	.LVL3:
  98:./Middlewares/ST/usbx/common/core/src/ux_host_stack_enum_thread_entry.c ****     {   
  51              		.loc 1 98 11 view .LVU4
  52              	.L3:
  95:./Middlewares/ST/usbx/common/core/src/ux_host_stack_enum_thread_entry.c **** 
  53              		.loc 1 95 5 view .LVU5
  98:./Middlewares/ST/usbx/common/core/src/ux_host_stack_enum_thread_entry.c ****     {   
ARM GAS  /tmp/ccFYJsKy.s 			page 4


  54              		.loc 1 98 5 view .LVU6
 102:./Middlewares/ST/usbx/common/core/src/ux_host_stack_enum_thread_entry.c **** 
  55              		.loc 1 102 9 view .LVU7
 102:./Middlewares/ST/usbx/common/core/src/ux_host_stack_enum_thread_entry.c **** 
  56              		.loc 1 102 54 is_stmt 0 view .LVU8
  57 000a 064C     		ldr	r4, .L6
  58 000c 2068     		ldr	r0, [r4]
 102:./Middlewares/ST/usbx/common/core/src/ux_host_stack_enum_thread_entry.c **** 
  59              		.loc 1 102 9 view .LVU9
  60 000e 4FF0FF31 		mov	r1, #-1
  61 0012 DC30     		adds	r0, r0, #220
  62 0014 FFF7FEFF 		bl	_ux_utility_semaphore_get
  63              	.LVL4:
 107:./Middlewares/ST/usbx/common/core/src/ux_host_stack_enum_thread_entry.c ****         {
  64              		.loc 1 107 9 is_stmt 1 view .LVU10
 107:./Middlewares/ST/usbx/common/core/src/ux_host_stack_enum_thread_entry.c ****         {
  65              		.loc 1 107 29 is_stmt 0 view .LVU11
  66 0018 2368     		ldr	r3, [r4]
  67 001a D3F8F830 		ldr	r3, [r3, #248]
 107:./Middlewares/ST/usbx/common/core/src/ux_host_stack_enum_thread_entry.c ****         {
  68              		.loc 1 107 12 view .LVU12
  69 001e 002B     		cmp	r3, #0
  70 0020 F0D1     		bne	.L5
  71 0022 F0E7     		b	.L2
  72              	.L7:
  73              		.align	2
  74              	.L6:
  75 0024 00000000 		.word	_ux_system_host
  76              		.cfi_endproc
  77              	.LFE11:
  79              		.text
  80              	.Letext0:
  81              		.file 2 "./Middlewares/ST/threadx/ports/cortex_m4/gnu/inc/tx_port.h"
  82              		.file 3 "./Middlewares/ST/threadx/common/inc/tx_api.h"
  83              		.file 4 "./Middlewares/ST/usbx/common/core/inc/ux_api.h"
  84              		.file 5 "./Middlewares/ST/usbx/common/core/inc/ux_system.h"
  85              		.file 6 "./Middlewares/ST/usbx/common/core/inc/ux_host_stack.h"
  86              		.file 7 "./Middlewares/ST/usbx/common/core/inc/ux_utility.h"
ARM GAS  /tmp/ccFYJsKy.s 			page 5


DEFINED SYMBOLS
                            *ABS*:00000000 ux_host_stack_enum_thread_entry.c
     /tmp/ccFYJsKy.s:21     .text._ux_host_stack_enum_thread_entry:00000000 $t
     /tmp/ccFYJsKy.s:27     .text._ux_host_stack_enum_thread_entry:00000000 _ux_host_stack_enum_thread_entry
     /tmp/ccFYJsKy.s:75     .text._ux_host_stack_enum_thread_entry:00000024 $d

UNDEFINED SYMBOLS
_ux_host_stack_rh_change_process
_ux_utility_semaphore_get
_ux_system_host
