ARM GAS  C:\Users\Dennis\AppData\Local\Temp\ccrbgAaV.s 			page 1


   1              		.cpu cortex-m4
   2              		.arch armv7e-m
   3              		.fpu fpv4-sp-d16
   4              		.eabi_attribute 27, 1
   5              		.eabi_attribute 28, 1
   6              		.eabi_attribute 20, 1
   7              		.eabi_attribute 21, 1
   8              		.eabi_attribute 23, 3
   9              		.eabi_attribute 24, 1
  10              		.eabi_attribute 25, 1
  11              		.eabi_attribute 26, 1
  12              		.eabi_attribute 30, 1
  13              		.eabi_attribute 34, 1
  14              		.eabi_attribute 18, 4
  15              		.file	"ux_host_stack_uninitialize.c"
  16              		.text
  17              	.Ltext0:
  18              		.cfi_sections	.debug_frame
  19              		.section	.text._ux_host_stack_uninitialize,"ax",%progbits
  20              		.align	1
  21              		.global	_ux_host_stack_uninitialize
  22              		.syntax unified
  23              		.thumb
  24              		.thumb_func
  26              	_ux_host_stack_uninitialize:
  27              	.LFB11:
  28              		.file 1 "./Middlewares/ST/usbx/common/core/src/ux_host_stack_uninitialize.c"
   1:./Middlewares/ST/usbx/common/core/src/ux_host_stack_uninitialize.c **** /**************************************************************************/
   2:./Middlewares/ST/usbx/common/core/src/ux_host_stack_uninitialize.c **** /*                                                                        */
   3:./Middlewares/ST/usbx/common/core/src/ux_host_stack_uninitialize.c **** /*       Copyright (c) Microsoft Corporation. All rights reserved.        */
   4:./Middlewares/ST/usbx/common/core/src/ux_host_stack_uninitialize.c **** /*                                                                        */
   5:./Middlewares/ST/usbx/common/core/src/ux_host_stack_uninitialize.c **** /*       This software is licensed under the Microsoft Software License   */
   6:./Middlewares/ST/usbx/common/core/src/ux_host_stack_uninitialize.c **** /*       Terms for Microsoft Azure RTOS. Full text of the license can be  */
   7:./Middlewares/ST/usbx/common/core/src/ux_host_stack_uninitialize.c **** /*       found in the LICENSE file at https://aka.ms/AzureRTOS_EULA       */
   8:./Middlewares/ST/usbx/common/core/src/ux_host_stack_uninitialize.c **** /*       and in the root directory of this software.                      */
   9:./Middlewares/ST/usbx/common/core/src/ux_host_stack_uninitialize.c **** /*                                                                        */
  10:./Middlewares/ST/usbx/common/core/src/ux_host_stack_uninitialize.c **** /**************************************************************************/
  11:./Middlewares/ST/usbx/common/core/src/ux_host_stack_uninitialize.c **** 
  12:./Middlewares/ST/usbx/common/core/src/ux_host_stack_uninitialize.c **** 
  13:./Middlewares/ST/usbx/common/core/src/ux_host_stack_uninitialize.c **** /**************************************************************************/
  14:./Middlewares/ST/usbx/common/core/src/ux_host_stack_uninitialize.c **** /**************************************************************************/
  15:./Middlewares/ST/usbx/common/core/src/ux_host_stack_uninitialize.c **** /**                                                                       */
  16:./Middlewares/ST/usbx/common/core/src/ux_host_stack_uninitialize.c **** /** USBX Component                                                        */
  17:./Middlewares/ST/usbx/common/core/src/ux_host_stack_uninitialize.c **** /**                                                                       */
  18:./Middlewares/ST/usbx/common/core/src/ux_host_stack_uninitialize.c **** /**   Host Stack                                                          */
  19:./Middlewares/ST/usbx/common/core/src/ux_host_stack_uninitialize.c **** /**                                                                       */
  20:./Middlewares/ST/usbx/common/core/src/ux_host_stack_uninitialize.c **** /**************************************************************************/
  21:./Middlewares/ST/usbx/common/core/src/ux_host_stack_uninitialize.c **** /**************************************************************************/
  22:./Middlewares/ST/usbx/common/core/src/ux_host_stack_uninitialize.c **** 
  23:./Middlewares/ST/usbx/common/core/src/ux_host_stack_uninitialize.c **** 
  24:./Middlewares/ST/usbx/common/core/src/ux_host_stack_uninitialize.c **** /* Include necessary system files.  */
  25:./Middlewares/ST/usbx/common/core/src/ux_host_stack_uninitialize.c **** 
  26:./Middlewares/ST/usbx/common/core/src/ux_host_stack_uninitialize.c **** #define UX_SOURCE_CODE
  27:./Middlewares/ST/usbx/common/core/src/ux_host_stack_uninitialize.c **** 
  28:./Middlewares/ST/usbx/common/core/src/ux_host_stack_uninitialize.c **** #include "ux_api.h"
  29:./Middlewares/ST/usbx/common/core/src/ux_host_stack_uninitialize.c **** #include "ux_host_stack.h"
  30:./Middlewares/ST/usbx/common/core/src/ux_host_stack_uninitialize.c **** 
ARM GAS  C:\Users\Dennis\AppData\Local\Temp\ccrbgAaV.s 			page 2


  31:./Middlewares/ST/usbx/common/core/src/ux_host_stack_uninitialize.c **** 
  32:./Middlewares/ST/usbx/common/core/src/ux_host_stack_uninitialize.c **** /**************************************************************************/
  33:./Middlewares/ST/usbx/common/core/src/ux_host_stack_uninitialize.c **** /*                                                                        */
  34:./Middlewares/ST/usbx/common/core/src/ux_host_stack_uninitialize.c **** /*  FUNCTION                                               RELEASE        */
  35:./Middlewares/ST/usbx/common/core/src/ux_host_stack_uninitialize.c **** /*                                                                        */
  36:./Middlewares/ST/usbx/common/core/src/ux_host_stack_uninitialize.c **** /*    _ux_host_stack_uninitialize                         PORTABLE C      */
  37:./Middlewares/ST/usbx/common/core/src/ux_host_stack_uninitialize.c **** /*                                                           6.1.10       */
  38:./Middlewares/ST/usbx/common/core/src/ux_host_stack_uninitialize.c **** /*  AUTHOR                                                                */
  39:./Middlewares/ST/usbx/common/core/src/ux_host_stack_uninitialize.c **** /*                                                                        */
  40:./Middlewares/ST/usbx/common/core/src/ux_host_stack_uninitialize.c **** /*    Chaoqiong Xiao, Microsoft Corporation                               */
  41:./Middlewares/ST/usbx/common/core/src/ux_host_stack_uninitialize.c **** /*                                                                        */
  42:./Middlewares/ST/usbx/common/core/src/ux_host_stack_uninitialize.c **** /*  DESCRIPTION                                                           */
  43:./Middlewares/ST/usbx/common/core/src/ux_host_stack_uninitialize.c **** /*                                                                        */
  44:./Middlewares/ST/usbx/common/core/src/ux_host_stack_uninitialize.c **** /*    This function uninitializes all the host code for USBX to work on a */
  45:./Middlewares/ST/usbx/common/core/src/ux_host_stack_uninitialize.c **** /*    specific platform.                                                  */
  46:./Middlewares/ST/usbx/common/core/src/ux_host_stack_uninitialize.c **** /*                                                                        */
  47:./Middlewares/ST/usbx/common/core/src/ux_host_stack_uninitialize.c **** /*    Note following steps must be done before host stack uninitialize:   */
  48:./Middlewares/ST/usbx/common/core/src/ux_host_stack_uninitialize.c **** /*    All HCDs must be unregistered (devices also removed).               */
  49:./Middlewares/ST/usbx/common/core/src/ux_host_stack_uninitialize.c **** /*    All classes unregistered (clients attached also removed).           */
  50:./Middlewares/ST/usbx/common/core/src/ux_host_stack_uninitialize.c **** /*                                                                        */
  51:./Middlewares/ST/usbx/common/core/src/ux_host_stack_uninitialize.c **** /*  INPUT                                                                 */
  52:./Middlewares/ST/usbx/common/core/src/ux_host_stack_uninitialize.c **** /*                                                                        */
  53:./Middlewares/ST/usbx/common/core/src/ux_host_stack_uninitialize.c **** /*                                                                        */
  54:./Middlewares/ST/usbx/common/core/src/ux_host_stack_uninitialize.c **** /*  OUTPUT                                                                */
  55:./Middlewares/ST/usbx/common/core/src/ux_host_stack_uninitialize.c **** /*                                                                        */
  56:./Middlewares/ST/usbx/common/core/src/ux_host_stack_uninitialize.c **** /*    Completion Status                                                   */
  57:./Middlewares/ST/usbx/common/core/src/ux_host_stack_uninitialize.c **** /*    UX_SUCCESS                            Uninitialized success         */
  58:./Middlewares/ST/usbx/common/core/src/ux_host_stack_uninitialize.c **** /*                                                                        */
  59:./Middlewares/ST/usbx/common/core/src/ux_host_stack_uninitialize.c **** /*                                                                        */
  60:./Middlewares/ST/usbx/common/core/src/ux_host_stack_uninitialize.c **** /*  CALLS                                                                 */
  61:./Middlewares/ST/usbx/common/core/src/ux_host_stack_uninitialize.c **** /*                                                                        */
  62:./Middlewares/ST/usbx/common/core/src/ux_host_stack_uninitialize.c **** /*    _ux_utility_memory_free               Free host memory              */
  63:./Middlewares/ST/usbx/common/core/src/ux_host_stack_uninitialize.c **** /*    _ux_utility_thread_delete             Delete host thread            */
  64:./Middlewares/ST/usbx/common/core/src/ux_host_stack_uninitialize.c **** /*    _ux_utility_semaphore_delete          Delete host semaphore         */
  65:./Middlewares/ST/usbx/common/core/src/ux_host_stack_uninitialize.c **** /*                                                                        */
  66:./Middlewares/ST/usbx/common/core/src/ux_host_stack_uninitialize.c **** /*  CALLED BY                                                             */
  67:./Middlewares/ST/usbx/common/core/src/ux_host_stack_uninitialize.c **** /*                                                                        */
  68:./Middlewares/ST/usbx/common/core/src/ux_host_stack_uninitialize.c **** /*    Application                                                         */
  69:./Middlewares/ST/usbx/common/core/src/ux_host_stack_uninitialize.c **** /*                                                                        */
  70:./Middlewares/ST/usbx/common/core/src/ux_host_stack_uninitialize.c **** /*  RELEASE HISTORY                                                       */
  71:./Middlewares/ST/usbx/common/core/src/ux_host_stack_uninitialize.c **** /*                                                                        */
  72:./Middlewares/ST/usbx/common/core/src/ux_host_stack_uninitialize.c **** /*    DATE              NAME                      DESCRIPTION             */
  73:./Middlewares/ST/usbx/common/core/src/ux_host_stack_uninitialize.c **** /*                                                                        */
  74:./Middlewares/ST/usbx/common/core/src/ux_host_stack_uninitialize.c **** /*  09-30-2020     Chaoqiong Xiao           Initial Version 6.1           */
  75:./Middlewares/ST/usbx/common/core/src/ux_host_stack_uninitialize.c **** /*  08-02-2021     Xiuwen Cai               Modified comment(s),          */
  76:./Middlewares/ST/usbx/common/core/src/ux_host_stack_uninitialize.c **** /*                                            fixed compile issue,        */
  77:./Middlewares/ST/usbx/common/core/src/ux_host_stack_uninitialize.c **** /*                                            resulting in version 6.1.8  */
  78:./Middlewares/ST/usbx/common/core/src/ux_host_stack_uninitialize.c **** /*  01-31-2022     Chaoqiong Xiao           Modified comment(s),          */
  79:./Middlewares/ST/usbx/common/core/src/ux_host_stack_uninitialize.c **** /*                                            added standalone support,   */
  80:./Middlewares/ST/usbx/common/core/src/ux_host_stack_uninitialize.c **** /*                                            resulting in version 6.1.10 */
  81:./Middlewares/ST/usbx/common/core/src/ux_host_stack_uninitialize.c **** /*                                                                        */
  82:./Middlewares/ST/usbx/common/core/src/ux_host_stack_uninitialize.c **** /**************************************************************************/
  83:./Middlewares/ST/usbx/common/core/src/ux_host_stack_uninitialize.c **** UINT  _ux_host_stack_uninitialize(VOID)
  84:./Middlewares/ST/usbx/common/core/src/ux_host_stack_uninitialize.c **** {
  29              		.loc 1 84 1 view -0
  30              		.cfi_startproc
  31              		@ args = 0, pretend = 0, frame = 0
ARM GAS  C:\Users\Dennis\AppData\Local\Temp\ccrbgAaV.s 			page 3


  32              		@ frame_needed = 0, uses_anonymous_args = 0
  33 0000 10B5     		push	{r4, lr}
  34              	.LCFI0:
  35              		.cfi_def_cfa_offset 8
  36              		.cfi_offset 4, -8
  37              		.cfi_offset 14, -4
  85:./Middlewares/ST/usbx/common/core/src/ux_host_stack_uninitialize.c **** 
  86:./Middlewares/ST/usbx/common/core/src/ux_host_stack_uninitialize.c ****     /* If trace is enabled, insert this event into the trace buffer.  */
  87:./Middlewares/ST/usbx/common/core/src/ux_host_stack_uninitialize.c ****     UX_TRACE_IN_LINE_INSERT(UX_TRACE_HOST_STACK_UNINITIALIZE, 0, 0, 0, 0, UX_TRACE_HOST_STACK_EVENT
  88:./Middlewares/ST/usbx/common/core/src/ux_host_stack_uninitialize.c **** 
  89:./Middlewares/ST/usbx/common/core/src/ux_host_stack_uninitialize.c **** #if !defined(UX_HOST_STANDALONE)
  90:./Middlewares/ST/usbx/common/core/src/ux_host_stack_uninitialize.c ****     /* Delete enumeration thread.  */
  91:./Middlewares/ST/usbx/common/core/src/ux_host_stack_uninitialize.c ****     _ux_utility_thread_delete(&_ux_system_host -> ux_system_host_enum_thread);
  38              		.loc 1 91 5 view .LVU1
  39              		.loc 1 91 48 is_stmt 0 view .LVU2
  40 0002 154C     		ldr	r4, .L3
  41 0004 2068     		ldr	r0, [r4]
  42              		.loc 1 91 5 view .LVU3
  43 0006 2C30     		adds	r0, r0, #44
  44 0008 FFF7FEFF 		bl	_ux_utility_thread_delete
  45              	.LVL0:
  92:./Middlewares/ST/usbx/common/core/src/ux_host_stack_uninitialize.c **** 
  93:./Middlewares/ST/usbx/common/core/src/ux_host_stack_uninitialize.c ****     /* Delete enumeration semaphore.  */
  94:./Middlewares/ST/usbx/common/core/src/ux_host_stack_uninitialize.c ****     _ux_utility_semaphore_delete(&_ux_system_host -> ux_system_host_enum_semaphore);
  46              		.loc 1 94 5 is_stmt 1 view .LVU4
  47              		.loc 1 94 51 is_stmt 0 view .LVU5
  48 000c 2068     		ldr	r0, [r4]
  49              		.loc 1 94 5 view .LVU6
  50 000e DC30     		adds	r0, r0, #220
  51 0010 FFF7FEFF 		bl	_ux_utility_semaphore_delete
  52              	.LVL1:
  95:./Middlewares/ST/usbx/common/core/src/ux_host_stack_uninitialize.c **** 
  96:./Middlewares/ST/usbx/common/core/src/ux_host_stack_uninitialize.c ****     /* Free enumeration thread stack.  */
  97:./Middlewares/ST/usbx/common/core/src/ux_host_stack_uninitialize.c ****     _ux_utility_memory_free(_ux_system_host -> ux_system_host_enum_thread_stack);
  53              		.loc 1 97 5 is_stmt 1 view .LVU7
  54              		.loc 1 97 45 is_stmt 0 view .LVU8
  55 0014 2368     		ldr	r3, [r4]
  56              		.loc 1 97 5 view .LVU9
  57 0016 986A     		ldr	r0, [r3, #40]
  58 0018 FFF7FEFF 		bl	_ux_utility_memory_free
  59              	.LVL2:
  98:./Middlewares/ST/usbx/common/core/src/ux_host_stack_uninitialize.c **** 
  99:./Middlewares/ST/usbx/common/core/src/ux_host_stack_uninitialize.c ****     /* Delete HCD thread.  */
 100:./Middlewares/ST/usbx/common/core/src/ux_host_stack_uninitialize.c ****     _ux_utility_thread_delete(&_ux_system_host -> ux_system_host_hcd_thread);
  60              		.loc 1 100 5 is_stmt 1 view .LVU10
  61              		.loc 1 100 48 is_stmt 0 view .LVU11
  62 001c 2068     		ldr	r0, [r4]
  63              		.loc 1 100 5 view .LVU12
  64 001e 00F58070 		add	r0, r0, #256
  65 0022 FFF7FEFF 		bl	_ux_utility_thread_delete
  66              	.LVL3:
 101:./Middlewares/ST/usbx/common/core/src/ux_host_stack_uninitialize.c **** 
 102:./Middlewares/ST/usbx/common/core/src/ux_host_stack_uninitialize.c ****     /* Delete HCD semaphore.  */
 103:./Middlewares/ST/usbx/common/core/src/ux_host_stack_uninitialize.c ****     _ux_utility_semaphore_delete(&_ux_system_host -> ux_system_host_hcd_semaphore);
  67              		.loc 1 103 5 is_stmt 1 view .LVU13
  68              		.loc 1 103 51 is_stmt 0 view .LVU14
  69 0026 2068     		ldr	r0, [r4]
ARM GAS  C:\Users\Dennis\AppData\Local\Temp\ccrbgAaV.s 			page 4


  70              		.loc 1 103 5 view .LVU15
  71 0028 00F5D870 		add	r0, r0, #432
  72 002c FFF7FEFF 		bl	_ux_utility_semaphore_delete
  73              	.LVL4:
 104:./Middlewares/ST/usbx/common/core/src/ux_host_stack_uninitialize.c **** 
 105:./Middlewares/ST/usbx/common/core/src/ux_host_stack_uninitialize.c ****     /* Free HCD thread stack.  */
 106:./Middlewares/ST/usbx/common/core/src/ux_host_stack_uninitialize.c ****     _ux_utility_memory_free(_ux_system_host -> ux_system_host_hcd_thread_stack);
  74              		.loc 1 106 5 is_stmt 1 view .LVU16
  75              		.loc 1 106 45 is_stmt 0 view .LVU17
  76 0030 2368     		ldr	r3, [r4]
  77              		.loc 1 106 5 view .LVU18
  78 0032 D3F8FC00 		ldr	r0, [r3, #252]
  79 0036 FFF7FEFF 		bl	_ux_utility_memory_free
  80              	.LVL5:
 107:./Middlewares/ST/usbx/common/core/src/ux_host_stack_uninitialize.c **** #endif
 108:./Middlewares/ST/usbx/common/core/src/ux_host_stack_uninitialize.c **** 
 109:./Middlewares/ST/usbx/common/core/src/ux_host_stack_uninitialize.c **** #if defined(UX_OTG_SUPPORT) && !defined(UX_OTG_STANDALONE)
 110:./Middlewares/ST/usbx/common/core/src/ux_host_stack_uninitialize.c **** 
 111:./Middlewares/ST/usbx/common/core/src/ux_host_stack_uninitialize.c ****     /* Delete HNP thread.  */
 112:./Middlewares/ST/usbx/common/core/src/ux_host_stack_uninitialize.c ****     _ux_utility_thread_delete(&_ux_system_host -> ux_system_host_hnp_polling_thread);
 113:./Middlewares/ST/usbx/common/core/src/ux_host_stack_uninitialize.c **** 
 114:./Middlewares/ST/usbx/common/core/src/ux_host_stack_uninitialize.c ****     /* Free HNP thread stack.  */
 115:./Middlewares/ST/usbx/common/core/src/ux_host_stack_uninitialize.c ****     _ux_utility_memory_free(_ux_system_host -> ux_system_host_hnp_polling_thread_stack);
 116:./Middlewares/ST/usbx/common/core/src/ux_host_stack_uninitialize.c **** #endif
 117:./Middlewares/ST/usbx/common/core/src/ux_host_stack_uninitialize.c **** 
 118:./Middlewares/ST/usbx/common/core/src/ux_host_stack_uninitialize.c ****     /* Free HCD array.  */
 119:./Middlewares/ST/usbx/common/core/src/ux_host_stack_uninitialize.c ****     _ux_utility_memory_free(_ux_system_host -> ux_system_host_hcd_array);
  81              		.loc 1 119 5 is_stmt 1 view .LVU19
  82              		.loc 1 119 45 is_stmt 0 view .LVU20
  83 003a 2368     		ldr	r3, [r4]
  84              		.loc 1 119 5 view .LVU21
  85 003c 1869     		ldr	r0, [r3, #16]
  86 003e FFF7FEFF 		bl	_ux_utility_memory_free
  87              	.LVL6:
 120:./Middlewares/ST/usbx/common/core/src/ux_host_stack_uninitialize.c **** 
 121:./Middlewares/ST/usbx/common/core/src/ux_host_stack_uninitialize.c ****     /* Free Class array.  */
 122:./Middlewares/ST/usbx/common/core/src/ux_host_stack_uninitialize.c ****     _ux_utility_memory_free(_ux_system_host -> ux_system_host_class_array);
  88              		.loc 1 122 5 is_stmt 1 view .LVU22
  89              		.loc 1 122 45 is_stmt 0 view .LVU23
  90 0042 2368     		ldr	r3, [r4]
  91              		.loc 1 122 5 view .LVU24
  92 0044 5868     		ldr	r0, [r3, #4]
  93 0046 FFF7FEFF 		bl	_ux_utility_memory_free
  94              	.LVL7:
 123:./Middlewares/ST/usbx/common/core/src/ux_host_stack_uninitialize.c **** 
 124:./Middlewares/ST/usbx/common/core/src/ux_host_stack_uninitialize.c ****     /* Free Device array.  */
 125:./Middlewares/ST/usbx/common/core/src/ux_host_stack_uninitialize.c ****     _ux_utility_memory_free(_ux_system_host -> ux_system_host_device_array);
  95              		.loc 1 125 5 is_stmt 1 view .LVU25
  96              		.loc 1 125 45 is_stmt 0 view .LVU26
  97 004a 2368     		ldr	r3, [r4]
  98              		.loc 1 125 5 view .LVU27
  99 004c 9869     		ldr	r0, [r3, #24]
 100 004e FFF7FEFF 		bl	_ux_utility_memory_free
 101              	.LVL8:
 126:./Middlewares/ST/usbx/common/core/src/ux_host_stack_uninitialize.c **** 
 127:./Middlewares/ST/usbx/common/core/src/ux_host_stack_uninitialize.c ****     /* Return success to caller.  */
 128:./Middlewares/ST/usbx/common/core/src/ux_host_stack_uninitialize.c ****     return(UX_SUCCESS);
ARM GAS  C:\Users\Dennis\AppData\Local\Temp\ccrbgAaV.s 			page 5


 102              		.loc 1 128 5 is_stmt 1 view .LVU28
 129:./Middlewares/ST/usbx/common/core/src/ux_host_stack_uninitialize.c **** }
 103              		.loc 1 129 1 is_stmt 0 view .LVU29
 104 0052 0020     		movs	r0, #0
 105 0054 10BD     		pop	{r4, pc}
 106              	.L4:
 107 0056 00BF     		.align	2
 108              	.L3:
 109 0058 00000000 		.word	_ux_system_host
 110              		.cfi_endproc
 111              	.LFE11:
 113              		.text
 114              	.Letext0:
 115              		.file 2 "./Middlewares/ST/threadx/ports/cortex_m4/gnu/inc/tx_port.h"
 116              		.file 3 "./Middlewares/ST/threadx/common/inc/tx_api.h"
 117              		.file 4 "./Middlewares/ST/usbx/common/core/inc/ux_api.h"
 118              		.file 5 "./Middlewares/ST/usbx/common/core/inc/ux_utility.h"
 119              		.file 6 "./Middlewares/ST/usbx/common/core/inc/ux_system.h"
ARM GAS  C:\Users\Dennis\AppData\Local\Temp\ccrbgAaV.s 			page 6


DEFINED SYMBOLS
                            *ABS*:00000000 ux_host_stack_uninitialize.c
C:\Users\Dennis\AppData\Local\Temp\ccrbgAaV.s:20     .text._ux_host_stack_uninitialize:00000000 $t
C:\Users\Dennis\AppData\Local\Temp\ccrbgAaV.s:26     .text._ux_host_stack_uninitialize:00000000 _ux_host_stack_uninitialize
C:\Users\Dennis\AppData\Local\Temp\ccrbgAaV.s:109    .text._ux_host_stack_uninitialize:00000058 $d

UNDEFINED SYMBOLS
_ux_utility_thread_delete
_ux_utility_semaphore_delete
_ux_utility_memory_free
_ux_system_host
