ARM GAS  C:\Users\Dennis\AppData\Local\Temp\ccDi5R0g.s 			page 1


   1              		.cpu cortex-m4
   2              		.arch armv7e-m
   3              		.fpu fpv4-sp-d16
   4              		.eabi_attribute 27, 1
   5              		.eabi_attribute 28, 1
   6              		.eabi_attribute 20, 1
   7              		.eabi_attribute 21, 1
   8              		.eabi_attribute 23, 3
   9              		.eabi_attribute 24, 1
  10              		.eabi_attribute 25, 1
  11              		.eabi_attribute 26, 1
  12              		.eabi_attribute 30, 1
  13              		.eabi_attribute 34, 1
  14              		.eabi_attribute 18, 4
  15              		.file	"ux_host_stack_class_unregister.c"
  16              		.text
  17              	.Ltext0:
  18              		.cfi_sections	.debug_frame
  19              		.section	.text._ux_host_stack_class_unregister,"ax",%progbits
  20              		.align	1
  21              		.global	_ux_host_stack_class_unregister
  22              		.syntax unified
  23              		.thumb
  24              		.thumb_func
  26              	_ux_host_stack_class_unregister:
  27              	.LVL0:
  28              	.LFB11:
  29              		.file 1 "./Middlewares/ST/usbx/common/core/src/ux_host_stack_class_unregister.c"
   1:./Middlewares/ST/usbx/common/core/src/ux_host_stack_class_unregister.c **** /**************************************************************************/
   2:./Middlewares/ST/usbx/common/core/src/ux_host_stack_class_unregister.c **** /*                                                                        */
   3:./Middlewares/ST/usbx/common/core/src/ux_host_stack_class_unregister.c **** /*       Copyright (c) Microsoft Corporation. All rights reserved.        */
   4:./Middlewares/ST/usbx/common/core/src/ux_host_stack_class_unregister.c **** /*                                                                        */
   5:./Middlewares/ST/usbx/common/core/src/ux_host_stack_class_unregister.c **** /*       This software is licensed under the Microsoft Software License   */
   6:./Middlewares/ST/usbx/common/core/src/ux_host_stack_class_unregister.c **** /*       Terms for Microsoft Azure RTOS. Full text of the license can be  */
   7:./Middlewares/ST/usbx/common/core/src/ux_host_stack_class_unregister.c **** /*       found in the LICENSE file at https://aka.ms/AzureRTOS_EULA       */
   8:./Middlewares/ST/usbx/common/core/src/ux_host_stack_class_unregister.c **** /*       and in the root directory of this software.                      */
   9:./Middlewares/ST/usbx/common/core/src/ux_host_stack_class_unregister.c **** /*                                                                        */
  10:./Middlewares/ST/usbx/common/core/src/ux_host_stack_class_unregister.c **** /**************************************************************************/
  11:./Middlewares/ST/usbx/common/core/src/ux_host_stack_class_unregister.c **** 
  12:./Middlewares/ST/usbx/common/core/src/ux_host_stack_class_unregister.c **** 
  13:./Middlewares/ST/usbx/common/core/src/ux_host_stack_class_unregister.c **** /**************************************************************************/
  14:./Middlewares/ST/usbx/common/core/src/ux_host_stack_class_unregister.c **** /**************************************************************************/
  15:./Middlewares/ST/usbx/common/core/src/ux_host_stack_class_unregister.c **** /**                                                                       */
  16:./Middlewares/ST/usbx/common/core/src/ux_host_stack_class_unregister.c **** /** USBX Component                                                        */
  17:./Middlewares/ST/usbx/common/core/src/ux_host_stack_class_unregister.c **** /**                                                                       */
  18:./Middlewares/ST/usbx/common/core/src/ux_host_stack_class_unregister.c **** /**   Host Stack                                                          */
  19:./Middlewares/ST/usbx/common/core/src/ux_host_stack_class_unregister.c **** /**                                                                       */
  20:./Middlewares/ST/usbx/common/core/src/ux_host_stack_class_unregister.c **** /**************************************************************************/
  21:./Middlewares/ST/usbx/common/core/src/ux_host_stack_class_unregister.c **** /**************************************************************************/
  22:./Middlewares/ST/usbx/common/core/src/ux_host_stack_class_unregister.c **** 
  23:./Middlewares/ST/usbx/common/core/src/ux_host_stack_class_unregister.c **** 
  24:./Middlewares/ST/usbx/common/core/src/ux_host_stack_class_unregister.c **** /* Include necessary system files.  */
  25:./Middlewares/ST/usbx/common/core/src/ux_host_stack_class_unregister.c **** 
  26:./Middlewares/ST/usbx/common/core/src/ux_host_stack_class_unregister.c **** #define UX_SOURCE_CODE
  27:./Middlewares/ST/usbx/common/core/src/ux_host_stack_class_unregister.c **** 
  28:./Middlewares/ST/usbx/common/core/src/ux_host_stack_class_unregister.c **** #include "ux_api.h"
  29:./Middlewares/ST/usbx/common/core/src/ux_host_stack_class_unregister.c **** #include "ux_host_stack.h"
ARM GAS  C:\Users\Dennis\AppData\Local\Temp\ccDi5R0g.s 			page 2


  30:./Middlewares/ST/usbx/common/core/src/ux_host_stack_class_unregister.c **** 
  31:./Middlewares/ST/usbx/common/core/src/ux_host_stack_class_unregister.c **** 
  32:./Middlewares/ST/usbx/common/core/src/ux_host_stack_class_unregister.c **** /**************************************************************************/
  33:./Middlewares/ST/usbx/common/core/src/ux_host_stack_class_unregister.c **** /*                                                                        */
  34:./Middlewares/ST/usbx/common/core/src/ux_host_stack_class_unregister.c **** /*  FUNCTION                                               RELEASE        */
  35:./Middlewares/ST/usbx/common/core/src/ux_host_stack_class_unregister.c **** /*                                                                        */
  36:./Middlewares/ST/usbx/common/core/src/ux_host_stack_class_unregister.c **** /*    _ux_host_stack_class_unregister                     PORTABLE C      */
  37:./Middlewares/ST/usbx/common/core/src/ux_host_stack_class_unregister.c **** /*                                                           6.1          */
  38:./Middlewares/ST/usbx/common/core/src/ux_host_stack_class_unregister.c **** /*  AUTHOR                                                                */
  39:./Middlewares/ST/usbx/common/core/src/ux_host_stack_class_unregister.c **** /*                                                                        */
  40:./Middlewares/ST/usbx/common/core/src/ux_host_stack_class_unregister.c **** /*    Chaoqiong Xiao, Microsoft Corporation                               */
  41:./Middlewares/ST/usbx/common/core/src/ux_host_stack_class_unregister.c **** /*                                                                        */
  42:./Middlewares/ST/usbx/common/core/src/ux_host_stack_class_unregister.c **** /*  DESCRIPTION                                                           */
  43:./Middlewares/ST/usbx/common/core/src/ux_host_stack_class_unregister.c **** /*                                                                        */
  44:./Middlewares/ST/usbx/common/core/src/ux_host_stack_class_unregister.c **** /*    This function unregisters a USB class from the USB stack.           */
  45:./Middlewares/ST/usbx/common/core/src/ux_host_stack_class_unregister.c **** /*                                                                        */
  46:./Middlewares/ST/usbx/common/core/src/ux_host_stack_class_unregister.c **** /*    Note following steps must be done before host class unregister:     */
  47:./Middlewares/ST/usbx/common/core/src/ux_host_stack_class_unregister.c **** /*    All devices related to the class must be removed.                   */
  48:./Middlewares/ST/usbx/common/core/src/ux_host_stack_class_unregister.c **** /*                                                                        */
  49:./Middlewares/ST/usbx/common/core/src/ux_host_stack_class_unregister.c **** /*  INPUT                                                                 */
  50:./Middlewares/ST/usbx/common/core/src/ux_host_stack_class_unregister.c **** /*                                                                        */
  51:./Middlewares/ST/usbx/common/core/src/ux_host_stack_class_unregister.c **** /*    class_name                            Name of class                 */
  52:./Middlewares/ST/usbx/common/core/src/ux_host_stack_class_unregister.c **** /*    class_entry_function                  Entry function of the class   */
  53:./Middlewares/ST/usbx/common/core/src/ux_host_stack_class_unregister.c **** /*                                                                        */
  54:./Middlewares/ST/usbx/common/core/src/ux_host_stack_class_unregister.c **** /*  OUTPUT                                                                */
  55:./Middlewares/ST/usbx/common/core/src/ux_host_stack_class_unregister.c **** /*                                                                        */
  56:./Middlewares/ST/usbx/common/core/src/ux_host_stack_class_unregister.c **** /*    Completion Status                                                   */
  57:./Middlewares/ST/usbx/common/core/src/ux_host_stack_class_unregister.c **** /*    UX_SUCCESS                            Class unregistered            */
  58:./Middlewares/ST/usbx/common/core/src/ux_host_stack_class_unregister.c **** /*    UX_NO_CLASS_MATCH                     Class not found               */
  59:./Middlewares/ST/usbx/common/core/src/ux_host_stack_class_unregister.c **** /*                                                                        */
  60:./Middlewares/ST/usbx/common/core/src/ux_host_stack_class_unregister.c **** /*  CALLS                                                                 */
  61:./Middlewares/ST/usbx/common/core/src/ux_host_stack_class_unregister.c **** /*                                                                        */
  62:./Middlewares/ST/usbx/common/core/src/ux_host_stack_class_unregister.c **** /*    (class_entry_function)                Entry function of the class   */
  63:./Middlewares/ST/usbx/common/core/src/ux_host_stack_class_unregister.c **** /*                                                                        */
  64:./Middlewares/ST/usbx/common/core/src/ux_host_stack_class_unregister.c **** /*  CALLED BY                                                             */
  65:./Middlewares/ST/usbx/common/core/src/ux_host_stack_class_unregister.c **** /*                                                                        */
  66:./Middlewares/ST/usbx/common/core/src/ux_host_stack_class_unregister.c **** /*    Application                                                         */
  67:./Middlewares/ST/usbx/common/core/src/ux_host_stack_class_unregister.c **** /*    USBX Components                                                     */
  68:./Middlewares/ST/usbx/common/core/src/ux_host_stack_class_unregister.c **** /*                                                                        */
  69:./Middlewares/ST/usbx/common/core/src/ux_host_stack_class_unregister.c **** /*  RELEASE HISTORY                                                       */
  70:./Middlewares/ST/usbx/common/core/src/ux_host_stack_class_unregister.c **** /*                                                                        */
  71:./Middlewares/ST/usbx/common/core/src/ux_host_stack_class_unregister.c **** /*    DATE              NAME                      DESCRIPTION             */
  72:./Middlewares/ST/usbx/common/core/src/ux_host_stack_class_unregister.c **** /*                                                                        */
  73:./Middlewares/ST/usbx/common/core/src/ux_host_stack_class_unregister.c **** /*  09-30-2020     Chaoqiong Xiao           Initial Version 6.1           */
  74:./Middlewares/ST/usbx/common/core/src/ux_host_stack_class_unregister.c **** /*                                                                        */
  75:./Middlewares/ST/usbx/common/core/src/ux_host_stack_class_unregister.c **** /**************************************************************************/
  76:./Middlewares/ST/usbx/common/core/src/ux_host_stack_class_unregister.c **** UINT  _ux_host_stack_class_unregister(UINT (*class_entry_function)(struct UX_HOST_CLASS_COMMAND_STR
  77:./Middlewares/ST/usbx/common/core/src/ux_host_stack_class_unregister.c **** {
  30              		.loc 1 77 1 view -0
  31              		.cfi_startproc
  32              		@ args = 0, pretend = 0, frame = 56
  33              		@ frame_needed = 0, uses_anonymous_args = 0
  34              		.loc 1 77 1 is_stmt 0 view .LVU1
  35 0000 10B5     		push	{r4, lr}
  36              	.LCFI0:
  37              		.cfi_def_cfa_offset 8
  38              		.cfi_offset 4, -8
ARM GAS  C:\Users\Dennis\AppData\Local\Temp\ccDi5R0g.s 			page 3


  39              		.cfi_offset 14, -4
  40 0002 8EB0     		sub	sp, sp, #56
  41              	.LCFI1:
  42              		.cfi_def_cfa_offset 64
  78:./Middlewares/ST/usbx/common/core/src/ux_host_stack_class_unregister.c **** 
  79:./Middlewares/ST/usbx/common/core/src/ux_host_stack_class_unregister.c **** UX_HOST_CLASS           *class_inst;
  43              		.loc 1 79 1 is_stmt 1 view .LVU2
  80:./Middlewares/ST/usbx/common/core/src/ux_host_stack_class_unregister.c **** UX_HOST_CLASS_COMMAND   class_command;
  44              		.loc 1 80 1 view .LVU3
  81:./Middlewares/ST/usbx/common/core/src/ux_host_stack_class_unregister.c **** #if UX_MAX_CLASS_DRIVER > 1
  82:./Middlewares/ST/usbx/common/core/src/ux_host_stack_class_unregister.c **** ULONG                   class_index;
  45              		.loc 1 82 1 view .LVU4
  83:./Middlewares/ST/usbx/common/core/src/ux_host_stack_class_unregister.c **** #endif
  84:./Middlewares/ST/usbx/common/core/src/ux_host_stack_class_unregister.c **** 
  85:./Middlewares/ST/usbx/common/core/src/ux_host_stack_class_unregister.c **** 
  86:./Middlewares/ST/usbx/common/core/src/ux_host_stack_class_unregister.c ****     /* If trace is enabled, insert this event into the trace buffer.  */
  87:./Middlewares/ST/usbx/common/core/src/ux_host_stack_class_unregister.c ****     UX_TRACE_IN_LINE_INSERT(UX_TRACE_HOST_STACK_CLASS_UNREGISTER, class_entry_function, 0, 0, 0, UX
  88:./Middlewares/ST/usbx/common/core/src/ux_host_stack_class_unregister.c **** 
  89:./Middlewares/ST/usbx/common/core/src/ux_host_stack_class_unregister.c ****     /* Get first class.  */
  90:./Middlewares/ST/usbx/common/core/src/ux_host_stack_class_unregister.c ****     class_inst =  _ux_system_host -> ux_system_host_class_array;
  46              		.loc 1 90 5 view .LVU5
  47              		.loc 1 90 35 is_stmt 0 view .LVU6
  48 0004 0C4B     		ldr	r3, .L8
  49 0006 1968     		ldr	r1, [r3]
  50              		.loc 1 90 16 view .LVU7
  51 0008 4C68     		ldr	r4, [r1, #4]
  52              	.LVL1:
  91:./Middlewares/ST/usbx/common/core/src/ux_host_stack_class_unregister.c **** 
  92:./Middlewares/ST/usbx/common/core/src/ux_host_stack_class_unregister.c **** #if UX_MAX_CLASS_DRIVER > 1
  93:./Middlewares/ST/usbx/common/core/src/ux_host_stack_class_unregister.c ****     /* We need to parse the class table to find right class instance.  */
  94:./Middlewares/ST/usbx/common/core/src/ux_host_stack_class_unregister.c ****     for (class_index = 0; class_index < _ux_system_host -> ux_system_host_max_class; class_index++)
  53              		.loc 1 94 5 is_stmt 1 view .LVU8
  54              		.loc 1 94 22 is_stmt 0 view .LVU9
  55 000a 0023     		movs	r3, #0
  56              		.loc 1 94 5 view .LVU10
  57 000c 01E0     		b	.L2
  58              	.LVL2:
  59              	.L3:
  95:./Middlewares/ST/usbx/common/core/src/ux_host_stack_class_unregister.c ****     {
  96:./Middlewares/ST/usbx/common/core/src/ux_host_stack_class_unregister.c **** #endif
  97:./Middlewares/ST/usbx/common/core/src/ux_host_stack_class_unregister.c **** 
  98:./Middlewares/ST/usbx/common/core/src/ux_host_stack_class_unregister.c ****         /* Check if the class is expected.  */
  99:./Middlewares/ST/usbx/common/core/src/ux_host_stack_class_unregister.c ****         if (class_inst -> ux_host_class_entry_function == class_entry_function)
 100:./Middlewares/ST/usbx/common/core/src/ux_host_stack_class_unregister.c ****         {
 101:./Middlewares/ST/usbx/common/core/src/ux_host_stack_class_unregister.c **** 
 102:./Middlewares/ST/usbx/common/core/src/ux_host_stack_class_unregister.c ****             /* Initialize the class command with the generic parameters.  */
 103:./Middlewares/ST/usbx/common/core/src/ux_host_stack_class_unregister.c ****             class_command.ux_host_class_command_request =  UX_HOST_CLASS_COMMAND_DESTROY;
 104:./Middlewares/ST/usbx/common/core/src/ux_host_stack_class_unregister.c ****             class_command.ux_host_class_command_class_ptr = (VOID *)class_inst;
 105:./Middlewares/ST/usbx/common/core/src/ux_host_stack_class_unregister.c **** 
 106:./Middlewares/ST/usbx/common/core/src/ux_host_stack_class_unregister.c ****             /* Invoke command for class destroy.  */
 107:./Middlewares/ST/usbx/common/core/src/ux_host_stack_class_unregister.c ****             class_inst -> ux_host_class_entry_function(&class_command);
 108:./Middlewares/ST/usbx/common/core/src/ux_host_stack_class_unregister.c **** 
 109:./Middlewares/ST/usbx/common/core/src/ux_host_stack_class_unregister.c ****             /* Mark as free.  */
 110:./Middlewares/ST/usbx/common/core/src/ux_host_stack_class_unregister.c ****             class_inst -> ux_host_class_entry_function = UX_NULL;
 111:./Middlewares/ST/usbx/common/core/src/ux_host_stack_class_unregister.c ****             class_inst -> ux_host_class_status = UX_UNUSED;
 112:./Middlewares/ST/usbx/common/core/src/ux_host_stack_class_unregister.c **** 
 113:./Middlewares/ST/usbx/common/core/src/ux_host_stack_class_unregister.c ****             /* Class unregistered success.  */
ARM GAS  C:\Users\Dennis\AppData\Local\Temp\ccDi5R0g.s 			page 4


 114:./Middlewares/ST/usbx/common/core/src/ux_host_stack_class_unregister.c ****             return(UX_SUCCESS);
 115:./Middlewares/ST/usbx/common/core/src/ux_host_stack_class_unregister.c ****         }
 116:./Middlewares/ST/usbx/common/core/src/ux_host_stack_class_unregister.c **** 
 117:./Middlewares/ST/usbx/common/core/src/ux_host_stack_class_unregister.c **** #if UX_MAX_CLASS_DRIVER > 1
 118:./Middlewares/ST/usbx/common/core/src/ux_host_stack_class_unregister.c ****         /* Move to the next class.  */
 119:./Middlewares/ST/usbx/common/core/src/ux_host_stack_class_unregister.c ****         class_inst ++;
  60              		.loc 1 119 9 is_stmt 1 discriminator 2 view .LVU11
  61              		.loc 1 119 20 is_stmt 0 discriminator 2 view .LVU12
  62 000e 5834     		adds	r4, r4, #88
  63              	.LVL3:
  94:./Middlewares/ST/usbx/common/core/src/ux_host_stack_class_unregister.c ****     {
  64              		.loc 1 94 86 is_stmt 1 discriminator 2 view .LVU13
  94:./Middlewares/ST/usbx/common/core/src/ux_host_stack_class_unregister.c ****     {
  65              		.loc 1 94 97 is_stmt 0 discriminator 2 view .LVU14
  66 0010 0133     		adds	r3, r3, #1
  67              	.LVL4:
  68              	.L2:
  94:./Middlewares/ST/usbx/common/core/src/ux_host_stack_class_unregister.c ****     {
  69              		.loc 1 94 27 is_stmt 1 discriminator 1 view .LVU15
  94:./Middlewares/ST/usbx/common/core/src/ux_host_stack_class_unregister.c ****     {
  70              		.loc 1 94 57 is_stmt 0 discriminator 1 view .LVU16
  71 0012 0A68     		ldr	r2, [r1]
  94:./Middlewares/ST/usbx/common/core/src/ux_host_stack_class_unregister.c ****     {
  72              		.loc 1 94 5 discriminator 1 view .LVU17
  73 0014 9A42     		cmp	r2, r3
  74 0016 0CD9     		bls	.L7
  99:./Middlewares/ST/usbx/common/core/src/ux_host_stack_class_unregister.c ****         {
  75              		.loc 1 99 9 is_stmt 1 view .LVU18
  99:./Middlewares/ST/usbx/common/core/src/ux_host_stack_class_unregister.c ****         {
  76              		.loc 1 99 24 is_stmt 0 view .LVU19
  77 0018 626C     		ldr	r2, [r4, #68]
  99:./Middlewares/ST/usbx/common/core/src/ux_host_stack_class_unregister.c ****         {
  78              		.loc 1 99 12 view .LVU20
  79 001a 8242     		cmp	r2, r0
  80 001c F7D1     		bne	.L3
 103:./Middlewares/ST/usbx/common/core/src/ux_host_stack_class_unregister.c ****             class_command.ux_host_class_command_class_ptr = (VOID *)class_inst;
  81              		.loc 1 103 13 is_stmt 1 view .LVU21
 103:./Middlewares/ST/usbx/common/core/src/ux_host_stack_class_unregister.c ****             class_command.ux_host_class_command_class_ptr = (VOID *)class_inst;
  82              		.loc 1 103 57 is_stmt 0 view .LVU22
  83 001e 0423     		movs	r3, #4
  84              	.LVL5:
 103:./Middlewares/ST/usbx/common/core/src/ux_host_stack_class_unregister.c ****             class_command.ux_host_class_command_class_ptr = (VOID *)class_inst;
  85              		.loc 1 103 57 view .LVU23
  86 0020 0193     		str	r3, [sp, #4]
 104:./Middlewares/ST/usbx/common/core/src/ux_host_stack_class_unregister.c **** 
  87              		.loc 1 104 13 is_stmt 1 view .LVU24
 104:./Middlewares/ST/usbx/common/core/src/ux_host_stack_class_unregister.c **** 
  88              		.loc 1 104 59 is_stmt 0 view .LVU25
  89 0022 0D94     		str	r4, [sp, #52]
 107:./Middlewares/ST/usbx/common/core/src/ux_host_stack_class_unregister.c **** 
  90              		.loc 1 107 13 is_stmt 1 view .LVU26
  91 0024 0DEB0300 		add	r0, sp, r3
  92              	.LVL6:
 107:./Middlewares/ST/usbx/common/core/src/ux_host_stack_class_unregister.c **** 
  93              		.loc 1 107 13 is_stmt 0 view .LVU27
  94 0028 9047     		blx	r2
  95              	.LVL7:
ARM GAS  C:\Users\Dennis\AppData\Local\Temp\ccDi5R0g.s 			page 5


 110:./Middlewares/ST/usbx/common/core/src/ux_host_stack_class_unregister.c ****             class_inst -> ux_host_class_status = UX_UNUSED;
  96              		.loc 1 110 13 is_stmt 1 view .LVU28
 110:./Middlewares/ST/usbx/common/core/src/ux_host_stack_class_unregister.c ****             class_inst -> ux_host_class_status = UX_UNUSED;
  97              		.loc 1 110 56 is_stmt 0 view .LVU29
  98 002a 0020     		movs	r0, #0
  99 002c 6064     		str	r0, [r4, #68]
 111:./Middlewares/ST/usbx/common/core/src/ux_host_stack_class_unregister.c **** 
 100              		.loc 1 111 13 is_stmt 1 view .LVU30
 111:./Middlewares/ST/usbx/common/core/src/ux_host_stack_class_unregister.c **** 
 101              		.loc 1 111 48 is_stmt 0 view .LVU31
 102 002e 2064     		str	r0, [r4, #64]
 114:./Middlewares/ST/usbx/common/core/src/ux_host_stack_class_unregister.c ****         }
 103              		.loc 1 114 13 is_stmt 1 view .LVU32
 114:./Middlewares/ST/usbx/common/core/src/ux_host_stack_class_unregister.c ****         }
 104              		.loc 1 114 19 is_stmt 0 view .LVU33
 105 0030 00E0     		b	.L1
 106              	.LVL8:
 107              	.L7:
 120:./Middlewares/ST/usbx/common/core/src/ux_host_stack_class_unregister.c ****     }
 121:./Middlewares/ST/usbx/common/core/src/ux_host_stack_class_unregister.c **** #endif
 122:./Middlewares/ST/usbx/common/core/src/ux_host_stack_class_unregister.c **** 
 123:./Middlewares/ST/usbx/common/core/src/ux_host_stack_class_unregister.c ****     /* No more entries in the class table.  */
 124:./Middlewares/ST/usbx/common/core/src/ux_host_stack_class_unregister.c ****     return(UX_NO_CLASS_MATCH);
 108              		.loc 1 124 11 view .LVU34
 109 0032 5720     		movs	r0, #87
 110              	.LVL9:
 111              	.L1:
 125:./Middlewares/ST/usbx/common/core/src/ux_host_stack_class_unregister.c **** }
 112              		.loc 1 125 1 view .LVU35
 113 0034 0EB0     		add	sp, sp, #56
 114              	.LCFI2:
 115              		.cfi_def_cfa_offset 8
 116              		@ sp needed
 117 0036 10BD     		pop	{r4, pc}
 118              	.LVL10:
 119              	.L9:
 120              		.loc 1 125 1 view .LVU36
 121              		.align	2
 122              	.L8:
 123 0038 00000000 		.word	_ux_system_host
 124              		.cfi_endproc
 125              	.LFE11:
 127              		.text
 128              	.Letext0:
 129              		.file 2 "./Middlewares/ST/threadx/ports/cortex_m4/gnu/inc/tx_port.h"
 130              		.file 3 "./Middlewares/ST/threadx/common/inc/tx_api.h"
 131              		.file 4 "./Middlewares/ST/usbx/common/core/inc/ux_api.h"
 132              		.file 5 "./Middlewares/ST/usbx/common/core/inc/ux_system.h"
ARM GAS  C:\Users\Dennis\AppData\Local\Temp\ccDi5R0g.s 			page 6


DEFINED SYMBOLS
                            *ABS*:00000000 ux_host_stack_class_unregister.c
C:\Users\Dennis\AppData\Local\Temp\ccDi5R0g.s:20     .text._ux_host_stack_class_unregister:00000000 $t
C:\Users\Dennis\AppData\Local\Temp\ccDi5R0g.s:26     .text._ux_host_stack_class_unregister:00000000 _ux_host_stack_class_unregister
C:\Users\Dennis\AppData\Local\Temp\ccDi5R0g.s:123    .text._ux_host_stack_class_unregister:00000038 $d

UNDEFINED SYMBOLS
_ux_system_host
