ARM GAS  /tmp/ccyMnwdT.s 			page 1


   1              		.cpu cortex-m4
   2              		.arch armv7e-m
   3              		.fpu fpv4-sp-d16
   4              		.eabi_attribute 27, 1
   5              		.eabi_attribute 28, 1
   6              		.eabi_attribute 20, 1
   7              		.eabi_attribute 21, 1
   8              		.eabi_attribute 23, 3
   9              		.eabi_attribute 24, 1
  10              		.eabi_attribute 25, 1
  11              		.eabi_attribute 26, 1
  12              		.eabi_attribute 30, 1
  13              		.eabi_attribute 34, 1
  14              		.eabi_attribute 18, 4
  15              		.file	"ux_host_stack_rh_device_insertion.c"
  16              		.text
  17              	.Ltext0:
  18              		.cfi_sections	.debug_frame
  19              		.file 1 "./Middlewares/ST/usbx/common/core/src/ux_host_stack_rh_device_insertion.c"
  20              		.section	.text._ux_host_stack_rh_device_insertion,"ax",%progbits
  21              		.align	1
  22              		.global	_ux_host_stack_rh_device_insertion
  23              		.syntax unified
  24              		.thumb
  25              		.thumb_func
  27              	_ux_host_stack_rh_device_insertion:
  28              	.LVL0:
  29              	.LFB11:
   1:./Middlewares/ST/usbx/common/core/src/ux_host_stack_rh_device_insertion.c **** /**************************************************************************/
   2:./Middlewares/ST/usbx/common/core/src/ux_host_stack_rh_device_insertion.c **** /*                                                                        */
   3:./Middlewares/ST/usbx/common/core/src/ux_host_stack_rh_device_insertion.c **** /*       Copyright (c) Microsoft Corporation. All rights reserved.        */
   4:./Middlewares/ST/usbx/common/core/src/ux_host_stack_rh_device_insertion.c **** /*                                                                        */
   5:./Middlewares/ST/usbx/common/core/src/ux_host_stack_rh_device_insertion.c **** /*       This software is licensed under the Microsoft Software License   */
   6:./Middlewares/ST/usbx/common/core/src/ux_host_stack_rh_device_insertion.c **** /*       Terms for Microsoft Azure RTOS. Full text of the license can be  */
   7:./Middlewares/ST/usbx/common/core/src/ux_host_stack_rh_device_insertion.c **** /*       found in the LICENSE file at https://aka.ms/AzureRTOS_EULA       */
   8:./Middlewares/ST/usbx/common/core/src/ux_host_stack_rh_device_insertion.c **** /*       and in the root directory of this software.                      */
   9:./Middlewares/ST/usbx/common/core/src/ux_host_stack_rh_device_insertion.c **** /*                                                                        */
  10:./Middlewares/ST/usbx/common/core/src/ux_host_stack_rh_device_insertion.c **** /**************************************************************************/
  11:./Middlewares/ST/usbx/common/core/src/ux_host_stack_rh_device_insertion.c **** 
  12:./Middlewares/ST/usbx/common/core/src/ux_host_stack_rh_device_insertion.c **** 
  13:./Middlewares/ST/usbx/common/core/src/ux_host_stack_rh_device_insertion.c **** /**************************************************************************/
  14:./Middlewares/ST/usbx/common/core/src/ux_host_stack_rh_device_insertion.c **** /**************************************************************************/
  15:./Middlewares/ST/usbx/common/core/src/ux_host_stack_rh_device_insertion.c **** /**                                                                       */
  16:./Middlewares/ST/usbx/common/core/src/ux_host_stack_rh_device_insertion.c **** /** USBX Component                                                        */
  17:./Middlewares/ST/usbx/common/core/src/ux_host_stack_rh_device_insertion.c **** /**                                                                       */
  18:./Middlewares/ST/usbx/common/core/src/ux_host_stack_rh_device_insertion.c **** /**   Host Stack                                                          */
  19:./Middlewares/ST/usbx/common/core/src/ux_host_stack_rh_device_insertion.c **** /**                                                                       */
  20:./Middlewares/ST/usbx/common/core/src/ux_host_stack_rh_device_insertion.c **** /**************************************************************************/
  21:./Middlewares/ST/usbx/common/core/src/ux_host_stack_rh_device_insertion.c **** /**************************************************************************/
  22:./Middlewares/ST/usbx/common/core/src/ux_host_stack_rh_device_insertion.c **** 
  23:./Middlewares/ST/usbx/common/core/src/ux_host_stack_rh_device_insertion.c **** 
  24:./Middlewares/ST/usbx/common/core/src/ux_host_stack_rh_device_insertion.c **** /* Include necessary system files.  */
  25:./Middlewares/ST/usbx/common/core/src/ux_host_stack_rh_device_insertion.c **** 
  26:./Middlewares/ST/usbx/common/core/src/ux_host_stack_rh_device_insertion.c **** #define UX_SOURCE_CODE
  27:./Middlewares/ST/usbx/common/core/src/ux_host_stack_rh_device_insertion.c **** 
  28:./Middlewares/ST/usbx/common/core/src/ux_host_stack_rh_device_insertion.c **** #include "ux_api.h"
  29:./Middlewares/ST/usbx/common/core/src/ux_host_stack_rh_device_insertion.c **** #include "ux_host_stack.h"
ARM GAS  /tmp/ccyMnwdT.s 			page 2


  30:./Middlewares/ST/usbx/common/core/src/ux_host_stack_rh_device_insertion.c **** 
  31:./Middlewares/ST/usbx/common/core/src/ux_host_stack_rh_device_insertion.c **** 
  32:./Middlewares/ST/usbx/common/core/src/ux_host_stack_rh_device_insertion.c **** /**************************************************************************/
  33:./Middlewares/ST/usbx/common/core/src/ux_host_stack_rh_device_insertion.c **** /*                                                                        */
  34:./Middlewares/ST/usbx/common/core/src/ux_host_stack_rh_device_insertion.c **** /*  FUNCTION                                               RELEASE        */
  35:./Middlewares/ST/usbx/common/core/src/ux_host_stack_rh_device_insertion.c **** /*                                                                        */
  36:./Middlewares/ST/usbx/common/core/src/ux_host_stack_rh_device_insertion.c **** /*    _ux_host_stack_rh_device_insertion                  PORTABLE C      */
  37:./Middlewares/ST/usbx/common/core/src/ux_host_stack_rh_device_insertion.c **** /*                                                           6.1.10       */
  38:./Middlewares/ST/usbx/common/core/src/ux_host_stack_rh_device_insertion.c **** /*  AUTHOR                                                                */
  39:./Middlewares/ST/usbx/common/core/src/ux_host_stack_rh_device_insertion.c **** /*                                                                        */
  40:./Middlewares/ST/usbx/common/core/src/ux_host_stack_rh_device_insertion.c **** /*    Chaoqiong Xiao, Microsoft Corporation                               */
  41:./Middlewares/ST/usbx/common/core/src/ux_host_stack_rh_device_insertion.c **** /*                                                                        */
  42:./Middlewares/ST/usbx/common/core/src/ux_host_stack_rh_device_insertion.c **** /*  DESCRIPTION                                                           */
  43:./Middlewares/ST/usbx/common/core/src/ux_host_stack_rh_device_insertion.c **** /*                                                                        */
  44:./Middlewares/ST/usbx/common/core/src/ux_host_stack_rh_device_insertion.c **** /*    This function handles a device insertion on a downstream port of    */
  45:./Middlewares/ST/usbx/common/core/src/ux_host_stack_rh_device_insertion.c **** /*    the root hub pointed by HCD.                                        */
  46:./Middlewares/ST/usbx/common/core/src/ux_host_stack_rh_device_insertion.c **** /*                                                                        */
  47:./Middlewares/ST/usbx/common/core/src/ux_host_stack_rh_device_insertion.c **** /*  INPUT                                                                 */
  48:./Middlewares/ST/usbx/common/core/src/ux_host_stack_rh_device_insertion.c **** /*                                                                        */
  49:./Middlewares/ST/usbx/common/core/src/ux_host_stack_rh_device_insertion.c **** /*    HCD                                   Pointer to HCD structure      */
  50:./Middlewares/ST/usbx/common/core/src/ux_host_stack_rh_device_insertion.c **** /*    port_index                            Port index of insertion       */
  51:./Middlewares/ST/usbx/common/core/src/ux_host_stack_rh_device_insertion.c **** /*                                                                        */
  52:./Middlewares/ST/usbx/common/core/src/ux_host_stack_rh_device_insertion.c **** /*  OUTPUT                                                                */
  53:./Middlewares/ST/usbx/common/core/src/ux_host_stack_rh_device_insertion.c **** /*                                                                        */
  54:./Middlewares/ST/usbx/common/core/src/ux_host_stack_rh_device_insertion.c **** /*    Completion Status                                                   */
  55:./Middlewares/ST/usbx/common/core/src/ux_host_stack_rh_device_insertion.c **** /*                                                                        */
  56:./Middlewares/ST/usbx/common/core/src/ux_host_stack_rh_device_insertion.c **** /*  CALLS                                                                 */
  57:./Middlewares/ST/usbx/common/core/src/ux_host_stack_rh_device_insertion.c **** /*                                                                        */
  58:./Middlewares/ST/usbx/common/core/src/ux_host_stack_rh_device_insertion.c **** /*    _ux_utility_delay_ms                  Thread sleep                  */
  59:./Middlewares/ST/usbx/common/core/src/ux_host_stack_rh_device_insertion.c **** /*    _ux_host_stack_new_device_create      New device create             */
  60:./Middlewares/ST/usbx/common/core/src/ux_host_stack_rh_device_insertion.c **** /*    _ux_host_stack_device_remove          Device remove                 */
  61:./Middlewares/ST/usbx/common/core/src/ux_host_stack_rh_device_insertion.c **** /*    (hcd_entry_function)                  Entry function of HCD driver  */
  62:./Middlewares/ST/usbx/common/core/src/ux_host_stack_rh_device_insertion.c **** /*                                                                        */
  63:./Middlewares/ST/usbx/common/core/src/ux_host_stack_rh_device_insertion.c **** /*  CALLED BY                                                             */
  64:./Middlewares/ST/usbx/common/core/src/ux_host_stack_rh_device_insertion.c **** /*                                                                        */
  65:./Middlewares/ST/usbx/common/core/src/ux_host_stack_rh_device_insertion.c **** /*    USBX Components                                                     */
  66:./Middlewares/ST/usbx/common/core/src/ux_host_stack_rh_device_insertion.c **** /*                                                                        */
  67:./Middlewares/ST/usbx/common/core/src/ux_host_stack_rh_device_insertion.c **** /*  RELEASE HISTORY                                                       */
  68:./Middlewares/ST/usbx/common/core/src/ux_host_stack_rh_device_insertion.c **** /*                                                                        */
  69:./Middlewares/ST/usbx/common/core/src/ux_host_stack_rh_device_insertion.c **** /*    DATE              NAME                      DESCRIPTION             */
  70:./Middlewares/ST/usbx/common/core/src/ux_host_stack_rh_device_insertion.c **** /*                                                                        */
  71:./Middlewares/ST/usbx/common/core/src/ux_host_stack_rh_device_insertion.c **** /*  05-19-2020     Chaoqiong Xiao           Initial Version 6.0           */
  72:./Middlewares/ST/usbx/common/core/src/ux_host_stack_rh_device_insertion.c **** /*  09-30-2020     Chaoqiong Xiao           Modified comment(s),          */
  73:./Middlewares/ST/usbx/common/core/src/ux_host_stack_rh_device_insertion.c **** /*                                            checked HCD status before   */
  74:./Middlewares/ST/usbx/common/core/src/ux_host_stack_rh_device_insertion.c **** /*                                            retrying enumeration,       */
  75:./Middlewares/ST/usbx/common/core/src/ux_host_stack_rh_device_insertion.c **** /*                                            resulting in version 6.1    */
  76:./Middlewares/ST/usbx/common/core/src/ux_host_stack_rh_device_insertion.c **** /*  02-02-2021     Chaoqiong Xiao           Modified comment(s),          */
  77:./Middlewares/ST/usbx/common/core/src/ux_host_stack_rh_device_insertion.c **** /*                                            handled more fail cases,    */
  78:./Middlewares/ST/usbx/common/core/src/ux_host_stack_rh_device_insertion.c **** /*                                            updated internal call,      */
  79:./Middlewares/ST/usbx/common/core/src/ux_host_stack_rh_device_insertion.c **** /*                                            added notification for      */
  80:./Middlewares/ST/usbx/common/core/src/ux_host_stack_rh_device_insertion.c **** /*                                            device connection,          */
  81:./Middlewares/ST/usbx/common/core/src/ux_host_stack_rh_device_insertion.c **** /*                                            added disconnection check   */
  82:./Middlewares/ST/usbx/common/core/src/ux_host_stack_rh_device_insertion.c **** /*                                            in enumeration retries,     */
  83:./Middlewares/ST/usbx/common/core/src/ux_host_stack_rh_device_insertion.c **** /*                                            resulting in version 6.1.4  */
  84:./Middlewares/ST/usbx/common/core/src/ux_host_stack_rh_device_insertion.c **** /*  01-31-2022     Chaoqiong Xiao           Modified comment(s),          */
  85:./Middlewares/ST/usbx/common/core/src/ux_host_stack_rh_device_insertion.c **** /*                                            added standalone support,   */
  86:./Middlewares/ST/usbx/common/core/src/ux_host_stack_rh_device_insertion.c **** /*                                            resulting in version 6.1.10 */
ARM GAS  /tmp/ccyMnwdT.s 			page 3


  87:./Middlewares/ST/usbx/common/core/src/ux_host_stack_rh_device_insertion.c **** /*                                                                        */
  88:./Middlewares/ST/usbx/common/core/src/ux_host_stack_rh_device_insertion.c **** /**************************************************************************/
  89:./Middlewares/ST/usbx/common/core/src/ux_host_stack_rh_device_insertion.c **** UINT  _ux_host_stack_rh_device_insertion(UX_HCD *hcd, UINT port_index)
  90:./Middlewares/ST/usbx/common/core/src/ux_host_stack_rh_device_insertion.c **** {
  30              		.loc 1 90 1 view -0
  31              		.cfi_startproc
  32              		@ args = 0, pretend = 0, frame = 8
  33              		@ frame_needed = 0, uses_anonymous_args = 0
  34              		.loc 1 90 1 is_stmt 0 view .LVU1
  35 0000 F0B5     		push	{r4, r5, r6, r7, lr}
  36              	.LCFI0:
  37              		.cfi_def_cfa_offset 20
  38              		.cfi_offset 4, -20
  39              		.cfi_offset 5, -16
  40              		.cfi_offset 6, -12
  41              		.cfi_offset 7, -8
  42              		.cfi_offset 14, -4
  43 0002 85B0     		sub	sp, sp, #20
  44              	.LCFI1:
  45              		.cfi_def_cfa_offset 40
  46 0004 0446     		mov	r4, r0
  47 0006 0D46     		mov	r5, r1
  91:./Middlewares/ST/usbx/common/core/src/ux_host_stack_rh_device_insertion.c **** #if defined(UX_HOST_STANDALONE)
  92:./Middlewares/ST/usbx/common/core/src/ux_host_stack_rh_device_insertion.c **** UX_DEVICE   *device;
  93:./Middlewares/ST/usbx/common/core/src/ux_host_stack_rh_device_insertion.c **** UINT        status;
  94:./Middlewares/ST/usbx/common/core/src/ux_host_stack_rh_device_insertion.c **** 
  95:./Middlewares/ST/usbx/common/core/src/ux_host_stack_rh_device_insertion.c **** 
  96:./Middlewares/ST/usbx/common/core/src/ux_host_stack_rh_device_insertion.c ****     /* If trace is enabled, insert this event into the trace buffer.  */
  97:./Middlewares/ST/usbx/common/core/src/ux_host_stack_rh_device_insertion.c ****     UX_TRACE_IN_LINE_INSERT(UX_TRACE_HOST_STACK_RH_DEVICE_INSERTION, hcd, port_index, 0, 0, UX_TRAC
  98:./Middlewares/ST/usbx/common/core/src/ux_host_stack_rh_device_insertion.c **** 
  99:./Middlewares/ST/usbx/common/core/src/ux_host_stack_rh_device_insertion.c ****     /* Anyway there is device connected.  */
 100:./Middlewares/ST/usbx/common/core/src/ux_host_stack_rh_device_insertion.c ****     hcd -> ux_hcd_rh_device_connection |= (ULONG)(1 << port_index);
 101:./Middlewares/ST/usbx/common/core/src/ux_host_stack_rh_device_insertion.c **** 
 102:./Middlewares/ST/usbx/common/core/src/ux_host_stack_rh_device_insertion.c ****     /* Create a new device slot for enumeration.  */
 103:./Middlewares/ST/usbx/common/core/src/ux_host_stack_rh_device_insertion.c ****     status =  _ux_host_stack_new_device_create(hcd, UX_NULL, port_index,
 104:./Middlewares/ST/usbx/common/core/src/ux_host_stack_rh_device_insertion.c ****                                         UX_FULL_SPEED_DEVICE, UX_MAX_SELF_POWER,
 105:./Middlewares/ST/usbx/common/core/src/ux_host_stack_rh_device_insertion.c ****                                         &device);
 106:./Middlewares/ST/usbx/common/core/src/ux_host_stack_rh_device_insertion.c **** 
 107:./Middlewares/ST/usbx/common/core/src/ux_host_stack_rh_device_insertion.c ****     /* Link the device in enumeration list.  */
 108:./Middlewares/ST/usbx/common/core/src/ux_host_stack_rh_device_insertion.c ****     if (status == UX_SUCCESS)
 109:./Middlewares/ST/usbx/common/core/src/ux_host_stack_rh_device_insertion.c ****     {
 110:./Middlewares/ST/usbx/common/core/src/ux_host_stack_rh_device_insertion.c **** 
 111:./Middlewares/ST/usbx/common/core/src/ux_host_stack_rh_device_insertion.c ****         /* Set enumeration flag to process enumeration sequence.  */
 112:./Middlewares/ST/usbx/common/core/src/ux_host_stack_rh_device_insertion.c ****         device -> ux_device_flags |= UX_DEVICE_FLAG_ENUM;
 113:./Middlewares/ST/usbx/common/core/src/ux_host_stack_rh_device_insertion.c **** 
 114:./Middlewares/ST/usbx/common/core/src/ux_host_stack_rh_device_insertion.c ****         /* Done success.  */
 115:./Middlewares/ST/usbx/common/core/src/ux_host_stack_rh_device_insertion.c ****         return(UX_SUCCESS);
 116:./Middlewares/ST/usbx/common/core/src/ux_host_stack_rh_device_insertion.c ****     }
 117:./Middlewares/ST/usbx/common/core/src/ux_host_stack_rh_device_insertion.c **** 
 118:./Middlewares/ST/usbx/common/core/src/ux_host_stack_rh_device_insertion.c **** #else
 119:./Middlewares/ST/usbx/common/core/src/ux_host_stack_rh_device_insertion.c **** UX_DEVICE   *device;
  48              		.loc 1 119 1 is_stmt 1 view .LVU2
 120:./Middlewares/ST/usbx/common/core/src/ux_host_stack_rh_device_insertion.c **** UINT        index_loop;
  49              		.loc 1 120 1 view .LVU3
 121:./Middlewares/ST/usbx/common/core/src/ux_host_stack_rh_device_insertion.c **** UINT        device_speed;
  50              		.loc 1 121 1 view .LVU4
 122:./Middlewares/ST/usbx/common/core/src/ux_host_stack_rh_device_insertion.c **** ULONG       port_status;
ARM GAS  /tmp/ccyMnwdT.s 			page 4


  51              		.loc 1 122 1 view .LVU5
 123:./Middlewares/ST/usbx/common/core/src/ux_host_stack_rh_device_insertion.c **** UINT        status;
  52              		.loc 1 123 1 view .LVU6
 124:./Middlewares/ST/usbx/common/core/src/ux_host_stack_rh_device_insertion.c **** 
 125:./Middlewares/ST/usbx/common/core/src/ux_host_stack_rh_device_insertion.c ****     /* If trace is enabled, insert this event into the trace buffer.  */
 126:./Middlewares/ST/usbx/common/core/src/ux_host_stack_rh_device_insertion.c ****     UX_TRACE_IN_LINE_INSERT(UX_TRACE_HOST_STACK_RH_DEVICE_INSERTION, hcd, port_index, 0, 0, UX_TRAC
 127:./Middlewares/ST/usbx/common/core/src/ux_host_stack_rh_device_insertion.c **** 
 128:./Middlewares/ST/usbx/common/core/src/ux_host_stack_rh_device_insertion.c ****     /* Perform a PORT_ENABLE command.  */
 129:./Middlewares/ST/usbx/common/core/src/ux_host_stack_rh_device_insertion.c ****     port_status =  hcd -> ux_hcd_entry_function(hcd, UX_HCD_ENABLE_PORT, (VOID *)((ALIGN_TYPE)port_
  53              		.loc 1 129 5 view .LVU7
  54              		.loc 1 129 24 is_stmt 0 view .LVU8
  55 0008 036F     		ldr	r3, [r0, #112]
  56              		.loc 1 129 20 view .LVU9
  57 000a 0A46     		mov	r2, r1
  58 000c 0321     		movs	r1, #3
  59              	.LVL1:
  60              		.loc 1 129 20 view .LVU10
  61 000e 9847     		blx	r3
  62              	.LVL2:
  63              		.loc 1 129 20 view .LVU11
  64 0010 0646     		mov	r6, r0
  65              	.LVL3:
 130:./Middlewares/ST/usbx/common/core/src/ux_host_stack_rh_device_insertion.c **** 
 131:./Middlewares/ST/usbx/common/core/src/ux_host_stack_rh_device_insertion.c ****     /* Check return status.  */
 132:./Middlewares/ST/usbx/common/core/src/ux_host_stack_rh_device_insertion.c ****     if (port_status == UX_PORT_INDEX_UNKNOWN)
  66              		.loc 1 132 5 is_stmt 1 view .LVU12
  67              		.loc 1 132 8 is_stmt 0 view .LVU13
  68 0012 5628     		cmp	r0, #86
  69 0014 62D0     		beq	.L1
 133:./Middlewares/ST/usbx/common/core/src/ux_host_stack_rh_device_insertion.c ****         return(port_status);
 134:./Middlewares/ST/usbx/common/core/src/ux_host_stack_rh_device_insertion.c **** 
 135:./Middlewares/ST/usbx/common/core/src/ux_host_stack_rh_device_insertion.c ****     /* A debounce interval with a minimum duration of 100 ms on attach.  */
 136:./Middlewares/ST/usbx/common/core/src/ux_host_stack_rh_device_insertion.c ****     _ux_utility_delay_ms(100);
  70              		.loc 1 136 5 is_stmt 1 view .LVU14
  71 0016 6420     		movs	r0, #100
  72              	.LVL4:
  73              		.loc 1 136 5 is_stmt 0 view .LVU15
  74 0018 FFF7FEFF 		bl	_ux_utility_delay_ms
  75              	.LVL5:
 137:./Middlewares/ST/usbx/common/core/src/ux_host_stack_rh_device_insertion.c **** 
 138:./Middlewares/ST/usbx/common/core/src/ux_host_stack_rh_device_insertion.c ****     /* The first attempts to do a device enumeration may fail.
 139:./Middlewares/ST/usbx/common/core/src/ux_host_stack_rh_device_insertion.c ****        Typically, after the port is reset and the first command is sent to
 140:./Middlewares/ST/usbx/common/core/src/ux_host_stack_rh_device_insertion.c ****        the device, there is no answer. In this case, we reset the port again
 141:./Middlewares/ST/usbx/common/core/src/ux_host_stack_rh_device_insertion.c ****        and retry. Usually that does the trick!  */
 142:./Middlewares/ST/usbx/common/core/src/ux_host_stack_rh_device_insertion.c ****     for (index_loop = 0; index_loop < UX_RH_ENUMERATION_RETRY; index_loop++)
  76              		.loc 1 142 5 is_stmt 1 view .LVU16
  77              		.loc 1 142 21 is_stmt 0 view .LVU17
  78 001c 0027     		movs	r7, #0
  79              		.loc 1 142 5 view .LVU18
  80 001e 1AE0     		b	.L3
  81              	.LVL6:
  82              	.L14:
 143:./Middlewares/ST/usbx/common/core/src/ux_host_stack_rh_device_insertion.c ****     {
 144:./Middlewares/ST/usbx/common/core/src/ux_host_stack_rh_device_insertion.c **** 
 145:./Middlewares/ST/usbx/common/core/src/ux_host_stack_rh_device_insertion.c ****         /* Now we have to do a PORT_RESET command.  */
 146:./Middlewares/ST/usbx/common/core/src/ux_host_stack_rh_device_insertion.c ****         port_status =  hcd -> ux_hcd_entry_function(hcd, UX_HCD_RESET_PORT, (VOID *)((ALIGN_TYPE)po
 147:./Middlewares/ST/usbx/common/core/src/ux_host_stack_rh_device_insertion.c ****         if (port_status == UX_SUCCESS)
ARM GAS  /tmp/ccyMnwdT.s 			page 5


 148:./Middlewares/ST/usbx/common/core/src/ux_host_stack_rh_device_insertion.c ****         {
 149:./Middlewares/ST/usbx/common/core/src/ux_host_stack_rh_device_insertion.c **** 
 150:./Middlewares/ST/usbx/common/core/src/ux_host_stack_rh_device_insertion.c ****             /* The port reset phase was successful. Before we invoke the device enumeration functio
 151:./Middlewares/ST/usbx/common/core/src/ux_host_stack_rh_device_insertion.c ****                we need to know the speed of the device.  */
 152:./Middlewares/ST/usbx/common/core/src/ux_host_stack_rh_device_insertion.c ****             port_status =  hcd -> ux_hcd_entry_function(hcd, UX_HCD_GET_PORT_STATUS, (VOID *)((ALIG
 153:./Middlewares/ST/usbx/common/core/src/ux_host_stack_rh_device_insertion.c **** 
 154:./Middlewares/ST/usbx/common/core/src/ux_host_stack_rh_device_insertion.c ****             /* Check return status.  */
 155:./Middlewares/ST/usbx/common/core/src/ux_host_stack_rh_device_insertion.c ****             if (port_status == UX_PORT_INDEX_UNKNOWN)
 156:./Middlewares/ST/usbx/common/core/src/ux_host_stack_rh_device_insertion.c ****             {
 157:./Middlewares/ST/usbx/common/core/src/ux_host_stack_rh_device_insertion.c **** 
 158:./Middlewares/ST/usbx/common/core/src/ux_host_stack_rh_device_insertion.c ****                 /* Error trap. */
 159:./Middlewares/ST/usbx/common/core/src/ux_host_stack_rh_device_insertion.c ****                 _ux_system_error_handler(UX_SYSTEM_LEVEL_THREAD, UX_SYSTEM_CONTEXT_ROOT_HUB, UX_DEV
  83              		.loc 1 159 17 is_stmt 1 view .LVU19
  84 0020 4422     		movs	r2, #68
  85 0022 0521     		movs	r1, #5
  86 0024 0220     		movs	r0, #2
  87              	.LVL7:
  88              		.loc 1 159 17 is_stmt 0 view .LVU20
  89 0026 FFF7FEFF 		bl	_ux_system_error_handler
  90              	.LVL8:
 160:./Middlewares/ST/usbx/common/core/src/ux_host_stack_rh_device_insertion.c **** 
 161:./Middlewares/ST/usbx/common/core/src/ux_host_stack_rh_device_insertion.c ****                 /* If trace is enabled, insert this event into the trace buffer.  */
 162:./Middlewares/ST/usbx/common/core/src/ux_host_stack_rh_device_insertion.c ****                 UX_TRACE_IN_LINE_INSERT(UX_TRACE_ERROR, UX_DEVICE_ENUMERATION_FAILURE, port_index, 
 163:./Middlewares/ST/usbx/common/core/src/ux_host_stack_rh_device_insertion.c **** 
 164:./Middlewares/ST/usbx/common/core/src/ux_host_stack_rh_device_insertion.c ****                 return(UX_DEVICE_ENUMERATION_FAILURE);
  91              		.loc 1 164 17 is_stmt 1 view .LVU21
  92              		.loc 1 164 23 is_stmt 0 view .LVU22
  93 002a 4426     		movs	r6, #68
  94 002c 56E0     		b	.L1
  95              	.LVL9:
  96              	.L15:
 165:./Middlewares/ST/usbx/common/core/src/ux_host_stack_rh_device_insertion.c ****             }
 166:./Middlewares/ST/usbx/common/core/src/ux_host_stack_rh_device_insertion.c **** 
 167:./Middlewares/ST/usbx/common/core/src/ux_host_stack_rh_device_insertion.c ****             /* Check if device is still connected.  */
 168:./Middlewares/ST/usbx/common/core/src/ux_host_stack_rh_device_insertion.c ****             if ((port_status & UX_PS_CCS) == 0)
 169:./Middlewares/ST/usbx/common/core/src/ux_host_stack_rh_device_insertion.c ****             {
 170:./Middlewares/ST/usbx/common/core/src/ux_host_stack_rh_device_insertion.c **** 
 171:./Middlewares/ST/usbx/common/core/src/ux_host_stack_rh_device_insertion.c ****                 /* Device disconnected during enumeration retries.  */
 172:./Middlewares/ST/usbx/common/core/src/ux_host_stack_rh_device_insertion.c ****                 return(UX_DEVICE_ENUMERATION_FAILURE);
 173:./Middlewares/ST/usbx/common/core/src/ux_host_stack_rh_device_insertion.c ****             }
 174:./Middlewares/ST/usbx/common/core/src/ux_host_stack_rh_device_insertion.c **** 
 175:./Middlewares/ST/usbx/common/core/src/ux_host_stack_rh_device_insertion.c ****             /* Set the device speed.  */
 176:./Middlewares/ST/usbx/common/core/src/ux_host_stack_rh_device_insertion.c ****             device_speed =  port_status >> UX_PS_DS;
 177:./Middlewares/ST/usbx/common/core/src/ux_host_stack_rh_device_insertion.c **** 
 178:./Middlewares/ST/usbx/common/core/src/ux_host_stack_rh_device_insertion.c ****             /* Ask the USB stack to enumerate this device. A root hub is considered self
 179:./Middlewares/ST/usbx/common/core/src/ux_host_stack_rh_device_insertion.c ****                powered. */
 180:./Middlewares/ST/usbx/common/core/src/ux_host_stack_rh_device_insertion.c ****             status =  _ux_host_stack_new_device_create(hcd, UX_NULL, port_index, device_speed, UX_M
 181:./Middlewares/ST/usbx/common/core/src/ux_host_stack_rh_device_insertion.c **** 
 182:./Middlewares/ST/usbx/common/core/src/ux_host_stack_rh_device_insertion.c ****             /* Check return status.  */
 183:./Middlewares/ST/usbx/common/core/src/ux_host_stack_rh_device_insertion.c ****             if (status == UX_SUCCESS)
 184:./Middlewares/ST/usbx/common/core/src/ux_host_stack_rh_device_insertion.c ****             {
 185:./Middlewares/ST/usbx/common/core/src/ux_host_stack_rh_device_insertion.c **** 
 186:./Middlewares/ST/usbx/common/core/src/ux_host_stack_rh_device_insertion.c ****                 /* Successful device create.  */
 187:./Middlewares/ST/usbx/common/core/src/ux_host_stack_rh_device_insertion.c **** 
 188:./Middlewares/ST/usbx/common/core/src/ux_host_stack_rh_device_insertion.c ****                 /* The device has been mounted properly, we have to remember this
 189:./Middlewares/ST/usbx/common/core/src/ux_host_stack_rh_device_insertion.c ****                    so when the device is removed, we have to invoke the enumeration
 190:./Middlewares/ST/usbx/common/core/src/ux_host_stack_rh_device_insertion.c ****                    function again */
ARM GAS  /tmp/ccyMnwdT.s 			page 6


 191:./Middlewares/ST/usbx/common/core/src/ux_host_stack_rh_device_insertion.c ****                 hcd -> ux_hcd_rh_device_connection |= (ULONG)(1 << port_index);
  97              		.loc 1 191 17 is_stmt 1 view .LVU23
  98              		.loc 1 191 21 is_stmt 0 view .LVU24
  99 002e A36E     		ldr	r3, [r4, #104]
 100              		.loc 1 191 65 view .LVU25
 101 0030 0122     		movs	r2, #1
 102 0032 AA40     		lsls	r2, r2, r5
 103              		.loc 1 191 52 view .LVU26
 104 0034 1343     		orrs	r3, r3, r2
 105 0036 A366     		str	r3, [r4, #104]
 192:./Middlewares/ST/usbx/common/core/src/ux_host_stack_rh_device_insertion.c **** 
 193:./Middlewares/ST/usbx/common/core/src/ux_host_stack_rh_device_insertion.c ****                 /* If the device instance is ready, notify application for connection.  */
 194:./Middlewares/ST/usbx/common/core/src/ux_host_stack_rh_device_insertion.c ****                 if (_ux_system_host -> ux_system_host_change_function)
 106              		.loc 1 194 17 is_stmt 1 view .LVU27
 107              		.loc 1 194 37 is_stmt 0 view .LVU28
 108 0038 2C4B     		ldr	r3, .L16
 109 003a 1B68     		ldr	r3, [r3]
 110 003c D3F8CC31 		ldr	r3, [r3, #460]
 111              		.loc 1 194 20 view .LVU29
 112 0040 002B     		cmp	r3, #0
 113 0042 4BD0     		beq	.L1
 195:./Middlewares/ST/usbx/common/core/src/ux_host_stack_rh_device_insertion.c ****                 {
 196:./Middlewares/ST/usbx/common/core/src/ux_host_stack_rh_device_insertion.c ****                     _ux_system_host -> ux_system_host_change_function(UX_DEVICE_CONNECTION, UX_NULL
 114              		.loc 1 196 21 is_stmt 1 view .LVU30
 115 0044 039A     		ldr	r2, [sp, #12]
 116 0046 0021     		movs	r1, #0
 117 0048 8120     		movs	r0, #129
 118              	.LVL10:
 119              		.loc 1 196 21 is_stmt 0 view .LVU31
 120 004a 9847     		blx	r3
 121              	.LVL11:
 197:./Middlewares/ST/usbx/common/core/src/ux_host_stack_rh_device_insertion.c ****                 }
 198:./Middlewares/ST/usbx/common/core/src/ux_host_stack_rh_device_insertion.c **** 
 199:./Middlewares/ST/usbx/common/core/src/ux_host_stack_rh_device_insertion.c ****                 /* Return success to the caller.  */
 200:./Middlewares/ST/usbx/common/core/src/ux_host_stack_rh_device_insertion.c ****                 return(UX_SUCCESS);
 122              		.loc 1 200 17 is_stmt 1 view .LVU32
 123              		.loc 1 200 23 is_stmt 0 view .LVU33
 124 004c 46E0     		b	.L1
 125              	.LVL12:
 126              	.L4:
 201:./Middlewares/ST/usbx/common/core/src/ux_host_stack_rh_device_insertion.c ****             }
 202:./Middlewares/ST/usbx/common/core/src/ux_host_stack_rh_device_insertion.c ****             else
 203:./Middlewares/ST/usbx/common/core/src/ux_host_stack_rh_device_insertion.c ****             {
 204:./Middlewares/ST/usbx/common/core/src/ux_host_stack_rh_device_insertion.c **** 
 205:./Middlewares/ST/usbx/common/core/src/ux_host_stack_rh_device_insertion.c ****                 /* Return error if HCD is dead.  */
 206:./Middlewares/ST/usbx/common/core/src/ux_host_stack_rh_device_insertion.c ****                 if (hcd -> ux_hcd_status != UX_HCD_STATUS_OPERATIONAL)
 207:./Middlewares/ST/usbx/common/core/src/ux_host_stack_rh_device_insertion.c ****                     return(UX_CONTROLLER_DEAD);
 208:./Middlewares/ST/usbx/common/core/src/ux_host_stack_rh_device_insertion.c **** 
 209:./Middlewares/ST/usbx/common/core/src/ux_host_stack_rh_device_insertion.c ****                 /* No retry if there are too many devices.  */
 210:./Middlewares/ST/usbx/common/core/src/ux_host_stack_rh_device_insertion.c ****                 if (status == UX_TOO_MANY_DEVICES)
 211:./Middlewares/ST/usbx/common/core/src/ux_host_stack_rh_device_insertion.c ****                     break;
 212:./Middlewares/ST/usbx/common/core/src/ux_host_stack_rh_device_insertion.c **** 
 213:./Middlewares/ST/usbx/common/core/src/ux_host_stack_rh_device_insertion.c ****                 /* No retry if there is no class found.  */
 214:./Middlewares/ST/usbx/common/core/src/ux_host_stack_rh_device_insertion.c ****                 if (status == UX_NO_CLASS_MATCH)
 215:./Middlewares/ST/usbx/common/core/src/ux_host_stack_rh_device_insertion.c ****                     break;
 216:./Middlewares/ST/usbx/common/core/src/ux_host_stack_rh_device_insertion.c **** 
 217:./Middlewares/ST/usbx/common/core/src/ux_host_stack_rh_device_insertion.c ****                 /* Simulate remove to free allocated resources if retry.  */
ARM GAS  /tmp/ccyMnwdT.s 			page 7


 218:./Middlewares/ST/usbx/common/core/src/ux_host_stack_rh_device_insertion.c ****                 if (index_loop < UX_RH_ENUMERATION_RETRY - 1)
 219:./Middlewares/ST/usbx/common/core/src/ux_host_stack_rh_device_insertion.c ****                     _ux_host_stack_device_remove(hcd, UX_NULL, port_index);
 220:./Middlewares/ST/usbx/common/core/src/ux_host_stack_rh_device_insertion.c ****             }
 221:./Middlewares/ST/usbx/common/core/src/ux_host_stack_rh_device_insertion.c ****         }
 222:./Middlewares/ST/usbx/common/core/src/ux_host_stack_rh_device_insertion.c **** 
 223:./Middlewares/ST/usbx/common/core/src/ux_host_stack_rh_device_insertion.c ****         /* We get here if something did not go well. Either the port did not respond
 224:./Middlewares/ST/usbx/common/core/src/ux_host_stack_rh_device_insertion.c ****            well to the ENABLE\RESET phases or the device did not enumerate well
 225:./Middlewares/ST/usbx/common/core/src/ux_host_stack_rh_device_insertion.c ****            so we try again ! */
 226:./Middlewares/ST/usbx/common/core/src/ux_host_stack_rh_device_insertion.c ****         _ux_utility_delay_ms(UX_RH_ENUMERATION_RETRY_DELAY);
 127              		.loc 1 226 9 is_stmt 1 view .LVU34
 128 004e 6420     		movs	r0, #100
 129 0050 FFF7FEFF 		bl	_ux_utility_delay_ms
 130              	.LVL13:
 142:./Middlewares/ST/usbx/common/core/src/ux_host_stack_rh_device_insertion.c ****     {
 131              		.loc 1 142 74 discriminator 2 view .LVU35
 132 0054 0137     		adds	r7, r7, #1
 133              	.LVL14:
 134              	.L3:
 142:./Middlewares/ST/usbx/common/core/src/ux_host_stack_rh_device_insertion.c ****     {
 135              		.loc 1 142 37 discriminator 1 view .LVU36
 136 0056 022F     		cmp	r7, #2
 137 0058 2CD8     		bhi	.L8
 146:./Middlewares/ST/usbx/common/core/src/ux_host_stack_rh_device_insertion.c ****         if (port_status == UX_SUCCESS)
 138              		.loc 1 146 9 view .LVU37
 146:./Middlewares/ST/usbx/common/core/src/ux_host_stack_rh_device_insertion.c ****         if (port_status == UX_SUCCESS)
 139              		.loc 1 146 28 is_stmt 0 view .LVU38
 140 005a 236F     		ldr	r3, [r4, #112]
 146:./Middlewares/ST/usbx/common/core/src/ux_host_stack_rh_device_insertion.c ****         if (port_status == UX_SUCCESS)
 141              		.loc 1 146 24 view .LVU39
 142 005c 2A46     		mov	r2, r5
 143 005e 0921     		movs	r1, #9
 144 0060 2046     		mov	r0, r4
 145 0062 9847     		blx	r3
 146              	.LVL15:
 147:./Middlewares/ST/usbx/common/core/src/ux_host_stack_rh_device_insertion.c ****         {
 147              		.loc 1 147 9 is_stmt 1 view .LVU40
 147:./Middlewares/ST/usbx/common/core/src/ux_host_stack_rh_device_insertion.c ****         {
 148              		.loc 1 147 12 is_stmt 0 view .LVU41
 149 0064 0028     		cmp	r0, #0
 150 0066 F2D1     		bne	.L4
 152:./Middlewares/ST/usbx/common/core/src/ux_host_stack_rh_device_insertion.c **** 
 151              		.loc 1 152 13 is_stmt 1 view .LVU42
 152:./Middlewares/ST/usbx/common/core/src/ux_host_stack_rh_device_insertion.c **** 
 152              		.loc 1 152 32 is_stmt 0 view .LVU43
 153 0068 236F     		ldr	r3, [r4, #112]
 152:./Middlewares/ST/usbx/common/core/src/ux_host_stack_rh_device_insertion.c **** 
 154              		.loc 1 152 28 view .LVU44
 155 006a 2A46     		mov	r2, r5
 156 006c 0221     		movs	r1, #2
 157 006e 2046     		mov	r0, r4
 158              	.LVL16:
 152:./Middlewares/ST/usbx/common/core/src/ux_host_stack_rh_device_insertion.c **** 
 159              		.loc 1 152 28 view .LVU45
 160 0070 9847     		blx	r3
 161              	.LVL17:
 155:./Middlewares/ST/usbx/common/core/src/ux_host_stack_rh_device_insertion.c ****             {
 162              		.loc 1 155 13 is_stmt 1 view .LVU46
ARM GAS  /tmp/ccyMnwdT.s 			page 8


 155:./Middlewares/ST/usbx/common/core/src/ux_host_stack_rh_device_insertion.c ****             {
 163              		.loc 1 155 16 is_stmt 0 view .LVU47
 164 0072 5628     		cmp	r0, #86
 165 0074 D4D0     		beq	.L14
 168:./Middlewares/ST/usbx/common/core/src/ux_host_stack_rh_device_insertion.c ****             {
 166              		.loc 1 168 13 is_stmt 1 view .LVU48
 168:./Middlewares/ST/usbx/common/core/src/ux_host_stack_rh_device_insertion.c ****             {
 167              		.loc 1 168 16 is_stmt 0 view .LVU49
 168 0076 10F0010F 		tst	r0, #1
 169 007a 32D0     		beq	.L11
 176:./Middlewares/ST/usbx/common/core/src/ux_host_stack_rh_device_insertion.c **** 
 170              		.loc 1 176 13 is_stmt 1 view .LVU50
 171              	.LVL18:
 180:./Middlewares/ST/usbx/common/core/src/ux_host_stack_rh_device_insertion.c **** 
 172              		.loc 1 180 13 view .LVU51
 180:./Middlewares/ST/usbx/common/core/src/ux_host_stack_rh_device_insertion.c **** 
 173              		.loc 1 180 23 is_stmt 0 view .LVU52
 174 007c 03AB     		add	r3, sp, #12
 175 007e 0193     		str	r3, [sp, #4]
 176 0080 FA23     		movs	r3, #250
 177 0082 0093     		str	r3, [sp]
 178 0084 8309     		lsrs	r3, r0, #6
 179              	.LVL19:
 180:./Middlewares/ST/usbx/common/core/src/ux_host_stack_rh_device_insertion.c **** 
 180              		.loc 1 180 23 view .LVU53
 181 0086 2A46     		mov	r2, r5
 182 0088 0021     		movs	r1, #0
 183 008a 2046     		mov	r0, r4
 184              	.LVL20:
 180:./Middlewares/ST/usbx/common/core/src/ux_host_stack_rh_device_insertion.c **** 
 185              		.loc 1 180 23 view .LVU54
 186 008c FFF7FEFF 		bl	_ux_host_stack_new_device_create
 187              	.LVL21:
 183:./Middlewares/ST/usbx/common/core/src/ux_host_stack_rh_device_insertion.c ****             {
 188              		.loc 1 183 13 is_stmt 1 view .LVU55
 183:./Middlewares/ST/usbx/common/core/src/ux_host_stack_rh_device_insertion.c ****             {
 189              		.loc 1 183 16 is_stmt 0 view .LVU56
 190 0090 0646     		mov	r6, r0
 191 0092 0028     		cmp	r0, #0
 192 0094 CBD0     		beq	.L15
 206:./Middlewares/ST/usbx/common/core/src/ux_host_stack_rh_device_insertion.c ****                     return(UX_CONTROLLER_DEAD);
 193              		.loc 1 206 17 is_stmt 1 view .LVU57
 206:./Middlewares/ST/usbx/common/core/src/ux_host_stack_rh_device_insertion.c ****                     return(UX_CONTROLLER_DEAD);
 194              		.loc 1 206 25 is_stmt 0 view .LVU58
 195 0096 236C     		ldr	r3, [r4, #64]
 206:./Middlewares/ST/usbx/common/core/src/ux_host_stack_rh_device_insertion.c ****                     return(UX_CONTROLLER_DEAD);
 196              		.loc 1 206 20 view .LVU59
 197 0098 022B     		cmp	r3, #2
 198 009a 24D1     		bne	.L12
 210:./Middlewares/ST/usbx/common/core/src/ux_host_stack_rh_device_insertion.c ****                     break;
 199              		.loc 1 210 17 is_stmt 1 view .LVU60
 210:./Middlewares/ST/usbx/common/core/src/ux_host_stack_rh_device_insertion.c ****                     break;
 200              		.loc 1 210 20 is_stmt 0 view .LVU61
 201 009c 1128     		cmp	r0, #17
 202 009e 09D0     		beq	.L8
 214:./Middlewares/ST/usbx/common/core/src/ux_host_stack_rh_device_insertion.c ****                     break;
 203              		.loc 1 214 17 is_stmt 1 view .LVU62
ARM GAS  /tmp/ccyMnwdT.s 			page 9


 214:./Middlewares/ST/usbx/common/core/src/ux_host_stack_rh_device_insertion.c ****                     break;
 204              		.loc 1 214 20 is_stmt 0 view .LVU63
 205 00a0 5728     		cmp	r0, #87
 206 00a2 07D0     		beq	.L8
 218:./Middlewares/ST/usbx/common/core/src/ux_host_stack_rh_device_insertion.c ****                     _ux_host_stack_device_remove(hcd, UX_NULL, port_index);
 207              		.loc 1 218 17 is_stmt 1 view .LVU64
 218:./Middlewares/ST/usbx/common/core/src/ux_host_stack_rh_device_insertion.c ****                     _ux_host_stack_device_remove(hcd, UX_NULL, port_index);
 208              		.loc 1 218 20 is_stmt 0 view .LVU65
 209 00a4 012F     		cmp	r7, #1
 210 00a6 D2D8     		bhi	.L4
 219:./Middlewares/ST/usbx/common/core/src/ux_host_stack_rh_device_insertion.c ****             }
 211              		.loc 1 219 21 is_stmt 1 view .LVU66
 212 00a8 2A46     		mov	r2, r5
 213 00aa 0021     		movs	r1, #0
 214 00ac 2046     		mov	r0, r4
 215              	.LVL22:
 219:./Middlewares/ST/usbx/common/core/src/ux_host_stack_rh_device_insertion.c ****             }
 216              		.loc 1 219 21 is_stmt 0 view .LVU67
 217 00ae FFF7FEFF 		bl	_ux_host_stack_device_remove
 218              	.LVL23:
 219 00b2 CCE7     		b	.L4
 220              	.LVL24:
 221              	.L8:
 227:./Middlewares/ST/usbx/common/core/src/ux_host_stack_rh_device_insertion.c ****     }
 228:./Middlewares/ST/usbx/common/core/src/ux_host_stack_rh_device_insertion.c **** #endif /* defined(UX_HOST_STANDALONE)  */
 229:./Middlewares/ST/usbx/common/core/src/ux_host_stack_rh_device_insertion.c **** 
 230:./Middlewares/ST/usbx/common/core/src/ux_host_stack_rh_device_insertion.c ****     /* If we get here, the device did not enumerate completely.
 231:./Middlewares/ST/usbx/common/core/src/ux_host_stack_rh_device_insertion.c ****        The device is still attached to the root hub and therefore
 232:./Middlewares/ST/usbx/common/core/src/ux_host_stack_rh_device_insertion.c ****        there could be a physical connection with a unconfigured device.  */
 233:./Middlewares/ST/usbx/common/core/src/ux_host_stack_rh_device_insertion.c ****     hcd -> ux_hcd_rh_device_connection |= (ULONG)(1 << port_index);
 222              		.loc 1 233 5 is_stmt 1 view .LVU68
 223              		.loc 1 233 9 is_stmt 0 view .LVU69
 224 00b4 A36E     		ldr	r3, [r4, #104]
 225              		.loc 1 233 53 view .LVU70
 226 00b6 0122     		movs	r2, #1
 227 00b8 AA40     		lsls	r2, r2, r5
 228              		.loc 1 233 40 view .LVU71
 229 00ba 1343     		orrs	r3, r3, r2
 230 00bc A366     		str	r3, [r4, #104]
 234:./Middlewares/ST/usbx/common/core/src/ux_host_stack_rh_device_insertion.c **** 
 235:./Middlewares/ST/usbx/common/core/src/ux_host_stack_rh_device_insertion.c ****     /* Notify application for a physical connection failed to be enumed.
 236:./Middlewares/ST/usbx/common/core/src/ux_host_stack_rh_device_insertion.c ****        Device instance NULL indicates too many devices.
 237:./Middlewares/ST/usbx/common/core/src/ux_host_stack_rh_device_insertion.c ****        Device state unconfigured indicates enumeration fail.  */
 238:./Middlewares/ST/usbx/common/core/src/ux_host_stack_rh_device_insertion.c ****     if (_ux_system_host -> ux_system_host_change_function)
 231              		.loc 1 238 5 is_stmt 1 view .LVU72
 232              		.loc 1 238 25 is_stmt 0 view .LVU73
 233 00be 0B4B     		ldr	r3, .L16
 234 00c0 1B68     		ldr	r3, [r3]
 235 00c2 D3F8CC31 		ldr	r3, [r3, #460]
 236              		.loc 1 238 8 view .LVU74
 237 00c6 1BB1     		cbz	r3, .L10
 239:./Middlewares/ST/usbx/common/core/src/ux_host_stack_rh_device_insertion.c ****     {
 240:./Middlewares/ST/usbx/common/core/src/ux_host_stack_rh_device_insertion.c ****         _ux_system_host -> ux_system_host_change_function(UX_DEVICE_CONNECTION, UX_NULL, (VOID*)dev
 238              		.loc 1 240 9 is_stmt 1 view .LVU75
 239 00c8 039A     		ldr	r2, [sp, #12]
 240 00ca 0021     		movs	r1, #0
 241 00cc 8120     		movs	r0, #129
ARM GAS  /tmp/ccyMnwdT.s 			page 10


 242 00ce 9847     		blx	r3
 243              	.LVL25:
 244              	.L10:
 241:./Middlewares/ST/usbx/common/core/src/ux_host_stack_rh_device_insertion.c ****     }
 242:./Middlewares/ST/usbx/common/core/src/ux_host_stack_rh_device_insertion.c **** 
 243:./Middlewares/ST/usbx/common/core/src/ux_host_stack_rh_device_insertion.c ****     /* Error trap. */
 244:./Middlewares/ST/usbx/common/core/src/ux_host_stack_rh_device_insertion.c ****     _ux_system_error_handler(UX_SYSTEM_LEVEL_THREAD, UX_SYSTEM_CONTEXT_ROOT_HUB, UX_DEVICE_ENUMERAT
 245              		.loc 1 244 5 view .LVU76
 246 00d0 4422     		movs	r2, #68
 247 00d2 0521     		movs	r1, #5
 248 00d4 0220     		movs	r0, #2
 249 00d6 FFF7FEFF 		bl	_ux_system_error_handler
 250              	.LVL26:
 245:./Middlewares/ST/usbx/common/core/src/ux_host_stack_rh_device_insertion.c **** 
 246:./Middlewares/ST/usbx/common/core/src/ux_host_stack_rh_device_insertion.c ****     /* If trace is enabled, insert this event into the trace buffer.  */
 247:./Middlewares/ST/usbx/common/core/src/ux_host_stack_rh_device_insertion.c ****     UX_TRACE_IN_LINE_INSERT(UX_TRACE_ERROR, UX_DEVICE_ENUMERATION_FAILURE, port_index, 0, 0, UX_TRA
 248:./Middlewares/ST/usbx/common/core/src/ux_host_stack_rh_device_insertion.c **** 
 249:./Middlewares/ST/usbx/common/core/src/ux_host_stack_rh_device_insertion.c ****     /* Return a failed enumeration.  */
 250:./Middlewares/ST/usbx/common/core/src/ux_host_stack_rh_device_insertion.c ****     return(UX_DEVICE_ENUMERATION_FAILURE);
 251              		.loc 1 250 5 view .LVU77
 252              		.loc 1 250 11 is_stmt 0 view .LVU78
 253 00da 4426     		movs	r6, #68
 254              	.LVL27:
 255              	.L1:
 251:./Middlewares/ST/usbx/common/core/src/ux_host_stack_rh_device_insertion.c **** }
 256              		.loc 1 251 1 view .LVU79
 257 00dc 3046     		mov	r0, r6
 258 00de 05B0     		add	sp, sp, #20
 259              	.LCFI2:
 260              		.cfi_remember_state
 261              		.cfi_def_cfa_offset 20
 262              		@ sp needed
 263 00e0 F0BD     		pop	{r4, r5, r6, r7, pc}
 264              	.LVL28:
 265              	.L11:
 266              	.LCFI3:
 267              		.cfi_restore_state
 172:./Middlewares/ST/usbx/common/core/src/ux_host_stack_rh_device_insertion.c ****             }
 268              		.loc 1 172 23 view .LVU80
 269 00e2 4426     		movs	r6, #68
 270 00e4 FAE7     		b	.L1
 271              	.LVL29:
 272              	.L12:
 207:./Middlewares/ST/usbx/common/core/src/ux_host_stack_rh_device_insertion.c **** 
 273              		.loc 1 207 27 view .LVU81
 274 00e6 3326     		movs	r6, #51
 275 00e8 F8E7     		b	.L1
 276              	.L17:
 277 00ea 00BF     		.align	2
 278              	.L16:
 279 00ec 00000000 		.word	_ux_system_host
 280              		.cfi_endproc
 281              	.LFE11:
 283              		.text
 284              	.Letext0:
 285              		.file 2 "./Middlewares/ST/threadx/ports/cortex_m4/gnu/inc/tx_port.h"
 286              		.file 3 "./Middlewares/ST/threadx/common/inc/tx_api.h"
ARM GAS  /tmp/ccyMnwdT.s 			page 11


 287              		.file 4 "./Middlewares/ST/usbx/common/core/inc/ux_api.h"
 288              		.file 5 "./Middlewares/ST/usbx/common/core/inc/ux_host_stack.h"
 289              		.file 6 "./Middlewares/ST/usbx/common/core/inc/ux_utility.h"
 290              		.file 7 "./Middlewares/ST/usbx/common/core/inc/ux_system.h"
ARM GAS  /tmp/ccyMnwdT.s 			page 12


DEFINED SYMBOLS
                            *ABS*:00000000 ux_host_stack_rh_device_insertion.c
     /tmp/ccyMnwdT.s:21     .text._ux_host_stack_rh_device_insertion:00000000 $t
     /tmp/ccyMnwdT.s:27     .text._ux_host_stack_rh_device_insertion:00000000 _ux_host_stack_rh_device_insertion
     /tmp/ccyMnwdT.s:279    .text._ux_host_stack_rh_device_insertion:000000ec $d

UNDEFINED SYMBOLS
_ux_utility_delay_ms
_ux_system_error_handler
_ux_host_stack_new_device_create
_ux_host_stack_device_remove
_ux_system_host
