ARM GAS  C:\Users\Dennis\AppData\Local\Temp\ccwGEPjV.s 			page 1


   1              		.cpu cortex-m4
   2              		.arch armv7e-m
   3              		.fpu fpv4-sp-d16
   4              		.eabi_attribute 27, 1
   5              		.eabi_attribute 28, 1
   6              		.eabi_attribute 20, 1
   7              		.eabi_attribute 21, 1
   8              		.eabi_attribute 23, 3
   9              		.eabi_attribute 24, 1
  10              		.eabi_attribute 25, 1
  11              		.eabi_attribute 26, 1
  12              		.eabi_attribute 30, 1
  13              		.eabi_attribute 34, 1
  14              		.eabi_attribute 18, 4
  15              		.file	"ux_host_stack_interface_instance_create.c"
  16              		.text
  17              	.Ltext0:
  18              		.cfi_sections	.debug_frame
  19              		.section	.text._ux_host_stack_interface_instance_create,"ax",%progbits
  20              		.align	1
  21              		.global	_ux_host_stack_interface_instance_create
  22              		.syntax unified
  23              		.thumb
  24              		.thumb_func
  26              	_ux_host_stack_interface_instance_create:
  27              	.LVL0:
  28              	.LFB11:
  29              		.file 1 "./Middlewares/ST/usbx/common/core/src/ux_host_stack_interface_instance_create.c"
   1:./Middlewares/ST/usbx/common/core/src/ux_host_stack_interface_instance_create.c **** /**************************************************************************/
   2:./Middlewares/ST/usbx/common/core/src/ux_host_stack_interface_instance_create.c **** /*                                                                        */
   3:./Middlewares/ST/usbx/common/core/src/ux_host_stack_interface_instance_create.c **** /*       Copyright (c) Microsoft Corporation. All rights reserved.        */
   4:./Middlewares/ST/usbx/common/core/src/ux_host_stack_interface_instance_create.c **** /*                                                                        */
   5:./Middlewares/ST/usbx/common/core/src/ux_host_stack_interface_instance_create.c **** /*       This software is licensed under the Microsoft Software License   */
   6:./Middlewares/ST/usbx/common/core/src/ux_host_stack_interface_instance_create.c **** /*       Terms for Microsoft Azure RTOS. Full text of the license can be  */
   7:./Middlewares/ST/usbx/common/core/src/ux_host_stack_interface_instance_create.c **** /*       found in the LICENSE file at https://aka.ms/AzureRTOS_EULA       */
   8:./Middlewares/ST/usbx/common/core/src/ux_host_stack_interface_instance_create.c **** /*       and in the root directory of this software.                      */
   9:./Middlewares/ST/usbx/common/core/src/ux_host_stack_interface_instance_create.c **** /*                                                                        */
  10:./Middlewares/ST/usbx/common/core/src/ux_host_stack_interface_instance_create.c **** /**************************************************************************/
  11:./Middlewares/ST/usbx/common/core/src/ux_host_stack_interface_instance_create.c **** 
  12:./Middlewares/ST/usbx/common/core/src/ux_host_stack_interface_instance_create.c **** 
  13:./Middlewares/ST/usbx/common/core/src/ux_host_stack_interface_instance_create.c **** /**************************************************************************/
  14:./Middlewares/ST/usbx/common/core/src/ux_host_stack_interface_instance_create.c **** /**************************************************************************/
  15:./Middlewares/ST/usbx/common/core/src/ux_host_stack_interface_instance_create.c **** /**                                                                       */ 
  16:./Middlewares/ST/usbx/common/core/src/ux_host_stack_interface_instance_create.c **** /** USBX Component                                                        */ 
  17:./Middlewares/ST/usbx/common/core/src/ux_host_stack_interface_instance_create.c **** /**                                                                       */
  18:./Middlewares/ST/usbx/common/core/src/ux_host_stack_interface_instance_create.c **** /**   Host Stack                                                          */
  19:./Middlewares/ST/usbx/common/core/src/ux_host_stack_interface_instance_create.c **** /**                                                                       */
  20:./Middlewares/ST/usbx/common/core/src/ux_host_stack_interface_instance_create.c **** /**************************************************************************/
  21:./Middlewares/ST/usbx/common/core/src/ux_host_stack_interface_instance_create.c **** /**************************************************************************/
  22:./Middlewares/ST/usbx/common/core/src/ux_host_stack_interface_instance_create.c **** 
  23:./Middlewares/ST/usbx/common/core/src/ux_host_stack_interface_instance_create.c **** 
  24:./Middlewares/ST/usbx/common/core/src/ux_host_stack_interface_instance_create.c **** /* Include necessary system files.  */
  25:./Middlewares/ST/usbx/common/core/src/ux_host_stack_interface_instance_create.c **** 
  26:./Middlewares/ST/usbx/common/core/src/ux_host_stack_interface_instance_create.c **** #define UX_SOURCE_CODE
  27:./Middlewares/ST/usbx/common/core/src/ux_host_stack_interface_instance_create.c **** 
  28:./Middlewares/ST/usbx/common/core/src/ux_host_stack_interface_instance_create.c **** #include "ux_api.h"
  29:./Middlewares/ST/usbx/common/core/src/ux_host_stack_interface_instance_create.c **** #include "ux_host_stack.h"
ARM GAS  C:\Users\Dennis\AppData\Local\Temp\ccwGEPjV.s 			page 2


  30:./Middlewares/ST/usbx/common/core/src/ux_host_stack_interface_instance_create.c **** 
  31:./Middlewares/ST/usbx/common/core/src/ux_host_stack_interface_instance_create.c **** 
  32:./Middlewares/ST/usbx/common/core/src/ux_host_stack_interface_instance_create.c **** /**************************************************************************/ 
  33:./Middlewares/ST/usbx/common/core/src/ux_host_stack_interface_instance_create.c **** /*                                                                        */ 
  34:./Middlewares/ST/usbx/common/core/src/ux_host_stack_interface_instance_create.c **** /*  FUNCTION                                               RELEASE        */ 
  35:./Middlewares/ST/usbx/common/core/src/ux_host_stack_interface_instance_create.c **** /*                                                                        */ 
  36:./Middlewares/ST/usbx/common/core/src/ux_host_stack_interface_instance_create.c **** /*    _ux_host_stack_interface_instance_create            PORTABLE C      */ 
  37:./Middlewares/ST/usbx/common/core/src/ux_host_stack_interface_instance_create.c **** /*                                                           6.1          */
  38:./Middlewares/ST/usbx/common/core/src/ux_host_stack_interface_instance_create.c **** /*  AUTHOR                                                                */
  39:./Middlewares/ST/usbx/common/core/src/ux_host_stack_interface_instance_create.c **** /*                                                                        */
  40:./Middlewares/ST/usbx/common/core/src/ux_host_stack_interface_instance_create.c **** /*    Chaoqiong Xiao, Microsoft Corporation                               */
  41:./Middlewares/ST/usbx/common/core/src/ux_host_stack_interface_instance_create.c **** /*                                                                        */
  42:./Middlewares/ST/usbx/common/core/src/ux_host_stack_interface_instance_create.c **** /*  DESCRIPTION                                                           */
  43:./Middlewares/ST/usbx/common/core/src/ux_host_stack_interface_instance_create.c **** /*                                                                        */ 
  44:./Middlewares/ST/usbx/common/core/src/ux_host_stack_interface_instance_create.c **** /*    This function will create an interface instance. It creates each    */
  45:./Middlewares/ST/usbx/common/core/src/ux_host_stack_interface_instance_create.c **** /*    endpoint associated with the interface.                             */ 
  46:./Middlewares/ST/usbx/common/core/src/ux_host_stack_interface_instance_create.c **** /*                                                                        */ 
  47:./Middlewares/ST/usbx/common/core/src/ux_host_stack_interface_instance_create.c **** /*  INPUT                                                                 */ 
  48:./Middlewares/ST/usbx/common/core/src/ux_host_stack_interface_instance_create.c **** /*                                                                        */ 
  49:./Middlewares/ST/usbx/common/core/src/ux_host_stack_interface_instance_create.c **** /*    interface                             Pointer to interface          */ 
  50:./Middlewares/ST/usbx/common/core/src/ux_host_stack_interface_instance_create.c **** /*                                                                        */ 
  51:./Middlewares/ST/usbx/common/core/src/ux_host_stack_interface_instance_create.c **** /*  OUTPUT                                                                */ 
  52:./Middlewares/ST/usbx/common/core/src/ux_host_stack_interface_instance_create.c **** /*                                                                        */ 
  53:./Middlewares/ST/usbx/common/core/src/ux_host_stack_interface_instance_create.c **** /*    Completion Status                                                   */ 
  54:./Middlewares/ST/usbx/common/core/src/ux_host_stack_interface_instance_create.c **** /*                                                                        */ 
  55:./Middlewares/ST/usbx/common/core/src/ux_host_stack_interface_instance_create.c **** /*  CALLS                                                                 */ 
  56:./Middlewares/ST/usbx/common/core/src/ux_host_stack_interface_instance_create.c **** /*                                                                        */ 
  57:./Middlewares/ST/usbx/common/core/src/ux_host_stack_interface_instance_create.c **** /*    _ux_host_stack_endpoint_instance_create Create instance endpoint    */ 
  58:./Middlewares/ST/usbx/common/core/src/ux_host_stack_interface_instance_create.c **** /*                                                                        */ 
  59:./Middlewares/ST/usbx/common/core/src/ux_host_stack_interface_instance_create.c **** /*  CALLED BY                                                             */ 
  60:./Middlewares/ST/usbx/common/core/src/ux_host_stack_interface_instance_create.c **** /*                                                                        */ 
  61:./Middlewares/ST/usbx/common/core/src/ux_host_stack_interface_instance_create.c **** /*    USBX Components                                                     */ 
  62:./Middlewares/ST/usbx/common/core/src/ux_host_stack_interface_instance_create.c **** /*                                                                        */ 
  63:./Middlewares/ST/usbx/common/core/src/ux_host_stack_interface_instance_create.c **** /*  RELEASE HISTORY                                                       */ 
  64:./Middlewares/ST/usbx/common/core/src/ux_host_stack_interface_instance_create.c **** /*                                                                        */ 
  65:./Middlewares/ST/usbx/common/core/src/ux_host_stack_interface_instance_create.c **** /*    DATE              NAME                      DESCRIPTION             */ 
  66:./Middlewares/ST/usbx/common/core/src/ux_host_stack_interface_instance_create.c **** /*                                                                        */ 
  67:./Middlewares/ST/usbx/common/core/src/ux_host_stack_interface_instance_create.c **** /*  05-19-2020     Chaoqiong Xiao           Initial Version 6.0           */
  68:./Middlewares/ST/usbx/common/core/src/ux_host_stack_interface_instance_create.c **** /*  09-30-2020     Chaoqiong Xiao           Modified comment(s),          */
  69:./Middlewares/ST/usbx/common/core/src/ux_host_stack_interface_instance_create.c **** /*                                            resulting in version 6.1    */
  70:./Middlewares/ST/usbx/common/core/src/ux_host_stack_interface_instance_create.c **** /*                                                                        */
  71:./Middlewares/ST/usbx/common/core/src/ux_host_stack_interface_instance_create.c **** /**************************************************************************/
  72:./Middlewares/ST/usbx/common/core/src/ux_host_stack_interface_instance_create.c **** UINT  _ux_host_stack_interface_instance_create(UX_INTERFACE *interface)
  73:./Middlewares/ST/usbx/common/core/src/ux_host_stack_interface_instance_create.c **** {
  30              		.loc 1 73 1 view -0
  31              		.cfi_startproc
  32              		@ args = 0, pretend = 0, frame = 0
  33              		@ frame_needed = 0, uses_anonymous_args = 0
  34              		.loc 1 73 1 is_stmt 0 view .LVU1
  35 0000 10B5     		push	{r4, lr}
  36              	.LCFI0:
  37              		.cfi_def_cfa_offset 8
  38              		.cfi_offset 4, -8
  39              		.cfi_offset 14, -4
  74:./Middlewares/ST/usbx/common/core/src/ux_host_stack_interface_instance_create.c **** 
  75:./Middlewares/ST/usbx/common/core/src/ux_host_stack_interface_instance_create.c **** UX_ENDPOINT     *endpoint;
  40              		.loc 1 75 1 is_stmt 1 view .LVU2
ARM GAS  C:\Users\Dennis\AppData\Local\Temp\ccwGEPjV.s 			page 3


  76:./Middlewares/ST/usbx/common/core/src/ux_host_stack_interface_instance_create.c **** UINT            status;
  41              		.loc 1 76 1 view .LVU3
  77:./Middlewares/ST/usbx/common/core/src/ux_host_stack_interface_instance_create.c **** 
  78:./Middlewares/ST/usbx/common/core/src/ux_host_stack_interface_instance_create.c ****     /* If trace is enabled, insert this event into the trace buffer.  */
  79:./Middlewares/ST/usbx/common/core/src/ux_host_stack_interface_instance_create.c ****     UX_TRACE_IN_LINE_INSERT(UX_TRACE_HOST_STACK_INTERFACE_INSTANCE_CREATE, interface, 0, 0, 0, UX_T
  80:./Middlewares/ST/usbx/common/core/src/ux_host_stack_interface_instance_create.c **** 
  81:./Middlewares/ST/usbx/common/core/src/ux_host_stack_interface_instance_create.c ****     /* Obtain the first endpoint for this alternate setting.  */
  82:./Middlewares/ST/usbx/common/core/src/ux_host_stack_interface_instance_create.c ****     endpoint =  interface -> ux_interface_first_endpoint;
  42              		.loc 1 82 5 view .LVU4
  43              		.loc 1 82 14 is_stmt 0 view .LVU5
  44 0002 846B     		ldr	r4, [r0, #56]
  45              	.LVL1:
  83:./Middlewares/ST/usbx/common/core/src/ux_host_stack_interface_instance_create.c **** 
  84:./Middlewares/ST/usbx/common/core/src/ux_host_stack_interface_instance_create.c ****     /* Loop to create each endpoint.  */
  85:./Middlewares/ST/usbx/common/core/src/ux_host_stack_interface_instance_create.c ****     while (endpoint != UX_NULL)
  46              		.loc 1 85 5 is_stmt 1 view .LVU6
  47              		.loc 1 85 11 is_stmt 0 view .LVU7
  48 0004 00E0     		b	.L2
  49              	.LVL2:
  50              	.L7:
  86:./Middlewares/ST/usbx/common/core/src/ux_host_stack_interface_instance_create.c ****     {
  87:./Middlewares/ST/usbx/common/core/src/ux_host_stack_interface_instance_create.c **** 
  88:./Middlewares/ST/usbx/common/core/src/ux_host_stack_interface_instance_create.c ****         /* Create an endpoint for the instance.  */
  89:./Middlewares/ST/usbx/common/core/src/ux_host_stack_interface_instance_create.c ****         status = _ux_host_stack_endpoint_instance_create(endpoint);
  90:./Middlewares/ST/usbx/common/core/src/ux_host_stack_interface_instance_create.c ****         
  91:./Middlewares/ST/usbx/common/core/src/ux_host_stack_interface_instance_create.c ****         /* Check status, the controller may have refused the endpoint creation.  */
  92:./Middlewares/ST/usbx/common/core/src/ux_host_stack_interface_instance_create.c ****         if (status != UX_SUCCESS)
  93:./Middlewares/ST/usbx/common/core/src/ux_host_stack_interface_instance_create.c ****         
  94:./Middlewares/ST/usbx/common/core/src/ux_host_stack_interface_instance_create.c ****             /* An error occurred at the controller level.  */
  95:./Middlewares/ST/usbx/common/core/src/ux_host_stack_interface_instance_create.c ****             return(status);
  96:./Middlewares/ST/usbx/common/core/src/ux_host_stack_interface_instance_create.c ****         
  97:./Middlewares/ST/usbx/common/core/src/ux_host_stack_interface_instance_create.c ****         /* Move to next endpoint.  */
  98:./Middlewares/ST/usbx/common/core/src/ux_host_stack_interface_instance_create.c ****         endpoint =  endpoint -> ux_endpoint_next_endpoint;
  51              		.loc 1 98 9 is_stmt 1 view .LVU8
  52              		.loc 1 98 18 is_stmt 0 view .LVU9
  53 0006 646A     		ldr	r4, [r4, #36]
  54              	.LVL3:
  55              	.L2:
  85:./Middlewares/ST/usbx/common/core/src/ux_host_stack_interface_instance_create.c ****     {
  56              		.loc 1 85 11 is_stmt 1 view .LVU10
  57 0008 34B1     		cbz	r4, .L6
  89:./Middlewares/ST/usbx/common/core/src/ux_host_stack_interface_instance_create.c ****         
  58              		.loc 1 89 9 view .LVU11
  89:./Middlewares/ST/usbx/common/core/src/ux_host_stack_interface_instance_create.c ****         
  59              		.loc 1 89 18 is_stmt 0 view .LVU12
  60 000a 2046     		mov	r0, r4
  61 000c FFF7FEFF 		bl	_ux_host_stack_endpoint_instance_create
  62              	.LVL4:
  92:./Middlewares/ST/usbx/common/core/src/ux_host_stack_interface_instance_create.c ****         
  63              		.loc 1 92 9 is_stmt 1 view .LVU13
  92:./Middlewares/ST/usbx/common/core/src/ux_host_stack_interface_instance_create.c ****         
  64              		.loc 1 92 12 is_stmt 0 view .LVU14
  65 0010 0346     		mov	r3, r0
  66 0012 0028     		cmp	r0, #0
  67 0014 F7D0     		beq	.L7
  68 0016 00E0     		b	.L1
  69              	.LVL5:
ARM GAS  C:\Users\Dennis\AppData\Local\Temp\ccwGEPjV.s 			page 4


  70              	.L6:
  99:./Middlewares/ST/usbx/common/core/src/ux_host_stack_interface_instance_create.c ****     }
 100:./Middlewares/ST/usbx/common/core/src/ux_host_stack_interface_instance_create.c **** 
 101:./Middlewares/ST/usbx/common/core/src/ux_host_stack_interface_instance_create.c ****     /* If trace is enabled, register this object.  */
 102:./Middlewares/ST/usbx/common/core/src/ux_host_stack_interface_instance_create.c ****     UX_TRACE_OBJECT_REGISTER(UX_TRACE_HOST_OBJECT_TYPE_INTERFACE, interface, 0, 0, 0);
 103:./Middlewares/ST/usbx/common/core/src/ux_host_stack_interface_instance_create.c **** 
 104:./Middlewares/ST/usbx/common/core/src/ux_host_stack_interface_instance_create.c ****     /* Return completion status.  */
 105:./Middlewares/ST/usbx/common/core/src/ux_host_stack_interface_instance_create.c ****     return(UX_SUCCESS); 
  71              		.loc 1 105 11 view .LVU15
  72 0018 0023     		movs	r3, #0
  73              	.L1:
 106:./Middlewares/ST/usbx/common/core/src/ux_host_stack_interface_instance_create.c **** }
  74              		.loc 1 106 1 view .LVU16
  75 001a 1846     		mov	r0, r3
  76 001c 10BD     		pop	{r4, pc}
  77              		.loc 1 106 1 view .LVU17
  78              		.cfi_endproc
  79              	.LFE11:
  81              		.text
  82              	.Letext0:
  83              		.file 2 "./Middlewares/ST/threadx/ports/cortex_m4/gnu/inc/tx_port.h"
  84              		.file 3 "./Middlewares/ST/threadx/common/inc/tx_api.h"
  85              		.file 4 "./Middlewares/ST/usbx/common/core/inc/ux_api.h"
  86              		.file 5 "./Middlewares/ST/usbx/common/core/inc/ux_host_stack.h"
ARM GAS  C:\Users\Dennis\AppData\Local\Temp\ccwGEPjV.s 			page 5


DEFINED SYMBOLS
                            *ABS*:00000000 ux_host_stack_interface_instance_create.c
C:\Users\Dennis\AppData\Local\Temp\ccwGEPjV.s:20     .text._ux_host_stack_interface_instance_create:00000000 $t
C:\Users\Dennis\AppData\Local\Temp\ccwGEPjV.s:26     .text._ux_host_stack_interface_instance_create:00000000 _ux_host_stack_interface_instance_create

UNDEFINED SYMBOLS
_ux_host_stack_endpoint_instance_create
