ARM GAS  C:\Users\Dennis\AppData\Local\Temp\cclr1Gqz.s 			page 1


   1              		.cpu cortex-m4
   2              		.arch armv7e-m
   3              		.fpu fpv4-sp-d16
   4              		.eabi_attribute 27, 1
   5              		.eabi_attribute 28, 1
   6              		.eabi_attribute 20, 1
   7              		.eabi_attribute 21, 1
   8              		.eabi_attribute 23, 3
   9              		.eabi_attribute 24, 1
  10              		.eabi_attribute 25, 1
  11              		.eabi_attribute 26, 1
  12              		.eabi_attribute 30, 1
  13              		.eabi_attribute 34, 1
  14              		.eabi_attribute 18, 4
  15              		.file	"ux_host_stack_rh_device_extraction.c"
  16              		.text
  17              	.Ltext0:
  18              		.cfi_sections	.debug_frame
  19              		.section	.text._ux_host_stack_rh_device_extraction,"ax",%progbits
  20              		.align	1
  21              		.global	_ux_host_stack_rh_device_extraction
  22              		.syntax unified
  23              		.thumb
  24              		.thumb_func
  26              	_ux_host_stack_rh_device_extraction:
  27              	.LVL0:
  28              	.LFB11:
  29              		.file 1 "./Middlewares/ST/usbx/common/core/src/ux_host_stack_rh_device_extraction.c"
   1:./Middlewares/ST/usbx/common/core/src/ux_host_stack_rh_device_extraction.c **** /**************************************************************************/
   2:./Middlewares/ST/usbx/common/core/src/ux_host_stack_rh_device_extraction.c **** /*                                                                        */
   3:./Middlewares/ST/usbx/common/core/src/ux_host_stack_rh_device_extraction.c **** /*       Copyright (c) Microsoft Corporation. All rights reserved.        */
   4:./Middlewares/ST/usbx/common/core/src/ux_host_stack_rh_device_extraction.c **** /*                                                                        */
   5:./Middlewares/ST/usbx/common/core/src/ux_host_stack_rh_device_extraction.c **** /*       This software is licensed under the Microsoft Software License   */
   6:./Middlewares/ST/usbx/common/core/src/ux_host_stack_rh_device_extraction.c **** /*       Terms for Microsoft Azure RTOS. Full text of the license can be  */
   7:./Middlewares/ST/usbx/common/core/src/ux_host_stack_rh_device_extraction.c **** /*       found in the LICENSE file at https://aka.ms/AzureRTOS_EULA       */
   8:./Middlewares/ST/usbx/common/core/src/ux_host_stack_rh_device_extraction.c **** /*       and in the root directory of this software.                      */
   9:./Middlewares/ST/usbx/common/core/src/ux_host_stack_rh_device_extraction.c **** /*                                                                        */
  10:./Middlewares/ST/usbx/common/core/src/ux_host_stack_rh_device_extraction.c **** /**************************************************************************/
  11:./Middlewares/ST/usbx/common/core/src/ux_host_stack_rh_device_extraction.c **** 
  12:./Middlewares/ST/usbx/common/core/src/ux_host_stack_rh_device_extraction.c **** 
  13:./Middlewares/ST/usbx/common/core/src/ux_host_stack_rh_device_extraction.c **** /**************************************************************************/
  14:./Middlewares/ST/usbx/common/core/src/ux_host_stack_rh_device_extraction.c **** /**************************************************************************/
  15:./Middlewares/ST/usbx/common/core/src/ux_host_stack_rh_device_extraction.c **** /**                                                                       */ 
  16:./Middlewares/ST/usbx/common/core/src/ux_host_stack_rh_device_extraction.c **** /** USBX Component                                                        */ 
  17:./Middlewares/ST/usbx/common/core/src/ux_host_stack_rh_device_extraction.c **** /**                                                                       */
  18:./Middlewares/ST/usbx/common/core/src/ux_host_stack_rh_device_extraction.c **** /**   Host Stack                                                          */
  19:./Middlewares/ST/usbx/common/core/src/ux_host_stack_rh_device_extraction.c **** /**                                                                       */
  20:./Middlewares/ST/usbx/common/core/src/ux_host_stack_rh_device_extraction.c **** /**************************************************************************/
  21:./Middlewares/ST/usbx/common/core/src/ux_host_stack_rh_device_extraction.c **** /**************************************************************************/
  22:./Middlewares/ST/usbx/common/core/src/ux_host_stack_rh_device_extraction.c **** 
  23:./Middlewares/ST/usbx/common/core/src/ux_host_stack_rh_device_extraction.c **** 
  24:./Middlewares/ST/usbx/common/core/src/ux_host_stack_rh_device_extraction.c **** /* Include necessary system files.  */
  25:./Middlewares/ST/usbx/common/core/src/ux_host_stack_rh_device_extraction.c **** 
  26:./Middlewares/ST/usbx/common/core/src/ux_host_stack_rh_device_extraction.c **** #define UX_SOURCE_CODE
  27:./Middlewares/ST/usbx/common/core/src/ux_host_stack_rh_device_extraction.c **** 
  28:./Middlewares/ST/usbx/common/core/src/ux_host_stack_rh_device_extraction.c **** #include "ux_api.h"
  29:./Middlewares/ST/usbx/common/core/src/ux_host_stack_rh_device_extraction.c **** #include "ux_host_stack.h"
ARM GAS  C:\Users\Dennis\AppData\Local\Temp\cclr1Gqz.s 			page 2


  30:./Middlewares/ST/usbx/common/core/src/ux_host_stack_rh_device_extraction.c **** 
  31:./Middlewares/ST/usbx/common/core/src/ux_host_stack_rh_device_extraction.c **** 
  32:./Middlewares/ST/usbx/common/core/src/ux_host_stack_rh_device_extraction.c **** /**************************************************************************/ 
  33:./Middlewares/ST/usbx/common/core/src/ux_host_stack_rh_device_extraction.c **** /*                                                                        */ 
  34:./Middlewares/ST/usbx/common/core/src/ux_host_stack_rh_device_extraction.c **** /*  FUNCTION                                               RELEASE        */ 
  35:./Middlewares/ST/usbx/common/core/src/ux_host_stack_rh_device_extraction.c **** /*                                                                        */ 
  36:./Middlewares/ST/usbx/common/core/src/ux_host_stack_rh_device_extraction.c **** /*    _ux_host_stack_rh_device_extraction                 PORTABLE C      */ 
  37:./Middlewares/ST/usbx/common/core/src/ux_host_stack_rh_device_extraction.c **** /*                                                           6.1          */
  38:./Middlewares/ST/usbx/common/core/src/ux_host_stack_rh_device_extraction.c **** /*  AUTHOR                                                                */
  39:./Middlewares/ST/usbx/common/core/src/ux_host_stack_rh_device_extraction.c **** /*                                                                        */
  40:./Middlewares/ST/usbx/common/core/src/ux_host_stack_rh_device_extraction.c **** /*    Chaoqiong Xiao, Microsoft Corporation                               */
  41:./Middlewares/ST/usbx/common/core/src/ux_host_stack_rh_device_extraction.c **** /*                                                                        */
  42:./Middlewares/ST/usbx/common/core/src/ux_host_stack_rh_device_extraction.c **** /*  DESCRIPTION                                                           */
  43:./Middlewares/ST/usbx/common/core/src/ux_host_stack_rh_device_extraction.c **** /*                                                                        */ 
  44:./Middlewares/ST/usbx/common/core/src/ux_host_stack_rh_device_extraction.c **** /*    This function handles a device extraction on a downstream port      */ 
  45:./Middlewares/ST/usbx/common/core/src/ux_host_stack_rh_device_extraction.c **** /*    of the root hub pointed by HCD.                                     */ 
  46:./Middlewares/ST/usbx/common/core/src/ux_host_stack_rh_device_extraction.c **** /*                                                                        */ 
  47:./Middlewares/ST/usbx/common/core/src/ux_host_stack_rh_device_extraction.c **** /*  INPUT                                                                 */ 
  48:./Middlewares/ST/usbx/common/core/src/ux_host_stack_rh_device_extraction.c **** /*                                                                        */ 
  49:./Middlewares/ST/usbx/common/core/src/ux_host_stack_rh_device_extraction.c **** /*    HCD                                   Pointer to HCD structure      */ 
  50:./Middlewares/ST/usbx/common/core/src/ux_host_stack_rh_device_extraction.c **** /*    port_index                            Port index of insertion       */ 
  51:./Middlewares/ST/usbx/common/core/src/ux_host_stack_rh_device_extraction.c **** /*                                                                        */ 
  52:./Middlewares/ST/usbx/common/core/src/ux_host_stack_rh_device_extraction.c **** /*  OUTPUT                                                                */ 
  53:./Middlewares/ST/usbx/common/core/src/ux_host_stack_rh_device_extraction.c **** /*                                                                        */ 
  54:./Middlewares/ST/usbx/common/core/src/ux_host_stack_rh_device_extraction.c **** /*    Completion Status                                                   */ 
  55:./Middlewares/ST/usbx/common/core/src/ux_host_stack_rh_device_extraction.c **** /*                                                                        */ 
  56:./Middlewares/ST/usbx/common/core/src/ux_host_stack_rh_device_extraction.c **** /*  CALLS                                                                 */ 
  57:./Middlewares/ST/usbx/common/core/src/ux_host_stack_rh_device_extraction.c **** /*                                                                        */ 
  58:./Middlewares/ST/usbx/common/core/src/ux_host_stack_rh_device_extraction.c **** /*    _ux_host_stack_device_remove          Remove device                 */ 
  59:./Middlewares/ST/usbx/common/core/src/ux_host_stack_rh_device_extraction.c **** /*                                                                        */ 
  60:./Middlewares/ST/usbx/common/core/src/ux_host_stack_rh_device_extraction.c **** /*  CALLED BY                                                             */ 
  61:./Middlewares/ST/usbx/common/core/src/ux_host_stack_rh_device_extraction.c **** /*                                                                        */ 
  62:./Middlewares/ST/usbx/common/core/src/ux_host_stack_rh_device_extraction.c **** /*    USBX Components                                                     */ 
  63:./Middlewares/ST/usbx/common/core/src/ux_host_stack_rh_device_extraction.c **** /*                                                                        */ 
  64:./Middlewares/ST/usbx/common/core/src/ux_host_stack_rh_device_extraction.c **** /*  RELEASE HISTORY                                                       */ 
  65:./Middlewares/ST/usbx/common/core/src/ux_host_stack_rh_device_extraction.c **** /*                                                                        */ 
  66:./Middlewares/ST/usbx/common/core/src/ux_host_stack_rh_device_extraction.c **** /*    DATE              NAME                      DESCRIPTION             */ 
  67:./Middlewares/ST/usbx/common/core/src/ux_host_stack_rh_device_extraction.c **** /*                                                                        */ 
  68:./Middlewares/ST/usbx/common/core/src/ux_host_stack_rh_device_extraction.c **** /*  05-19-2020     Chaoqiong Xiao           Initial Version 6.0           */
  69:./Middlewares/ST/usbx/common/core/src/ux_host_stack_rh_device_extraction.c **** /*  09-30-2020     Chaoqiong Xiao           Modified comment(s),          */
  70:./Middlewares/ST/usbx/common/core/src/ux_host_stack_rh_device_extraction.c **** /*                                            resulting in version 6.1    */
  71:./Middlewares/ST/usbx/common/core/src/ux_host_stack_rh_device_extraction.c **** /*                                                                        */
  72:./Middlewares/ST/usbx/common/core/src/ux_host_stack_rh_device_extraction.c **** /**************************************************************************/
  73:./Middlewares/ST/usbx/common/core/src/ux_host_stack_rh_device_extraction.c **** UINT  _ux_host_stack_rh_device_extraction(UX_HCD *hcd, UINT port_index)
  74:./Middlewares/ST/usbx/common/core/src/ux_host_stack_rh_device_extraction.c **** {
  30              		.loc 1 74 1 view -0
  31              		.cfi_startproc
  32              		@ args = 0, pretend = 0, frame = 0
  33              		@ frame_needed = 0, uses_anonymous_args = 0
  34              		.loc 1 74 1 is_stmt 0 view .LVU1
  35 0000 38B5     		push	{r3, r4, r5, lr}
  36              	.LCFI0:
  37              		.cfi_def_cfa_offset 16
  38              		.cfi_offset 3, -16
  39              		.cfi_offset 4, -12
  40              		.cfi_offset 5, -8
  41              		.cfi_offset 14, -4
ARM GAS  C:\Users\Dennis\AppData\Local\Temp\cclr1Gqz.s 			page 3


  42 0002 0446     		mov	r4, r0
  43 0004 0D46     		mov	r5, r1
  75:./Middlewares/ST/usbx/common/core/src/ux_host_stack_rh_device_extraction.c **** 
  76:./Middlewares/ST/usbx/common/core/src/ux_host_stack_rh_device_extraction.c ****     /* If trace is enabled, insert this event into the trace buffer.  */
  77:./Middlewares/ST/usbx/common/core/src/ux_host_stack_rh_device_extraction.c ****     UX_TRACE_IN_LINE_INSERT(UX_TRACE_HOST_STACK_RH_DEVICE_EXTRACTION, hcd, port_index, 0, 0, UX_TRA
  78:./Middlewares/ST/usbx/common/core/src/ux_host_stack_rh_device_extraction.c **** 
  79:./Middlewares/ST/usbx/common/core/src/ux_host_stack_rh_device_extraction.c ****     /* Ask the stack to remove the device, pass the value 0 as the parent root hub.  */
  80:./Middlewares/ST/usbx/common/core/src/ux_host_stack_rh_device_extraction.c ****     _ux_host_stack_device_remove(hcd, 0, port_index);
  44              		.loc 1 80 5 is_stmt 1 view .LVU2
  45 0006 0A46     		mov	r2, r1
  46 0008 0021     		movs	r1, #0
  47              	.LVL1:
  48              		.loc 1 80 5 is_stmt 0 view .LVU3
  49 000a FFF7FEFF 		bl	_ux_host_stack_device_remove
  50              	.LVL2:
  81:./Middlewares/ST/usbx/common/core/src/ux_host_stack_rh_device_extraction.c **** 
  82:./Middlewares/ST/usbx/common/core/src/ux_host_stack_rh_device_extraction.c ****     /* The device has been removed, so the port is free again.  */
  83:./Middlewares/ST/usbx/common/core/src/ux_host_stack_rh_device_extraction.c ****     hcd -> ux_hcd_rh_device_connection &= (ULONG)~(1 << port_index);
  51              		.loc 1 83 5 is_stmt 1 view .LVU4
  52              		.loc 1 83 54 is_stmt 0 view .LVU5
  53 000e 0123     		movs	r3, #1
  54 0010 03FA05F5 		lsl	r5, r3, r5
  55              	.LVL3:
  56              		.loc 1 83 40 view .LVU6
  57 0014 A36E     		ldr	r3, [r4, #104]
  58 0016 23EA0503 		bic	r3, r3, r5
  59 001a A366     		str	r3, [r4, #104]
  84:./Middlewares/ST/usbx/common/core/src/ux_host_stack_rh_device_extraction.c **** 
  85:./Middlewares/ST/usbx/common/core/src/ux_host_stack_rh_device_extraction.c ****     /* That command should never fail!  */
  86:./Middlewares/ST/usbx/common/core/src/ux_host_stack_rh_device_extraction.c ****     return(UX_SUCCESS);
  60              		.loc 1 86 5 is_stmt 1 view .LVU7
  87:./Middlewares/ST/usbx/common/core/src/ux_host_stack_rh_device_extraction.c **** }
  61              		.loc 1 87 1 is_stmt 0 view .LVU8
  62 001c 0020     		movs	r0, #0
  63 001e 38BD     		pop	{r3, r4, r5, pc}
  64              		.loc 1 87 1 view .LVU9
  65              		.cfi_endproc
  66              	.LFE11:
  68              		.text
  69              	.Letext0:
  70              		.file 2 "./Middlewares/ST/threadx/ports/cortex_m4/gnu/inc/tx_port.h"
  71              		.file 3 "./Middlewares/ST/usbx/common/core/inc/ux_api.h"
  72              		.file 4 "./Middlewares/ST/usbx/common/core/inc/ux_host_stack.h"
ARM GAS  C:\Users\Dennis\AppData\Local\Temp\cclr1Gqz.s 			page 4


DEFINED SYMBOLS
                            *ABS*:00000000 ux_host_stack_rh_device_extraction.c
C:\Users\Dennis\AppData\Local\Temp\cclr1Gqz.s:20     .text._ux_host_stack_rh_device_extraction:00000000 $t
C:\Users\Dennis\AppData\Local\Temp\cclr1Gqz.s:26     .text._ux_host_stack_rh_device_extraction:00000000 _ux_host_stack_rh_device_extraction

UNDEFINED SYMBOLS
_ux_host_stack_device_remove
