ARM GAS  C:\Users\Dennis\AppData\Local\Temp\ccCQHW7S.s 			page 1


   1              		.cpu cortex-m4
   2              		.arch armv7e-m
   3              		.fpu fpv4-sp-d16
   4              		.eabi_attribute 27, 1
   5              		.eabi_attribute 28, 1
   6              		.eabi_attribute 20, 1
   7              		.eabi_attribute 21, 1
   8              		.eabi_attribute 23, 3
   9              		.eabi_attribute 24, 1
  10              		.eabi_attribute 25, 1
  11              		.eabi_attribute 26, 1
  12              		.eabi_attribute 30, 1
  13              		.eabi_attribute 34, 1
  14              		.eabi_attribute 18, 4
  15              		.file	"ux_host_stack_device_configuration_activate.c"
  16              		.text
  17              	.Ltext0:
  18              		.cfi_sections	.debug_frame
  19              		.section	.text._ux_host_stack_device_configuration_activate,"ax",%progbits
  20              		.align	1
  21              		.global	_ux_host_stack_device_configuration_activate
  22              		.syntax unified
  23              		.thumb
  24              		.thumb_func
  26              	_ux_host_stack_device_configuration_activate:
  27              	.LVL0:
  28              	.LFB11:
  29              		.file 1 "./Middlewares/ST/usbx/common/core/src/ux_host_stack_device_configuration_activate.c"
   1:./Middlewares/ST/usbx/common/core/src/ux_host_stack_device_configuration_activate.c **** /**************************************************************************/
   2:./Middlewares/ST/usbx/common/core/src/ux_host_stack_device_configuration_activate.c **** /*                                                                        */
   3:./Middlewares/ST/usbx/common/core/src/ux_host_stack_device_configuration_activate.c **** /*       Copyright (c) Microsoft Corporation. All rights reserved.        */
   4:./Middlewares/ST/usbx/common/core/src/ux_host_stack_device_configuration_activate.c **** /*                                                                        */
   5:./Middlewares/ST/usbx/common/core/src/ux_host_stack_device_configuration_activate.c **** /*       This software is licensed under the Microsoft Software License   */
   6:./Middlewares/ST/usbx/common/core/src/ux_host_stack_device_configuration_activate.c **** /*       Terms for Microsoft Azure RTOS. Full text of the license can be  */
   7:./Middlewares/ST/usbx/common/core/src/ux_host_stack_device_configuration_activate.c **** /*       found in the LICENSE file at https://aka.ms/AzureRTOS_EULA       */
   8:./Middlewares/ST/usbx/common/core/src/ux_host_stack_device_configuration_activate.c **** /*       and in the root directory of this software.                      */
   9:./Middlewares/ST/usbx/common/core/src/ux_host_stack_device_configuration_activate.c **** /*                                                                        */
  10:./Middlewares/ST/usbx/common/core/src/ux_host_stack_device_configuration_activate.c **** /**************************************************************************/
  11:./Middlewares/ST/usbx/common/core/src/ux_host_stack_device_configuration_activate.c **** 
  12:./Middlewares/ST/usbx/common/core/src/ux_host_stack_device_configuration_activate.c **** 
  13:./Middlewares/ST/usbx/common/core/src/ux_host_stack_device_configuration_activate.c **** /**************************************************************************/
  14:./Middlewares/ST/usbx/common/core/src/ux_host_stack_device_configuration_activate.c **** /**************************************************************************/
  15:./Middlewares/ST/usbx/common/core/src/ux_host_stack_device_configuration_activate.c **** /**                                                                       */
  16:./Middlewares/ST/usbx/common/core/src/ux_host_stack_device_configuration_activate.c **** /** USBX Component                                                        */
  17:./Middlewares/ST/usbx/common/core/src/ux_host_stack_device_configuration_activate.c **** /**                                                                       */
  18:./Middlewares/ST/usbx/common/core/src/ux_host_stack_device_configuration_activate.c **** /**   Host Stack                                                          */
  19:./Middlewares/ST/usbx/common/core/src/ux_host_stack_device_configuration_activate.c **** /**                                                                       */
  20:./Middlewares/ST/usbx/common/core/src/ux_host_stack_device_configuration_activate.c **** /**************************************************************************/
  21:./Middlewares/ST/usbx/common/core/src/ux_host_stack_device_configuration_activate.c **** /**************************************************************************/
  22:./Middlewares/ST/usbx/common/core/src/ux_host_stack_device_configuration_activate.c **** 
  23:./Middlewares/ST/usbx/common/core/src/ux_host_stack_device_configuration_activate.c **** 
  24:./Middlewares/ST/usbx/common/core/src/ux_host_stack_device_configuration_activate.c **** /* Include necessary system files.  */
  25:./Middlewares/ST/usbx/common/core/src/ux_host_stack_device_configuration_activate.c **** 
  26:./Middlewares/ST/usbx/common/core/src/ux_host_stack_device_configuration_activate.c **** #define UX_SOURCE_CODE
  27:./Middlewares/ST/usbx/common/core/src/ux_host_stack_device_configuration_activate.c **** 
  28:./Middlewares/ST/usbx/common/core/src/ux_host_stack_device_configuration_activate.c **** #include "ux_api.h"
  29:./Middlewares/ST/usbx/common/core/src/ux_host_stack_device_configuration_activate.c **** #include "ux_host_stack.h"
ARM GAS  C:\Users\Dennis\AppData\Local\Temp\ccCQHW7S.s 			page 2


  30:./Middlewares/ST/usbx/common/core/src/ux_host_stack_device_configuration_activate.c **** 
  31:./Middlewares/ST/usbx/common/core/src/ux_host_stack_device_configuration_activate.c **** 
  32:./Middlewares/ST/usbx/common/core/src/ux_host_stack_device_configuration_activate.c **** /**************************************************************************/
  33:./Middlewares/ST/usbx/common/core/src/ux_host_stack_device_configuration_activate.c **** /*                                                                        */
  34:./Middlewares/ST/usbx/common/core/src/ux_host_stack_device_configuration_activate.c **** /*  FUNCTION                                               RELEASE        */
  35:./Middlewares/ST/usbx/common/core/src/ux_host_stack_device_configuration_activate.c **** /*                                                                        */
  36:./Middlewares/ST/usbx/common/core/src/ux_host_stack_device_configuration_activate.c **** /*    _ux_host_stack_device_configuration_activate        PORTABLE C      */
  37:./Middlewares/ST/usbx/common/core/src/ux_host_stack_device_configuration_activate.c **** /*                                                           6.1.10       */
  38:./Middlewares/ST/usbx/common/core/src/ux_host_stack_device_configuration_activate.c **** /*  AUTHOR                                                                */
  39:./Middlewares/ST/usbx/common/core/src/ux_host_stack_device_configuration_activate.c **** /*                                                                        */
  40:./Middlewares/ST/usbx/common/core/src/ux_host_stack_device_configuration_activate.c **** /*    Chaoqiong Xiao, Microsoft Corporation                               */
  41:./Middlewares/ST/usbx/common/core/src/ux_host_stack_device_configuration_activate.c **** /*                                                                        */
  42:./Middlewares/ST/usbx/common/core/src/ux_host_stack_device_configuration_activate.c **** /*  DESCRIPTION                                                           */
  43:./Middlewares/ST/usbx/common/core/src/ux_host_stack_device_configuration_activate.c **** /*                                                                        */
  44:./Middlewares/ST/usbx/common/core/src/ux_host_stack_device_configuration_activate.c **** /*    This function selects a specific configuration for a device.        */
  45:./Middlewares/ST/usbx/common/core/src/ux_host_stack_device_configuration_activate.c **** /*    When this configuration is set to the device, by default all the    */
  46:./Middlewares/ST/usbx/common/core/src/ux_host_stack_device_configuration_activate.c **** /*    device interface and their associated alternate setting 0 is        */
  47:./Middlewares/ST/usbx/common/core/src/ux_host_stack_device_configuration_activate.c **** /*    activated on the device.                                            */
  48:./Middlewares/ST/usbx/common/core/src/ux_host_stack_device_configuration_activate.c **** /*                                                                        */
  49:./Middlewares/ST/usbx/common/core/src/ux_host_stack_device_configuration_activate.c **** /*  INPUT                                                                 */
  50:./Middlewares/ST/usbx/common/core/src/ux_host_stack_device_configuration_activate.c **** /*                                                                        */
  51:./Middlewares/ST/usbx/common/core/src/ux_host_stack_device_configuration_activate.c **** /*    configuration                          Pointer to configuration     */
  52:./Middlewares/ST/usbx/common/core/src/ux_host_stack_device_configuration_activate.c **** /*                                                                        */
  53:./Middlewares/ST/usbx/common/core/src/ux_host_stack_device_configuration_activate.c **** /*  OUTPUT                                                                */
  54:./Middlewares/ST/usbx/common/core/src/ux_host_stack_device_configuration_activate.c **** /*                                                                        */
  55:./Middlewares/ST/usbx/common/core/src/ux_host_stack_device_configuration_activate.c **** /*    Completion Status                                                   */
  56:./Middlewares/ST/usbx/common/core/src/ux_host_stack_device_configuration_activate.c **** /*                                                                        */
  57:./Middlewares/ST/usbx/common/core/src/ux_host_stack_device_configuration_activate.c **** /*  CALLS                                                                 */
  58:./Middlewares/ST/usbx/common/core/src/ux_host_stack_device_configuration_activate.c **** /*                                                                        */
  59:./Middlewares/ST/usbx/common/core/src/ux_host_stack_device_configuration_activate.c **** /*    _ux_utility_semaphore_get                    Get semaphore          */
  60:./Middlewares/ST/usbx/common/core/src/ux_host_stack_device_configuration_activate.c **** /*    _ux_utility_semaphore_put                    Put semaphore          */
  61:./Middlewares/ST/usbx/common/core/src/ux_host_stack_device_configuration_activate.c **** /*    _ux_host_stack_configuration_interface_scan  Scan and activate      */
  62:./Middlewares/ST/usbx/common/core/src/ux_host_stack_device_configuration_activate.c **** /*                                                 interfaces             */
  63:./Middlewares/ST/usbx/common/core/src/ux_host_stack_device_configuration_activate.c **** /*                                                                        */
  64:./Middlewares/ST/usbx/common/core/src/ux_host_stack_device_configuration_activate.c **** /*  CALLED BY                                                             */
  65:./Middlewares/ST/usbx/common/core/src/ux_host_stack_device_configuration_activate.c **** /*                                                                        */
  66:./Middlewares/ST/usbx/common/core/src/ux_host_stack_device_configuration_activate.c **** /*    Application                                                         */
  67:./Middlewares/ST/usbx/common/core/src/ux_host_stack_device_configuration_activate.c **** /*    USBX Components                                                     */
  68:./Middlewares/ST/usbx/common/core/src/ux_host_stack_device_configuration_activate.c **** /*                                                                        */
  69:./Middlewares/ST/usbx/common/core/src/ux_host_stack_device_configuration_activate.c **** /*  RELEASE HISTORY                                                       */
  70:./Middlewares/ST/usbx/common/core/src/ux_host_stack_device_configuration_activate.c **** /*                                                                        */
  71:./Middlewares/ST/usbx/common/core/src/ux_host_stack_device_configuration_activate.c **** /*    DATE              NAME                      DESCRIPTION             */
  72:./Middlewares/ST/usbx/common/core/src/ux_host_stack_device_configuration_activate.c **** /*                                                                        */
  73:./Middlewares/ST/usbx/common/core/src/ux_host_stack_device_configuration_activate.c **** /*  02-02-2021     Chaoqiong Xiao           Initial Version 6.1.4         */
  74:./Middlewares/ST/usbx/common/core/src/ux_host_stack_device_configuration_activate.c **** /*  06-02-2021     Chaoqiong Xiao           Modified comment(s),          */
  75:./Middlewares/ST/usbx/common/core/src/ux_host_stack_device_configuration_activate.c **** /*                                            fixed trace enabled error,  */
  76:./Middlewares/ST/usbx/common/core/src/ux_host_stack_device_configuration_activate.c **** /*                                            resulting in version 6.1.7  */
  77:./Middlewares/ST/usbx/common/core/src/ux_host_stack_device_configuration_activate.c **** /*  01-31-2022     Chaoqiong Xiao           Modified comment(s),          */
  78:./Middlewares/ST/usbx/common/core/src/ux_host_stack_device_configuration_activate.c **** /*                                            added standalone support,   */
  79:./Middlewares/ST/usbx/common/core/src/ux_host_stack_device_configuration_activate.c **** /*                                            resulting in version 6.1.10 */
  80:./Middlewares/ST/usbx/common/core/src/ux_host_stack_device_configuration_activate.c **** /*                                                                        */
  81:./Middlewares/ST/usbx/common/core/src/ux_host_stack_device_configuration_activate.c **** /**************************************************************************/
  82:./Middlewares/ST/usbx/common/core/src/ux_host_stack_device_configuration_activate.c **** UINT  _ux_host_stack_device_configuration_activate(UX_CONFIGURATION *configuration)
  83:./Middlewares/ST/usbx/common/core/src/ux_host_stack_device_configuration_activate.c **** {
  30              		.loc 1 83 1 view -0
  31              		.cfi_startproc
  32              		@ args = 0, pretend = 0, frame = 0
ARM GAS  C:\Users\Dennis\AppData\Local\Temp\ccCQHW7S.s 			page 3


  33              		@ frame_needed = 0, uses_anonymous_args = 0
  34              		.loc 1 83 1 is_stmt 0 view .LVU1
  35 0000 F8B5     		push	{r3, r4, r5, r6, r7, lr}
  36              	.LCFI0:
  37              		.cfi_def_cfa_offset 24
  38              		.cfi_offset 3, -24
  39              		.cfi_offset 4, -20
  40              		.cfi_offset 5, -16
  41              		.cfi_offset 6, -12
  42              		.cfi_offset 7, -8
  43              		.cfi_offset 14, -4
  84:./Middlewares/ST/usbx/common/core/src/ux_host_stack_device_configuration_activate.c **** #if defined(UX_HOST_STANDALONE)
  85:./Middlewares/ST/usbx/common/core/src/ux_host_stack_device_configuration_activate.c **** UX_INTERRUPT_SAVE_AREA
  86:./Middlewares/ST/usbx/common/core/src/ux_host_stack_device_configuration_activate.c **** #endif
  87:./Middlewares/ST/usbx/common/core/src/ux_host_stack_device_configuration_activate.c **** UX_DEVICE               *device;
  44              		.loc 1 87 1 is_stmt 1 view .LVU2
  88:./Middlewares/ST/usbx/common/core/src/ux_host_stack_device_configuration_activate.c **** UINT                    status;
  45              		.loc 1 88 1 view .LVU3
  89:./Middlewares/ST/usbx/common/core/src/ux_host_stack_device_configuration_activate.c **** 
  90:./Middlewares/ST/usbx/common/core/src/ux_host_stack_device_configuration_activate.c **** 
  91:./Middlewares/ST/usbx/common/core/src/ux_host_stack_device_configuration_activate.c ****     /* Check for validity of the configuration handle.  */
  92:./Middlewares/ST/usbx/common/core/src/ux_host_stack_device_configuration_activate.c ****     if (configuration -> ux_configuration_handle != (ULONG) (ALIGN_TYPE) configuration)
  46              		.loc 1 92 5 view .LVU4
  47              		.loc 1 92 23 is_stmt 0 view .LVU5
  48 0002 0368     		ldr	r3, [r0]
  49              		.loc 1 92 8 view .LVU6
  50 0004 8342     		cmp	r3, r0
  51 0006 13D1     		bne	.L9
  52 0008 0446     		mov	r4, r0
  93:./Middlewares/ST/usbx/common/core/src/ux_host_stack_device_configuration_activate.c ****     {
  94:./Middlewares/ST/usbx/common/core/src/ux_host_stack_device_configuration_activate.c **** 
  95:./Middlewares/ST/usbx/common/core/src/ux_host_stack_device_configuration_activate.c ****         /* Error trap. */
  96:./Middlewares/ST/usbx/common/core/src/ux_host_stack_device_configuration_activate.c ****         _ux_system_error_handler(UX_SYSTEM_LEVEL_THREAD, UX_SYSTEM_CONTEXT_ENUMERATOR, UX_CONFIGURA
  97:./Middlewares/ST/usbx/common/core/src/ux_host_stack_device_configuration_activate.c **** 
  98:./Middlewares/ST/usbx/common/core/src/ux_host_stack_device_configuration_activate.c ****         /* If trace is enabled, insert this event into the trace buffer.  */
  99:./Middlewares/ST/usbx/common/core/src/ux_host_stack_device_configuration_activate.c ****         UX_TRACE_IN_LINE_INSERT(UX_TRACE_ERROR, UX_CONFIGURATION_HANDLE_UNKNOWN, configuration, 0, 
 100:./Middlewares/ST/usbx/common/core/src/ux_host_stack_device_configuration_activate.c **** 
 101:./Middlewares/ST/usbx/common/core/src/ux_host_stack_device_configuration_activate.c ****         return(UX_CONFIGURATION_HANDLE_UNKNOWN);
 102:./Middlewares/ST/usbx/common/core/src/ux_host_stack_device_configuration_activate.c ****     }
 103:./Middlewares/ST/usbx/common/core/src/ux_host_stack_device_configuration_activate.c **** 
 104:./Middlewares/ST/usbx/common/core/src/ux_host_stack_device_configuration_activate.c ****     /* Get the device container for this configuration.  */
 105:./Middlewares/ST/usbx/common/core/src/ux_host_stack_device_configuration_activate.c ****     device =  configuration -> ux_configuration_device;
  53              		.loc 1 105 5 is_stmt 1 view .LVU7
  54              		.loc 1 105 12 is_stmt 0 view .LVU8
  55 000a 466B     		ldr	r6, [r0, #52]
  56              	.LVL1:
 106:./Middlewares/ST/usbx/common/core/src/ux_host_stack_device_configuration_activate.c **** 
 107:./Middlewares/ST/usbx/common/core/src/ux_host_stack_device_configuration_activate.c ****     /* If trace is enabled, insert this event into the trace buffer.  */
 108:./Middlewares/ST/usbx/common/core/src/ux_host_stack_device_configuration_activate.c ****     UX_TRACE_IN_LINE_INSERT(UX_TRACE_HOST_STACK_DEVICE_CONFIGURATION_ACTIVATE, device, configuratio
 109:./Middlewares/ST/usbx/common/core/src/ux_host_stack_device_configuration_activate.c **** 
 110:./Middlewares/ST/usbx/common/core/src/ux_host_stack_device_configuration_activate.c **** #if defined(UX_HOST_STANDALONE)
 111:./Middlewares/ST/usbx/common/core/src/ux_host_stack_device_configuration_activate.c **** 
 112:./Middlewares/ST/usbx/common/core/src/ux_host_stack_device_configuration_activate.c ****     /* Check device lock.  */
 113:./Middlewares/ST/usbx/common/core/src/ux_host_stack_device_configuration_activate.c ****     UX_DISABLE
 114:./Middlewares/ST/usbx/common/core/src/ux_host_stack_device_configuration_activate.c ****     if (device -> ux_device_flags & UX_DEVICE_FLAG_LOCK)
 115:./Middlewares/ST/usbx/common/core/src/ux_host_stack_device_configuration_activate.c ****     {
 116:./Middlewares/ST/usbx/common/core/src/ux_host_stack_device_configuration_activate.c ****         UX_RESTORE
ARM GAS  C:\Users\Dennis\AppData\Local\Temp\ccCQHW7S.s 			page 4


 117:./Middlewares/ST/usbx/common/core/src/ux_host_stack_device_configuration_activate.c ****         return(UX_BUSY);
 118:./Middlewares/ST/usbx/common/core/src/ux_host_stack_device_configuration_activate.c ****     }
 119:./Middlewares/ST/usbx/common/core/src/ux_host_stack_device_configuration_activate.c ****     device -> ux_device_flags |= UX_DEVICE_FLAG_LOCK;
 120:./Middlewares/ST/usbx/common/core/src/ux_host_stack_device_configuration_activate.c ****     UX_RESTORE
 121:./Middlewares/ST/usbx/common/core/src/ux_host_stack_device_configuration_activate.c **** #else
 122:./Middlewares/ST/usbx/common/core/src/ux_host_stack_device_configuration_activate.c **** 
 123:./Middlewares/ST/usbx/common/core/src/ux_host_stack_device_configuration_activate.c ****     /* Protect the control endpoint semaphore here.  It will be unprotected in the
 124:./Middlewares/ST/usbx/common/core/src/ux_host_stack_device_configuration_activate.c ****        transfer request function.  */
 125:./Middlewares/ST/usbx/common/core/src/ux_host_stack_device_configuration_activate.c ****     status =  _ux_host_semaphore_get(&device -> ux_device_protection_semaphore, UX_WAIT_FOREVER);
  57              		.loc 1 125 5 is_stmt 1 view .LVU9
  58              		.loc 1 125 15 is_stmt 0 view .LVU10
  59 000c 06F11C07 		add	r7, r6, #28
  60 0010 4FF0FF31 		mov	r1, #-1
  61 0014 3846     		mov	r0, r7
  62              	.LVL2:
  63              		.loc 1 125 15 view .LVU11
  64 0016 FFF7FEFF 		bl	_ux_utility_semaphore_get
  65              	.LVL3:
 126:./Middlewares/ST/usbx/common/core/src/ux_host_stack_device_configuration_activate.c **** 
 127:./Middlewares/ST/usbx/common/core/src/ux_host_stack_device_configuration_activate.c ****     /* Check for status.  */
 128:./Middlewares/ST/usbx/common/core/src/ux_host_stack_device_configuration_activate.c ****     if (status != UX_SUCCESS)
  66              		.loc 1 128 5 is_stmt 1 view .LVU12
  67              		.loc 1 128 8 is_stmt 0 view .LVU13
  68 001a 0546     		mov	r5, r0
  69 001c 78B9     		cbnz	r0, .L10
 129:./Middlewares/ST/usbx/common/core/src/ux_host_stack_device_configuration_activate.c ****     {
 130:./Middlewares/ST/usbx/common/core/src/ux_host_stack_device_configuration_activate.c **** 
 131:./Middlewares/ST/usbx/common/core/src/ux_host_stack_device_configuration_activate.c ****         /* Error trap. */
 132:./Middlewares/ST/usbx/common/core/src/ux_host_stack_device_configuration_activate.c ****         _ux_system_error_handler(UX_SYSTEM_LEVEL_THREAD, UX_SYSTEM_CONTEXT_ENUMERATOR, UX_SEMAPHORE
 133:./Middlewares/ST/usbx/common/core/src/ux_host_stack_device_configuration_activate.c **** 
 134:./Middlewares/ST/usbx/common/core/src/ux_host_stack_device_configuration_activate.c ****         /* If trace is enabled, insert this event into the trace buffer.  */
 135:./Middlewares/ST/usbx/common/core/src/ux_host_stack_device_configuration_activate.c ****         UX_TRACE_IN_LINE_INSERT(UX_TRACE_ERROR, UX_SEMAPHORE_ERROR, configuration, 0, 0, UX_TRACE_E
 136:./Middlewares/ST/usbx/common/core/src/ux_host_stack_device_configuration_activate.c **** 
 137:./Middlewares/ST/usbx/common/core/src/ux_host_stack_device_configuration_activate.c ****         return(UX_SEMAPHORE_ERROR);
 138:./Middlewares/ST/usbx/common/core/src/ux_host_stack_device_configuration_activate.c ****     }
 139:./Middlewares/ST/usbx/common/core/src/ux_host_stack_device_configuration_activate.c **** #endif
 140:./Middlewares/ST/usbx/common/core/src/ux_host_stack_device_configuration_activate.c **** 
 141:./Middlewares/ST/usbx/common/core/src/ux_host_stack_device_configuration_activate.c ****     /* Check for the state of the device . If the device is already configured,
 142:./Middlewares/ST/usbx/common/core/src/ux_host_stack_device_configuration_activate.c ****        we need to cancel the existing configuration before enabling this one.   */
 143:./Middlewares/ST/usbx/common/core/src/ux_host_stack_device_configuration_activate.c ****     if (device -> ux_device_state == UX_DEVICE_CONFIGURED)
  70              		.loc 1 143 5 is_stmt 1 view .LVU14
  71              		.loc 1 143 16 is_stmt 0 view .LVU15
  72 001e B368     		ldr	r3, [r6, #8]
  73              		.loc 1 143 8 view .LVU16
  74 0020 032B     		cmp	r3, #3
  75 0022 13D0     		beq	.L11
 144:./Middlewares/ST/usbx/common/core/src/ux_host_stack_device_configuration_activate.c ****     {
 145:./Middlewares/ST/usbx/common/core/src/ux_host_stack_device_configuration_activate.c **** 
 146:./Middlewares/ST/usbx/common/core/src/ux_host_stack_device_configuration_activate.c ****         /* If this configuration is already activated, we are good,
 147:./Middlewares/ST/usbx/common/core/src/ux_host_stack_device_configuration_activate.c ****            otherwise report error.  */
 148:./Middlewares/ST/usbx/common/core/src/ux_host_stack_device_configuration_activate.c ****         status = (device -> ux_device_current_configuration == configuration) ?
 149:./Middlewares/ST/usbx/common/core/src/ux_host_stack_device_configuration_activate.c ****                     UX_SUCCESS : UX_ALREADY_ACTIVATED;
 150:./Middlewares/ST/usbx/common/core/src/ux_host_stack_device_configuration_activate.c **** #if defined(UX_HOST_STANDALONE)
 151:./Middlewares/ST/usbx/common/core/src/ux_host_stack_device_configuration_activate.c ****         device -> ux_device_flags &= ~UX_DEVICE_FLAG_LOCK;
 152:./Middlewares/ST/usbx/common/core/src/ux_host_stack_device_configuration_activate.c **** #else
 153:./Middlewares/ST/usbx/common/core/src/ux_host_stack_device_configuration_activate.c ****         _ux_host_semaphore_put(&device -> ux_device_protection_semaphore);
 154:./Middlewares/ST/usbx/common/core/src/ux_host_stack_device_configuration_activate.c **** #endif
ARM GAS  C:\Users\Dennis\AppData\Local\Temp\ccCQHW7S.s 			page 5


 155:./Middlewares/ST/usbx/common/core/src/ux_host_stack_device_configuration_activate.c ****         return(status);
 156:./Middlewares/ST/usbx/common/core/src/ux_host_stack_device_configuration_activate.c ****     }
 157:./Middlewares/ST/usbx/common/core/src/ux_host_stack_device_configuration_activate.c **** 
 158:./Middlewares/ST/usbx/common/core/src/ux_host_stack_device_configuration_activate.c ****     /* Scan and activate the interfaces.  */
 159:./Middlewares/ST/usbx/common/core/src/ux_host_stack_device_configuration_activate.c ****     status =  _ux_host_stack_configuration_interface_scan(configuration);
  76              		.loc 1 159 5 is_stmt 1 view .LVU17
  77              		.loc 1 159 15 is_stmt 0 view .LVU18
  78 0024 2046     		mov	r0, r4
  79              	.LVL4:
  80              		.loc 1 159 15 view .LVU19
  81 0026 FFF7FEFF 		bl	_ux_host_stack_configuration_interface_scan
  82              	.LVL5:
  83 002a 0546     		mov	r5, r0
  84              	.LVL6:
 160:./Middlewares/ST/usbx/common/core/src/ux_host_stack_device_configuration_activate.c **** 
 161:./Middlewares/ST/usbx/common/core/src/ux_host_stack_device_configuration_activate.c **** #if defined(UX_HOST_STANDALONE)
 162:./Middlewares/ST/usbx/common/core/src/ux_host_stack_device_configuration_activate.c **** 
 163:./Middlewares/ST/usbx/common/core/src/ux_host_stack_device_configuration_activate.c ****     if (status == UX_SUCCESS)
 164:./Middlewares/ST/usbx/common/core/src/ux_host_stack_device_configuration_activate.c ****     {
 165:./Middlewares/ST/usbx/common/core/src/ux_host_stack_device_configuration_activate.c **** 
 166:./Middlewares/ST/usbx/common/core/src/ux_host_stack_device_configuration_activate.c ****         /* Place device enum state: LOCK -> SET_CONFIGURE.  */
 167:./Middlewares/ST/usbx/common/core/src/ux_host_stack_device_configuration_activate.c ****         device -> ux_device_enum_trans =
 168:./Middlewares/ST/usbx/common/core/src/ux_host_stack_device_configuration_activate.c ****             &device -> ux_device_control_endpoint.ux_endpoint_transfer_request;
 169:./Middlewares/ST/usbx/common/core/src/ux_host_stack_device_configuration_activate.c ****         device -> ux_device_enum_state = UX_HOST_STACK_ENUM_TRANS_LOCK_WAIT;
 170:./Middlewares/ST/usbx/common/core/src/ux_host_stack_device_configuration_activate.c ****         device -> ux_device_enum_inst.configuration = configuration;
 171:./Middlewares/ST/usbx/common/core/src/ux_host_stack_device_configuration_activate.c ****         device -> ux_device_enum_next_state = UX_HOST_STACK_ENUM_CONFIG_SET;
 172:./Middlewares/ST/usbx/common/core/src/ux_host_stack_device_configuration_activate.c **** 
 173:./Middlewares/ST/usbx/common/core/src/ux_host_stack_device_configuration_activate.c ****         /* Set enumeration flag to process enumeration sequence.  */
 174:./Middlewares/ST/usbx/common/core/src/ux_host_stack_device_configuration_activate.c ****         device -> ux_device_flags |= UX_DEVICE_FLAG_ENUM;
 175:./Middlewares/ST/usbx/common/core/src/ux_host_stack_device_configuration_activate.c **** 
 176:./Middlewares/ST/usbx/common/core/src/ux_host_stack_device_configuration_activate.c ****         /* Wait until enumeration done and device removed.  */
 177:./Middlewares/ST/usbx/common/core/src/ux_host_stack_device_configuration_activate.c ****         while(device -> ux_device_enum_state != UX_STATE_IDLE)
 178:./Middlewares/ST/usbx/common/core/src/ux_host_stack_device_configuration_activate.c ****         {
 179:./Middlewares/ST/usbx/common/core/src/ux_host_stack_device_configuration_activate.c ****             _ux_system_host_tasks_run();
 180:./Middlewares/ST/usbx/common/core/src/ux_host_stack_device_configuration_activate.c ****         }
 181:./Middlewares/ST/usbx/common/core/src/ux_host_stack_device_configuration_activate.c ****     }
 182:./Middlewares/ST/usbx/common/core/src/ux_host_stack_device_configuration_activate.c **** #endif
 183:./Middlewares/ST/usbx/common/core/src/ux_host_stack_device_configuration_activate.c **** 
 184:./Middlewares/ST/usbx/common/core/src/ux_host_stack_device_configuration_activate.c ****     /* Return completion status.  */
 185:./Middlewares/ST/usbx/common/core/src/ux_host_stack_device_configuration_activate.c ****     return(status);
  85              		.loc 1 185 5 is_stmt 1 view .LVU20
  86              	.L1:
 186:./Middlewares/ST/usbx/common/core/src/ux_host_stack_device_configuration_activate.c **** }
  87              		.loc 1 186 1 is_stmt 0 view .LVU21
  88 002c 2846     		mov	r0, r5
  89 002e F8BD     		pop	{r3, r4, r5, r6, r7, pc}
  90              	.LVL7:
  91              	.L9:
  96:./Middlewares/ST/usbx/common/core/src/ux_host_stack_device_configuration_activate.c **** 
  92              		.loc 1 96 9 is_stmt 1 view .LVU22
  93 0030 5122     		movs	r2, #81
  94 0032 0421     		movs	r1, #4
  95 0034 0220     		movs	r0, #2
  96              	.LVL8:
  96:./Middlewares/ST/usbx/common/core/src/ux_host_stack_device_configuration_activate.c **** 
  97              		.loc 1 96 9 is_stmt 0 view .LVU23
  98 0036 FFF7FEFF 		bl	_ux_system_error_handler
ARM GAS  C:\Users\Dennis\AppData\Local\Temp\ccCQHW7S.s 			page 6


  99              	.LVL9:
 101:./Middlewares/ST/usbx/common/core/src/ux_host_stack_device_configuration_activate.c ****     }
 100              		.loc 1 101 9 is_stmt 1 view .LVU24
 101:./Middlewares/ST/usbx/common/core/src/ux_host_stack_device_configuration_activate.c ****     }
 101              		.loc 1 101 15 is_stmt 0 view .LVU25
 102 003a 5125     		movs	r5, #81
 103 003c F6E7     		b	.L1
 104              	.LVL10:
 105              	.L10:
 132:./Middlewares/ST/usbx/common/core/src/ux_host_stack_device_configuration_activate.c **** 
 106              		.loc 1 132 9 is_stmt 1 view .LVU26
 107 003e 1522     		movs	r2, #21
 108 0040 0421     		movs	r1, #4
 109 0042 0220     		movs	r0, #2
 110              	.LVL11:
 132:./Middlewares/ST/usbx/common/core/src/ux_host_stack_device_configuration_activate.c **** 
 111              		.loc 1 132 9 is_stmt 0 view .LVU27
 112 0044 FFF7FEFF 		bl	_ux_system_error_handler
 113              	.LVL12:
 137:./Middlewares/ST/usbx/common/core/src/ux_host_stack_device_configuration_activate.c ****     }
 114              		.loc 1 137 9 is_stmt 1 view .LVU28
 137:./Middlewares/ST/usbx/common/core/src/ux_host_stack_device_configuration_activate.c ****     }
 115              		.loc 1 137 15 is_stmt 0 view .LVU29
 116 0048 1525     		movs	r5, #21
 117              	.LVL13:
 137:./Middlewares/ST/usbx/common/core/src/ux_host_stack_device_configuration_activate.c ****     }
 118              		.loc 1 137 15 view .LVU30
 119 004a EFE7     		b	.L1
 120              	.LVL14:
 121              	.L11:
 148:./Middlewares/ST/usbx/common/core/src/ux_host_stack_device_configuration_activate.c ****                     UX_SUCCESS : UX_ALREADY_ACTIVATED;
 122              		.loc 1 148 9 is_stmt 1 view .LVU31
 148:./Middlewares/ST/usbx/common/core/src/ux_host_stack_device_configuration_activate.c ****                     UX_SUCCESS : UX_ALREADY_ACTIVATED;
 123              		.loc 1 148 26 is_stmt 0 view .LVU32
 124 004c B369     		ldr	r3, [r6, #24]
 149:./Middlewares/ST/usbx/common/core/src/ux_host_stack_device_configuration_activate.c **** #if defined(UX_HOST_STANDALONE)
 125              		.loc 1 149 32 view .LVU33
 126 004e A342     		cmp	r3, r4
 127 0050 00D0     		beq	.L6
 128 0052 1C25     		movs	r5, #28
 129              	.L6:
 130              	.LVL15:
 153:./Middlewares/ST/usbx/common/core/src/ux_host_stack_device_configuration_activate.c **** #endif
 131              		.loc 1 153 9 is_stmt 1 view .LVU34
 132 0054 3846     		mov	r0, r7
 133 0056 FFF7FEFF 		bl	_ux_utility_semaphore_put
 134              	.LVL16:
 155:./Middlewares/ST/usbx/common/core/src/ux_host_stack_device_configuration_activate.c ****     }
 135              		.loc 1 155 9 view .LVU35
 155:./Middlewares/ST/usbx/common/core/src/ux_host_stack_device_configuration_activate.c ****     }
 136              		.loc 1 155 15 is_stmt 0 view .LVU36
 137 005a E7E7     		b	.L1
 138              		.cfi_endproc
 139              	.LFE11:
 141              		.text
 142              	.Letext0:
 143              		.file 2 "./Middlewares/ST/threadx/ports/cortex_m4/gnu/inc/tx_port.h"
ARM GAS  C:\Users\Dennis\AppData\Local\Temp\ccCQHW7S.s 			page 7


 144              		.file 3 "./Middlewares/ST/threadx/common/inc/tx_api.h"
 145              		.file 4 "./Middlewares/ST/usbx/common/core/inc/ux_api.h"
 146              		.file 5 "./Middlewares/ST/usbx/common/core/inc/ux_utility.h"
 147              		.file 6 "./Middlewares/ST/usbx/common/core/inc/ux_host_stack.h"
ARM GAS  C:\Users\Dennis\AppData\Local\Temp\ccCQHW7S.s 			page 8


DEFINED SYMBOLS
                            *ABS*:00000000 ux_host_stack_device_configuration_activate.c
C:\Users\Dennis\AppData\Local\Temp\ccCQHW7S.s:20     .text._ux_host_stack_device_configuration_activate:00000000 $t
C:\Users\Dennis\AppData\Local\Temp\ccCQHW7S.s:26     .text._ux_host_stack_device_configuration_activate:00000000 _ux_host_stack_device_configuration_activate

UNDEFINED SYMBOLS
_ux_utility_semaphore_get
_ux_host_stack_configuration_interface_scan
_ux_system_error_handler
_ux_utility_semaphore_put
