ARM GAS  C:\Users\Dennis\AppData\Local\Temp\ccADZZpB.s 			page 1


   1              		.cpu cortex-m4
   2              		.arch armv7e-m
   3              		.fpu fpv4-sp-d16
   4              		.eabi_attribute 27, 1
   5              		.eabi_attribute 28, 1
   6              		.eabi_attribute 20, 1
   7              		.eabi_attribute 21, 1
   8              		.eabi_attribute 23, 3
   9              		.eabi_attribute 24, 1
  10              		.eabi_attribute 25, 1
  11              		.eabi_attribute 26, 1
  12              		.eabi_attribute 30, 1
  13              		.eabi_attribute 34, 1
  14              		.eabi_attribute 18, 4
  15              		.file	"ux_host_stack_class_instance_destroy.c"
  16              		.text
  17              	.Ltext0:
  18              		.cfi_sections	.debug_frame
  19              		.section	.text._ux_host_stack_class_instance_destroy,"ax",%progbits
  20              		.align	1
  21              		.global	_ux_host_stack_class_instance_destroy
  22              		.syntax unified
  23              		.thumb
  24              		.thumb_func
  26              	_ux_host_stack_class_instance_destroy:
  27              	.LVL0:
  28              	.LFB11:
  29              		.file 1 "./Middlewares/ST/usbx/common/core/src/ux_host_stack_class_instance_destroy.c"
   1:./Middlewares/ST/usbx/common/core/src/ux_host_stack_class_instance_destroy.c **** /**************************************************************************/
   2:./Middlewares/ST/usbx/common/core/src/ux_host_stack_class_instance_destroy.c **** /*                                                                        */
   3:./Middlewares/ST/usbx/common/core/src/ux_host_stack_class_instance_destroy.c **** /*       Copyright (c) Microsoft Corporation. All rights reserved.        */
   4:./Middlewares/ST/usbx/common/core/src/ux_host_stack_class_instance_destroy.c **** /*                                                                        */
   5:./Middlewares/ST/usbx/common/core/src/ux_host_stack_class_instance_destroy.c **** /*       This software is licensed under the Microsoft Software License   */
   6:./Middlewares/ST/usbx/common/core/src/ux_host_stack_class_instance_destroy.c **** /*       Terms for Microsoft Azure RTOS. Full text of the license can be  */
   7:./Middlewares/ST/usbx/common/core/src/ux_host_stack_class_instance_destroy.c **** /*       found in the LICENSE file at https://aka.ms/AzureRTOS_EULA       */
   8:./Middlewares/ST/usbx/common/core/src/ux_host_stack_class_instance_destroy.c **** /*       and in the root directory of this software.                      */
   9:./Middlewares/ST/usbx/common/core/src/ux_host_stack_class_instance_destroy.c **** /*                                                                        */
  10:./Middlewares/ST/usbx/common/core/src/ux_host_stack_class_instance_destroy.c **** /**************************************************************************/
  11:./Middlewares/ST/usbx/common/core/src/ux_host_stack_class_instance_destroy.c **** 
  12:./Middlewares/ST/usbx/common/core/src/ux_host_stack_class_instance_destroy.c **** 
  13:./Middlewares/ST/usbx/common/core/src/ux_host_stack_class_instance_destroy.c **** /**************************************************************************/
  14:./Middlewares/ST/usbx/common/core/src/ux_host_stack_class_instance_destroy.c **** /**************************************************************************/
  15:./Middlewares/ST/usbx/common/core/src/ux_host_stack_class_instance_destroy.c **** /**                                                                       */ 
  16:./Middlewares/ST/usbx/common/core/src/ux_host_stack_class_instance_destroy.c **** /** USBX Component                                                        */ 
  17:./Middlewares/ST/usbx/common/core/src/ux_host_stack_class_instance_destroy.c **** /**                                                                       */
  18:./Middlewares/ST/usbx/common/core/src/ux_host_stack_class_instance_destroy.c **** /**   Host Stack                                                          */
  19:./Middlewares/ST/usbx/common/core/src/ux_host_stack_class_instance_destroy.c **** /**                                                                       */
  20:./Middlewares/ST/usbx/common/core/src/ux_host_stack_class_instance_destroy.c **** /**************************************************************************/
  21:./Middlewares/ST/usbx/common/core/src/ux_host_stack_class_instance_destroy.c **** /**************************************************************************/
  22:./Middlewares/ST/usbx/common/core/src/ux_host_stack_class_instance_destroy.c **** 
  23:./Middlewares/ST/usbx/common/core/src/ux_host_stack_class_instance_destroy.c **** 
  24:./Middlewares/ST/usbx/common/core/src/ux_host_stack_class_instance_destroy.c **** /* Include necessary system files.  */
  25:./Middlewares/ST/usbx/common/core/src/ux_host_stack_class_instance_destroy.c **** 
  26:./Middlewares/ST/usbx/common/core/src/ux_host_stack_class_instance_destroy.c **** #define UX_SOURCE_CODE
  27:./Middlewares/ST/usbx/common/core/src/ux_host_stack_class_instance_destroy.c **** 
  28:./Middlewares/ST/usbx/common/core/src/ux_host_stack_class_instance_destroy.c **** #include "ux_api.h"
  29:./Middlewares/ST/usbx/common/core/src/ux_host_stack_class_instance_destroy.c **** #include "ux_host_stack.h"
ARM GAS  C:\Users\Dennis\AppData\Local\Temp\ccADZZpB.s 			page 2


  30:./Middlewares/ST/usbx/common/core/src/ux_host_stack_class_instance_destroy.c **** 
  31:./Middlewares/ST/usbx/common/core/src/ux_host_stack_class_instance_destroy.c **** 
  32:./Middlewares/ST/usbx/common/core/src/ux_host_stack_class_instance_destroy.c **** /**************************************************************************/ 
  33:./Middlewares/ST/usbx/common/core/src/ux_host_stack_class_instance_destroy.c **** /*                                                                        */ 
  34:./Middlewares/ST/usbx/common/core/src/ux_host_stack_class_instance_destroy.c **** /*  FUNCTION                                               RELEASE        */ 
  35:./Middlewares/ST/usbx/common/core/src/ux_host_stack_class_instance_destroy.c **** /*                                                                        */ 
  36:./Middlewares/ST/usbx/common/core/src/ux_host_stack_class_instance_destroy.c **** /*    _ux_host_stack_class_instance_destroy               PORTABLE C      */ 
  37:./Middlewares/ST/usbx/common/core/src/ux_host_stack_class_instance_destroy.c **** /*                                                           6.1          */
  38:./Middlewares/ST/usbx/common/core/src/ux_host_stack_class_instance_destroy.c **** /*  AUTHOR                                                                */
  39:./Middlewares/ST/usbx/common/core/src/ux_host_stack_class_instance_destroy.c **** /*                                                                        */
  40:./Middlewares/ST/usbx/common/core/src/ux_host_stack_class_instance_destroy.c **** /*    Chaoqiong Xiao, Microsoft Corporation                               */
  41:./Middlewares/ST/usbx/common/core/src/ux_host_stack_class_instance_destroy.c **** /*                                                                        */
  42:./Middlewares/ST/usbx/common/core/src/ux_host_stack_class_instance_destroy.c **** /*  DESCRIPTION                                                           */
  43:./Middlewares/ST/usbx/common/core/src/ux_host_stack_class_instance_destroy.c **** /*                                                                        */ 
  44:./Middlewares/ST/usbx/common/core/src/ux_host_stack_class_instance_destroy.c **** /*    This function destroys a class instance for a class container.      */ 
  45:./Middlewares/ST/usbx/common/core/src/ux_host_stack_class_instance_destroy.c **** /*                                                                        */ 
  46:./Middlewares/ST/usbx/common/core/src/ux_host_stack_class_instance_destroy.c **** /*  INPUT                                                                 */ 
  47:./Middlewares/ST/usbx/common/core/src/ux_host_stack_class_instance_destroy.c **** /*                                                                        */ 
  48:./Middlewares/ST/usbx/common/core/src/ux_host_stack_class_instance_destroy.c **** /*    class                                 Pointer to class              */ 
  49:./Middlewares/ST/usbx/common/core/src/ux_host_stack_class_instance_destroy.c **** /*    class_instance                        Pointer to class instance     */ 
  50:./Middlewares/ST/usbx/common/core/src/ux_host_stack_class_instance_destroy.c **** /*                                                                        */ 
  51:./Middlewares/ST/usbx/common/core/src/ux_host_stack_class_instance_destroy.c **** /*  OUTPUT                                                                */ 
  52:./Middlewares/ST/usbx/common/core/src/ux_host_stack_class_instance_destroy.c **** /*                                                                        */ 
  53:./Middlewares/ST/usbx/common/core/src/ux_host_stack_class_instance_destroy.c **** /*    Completion Status                                                   */ 
  54:./Middlewares/ST/usbx/common/core/src/ux_host_stack_class_instance_destroy.c **** /*                                                                        */ 
  55:./Middlewares/ST/usbx/common/core/src/ux_host_stack_class_instance_destroy.c **** /*  CALLS                                                                 */ 
  56:./Middlewares/ST/usbx/common/core/src/ux_host_stack_class_instance_destroy.c **** /*                                                                        */ 
  57:./Middlewares/ST/usbx/common/core/src/ux_host_stack_class_instance_destroy.c **** /*    None                                                                */ 
  58:./Middlewares/ST/usbx/common/core/src/ux_host_stack_class_instance_destroy.c **** /*                                                                        */ 
  59:./Middlewares/ST/usbx/common/core/src/ux_host_stack_class_instance_destroy.c **** /*  CALLED BY                                                             */ 
  60:./Middlewares/ST/usbx/common/core/src/ux_host_stack_class_instance_destroy.c **** /*                                                                        */ 
  61:./Middlewares/ST/usbx/common/core/src/ux_host_stack_class_instance_destroy.c **** /*    Application                                                         */ 
  62:./Middlewares/ST/usbx/common/core/src/ux_host_stack_class_instance_destroy.c **** /*    USBX Components                                                     */ 
  63:./Middlewares/ST/usbx/common/core/src/ux_host_stack_class_instance_destroy.c **** /*                                                                        */ 
  64:./Middlewares/ST/usbx/common/core/src/ux_host_stack_class_instance_destroy.c **** /*  RELEASE HISTORY                                                       */ 
  65:./Middlewares/ST/usbx/common/core/src/ux_host_stack_class_instance_destroy.c **** /*                                                                        */ 
  66:./Middlewares/ST/usbx/common/core/src/ux_host_stack_class_instance_destroy.c **** /*    DATE              NAME                      DESCRIPTION             */ 
  67:./Middlewares/ST/usbx/common/core/src/ux_host_stack_class_instance_destroy.c **** /*                                                                        */ 
  68:./Middlewares/ST/usbx/common/core/src/ux_host_stack_class_instance_destroy.c **** /*  05-19-2020     Chaoqiong Xiao           Initial Version 6.0           */
  69:./Middlewares/ST/usbx/common/core/src/ux_host_stack_class_instance_destroy.c **** /*  09-30-2020     Chaoqiong Xiao           Modified comment(s),          */
  70:./Middlewares/ST/usbx/common/core/src/ux_host_stack_class_instance_destroy.c **** /*                                            resulting in version 6.1    */
  71:./Middlewares/ST/usbx/common/core/src/ux_host_stack_class_instance_destroy.c **** /*                                                                        */
  72:./Middlewares/ST/usbx/common/core/src/ux_host_stack_class_instance_destroy.c **** /**************************************************************************/
  73:./Middlewares/ST/usbx/common/core/src/ux_host_stack_class_instance_destroy.c **** UINT  _ux_host_stack_class_instance_destroy(UX_HOST_CLASS *host_class, VOID *class_instance)
  74:./Middlewares/ST/usbx/common/core/src/ux_host_stack_class_instance_destroy.c **** {
  30              		.loc 1 74 1 view -0
  31              		.cfi_startproc
  32              		@ args = 0, pretend = 0, frame = 0
  33              		@ frame_needed = 0, uses_anonymous_args = 0
  34              		.loc 1 74 1 is_stmt 0 view .LVU1
  35 0000 10B5     		push	{r4, lr}
  36              	.LCFI0:
  37              		.cfi_def_cfa_offset 8
  38              		.cfi_offset 4, -8
  39              		.cfi_offset 14, -4
  75:./Middlewares/ST/usbx/common/core/src/ux_host_stack_class_instance_destroy.c ****     
  76:./Middlewares/ST/usbx/common/core/src/ux_host_stack_class_instance_destroy.c **** VOID    **current_class_instance;
ARM GAS  C:\Users\Dennis\AppData\Local\Temp\ccADZZpB.s 			page 3


  40              		.loc 1 76 1 is_stmt 1 view .LVU2
  77:./Middlewares/ST/usbx/common/core/src/ux_host_stack_class_instance_destroy.c **** VOID    **next_class_instance;
  41              		.loc 1 77 1 view .LVU3
  78:./Middlewares/ST/usbx/common/core/src/ux_host_stack_class_instance_destroy.c ****     
  79:./Middlewares/ST/usbx/common/core/src/ux_host_stack_class_instance_destroy.c ****     /* If trace is enabled, insert this event into the trace buffer.  */
  80:./Middlewares/ST/usbx/common/core/src/ux_host_stack_class_instance_destroy.c ****     UX_TRACE_IN_LINE_INSERT(UX_TRACE_HOST_STACK_CLASS_INSTANCE_DESTROY, host_class, class_instance,
  81:./Middlewares/ST/usbx/common/core/src/ux_host_stack_class_instance_destroy.c **** 
  82:./Middlewares/ST/usbx/common/core/src/ux_host_stack_class_instance_destroy.c ****     /* If trace is enabled, register this object.  */
  83:./Middlewares/ST/usbx/common/core/src/ux_host_stack_class_instance_destroy.c ****     UX_TRACE_OBJECT_UNREGISTER(class_instance);
  42              		.loc 1 83 47 view .LVU4
  84:./Middlewares/ST/usbx/common/core/src/ux_host_stack_class_instance_destroy.c **** 
  85:./Middlewares/ST/usbx/common/core/src/ux_host_stack_class_instance_destroy.c ****     /* Get the pointer to the instance pointed by the instance to destroy.  */
  86:./Middlewares/ST/usbx/common/core/src/ux_host_stack_class_instance_destroy.c ****     next_class_instance =  class_instance;
  43              		.loc 1 86 5 view .LVU5
  44              	.LVL1:
  87:./Middlewares/ST/usbx/common/core/src/ux_host_stack_class_instance_destroy.c ****     next_class_instance =  *next_class_instance;
  45              		.loc 1 87 5 view .LVU6
  46              		.loc 1 87 25 is_stmt 0 view .LVU7
  47 0002 0C68     		ldr	r4, [r1]
  48              	.LVL2:
  88:./Middlewares/ST/usbx/common/core/src/ux_host_stack_class_instance_destroy.c ****     
  89:./Middlewares/ST/usbx/common/core/src/ux_host_stack_class_instance_destroy.c ****     /* Start with the first class instance attached to the class container.  */
  90:./Middlewares/ST/usbx/common/core/src/ux_host_stack_class_instance_destroy.c ****     current_class_instance =  host_class -> ux_host_class_first_instance;
  49              		.loc 1 90 5 is_stmt 1 view .LVU8
  50              		.loc 1 90 28 is_stmt 0 view .LVU9
  51 0004 836C     		ldr	r3, [r0, #72]
  52              	.LVL3:
  91:./Middlewares/ST/usbx/common/core/src/ux_host_stack_class_instance_destroy.c ****     
  92:./Middlewares/ST/usbx/common/core/src/ux_host_stack_class_instance_destroy.c ****     /* Check if there are any instances attached.  */
  93:./Middlewares/ST/usbx/common/core/src/ux_host_stack_class_instance_destroy.c ****     if (current_class_instance == UX_NULL)
  53              		.loc 1 93 5 is_stmt 1 view .LVU10
  54              		.loc 1 93 8 is_stmt 0 view .LVU11
  55 0006 4BB1     		cbz	r3, .L7
  94:./Middlewares/ST/usbx/common/core/src/ux_host_stack_class_instance_destroy.c ****     {        
  95:./Middlewares/ST/usbx/common/core/src/ux_host_stack_class_instance_destroy.c **** 
  96:./Middlewares/ST/usbx/common/core/src/ux_host_stack_class_instance_destroy.c ****         /* Error trap. */
  97:./Middlewares/ST/usbx/common/core/src/ux_host_stack_class_instance_destroy.c ****         _ux_system_error_handler(UX_SYSTEM_LEVEL_THREAD, UX_SYSTEM_CONTEXT_ENUMERATOR, UX_HOST_CLAS
  98:./Middlewares/ST/usbx/common/core/src/ux_host_stack_class_instance_destroy.c **** 
  99:./Middlewares/ST/usbx/common/core/src/ux_host_stack_class_instance_destroy.c ****         /* If trace is enabled, insert this event into the trace buffer.  */
 100:./Middlewares/ST/usbx/common/core/src/ux_host_stack_class_instance_destroy.c ****         UX_TRACE_IN_LINE_INSERT(UX_TRACE_ERROR, UX_HOST_CLASS_INSTANCE_UNKNOWN, class_instance, 0, 
 101:./Middlewares/ST/usbx/common/core/src/ux_host_stack_class_instance_destroy.c **** 
 102:./Middlewares/ST/usbx/common/core/src/ux_host_stack_class_instance_destroy.c ****         return(UX_HOST_CLASS_INSTANCE_UNKNOWN);
 103:./Middlewares/ST/usbx/common/core/src/ux_host_stack_class_instance_destroy.c ****     }
 104:./Middlewares/ST/usbx/common/core/src/ux_host_stack_class_instance_destroy.c **** 
 105:./Middlewares/ST/usbx/common/core/src/ux_host_stack_class_instance_destroy.c ****     /* The first instance is a special case because it is attached to the class
 106:./Middlewares/ST/usbx/common/core/src/ux_host_stack_class_instance_destroy.c ****        container.  */
 107:./Middlewares/ST/usbx/common/core/src/ux_host_stack_class_instance_destroy.c ****     if (current_class_instance == class_instance)
  56              		.loc 1 107 5 is_stmt 1 view .LVU12
  57              		.loc 1 107 8 is_stmt 0 view .LVU13
  58 0008 9942     		cmp	r1, r3
  59 000a 0ED0     		beq	.L8
  60              	.LVL4:
  61              	.L4:
 108:./Middlewares/ST/usbx/common/core/src/ux_host_stack_class_instance_destroy.c ****     {
 109:./Middlewares/ST/usbx/common/core/src/ux_host_stack_class_instance_destroy.c **** 
 110:./Middlewares/ST/usbx/common/core/src/ux_host_stack_class_instance_destroy.c ****         /* Point to next class instance.  */
 111:./Middlewares/ST/usbx/common/core/src/ux_host_stack_class_instance_destroy.c ****         host_class -> ux_host_class_first_instance = next_class_instance;
ARM GAS  C:\Users\Dennis\AppData\Local\Temp\ccADZZpB.s 			page 4


 112:./Middlewares/ST/usbx/common/core/src/ux_host_stack_class_instance_destroy.c ****     
 113:./Middlewares/ST/usbx/common/core/src/ux_host_stack_class_instance_destroy.c ****         /* Return success.  */
 114:./Middlewares/ST/usbx/common/core/src/ux_host_stack_class_instance_destroy.c ****         return(UX_SUCCESS);
 115:./Middlewares/ST/usbx/common/core/src/ux_host_stack_class_instance_destroy.c ****     }
 116:./Middlewares/ST/usbx/common/core/src/ux_host_stack_class_instance_destroy.c ****        
 117:./Middlewares/ST/usbx/common/core/src/ux_host_stack_class_instance_destroy.c ****     /* Traverse the list of the class instances until we found the right one.  */        
 118:./Middlewares/ST/usbx/common/core/src/ux_host_stack_class_instance_destroy.c ****     while (*current_class_instance != UX_NULL)
  62              		.loc 1 118 11 is_stmt 1 view .LVU14
  63 000c 1A46     		mov	r2, r3
  64              		.loc 1 118 12 is_stmt 0 view .LVU15
  65 000e 1B68     		ldr	r3, [r3]
  66              	.LVL5:
  67              		.loc 1 118 11 view .LVU16
  68 0010 73B1     		cbz	r3, .L9
 119:./Middlewares/ST/usbx/common/core/src/ux_host_stack_class_instance_destroy.c ****     {
 120:./Middlewares/ST/usbx/common/core/src/ux_host_stack_class_instance_destroy.c **** 
 121:./Middlewares/ST/usbx/common/core/src/ux_host_stack_class_instance_destroy.c ****         /* Check to see if this class is the one we need to destroy.  */
 122:./Middlewares/ST/usbx/common/core/src/ux_host_stack_class_instance_destroy.c ****         if(*current_class_instance == class_instance)
  69              		.loc 1 122 9 is_stmt 1 view .LVU17
  70              		.loc 1 122 11 is_stmt 0 view .LVU18
  71 0012 8B42     		cmp	r3, r1
  72 0014 FAD1     		bne	.L4
 123:./Middlewares/ST/usbx/common/core/src/ux_host_stack_class_instance_destroy.c ****         {
 124:./Middlewares/ST/usbx/common/core/src/ux_host_stack_class_instance_destroy.c **** 
 125:./Middlewares/ST/usbx/common/core/src/ux_host_stack_class_instance_destroy.c ****             /* Point to next class instance.  */
 126:./Middlewares/ST/usbx/common/core/src/ux_host_stack_class_instance_destroy.c ****             *current_class_instance =  next_class_instance;
  73              		.loc 1 126 13 is_stmt 1 view .LVU19
  74              		.loc 1 126 37 is_stmt 0 view .LVU20
  75 0016 1460     		str	r4, [r2]
 127:./Middlewares/ST/usbx/common/core/src/ux_host_stack_class_instance_destroy.c **** 
 128:./Middlewares/ST/usbx/common/core/src/ux_host_stack_class_instance_destroy.c ****             /* Return success.  */
 129:./Middlewares/ST/usbx/common/core/src/ux_host_stack_class_instance_destroy.c ****             return(UX_SUCCESS);
  76              		.loc 1 129 13 is_stmt 1 view .LVU21
  77              		.loc 1 129 19 is_stmt 0 view .LVU22
  78 0018 0020     		movs	r0, #0
  79              	.LVL6:
  80              		.loc 1 129 19 view .LVU23
  81 001a 0FE0     		b	.L1
  82              	.LVL7:
  83              	.L7:
  97:./Middlewares/ST/usbx/common/core/src/ux_host_stack_class_instance_destroy.c **** 
  84              		.loc 1 97 9 is_stmt 1 view .LVU24
  85 001c 5B22     		movs	r2, #91
  86 001e 0421     		movs	r1, #4
  87              	.LVL8:
  97:./Middlewares/ST/usbx/common/core/src/ux_host_stack_class_instance_destroy.c **** 
  88              		.loc 1 97 9 is_stmt 0 view .LVU25
  89 0020 0220     		movs	r0, #2
  90              	.LVL9:
  97:./Middlewares/ST/usbx/common/core/src/ux_host_stack_class_instance_destroy.c **** 
  91              		.loc 1 97 9 view .LVU26
  92 0022 FFF7FEFF 		bl	_ux_system_error_handler
  93              	.LVL10:
 102:./Middlewares/ST/usbx/common/core/src/ux_host_stack_class_instance_destroy.c ****     }
  94              		.loc 1 102 9 is_stmt 1 view .LVU27
 102:./Middlewares/ST/usbx/common/core/src/ux_host_stack_class_instance_destroy.c ****     }
  95              		.loc 1 102 15 is_stmt 0 view .LVU28
ARM GAS  C:\Users\Dennis\AppData\Local\Temp\ccADZZpB.s 			page 5


  96 0026 5B20     		movs	r0, #91
  97 0028 08E0     		b	.L1
  98              	.LVL11:
  99              	.L8:
 111:./Middlewares/ST/usbx/common/core/src/ux_host_stack_class_instance_destroy.c ****     
 100              		.loc 1 111 9 is_stmt 1 view .LVU29
 111:./Middlewares/ST/usbx/common/core/src/ux_host_stack_class_instance_destroy.c ****     
 101              		.loc 1 111 52 is_stmt 0 view .LVU30
 102 002a 8464     		str	r4, [r0, #72]
 114:./Middlewares/ST/usbx/common/core/src/ux_host_stack_class_instance_destroy.c ****     }
 103              		.loc 1 114 9 is_stmt 1 view .LVU31
 114:./Middlewares/ST/usbx/common/core/src/ux_host_stack_class_instance_destroy.c ****     }
 104              		.loc 1 114 15 is_stmt 0 view .LVU32
 105 002c 0020     		movs	r0, #0
 106              	.LVL12:
 114:./Middlewares/ST/usbx/common/core/src/ux_host_stack_class_instance_destroy.c ****     }
 107              		.loc 1 114 15 view .LVU33
 108 002e 05E0     		b	.L1
 109              	.LVL13:
 110              	.L9:
 130:./Middlewares/ST/usbx/common/core/src/ux_host_stack_class_instance_destroy.c ****         }
 131:./Middlewares/ST/usbx/common/core/src/ux_host_stack_class_instance_destroy.c **** 
 132:./Middlewares/ST/usbx/common/core/src/ux_host_stack_class_instance_destroy.c ****         /* Points to the next class instance.  */
 133:./Middlewares/ST/usbx/common/core/src/ux_host_stack_class_instance_destroy.c ****         current_class_instance =  *current_class_instance;
 134:./Middlewares/ST/usbx/common/core/src/ux_host_stack_class_instance_destroy.c ****     }
 135:./Middlewares/ST/usbx/common/core/src/ux_host_stack_class_instance_destroy.c ****     
 136:./Middlewares/ST/usbx/common/core/src/ux_host_stack_class_instance_destroy.c ****     /* Error trap. */
 137:./Middlewares/ST/usbx/common/core/src/ux_host_stack_class_instance_destroy.c ****     _ux_system_error_handler(UX_SYSTEM_LEVEL_THREAD, UX_SYSTEM_CONTEXT_ENUMERATOR, UX_HOST_CLASS_IN
 111              		.loc 1 137 5 is_stmt 1 view .LVU34
 112 0030 5B22     		movs	r2, #91
 113              	.LVL14:
 114              		.loc 1 137 5 is_stmt 0 view .LVU35
 115 0032 0421     		movs	r1, #4
 116              	.LVL15:
 117              		.loc 1 137 5 view .LVU36
 118 0034 0220     		movs	r0, #2
 119              	.LVL16:
 120              		.loc 1 137 5 view .LVU37
 121 0036 FFF7FEFF 		bl	_ux_system_error_handler
 122              	.LVL17:
 138:./Middlewares/ST/usbx/common/core/src/ux_host_stack_class_instance_destroy.c **** 
 139:./Middlewares/ST/usbx/common/core/src/ux_host_stack_class_instance_destroy.c ****     /* If trace is enabled, insert this event into the trace buffer.  */
 140:./Middlewares/ST/usbx/common/core/src/ux_host_stack_class_instance_destroy.c ****     UX_TRACE_IN_LINE_INSERT(UX_TRACE_ERROR, UX_HOST_CLASS_INSTANCE_UNKNOWN, class_instance, 0, 0, U
 141:./Middlewares/ST/usbx/common/core/src/ux_host_stack_class_instance_destroy.c **** 
 142:./Middlewares/ST/usbx/common/core/src/ux_host_stack_class_instance_destroy.c ****     /* Return error to caller.  */
 143:./Middlewares/ST/usbx/common/core/src/ux_host_stack_class_instance_destroy.c ****     return(UX_HOST_CLASS_INSTANCE_UNKNOWN);
 123              		.loc 1 143 5 is_stmt 1 view .LVU38
 124              		.loc 1 143 11 is_stmt 0 view .LVU39
 125 003a 5B20     		movs	r0, #91
 126              	.L1:
 144:./Middlewares/ST/usbx/common/core/src/ux_host_stack_class_instance_destroy.c **** }
 127              		.loc 1 144 1 view .LVU40
 128 003c 10BD     		pop	{r4, pc}
 129              		.loc 1 144 1 view .LVU41
 130              		.cfi_endproc
 131              	.LFE11:
 133              		.text
ARM GAS  C:\Users\Dennis\AppData\Local\Temp\ccADZZpB.s 			page 6


 134              	.Letext0:
 135              		.file 2 "./Middlewares/ST/threadx/ports/cortex_m4/gnu/inc/tx_port.h"
 136              		.file 3 "./Middlewares/ST/usbx/common/core/inc/ux_api.h"
 137              		.file 4 "./Middlewares/ST/usbx/common/core/inc/ux_utility.h"
ARM GAS  C:\Users\Dennis\AppData\Local\Temp\ccADZZpB.s 			page 7


DEFINED SYMBOLS
                            *ABS*:00000000 ux_host_stack_class_instance_destroy.c
C:\Users\Dennis\AppData\Local\Temp\ccADZZpB.s:20     .text._ux_host_stack_class_instance_destroy:00000000 $t
C:\Users\Dennis\AppData\Local\Temp\ccADZZpB.s:26     .text._ux_host_stack_class_instance_destroy:00000000 _ux_host_stack_class_instance_destroy

UNDEFINED SYMBOLS
_ux_system_error_handler
