ARM GAS  /tmp/cc1HnyW2.s 			page 1


   1              		.cpu cortex-m4
   2              		.arch armv7e-m
   3              		.fpu fpv4-sp-d16
   4              		.eabi_attribute 27, 1
   5              		.eabi_attribute 28, 1
   6              		.eabi_attribute 20, 1
   7              		.eabi_attribute 21, 1
   8              		.eabi_attribute 23, 3
   9              		.eabi_attribute 24, 1
  10              		.eabi_attribute 25, 1
  11              		.eabi_attribute 26, 1
  12              		.eabi_attribute 30, 1
  13              		.eabi_attribute 34, 1
  14              		.eabi_attribute 18, 4
  15              		.file	"ux_utility_thread_schedule_other.c"
  16              		.text
  17              	.Ltext0:
  18              		.cfi_sections	.debug_frame
  19              		.file 1 "./Middlewares/ST/usbx/common/core/src/ux_utility_thread_schedule_other.c"
  20              		.section	.text._ux_utility_thread_schedule_other,"ax",%progbits
  21              		.align	1
  22              		.global	_ux_utility_thread_schedule_other
  23              		.syntax unified
  24              		.thumb
  25              		.thumb_func
  27              	_ux_utility_thread_schedule_other:
  28              	.LVL0:
  29              	.LFB11:
   1:./Middlewares/ST/usbx/common/core/src/ux_utility_thread_schedule_other.c **** /**************************************************************************/
   2:./Middlewares/ST/usbx/common/core/src/ux_utility_thread_schedule_other.c **** /*                                                                        */
   3:./Middlewares/ST/usbx/common/core/src/ux_utility_thread_schedule_other.c **** /*       Copyright (c) Microsoft Corporation. All rights reserved.        */
   4:./Middlewares/ST/usbx/common/core/src/ux_utility_thread_schedule_other.c **** /*                                                                        */
   5:./Middlewares/ST/usbx/common/core/src/ux_utility_thread_schedule_other.c **** /*       This software is licensed under the Microsoft Software License   */
   6:./Middlewares/ST/usbx/common/core/src/ux_utility_thread_schedule_other.c **** /*       Terms for Microsoft Azure RTOS. Full text of the license can be  */
   7:./Middlewares/ST/usbx/common/core/src/ux_utility_thread_schedule_other.c **** /*       found in the LICENSE file at https://aka.ms/AzureRTOS_EULA       */
   8:./Middlewares/ST/usbx/common/core/src/ux_utility_thread_schedule_other.c **** /*       and in the root directory of this software.                      */
   9:./Middlewares/ST/usbx/common/core/src/ux_utility_thread_schedule_other.c **** /*                                                                        */
  10:./Middlewares/ST/usbx/common/core/src/ux_utility_thread_schedule_other.c **** /**************************************************************************/
  11:./Middlewares/ST/usbx/common/core/src/ux_utility_thread_schedule_other.c **** 
  12:./Middlewares/ST/usbx/common/core/src/ux_utility_thread_schedule_other.c **** 
  13:./Middlewares/ST/usbx/common/core/src/ux_utility_thread_schedule_other.c **** /**************************************************************************/
  14:./Middlewares/ST/usbx/common/core/src/ux_utility_thread_schedule_other.c **** /**************************************************************************/
  15:./Middlewares/ST/usbx/common/core/src/ux_utility_thread_schedule_other.c **** /**                                                                       */ 
  16:./Middlewares/ST/usbx/common/core/src/ux_utility_thread_schedule_other.c **** /** USBX Component                                                        */ 
  17:./Middlewares/ST/usbx/common/core/src/ux_utility_thread_schedule_other.c **** /**                                                                       */
  18:./Middlewares/ST/usbx/common/core/src/ux_utility_thread_schedule_other.c **** /**   Utility                                                             */
  19:./Middlewares/ST/usbx/common/core/src/ux_utility_thread_schedule_other.c **** /**                                                                       */
  20:./Middlewares/ST/usbx/common/core/src/ux_utility_thread_schedule_other.c **** /**************************************************************************/
  21:./Middlewares/ST/usbx/common/core/src/ux_utility_thread_schedule_other.c **** /**************************************************************************/
  22:./Middlewares/ST/usbx/common/core/src/ux_utility_thread_schedule_other.c **** 
  23:./Middlewares/ST/usbx/common/core/src/ux_utility_thread_schedule_other.c **** 
  24:./Middlewares/ST/usbx/common/core/src/ux_utility_thread_schedule_other.c **** /* Include necessary system files.  */
  25:./Middlewares/ST/usbx/common/core/src/ux_utility_thread_schedule_other.c **** 
  26:./Middlewares/ST/usbx/common/core/src/ux_utility_thread_schedule_other.c **** #define UX_SOURCE_CODE
  27:./Middlewares/ST/usbx/common/core/src/ux_utility_thread_schedule_other.c **** 
  28:./Middlewares/ST/usbx/common/core/src/ux_utility_thread_schedule_other.c **** #include "ux_api.h"
  29:./Middlewares/ST/usbx/common/core/src/ux_utility_thread_schedule_other.c **** 
ARM GAS  /tmp/cc1HnyW2.s 			page 2


  30:./Middlewares/ST/usbx/common/core/src/ux_utility_thread_schedule_other.c **** 
  31:./Middlewares/ST/usbx/common/core/src/ux_utility_thread_schedule_other.c **** /**************************************************************************/ 
  32:./Middlewares/ST/usbx/common/core/src/ux_utility_thread_schedule_other.c **** /*                                                                        */ 
  33:./Middlewares/ST/usbx/common/core/src/ux_utility_thread_schedule_other.c **** /*  FUNCTION                                               RELEASE        */ 
  34:./Middlewares/ST/usbx/common/core/src/ux_utility_thread_schedule_other.c **** /*                                                                        */ 
  35:./Middlewares/ST/usbx/common/core/src/ux_utility_thread_schedule_other.c **** /*    _ux_utility_thread_schedule_other                   PORTABLE C      */ 
  36:./Middlewares/ST/usbx/common/core/src/ux_utility_thread_schedule_other.c **** /*                                                           6.1          */
  37:./Middlewares/ST/usbx/common/core/src/ux_utility_thread_schedule_other.c **** /*  AUTHOR                                                                */
  38:./Middlewares/ST/usbx/common/core/src/ux_utility_thread_schedule_other.c **** /*                                                                        */
  39:./Middlewares/ST/usbx/common/core/src/ux_utility_thread_schedule_other.c **** /*    Chaoqiong Xiao, Microsoft Corporation                               */
  40:./Middlewares/ST/usbx/common/core/src/ux_utility_thread_schedule_other.c **** /*                                                                        */
  41:./Middlewares/ST/usbx/common/core/src/ux_utility_thread_schedule_other.c **** /*  DESCRIPTION                                                           */
  42:./Middlewares/ST/usbx/common/core/src/ux_utility_thread_schedule_other.c **** /*                                                                        */ 
  43:./Middlewares/ST/usbx/common/core/src/ux_utility_thread_schedule_other.c **** /*    This function force the scheduling of all other threads.            */ 
  44:./Middlewares/ST/usbx/common/core/src/ux_utility_thread_schedule_other.c **** /*                                                                        */ 
  45:./Middlewares/ST/usbx/common/core/src/ux_utility_thread_schedule_other.c **** /*  INPUT                                                                 */ 
  46:./Middlewares/ST/usbx/common/core/src/ux_utility_thread_schedule_other.c **** /*                                                                        */ 
  47:./Middlewares/ST/usbx/common/core/src/ux_utility_thread_schedule_other.c **** /*    caller_priority                        Priority to restore.          */ 
  48:./Middlewares/ST/usbx/common/core/src/ux_utility_thread_schedule_other.c **** /*                                                                        */ 
  49:./Middlewares/ST/usbx/common/core/src/ux_utility_thread_schedule_other.c **** /*  OUTPUT                                                                */ 
  50:./Middlewares/ST/usbx/common/core/src/ux_utility_thread_schedule_other.c **** /*                                                                        */ 
  51:./Middlewares/ST/usbx/common/core/src/ux_utility_thread_schedule_other.c **** /*    Completion Status                                                   */ 
  52:./Middlewares/ST/usbx/common/core/src/ux_utility_thread_schedule_other.c **** /*                                                                        */ 
  53:./Middlewares/ST/usbx/common/core/src/ux_utility_thread_schedule_other.c **** /*  CALLS                                                                 */ 
  54:./Middlewares/ST/usbx/common/core/src/ux_utility_thread_schedule_other.c **** /*                                                                        */ 
  55:./Middlewares/ST/usbx/common/core/src/ux_utility_thread_schedule_other.c **** /*    tx_thread_identify                    ThreadX identify              */ 
  56:./Middlewares/ST/usbx/common/core/src/ux_utility_thread_schedule_other.c **** /*    tx_thread_priority_change             ThreadX priority change       */ 
  57:./Middlewares/ST/usbx/common/core/src/ux_utility_thread_schedule_other.c **** /*    tx_thread_relinquish                  ThreadX relinquish            */ 
  58:./Middlewares/ST/usbx/common/core/src/ux_utility_thread_schedule_other.c **** /*                                                                        */ 
  59:./Middlewares/ST/usbx/common/core/src/ux_utility_thread_schedule_other.c **** /*  CALLED BY                                                             */ 
  60:./Middlewares/ST/usbx/common/core/src/ux_utility_thread_schedule_other.c **** /*                                                                        */ 
  61:./Middlewares/ST/usbx/common/core/src/ux_utility_thread_schedule_other.c **** /*    USBX Components                                                     */ 
  62:./Middlewares/ST/usbx/common/core/src/ux_utility_thread_schedule_other.c **** /*                                                                        */ 
  63:./Middlewares/ST/usbx/common/core/src/ux_utility_thread_schedule_other.c **** /*  RELEASE HISTORY                                                       */ 
  64:./Middlewares/ST/usbx/common/core/src/ux_utility_thread_schedule_other.c **** /*                                                                        */ 
  65:./Middlewares/ST/usbx/common/core/src/ux_utility_thread_schedule_other.c **** /*    DATE              NAME                      DESCRIPTION             */ 
  66:./Middlewares/ST/usbx/common/core/src/ux_utility_thread_schedule_other.c **** /*                                                                        */ 
  67:./Middlewares/ST/usbx/common/core/src/ux_utility_thread_schedule_other.c **** /*  05-19-2020     Chaoqiong Xiao           Initial Version 6.0           */
  68:./Middlewares/ST/usbx/common/core/src/ux_utility_thread_schedule_other.c **** /*  09-30-2020     Chaoqiong Xiao           Modified comment(s),          */
  69:./Middlewares/ST/usbx/common/core/src/ux_utility_thread_schedule_other.c **** /*                                            used UX prefix to refer to  */
  70:./Middlewares/ST/usbx/common/core/src/ux_utility_thread_schedule_other.c **** /*                                            TX symbols instead of using */
  71:./Middlewares/ST/usbx/common/core/src/ux_utility_thread_schedule_other.c **** /*                                            them directly,              */
  72:./Middlewares/ST/usbx/common/core/src/ux_utility_thread_schedule_other.c **** /*                                            resulting in version 6.1    */
  73:./Middlewares/ST/usbx/common/core/src/ux_utility_thread_schedule_other.c **** /*                                                                        */
  74:./Middlewares/ST/usbx/common/core/src/ux_utility_thread_schedule_other.c **** /**************************************************************************/
  75:./Middlewares/ST/usbx/common/core/src/ux_utility_thread_schedule_other.c **** UINT  _ux_utility_thread_schedule_other(UINT caller_priority)
  76:./Middlewares/ST/usbx/common/core/src/ux_utility_thread_schedule_other.c **** {
  30              		.loc 1 76 1 view -0
  31              		.cfi_startproc
  32              		@ args = 0, pretend = 0, frame = 8
  33              		@ frame_needed = 0, uses_anonymous_args = 0
  34              		.loc 1 76 1 is_stmt 0 view .LVU1
  35 0000 10B5     		push	{r4, lr}
  36              	.LCFI0:
  37              		.cfi_def_cfa_offset 8
  38              		.cfi_offset 4, -8
  39              		.cfi_offset 14, -4
ARM GAS  /tmp/cc1HnyW2.s 			page 3


  40 0002 82B0     		sub	sp, sp, #8
  41              	.LCFI1:
  42              		.cfi_def_cfa_offset 16
  77:./Middlewares/ST/usbx/common/core/src/ux_utility_thread_schedule_other.c **** 
  78:./Middlewares/ST/usbx/common/core/src/ux_utility_thread_schedule_other.c **** UINT        status;
  43              		.loc 1 78 1 is_stmt 1 view .LVU2
  79:./Middlewares/ST/usbx/common/core/src/ux_utility_thread_schedule_other.c **** UINT        old_priority;
  44              		.loc 1 79 1 view .LVU3
  80:./Middlewares/ST/usbx/common/core/src/ux_utility_thread_schedule_other.c **** UX_THREAD   *my_thread;
  45              		.loc 1 80 1 view .LVU4
  81:./Middlewares/ST/usbx/common/core/src/ux_utility_thread_schedule_other.c **** 
  82:./Middlewares/ST/usbx/common/core/src/ux_utility_thread_schedule_other.c ****     UX_PARAMETER_NOT_USED(caller_priority);
  46              		.loc 1 82 5 view .LVU5
  83:./Middlewares/ST/usbx/common/core/src/ux_utility_thread_schedule_other.c **** 
  84:./Middlewares/ST/usbx/common/core/src/ux_utility_thread_schedule_other.c ****     /* Call TX to know my own tread.  */
  85:./Middlewares/ST/usbx/common/core/src/ux_utility_thread_schedule_other.c ****     my_thread = tx_thread_identify();
  47              		.loc 1 85 5 view .LVU6
  48              		.loc 1 85 17 is_stmt 0 view .LVU7
  49 0004 FFF7FEFF 		bl	_tx_thread_identify
  50              	.LVL1:
  51              		.loc 1 85 17 view .LVU8
  52 0008 0446     		mov	r4, r0
  53              	.LVL2:
  86:./Middlewares/ST/usbx/common/core/src/ux_utility_thread_schedule_other.c **** 
  87:./Middlewares/ST/usbx/common/core/src/ux_utility_thread_schedule_other.c ****     /* Call ThreadX to change thread priority .  */
  88:./Middlewares/ST/usbx/common/core/src/ux_utility_thread_schedule_other.c ****     status =  tx_thread_priority_change(my_thread, _ux_system -> ux_system_thread_lowest_priority, 
  54              		.loc 1 88 5 is_stmt 1 view .LVU9
  55              		.loc 1 88 63 is_stmt 0 view .LVU10
  56 000a 084B     		ldr	r3, .L5
  57 000c 1B68     		ldr	r3, [r3]
  58              		.loc 1 88 15 view .LVU11
  59 000e 01AA     		add	r2, sp, #4
  60 0010 9969     		ldr	r1, [r3, #24]
  61 0012 FFF7FEFF 		bl	_txe_thread_priority_change
  62              	.LVL3:
  89:./Middlewares/ST/usbx/common/core/src/ux_utility_thread_schedule_other.c ****     
  90:./Middlewares/ST/usbx/common/core/src/ux_utility_thread_schedule_other.c ****     /* Check for error.  */
  91:./Middlewares/ST/usbx/common/core/src/ux_utility_thread_schedule_other.c ****     if (status == TX_SUCCESS)
  63              		.loc 1 91 5 is_stmt 1 view .LVU12
  64              		.loc 1 91 8 is_stmt 0 view .LVU13
  65 0016 08B1     		cbz	r0, .L4
  66              	.LVL4:
  67              	.L1:
  92:./Middlewares/ST/usbx/common/core/src/ux_utility_thread_schedule_other.c ****     {
  93:./Middlewares/ST/usbx/common/core/src/ux_utility_thread_schedule_other.c ****     
  94:./Middlewares/ST/usbx/common/core/src/ux_utility_thread_schedule_other.c ****         /* Wait until all other threads passed into the scheduler. */
  95:./Middlewares/ST/usbx/common/core/src/ux_utility_thread_schedule_other.c ****         _ux_utility_thread_relinquish();
  96:./Middlewares/ST/usbx/common/core/src/ux_utility_thread_schedule_other.c ****     
  97:./Middlewares/ST/usbx/common/core/src/ux_utility_thread_schedule_other.c ****         /* And now return the priority of the thread to normal.  */
  98:./Middlewares/ST/usbx/common/core/src/ux_utility_thread_schedule_other.c ****         status =  tx_thread_priority_change(my_thread, old_priority, &old_priority);
  99:./Middlewares/ST/usbx/common/core/src/ux_utility_thread_schedule_other.c ****         
 100:./Middlewares/ST/usbx/common/core/src/ux_utility_thread_schedule_other.c ****     }
 101:./Middlewares/ST/usbx/common/core/src/ux_utility_thread_schedule_other.c **** 
 102:./Middlewares/ST/usbx/common/core/src/ux_utility_thread_schedule_other.c ****     /* Return completion status.  */
 103:./Middlewares/ST/usbx/common/core/src/ux_utility_thread_schedule_other.c ****     return(status);
 104:./Middlewares/ST/usbx/common/core/src/ux_utility_thread_schedule_other.c **** }
  68              		.loc 1 104 1 view .LVU14
ARM GAS  /tmp/cc1HnyW2.s 			page 4


  69 0018 02B0     		add	sp, sp, #8
  70              	.LCFI2:
  71              		.cfi_remember_state
  72              		.cfi_def_cfa_offset 8
  73              		@ sp needed
  74 001a 10BD     		pop	{r4, pc}
  75              	.LVL5:
  76              	.L4:
  77              	.LCFI3:
  78              		.cfi_restore_state
  95:./Middlewares/ST/usbx/common/core/src/ux_utility_thread_schedule_other.c ****     
  79              		.loc 1 95 9 is_stmt 1 view .LVU15
  80 001c FFF7FEFF 		bl	_ux_utility_thread_relinquish
  81              	.LVL6:
  98:./Middlewares/ST/usbx/common/core/src/ux_utility_thread_schedule_other.c ****         
  82              		.loc 1 98 9 view .LVU16
  98:./Middlewares/ST/usbx/common/core/src/ux_utility_thread_schedule_other.c ****         
  83              		.loc 1 98 19 is_stmt 0 view .LVU17
  84 0020 01AA     		add	r2, sp, #4
  85 0022 0199     		ldr	r1, [sp, #4]
  86 0024 2046     		mov	r0, r4
  87 0026 FFF7FEFF 		bl	_txe_thread_priority_change
  88              	.LVL7:
 103:./Middlewares/ST/usbx/common/core/src/ux_utility_thread_schedule_other.c **** }
  89              		.loc 1 103 5 is_stmt 1 view .LVU18
 103:./Middlewares/ST/usbx/common/core/src/ux_utility_thread_schedule_other.c **** }
  90              		.loc 1 103 11 is_stmt 0 view .LVU19
  91 002a F5E7     		b	.L1
  92              	.L6:
  93              		.align	2
  94              	.L5:
  95 002c 00000000 		.word	_ux_system
  96              		.cfi_endproc
  97              	.LFE11:
  99              		.text
 100              	.Letext0:
 101              		.file 2 "./Middlewares/ST/threadx/ports/cortex_m4/gnu/inc/tx_port.h"
 102              		.file 3 "./Middlewares/ST/threadx/common/inc/tx_api.h"
 103              		.file 4 "./Middlewares/ST/usbx/common/core/inc/ux_api.h"
 104              		.file 5 "./Middlewares/ST/usbx/common/core/inc/ux_system.h"
 105              		.file 6 "./Middlewares/ST/usbx/common/core/inc/ux_utility.h"
ARM GAS  /tmp/cc1HnyW2.s 			page 5


DEFINED SYMBOLS
                            *ABS*:00000000 ux_utility_thread_schedule_other.c
     /tmp/cc1HnyW2.s:21     .text._ux_utility_thread_schedule_other:00000000 $t
     /tmp/cc1HnyW2.s:27     .text._ux_utility_thread_schedule_other:00000000 _ux_utility_thread_schedule_other
     /tmp/cc1HnyW2.s:95     .text._ux_utility_thread_schedule_other:0000002c $d

UNDEFINED SYMBOLS
_tx_thread_identify
_txe_thread_priority_change
_ux_utility_thread_relinquish
_ux_system
