ARM GAS  C:\Users\Dennis\AppData\Local\Temp\ccatI7rO.s 			page 1


   1              		.cpu cortex-m4
   2              		.arch armv7e-m
   3              		.fpu fpv4-sp-d16
   4              		.eabi_attribute 27, 1
   5              		.eabi_attribute 28, 1
   6              		.eabi_attribute 20, 1
   7              		.eabi_attribute 21, 1
   8              		.eabi_attribute 23, 3
   9              		.eabi_attribute 24, 1
  10              		.eabi_attribute 25, 1
  11              		.eabi_attribute 26, 1
  12              		.eabi_attribute 30, 1
  13              		.eabi_attribute 34, 1
  14              		.eabi_attribute 18, 4
  15              		.file	"ux_utility_mutex_delete.c"
  16              		.text
  17              	.Ltext0:
  18              		.cfi_sections	.debug_frame
  19              		.section	.text._ux_utility_mutex_delete,"ax",%progbits
  20              		.align	1
  21              		.global	_ux_utility_mutex_delete
  22              		.syntax unified
  23              		.thumb
  24              		.thumb_func
  26              	_ux_utility_mutex_delete:
  27              	.LVL0:
  28              	.LFB11:
  29              		.file 1 "./Middlewares/ST/usbx/common/core/src/ux_utility_mutex_delete.c"
   1:./Middlewares/ST/usbx/common/core/src/ux_utility_mutex_delete.c **** /**************************************************************************/
   2:./Middlewares/ST/usbx/common/core/src/ux_utility_mutex_delete.c **** /*                                                                        */
   3:./Middlewares/ST/usbx/common/core/src/ux_utility_mutex_delete.c **** /*       Copyright (c) Microsoft Corporation. All rights reserved.        */
   4:./Middlewares/ST/usbx/common/core/src/ux_utility_mutex_delete.c **** /*                                                                        */
   5:./Middlewares/ST/usbx/common/core/src/ux_utility_mutex_delete.c **** /*       This software is licensed under the Microsoft Software License   */
   6:./Middlewares/ST/usbx/common/core/src/ux_utility_mutex_delete.c **** /*       Terms for Microsoft Azure RTOS. Full text of the license can be  */
   7:./Middlewares/ST/usbx/common/core/src/ux_utility_mutex_delete.c **** /*       found in the LICENSE file at https://aka.ms/AzureRTOS_EULA       */
   8:./Middlewares/ST/usbx/common/core/src/ux_utility_mutex_delete.c **** /*       and in the root directory of this software.                      */
   9:./Middlewares/ST/usbx/common/core/src/ux_utility_mutex_delete.c **** /*                                                                        */
  10:./Middlewares/ST/usbx/common/core/src/ux_utility_mutex_delete.c **** /**************************************************************************/
  11:./Middlewares/ST/usbx/common/core/src/ux_utility_mutex_delete.c **** 
  12:./Middlewares/ST/usbx/common/core/src/ux_utility_mutex_delete.c **** 
  13:./Middlewares/ST/usbx/common/core/src/ux_utility_mutex_delete.c **** /**************************************************************************/
  14:./Middlewares/ST/usbx/common/core/src/ux_utility_mutex_delete.c **** /**************************************************************************/
  15:./Middlewares/ST/usbx/common/core/src/ux_utility_mutex_delete.c **** /**                                                                       */ 
  16:./Middlewares/ST/usbx/common/core/src/ux_utility_mutex_delete.c **** /** USBX Component                                                        */ 
  17:./Middlewares/ST/usbx/common/core/src/ux_utility_mutex_delete.c **** /**                                                                       */
  18:./Middlewares/ST/usbx/common/core/src/ux_utility_mutex_delete.c **** /**   Utility                                                             */
  19:./Middlewares/ST/usbx/common/core/src/ux_utility_mutex_delete.c **** /**                                                                       */
  20:./Middlewares/ST/usbx/common/core/src/ux_utility_mutex_delete.c **** /**************************************************************************/
  21:./Middlewares/ST/usbx/common/core/src/ux_utility_mutex_delete.c **** /**************************************************************************/
  22:./Middlewares/ST/usbx/common/core/src/ux_utility_mutex_delete.c **** 
  23:./Middlewares/ST/usbx/common/core/src/ux_utility_mutex_delete.c **** 
  24:./Middlewares/ST/usbx/common/core/src/ux_utility_mutex_delete.c **** /* Include necessary system files.  */
  25:./Middlewares/ST/usbx/common/core/src/ux_utility_mutex_delete.c **** 
  26:./Middlewares/ST/usbx/common/core/src/ux_utility_mutex_delete.c **** #define UX_SOURCE_CODE
  27:./Middlewares/ST/usbx/common/core/src/ux_utility_mutex_delete.c **** 
  28:./Middlewares/ST/usbx/common/core/src/ux_utility_mutex_delete.c **** #include "ux_api.h"
  29:./Middlewares/ST/usbx/common/core/src/ux_utility_mutex_delete.c **** 
ARM GAS  C:\Users\Dennis\AppData\Local\Temp\ccatI7rO.s 			page 2


  30:./Middlewares/ST/usbx/common/core/src/ux_utility_mutex_delete.c **** 
  31:./Middlewares/ST/usbx/common/core/src/ux_utility_mutex_delete.c **** /**************************************************************************/ 
  32:./Middlewares/ST/usbx/common/core/src/ux_utility_mutex_delete.c **** /*                                                                        */ 
  33:./Middlewares/ST/usbx/common/core/src/ux_utility_mutex_delete.c **** /*  FUNCTION                                               RELEASE        */ 
  34:./Middlewares/ST/usbx/common/core/src/ux_utility_mutex_delete.c **** /*                                                                        */ 
  35:./Middlewares/ST/usbx/common/core/src/ux_utility_mutex_delete.c **** /*    _ux_utility_mutex_delete                            PORTABLE C      */ 
  36:./Middlewares/ST/usbx/common/core/src/ux_utility_mutex_delete.c **** /*                                                           6.1          */
  37:./Middlewares/ST/usbx/common/core/src/ux_utility_mutex_delete.c **** /*  AUTHOR                                                                */
  38:./Middlewares/ST/usbx/common/core/src/ux_utility_mutex_delete.c **** /*                                                                        */
  39:./Middlewares/ST/usbx/common/core/src/ux_utility_mutex_delete.c **** /*    Chaoqiong Xiao, Microsoft Corporation                               */
  40:./Middlewares/ST/usbx/common/core/src/ux_utility_mutex_delete.c **** /*                                                                        */
  41:./Middlewares/ST/usbx/common/core/src/ux_utility_mutex_delete.c **** /*  DESCRIPTION                                                           */
  42:./Middlewares/ST/usbx/common/core/src/ux_utility_mutex_delete.c **** /*                                                                        */ 
  43:./Middlewares/ST/usbx/common/core/src/ux_utility_mutex_delete.c **** /*    This function deletes a protection mutex.                           */ 
  44:./Middlewares/ST/usbx/common/core/src/ux_utility_mutex_delete.c **** /*                                                                        */ 
  45:./Middlewares/ST/usbx/common/core/src/ux_utility_mutex_delete.c **** /*  INPUT                                                                 */ 
  46:./Middlewares/ST/usbx/common/core/src/ux_utility_mutex_delete.c **** /*                                                                        */ 
  47:./Middlewares/ST/usbx/common/core/src/ux_utility_mutex_delete.c **** /*    mutex                                 Pointer to mutex              */ 
  48:./Middlewares/ST/usbx/common/core/src/ux_utility_mutex_delete.c **** /*                                                                        */ 
  49:./Middlewares/ST/usbx/common/core/src/ux_utility_mutex_delete.c **** /*  OUTPUT                                                                */ 
  50:./Middlewares/ST/usbx/common/core/src/ux_utility_mutex_delete.c **** /*                                                                        */ 
  51:./Middlewares/ST/usbx/common/core/src/ux_utility_mutex_delete.c **** /*    Completion Status                                                   */ 
  52:./Middlewares/ST/usbx/common/core/src/ux_utility_mutex_delete.c **** /*                                                                        */ 
  53:./Middlewares/ST/usbx/common/core/src/ux_utility_mutex_delete.c **** /*  CALLS                                                                 */ 
  54:./Middlewares/ST/usbx/common/core/src/ux_utility_mutex_delete.c **** /*                                                                        */ 
  55:./Middlewares/ST/usbx/common/core/src/ux_utility_mutex_delete.c **** /*    tx_mutex_create                       ThreadX mutex create          */
  56:./Middlewares/ST/usbx/common/core/src/ux_utility_mutex_delete.c **** /*                                                                        */ 
  57:./Middlewares/ST/usbx/common/core/src/ux_utility_mutex_delete.c **** /*  CALLED BY                                                             */ 
  58:./Middlewares/ST/usbx/common/core/src/ux_utility_mutex_delete.c **** /*                                                                        */ 
  59:./Middlewares/ST/usbx/common/core/src/ux_utility_mutex_delete.c **** /*    USBX Components                                                     */ 
  60:./Middlewares/ST/usbx/common/core/src/ux_utility_mutex_delete.c **** /*                                                                        */ 
  61:./Middlewares/ST/usbx/common/core/src/ux_utility_mutex_delete.c **** /*  RELEASE HISTORY                                                       */ 
  62:./Middlewares/ST/usbx/common/core/src/ux_utility_mutex_delete.c **** /*                                                                        */ 
  63:./Middlewares/ST/usbx/common/core/src/ux_utility_mutex_delete.c **** /*    DATE              NAME                      DESCRIPTION             */ 
  64:./Middlewares/ST/usbx/common/core/src/ux_utility_mutex_delete.c **** /*                                                                        */ 
  65:./Middlewares/ST/usbx/common/core/src/ux_utility_mutex_delete.c **** /*  05-19-2020     Chaoqiong Xiao           Initial Version 6.0           */
  66:./Middlewares/ST/usbx/common/core/src/ux_utility_mutex_delete.c **** /*  09-30-2020     Chaoqiong Xiao           Modified comment(s),          */
  67:./Middlewares/ST/usbx/common/core/src/ux_utility_mutex_delete.c **** /*                                            used UX prefix to refer to  */
  68:./Middlewares/ST/usbx/common/core/src/ux_utility_mutex_delete.c **** /*                                            TX symbols instead of using */
  69:./Middlewares/ST/usbx/common/core/src/ux_utility_mutex_delete.c **** /*                                            them directly,              */
  70:./Middlewares/ST/usbx/common/core/src/ux_utility_mutex_delete.c **** /*                                            resulting in version 6.1    */
  71:./Middlewares/ST/usbx/common/core/src/ux_utility_mutex_delete.c **** /*                                                                        */
  72:./Middlewares/ST/usbx/common/core/src/ux_utility_mutex_delete.c **** /**************************************************************************/
  73:./Middlewares/ST/usbx/common/core/src/ux_utility_mutex_delete.c **** UINT  _ux_utility_mutex_delete(UX_MUTEX *mutex)
  74:./Middlewares/ST/usbx/common/core/src/ux_utility_mutex_delete.c **** {
  30              		.loc 1 74 1 view -0
  31              		.cfi_startproc
  32              		@ args = 0, pretend = 0, frame = 0
  33              		@ frame_needed = 0, uses_anonymous_args = 0
  34              		.loc 1 74 1 is_stmt 0 view .LVU1
  35 0000 08B5     		push	{r3, lr}
  36              	.LCFI0:
  37              		.cfi_def_cfa_offset 8
  38              		.cfi_offset 3, -8
  39              		.cfi_offset 14, -4
  75:./Middlewares/ST/usbx/common/core/src/ux_utility_mutex_delete.c **** 
  76:./Middlewares/ST/usbx/common/core/src/ux_utility_mutex_delete.c **** UINT    status;
ARM GAS  C:\Users\Dennis\AppData\Local\Temp\ccatI7rO.s 			page 3


  40              		.loc 1 76 1 is_stmt 1 view .LVU2
  77:./Middlewares/ST/usbx/common/core/src/ux_utility_mutex_delete.c **** 
  78:./Middlewares/ST/usbx/common/core/src/ux_utility_mutex_delete.c **** 
  79:./Middlewares/ST/usbx/common/core/src/ux_utility_mutex_delete.c ****     /* Call ThreadX to delete the Mutex object.  */
  80:./Middlewares/ST/usbx/common/core/src/ux_utility_mutex_delete.c ****     status =  tx_mutex_delete(mutex);
  41              		.loc 1 80 5 view .LVU3
  42              		.loc 1 80 15 is_stmt 0 view .LVU4
  43 0002 FFF7FEFF 		bl	_txe_mutex_delete
  44              	.LVL1:
  81:./Middlewares/ST/usbx/common/core/src/ux_utility_mutex_delete.c **** 
  82:./Middlewares/ST/usbx/common/core/src/ux_utility_mutex_delete.c ****     /* Return completion status.  */
  83:./Middlewares/ST/usbx/common/core/src/ux_utility_mutex_delete.c ****     return(status);
  45              		.loc 1 83 5 is_stmt 1 view .LVU5
  84:./Middlewares/ST/usbx/common/core/src/ux_utility_mutex_delete.c **** }
  46              		.loc 1 84 1 is_stmt 0 view .LVU6
  47 0006 08BD     		pop	{r3, pc}
  48              		.cfi_endproc
  49              	.LFE11:
  51              		.text
  52              	.Letext0:
  53              		.file 2 "./Middlewares/ST/threadx/ports/cortex_m4/gnu/inc/tx_port.h"
  54              		.file 3 "./Middlewares/ST/threadx/common/inc/tx_api.h"
ARM GAS  C:\Users\Dennis\AppData\Local\Temp\ccatI7rO.s 			page 4


DEFINED SYMBOLS
                            *ABS*:00000000 ux_utility_mutex_delete.c
C:\Users\Dennis\AppData\Local\Temp\ccatI7rO.s:20     .text._ux_utility_mutex_delete:00000000 $t
C:\Users\Dennis\AppData\Local\Temp\ccatI7rO.s:26     .text._ux_utility_mutex_delete:00000000 _ux_utility_mutex_delete

UNDEFINED SYMBOLS
_txe_mutex_delete
