ARM GAS  C:\Users\Dennis\AppData\Local\Temp\ccgAm4RA.s 			page 1


   1              		.cpu cortex-m4
   2              		.arch armv7e-m
   3              		.fpu fpv4-sp-d16
   4              		.eabi_attribute 27, 1
   5              		.eabi_attribute 28, 1
   6              		.eabi_attribute 20, 1
   7              		.eabi_attribute 21, 1
   8              		.eabi_attribute 23, 3
   9              		.eabi_attribute 24, 1
  10              		.eabi_attribute 25, 1
  11              		.eabi_attribute 26, 1
  12              		.eabi_attribute 30, 1
  13              		.eabi_attribute 34, 1
  14              		.eabi_attribute 18, 4
  15              		.file	"ux_utility_timer_create.c"
  16              		.text
  17              	.Ltext0:
  18              		.cfi_sections	.debug_frame
  19              		.section	.text._ux_utility_timer_create,"ax",%progbits
  20              		.align	1
  21              		.global	_ux_utility_timer_create
  22              		.syntax unified
  23              		.thumb
  24              		.thumb_func
  26              	_ux_utility_timer_create:
  27              	.LVL0:
  28              	.LFB11:
  29              		.file 1 "./Middlewares/ST/usbx/common/core/src/ux_utility_timer_create.c"
   1:./Middlewares/ST/usbx/common/core/src/ux_utility_timer_create.c **** /**************************************************************************/
   2:./Middlewares/ST/usbx/common/core/src/ux_utility_timer_create.c **** /*                                                                        */
   3:./Middlewares/ST/usbx/common/core/src/ux_utility_timer_create.c **** /*       Copyright (c) Microsoft Corporation. All rights reserved.        */
   4:./Middlewares/ST/usbx/common/core/src/ux_utility_timer_create.c **** /*                                                                        */
   5:./Middlewares/ST/usbx/common/core/src/ux_utility_timer_create.c **** /*       This software is licensed under the Microsoft Software License   */
   6:./Middlewares/ST/usbx/common/core/src/ux_utility_timer_create.c **** /*       Terms for Microsoft Azure RTOS. Full text of the license can be  */
   7:./Middlewares/ST/usbx/common/core/src/ux_utility_timer_create.c **** /*       found in the LICENSE file at https://aka.ms/AzureRTOS_EULA       */
   8:./Middlewares/ST/usbx/common/core/src/ux_utility_timer_create.c **** /*       and in the root directory of this software.                      */
   9:./Middlewares/ST/usbx/common/core/src/ux_utility_timer_create.c **** /*                                                                        */
  10:./Middlewares/ST/usbx/common/core/src/ux_utility_timer_create.c **** /**************************************************************************/
  11:./Middlewares/ST/usbx/common/core/src/ux_utility_timer_create.c **** 
  12:./Middlewares/ST/usbx/common/core/src/ux_utility_timer_create.c **** 
  13:./Middlewares/ST/usbx/common/core/src/ux_utility_timer_create.c **** /**************************************************************************/
  14:./Middlewares/ST/usbx/common/core/src/ux_utility_timer_create.c **** /**************************************************************************/
  15:./Middlewares/ST/usbx/common/core/src/ux_utility_timer_create.c **** /**                                                                       */ 
  16:./Middlewares/ST/usbx/common/core/src/ux_utility_timer_create.c **** /** USBX Component                                                        */ 
  17:./Middlewares/ST/usbx/common/core/src/ux_utility_timer_create.c **** /**                                                                       */
  18:./Middlewares/ST/usbx/common/core/src/ux_utility_timer_create.c **** /**   Utility                                                             */
  19:./Middlewares/ST/usbx/common/core/src/ux_utility_timer_create.c **** /**                                                                       */
  20:./Middlewares/ST/usbx/common/core/src/ux_utility_timer_create.c **** /**************************************************************************/
  21:./Middlewares/ST/usbx/common/core/src/ux_utility_timer_create.c **** /**************************************************************************/
  22:./Middlewares/ST/usbx/common/core/src/ux_utility_timer_create.c **** 
  23:./Middlewares/ST/usbx/common/core/src/ux_utility_timer_create.c **** 
  24:./Middlewares/ST/usbx/common/core/src/ux_utility_timer_create.c **** /* Include necessary system files.  */
  25:./Middlewares/ST/usbx/common/core/src/ux_utility_timer_create.c **** 
  26:./Middlewares/ST/usbx/common/core/src/ux_utility_timer_create.c **** #define UX_SOURCE_CODE
  27:./Middlewares/ST/usbx/common/core/src/ux_utility_timer_create.c **** 
  28:./Middlewares/ST/usbx/common/core/src/ux_utility_timer_create.c **** #include "ux_api.h"
  29:./Middlewares/ST/usbx/common/core/src/ux_utility_timer_create.c **** 
ARM GAS  C:\Users\Dennis\AppData\Local\Temp\ccgAm4RA.s 			page 2


  30:./Middlewares/ST/usbx/common/core/src/ux_utility_timer_create.c **** 
  31:./Middlewares/ST/usbx/common/core/src/ux_utility_timer_create.c **** /**************************************************************************/ 
  32:./Middlewares/ST/usbx/common/core/src/ux_utility_timer_create.c **** /*                                                                        */ 
  33:./Middlewares/ST/usbx/common/core/src/ux_utility_timer_create.c **** /*  FUNCTION                                               RELEASE        */ 
  34:./Middlewares/ST/usbx/common/core/src/ux_utility_timer_create.c **** /*                                                                        */ 
  35:./Middlewares/ST/usbx/common/core/src/ux_utility_timer_create.c **** /*    _ux_utility_timer_create                            PORTABLE C      */ 
  36:./Middlewares/ST/usbx/common/core/src/ux_utility_timer_create.c **** /*                                                           6.1          */
  37:./Middlewares/ST/usbx/common/core/src/ux_utility_timer_create.c **** /*  AUTHOR                                                                */
  38:./Middlewares/ST/usbx/common/core/src/ux_utility_timer_create.c **** /*                                                                        */
  39:./Middlewares/ST/usbx/common/core/src/ux_utility_timer_create.c **** /*    Chaoqiong Xiao, Microsoft Corporation                               */
  40:./Middlewares/ST/usbx/common/core/src/ux_utility_timer_create.c **** /*                                                                        */
  41:./Middlewares/ST/usbx/common/core/src/ux_utility_timer_create.c **** /*  DESCRIPTION                                                           */
  42:./Middlewares/ST/usbx/common/core/src/ux_utility_timer_create.c **** /*                                                                        */ 
  43:./Middlewares/ST/usbx/common/core/src/ux_utility_timer_create.c **** /*    This function creates a timer.                                      */ 
  44:./Middlewares/ST/usbx/common/core/src/ux_utility_timer_create.c **** /*                                                                        */ 
  45:./Middlewares/ST/usbx/common/core/src/ux_utility_timer_create.c **** /*  INPUT                                                                 */ 
  46:./Middlewares/ST/usbx/common/core/src/ux_utility_timer_create.c **** /*                                                                        */ 
  47:./Middlewares/ST/usbx/common/core/src/ux_utility_timer_create.c **** /*    timer                                 Pointer to timer              */ 
  48:./Middlewares/ST/usbx/common/core/src/ux_utility_timer_create.c **** /*    timer_name                            Name of timer                 */ 
  49:./Middlewares/ST/usbx/common/core/src/ux_utility_timer_create.c **** /*                                                                        */ 
  50:./Middlewares/ST/usbx/common/core/src/ux_utility_timer_create.c **** /*  OUTPUT                                                                */ 
  51:./Middlewares/ST/usbx/common/core/src/ux_utility_timer_create.c **** /*                                                                        */ 
  52:./Middlewares/ST/usbx/common/core/src/ux_utility_timer_create.c **** /*    Completion Status                                                   */ 
  53:./Middlewares/ST/usbx/common/core/src/ux_utility_timer_create.c **** /*                                                                        */ 
  54:./Middlewares/ST/usbx/common/core/src/ux_utility_timer_create.c **** /*  CALLS                                                                 */ 
  55:./Middlewares/ST/usbx/common/core/src/ux_utility_timer_create.c **** /*                                                                        */ 
  56:./Middlewares/ST/usbx/common/core/src/ux_utility_timer_create.c **** /*    tx_timer_create                       ThreadX timer create          */
  57:./Middlewares/ST/usbx/common/core/src/ux_utility_timer_create.c **** /*                                                                        */ 
  58:./Middlewares/ST/usbx/common/core/src/ux_utility_timer_create.c **** /*  CALLED BY                                                             */ 
  59:./Middlewares/ST/usbx/common/core/src/ux_utility_timer_create.c **** /*                                                                        */ 
  60:./Middlewares/ST/usbx/common/core/src/ux_utility_timer_create.c **** /*    USBX Components                                                     */ 
  61:./Middlewares/ST/usbx/common/core/src/ux_utility_timer_create.c **** /*                                                                        */ 
  62:./Middlewares/ST/usbx/common/core/src/ux_utility_timer_create.c **** /*  RELEASE HISTORY                                                       */ 
  63:./Middlewares/ST/usbx/common/core/src/ux_utility_timer_create.c **** /*                                                                        */ 
  64:./Middlewares/ST/usbx/common/core/src/ux_utility_timer_create.c **** /*    DATE              NAME                      DESCRIPTION             */ 
  65:./Middlewares/ST/usbx/common/core/src/ux_utility_timer_create.c **** /*                                                                        */ 
  66:./Middlewares/ST/usbx/common/core/src/ux_utility_timer_create.c **** /*  05-19-2020     Chaoqiong Xiao           Initial Version 6.0           */
  67:./Middlewares/ST/usbx/common/core/src/ux_utility_timer_create.c **** /*  09-30-2020     Chaoqiong Xiao           Modified comment(s),          */
  68:./Middlewares/ST/usbx/common/core/src/ux_utility_timer_create.c **** /*                                            resulting in version 6.1    */
  69:./Middlewares/ST/usbx/common/core/src/ux_utility_timer_create.c **** /*                                                                        */
  70:./Middlewares/ST/usbx/common/core/src/ux_utility_timer_create.c **** /**************************************************************************/
  71:./Middlewares/ST/usbx/common/core/src/ux_utility_timer_create.c **** UINT  _ux_utility_timer_create(TX_TIMER *timer, CHAR *timer_name, VOID (*expiration_function) (ULON
  72:./Middlewares/ST/usbx/common/core/src/ux_utility_timer_create.c ****                                 ULONG expiration_input, ULONG initial_ticks, ULONG reschedule_ticks
  73:./Middlewares/ST/usbx/common/core/src/ux_utility_timer_create.c ****                                 UINT activation_flag)
  74:./Middlewares/ST/usbx/common/core/src/ux_utility_timer_create.c **** {
  30              		.loc 1 74 1 view -0
  31              		.cfi_startproc
  32              		@ args = 12, pretend = 0, frame = 0
  33              		@ frame_needed = 0, uses_anonymous_args = 0
  34              		.loc 1 74 1 is_stmt 0 view .LVU1
  35 0000 10B5     		push	{r4, lr}
  36              	.LCFI0:
  37              		.cfi_def_cfa_offset 8
  38              		.cfi_offset 4, -8
  39              		.cfi_offset 14, -4
  40 0002 84B0     		sub	sp, sp, #16
  41              	.LCFI1:
ARM GAS  C:\Users\Dennis\AppData\Local\Temp\ccgAm4RA.s 			page 3


  42              		.cfi_def_cfa_offset 24
  75:./Middlewares/ST/usbx/common/core/src/ux_utility_timer_create.c **** 
  76:./Middlewares/ST/usbx/common/core/src/ux_utility_timer_create.c **** UINT    status;
  43              		.loc 1 76 1 is_stmt 1 view .LVU2
  77:./Middlewares/ST/usbx/common/core/src/ux_utility_timer_create.c **** 
  78:./Middlewares/ST/usbx/common/core/src/ux_utility_timer_create.c **** 
  79:./Middlewares/ST/usbx/common/core/src/ux_utility_timer_create.c ****     /* Call ThreadX to create the timer object.  */
  80:./Middlewares/ST/usbx/common/core/src/ux_utility_timer_create.c ****     status =  tx_timer_create(timer, (CHAR *) timer_name, expiration_function, expiration_input,
  44              		.loc 1 80 5 view .LVU3
  45              		.loc 1 80 15 is_stmt 0 view .LVU4
  46 0004 2C24     		movs	r4, #44
  47 0006 0394     		str	r4, [sp, #12]
  48 0008 089C     		ldr	r4, [sp, #32]
  49 000a 0294     		str	r4, [sp, #8]
  50 000c 079C     		ldr	r4, [sp, #28]
  51 000e 0194     		str	r4, [sp, #4]
  52 0010 069C     		ldr	r4, [sp, #24]
  53 0012 0094     		str	r4, [sp]
  54 0014 FFF7FEFF 		bl	_txe_timer_create
  55              	.LVL1:
  81:./Middlewares/ST/usbx/common/core/src/ux_utility_timer_create.c ****                                 initial_ticks, reschedule_ticks, activation_flag);
  82:./Middlewares/ST/usbx/common/core/src/ux_utility_timer_create.c **** 
  83:./Middlewares/ST/usbx/common/core/src/ux_utility_timer_create.c ****     /* Check status.  */
  84:./Middlewares/ST/usbx/common/core/src/ux_utility_timer_create.c ****     if (status != UX_SUCCESS)
  56              		.loc 1 84 5 is_stmt 1 view .LVU5
  57              		.loc 1 84 8 is_stmt 0 view .LVU6
  58 0018 0446     		mov	r4, r0
  59 001a 10B9     		cbnz	r0, .L4
  60              	.LVL2:
  61              	.L1:
  85:./Middlewares/ST/usbx/common/core/src/ux_utility_timer_create.c **** 
  86:./Middlewares/ST/usbx/common/core/src/ux_utility_timer_create.c ****         /* Error trap. */
  87:./Middlewares/ST/usbx/common/core/src/ux_utility_timer_create.c ****         _ux_system_error_handler(UX_SYSTEM_LEVEL_THREAD, UX_SYSTEM_CONTEXT_UTILITY, status);
  88:./Middlewares/ST/usbx/common/core/src/ux_utility_timer_create.c **** 
  89:./Middlewares/ST/usbx/common/core/src/ux_utility_timer_create.c ****     /* Return completion status.  */
  90:./Middlewares/ST/usbx/common/core/src/ux_utility_timer_create.c ****     return(status);
  91:./Middlewares/ST/usbx/common/core/src/ux_utility_timer_create.c **** }
  62              		.loc 1 91 1 view .LVU7
  63 001c 2046     		mov	r0, r4
  64 001e 04B0     		add	sp, sp, #16
  65              	.LCFI2:
  66              		.cfi_remember_state
  67              		.cfi_def_cfa_offset 8
  68              		@ sp needed
  69 0020 10BD     		pop	{r4, pc}
  70              	.LVL3:
  71              	.L4:
  72              	.LCFI3:
  73              		.cfi_restore_state
  87:./Middlewares/ST/usbx/common/core/src/ux_utility_timer_create.c **** 
  74              		.loc 1 87 9 is_stmt 1 view .LVU8
  75 0022 0246     		mov	r2, r0
  76 0024 0821     		movs	r1, #8
  77 0026 0220     		movs	r0, #2
  78              	.LVL4:
  87:./Middlewares/ST/usbx/common/core/src/ux_utility_timer_create.c **** 
  79              		.loc 1 87 9 is_stmt 0 view .LVU9
ARM GAS  C:\Users\Dennis\AppData\Local\Temp\ccgAm4RA.s 			page 4


  80 0028 FFF7FEFF 		bl	_ux_system_error_handler
  81              	.LVL5:
  90:./Middlewares/ST/usbx/common/core/src/ux_utility_timer_create.c **** }
  82              		.loc 1 90 5 is_stmt 1 view .LVU10
  90:./Middlewares/ST/usbx/common/core/src/ux_utility_timer_create.c **** }
  83              		.loc 1 90 11 is_stmt 0 view .LVU11
  84 002c F6E7     		b	.L1
  85              		.cfi_endproc
  86              	.LFE11:
  88              		.text
  89              	.Letext0:
  90              		.file 2 "./Middlewares/ST/threadx/ports/cortex_m4/gnu/inc/tx_port.h"
  91              		.file 3 "./Middlewares/ST/threadx/common/inc/tx_api.h"
  92              		.file 4 "./Middlewares/ST/usbx/common/core/inc/ux_utility.h"
ARM GAS  C:\Users\Dennis\AppData\Local\Temp\ccgAm4RA.s 			page 5


DEFINED SYMBOLS
                            *ABS*:00000000 ux_utility_timer_create.c
C:\Users\Dennis\AppData\Local\Temp\ccgAm4RA.s:20     .text._ux_utility_timer_create:00000000 $t
C:\Users\Dennis\AppData\Local\Temp\ccgAm4RA.s:26     .text._ux_utility_timer_create:00000000 _ux_utility_timer_create

UNDEFINED SYMBOLS
_txe_timer_create
_ux_system_error_handler
