ARM GAS  /tmp/ccxecEkW.s 			page 1


   1              		.cpu cortex-m4
   2              		.arch armv7e-m
   3              		.fpu fpv4-sp-d16
   4              		.eabi_attribute 27, 1
   5              		.eabi_attribute 28, 1
   6              		.eabi_attribute 20, 1
   7              		.eabi_attribute 21, 1
   8              		.eabi_attribute 23, 3
   9              		.eabi_attribute 24, 1
  10              		.eabi_attribute 25, 1
  11              		.eabi_attribute 26, 1
  12              		.eabi_attribute 30, 1
  13              		.eabi_attribute 34, 1
  14              		.eabi_attribute 18, 4
  15              		.file	"ux_utility_memory_set.c"
  16              		.text
  17              	.Ltext0:
  18              		.cfi_sections	.debug_frame
  19              		.file 1 "./Middlewares/ST/usbx/common/core/src/ux_utility_memory_set.c"
  20              		.section	.text._ux_utility_memory_set,"ax",%progbits
  21              		.align	1
  22              		.global	_ux_utility_memory_set
  23              		.syntax unified
  24              		.thumb
  25              		.thumb_func
  27              	_ux_utility_memory_set:
  28              	.LVL0:
  29              	.LFB11:
   1:./Middlewares/ST/usbx/common/core/src/ux_utility_memory_set.c **** /**************************************************************************/
   2:./Middlewares/ST/usbx/common/core/src/ux_utility_memory_set.c **** /*                                                                        */
   3:./Middlewares/ST/usbx/common/core/src/ux_utility_memory_set.c **** /*       Copyright (c) Microsoft Corporation. All rights reserved.        */
   4:./Middlewares/ST/usbx/common/core/src/ux_utility_memory_set.c **** /*                                                                        */
   5:./Middlewares/ST/usbx/common/core/src/ux_utility_memory_set.c **** /*       This software is licensed under the Microsoft Software License   */
   6:./Middlewares/ST/usbx/common/core/src/ux_utility_memory_set.c **** /*       Terms for Microsoft Azure RTOS. Full text of the license can be  */
   7:./Middlewares/ST/usbx/common/core/src/ux_utility_memory_set.c **** /*       found in the LICENSE file at https://aka.ms/AzureRTOS_EULA       */
   8:./Middlewares/ST/usbx/common/core/src/ux_utility_memory_set.c **** /*       and in the root directory of this software.                      */
   9:./Middlewares/ST/usbx/common/core/src/ux_utility_memory_set.c **** /*                                                                        */
  10:./Middlewares/ST/usbx/common/core/src/ux_utility_memory_set.c **** /**************************************************************************/
  11:./Middlewares/ST/usbx/common/core/src/ux_utility_memory_set.c **** 
  12:./Middlewares/ST/usbx/common/core/src/ux_utility_memory_set.c **** 
  13:./Middlewares/ST/usbx/common/core/src/ux_utility_memory_set.c **** /**************************************************************************/
  14:./Middlewares/ST/usbx/common/core/src/ux_utility_memory_set.c **** /**************************************************************************/
  15:./Middlewares/ST/usbx/common/core/src/ux_utility_memory_set.c **** /**                                                                       */ 
  16:./Middlewares/ST/usbx/common/core/src/ux_utility_memory_set.c **** /** USBX Component                                                        */ 
  17:./Middlewares/ST/usbx/common/core/src/ux_utility_memory_set.c **** /**                                                                       */
  18:./Middlewares/ST/usbx/common/core/src/ux_utility_memory_set.c **** /**   Utility                                                             */
  19:./Middlewares/ST/usbx/common/core/src/ux_utility_memory_set.c **** /**                                                                       */
  20:./Middlewares/ST/usbx/common/core/src/ux_utility_memory_set.c **** /**************************************************************************/
  21:./Middlewares/ST/usbx/common/core/src/ux_utility_memory_set.c **** /**************************************************************************/
  22:./Middlewares/ST/usbx/common/core/src/ux_utility_memory_set.c **** 
  23:./Middlewares/ST/usbx/common/core/src/ux_utility_memory_set.c **** 
  24:./Middlewares/ST/usbx/common/core/src/ux_utility_memory_set.c **** /* Include necessary system files.  */
  25:./Middlewares/ST/usbx/common/core/src/ux_utility_memory_set.c **** 
  26:./Middlewares/ST/usbx/common/core/src/ux_utility_memory_set.c **** #define UX_SOURCE_CODE
  27:./Middlewares/ST/usbx/common/core/src/ux_utility_memory_set.c **** 
  28:./Middlewares/ST/usbx/common/core/src/ux_utility_memory_set.c **** #include "ux_api.h"
  29:./Middlewares/ST/usbx/common/core/src/ux_utility_memory_set.c **** 
ARM GAS  /tmp/ccxecEkW.s 			page 2


  30:./Middlewares/ST/usbx/common/core/src/ux_utility_memory_set.c **** 
  31:./Middlewares/ST/usbx/common/core/src/ux_utility_memory_set.c **** /**************************************************************************/ 
  32:./Middlewares/ST/usbx/common/core/src/ux_utility_memory_set.c **** /*                                                                        */ 
  33:./Middlewares/ST/usbx/common/core/src/ux_utility_memory_set.c **** /*  FUNCTION                                               RELEASE        */ 
  34:./Middlewares/ST/usbx/common/core/src/ux_utility_memory_set.c **** /*                                                                        */ 
  35:./Middlewares/ST/usbx/common/core/src/ux_utility_memory_set.c **** /*    _ux_utility_memory_set                              PORTABLE C      */ 
  36:./Middlewares/ST/usbx/common/core/src/ux_utility_memory_set.c **** /*                                                           6.1          */
  37:./Middlewares/ST/usbx/common/core/src/ux_utility_memory_set.c **** /*  AUTHOR                                                                */
  38:./Middlewares/ST/usbx/common/core/src/ux_utility_memory_set.c **** /*                                                                        */
  39:./Middlewares/ST/usbx/common/core/src/ux_utility_memory_set.c **** /*    Chaoqiong Xiao, Microsoft Corporation                               */
  40:./Middlewares/ST/usbx/common/core/src/ux_utility_memory_set.c **** /*                                                                        */
  41:./Middlewares/ST/usbx/common/core/src/ux_utility_memory_set.c **** /*  DESCRIPTION                                                           */
  42:./Middlewares/ST/usbx/common/core/src/ux_utility_memory_set.c **** /*                                                                        */ 
  43:./Middlewares/ST/usbx/common/core/src/ux_utility_memory_set.c **** /*    This function sets a memory block with a specific value.            */ 
  44:./Middlewares/ST/usbx/common/core/src/ux_utility_memory_set.c **** /*                                                                        */ 
  45:./Middlewares/ST/usbx/common/core/src/ux_utility_memory_set.c **** /*  INPUT                                                                 */ 
  46:./Middlewares/ST/usbx/common/core/src/ux_utility_memory_set.c **** /*                                                                        */ 
  47:./Middlewares/ST/usbx/common/core/src/ux_utility_memory_set.c **** /*    destination                           Destination address           */ 
  48:./Middlewares/ST/usbx/common/core/src/ux_utility_memory_set.c **** /*    value                                 8-bit value                   */ 
  49:./Middlewares/ST/usbx/common/core/src/ux_utility_memory_set.c **** /*    length                                Size of memory to set         */ 
  50:./Middlewares/ST/usbx/common/core/src/ux_utility_memory_set.c **** /*                                                                        */ 
  51:./Middlewares/ST/usbx/common/core/src/ux_utility_memory_set.c **** /*  OUTPUT                                                                */ 
  52:./Middlewares/ST/usbx/common/core/src/ux_utility_memory_set.c **** /*                                                                        */ 
  53:./Middlewares/ST/usbx/common/core/src/ux_utility_memory_set.c **** /*    None                                                                */ 
  54:./Middlewares/ST/usbx/common/core/src/ux_utility_memory_set.c **** /*                                                                        */ 
  55:./Middlewares/ST/usbx/common/core/src/ux_utility_memory_set.c **** /*  CALLS                                                                 */ 
  56:./Middlewares/ST/usbx/common/core/src/ux_utility_memory_set.c **** /*                                                                        */ 
  57:./Middlewares/ST/usbx/common/core/src/ux_utility_memory_set.c **** /*    None                                                                */
  58:./Middlewares/ST/usbx/common/core/src/ux_utility_memory_set.c **** /*                                                                        */ 
  59:./Middlewares/ST/usbx/common/core/src/ux_utility_memory_set.c **** /*  CALLED BY                                                             */ 
  60:./Middlewares/ST/usbx/common/core/src/ux_utility_memory_set.c **** /*                                                                        */ 
  61:./Middlewares/ST/usbx/common/core/src/ux_utility_memory_set.c **** /*    USBX Components                                                     */ 
  62:./Middlewares/ST/usbx/common/core/src/ux_utility_memory_set.c **** /*                                                                        */ 
  63:./Middlewares/ST/usbx/common/core/src/ux_utility_memory_set.c **** /*  RELEASE HISTORY                                                       */ 
  64:./Middlewares/ST/usbx/common/core/src/ux_utility_memory_set.c **** /*                                                                        */ 
  65:./Middlewares/ST/usbx/common/core/src/ux_utility_memory_set.c **** /*    DATE              NAME                      DESCRIPTION             */ 
  66:./Middlewares/ST/usbx/common/core/src/ux_utility_memory_set.c **** /*                                                                        */ 
  67:./Middlewares/ST/usbx/common/core/src/ux_utility_memory_set.c **** /*  05-19-2020     Chaoqiong Xiao           Initial Version 6.0           */
  68:./Middlewares/ST/usbx/common/core/src/ux_utility_memory_set.c **** /*  09-30-2020     Chaoqiong Xiao           Modified comment(s),          */
  69:./Middlewares/ST/usbx/common/core/src/ux_utility_memory_set.c **** /*                                            resulting in version 6.1    */
  70:./Middlewares/ST/usbx/common/core/src/ux_utility_memory_set.c **** /*                                                                        */
  71:./Middlewares/ST/usbx/common/core/src/ux_utility_memory_set.c **** /**************************************************************************/
  72:./Middlewares/ST/usbx/common/core/src/ux_utility_memory_set.c **** VOID  _ux_utility_memory_set(VOID *destination, UCHAR value, ULONG length)
  73:./Middlewares/ST/usbx/common/core/src/ux_utility_memory_set.c **** {
  30              		.loc 1 73 1 view -0
  31              		.cfi_startproc
  32              		@ args = 0, pretend = 0, frame = 0
  33              		@ frame_needed = 0, uses_anonymous_args = 0
  34              		@ link register save eliminated.
  74:./Middlewares/ST/usbx/common/core/src/ux_utility_memory_set.c **** 
  75:./Middlewares/ST/usbx/common/core/src/ux_utility_memory_set.c **** UCHAR *    work_ptr;
  35              		.loc 1 75 1 view .LVU1
  76:./Middlewares/ST/usbx/common/core/src/ux_utility_memory_set.c **** 
  77:./Middlewares/ST/usbx/common/core/src/ux_utility_memory_set.c **** 
  78:./Middlewares/ST/usbx/common/core/src/ux_utility_memory_set.c ****     /* Setup the working pointer */
  79:./Middlewares/ST/usbx/common/core/src/ux_utility_memory_set.c ****     work_ptr =  (UCHAR *) destination;
  36              		.loc 1 79 5 view .LVU2
ARM GAS  /tmp/ccxecEkW.s 			page 3


  80:./Middlewares/ST/usbx/common/core/src/ux_utility_memory_set.c **** 
  81:./Middlewares/ST/usbx/common/core/src/ux_utility_memory_set.c ****     /* Loop to set the memory.  */
  82:./Middlewares/ST/usbx/common/core/src/ux_utility_memory_set.c ****     while(length--)
  37              		.loc 1 82 5 view .LVU3
  38              		.loc 1 82 10 is_stmt 0 view .LVU4
  39 0000 02E0     		b	.L2
  40              	.LVL1:
  41              	.L3:
  83:./Middlewares/ST/usbx/common/core/src/ux_utility_memory_set.c ****     {
  84:./Middlewares/ST/usbx/common/core/src/ux_utility_memory_set.c **** 
  85:./Middlewares/ST/usbx/common/core/src/ux_utility_memory_set.c ****         /* Set a byte.  */
  86:./Middlewares/ST/usbx/common/core/src/ux_utility_memory_set.c ****         *work_ptr++ =  value;
  42              		.loc 1 86 9 is_stmt 1 view .LVU5
  43              		.loc 1 86 21 is_stmt 0 view .LVU6
  44 0002 00F8011B 		strb	r1, [r0], #1
  45              	.LVL2:
  82:./Middlewares/ST/usbx/common/core/src/ux_utility_memory_set.c ****     {
  46              		.loc 1 82 17 view .LVU7
  47 0006 1A46     		mov	r2, r3
  48              	.LVL3:
  49              	.L2:
  82:./Middlewares/ST/usbx/common/core/src/ux_utility_memory_set.c ****     {
  50              		.loc 1 82 11 is_stmt 1 view .LVU8
  82:./Middlewares/ST/usbx/common/core/src/ux_utility_memory_set.c ****     {
  51              		.loc 1 82 17 is_stmt 0 view .LVU9
  52 0008 531E     		subs	r3, r2, #1
  53              	.LVL4:
  82:./Middlewares/ST/usbx/common/core/src/ux_utility_memory_set.c ****     {
  54              		.loc 1 82 11 view .LVU10
  55 000a 002A     		cmp	r2, #0
  56 000c F9D1     		bne	.L3
  87:./Middlewares/ST/usbx/common/core/src/ux_utility_memory_set.c ****     }
  88:./Middlewares/ST/usbx/common/core/src/ux_utility_memory_set.c **** 
  89:./Middlewares/ST/usbx/common/core/src/ux_utility_memory_set.c ****     /* Return to caller.  */
  90:./Middlewares/ST/usbx/common/core/src/ux_utility_memory_set.c ****     return; 
  91:./Middlewares/ST/usbx/common/core/src/ux_utility_memory_set.c **** }
  57              		.loc 1 91 1 view .LVU11
  58 000e 7047     		bx	lr
  59              		.cfi_endproc
  60              	.LFE11:
  62              		.text
  63              	.Letext0:
  64              		.file 2 "./Middlewares/ST/threadx/ports/cortex_m4/gnu/inc/tx_port.h"
ARM GAS  /tmp/ccxecEkW.s 			page 4


DEFINED SYMBOLS
                            *ABS*:00000000 ux_utility_memory_set.c
     /tmp/ccxecEkW.s:21     .text._ux_utility_memory_set:00000000 $t
     /tmp/ccxecEkW.s:27     .text._ux_utility_memory_set:00000000 _ux_utility_memory_set

NO UNDEFINED SYMBOLS
