ARM GAS  C:\Users\Dennis\AppData\Local\Temp\cc4dUaG5.s 			page 1


   1              		.cpu cortex-m4
   2              		.arch armv7e-m
   3              		.fpu fpv4-sp-d16
   4              		.eabi_attribute 27, 1
   5              		.eabi_attribute 28, 1
   6              		.eabi_attribute 20, 1
   7              		.eabi_attribute 21, 1
   8              		.eabi_attribute 23, 3
   9              		.eabi_attribute 24, 1
  10              		.eabi_attribute 25, 1
  11              		.eabi_attribute 26, 1
  12              		.eabi_attribute 30, 1
  13              		.eabi_attribute 34, 1
  14              		.eabi_attribute 18, 4
  15              		.file	"ux_utility_mutex_create.c"
  16              		.text
  17              	.Ltext0:
  18              		.cfi_sections	.debug_frame
  19              		.section	.text._ux_utility_mutex_create,"ax",%progbits
  20              		.align	1
  21              		.global	_ux_utility_mutex_create
  22              		.syntax unified
  23              		.thumb
  24              		.thumb_func
  26              	_ux_utility_mutex_create:
  27              	.LVL0:
  28              	.LFB11:
  29              		.file 1 "./Middlewares/ST/usbx/common/core/src/ux_utility_mutex_create.c"
   1:./Middlewares/ST/usbx/common/core/src/ux_utility_mutex_create.c **** /**************************************************************************/
   2:./Middlewares/ST/usbx/common/core/src/ux_utility_mutex_create.c **** /*                                                                        */
   3:./Middlewares/ST/usbx/common/core/src/ux_utility_mutex_create.c **** /*       Copyright (c) Microsoft Corporation. All rights reserved.        */
   4:./Middlewares/ST/usbx/common/core/src/ux_utility_mutex_create.c **** /*                                                                        */
   5:./Middlewares/ST/usbx/common/core/src/ux_utility_mutex_create.c **** /*       This software is licensed under the Microsoft Software License   */
   6:./Middlewares/ST/usbx/common/core/src/ux_utility_mutex_create.c **** /*       Terms for Microsoft Azure RTOS. Full text of the license can be  */
   7:./Middlewares/ST/usbx/common/core/src/ux_utility_mutex_create.c **** /*       found in the LICENSE file at https://aka.ms/AzureRTOS_EULA       */
   8:./Middlewares/ST/usbx/common/core/src/ux_utility_mutex_create.c **** /*       and in the root directory of this software.                      */
   9:./Middlewares/ST/usbx/common/core/src/ux_utility_mutex_create.c **** /*                                                                        */
  10:./Middlewares/ST/usbx/common/core/src/ux_utility_mutex_create.c **** /**************************************************************************/
  11:./Middlewares/ST/usbx/common/core/src/ux_utility_mutex_create.c **** 
  12:./Middlewares/ST/usbx/common/core/src/ux_utility_mutex_create.c **** 
  13:./Middlewares/ST/usbx/common/core/src/ux_utility_mutex_create.c **** /**************************************************************************/
  14:./Middlewares/ST/usbx/common/core/src/ux_utility_mutex_create.c **** /**************************************************************************/
  15:./Middlewares/ST/usbx/common/core/src/ux_utility_mutex_create.c **** /**                                                                       */ 
  16:./Middlewares/ST/usbx/common/core/src/ux_utility_mutex_create.c **** /** USBX Component                                                        */ 
  17:./Middlewares/ST/usbx/common/core/src/ux_utility_mutex_create.c **** /**                                                                       */
  18:./Middlewares/ST/usbx/common/core/src/ux_utility_mutex_create.c **** /**   Utility                                                             */
  19:./Middlewares/ST/usbx/common/core/src/ux_utility_mutex_create.c **** /**                                                                       */
  20:./Middlewares/ST/usbx/common/core/src/ux_utility_mutex_create.c **** /**************************************************************************/
  21:./Middlewares/ST/usbx/common/core/src/ux_utility_mutex_create.c **** /**************************************************************************/
  22:./Middlewares/ST/usbx/common/core/src/ux_utility_mutex_create.c **** 
  23:./Middlewares/ST/usbx/common/core/src/ux_utility_mutex_create.c **** 
  24:./Middlewares/ST/usbx/common/core/src/ux_utility_mutex_create.c **** /* Include necessary system files.  */
  25:./Middlewares/ST/usbx/common/core/src/ux_utility_mutex_create.c **** 
  26:./Middlewares/ST/usbx/common/core/src/ux_utility_mutex_create.c **** #define UX_SOURCE_CODE
  27:./Middlewares/ST/usbx/common/core/src/ux_utility_mutex_create.c **** 
  28:./Middlewares/ST/usbx/common/core/src/ux_utility_mutex_create.c **** #include "ux_api.h"
  29:./Middlewares/ST/usbx/common/core/src/ux_utility_mutex_create.c **** 
ARM GAS  C:\Users\Dennis\AppData\Local\Temp\cc4dUaG5.s 			page 2


  30:./Middlewares/ST/usbx/common/core/src/ux_utility_mutex_create.c **** 
  31:./Middlewares/ST/usbx/common/core/src/ux_utility_mutex_create.c **** /**************************************************************************/ 
  32:./Middlewares/ST/usbx/common/core/src/ux_utility_mutex_create.c **** /*                                                                        */ 
  33:./Middlewares/ST/usbx/common/core/src/ux_utility_mutex_create.c **** /*  FUNCTION                                               RELEASE        */ 
  34:./Middlewares/ST/usbx/common/core/src/ux_utility_mutex_create.c **** /*                                                                        */ 
  35:./Middlewares/ST/usbx/common/core/src/ux_utility_mutex_create.c **** /*    _ux_utility_mutex_create                            PORTABLE C      */ 
  36:./Middlewares/ST/usbx/common/core/src/ux_utility_mutex_create.c **** /*                                                           6.1          */
  37:./Middlewares/ST/usbx/common/core/src/ux_utility_mutex_create.c **** /*  AUTHOR                                                                */
  38:./Middlewares/ST/usbx/common/core/src/ux_utility_mutex_create.c **** /*                                                                        */
  39:./Middlewares/ST/usbx/common/core/src/ux_utility_mutex_create.c **** /*    Chaoqiong Xiao, Microsoft Corporation                               */
  40:./Middlewares/ST/usbx/common/core/src/ux_utility_mutex_create.c **** /*                                                                        */
  41:./Middlewares/ST/usbx/common/core/src/ux_utility_mutex_create.c **** /*  DESCRIPTION                                                           */
  42:./Middlewares/ST/usbx/common/core/src/ux_utility_mutex_create.c **** /*                                                                        */ 
  43:./Middlewares/ST/usbx/common/core/src/ux_utility_mutex_create.c **** /*    This function creates a protection mutex.                           */ 
  44:./Middlewares/ST/usbx/common/core/src/ux_utility_mutex_create.c **** /*                                                                        */ 
  45:./Middlewares/ST/usbx/common/core/src/ux_utility_mutex_create.c **** /*  INPUT                                                                 */ 
  46:./Middlewares/ST/usbx/common/core/src/ux_utility_mutex_create.c **** /*                                                                        */ 
  47:./Middlewares/ST/usbx/common/core/src/ux_utility_mutex_create.c **** /*    mutex                                 Pointer to mutex              */ 
  48:./Middlewares/ST/usbx/common/core/src/ux_utility_mutex_create.c **** /*    mutex_name                            Name of mutex                 */ 
  49:./Middlewares/ST/usbx/common/core/src/ux_utility_mutex_create.c **** /*                                                                        */ 
  50:./Middlewares/ST/usbx/common/core/src/ux_utility_mutex_create.c **** /*  OUTPUT                                                                */ 
  51:./Middlewares/ST/usbx/common/core/src/ux_utility_mutex_create.c **** /*                                                                        */ 
  52:./Middlewares/ST/usbx/common/core/src/ux_utility_mutex_create.c **** /*    Completion Status                                                   */ 
  53:./Middlewares/ST/usbx/common/core/src/ux_utility_mutex_create.c **** /*                                                                        */ 
  54:./Middlewares/ST/usbx/common/core/src/ux_utility_mutex_create.c **** /*  CALLS                                                                 */ 
  55:./Middlewares/ST/usbx/common/core/src/ux_utility_mutex_create.c **** /*                                                                        */ 
  56:./Middlewares/ST/usbx/common/core/src/ux_utility_mutex_create.c **** /*    tx_mutex_create                       ThreadX mutex create          */
  57:./Middlewares/ST/usbx/common/core/src/ux_utility_mutex_create.c **** /*                                                                        */ 
  58:./Middlewares/ST/usbx/common/core/src/ux_utility_mutex_create.c **** /*  CALLED BY                                                             */ 
  59:./Middlewares/ST/usbx/common/core/src/ux_utility_mutex_create.c **** /*                                                                        */ 
  60:./Middlewares/ST/usbx/common/core/src/ux_utility_mutex_create.c **** /*    USBX Components                                                     */ 
  61:./Middlewares/ST/usbx/common/core/src/ux_utility_mutex_create.c **** /*                                                                        */ 
  62:./Middlewares/ST/usbx/common/core/src/ux_utility_mutex_create.c **** /*  RELEASE HISTORY                                                       */ 
  63:./Middlewares/ST/usbx/common/core/src/ux_utility_mutex_create.c **** /*                                                                        */ 
  64:./Middlewares/ST/usbx/common/core/src/ux_utility_mutex_create.c **** /*    DATE              NAME                      DESCRIPTION             */ 
  65:./Middlewares/ST/usbx/common/core/src/ux_utility_mutex_create.c **** /*                                                                        */ 
  66:./Middlewares/ST/usbx/common/core/src/ux_utility_mutex_create.c **** /*  05-19-2020     Chaoqiong Xiao           Initial Version 6.0           */
  67:./Middlewares/ST/usbx/common/core/src/ux_utility_mutex_create.c **** /*  09-30-2020     Chaoqiong Xiao           Modified comment(s),          */
  68:./Middlewares/ST/usbx/common/core/src/ux_utility_mutex_create.c **** /*                                            used UX prefix to refer to  */
  69:./Middlewares/ST/usbx/common/core/src/ux_utility_mutex_create.c **** /*                                            TX symbols instead of using */
  70:./Middlewares/ST/usbx/common/core/src/ux_utility_mutex_create.c **** /*                                            them directly,              */
  71:./Middlewares/ST/usbx/common/core/src/ux_utility_mutex_create.c **** /*                                            resulting in version 6.1    */
  72:./Middlewares/ST/usbx/common/core/src/ux_utility_mutex_create.c **** /*                                                                        */
  73:./Middlewares/ST/usbx/common/core/src/ux_utility_mutex_create.c **** /**************************************************************************/
  74:./Middlewares/ST/usbx/common/core/src/ux_utility_mutex_create.c **** UINT  _ux_utility_mutex_create(UX_MUTEX *mutex, CHAR *mutex_name)
  75:./Middlewares/ST/usbx/common/core/src/ux_utility_mutex_create.c **** {
  30              		.loc 1 75 1 view -0
  31              		.cfi_startproc
  32              		@ args = 0, pretend = 0, frame = 0
  33              		@ frame_needed = 0, uses_anonymous_args = 0
  34              		.loc 1 75 1 is_stmt 0 view .LVU1
  35 0000 10B5     		push	{r4, lr}
  36              	.LCFI0:
  37              		.cfi_def_cfa_offset 8
  38              		.cfi_offset 4, -8
  39              		.cfi_offset 14, -4
  76:./Middlewares/ST/usbx/common/core/src/ux_utility_mutex_create.c **** 
ARM GAS  C:\Users\Dennis\AppData\Local\Temp\cc4dUaG5.s 			page 3


  77:./Middlewares/ST/usbx/common/core/src/ux_utility_mutex_create.c **** UINT    status;
  40              		.loc 1 77 1 is_stmt 1 view .LVU2
  78:./Middlewares/ST/usbx/common/core/src/ux_utility_mutex_create.c **** 
  79:./Middlewares/ST/usbx/common/core/src/ux_utility_mutex_create.c **** 
  80:./Middlewares/ST/usbx/common/core/src/ux_utility_mutex_create.c ****     /* Call ThreadX to create the Mutex object.  */
  81:./Middlewares/ST/usbx/common/core/src/ux_utility_mutex_create.c ****     status =  tx_mutex_create(mutex, (CHAR *) mutex_name, TX_NO_INHERIT);   
  41              		.loc 1 81 5 view .LVU3
  42              		.loc 1 81 15 is_stmt 0 view .LVU4
  43 0002 3423     		movs	r3, #52
  44 0004 0022     		movs	r2, #0
  45 0006 FFF7FEFF 		bl	_txe_mutex_create
  46              	.LVL1:
  82:./Middlewares/ST/usbx/common/core/src/ux_utility_mutex_create.c **** 
  83:./Middlewares/ST/usbx/common/core/src/ux_utility_mutex_create.c ****     /* Check for status.  */
  84:./Middlewares/ST/usbx/common/core/src/ux_utility_mutex_create.c ****     if (status != UX_SUCCESS)
  47              		.loc 1 84 5 is_stmt 1 view .LVU5
  48              		.loc 1 84 8 is_stmt 0 view .LVU6
  49 000a 0446     		mov	r4, r0
  50 000c 08B9     		cbnz	r0, .L4
  51              	.LVL2:
  52              	.L1:
  85:./Middlewares/ST/usbx/common/core/src/ux_utility_mutex_create.c ****     {
  86:./Middlewares/ST/usbx/common/core/src/ux_utility_mutex_create.c **** 
  87:./Middlewares/ST/usbx/common/core/src/ux_utility_mutex_create.c ****         /* Error trap. */
  88:./Middlewares/ST/usbx/common/core/src/ux_utility_mutex_create.c ****         _ux_system_error_handler(UX_SYSTEM_LEVEL_THREAD, UX_SYSTEM_CONTEXT_UTILITY, status);
  89:./Middlewares/ST/usbx/common/core/src/ux_utility_mutex_create.c **** 
  90:./Middlewares/ST/usbx/common/core/src/ux_utility_mutex_create.c ****         /* If trace is enabled, insert this event into the trace buffer.  */
  91:./Middlewares/ST/usbx/common/core/src/ux_utility_mutex_create.c ****         UX_TRACE_IN_LINE_INSERT(UX_TRACE_ERROR, UX_MUTEX_ERROR, mutex, 0, 0, UX_TRACE_ERRORS, 0, 0)
  92:./Middlewares/ST/usbx/common/core/src/ux_utility_mutex_create.c **** 
  93:./Middlewares/ST/usbx/common/core/src/ux_utility_mutex_create.c ****     }
  94:./Middlewares/ST/usbx/common/core/src/ux_utility_mutex_create.c ****     /* Return completion status.  */
  95:./Middlewares/ST/usbx/common/core/src/ux_utility_mutex_create.c ****     return(status);
  96:./Middlewares/ST/usbx/common/core/src/ux_utility_mutex_create.c **** }
  53              		.loc 1 96 1 view .LVU7
  54 000e 2046     		mov	r0, r4
  55 0010 10BD     		pop	{r4, pc}
  56              	.LVL3:
  57              	.L4:
  88:./Middlewares/ST/usbx/common/core/src/ux_utility_mutex_create.c **** 
  58              		.loc 1 88 9 is_stmt 1 view .LVU8
  59 0012 0246     		mov	r2, r0
  60 0014 0821     		movs	r1, #8
  61 0016 0220     		movs	r0, #2
  62              	.LVL4:
  88:./Middlewares/ST/usbx/common/core/src/ux_utility_mutex_create.c **** 
  63              		.loc 1 88 9 is_stmt 0 view .LVU9
  64 0018 FFF7FEFF 		bl	_ux_system_error_handler
  65              	.LVL5:
  95:./Middlewares/ST/usbx/common/core/src/ux_utility_mutex_create.c **** }
  66              		.loc 1 95 5 is_stmt 1 view .LVU10
  95:./Middlewares/ST/usbx/common/core/src/ux_utility_mutex_create.c **** }
  67              		.loc 1 95 11 is_stmt 0 view .LVU11
  68 001c F7E7     		b	.L1
  69              		.cfi_endproc
  70              	.LFE11:
  72              		.text
  73              	.Letext0:
ARM GAS  C:\Users\Dennis\AppData\Local\Temp\cc4dUaG5.s 			page 4


  74              		.file 2 "./Middlewares/ST/threadx/ports/cortex_m4/gnu/inc/tx_port.h"
  75              		.file 3 "./Middlewares/ST/threadx/common/inc/tx_api.h"
  76              		.file 4 "./Middlewares/ST/usbx/common/core/inc/ux_utility.h"
ARM GAS  C:\Users\Dennis\AppData\Local\Temp\cc4dUaG5.s 			page 5


DEFINED SYMBOLS
                            *ABS*:00000000 ux_utility_mutex_create.c
C:\Users\Dennis\AppData\Local\Temp\cc4dUaG5.s:20     .text._ux_utility_mutex_create:00000000 $t
C:\Users\Dennis\AppData\Local\Temp\cc4dUaG5.s:26     .text._ux_utility_mutex_create:00000000 _ux_utility_mutex_create

UNDEFINED SYMBOLS
_txe_mutex_create
_ux_system_error_handler
