ARM GAS  /tmp/ccGnyIaV.s 			page 1


   1              		.cpu cortex-m4
   2              		.arch armv7e-m
   3              		.fpu fpv4-sp-d16
   4              		.eabi_attribute 27, 1
   5              		.eabi_attribute 28, 1
   6              		.eabi_attribute 20, 1
   7              		.eabi_attribute 21, 1
   8              		.eabi_attribute 23, 3
   9              		.eabi_attribute 24, 1
  10              		.eabi_attribute 25, 1
  11              		.eabi_attribute 26, 1
  12              		.eabi_attribute 30, 1
  13              		.eabi_attribute 34, 1
  14              		.eabi_attribute 18, 4
  15              		.file	"ux_utility_event_flags_get.c"
  16              		.text
  17              	.Ltext0:
  18              		.cfi_sections	.debug_frame
  19              		.file 1 "./Middlewares/ST/usbx/common/core/src/ux_utility_event_flags_get.c"
  20              		.section	.text._ux_utility_event_flags_get,"ax",%progbits
  21              		.align	1
  22              		.global	_ux_utility_event_flags_get
  23              		.syntax unified
  24              		.thumb
  25              		.thumb_func
  27              	_ux_utility_event_flags_get:
  28              	.LVL0:
  29              	.LFB11:
   1:./Middlewares/ST/usbx/common/core/src/ux_utility_event_flags_get.c **** /**************************************************************************/
   2:./Middlewares/ST/usbx/common/core/src/ux_utility_event_flags_get.c **** /*                                                                        */
   3:./Middlewares/ST/usbx/common/core/src/ux_utility_event_flags_get.c **** /*       Copyright (c) Microsoft Corporation. All rights reserved.        */
   4:./Middlewares/ST/usbx/common/core/src/ux_utility_event_flags_get.c **** /*                                                                        */
   5:./Middlewares/ST/usbx/common/core/src/ux_utility_event_flags_get.c **** /*       This software is licensed under the Microsoft Software License   */
   6:./Middlewares/ST/usbx/common/core/src/ux_utility_event_flags_get.c **** /*       Terms for Microsoft Azure RTOS. Full text of the license can be  */
   7:./Middlewares/ST/usbx/common/core/src/ux_utility_event_flags_get.c **** /*       found in the LICENSE file at https://aka.ms/AzureRTOS_EULA       */
   8:./Middlewares/ST/usbx/common/core/src/ux_utility_event_flags_get.c **** /*       and in the root directory of this software.                      */
   9:./Middlewares/ST/usbx/common/core/src/ux_utility_event_flags_get.c **** /*                                                                        */
  10:./Middlewares/ST/usbx/common/core/src/ux_utility_event_flags_get.c **** /**************************************************************************/
  11:./Middlewares/ST/usbx/common/core/src/ux_utility_event_flags_get.c **** 
  12:./Middlewares/ST/usbx/common/core/src/ux_utility_event_flags_get.c **** 
  13:./Middlewares/ST/usbx/common/core/src/ux_utility_event_flags_get.c **** /**************************************************************************/
  14:./Middlewares/ST/usbx/common/core/src/ux_utility_event_flags_get.c **** /**************************************************************************/
  15:./Middlewares/ST/usbx/common/core/src/ux_utility_event_flags_get.c **** /**                                                                       */ 
  16:./Middlewares/ST/usbx/common/core/src/ux_utility_event_flags_get.c **** /** USBX Component                                                        */ 
  17:./Middlewares/ST/usbx/common/core/src/ux_utility_event_flags_get.c **** /**                                                                       */
  18:./Middlewares/ST/usbx/common/core/src/ux_utility_event_flags_get.c **** /**   Utility                                                             */
  19:./Middlewares/ST/usbx/common/core/src/ux_utility_event_flags_get.c **** /**                                                                       */
  20:./Middlewares/ST/usbx/common/core/src/ux_utility_event_flags_get.c **** /**************************************************************************/
  21:./Middlewares/ST/usbx/common/core/src/ux_utility_event_flags_get.c **** /**************************************************************************/
  22:./Middlewares/ST/usbx/common/core/src/ux_utility_event_flags_get.c **** 
  23:./Middlewares/ST/usbx/common/core/src/ux_utility_event_flags_get.c **** 
  24:./Middlewares/ST/usbx/common/core/src/ux_utility_event_flags_get.c **** /* Include necessary system files.  */
  25:./Middlewares/ST/usbx/common/core/src/ux_utility_event_flags_get.c **** 
  26:./Middlewares/ST/usbx/common/core/src/ux_utility_event_flags_get.c **** #define UX_SOURCE_CODE
  27:./Middlewares/ST/usbx/common/core/src/ux_utility_event_flags_get.c **** 
  28:./Middlewares/ST/usbx/common/core/src/ux_utility_event_flags_get.c **** #include "ux_api.h"
  29:./Middlewares/ST/usbx/common/core/src/ux_utility_event_flags_get.c **** 
ARM GAS  /tmp/ccGnyIaV.s 			page 2


  30:./Middlewares/ST/usbx/common/core/src/ux_utility_event_flags_get.c **** 
  31:./Middlewares/ST/usbx/common/core/src/ux_utility_event_flags_get.c **** /**************************************************************************/ 
  32:./Middlewares/ST/usbx/common/core/src/ux_utility_event_flags_get.c **** /*                                                                        */ 
  33:./Middlewares/ST/usbx/common/core/src/ux_utility_event_flags_get.c **** /*  FUNCTION                                               RELEASE        */ 
  34:./Middlewares/ST/usbx/common/core/src/ux_utility_event_flags_get.c **** /*                                                                        */ 
  35:./Middlewares/ST/usbx/common/core/src/ux_utility_event_flags_get.c **** /*    _ux_utility_event_flags_get                         PORTABLE C      */ 
  36:./Middlewares/ST/usbx/common/core/src/ux_utility_event_flags_get.c **** /*                                                           6.1          */
  37:./Middlewares/ST/usbx/common/core/src/ux_utility_event_flags_get.c **** /*  AUTHOR                                                                */
  38:./Middlewares/ST/usbx/common/core/src/ux_utility_event_flags_get.c **** /*                                                                        */
  39:./Middlewares/ST/usbx/common/core/src/ux_utility_event_flags_get.c **** /*    Chaoqiong Xiao, Microsoft Corporation                               */
  40:./Middlewares/ST/usbx/common/core/src/ux_utility_event_flags_get.c **** /*                                                                        */
  41:./Middlewares/ST/usbx/common/core/src/ux_utility_event_flags_get.c **** /*  DESCRIPTION                                                           */
  42:./Middlewares/ST/usbx/common/core/src/ux_utility_event_flags_get.c **** /*                                                                        */ 
  43:./Middlewares/ST/usbx/common/core/src/ux_utility_event_flags_get.c **** /*    This function get event flags from event flag group                 */ 
  44:./Middlewares/ST/usbx/common/core/src/ux_utility_event_flags_get.c **** /*                                                                        */ 
  45:./Middlewares/ST/usbx/common/core/src/ux_utility_event_flags_get.c **** /*  INPUT                                                                 */ 
  46:./Middlewares/ST/usbx/common/core/src/ux_utility_event_flags_get.c **** /*                                                                        */ 
  47:./Middlewares/ST/usbx/common/core/src/ux_utility_event_flags_get.c **** /*    group_ptr                             Event flag control group      */ 
  48:./Middlewares/ST/usbx/common/core/src/ux_utility_event_flags_get.c **** /*    requested_flags                       32 bits variable event flags  */ 
  49:./Middlewares/ST/usbx/common/core/src/ux_utility_event_flags_get.c **** /*    get_option                            AND/OR/CLEAR ... options      */ 
  50:./Middlewares/ST/usbx/common/core/src/ux_utility_event_flags_get.c **** /*    actual_flag_ptr                       where the flags are placed    */ 
  51:./Middlewares/ST/usbx/common/core/src/ux_utility_event_flags_get.c **** /*    wait_option                           waiting option                */ 
  52:./Middlewares/ST/usbx/common/core/src/ux_utility_event_flags_get.c **** /*                                                                        */ 
  53:./Middlewares/ST/usbx/common/core/src/ux_utility_event_flags_get.c **** /*                                                                        */ 
  54:./Middlewares/ST/usbx/common/core/src/ux_utility_event_flags_get.c **** /*  OUTPUT                                                                */ 
  55:./Middlewares/ST/usbx/common/core/src/ux_utility_event_flags_get.c **** /*                                                                        */ 
  56:./Middlewares/ST/usbx/common/core/src/ux_utility_event_flags_get.c **** /*    Completion Status                                                   */ 
  57:./Middlewares/ST/usbx/common/core/src/ux_utility_event_flags_get.c **** /*                                                                        */ 
  58:./Middlewares/ST/usbx/common/core/src/ux_utility_event_flags_get.c **** /*  CALLS                                                                 */ 
  59:./Middlewares/ST/usbx/common/core/src/ux_utility_event_flags_get.c **** /*                                                                        */ 
  60:./Middlewares/ST/usbx/common/core/src/ux_utility_event_flags_get.c **** /*    tx_event_flags_get                    ThreadX get event flag        */ 
  61:./Middlewares/ST/usbx/common/core/src/ux_utility_event_flags_get.c **** /*                                                                        */ 
  62:./Middlewares/ST/usbx/common/core/src/ux_utility_event_flags_get.c **** /*  CALLED BY                                                             */ 
  63:./Middlewares/ST/usbx/common/core/src/ux_utility_event_flags_get.c **** /*                                                                        */ 
  64:./Middlewares/ST/usbx/common/core/src/ux_utility_event_flags_get.c **** /*    USBX Components                                                     */ 
  65:./Middlewares/ST/usbx/common/core/src/ux_utility_event_flags_get.c **** /*                                                                        */ 
  66:./Middlewares/ST/usbx/common/core/src/ux_utility_event_flags_get.c **** /*  RELEASE HISTORY                                                       */ 
  67:./Middlewares/ST/usbx/common/core/src/ux_utility_event_flags_get.c **** /*                                                                        */ 
  68:./Middlewares/ST/usbx/common/core/src/ux_utility_event_flags_get.c **** /*    DATE              NAME                      DESCRIPTION             */ 
  69:./Middlewares/ST/usbx/common/core/src/ux_utility_event_flags_get.c **** /*                                                                        */ 
  70:./Middlewares/ST/usbx/common/core/src/ux_utility_event_flags_get.c **** /*  05-19-2020     Chaoqiong Xiao           Initial Version 6.0           */
  71:./Middlewares/ST/usbx/common/core/src/ux_utility_event_flags_get.c **** /*  09-30-2020     Chaoqiong Xiao           Modified comment(s),          */
  72:./Middlewares/ST/usbx/common/core/src/ux_utility_event_flags_get.c **** /*                                            used UX prefix to refer to  */
  73:./Middlewares/ST/usbx/common/core/src/ux_utility_event_flags_get.c **** /*                                            TX symbols instead of using */
  74:./Middlewares/ST/usbx/common/core/src/ux_utility_event_flags_get.c **** /*                                            them directly,              */
  75:./Middlewares/ST/usbx/common/core/src/ux_utility_event_flags_get.c **** /*                                            resulting in version 6.1    */
  76:./Middlewares/ST/usbx/common/core/src/ux_utility_event_flags_get.c **** /*                                                                        */
  77:./Middlewares/ST/usbx/common/core/src/ux_utility_event_flags_get.c **** /**************************************************************************/
  78:./Middlewares/ST/usbx/common/core/src/ux_utility_event_flags_get.c **** UINT  _ux_utility_event_flags_get(UX_EVENT_FLAGS_GROUP*group_ptr, ULONG requested_flags, 
  79:./Middlewares/ST/usbx/common/core/src/ux_utility_event_flags_get.c ****                                         UINT get_option, ULONG *actual_flags_ptr, ULONG wait_option
  80:./Middlewares/ST/usbx/common/core/src/ux_utility_event_flags_get.c **** {
  30              		.loc 1 80 1 view -0
  31              		.cfi_startproc
  32              		@ args = 4, pretend = 0, frame = 8
  33              		@ frame_needed = 0, uses_anonymous_args = 0
  34              		.loc 1 80 1 is_stmt 0 view .LVU1
  35 0000 10B5     		push	{r4, lr}
ARM GAS  /tmp/ccGnyIaV.s 			page 3


  36              	.LCFI0:
  37              		.cfi_def_cfa_offset 8
  38              		.cfi_offset 4, -8
  39              		.cfi_offset 14, -4
  40 0002 84B0     		sub	sp, sp, #16
  41              	.LCFI1:
  42              		.cfi_def_cfa_offset 24
  43 0004 1C46     		mov	r4, r3
  81:./Middlewares/ST/usbx/common/core/src/ux_utility_event_flags_get.c **** 
  82:./Middlewares/ST/usbx/common/core/src/ux_utility_event_flags_get.c **** UINT    status;
  44              		.loc 1 82 1 is_stmt 1 view .LVU2
  83:./Middlewares/ST/usbx/common/core/src/ux_utility_event_flags_get.c **** ULONG   local_actual_flags_ptr;
  45              		.loc 1 83 1 view .LVU3
  84:./Middlewares/ST/usbx/common/core/src/ux_utility_event_flags_get.c **** 
  85:./Middlewares/ST/usbx/common/core/src/ux_utility_event_flags_get.c ****     /* Call ThreadX to get the event flags.  */
  86:./Middlewares/ST/usbx/common/core/src/ux_utility_event_flags_get.c ****     status =  tx_event_flags_get(group_ptr, requested_flags, get_option, &local_actual_flags_ptr, w
  46              		.loc 1 86 5 view .LVU4
  47              		.loc 1 86 15 is_stmt 0 view .LVU5
  48 0006 069B     		ldr	r3, [sp, #24]
  49              	.LVL1:
  50              		.loc 1 86 15 view .LVU6
  51 0008 0093     		str	r3, [sp]
  52 000a 03AB     		add	r3, sp, #12
  53 000c FFF7FEFF 		bl	_txe_event_flags_get
  54              	.LVL2:
  87:./Middlewares/ST/usbx/common/core/src/ux_utility_event_flags_get.c **** 
  88:./Middlewares/ST/usbx/common/core/src/ux_utility_event_flags_get.c ****     /* Update the actual flags.  */
  89:./Middlewares/ST/usbx/common/core/src/ux_utility_event_flags_get.c ****     *actual_flags_ptr = local_actual_flags_ptr;
  55              		.loc 1 89 5 is_stmt 1 view .LVU7
  56              		.loc 1 89 23 is_stmt 0 view .LVU8
  57 0010 039B     		ldr	r3, [sp, #12]
  58 0012 2360     		str	r3, [r4]
  90:./Middlewares/ST/usbx/common/core/src/ux_utility_event_flags_get.c ****     
  91:./Middlewares/ST/usbx/common/core/src/ux_utility_event_flags_get.c ****     /* Return completion status.  */
  92:./Middlewares/ST/usbx/common/core/src/ux_utility_event_flags_get.c ****     return(status);
  59              		.loc 1 92 5 is_stmt 1 view .LVU9
  93:./Middlewares/ST/usbx/common/core/src/ux_utility_event_flags_get.c **** }
  60              		.loc 1 93 1 is_stmt 0 view .LVU10
  61 0014 04B0     		add	sp, sp, #16
  62              	.LCFI2:
  63              		.cfi_def_cfa_offset 8
  64              		@ sp needed
  65 0016 10BD     		pop	{r4, pc}
  66              		.loc 1 93 1 view .LVU11
  67              		.cfi_endproc
  68              	.LFE11:
  70              		.text
  71              	.Letext0:
  72              		.file 2 "./Middlewares/ST/threadx/ports/cortex_m4/gnu/inc/tx_port.h"
  73              		.file 3 "./Middlewares/ST/threadx/common/inc/tx_api.h"
ARM GAS  /tmp/ccGnyIaV.s 			page 4


DEFINED SYMBOLS
                            *ABS*:00000000 ux_utility_event_flags_get.c
     /tmp/ccGnyIaV.s:21     .text._ux_utility_event_flags_get:00000000 $t
     /tmp/ccGnyIaV.s:27     .text._ux_utility_event_flags_get:00000000 _ux_utility_event_flags_get

UNDEFINED SYMBOLS
_txe_event_flags_get
