ARM GAS  C:\Users\Dennis\AppData\Local\Temp\ccMYmckd.s 			page 1


   1              		.cpu cortex-m4
   2              		.arch armv7e-m
   3              		.fpu fpv4-sp-d16
   4              		.eabi_attribute 27, 1
   5              		.eabi_attribute 28, 1
   6              		.eabi_attribute 20, 1
   7              		.eabi_attribute 21, 1
   8              		.eabi_attribute 23, 3
   9              		.eabi_attribute 24, 1
  10              		.eabi_attribute 25, 1
  11              		.eabi_attribute 26, 1
  12              		.eabi_attribute 30, 1
  13              		.eabi_attribute 34, 1
  14              		.eabi_attribute 18, 4
  15              		.file	"ux_utility_memory_free_block_best_get.c"
  16              		.text
  17              	.Ltext0:
  18              		.cfi_sections	.debug_frame
  19              		.section	.text._ux_utility_memory_free_block_best_get,"ax",%progbits
  20              		.align	1
  21              		.global	_ux_utility_memory_free_block_best_get
  22              		.syntax unified
  23              		.thumb
  24              		.thumb_func
  26              	_ux_utility_memory_free_block_best_get:
  27              	.LVL0:
  28              	.LFB11:
  29              		.file 1 "./Middlewares/ST/usbx/common/core/src/ux_utility_memory_free_block_best_get.c"
   1:./Middlewares/ST/usbx/common/core/src/ux_utility_memory_free_block_best_get.c **** /**************************************************************************/
   2:./Middlewares/ST/usbx/common/core/src/ux_utility_memory_free_block_best_get.c **** /*                                                                        */
   3:./Middlewares/ST/usbx/common/core/src/ux_utility_memory_free_block_best_get.c **** /*       Copyright (c) Microsoft Corporation. All rights reserved.        */
   4:./Middlewares/ST/usbx/common/core/src/ux_utility_memory_free_block_best_get.c **** /*                                                                        */
   5:./Middlewares/ST/usbx/common/core/src/ux_utility_memory_free_block_best_get.c **** /*       This software is licensed under the Microsoft Software License   */
   6:./Middlewares/ST/usbx/common/core/src/ux_utility_memory_free_block_best_get.c **** /*       Terms for Microsoft Azure RTOS. Full text of the license can be  */
   7:./Middlewares/ST/usbx/common/core/src/ux_utility_memory_free_block_best_get.c **** /*       found in the LICENSE file at https://aka.ms/AzureRTOS_EULA       */
   8:./Middlewares/ST/usbx/common/core/src/ux_utility_memory_free_block_best_get.c **** /*       and in the root directory of this software.                      */
   9:./Middlewares/ST/usbx/common/core/src/ux_utility_memory_free_block_best_get.c **** /*                                                                        */
  10:./Middlewares/ST/usbx/common/core/src/ux_utility_memory_free_block_best_get.c **** /**************************************************************************/
  11:./Middlewares/ST/usbx/common/core/src/ux_utility_memory_free_block_best_get.c **** 
  12:./Middlewares/ST/usbx/common/core/src/ux_utility_memory_free_block_best_get.c **** 
  13:./Middlewares/ST/usbx/common/core/src/ux_utility_memory_free_block_best_get.c **** /**************************************************************************/
  14:./Middlewares/ST/usbx/common/core/src/ux_utility_memory_free_block_best_get.c **** /**************************************************************************/
  15:./Middlewares/ST/usbx/common/core/src/ux_utility_memory_free_block_best_get.c **** /**                                                                       */ 
  16:./Middlewares/ST/usbx/common/core/src/ux_utility_memory_free_block_best_get.c **** /** USBX Component                                                        */ 
  17:./Middlewares/ST/usbx/common/core/src/ux_utility_memory_free_block_best_get.c **** /**                                                                       */
  18:./Middlewares/ST/usbx/common/core/src/ux_utility_memory_free_block_best_get.c **** /**   USBX main stack                                                     */
  19:./Middlewares/ST/usbx/common/core/src/ux_utility_memory_free_block_best_get.c **** /**                                                                       */
  20:./Middlewares/ST/usbx/common/core/src/ux_utility_memory_free_block_best_get.c **** /**************************************************************************/
  21:./Middlewares/ST/usbx/common/core/src/ux_utility_memory_free_block_best_get.c **** /**************************************************************************/
  22:./Middlewares/ST/usbx/common/core/src/ux_utility_memory_free_block_best_get.c **** 
  23:./Middlewares/ST/usbx/common/core/src/ux_utility_memory_free_block_best_get.c **** 
  24:./Middlewares/ST/usbx/common/core/src/ux_utility_memory_free_block_best_get.c **** /* Include necessary system files.  */
  25:./Middlewares/ST/usbx/common/core/src/ux_utility_memory_free_block_best_get.c **** 
  26:./Middlewares/ST/usbx/common/core/src/ux_utility_memory_free_block_best_get.c **** #define UX_SOURCE_CODE
  27:./Middlewares/ST/usbx/common/core/src/ux_utility_memory_free_block_best_get.c **** 
  28:./Middlewares/ST/usbx/common/core/src/ux_utility_memory_free_block_best_get.c **** #include "ux_api.h"
  29:./Middlewares/ST/usbx/common/core/src/ux_utility_memory_free_block_best_get.c **** 
ARM GAS  C:\Users\Dennis\AppData\Local\Temp\ccMYmckd.s 			page 2


  30:./Middlewares/ST/usbx/common/core/src/ux_utility_memory_free_block_best_get.c **** 
  31:./Middlewares/ST/usbx/common/core/src/ux_utility_memory_free_block_best_get.c **** /**************************************************************************/ 
  32:./Middlewares/ST/usbx/common/core/src/ux_utility_memory_free_block_best_get.c **** /*                                                                        */ 
  33:./Middlewares/ST/usbx/common/core/src/ux_utility_memory_free_block_best_get.c **** /*  FUNCTION                                               RELEASE        */ 
  34:./Middlewares/ST/usbx/common/core/src/ux_utility_memory_free_block_best_get.c **** /*                                                                        */ 
  35:./Middlewares/ST/usbx/common/core/src/ux_utility_memory_free_block_best_get.c **** /*    _ux_utility_memory_free_block_best_get              PORTABLE C      */ 
  36:./Middlewares/ST/usbx/common/core/src/ux_utility_memory_free_block_best_get.c **** /*                                                           6.1          */
  37:./Middlewares/ST/usbx/common/core/src/ux_utility_memory_free_block_best_get.c **** /*  AUTHOR                                                                */
  38:./Middlewares/ST/usbx/common/core/src/ux_utility_memory_free_block_best_get.c **** /*                                                                        */
  39:./Middlewares/ST/usbx/common/core/src/ux_utility_memory_free_block_best_get.c **** /*    Chaoqiong Xiao, Microsoft Corporation                               */
  40:./Middlewares/ST/usbx/common/core/src/ux_utility_memory_free_block_best_get.c **** /*                                                                        */
  41:./Middlewares/ST/usbx/common/core/src/ux_utility_memory_free_block_best_get.c **** /*  DESCRIPTION                                                           */
  42:./Middlewares/ST/usbx/common/core/src/ux_utility_memory_free_block_best_get.c **** /*                                                                        */ 
  43:./Middlewares/ST/usbx/common/core/src/ux_utility_memory_free_block_best_get.c **** /*    This function returns the best free memory block.                   */ 
  44:./Middlewares/ST/usbx/common/core/src/ux_utility_memory_free_block_best_get.c **** /*                                                                        */ 
  45:./Middlewares/ST/usbx/common/core/src/ux_utility_memory_free_block_best_get.c **** /*  INPUT                                                                 */ 
  46:./Middlewares/ST/usbx/common/core/src/ux_utility_memory_free_block_best_get.c **** /*                                                                        */ 
  47:./Middlewares/ST/usbx/common/core/src/ux_utility_memory_free_block_best_get.c **** /*    memory_cache_flag                     Memory pool source            */ 
  48:./Middlewares/ST/usbx/common/core/src/ux_utility_memory_free_block_best_get.c **** /*    memory_size_requested                 Size of memory requested      */ 
  49:./Middlewares/ST/usbx/common/core/src/ux_utility_memory_free_block_best_get.c **** /*                                                                        */ 
  50:./Middlewares/ST/usbx/common/core/src/ux_utility_memory_free_block_best_get.c **** /*  OUTPUT                                                                */ 
  51:./Middlewares/ST/usbx/common/core/src/ux_utility_memory_free_block_best_get.c **** /*                                                                        */ 
  52:./Middlewares/ST/usbx/common/core/src/ux_utility_memory_free_block_best_get.c **** /*    Pointer to best free block                                          */ 
  53:./Middlewares/ST/usbx/common/core/src/ux_utility_memory_free_block_best_get.c **** /*                                                                        */ 
  54:./Middlewares/ST/usbx/common/core/src/ux_utility_memory_free_block_best_get.c **** /*  CALLS                                                                 */ 
  55:./Middlewares/ST/usbx/common/core/src/ux_utility_memory_free_block_best_get.c **** /*                                                                        */ 
  56:./Middlewares/ST/usbx/common/core/src/ux_utility_memory_free_block_best_get.c **** /*    None                                                                */
  57:./Middlewares/ST/usbx/common/core/src/ux_utility_memory_free_block_best_get.c **** /*                                                                        */ 
  58:./Middlewares/ST/usbx/common/core/src/ux_utility_memory_free_block_best_get.c **** /*  CALLED BY                                                             */ 
  59:./Middlewares/ST/usbx/common/core/src/ux_utility_memory_free_block_best_get.c **** /*                                                                        */ 
  60:./Middlewares/ST/usbx/common/core/src/ux_utility_memory_free_block_best_get.c **** /*    USBX Components                                                     */ 
  61:./Middlewares/ST/usbx/common/core/src/ux_utility_memory_free_block_best_get.c **** /*                                                                        */ 
  62:./Middlewares/ST/usbx/common/core/src/ux_utility_memory_free_block_best_get.c **** /*  RELEASE HISTORY                                                       */ 
  63:./Middlewares/ST/usbx/common/core/src/ux_utility_memory_free_block_best_get.c **** /*                                                                        */ 
  64:./Middlewares/ST/usbx/common/core/src/ux_utility_memory_free_block_best_get.c **** /*    DATE              NAME                      DESCRIPTION             */ 
  65:./Middlewares/ST/usbx/common/core/src/ux_utility_memory_free_block_best_get.c **** /*                                                                        */ 
  66:./Middlewares/ST/usbx/common/core/src/ux_utility_memory_free_block_best_get.c **** /*  05-19-2020     Chaoqiong Xiao           Initial Version 6.0           */
  67:./Middlewares/ST/usbx/common/core/src/ux_utility_memory_free_block_best_get.c **** /*  09-30-2020     Chaoqiong Xiao           Modified comment(s),          */
  68:./Middlewares/ST/usbx/common/core/src/ux_utility_memory_free_block_best_get.c **** /*                                            resulting in version 6.1    */
  69:./Middlewares/ST/usbx/common/core/src/ux_utility_memory_free_block_best_get.c **** /*                                                                        */
  70:./Middlewares/ST/usbx/common/core/src/ux_utility_memory_free_block_best_get.c **** /**************************************************************************/
  71:./Middlewares/ST/usbx/common/core/src/ux_utility_memory_free_block_best_get.c **** UX_MEMORY_BLOCK  *_ux_utility_memory_free_block_best_get(ULONG memory_cache_flag, 
  72:./Middlewares/ST/usbx/common/core/src/ux_utility_memory_free_block_best_get.c ****                                                         ULONG memory_size_requested)
  73:./Middlewares/ST/usbx/common/core/src/ux_utility_memory_free_block_best_get.c **** {
  30              		.loc 1 73 1 view -0
  31              		.cfi_startproc
  32              		@ args = 0, pretend = 0, frame = 0
  33              		@ frame_needed = 0, uses_anonymous_args = 0
  34              		@ link register save eliminated.
  74:./Middlewares/ST/usbx/common/core/src/ux_utility_memory_free_block_best_get.c **** 
  75:./Middlewares/ST/usbx/common/core/src/ux_utility_memory_free_block_best_get.c **** UX_MEMORY_BLOCK     *memory_block;
  35              		.loc 1 75 1 view .LVU1
  76:./Middlewares/ST/usbx/common/core/src/ux_utility_memory_free_block_best_get.c **** UX_MEMORY_BLOCK     *best_memory_block;
  36              		.loc 1 76 1 view .LVU2
  77:./Middlewares/ST/usbx/common/core/src/ux_utility_memory_free_block_best_get.c ****     
  78:./Middlewares/ST/usbx/common/core/src/ux_utility_memory_free_block_best_get.c **** 
  79:./Middlewares/ST/usbx/common/core/src/ux_utility_memory_free_block_best_get.c ****     /* Reset the free memory block.  */
ARM GAS  C:\Users\Dennis\AppData\Local\Temp\ccMYmckd.s 			page 3


  80:./Middlewares/ST/usbx/common/core/src/ux_utility_memory_free_block_best_get.c ****     best_memory_block =  UX_NULL;
  37              		.loc 1 80 5 view .LVU3
  81:./Middlewares/ST/usbx/common/core/src/ux_utility_memory_free_block_best_get.c ****     
  82:./Middlewares/ST/usbx/common/core/src/ux_utility_memory_free_block_best_get.c ****     /* Check the type of memory we need.  */
  83:./Middlewares/ST/usbx/common/core/src/ux_utility_memory_free_block_best_get.c ****     switch (memory_cache_flag)
  38              		.loc 1 83 5 view .LVU4
  39 0000 18B1     		cbz	r0, .L2
  40 0002 0128     		cmp	r0, #1
  41 0004 06D0     		beq	.L3
  42 0006 0020     		movs	r0, #0
  43              	.LVL1:
  44              		.loc 1 83 5 is_stmt 0 view .LVU5
  45 0008 7047     		bx	lr
  46              	.LVL2:
  47              	.L2:
  84:./Middlewares/ST/usbx/common/core/src/ux_utility_memory_free_block_best_get.c ****     {
  85:./Middlewares/ST/usbx/common/core/src/ux_utility_memory_free_block_best_get.c **** 
  86:./Middlewares/ST/usbx/common/core/src/ux_utility_memory_free_block_best_get.c ****         case UX_REGULAR_MEMORY            :
  87:./Middlewares/ST/usbx/common/core/src/ux_utility_memory_free_block_best_get.c **** 
  88:./Middlewares/ST/usbx/common/core/src/ux_utility_memory_free_block_best_get.c ****             /* Start at the beginning of the regular memory pool.  */
  89:./Middlewares/ST/usbx/common/core/src/ux_utility_memory_free_block_best_get.c ****             memory_block =  _ux_system -> ux_system_regular_memory_pool_start;
  48              		.loc 1 89 13 is_stmt 1 view .LVU6
  49              		.loc 1 89 40 is_stmt 0 view .LVU7
  50 000a 154B     		ldr	r3, .L24
  51 000c 1B68     		ldr	r3, [r3]
  52              		.loc 1 89 26 view .LVU8
  53 000e 1B68     		ldr	r3, [r3]
  54              	.LVL3:
  90:./Middlewares/ST/usbx/common/core/src/ux_utility_memory_free_block_best_get.c ****             break;
  55              		.loc 1 90 13 is_stmt 1 view .LVU9
  56              	.L5:
  91:./Middlewares/ST/usbx/common/core/src/ux_utility_memory_free_block_best_get.c ****             
  92:./Middlewares/ST/usbx/common/core/src/ux_utility_memory_free_block_best_get.c ****         case UX_CACHE_SAFE_MEMORY       :
  93:./Middlewares/ST/usbx/common/core/src/ux_utility_memory_free_block_best_get.c **** 
  94:./Middlewares/ST/usbx/common/core/src/ux_utility_memory_free_block_best_get.c ****             /* Start at the beginning of the cache safe memory pool.  */
  95:./Middlewares/ST/usbx/common/core/src/ux_utility_memory_free_block_best_get.c ****             memory_block =  _ux_system -> ux_system_cache_safe_memory_pool_start;
  96:./Middlewares/ST/usbx/common/core/src/ux_utility_memory_free_block_best_get.c ****             break;
  97:./Middlewares/ST/usbx/common/core/src/ux_utility_memory_free_block_best_get.c ****         
  98:./Middlewares/ST/usbx/common/core/src/ux_utility_memory_free_block_best_get.c ****         default                            :
  99:./Middlewares/ST/usbx/common/core/src/ux_utility_memory_free_block_best_get.c ****         
 100:./Middlewares/ST/usbx/common/core/src/ux_utility_memory_free_block_best_get.c ****             /* Wrong memory type.  */
 101:./Middlewares/ST/usbx/common/core/src/ux_utility_memory_free_block_best_get.c ****             return(UX_NULL);
 102:./Middlewares/ST/usbx/common/core/src/ux_utility_memory_free_block_best_get.c **** 
 103:./Middlewares/ST/usbx/common/core/src/ux_utility_memory_free_block_best_get.c ****     }
 104:./Middlewares/ST/usbx/common/core/src/ux_utility_memory_free_block_best_get.c **** 
 105:./Middlewares/ST/usbx/common/core/src/ux_utility_memory_free_block_best_get.c ****     /* Loop on all memory blocks from the beginning.  */
 106:./Middlewares/ST/usbx/common/core/src/ux_utility_memory_free_block_best_get.c ****     while (memory_block != UX_NULL)
 107:./Middlewares/ST/usbx/common/core/src/ux_utility_memory_free_block_best_get.c ****     {
 108:./Middlewares/ST/usbx/common/core/src/ux_utility_memory_free_block_best_get.c **** 
 109:./Middlewares/ST/usbx/common/core/src/ux_utility_memory_free_block_best_get.c ****         /* Check the memory block status.  */
 110:./Middlewares/ST/usbx/common/core/src/ux_utility_memory_free_block_best_get.c ****         if (memory_block -> ux_memory_block_status == UX_MEMORY_UNUSED)
 111:./Middlewares/ST/usbx/common/core/src/ux_utility_memory_free_block_best_get.c ****         {
 112:./Middlewares/ST/usbx/common/core/src/ux_utility_memory_free_block_best_get.c **** 
 113:./Middlewares/ST/usbx/common/core/src/ux_utility_memory_free_block_best_get.c ****             /* Check the size of this free block and see if it will 
 114:./Middlewares/ST/usbx/common/core/src/ux_utility_memory_free_block_best_get.c ****                fit the memory requirement.  */
 115:./Middlewares/ST/usbx/common/core/src/ux_utility_memory_free_block_best_get.c ****             if (memory_block -> ux_memory_block_size > memory_size_requested)
 116:./Middlewares/ST/usbx/common/core/src/ux_utility_memory_free_block_best_get.c ****             {
ARM GAS  C:\Users\Dennis\AppData\Local\Temp\ccMYmckd.s 			page 4


 117:./Middlewares/ST/usbx/common/core/src/ux_utility_memory_free_block_best_get.c ****                 
 118:./Middlewares/ST/usbx/common/core/src/ux_utility_memory_free_block_best_get.c ****                 /* This memory block will do. Now see if it is the best.
 119:./Middlewares/ST/usbx/common/core/src/ux_utility_memory_free_block_best_get.c ****                    The best memory block is the one whose memory is closest
 120:./Middlewares/ST/usbx/common/core/src/ux_utility_memory_free_block_best_get.c ****                    to the memory requested.  */
 121:./Middlewares/ST/usbx/common/core/src/ux_utility_memory_free_block_best_get.c ****                 if (best_memory_block == UX_NULL)
 122:./Middlewares/ST/usbx/common/core/src/ux_utility_memory_free_block_best_get.c **** 
 123:./Middlewares/ST/usbx/common/core/src/ux_utility_memory_free_block_best_get.c ****                     /* Initialize the best block with the first free one.  */
 124:./Middlewares/ST/usbx/common/core/src/ux_utility_memory_free_block_best_get.c ****                     best_memory_block =  memory_block;
  57              		.loc 1 124 39 is_stmt 0 discriminator 1 view .LVU10
  58 0010 0020     		movs	r0, #0
  59              	.LVL4:
  60              		.loc 1 124 39 discriminator 1 view .LVU11
  61 0012 18E0     		b	.L13
  62              	.LVL5:
  63              	.L3:
  95:./Middlewares/ST/usbx/common/core/src/ux_utility_memory_free_block_best_get.c ****             break;
  64              		.loc 1 95 13 is_stmt 1 view .LVU12
  95:./Middlewares/ST/usbx/common/core/src/ux_utility_memory_free_block_best_get.c ****             break;
  65              		.loc 1 95 40 is_stmt 0 view .LVU13
  66 0014 124B     		ldr	r3, .L24
  67 0016 1B68     		ldr	r3, [r3]
  95:./Middlewares/ST/usbx/common/core/src/ux_utility_memory_free_block_best_get.c ****             break;
  68              		.loc 1 95 26 view .LVU14
  69 0018 DB68     		ldr	r3, [r3, #12]
  70              	.LVL6:
  96:./Middlewares/ST/usbx/common/core/src/ux_utility_memory_free_block_best_get.c ****         
  71              		.loc 1 96 13 is_stmt 1 view .LVU15
  72 001a F9E7     		b	.L5
  73              	.LVL7:
  74              	.L9:
  75              	.LCFI0:
  76              		.cfi_def_cfa_offset 4
  77              		.cfi_offset 4, -4
  78              		.loc 1 124 39 is_stmt 0 view .LVU16
  79 001c 1846     		mov	r0, r3
  80              	.LVL8:
  81              	.L7:
 125:./Middlewares/ST/usbx/common/core/src/ux_utility_memory_free_block_best_get.c ****                 else
 126:./Middlewares/ST/usbx/common/core/src/ux_utility_memory_free_block_best_get.c ****                 {
 127:./Middlewares/ST/usbx/common/core/src/ux_utility_memory_free_block_best_get.c **** 
 128:./Middlewares/ST/usbx/common/core/src/ux_utility_memory_free_block_best_get.c ****                     if (memory_block -> ux_memory_block_size < best_memory_block -> ux_memory_block
 129:./Middlewares/ST/usbx/common/core/src/ux_utility_memory_free_block_best_get.c **** 
 130:./Middlewares/ST/usbx/common/core/src/ux_utility_memory_free_block_best_get.c ****                         /* We have discovered a better fit block.  */
 131:./Middlewares/ST/usbx/common/core/src/ux_utility_memory_free_block_best_get.c ****                         best_memory_block =  memory_block;
 132:./Middlewares/ST/usbx/common/core/src/ux_utility_memory_free_block_best_get.c ****                 }                    
 133:./Middlewares/ST/usbx/common/core/src/ux_utility_memory_free_block_best_get.c ****             }
 134:./Middlewares/ST/usbx/common/core/src/ux_utility_memory_free_block_best_get.c ****         }
 135:./Middlewares/ST/usbx/common/core/src/ux_utility_memory_free_block_best_get.c **** 
 136:./Middlewares/ST/usbx/common/core/src/ux_utility_memory_free_block_best_get.c ****         /* Search the next free block until the end.  */            
 137:./Middlewares/ST/usbx/common/core/src/ux_utility_memory_free_block_best_get.c ****         memory_block =  memory_block -> ux_memory_block_next;
  82              		.loc 1 137 9 is_stmt 1 view .LVU17
  83              		.loc 1 137 22 is_stmt 0 view .LVU18
  84 001e 9B68     		ldr	r3, [r3, #8]
  85              	.LVL9:
 106:./Middlewares/ST/usbx/common/core/src/ux_utility_memory_free_block_best_get.c ****     {
  86              		.loc 1 106 11 is_stmt 1 view .LVU19
  87 0020 63B1     		cbz	r3, .L21
ARM GAS  C:\Users\Dennis\AppData\Local\Temp\ccMYmckd.s 			page 5


 110:./Middlewares/ST/usbx/common/core/src/ux_utility_memory_free_block_best_get.c ****         {
  88              		.loc 1 110 9 view .LVU20
 110:./Middlewares/ST/usbx/common/core/src/ux_utility_memory_free_block_best_get.c ****         {
  89              		.loc 1 110 26 is_stmt 0 view .LVU21
  90 0022 5A68     		ldr	r2, [r3, #4]
 110:./Middlewares/ST/usbx/common/core/src/ux_utility_memory_free_block_best_get.c ****         {
  91              		.loc 1 110 12 view .LVU22
  92 0024 002A     		cmp	r2, #0
  93 0026 FAD1     		bne	.L7
 115:./Middlewares/ST/usbx/common/core/src/ux_utility_memory_free_block_best_get.c ****             {
  94              		.loc 1 115 13 is_stmt 1 view .LVU23
 115:./Middlewares/ST/usbx/common/core/src/ux_utility_memory_free_block_best_get.c ****             {
  95              		.loc 1 115 30 is_stmt 0 view .LVU24
  96 0028 1A68     		ldr	r2, [r3]
 115:./Middlewares/ST/usbx/common/core/src/ux_utility_memory_free_block_best_get.c ****             {
  97              		.loc 1 115 16 view .LVU25
  98 002a 8A42     		cmp	r2, r1
  99 002c F7D9     		bls	.L7
 121:./Middlewares/ST/usbx/common/core/src/ux_utility_memory_free_block_best_get.c **** 
 100              		.loc 1 121 17 is_stmt 1 view .LVU26
 121:./Middlewares/ST/usbx/common/core/src/ux_utility_memory_free_block_best_get.c **** 
 101              		.loc 1 121 20 is_stmt 0 view .LVU27
 102 002e 0028     		cmp	r0, #0
 103 0030 F4D0     		beq	.L9
 104              	.L18:
 128:./Middlewares/ST/usbx/common/core/src/ux_utility_memory_free_block_best_get.c **** 
 105              		.loc 1 128 21 is_stmt 1 view .LVU28
 128:./Middlewares/ST/usbx/common/core/src/ux_utility_memory_free_block_best_get.c **** 
 106              		.loc 1 128 24 is_stmt 0 view .LVU29
 107 0032 0468     		ldr	r4, [r0]
 108 0034 A242     		cmp	r2, r4
 109 0036 F2D2     		bcs	.L7
 131:./Middlewares/ST/usbx/common/core/src/ux_utility_memory_free_block_best_get.c ****                 }                    
 110              		.loc 1 131 43 view .LVU30
 111 0038 1846     		mov	r0, r3
 112              	.LVL10:
 131:./Middlewares/ST/usbx/common/core/src/ux_utility_memory_free_block_best_get.c ****                 }                    
 113              		.loc 1 131 43 view .LVU31
 114 003a F0E7     		b	.L7
 115              	.LVL11:
 116              	.L21:
 138:./Middlewares/ST/usbx/common/core/src/ux_utility_memory_free_block_best_get.c ****     }
 139:./Middlewares/ST/usbx/common/core/src/ux_utility_memory_free_block_best_get.c **** 
 140:./Middlewares/ST/usbx/common/core/src/ux_utility_memory_free_block_best_get.c ****     /* If no free memory block was found, the return value will be NULL.  */
 141:./Middlewares/ST/usbx/common/core/src/ux_utility_memory_free_block_best_get.c ****     return(best_memory_block);        
 142:./Middlewares/ST/usbx/common/core/src/ux_utility_memory_free_block_best_get.c **** }                                
 117              		.loc 1 142 1 view .LVU32
 118 003c 5DF8044B 		ldr	r4, [sp], #4
 119              	.LCFI1:
 120              		.cfi_restore 4
 121              		.cfi_def_cfa_offset 0
 122 0040 7047     		bx	lr
 123              	.L23:
 124:./Middlewares/ST/usbx/common/core/src/ux_utility_memory_free_block_best_get.c ****                 else
 124              		.loc 1 124 39 view .LVU33
 125 0042 1846     		mov	r0, r3
 126              	.LVL12:
ARM GAS  C:\Users\Dennis\AppData\Local\Temp\ccMYmckd.s 			page 6


 127              	.L15:
 137:./Middlewares/ST/usbx/common/core/src/ux_utility_memory_free_block_best_get.c ****     }
 128              		.loc 1 137 9 is_stmt 1 view .LVU34
 137:./Middlewares/ST/usbx/common/core/src/ux_utility_memory_free_block_best_get.c ****     }
 129              		.loc 1 137 22 is_stmt 0 view .LVU35
 130 0044 9B68     		ldr	r3, [r3, #8]
 131              	.LVL13:
 132              	.L13:
 106:./Middlewares/ST/usbx/common/core/src/ux_utility_memory_free_block_best_get.c ****     {
 133              		.loc 1 106 11 is_stmt 1 view .LVU36
 134 0046 4BB1     		cbz	r3, .L22
 110:./Middlewares/ST/usbx/common/core/src/ux_utility_memory_free_block_best_get.c ****         {
 135              		.loc 1 110 9 view .LVU37
 110:./Middlewares/ST/usbx/common/core/src/ux_utility_memory_free_block_best_get.c ****         {
 136              		.loc 1 110 26 is_stmt 0 view .LVU38
 137 0048 5A68     		ldr	r2, [r3, #4]
 110:./Middlewares/ST/usbx/common/core/src/ux_utility_memory_free_block_best_get.c ****         {
 138              		.loc 1 110 12 view .LVU39
 139 004a 002A     		cmp	r2, #0
 140 004c FAD1     		bne	.L15
 115:./Middlewares/ST/usbx/common/core/src/ux_utility_memory_free_block_best_get.c ****             {
 141              		.loc 1 115 13 is_stmt 1 view .LVU40
 115:./Middlewares/ST/usbx/common/core/src/ux_utility_memory_free_block_best_get.c ****             {
 142              		.loc 1 115 30 is_stmt 0 view .LVU41
 143 004e 1A68     		ldr	r2, [r3]
 115:./Middlewares/ST/usbx/common/core/src/ux_utility_memory_free_block_best_get.c ****             {
 144              		.loc 1 115 16 view .LVU42
 145 0050 8A42     		cmp	r2, r1
 146 0052 F7D9     		bls	.L15
 121:./Middlewares/ST/usbx/common/core/src/ux_utility_memory_free_block_best_get.c **** 
 147              		.loc 1 121 17 is_stmt 1 view .LVU43
 121:./Middlewares/ST/usbx/common/core/src/ux_utility_memory_free_block_best_get.c **** 
 148              		.loc 1 121 20 is_stmt 0 view .LVU44
 149 0054 0028     		cmp	r0, #0
 150 0056 F4D0     		beq	.L23
  73:./Middlewares/ST/usbx/common/core/src/ux_utility_memory_free_block_best_get.c **** 
 151              		.loc 1 73 1 view .LVU45
 152 0058 10B4     		push	{r4}
 153              	.LCFI2:
 154              		.cfi_def_cfa_offset 4
 155              		.cfi_offset 4, -4
 156 005a EAE7     		b	.L18
 157              	.L22:
 158              	.LCFI3:
 159              		.cfi_def_cfa_offset 0
 160              		.cfi_restore 4
  73:./Middlewares/ST/usbx/common/core/src/ux_utility_memory_free_block_best_get.c **** 
 161              		.loc 1 73 1 view .LVU46
 162 005c 7047     		bx	lr
 163              	.L25:
 164 005e 00BF     		.align	2
 165              	.L24:
 166 0060 00000000 		.word	_ux_system
 167              		.cfi_endproc
 168              	.LFE11:
 170              		.text
 171              	.Letext0:
ARM GAS  C:\Users\Dennis\AppData\Local\Temp\ccMYmckd.s 			page 7


 172              		.file 2 "./Middlewares/ST/threadx/ports/cortex_m4/gnu/inc/tx_port.h"
 173              		.file 3 "./Middlewares/ST/threadx/common/inc/tx_api.h"
 174              		.file 4 "./Middlewares/ST/usbx/common/core/inc/ux_api.h"
 175              		.file 5 "./Middlewares/ST/usbx/common/core/inc/ux_system.h"
ARM GAS  C:\Users\Dennis\AppData\Local\Temp\ccMYmckd.s 			page 8


DEFINED SYMBOLS
                            *ABS*:00000000 ux_utility_memory_free_block_best_get.c
C:\Users\Dennis\AppData\Local\Temp\ccMYmckd.s:20     .text._ux_utility_memory_free_block_best_get:00000000 $t
C:\Users\Dennis\AppData\Local\Temp\ccMYmckd.s:26     .text._ux_utility_memory_free_block_best_get:00000000 _ux_utility_memory_free_block_best_get
C:\Users\Dennis\AppData\Local\Temp\ccMYmckd.s:166    .text._ux_utility_memory_free_block_best_get:00000060 $d

UNDEFINED SYMBOLS
_ux_system
